[2023-06-14T03:35:49.776+0000] {taskinstance.py:1103} INFO - Dependencies all met for dep_context=non-requeueable deps ti=<TaskInstance: dag_avec_postgres.create_postgres_table manual__2023-06-14T03:33:45.902474+00:00 [queued]>
[2023-06-14T03:35:49.804+0000] {taskinstance.py:1103} INFO - Dependencies all met for dep_context=requeueable deps ti=<TaskInstance: dag_avec_postgres.create_postgres_table manual__2023-06-14T03:33:45.902474+00:00 [queued]>
[2023-06-14T03:35:49.805+0000] {taskinstance.py:1308} INFO - Starting attempt 2 of 6
[2023-06-14T03:35:49.849+0000] {taskinstance.py:1327} INFO - Executing <Task(PostgresOperator): create_postgres_table> on 2023-06-14 03:33:45.902474+00:00
[2023-06-14T03:35:49.861+0000] {standard_task_runner.py:57} INFO - Started process 535 to run task
[2023-06-14T03:35:49.874+0000] {standard_task_runner.py:84} INFO - Running: ['***', 'tasks', 'run', 'dag_avec_postgres', 'create_postgres_table', 'manual__2023-06-14T03:33:45.902474+00:00', '--job-id', '1930', '--raw', '--subdir', 'DAGS_FOLDER/dag_avec_postgres.py', '--cfg-path', '/tmp/tmplkdp8mzc']
[2023-06-14T03:35:49.878+0000] {standard_task_runner.py:85} INFO - Job 1930: Subtask create_postgres_table
[2023-06-14T03:35:50.000+0000] {task_command.py:410} INFO - Running <TaskInstance: dag_avec_postgres.create_postgres_table manual__2023-06-14T03:33:45.902474+00:00 [running]> on host 4a7ff00e5bd0
[2023-06-14T03:35:50.272+0000] {taskinstance.py:1547} INFO - Exporting env vars: AIRFLOW_CTX_DAG_OWNER='ismail' AIRFLOW_CTX_DAG_ID='dag_avec_postgres' AIRFLOW_CTX_TASK_ID='create_postgres_table' AIRFLOW_CTX_EXECUTION_DATE='2023-06-14T03:33:45.902474+00:00' AIRFLOW_CTX_TRY_NUMBER='2' AIRFLOW_CTX_DAG_RUN_ID='manual__2023-06-14T03:33:45.902474+00:00'
[2023-06-14T03:35:50.273+0000] {sql.py:262} INFO - Executing: 
            create table if not exists dag_runs (
                dt date,
                dag_id character varying,
                primary key (dt, dag_id)
            )
        
[2023-06-14T03:35:50.302+0000] {base.py:73} INFO - Using connection ID 'postgres_localhost' for task execution.
[2023-06-14T03:35:50.475+0000] {base.py:73} INFO - Using connection ID 'postgres_localhost' for task execution.
[2023-06-14T03:35:50.495+0000] {sql.py:375} INFO - Running statement: 
            create table if not exists dag_runs (
                dt date,
                dag_id character varying,
                primary key (dt, dag_id)
            )
        , parameters: None
[2023-06-14T03:35:50.549+0000] {taskinstance.py:1350} INFO - Marking task as SUCCESS. dag_id=dag_avec_postgres, task_id=create_postgres_table, execution_date=20230614T033345, start_date=20230614T033549, end_date=20230614T033550
[2023-06-14T03:35:50.632+0000] {local_task_job_runner.py:225} INFO - Task exited with return code 0
[2023-06-14T03:35:50.691+0000] {taskinstance.py:2651} INFO - 0 downstream tasks scheduled from follow-on schedule check
