[2023-06-14T03:39:35.127+0000] {taskinstance.py:1103} INFO - Dependencies all met for dep_context=non-requeueable deps ti=<TaskInstance: dag_avec_postgres.delete_data_from_table manual__2023-06-14T03:39:30.730270+00:00 [queued]>
[2023-06-14T03:39:35.155+0000] {taskinstance.py:1103} INFO - Dependencies all met for dep_context=requeueable deps ti=<TaskInstance: dag_avec_postgres.delete_data_from_table manual__2023-06-14T03:39:30.730270+00:00 [queued]>
[2023-06-14T03:39:35.156+0000] {taskinstance.py:1308} INFO - Starting attempt 1 of 6
[2023-06-14T03:39:35.202+0000] {taskinstance.py:1327} INFO - Executing <Task(PostgresOperator): delete_data_from_table> on 2023-06-14 03:39:30.730270+00:00
[2023-06-14T03:39:35.216+0000] {standard_task_runner.py:57} INFO - Started process 803 to run task
[2023-06-14T03:39:35.224+0000] {standard_task_runner.py:84} INFO - Running: ['***', 'tasks', 'run', 'dag_avec_postgres', 'delete_data_from_table', 'manual__2023-06-14T03:39:30.730270+00:00', '--job-id', '1935', '--raw', '--subdir', 'DAGS_FOLDER/dag_avec_postgres.py', '--cfg-path', '/tmp/tmpqwkyvm1j']
[2023-06-14T03:39:35.227+0000] {standard_task_runner.py:85} INFO - Job 1935: Subtask delete_data_from_table
[2023-06-14T03:39:35.384+0000] {task_command.py:410} INFO - Running <TaskInstance: dag_avec_postgres.delete_data_from_table manual__2023-06-14T03:39:30.730270+00:00 [running]> on host 4a7ff00e5bd0
[2023-06-14T03:39:35.669+0000] {taskinstance.py:1547} INFO - Exporting env vars: AIRFLOW_CTX_DAG_OWNER='ismail' AIRFLOW_CTX_DAG_ID='dag_avec_postgres' AIRFLOW_CTX_TASK_ID='delete_data_from_table' AIRFLOW_CTX_EXECUTION_DATE='2023-06-14T03:39:30.730270+00:00' AIRFLOW_CTX_TRY_NUMBER='1' AIRFLOW_CTX_DAG_RUN_ID='manual__2023-06-14T03:39:30.730270+00:00'
[2023-06-14T03:39:35.671+0000] {sql.py:262} INFO - Executing: 
            delete from dag_runs where dt = '2023-06-14' and dag_id = 'dag_avec_postgres';
        
[2023-06-14T03:39:35.705+0000] {base.py:73} INFO - Using connection ID 'postgres_localhost' for task execution.
[2023-06-14T03:39:35.847+0000] {base.py:73} INFO - Using connection ID 'postgres_localhost' for task execution.
[2023-06-14T03:39:35.866+0000] {sql.py:375} INFO - Running statement: 
            delete from dag_runs where dt = '2023-06-14' and dag_id = 'dag_avec_postgres';
        , parameters: None
[2023-06-14T03:39:35.869+0000] {sql.py:384} INFO - Rows affected: 0
[2023-06-14T03:39:35.901+0000] {taskinstance.py:1350} INFO - Marking task as SUCCESS. dag_id=dag_avec_postgres, task_id=delete_data_from_table, execution_date=20230614T033930, start_date=20230614T033935, end_date=20230614T033935
[2023-06-14T03:39:35.957+0000] {local_task_job_runner.py:225} INFO - Task exited with return code 0
[2023-06-14T03:39:36.020+0000] {taskinstance.py:2651} INFO - 1 downstream tasks scheduled from follow-on schedule check
