[2023-06-14T03:36:42.183+0000] {taskinstance.py:1103} INFO - Dependencies all met for dep_context=non-requeueable deps ti=<TaskInstance: dag_avec_postgres.create_postgres_table manual__2023-06-14T03:34:38.236612+00:00 [queued]>
[2023-06-14T03:36:42.209+0000] {taskinstance.py:1103} INFO - Dependencies all met for dep_context=requeueable deps ti=<TaskInstance: dag_avec_postgres.create_postgres_table manual__2023-06-14T03:34:38.236612+00:00 [queued]>
[2023-06-14T03:36:42.209+0000] {taskinstance.py:1308} INFO - Starting attempt 2 of 6
[2023-06-14T03:36:42.250+0000] {taskinstance.py:1327} INFO - Executing <Task(PostgresOperator): create_postgres_table> on 2023-06-14 03:34:38.236612+00:00
[2023-06-14T03:36:42.261+0000] {standard_task_runner.py:57} INFO - Started process 603 to run task
[2023-06-14T03:36:42.268+0000] {standard_task_runner.py:84} INFO - Running: ['***', 'tasks', 'run', 'dag_avec_postgres', 'create_postgres_table', 'manual__2023-06-14T03:34:38.236612+00:00', '--job-id', '1933', '--raw', '--subdir', 'DAGS_FOLDER/dag_avec_postgres.py', '--cfg-path', '/tmp/tmpagm4h_hx']
[2023-06-14T03:36:42.272+0000] {standard_task_runner.py:85} INFO - Job 1933: Subtask create_postgres_table
[2023-06-14T03:36:42.381+0000] {task_command.py:410} INFO - Running <TaskInstance: dag_avec_postgres.create_postgres_table manual__2023-06-14T03:34:38.236612+00:00 [running]> on host 4a7ff00e5bd0
[2023-06-14T03:36:42.624+0000] {taskinstance.py:1547} INFO - Exporting env vars: AIRFLOW_CTX_DAG_OWNER='ismail' AIRFLOW_CTX_DAG_ID='dag_avec_postgres' AIRFLOW_CTX_TASK_ID='create_postgres_table' AIRFLOW_CTX_EXECUTION_DATE='2023-06-14T03:34:38.236612+00:00' AIRFLOW_CTX_TRY_NUMBER='2' AIRFLOW_CTX_DAG_RUN_ID='manual__2023-06-14T03:34:38.236612+00:00'
[2023-06-14T03:36:42.626+0000] {sql.py:262} INFO - Executing: 
            create table if not exists dag_runs (
                dt date,
                dag_id character varying,
                primary key (dt, dag_id)
            )
        
[2023-06-14T03:36:42.676+0000] {base.py:73} INFO - Using connection ID 'postgres_localhost' for task execution.
[2023-06-14T03:36:42.832+0000] {base.py:73} INFO - Using connection ID 'postgres_localhost' for task execution.
[2023-06-14T03:36:42.842+0000] {sql.py:375} INFO - Running statement: 
            create table if not exists dag_runs (
                dt date,
                dag_id character varying,
                primary key (dt, dag_id)
            )
        , parameters: None
[2023-06-14T03:36:42.869+0000] {taskinstance.py:1350} INFO - Marking task as SUCCESS. dag_id=dag_avec_postgres, task_id=create_postgres_table, execution_date=20230614T033438, start_date=20230614T033642, end_date=20230614T033642
[2023-06-14T03:36:42.950+0000] {local_task_job_runner.py:225} INFO - Task exited with return code 0
[2023-06-14T03:36:42.985+0000] {taskinstance.py:2651} INFO - 0 downstream tasks scheduled from follow-on schedule check
