[2023-06-14T02:25:32.822+0000] {taskinstance.py:1103} INFO - Dependencies all met for dep_context=non-requeueable deps ti=<TaskInstance: dag_avec_scheduler.premiere_tache scheduled__2023-06-04T00:00:00+00:00 [queued]>
[2023-06-14T02:25:32.848+0000] {taskinstance.py:1103} INFO - Dependencies all met for dep_context=requeueable deps ti=<TaskInstance: dag_avec_scheduler.premiere_tache scheduled__2023-06-04T00:00:00+00:00 [queued]>
[2023-06-14T02:25:32.848+0000] {taskinstance.py:1308} INFO - Starting attempt 1 of 6
[2023-06-14T02:25:32.892+0000] {taskinstance.py:1327} INFO - Executing <Task(BashOperator): premiere_tache> on 2023-06-04 00:00:00+00:00
[2023-06-14T02:25:32.902+0000] {standard_task_runner.py:57} INFO - Started process 12020 to run task
[2023-06-14T02:25:32.907+0000] {standard_task_runner.py:84} INFO - Running: ['***', 'tasks', 'run', 'dag_avec_scheduler', 'premiere_tache', 'scheduled__2023-06-04T00:00:00+00:00', '--job-id', '1826', '--raw', '--subdir', 'DAGS_FOLDER/dag_avec_scheduler.py', '--cfg-path', '/tmp/tmpklhgm5k2']
[2023-06-14T02:25:32.909+0000] {standard_task_runner.py:85} INFO - Job 1826: Subtask premiere_tache
[2023-06-14T02:25:33.038+0000] {task_command.py:410} INFO - Running <TaskInstance: dag_avec_scheduler.premiere_tache scheduled__2023-06-04T00:00:00+00:00 [running]> on host 857e1d87a73f
[2023-06-14T02:25:33.283+0000] {taskinstance.py:1547} INFO - Exporting env vars: AIRFLOW_CTX_DAG_OWNER='ismail' AIRFLOW_CTX_DAG_ID='dag_avec_scheduler' AIRFLOW_CTX_TASK_ID='premiere_tache' AIRFLOW_CTX_EXECUTION_DATE='2023-06-04T00:00:00+00:00' AIRFLOW_CTX_TRY_NUMBER='1' AIRFLOW_CTX_DAG_RUN_ID='scheduled__2023-06-04T00:00:00+00:00'
[2023-06-14T02:25:33.285+0000] {subprocess.py:63} INFO - Tmp dir root location: 
 /tmp
[2023-06-14T02:25:33.286+0000] {subprocess.py:75} INFO - Running command: ['/bin/bash', '-c', 'echo je suis task!']
[2023-06-14T02:25:33.307+0000] {subprocess.py:86} INFO - Output:
[2023-06-14T02:25:33.311+0000] {subprocess.py:93} INFO - je suis task!
[2023-06-14T02:25:33.312+0000] {subprocess.py:97} INFO - Command exited with return code 0
[2023-06-14T02:25:33.395+0000] {taskinstance.py:1350} INFO - Marking task as SUCCESS. dag_id=dag_avec_scheduler, task_id=premiere_tache, execution_date=20230604T000000, start_date=20230614T022532, end_date=20230614T022533
[2023-06-14T02:25:33.463+0000] {local_task_job_runner.py:225} INFO - Task exited with return code 0
[2023-06-14T02:25:33.509+0000] {taskinstance.py:2651} INFO - 0 downstream tasks scheduled from follow-on schedule check
[2023-06-14T02:31:29.669+0000] {taskinstance.py:1103} INFO - Dependencies all met for dep_context=non-requeueable deps ti=<TaskInstance: dag_avec_scheduler.premiere_tache scheduled__2023-06-04T00:00:00+00:00 [queued]>
[2023-06-14T02:31:29.710+0000] {taskinstance.py:1103} INFO - Dependencies all met for dep_context=requeueable deps ti=<TaskInstance: dag_avec_scheduler.premiere_tache scheduled__2023-06-04T00:00:00+00:00 [queued]>
[2023-06-14T02:31:29.710+0000] {taskinstance.py:1308} INFO - Starting attempt 1 of 6
[2023-06-14T02:31:29.758+0000] {taskinstance.py:1327} INFO - Executing <Task(BashOperator): premiere_tache> on 2023-06-04 00:00:00+00:00
[2023-06-14T02:31:29.772+0000] {standard_task_runner.py:57} INFO - Started process 12429 to run task
[2023-06-14T02:31:29.780+0000] {standard_task_runner.py:84} INFO - Running: ['***', 'tasks', 'run', 'dag_avec_scheduler', 'premiere_tache', 'scheduled__2023-06-04T00:00:00+00:00', '--job-id', '1838', '--raw', '--subdir', 'DAGS_FOLDER/dag_avec_scheduler.py', '--cfg-path', '/tmp/tmpt1o72hi9']
[2023-06-14T02:31:29.785+0000] {standard_task_runner.py:85} INFO - Job 1838: Subtask premiere_tache
[2023-06-14T02:31:30.033+0000] {task_command.py:410} INFO - Running <TaskInstance: dag_avec_scheduler.premiere_tache scheduled__2023-06-04T00:00:00+00:00 [running]> on host 857e1d87a73f
[2023-06-14T02:31:30.531+0000] {taskinstance.py:1547} INFO - Exporting env vars: AIRFLOW_CTX_DAG_OWNER='ismail' AIRFLOW_CTX_DAG_ID='dag_avec_scheduler' AIRFLOW_CTX_TASK_ID='premiere_tache' AIRFLOW_CTX_EXECUTION_DATE='2023-06-04T00:00:00+00:00' AIRFLOW_CTX_TRY_NUMBER='1' AIRFLOW_CTX_DAG_RUN_ID='scheduled__2023-06-04T00:00:00+00:00'
[2023-06-14T02:31:30.536+0000] {subprocess.py:63} INFO - Tmp dir root location: 
 /tmp
[2023-06-14T02:31:30.537+0000] {subprocess.py:75} INFO - Running command: ['/bin/bash', '-c', 'echo je suis task!']
[2023-06-14T02:31:30.580+0000] {subprocess.py:86} INFO - Output:
[2023-06-14T02:31:30.589+0000] {subprocess.py:93} INFO - je suis task!
[2023-06-14T02:31:30.589+0000] {subprocess.py:97} INFO - Command exited with return code 0
[2023-06-14T02:31:30.678+0000] {taskinstance.py:1350} INFO - Marking task as SUCCESS. dag_id=dag_avec_scheduler, task_id=premiere_tache, execution_date=20230604T000000, start_date=20230614T023129, end_date=20230614T023130
[2023-06-14T02:31:30.752+0000] {local_task_job_runner.py:225} INFO - Task exited with return code 0
[2023-06-14T02:31:30.814+0000] {taskinstance.py:2651} INFO - 0 downstream tasks scheduled from follow-on schedule check
