[2023-06-14T03:26:22.082+0000] {taskinstance.py:1103} INFO - Dependencies all met for dep_context=non-requeueable deps ti=<TaskInstance: dag_avec_postgres.create_postgres_table manual__2023-06-14T03:18:09.533296+00:00 [queued]>
[2023-06-14T03:26:22.102+0000] {taskinstance.py:1103} INFO - Dependencies all met for dep_context=requeueable deps ti=<TaskInstance: dag_avec_postgres.create_postgres_table manual__2023-06-14T03:18:09.533296+00:00 [queued]>
[2023-06-14T03:26:22.102+0000] {taskinstance.py:1308} INFO - Starting attempt 4 of 6
[2023-06-14T03:26:22.133+0000] {taskinstance.py:1327} INFO - Executing <Task(PostgresOperator): create_postgres_table> on 2023-06-14 03:18:09.533296+00:00
[2023-06-14T03:26:22.144+0000] {standard_task_runner.py:57} INFO - Started process 369 to run task
[2023-06-14T03:26:22.151+0000] {standard_task_runner.py:84} INFO - Running: ['***', 'tasks', 'run', 'dag_avec_postgres', 'create_postgres_table', 'manual__2023-06-14T03:18:09.533296+00:00', '--job-id', '1912', '--raw', '--subdir', 'DAGS_FOLDER/dag_avec_postgres.py', '--cfg-path', '/tmp/tmp14oya43y']
[2023-06-14T03:26:22.158+0000] {standard_task_runner.py:85} INFO - Job 1912: Subtask create_postgres_table
[2023-06-14T03:26:22.258+0000] {task_command.py:410} INFO - Running <TaskInstance: dag_avec_postgres.create_postgres_table manual__2023-06-14T03:18:09.533296+00:00 [running]> on host 91aeca6ae2d5
[2023-06-14T03:26:22.475+0000] {taskinstance.py:1547} INFO - Exporting env vars: AIRFLOW_CTX_DAG_OWNER='ismail' AIRFLOW_CTX_DAG_ID='dag_avec_postgres' AIRFLOW_CTX_TASK_ID='create_postgres_table' AIRFLOW_CTX_EXECUTION_DATE='2023-06-14T03:18:09.533296+00:00' AIRFLOW_CTX_TRY_NUMBER='4' AIRFLOW_CTX_DAG_RUN_ID='manual__2023-06-14T03:18:09.533296+00:00'
[2023-06-14T03:26:22.476+0000] {sql.py:262} INFO - Executing: 
            create table if not exist dag_runs (
                dt date,
                dag_id character varying,
                primary key (dt, dag_id)
            )
        
[2023-06-14T03:26:22.496+0000] {base.py:73} INFO - Using connection ID 'postgres_localhost' for task execution.
[2023-06-14T03:26:22.690+0000] {base.py:73} INFO - Using connection ID 'postgres_localhost' for task execution.
[2023-06-14T03:26:35.633+0000] {local_task_job_runner.py:115} ERROR - Received SIGTERM. Terminating subprocesses
[2023-06-14T03:26:35.636+0000] {process_utils.py:135} INFO - Sending Signals.SIGTERM to group 369. PIDs of all processes in the group: [369]
[2023-06-14T03:26:35.636+0000] {process_utils.py:86} INFO - Sending the signal Signals.SIGTERM to group 369
