[2023-06-14T03:26:21.965+0000] {taskinstance.py:1103} INFO - Dependencies all met for dep_context=non-requeueable deps ti=<TaskInstance: dag_avec_postgres.create_postgres_table manual__2023-06-14T03:16:21.300512+00:00 [queued]>
[2023-06-14T03:26:21.985+0000] {taskinstance.py:1103} INFO - Dependencies all met for dep_context=requeueable deps ti=<TaskInstance: dag_avec_postgres.create_postgres_table manual__2023-06-14T03:16:21.300512+00:00 [queued]>
[2023-06-14T03:26:21.986+0000] {taskinstance.py:1308} INFO - Starting attempt 5 of 6
[2023-06-14T03:26:22.035+0000] {taskinstance.py:1327} INFO - Executing <Task(PostgresOperator): create_postgres_table> on 2023-06-14 03:16:21.300512+00:00
[2023-06-14T03:26:22.043+0000] {standard_task_runner.py:57} INFO - Started process 366 to run task
[2023-06-14T03:26:22.060+0000] {standard_task_runner.py:84} INFO - Running: ['***', 'tasks', 'run', 'dag_avec_postgres', 'create_postgres_table', 'manual__2023-06-14T03:16:21.300512+00:00', '--job-id', '1909', '--raw', '--subdir', 'DAGS_FOLDER/dag_avec_postgres.py', '--cfg-path', '/tmp/tmpd2hjbgia']
[2023-06-14T03:26:22.066+0000] {standard_task_runner.py:85} INFO - Job 1909: Subtask create_postgres_table
[2023-06-14T03:26:22.181+0000] {task_command.py:410} INFO - Running <TaskInstance: dag_avec_postgres.create_postgres_table manual__2023-06-14T03:16:21.300512+00:00 [running]> on host 91aeca6ae2d5
[2023-06-14T03:26:22.421+0000] {taskinstance.py:1547} INFO - Exporting env vars: AIRFLOW_CTX_DAG_OWNER='ismail' AIRFLOW_CTX_DAG_ID='dag_avec_postgres' AIRFLOW_CTX_TASK_ID='create_postgres_table' AIRFLOW_CTX_EXECUTION_DATE='2023-06-14T03:16:21.300512+00:00' AIRFLOW_CTX_TRY_NUMBER='5' AIRFLOW_CTX_DAG_RUN_ID='manual__2023-06-14T03:16:21.300512+00:00'
[2023-06-14T03:26:22.423+0000] {sql.py:262} INFO - Executing: 
            create table if not exist dag_runs (
                dt date,
                dag_id character varying,
                primary key (dt, dag_id)
            )
        
[2023-06-14T03:26:22.455+0000] {base.py:73} INFO - Using connection ID 'postgres_localhost' for task execution.
[2023-06-14T03:26:22.622+0000] {base.py:73} INFO - Using connection ID 'postgres_localhost' for task execution.
[2023-06-14T03:26:35.624+0000] {local_task_job_runner.py:115} ERROR - Received SIGTERM. Terminating subprocesses
[2023-06-14T03:26:35.640+0000] {process_utils.py:135} INFO - Sending Signals.SIGTERM to group 366. PIDs of all processes in the group: [366]
[2023-06-14T03:26:35.641+0000] {process_utils.py:86} INFO - Sending the signal Signals.SIGTERM to group 366
