[2023-06-13T23:44:59.924+0000] {processor.py:157} INFO - Started process (PID=380) to work on /opt/airflow/dags/notre_premier_dag.py
[2023-06-13T23:44:59.925+0000] {processor.py:826} INFO - Processing file /opt/airflow/dags/notre_premier_dag.py for tasks to queue
[2023-06-13T23:44:59.929+0000] {logging_mixin.py:149} INFO - [2023-06-13T23:44:59.928+0000] {dagbag.py:541} INFO - Filling up the DagBag from /opt/airflow/dags/notre_premier_dag.py
[2023-06-13T23:44:59.939+0000] {logging_mixin.py:149} INFO - [2023-06-13T23:44:59.934+0000] {dagbag.py:350} ERROR - Failed to import: /opt/airflow/dags/notre_premier_dag.py
Traceback (most recent call last):
  File "/home/airflow/.local/lib/python3.7/site-packages/airflow/models/dagbag.py", line 346, in parse
    loader.exec_module(new_module)
  File "<frozen importlib._bootstrap_external>", line 724, in exec_module
  File "<frozen importlib._bootstrap_external>", line 860, in get_code
  File "<frozen importlib._bootstrap_external>", line 791, in source_to_code
  File "<frozen importlib._bootstrap>", line 219, in _call_with_frames_removed
  File "/opt/airflow/dags/notre_premier_dag.py", line 14
    start_date=datetime(2020, 7, 29, 2),
             ^
SyntaxError: invalid syntax
[2023-06-13T23:44:59.940+0000] {processor.py:838} WARNING - No viable dags retrieved from /opt/airflow/dags/notre_premier_dag.py
[2023-06-13T23:44:59.988+0000] {processor.py:179} INFO - Processing /opt/airflow/dags/notre_premier_dag.py took 0.071 seconds
[2023-06-13T23:45:30.162+0000] {processor.py:157} INFO - Started process (PID=392) to work on /opt/airflow/dags/notre_premier_dag.py
[2023-06-13T23:45:30.168+0000] {processor.py:826} INFO - Processing file /opt/airflow/dags/notre_premier_dag.py for tasks to queue
[2023-06-13T23:45:30.169+0000] {logging_mixin.py:149} INFO - [2023-06-13T23:45:30.169+0000] {dagbag.py:541} INFO - Filling up the DagBag from /opt/airflow/dags/notre_premier_dag.py
[2023-06-13T23:45:30.174+0000] {logging_mixin.py:149} INFO - [2023-06-13T23:45:30.172+0000] {dagbag.py:350} ERROR - Failed to import: /opt/airflow/dags/notre_premier_dag.py
Traceback (most recent call last):
  File "/home/airflow/.local/lib/python3.7/site-packages/airflow/models/dagbag.py", line 346, in parse
    loader.exec_module(new_module)
  File "<frozen importlib._bootstrap_external>", line 724, in exec_module
  File "<frozen importlib._bootstrap_external>", line 860, in get_code
  File "<frozen importlib._bootstrap_external>", line 791, in source_to_code
  File "<frozen importlib._bootstrap>", line 219, in _call_with_frames_removed
  File "/opt/airflow/dags/notre_premier_dag.py", line 14
    start_date=datetime(2020, 7, 29, 2),
             ^
SyntaxError: invalid syntax
[2023-06-13T23:45:30.174+0000] {processor.py:838} WARNING - No viable dags retrieved from /opt/airflow/dags/notre_premier_dag.py
[2023-06-13T23:45:30.216+0000] {processor.py:179} INFO - Processing /opt/airflow/dags/notre_premier_dag.py took 0.059 seconds
[2023-06-13T23:46:00.413+0000] {processor.py:157} INFO - Started process (PID=404) to work on /opt/airflow/dags/notre_premier_dag.py
[2023-06-13T23:46:00.417+0000] {processor.py:826} INFO - Processing file /opt/airflow/dags/notre_premier_dag.py for tasks to queue
[2023-06-13T23:46:00.418+0000] {logging_mixin.py:149} INFO - [2023-06-13T23:46:00.418+0000] {dagbag.py:541} INFO - Filling up the DagBag from /opt/airflow/dags/notre_premier_dag.py
[2023-06-13T23:46:00.423+0000] {logging_mixin.py:149} INFO - [2023-06-13T23:46:00.422+0000] {dagbag.py:350} ERROR - Failed to import: /opt/airflow/dags/notre_premier_dag.py
Traceback (most recent call last):
  File "/home/airflow/.local/lib/python3.7/site-packages/airflow/models/dagbag.py", line 346, in parse
    loader.exec_module(new_module)
  File "<frozen importlib._bootstrap_external>", line 724, in exec_module
  File "<frozen importlib._bootstrap_external>", line 860, in get_code
  File "<frozen importlib._bootstrap_external>", line 791, in source_to_code
  File "<frozen importlib._bootstrap>", line 219, in _call_with_frames_removed
  File "/opt/airflow/dags/notre_premier_dag.py", line 14
    start_date=datetime(2020, 7, 29, 2),
             ^
SyntaxError: invalid syntax
[2023-06-13T23:46:00.424+0000] {processor.py:838} WARNING - No viable dags retrieved from /opt/airflow/dags/notre_premier_dag.py
[2023-06-13T23:46:00.464+0000] {processor.py:179} INFO - Processing /opt/airflow/dags/notre_premier_dag.py took 0.056 seconds
[2023-06-13T23:46:05.534+0000] {processor.py:157} INFO - Started process (PID=409) to work on /opt/airflow/dags/notre_premier_dag.py
[2023-06-13T23:46:05.536+0000] {processor.py:826} INFO - Processing file /opt/airflow/dags/notre_premier_dag.py for tasks to queue
[2023-06-13T23:46:05.537+0000] {logging_mixin.py:149} INFO - [2023-06-13T23:46:05.537+0000] {dagbag.py:541} INFO - Filling up the DagBag from /opt/airflow/dags/notre_premier_dag.py
[2023-06-13T23:46:05.540+0000] {logging_mixin.py:149} INFO - [2023-06-13T23:46:05.539+0000] {dagbag.py:350} ERROR - Failed to import: /opt/airflow/dags/notre_premier_dag.py
Traceback (most recent call last):
  File "/home/airflow/.local/lib/python3.7/site-packages/airflow/models/dagbag.py", line 346, in parse
    loader.exec_module(new_module)
  File "<frozen importlib._bootstrap_external>", line 724, in exec_module
  File "<frozen importlib._bootstrap_external>", line 860, in get_code
  File "<frozen importlib._bootstrap_external>", line 791, in source_to_code
  File "<frozen importlib._bootstrap>", line 219, in _call_with_frames_removed
  File "/opt/airflow/dags/notre_premier_dag.py", line 15
    start_date=datetime(2020, 7, 29, 2),
             ^
SyntaxError: invalid syntax
[2023-06-13T23:46:05.541+0000] {processor.py:838} WARNING - No viable dags retrieved from /opt/airflow/dags/notre_premier_dag.py
[2023-06-13T23:46:05.594+0000] {processor.py:179} INFO - Processing /opt/airflow/dags/notre_premier_dag.py took 0.064 seconds
[2023-06-13T23:46:35.819+0000] {processor.py:157} INFO - Started process (PID=421) to work on /opt/airflow/dags/notre_premier_dag.py
[2023-06-13T23:46:35.822+0000] {processor.py:826} INFO - Processing file /opt/airflow/dags/notre_premier_dag.py for tasks to queue
[2023-06-13T23:46:35.823+0000] {logging_mixin.py:149} INFO - [2023-06-13T23:46:35.823+0000] {dagbag.py:541} INFO - Filling up the DagBag from /opt/airflow/dags/notre_premier_dag.py
[2023-06-13T23:46:35.835+0000] {logging_mixin.py:149} INFO - [2023-06-13T23:46:35.831+0000] {dagbag.py:350} ERROR - Failed to import: /opt/airflow/dags/notre_premier_dag.py
Traceback (most recent call last):
  File "/home/airflow/.local/lib/python3.7/site-packages/airflow/models/dagbag.py", line 346, in parse
    loader.exec_module(new_module)
  File "<frozen importlib._bootstrap_external>", line 724, in exec_module
  File "<frozen importlib._bootstrap_external>", line 860, in get_code
  File "<frozen importlib._bootstrap_external>", line 791, in source_to_code
  File "<frozen importlib._bootstrap>", line 219, in _call_with_frames_removed
  File "/opt/airflow/dags/notre_premier_dag.py", line 15
    start_date=datetime(2020, 7, 29, 2),
             ^
SyntaxError: invalid syntax
[2023-06-13T23:46:35.836+0000] {processor.py:838} WARNING - No viable dags retrieved from /opt/airflow/dags/notre_premier_dag.py
[2023-06-13T23:46:35.894+0000] {processor.py:179} INFO - Processing /opt/airflow/dags/notre_premier_dag.py took 0.082 seconds
[2023-06-13T23:47:06.134+0000] {processor.py:157} INFO - Started process (PID=433) to work on /opt/airflow/dags/notre_premier_dag.py
[2023-06-13T23:47:06.137+0000] {processor.py:826} INFO - Processing file /opt/airflow/dags/notre_premier_dag.py for tasks to queue
[2023-06-13T23:47:06.138+0000] {logging_mixin.py:149} INFO - [2023-06-13T23:47:06.138+0000] {dagbag.py:541} INFO - Filling up the DagBag from /opt/airflow/dags/notre_premier_dag.py
[2023-06-13T23:47:06.142+0000] {logging_mixin.py:149} INFO - [2023-06-13T23:47:06.140+0000] {dagbag.py:350} ERROR - Failed to import: /opt/airflow/dags/notre_premier_dag.py
Traceback (most recent call last):
  File "/home/airflow/.local/lib/python3.7/site-packages/airflow/models/dagbag.py", line 346, in parse
    loader.exec_module(new_module)
  File "<frozen importlib._bootstrap_external>", line 724, in exec_module
  File "<frozen importlib._bootstrap_external>", line 860, in get_code
  File "<frozen importlib._bootstrap_external>", line 791, in source_to_code
  File "<frozen importlib._bootstrap>", line 219, in _call_with_frames_removed
  File "/opt/airflow/dags/notre_premier_dag.py", line 15
    start_date=datetime(2020, 7, 29, 2),
             ^
SyntaxError: invalid syntax
[2023-06-13T23:47:06.143+0000] {processor.py:838} WARNING - No viable dags retrieved from /opt/airflow/dags/notre_premier_dag.py
[2023-06-13T23:47:06.192+0000] {processor.py:179} INFO - Processing /opt/airflow/dags/notre_premier_dag.py took 0.064 seconds
[2023-06-13T23:47:36.459+0000] {processor.py:157} INFO - Started process (PID=445) to work on /opt/airflow/dags/notre_premier_dag.py
[2023-06-13T23:47:36.461+0000] {processor.py:826} INFO - Processing file /opt/airflow/dags/notre_premier_dag.py for tasks to queue
[2023-06-13T23:47:36.462+0000] {logging_mixin.py:149} INFO - [2023-06-13T23:47:36.462+0000] {dagbag.py:541} INFO - Filling up the DagBag from /opt/airflow/dags/notre_premier_dag.py
[2023-06-13T23:47:36.468+0000] {logging_mixin.py:149} INFO - [2023-06-13T23:47:36.465+0000] {dagbag.py:350} ERROR - Failed to import: /opt/airflow/dags/notre_premier_dag.py
Traceback (most recent call last):
  File "/home/airflow/.local/lib/python3.7/site-packages/airflow/models/dagbag.py", line 346, in parse
    loader.exec_module(new_module)
  File "<frozen importlib._bootstrap_external>", line 724, in exec_module
  File "<frozen importlib._bootstrap_external>", line 860, in get_code
  File "<frozen importlib._bootstrap_external>", line 791, in source_to_code
  File "<frozen importlib._bootstrap>", line 219, in _call_with_frames_removed
  File "/opt/airflow/dags/notre_premier_dag.py", line 15
    start_date=datetime(2020, 7, 29, 2),
             ^
SyntaxError: invalid syntax
[2023-06-13T23:47:36.468+0000] {processor.py:838} WARNING - No viable dags retrieved from /opt/airflow/dags/notre_premier_dag.py
[2023-06-13T23:47:36.517+0000] {processor.py:179} INFO - Processing /opt/airflow/dags/notre_premier_dag.py took 0.063 seconds
[2023-06-13T23:48:06.730+0000] {processor.py:157} INFO - Started process (PID=457) to work on /opt/airflow/dags/notre_premier_dag.py
[2023-06-13T23:48:06.732+0000] {processor.py:826} INFO - Processing file /opt/airflow/dags/notre_premier_dag.py for tasks to queue
[2023-06-13T23:48:06.734+0000] {logging_mixin.py:149} INFO - [2023-06-13T23:48:06.733+0000] {dagbag.py:541} INFO - Filling up the DagBag from /opt/airflow/dags/notre_premier_dag.py
[2023-06-13T23:48:06.738+0000] {logging_mixin.py:149} INFO - [2023-06-13T23:48:06.737+0000] {dagbag.py:350} ERROR - Failed to import: /opt/airflow/dags/notre_premier_dag.py
Traceback (most recent call last):
  File "/home/airflow/.local/lib/python3.7/site-packages/airflow/models/dagbag.py", line 346, in parse
    loader.exec_module(new_module)
  File "<frozen importlib._bootstrap_external>", line 724, in exec_module
  File "<frozen importlib._bootstrap_external>", line 860, in get_code
  File "<frozen importlib._bootstrap_external>", line 791, in source_to_code
  File "<frozen importlib._bootstrap>", line 219, in _call_with_frames_removed
  File "/opt/airflow/dags/notre_premier_dag.py", line 15
    start_date=datetime(2020, 7, 29, 2),
             ^
SyntaxError: invalid syntax
[2023-06-13T23:48:06.739+0000] {processor.py:838} WARNING - No viable dags retrieved from /opt/airflow/dags/notre_premier_dag.py
[2023-06-13T23:48:06.785+0000] {processor.py:179} INFO - Processing /opt/airflow/dags/notre_premier_dag.py took 0.060 seconds
[2023-06-13T23:48:36.978+0000] {processor.py:157} INFO - Started process (PID=469) to work on /opt/airflow/dags/notre_premier_dag.py
[2023-06-13T23:48:36.981+0000] {processor.py:826} INFO - Processing file /opt/airflow/dags/notre_premier_dag.py for tasks to queue
[2023-06-13T23:48:36.982+0000] {logging_mixin.py:149} INFO - [2023-06-13T23:48:36.982+0000] {dagbag.py:541} INFO - Filling up the DagBag from /opt/airflow/dags/notre_premier_dag.py
[2023-06-13T23:48:36.985+0000] {logging_mixin.py:149} INFO - [2023-06-13T23:48:36.984+0000] {dagbag.py:350} ERROR - Failed to import: /opt/airflow/dags/notre_premier_dag.py
Traceback (most recent call last):
  File "/home/airflow/.local/lib/python3.7/site-packages/airflow/models/dagbag.py", line 346, in parse
    loader.exec_module(new_module)
  File "<frozen importlib._bootstrap_external>", line 724, in exec_module
  File "<frozen importlib._bootstrap_external>", line 860, in get_code
  File "<frozen importlib._bootstrap_external>", line 791, in source_to_code
  File "<frozen importlib._bootstrap>", line 219, in _call_with_frames_removed
  File "/opt/airflow/dags/notre_premier_dag.py", line 15
    start_date=datetime(2020, 7, 29, 2),
             ^
SyntaxError: invalid syntax
[2023-06-13T23:48:36.986+0000] {processor.py:838} WARNING - No viable dags retrieved from /opt/airflow/dags/notre_premier_dag.py
[2023-06-13T23:48:37.021+0000] {processor.py:179} INFO - Processing /opt/airflow/dags/notre_premier_dag.py took 0.049 seconds
[2023-06-13T23:49:07.218+0000] {processor.py:157} INFO - Started process (PID=482) to work on /opt/airflow/dags/notre_premier_dag.py
[2023-06-13T23:49:07.220+0000] {processor.py:826} INFO - Processing file /opt/airflow/dags/notre_premier_dag.py for tasks to queue
[2023-06-13T23:49:07.221+0000] {logging_mixin.py:149} INFO - [2023-06-13T23:49:07.221+0000] {dagbag.py:541} INFO - Filling up the DagBag from /opt/airflow/dags/notre_premier_dag.py
[2023-06-13T23:49:07.225+0000] {logging_mixin.py:149} INFO - [2023-06-13T23:49:07.223+0000] {dagbag.py:350} ERROR - Failed to import: /opt/airflow/dags/notre_premier_dag.py
Traceback (most recent call last):
  File "/home/airflow/.local/lib/python3.7/site-packages/airflow/models/dagbag.py", line 346, in parse
    loader.exec_module(new_module)
  File "<frozen importlib._bootstrap_external>", line 724, in exec_module
  File "<frozen importlib._bootstrap_external>", line 860, in get_code
  File "<frozen importlib._bootstrap_external>", line 791, in source_to_code
  File "<frozen importlib._bootstrap>", line 219, in _call_with_frames_removed
  File "/opt/airflow/dags/notre_premier_dag.py", line 15
    start_date=datetime(2020, 7, 29, 2),
             ^
SyntaxError: invalid syntax
[2023-06-13T23:49:07.225+0000] {processor.py:838} WARNING - No viable dags retrieved from /opt/airflow/dags/notre_premier_dag.py
[2023-06-13T23:49:07.260+0000] {processor.py:179} INFO - Processing /opt/airflow/dags/notre_premier_dag.py took 0.045 seconds
[2023-06-13T23:49:22.399+0000] {processor.py:157} INFO - Started process (PID=494) to work on /opt/airflow/dags/notre_premier_dag.py
[2023-06-13T23:49:22.405+0000] {processor.py:826} INFO - Processing file /opt/airflow/dags/notre_premier_dag.py for tasks to queue
[2023-06-13T23:49:22.407+0000] {logging_mixin.py:149} INFO - [2023-06-13T23:49:22.406+0000] {dagbag.py:541} INFO - Filling up the DagBag from /opt/airflow/dags/notre_premier_dag.py
[2023-06-13T23:49:22.412+0000] {logging_mixin.py:149} INFO - [2023-06-13T23:49:22.410+0000] {dagbag.py:350} ERROR - Failed to import: /opt/airflow/dags/notre_premier_dag.py
Traceback (most recent call last):
  File "/home/airflow/.local/lib/python3.7/site-packages/airflow/models/dagbag.py", line 346, in parse
    loader.exec_module(new_module)
  File "<frozen importlib._bootstrap_external>", line 728, in exec_module
  File "<frozen importlib._bootstrap>", line 219, in _call_with_frames_removed
  File "/opt/airflow/dags/notre_premier_dag.py", line 16, in <module>
    scheduler_interval="@daily"
TypeError: __init__() got an unexpected keyword argument 'scheduler_interval'
[2023-06-13T23:49:22.413+0000] {processor.py:838} WARNING - No viable dags retrieved from /opt/airflow/dags/notre_premier_dag.py
[2023-06-13T23:49:22.455+0000] {processor.py:179} INFO - Processing /opt/airflow/dags/notre_premier_dag.py took 0.062 seconds
[2023-06-13T23:49:52.674+0000] {processor.py:157} INFO - Started process (PID=506) to work on /opt/airflow/dags/notre_premier_dag.py
[2023-06-13T23:49:52.682+0000] {processor.py:826} INFO - Processing file /opt/airflow/dags/notre_premier_dag.py for tasks to queue
[2023-06-13T23:49:52.684+0000] {logging_mixin.py:149} INFO - [2023-06-13T23:49:52.683+0000] {dagbag.py:541} INFO - Filling up the DagBag from /opt/airflow/dags/notre_premier_dag.py
[2023-06-13T23:49:52.688+0000] {logging_mixin.py:149} INFO - [2023-06-13T23:49:52.687+0000] {dagbag.py:350} ERROR - Failed to import: /opt/airflow/dags/notre_premier_dag.py
Traceback (most recent call last):
  File "/home/airflow/.local/lib/python3.7/site-packages/airflow/models/dagbag.py", line 346, in parse
    loader.exec_module(new_module)
  File "<frozen importlib._bootstrap_external>", line 728, in exec_module
  File "<frozen importlib._bootstrap>", line 219, in _call_with_frames_removed
  File "/opt/airflow/dags/notre_premier_dag.py", line 16, in <module>
    scheduler_interval="@daily"
TypeError: __init__() got an unexpected keyword argument 'scheduler_interval'
[2023-06-13T23:49:52.689+0000] {processor.py:838} WARNING - No viable dags retrieved from /opt/airflow/dags/notre_premier_dag.py
[2023-06-13T23:49:52.732+0000] {processor.py:179} INFO - Processing /opt/airflow/dags/notre_premier_dag.py took 0.065 seconds
[2023-06-13T23:49:56.836+0000] {processor.py:157} INFO - Started process (PID=511) to work on /opt/airflow/dags/notre_premier_dag.py
[2023-06-13T23:49:56.838+0000] {processor.py:826} INFO - Processing file /opt/airflow/dags/notre_premier_dag.py for tasks to queue
[2023-06-13T23:49:56.840+0000] {logging_mixin.py:149} INFO - [2023-06-13T23:49:56.839+0000] {dagbag.py:541} INFO - Filling up the DagBag from /opt/airflow/dags/notre_premier_dag.py
[2023-06-13T23:49:56.873+0000] {processor.py:836} INFO - DAG(s) dict_keys(['notre_premier_dag']) retrieved from /opt/airflow/dags/notre_premier_dag.py
[2023-06-13T23:49:57.232+0000] {logging_mixin.py:149} INFO - [2023-06-13T23:49:57.232+0000] {manager.py:504} INFO - Created Permission View: can delete on DAG:notre_premier_dag
[2023-06-13T23:49:57.260+0000] {logging_mixin.py:149} INFO - [2023-06-13T23:49:57.260+0000] {manager.py:504} INFO - Created Permission View: can edit on DAG:notre_premier_dag
[2023-06-13T23:49:57.290+0000] {logging_mixin.py:149} INFO - [2023-06-13T23:49:57.289+0000] {manager.py:504} INFO - Created Permission View: can read on DAG:notre_premier_dag
[2023-06-13T23:49:57.290+0000] {logging_mixin.py:149} INFO - [2023-06-13T23:49:57.290+0000] {dag.py:2726} INFO - Sync 1 DAGs
[2023-06-13T23:49:57.316+0000] {logging_mixin.py:149} INFO - [2023-06-13T23:49:57.315+0000] {dag.py:2747} INFO - Creating ORM DAG for notre_premier_dag
[2023-06-13T23:49:57.342+0000] {logging_mixin.py:149} INFO - [2023-06-13T23:49:57.342+0000] {dag.py:3490} INFO - Setting next_dagrun for notre_premier_dag to 2020-07-30T00:00:00+00:00, run_after=2020-07-31T00:00:00+00:00
[2023-06-13T23:49:57.402+0000] {processor.py:179} INFO - Processing /opt/airflow/dags/notre_premier_dag.py took 0.571 seconds
[2023-06-13T23:50:27.820+0000] {processor.py:157} INFO - Started process (PID=523) to work on /opt/airflow/dags/notre_premier_dag.py
[2023-06-13T23:50:27.823+0000] {processor.py:826} INFO - Processing file /opt/airflow/dags/notre_premier_dag.py for tasks to queue
[2023-06-13T23:50:27.824+0000] {logging_mixin.py:149} INFO - [2023-06-13T23:50:27.824+0000] {dagbag.py:541} INFO - Filling up the DagBag from /opt/airflow/dags/notre_premier_dag.py
[2023-06-13T23:50:27.847+0000] {processor.py:836} INFO - DAG(s) dict_keys(['notre_premier_dag']) retrieved from /opt/airflow/dags/notre_premier_dag.py
[2023-06-13T23:50:27.908+0000] {logging_mixin.py:149} INFO - [2023-06-13T23:50:27.908+0000] {dag.py:2726} INFO - Sync 1 DAGs
[2023-06-13T23:50:27.965+0000] {logging_mixin.py:149} INFO - [2023-06-13T23:50:27.965+0000] {dag.py:3490} INFO - Setting next_dagrun for notre_premier_dag to 2020-07-30T00:00:00+00:00, run_after=2020-07-31T00:00:00+00:00
[2023-06-13T23:50:28.041+0000] {processor.py:179} INFO - Processing /opt/airflow/dags/notre_premier_dag.py took 0.225 seconds
[2023-06-13T23:50:58.578+0000] {processor.py:157} INFO - Started process (PID=606) to work on /opt/airflow/dags/notre_premier_dag.py
[2023-06-13T23:50:58.584+0000] {processor.py:826} INFO - Processing file /opt/airflow/dags/notre_premier_dag.py for tasks to queue
[2023-06-13T23:50:58.593+0000] {logging_mixin.py:149} INFO - [2023-06-13T23:50:58.592+0000] {dagbag.py:541} INFO - Filling up the DagBag from /opt/airflow/dags/notre_premier_dag.py
[2023-06-13T23:50:58.633+0000] {processor.py:836} INFO - DAG(s) dict_keys(['notre_premier_dag']) retrieved from /opt/airflow/dags/notre_premier_dag.py
[2023-06-13T23:50:58.711+0000] {logging_mixin.py:149} INFO - [2023-06-13T23:50:58.711+0000] {dag.py:2726} INFO - Sync 1 DAGs
[2023-06-13T23:50:58.787+0000] {logging_mixin.py:149} INFO - [2023-06-13T23:50:58.786+0000] {dag.py:3490} INFO - Setting next_dagrun for notre_premier_dag to 2020-08-23T00:00:00+00:00, run_after=2020-08-24T00:00:00+00:00
[2023-06-13T23:50:58.864+0000] {processor.py:179} INFO - Processing /opt/airflow/dags/notre_premier_dag.py took 0.294 seconds
[2023-06-13T23:51:28.992+0000] {processor.py:157} INFO - Started process (PID=718) to work on /opt/airflow/dags/notre_premier_dag.py
[2023-06-13T23:51:28.994+0000] {processor.py:826} INFO - Processing file /opt/airflow/dags/notre_premier_dag.py for tasks to queue
[2023-06-13T23:51:28.995+0000] {logging_mixin.py:149} INFO - [2023-06-13T23:51:28.995+0000] {dagbag.py:541} INFO - Filling up the DagBag from /opt/airflow/dags/notre_premier_dag.py
[2023-06-13T23:51:29.012+0000] {processor.py:836} INFO - DAG(s) dict_keys(['notre_premier_dag']) retrieved from /opt/airflow/dags/notre_premier_dag.py
[2023-06-13T23:51:29.092+0000] {logging_mixin.py:149} INFO - [2023-06-13T23:51:29.092+0000] {dag.py:2726} INFO - Sync 1 DAGs
[2023-06-13T23:51:29.139+0000] {logging_mixin.py:149} INFO - [2023-06-13T23:51:29.138+0000] {dag.py:3490} INFO - Setting next_dagrun for notre_premier_dag to 2020-09-24T00:00:00+00:00, run_after=2020-09-25T00:00:00+00:00
[2023-06-13T23:51:29.193+0000] {processor.py:179} INFO - Processing /opt/airflow/dags/notre_premier_dag.py took 0.205 seconds
[2023-06-13T23:51:59.623+0000] {processor.py:157} INFO - Started process (PID=835) to work on /opt/airflow/dags/notre_premier_dag.py
[2023-06-13T23:51:59.625+0000] {processor.py:826} INFO - Processing file /opt/airflow/dags/notre_premier_dag.py for tasks to queue
[2023-06-13T23:51:59.627+0000] {logging_mixin.py:149} INFO - [2023-06-13T23:51:59.626+0000] {dagbag.py:541} INFO - Filling up the DagBag from /opt/airflow/dags/notre_premier_dag.py
[2023-06-13T23:51:59.677+0000] {processor.py:836} INFO - DAG(s) dict_keys(['notre_premier_dag']) retrieved from /opt/airflow/dags/notre_premier_dag.py
[2023-06-13T23:51:59.859+0000] {logging_mixin.py:149} INFO - [2023-06-13T23:51:59.858+0000] {dag.py:2726} INFO - Sync 1 DAGs
[2023-06-13T23:51:59.975+0000] {logging_mixin.py:149} INFO - [2023-06-13T23:51:59.975+0000] {dag.py:3490} INFO - Setting next_dagrun for notre_premier_dag to 2020-11-03T00:00:00+00:00, run_after=2020-11-04T00:00:00+00:00
[2023-06-13T23:52:00.103+0000] {processor.py:179} INFO - Processing /opt/airflow/dags/notre_premier_dag.py took 0.485 seconds
[2023-06-13T23:52:30.585+0000] {processor.py:157} INFO - Started process (PID=956) to work on /opt/airflow/dags/notre_premier_dag.py
[2023-06-13T23:52:30.590+0000] {processor.py:826} INFO - Processing file /opt/airflow/dags/notre_premier_dag.py for tasks to queue
[2023-06-13T23:52:30.591+0000] {logging_mixin.py:149} INFO - [2023-06-13T23:52:30.591+0000] {dagbag.py:541} INFO - Filling up the DagBag from /opt/airflow/dags/notre_premier_dag.py
[2023-06-13T23:52:30.679+0000] {processor.py:836} INFO - DAG(s) dict_keys(['notre_premier_dag']) retrieved from /opt/airflow/dags/notre_premier_dag.py
[2023-06-13T23:52:30.805+0000] {logging_mixin.py:149} INFO - [2023-06-13T23:52:30.804+0000] {dag.py:2726} INFO - Sync 1 DAGs
[2023-06-13T23:52:30.907+0000] {logging_mixin.py:149} INFO - [2023-06-13T23:52:30.906+0000] {dag.py:3490} INFO - Setting next_dagrun for notre_premier_dag to 2020-12-10T00:00:00+00:00, run_after=2020-12-11T00:00:00+00:00
[2023-06-13T23:52:31.103+0000] {processor.py:179} INFO - Processing /opt/airflow/dags/notre_premier_dag.py took 0.531 seconds
[2023-06-13T23:53:01.296+0000] {processor.py:157} INFO - Started process (PID=1098) to work on /opt/airflow/dags/notre_premier_dag.py
[2023-06-13T23:53:01.298+0000] {processor.py:826} INFO - Processing file /opt/airflow/dags/notre_premier_dag.py for tasks to queue
[2023-06-13T23:53:01.300+0000] {logging_mixin.py:149} INFO - [2023-06-13T23:53:01.299+0000] {dagbag.py:541} INFO - Filling up the DagBag from /opt/airflow/dags/notre_premier_dag.py
[2023-06-13T23:53:01.318+0000] {processor.py:836} INFO - DAG(s) dict_keys(['notre_premier_dag']) retrieved from /opt/airflow/dags/notre_premier_dag.py
[2023-06-13T23:53:01.389+0000] {logging_mixin.py:149} INFO - [2023-06-13T23:53:01.388+0000] {dag.py:2726} INFO - Sync 1 DAGs
[2023-06-13T23:53:01.437+0000] {logging_mixin.py:149} INFO - [2023-06-13T23:53:01.436+0000] {dag.py:3490} INFO - Setting next_dagrun for notre_premier_dag to 2021-01-17T00:00:00+00:00, run_after=2021-01-18T00:00:00+00:00
[2023-06-13T23:53:01.492+0000] {processor.py:179} INFO - Processing /opt/airflow/dags/notre_premier_dag.py took 0.203 seconds
[2023-06-13T23:53:22.770+0000] {processor.py:157} INFO - Started process (PID=1195) to work on /opt/airflow/dags/notre_premier_dag.py
[2023-06-13T23:53:22.772+0000] {processor.py:826} INFO - Processing file /opt/airflow/dags/notre_premier_dag.py for tasks to queue
[2023-06-13T23:53:22.773+0000] {logging_mixin.py:149} INFO - [2023-06-13T23:53:22.773+0000] {dagbag.py:541} INFO - Filling up the DagBag from /opt/airflow/dags/notre_premier_dag.py
[2023-06-13T23:53:22.796+0000] {processor.py:836} INFO - DAG(s) dict_keys(['notre_premier_dag']) retrieved from /opt/airflow/dags/notre_premier_dag.py
[2023-06-13T23:53:22.958+0000] {logging_mixin.py:149} INFO - [2023-06-13T23:53:22.958+0000] {dag.py:2726} INFO - Sync 1 DAGs
[2023-06-13T23:53:23.016+0000] {logging_mixin.py:149} INFO - [2023-06-13T23:53:23.016+0000] {dag.py:3490} INFO - Setting next_dagrun for notre_premier_dag to 2021-02-14T00:00:00+00:00, run_after=2021-02-15T00:00:00+00:00
[2023-06-13T23:53:23.091+0000] {processor.py:179} INFO - Processing /opt/airflow/dags/notre_premier_dag.py took 0.328 seconds
[2023-06-13T23:53:53.393+0000] {processor.py:157} INFO - Started process (PID=1367) to work on /opt/airflow/dags/notre_premier_dag.py
[2023-06-13T23:53:53.394+0000] {processor.py:826} INFO - Processing file /opt/airflow/dags/notre_premier_dag.py for tasks to queue
[2023-06-13T23:53:53.396+0000] {logging_mixin.py:149} INFO - [2023-06-13T23:53:53.395+0000] {dagbag.py:541} INFO - Filling up the DagBag from /opt/airflow/dags/notre_premier_dag.py
[2023-06-13T23:53:53.451+0000] {processor.py:836} INFO - DAG(s) dict_keys(['notre_premier_dag']) retrieved from /opt/airflow/dags/notre_premier_dag.py
[2023-06-13T23:53:53.536+0000] {logging_mixin.py:149} INFO - [2023-06-13T23:53:53.536+0000] {dag.py:2726} INFO - Sync 1 DAGs
[2023-06-13T23:53:53.623+0000] {logging_mixin.py:149} INFO - [2023-06-13T23:53:53.621+0000] {dag.py:3490} INFO - Setting next_dagrun for notre_premier_dag to 2021-03-07T00:00:00+00:00, run_after=2021-03-08T00:00:00+00:00
[2023-06-13T23:53:53.684+0000] {processor.py:179} INFO - Processing /opt/airflow/dags/notre_premier_dag.py took 0.299 seconds
[2023-06-13T23:54:23.950+0000] {processor.py:157} INFO - Started process (PID=1552) to work on /opt/airflow/dags/notre_premier_dag.py
[2023-06-13T23:54:23.954+0000] {processor.py:826} INFO - Processing file /opt/airflow/dags/notre_premier_dag.py for tasks to queue
[2023-06-13T23:54:23.955+0000] {logging_mixin.py:149} INFO - [2023-06-13T23:54:23.955+0000] {dagbag.py:541} INFO - Filling up the DagBag from /opt/airflow/dags/notre_premier_dag.py
[2023-06-13T23:54:23.986+0000] {processor.py:836} INFO - DAG(s) dict_keys(['notre_premier_dag']) retrieved from /opt/airflow/dags/notre_premier_dag.py
[2023-06-13T23:54:24.104+0000] {logging_mixin.py:149} INFO - [2023-06-13T23:54:24.104+0000] {dag.py:2726} INFO - Sync 1 DAGs
[2023-06-13T23:54:24.198+0000] {logging_mixin.py:149} INFO - [2023-06-13T23:54:24.198+0000] {dag.py:3490} INFO - Setting next_dagrun for notre_premier_dag to 2021-03-29T00:00:00+00:00, run_after=2021-03-30T00:00:00+00:00
[2023-06-13T23:54:24.346+0000] {processor.py:179} INFO - Processing /opt/airflow/dags/notre_premier_dag.py took 0.406 seconds
[2023-06-13T23:54:54.855+0000] {processor.py:157} INFO - Started process (PID=1749) to work on /opt/airflow/dags/notre_premier_dag.py
[2023-06-13T23:54:54.868+0000] {processor.py:826} INFO - Processing file /opt/airflow/dags/notre_premier_dag.py for tasks to queue
[2023-06-13T23:54:54.904+0000] {logging_mixin.py:149} INFO - [2023-06-13T23:54:54.869+0000] {dagbag.py:541} INFO - Filling up the DagBag from /opt/airflow/dags/notre_premier_dag.py
[2023-06-13T23:54:55.182+0000] {processor.py:836} INFO - DAG(s) dict_keys(['notre_premier_dag']) retrieved from /opt/airflow/dags/notre_premier_dag.py
[2023-06-13T23:54:55.533+0000] {logging_mixin.py:149} INFO - [2023-06-13T23:54:55.533+0000] {dag.py:2726} INFO - Sync 1 DAGs
[2023-06-13T23:54:55.738+0000] {logging_mixin.py:149} INFO - [2023-06-13T23:54:55.736+0000] {dag.py:3490} INFO - Setting next_dagrun for notre_premier_dag to 2021-04-15T00:00:00+00:00, run_after=2021-04-16T00:00:00+00:00
[2023-06-13T23:54:55.996+0000] {processor.py:179} INFO - Processing /opt/airflow/dags/notre_premier_dag.py took 1.158 seconds
[2023-06-13T23:55:26.297+0000] {processor.py:157} INFO - Started process (PID=1925) to work on /opt/airflow/dags/notre_premier_dag.py
[2023-06-13T23:55:26.300+0000] {processor.py:826} INFO - Processing file /opt/airflow/dags/notre_premier_dag.py for tasks to queue
[2023-06-13T23:55:26.303+0000] {logging_mixin.py:149} INFO - [2023-06-13T23:55:26.302+0000] {dagbag.py:541} INFO - Filling up the DagBag from /opt/airflow/dags/notre_premier_dag.py
[2023-06-13T23:55:26.330+0000] {processor.py:836} INFO - DAG(s) dict_keys(['notre_premier_dag']) retrieved from /opt/airflow/dags/notre_premier_dag.py
[2023-06-13T23:55:26.400+0000] {logging_mixin.py:149} INFO - [2023-06-13T23:55:26.399+0000] {dag.py:2726} INFO - Sync 1 DAGs
[2023-06-13T23:55:26.457+0000] {logging_mixin.py:149} INFO - [2023-06-13T23:55:26.457+0000] {dag.py:3490} INFO - Setting next_dagrun for notre_premier_dag to 2021-04-30T00:00:00+00:00, run_after=2021-05-01T00:00:00+00:00
[2023-06-13T23:55:26.540+0000] {processor.py:179} INFO - Processing /opt/airflow/dags/notre_premier_dag.py took 0.247 seconds
[2023-06-13T23:55:42.812+0000] {processor.py:157} INFO - Started process (PID=2034) to work on /opt/airflow/dags/notre_premier_dag.py
[2023-06-13T23:55:42.832+0000] {processor.py:826} INFO - Processing file /opt/airflow/dags/notre_premier_dag.py for tasks to queue
[2023-06-13T23:55:42.848+0000] {logging_mixin.py:149} INFO - [2023-06-13T23:55:42.848+0000] {dagbag.py:541} INFO - Filling up the DagBag from /opt/airflow/dags/notre_premier_dag.py
[2023-06-13T23:55:42.979+0000] {processor.py:836} INFO - DAG(s) dict_keys(['notre_premier_dag']) retrieved from /opt/airflow/dags/notre_premier_dag.py
[2023-06-13T23:55:43.249+0000] {logging_mixin.py:149} INFO - [2023-06-13T23:55:43.248+0000] {dag.py:2726} INFO - Sync 1 DAGs
[2023-06-13T23:55:43.461+0000] {logging_mixin.py:149} INFO - [2023-06-13T23:55:43.454+0000] {dag.py:3490} INFO - Setting next_dagrun for notre_premier_dag to 2021-05-14T00:00:00+00:00, run_after=2021-05-15T00:00:00+00:00
[2023-06-13T23:55:43.579+0000] {processor.py:179} INFO - Processing /opt/airflow/dags/notre_premier_dag.py took 0.797 seconds
[2023-06-13T23:56:14.376+0000] {processor.py:157} INFO - Started process (PID=2215) to work on /opt/airflow/dags/notre_premier_dag.py
[2023-06-13T23:56:14.377+0000] {processor.py:826} INFO - Processing file /opt/airflow/dags/notre_premier_dag.py for tasks to queue
[2023-06-13T23:56:14.378+0000] {logging_mixin.py:149} INFO - [2023-06-13T23:56:14.378+0000] {dagbag.py:541} INFO - Filling up the DagBag from /opt/airflow/dags/notre_premier_dag.py
[2023-06-13T23:56:14.419+0000] {processor.py:836} INFO - DAG(s) dict_keys(['notre_premier_dag']) retrieved from /opt/airflow/dags/notre_premier_dag.py
[2023-06-13T23:56:14.546+0000] {logging_mixin.py:149} INFO - [2023-06-13T23:56:14.545+0000] {dag.py:2726} INFO - Sync 1 DAGs
[2023-06-13T23:56:14.707+0000] {logging_mixin.py:149} INFO - [2023-06-13T23:56:14.707+0000] {dag.py:3490} INFO - Setting next_dagrun for notre_premier_dag to 2021-06-07T00:00:00+00:00, run_after=2021-06-08T00:00:00+00:00
[2023-06-13T23:56:14.886+0000] {processor.py:179} INFO - Processing /opt/airflow/dags/notre_premier_dag.py took 0.524 seconds
[2023-06-13T23:56:45.179+0000] {processor.py:157} INFO - Started process (PID=2432) to work on /opt/airflow/dags/notre_premier_dag.py
[2023-06-13T23:56:45.189+0000] {processor.py:826} INFO - Processing file /opt/airflow/dags/notre_premier_dag.py for tasks to queue
[2023-06-13T23:56:45.205+0000] {logging_mixin.py:149} INFO - [2023-06-13T23:56:45.204+0000] {dagbag.py:541} INFO - Filling up the DagBag from /opt/airflow/dags/notre_premier_dag.py
[2023-06-13T23:56:45.238+0000] {processor.py:836} INFO - DAG(s) dict_keys(['notre_premier_dag']) retrieved from /opt/airflow/dags/notre_premier_dag.py
[2023-06-13T23:56:45.346+0000] {logging_mixin.py:149} INFO - [2023-06-13T23:56:45.346+0000] {dag.py:2726} INFO - Sync 1 DAGs
[2023-06-13T23:56:45.409+0000] {logging_mixin.py:149} INFO - [2023-06-13T23:56:45.409+0000] {dag.py:3490} INFO - Setting next_dagrun for notre_premier_dag to 2021-06-23T00:00:00+00:00, run_after=2021-06-24T00:00:00+00:00
[2023-06-13T23:56:45.476+0000] {processor.py:179} INFO - Processing /opt/airflow/dags/notre_premier_dag.py took 0.303 seconds
[2023-06-13T23:56:50.619+0000] {processor.py:157} INFO - Started process (PID=2458) to work on /opt/airflow/dags/notre_premier_dag.py
[2023-06-13T23:56:50.621+0000] {processor.py:826} INFO - Processing file /opt/airflow/dags/notre_premier_dag.py for tasks to queue
[2023-06-13T23:56:50.622+0000] {logging_mixin.py:149} INFO - [2023-06-13T23:56:50.622+0000] {dagbag.py:541} INFO - Filling up the DagBag from /opt/airflow/dags/notre_premier_dag.py
[2023-06-13T23:56:50.647+0000] {processor.py:836} INFO - DAG(s) dict_keys(['notre_premier_dag']) retrieved from /opt/airflow/dags/notre_premier_dag.py
[2023-06-13T23:56:50.714+0000] {logging_mixin.py:149} INFO - [2023-06-13T23:56:50.714+0000] {dag.py:2726} INFO - Sync 1 DAGs
[2023-06-13T23:56:50.836+0000] {logging_mixin.py:149} INFO - [2023-06-13T23:56:50.836+0000] {dag.py:3490} INFO - Setting next_dagrun for notre_premier_dag to 2021-07-01T00:00:00+00:00, run_after=2021-07-02T00:00:00+00:00
[2023-06-13T23:56:50.889+0000] {processor.py:179} INFO - Processing /opt/airflow/dags/notre_premier_dag.py took 0.273 seconds
[2023-06-13T23:57:21.249+0000] {processor.py:157} INFO - Started process (PID=2660) to work on /opt/airflow/dags/notre_premier_dag.py
[2023-06-13T23:57:21.252+0000] {processor.py:826} INFO - Processing file /opt/airflow/dags/notre_premier_dag.py for tasks to queue
[2023-06-13T23:57:21.254+0000] {logging_mixin.py:149} INFO - [2023-06-13T23:57:21.254+0000] {dagbag.py:541} INFO - Filling up the DagBag from /opt/airflow/dags/notre_premier_dag.py
[2023-06-13T23:57:21.283+0000] {processor.py:836} INFO - DAG(s) dict_keys(['notre_premier_dag']) retrieved from /opt/airflow/dags/notre_premier_dag.py
[2023-06-13T23:57:21.357+0000] {logging_mixin.py:149} INFO - [2023-06-13T23:57:21.357+0000] {dag.py:2726} INFO - Sync 1 DAGs
[2023-06-13T23:57:21.439+0000] {logging_mixin.py:149} INFO - [2023-06-13T23:57:21.438+0000] {dag.py:3490} INFO - Setting next_dagrun for notre_premier_dag to 2021-07-16T00:00:00+00:00, run_after=2021-07-17T00:00:00+00:00
[2023-06-13T23:57:21.505+0000] {processor.py:179} INFO - Processing /opt/airflow/dags/notre_premier_dag.py took 0.264 seconds
[2023-06-13T23:57:51.697+0000] {processor.py:157} INFO - Started process (PID=2890) to work on /opt/airflow/dags/notre_premier_dag.py
[2023-06-13T23:57:51.698+0000] {processor.py:826} INFO - Processing file /opt/airflow/dags/notre_premier_dag.py for tasks to queue
[2023-06-13T23:57:51.700+0000] {logging_mixin.py:149} INFO - [2023-06-13T23:57:51.699+0000] {dagbag.py:541} INFO - Filling up the DagBag from /opt/airflow/dags/notre_premier_dag.py
[2023-06-13T23:57:51.722+0000] {processor.py:836} INFO - DAG(s) dict_keys(['notre_premier_dag']) retrieved from /opt/airflow/dags/notre_premier_dag.py
[2023-06-13T23:57:51.770+0000] {logging_mixin.py:149} INFO - [2023-06-13T23:57:51.769+0000] {dag.py:2726} INFO - Sync 1 DAGs
[2023-06-13T23:57:51.818+0000] {logging_mixin.py:149} INFO - [2023-06-13T23:57:51.818+0000] {dag.py:3490} INFO - Setting next_dagrun for notre_premier_dag to 2021-08-09T00:00:00+00:00, run_after=2021-08-10T00:00:00+00:00
[2023-06-13T23:57:51.855+0000] {processor.py:179} INFO - Processing /opt/airflow/dags/notre_premier_dag.py took 0.163 seconds
[2023-06-13T23:58:22.171+0000] {processor.py:157} INFO - Started process (PID=3114) to work on /opt/airflow/dags/notre_premier_dag.py
[2023-06-13T23:58:22.173+0000] {processor.py:826} INFO - Processing file /opt/airflow/dags/notre_premier_dag.py for tasks to queue
[2023-06-13T23:58:22.175+0000] {logging_mixin.py:149} INFO - [2023-06-13T23:58:22.174+0000] {dagbag.py:541} INFO - Filling up the DagBag from /opt/airflow/dags/notre_premier_dag.py
[2023-06-13T23:58:22.199+0000] {processor.py:836} INFO - DAG(s) dict_keys(['notre_premier_dag']) retrieved from /opt/airflow/dags/notre_premier_dag.py
[2023-06-13T23:58:22.257+0000] {logging_mixin.py:149} INFO - [2023-06-13T23:58:22.257+0000] {dag.py:2726} INFO - Sync 1 DAGs
[2023-06-13T23:58:22.313+0000] {logging_mixin.py:149} INFO - [2023-06-13T23:58:22.313+0000] {dag.py:3490} INFO - Setting next_dagrun for notre_premier_dag to 2021-09-02T00:00:00+00:00, run_after=2021-09-03T00:00:00+00:00
[2023-06-13T23:58:22.365+0000] {processor.py:179} INFO - Processing /opt/airflow/dags/notre_premier_dag.py took 0.200 seconds
[2023-06-13T23:58:52.659+0000] {processor.py:157} INFO - Started process (PID=3345) to work on /opt/airflow/dags/notre_premier_dag.py
[2023-06-13T23:58:52.673+0000] {processor.py:826} INFO - Processing file /opt/airflow/dags/notre_premier_dag.py for tasks to queue
[2023-06-13T23:58:52.674+0000] {logging_mixin.py:149} INFO - [2023-06-13T23:58:52.674+0000] {dagbag.py:541} INFO - Filling up the DagBag from /opt/airflow/dags/notre_premier_dag.py
[2023-06-13T23:58:52.703+0000] {processor.py:836} INFO - DAG(s) dict_keys(['notre_premier_dag']) retrieved from /opt/airflow/dags/notre_premier_dag.py
[2023-06-13T23:58:52.830+0000] {logging_mixin.py:149} INFO - [2023-06-13T23:58:52.829+0000] {dag.py:2726} INFO - Sync 1 DAGs
[2023-06-13T23:58:52.883+0000] {logging_mixin.py:149} INFO - [2023-06-13T23:58:52.883+0000] {dag.py:3490} INFO - Setting next_dagrun for notre_premier_dag to 2021-10-04T00:00:00+00:00, run_after=2021-10-05T00:00:00+00:00
[2023-06-13T23:58:52.972+0000] {processor.py:179} INFO - Processing /opt/airflow/dags/notre_premier_dag.py took 0.329 seconds
[2023-06-13T23:59:23.455+0000] {processor.py:157} INFO - Started process (PID=3537) to work on /opt/airflow/dags/notre_premier_dag.py
[2023-06-13T23:59:23.464+0000] {processor.py:826} INFO - Processing file /opt/airflow/dags/notre_premier_dag.py for tasks to queue
[2023-06-13T23:59:23.466+0000] {logging_mixin.py:149} INFO - [2023-06-13T23:59:23.465+0000] {dagbag.py:541} INFO - Filling up the DagBag from /opt/airflow/dags/notre_premier_dag.py
[2023-06-13T23:59:23.504+0000] {processor.py:836} INFO - DAG(s) dict_keys(['notre_premier_dag']) retrieved from /opt/airflow/dags/notre_premier_dag.py
[2023-06-13T23:59:23.591+0000] {logging_mixin.py:149} INFO - [2023-06-13T23:59:23.590+0000] {dag.py:2726} INFO - Sync 1 DAGs
[2023-06-13T23:59:23.673+0000] {logging_mixin.py:149} INFO - [2023-06-13T23:59:23.673+0000] {dag.py:3490} INFO - Setting next_dagrun for notre_premier_dag to 2021-10-21T00:00:00+00:00, run_after=2021-10-22T00:00:00+00:00
[2023-06-13T23:59:23.736+0000] {processor.py:179} INFO - Processing /opt/airflow/dags/notre_premier_dag.py took 0.287 seconds
[2023-06-13T23:59:54.138+0000] {processor.py:157} INFO - Started process (PID=3761) to work on /opt/airflow/dags/notre_premier_dag.py
[2023-06-13T23:59:54.142+0000] {processor.py:826} INFO - Processing file /opt/airflow/dags/notre_premier_dag.py for tasks to queue
[2023-06-13T23:59:54.143+0000] {logging_mixin.py:149} INFO - [2023-06-13T23:59:54.143+0000] {dagbag.py:541} INFO - Filling up the DagBag from /opt/airflow/dags/notre_premier_dag.py
[2023-06-13T23:59:54.169+0000] {processor.py:836} INFO - DAG(s) dict_keys(['notre_premier_dag']) retrieved from /opt/airflow/dags/notre_premier_dag.py
[2023-06-13T23:59:54.280+0000] {logging_mixin.py:149} INFO - [2023-06-13T23:59:54.280+0000] {dag.py:2726} INFO - Sync 1 DAGs
[2023-06-13T23:59:54.385+0000] {logging_mixin.py:149} INFO - [2023-06-13T23:59:54.385+0000] {dag.py:3490} INFO - Setting next_dagrun for notre_premier_dag to 2021-11-09T00:00:00+00:00, run_after=2021-11-10T00:00:00+00:00
[2023-06-13T23:59:54.462+0000] {processor.py:179} INFO - Processing /opt/airflow/dags/notre_premier_dag.py took 0.335 seconds
