[2023-06-14T04:01:29.123+0000] {processor.py:157} INFO - Started process (PID=2398) to work on /opt/airflow/dags/dag_avec_extending.py
[2023-06-14T04:01:29.124+0000] {processor.py:826} INFO - Processing file /opt/airflow/dags/dag_avec_extending.py for tasks to queue
[2023-06-14T04:01:29.125+0000] {logging_mixin.py:149} INFO - [2023-06-14T04:01:29.125+0000] {dagbag.py:541} INFO - Filling up the DagBag from /opt/airflow/dags/dag_avec_extending.py
[2023-06-14T04:01:29.130+0000] {logging_mixin.py:149} INFO - [2023-06-14T04:01:29.128+0000] {dagbag.py:350} ERROR - Failed to import: /opt/airflow/dags/dag_avec_extending.py
Traceback (most recent call last):
  File "/home/airflow/.local/lib/python3.7/site-packages/airflow/models/dagbag.py", line 346, in parse
    loader.exec_module(new_module)
  File "<frozen importlib._bootstrap_external>", line 724, in exec_module
  File "<frozen importlib._bootstrap_external>", line 860, in get_code
  File "<frozen importlib._bootstrap_external>", line 791, in source_to_code
  File "<frozen importlib._bootstrap>", line 219, in _call_with_frames_removed
  File "/opt/airflow/dags/dag_avec_extending.py", line 25
    python_callable=get_sklearn
                              ^
SyntaxError: unexpected EOF while parsing
[2023-06-14T04:01:29.131+0000] {processor.py:838} WARNING - No viable dags retrieved from /opt/airflow/dags/dag_avec_extending.py
[2023-06-14T04:01:29.169+0000] {processor.py:179} INFO - Processing /opt/airflow/dags/dag_avec_extending.py took 0.050 seconds
[2023-06-14T04:01:59.941+0000] {processor.py:157} INFO - Started process (PID=2439) to work on /opt/airflow/dags/dag_avec_extending.py
[2023-06-14T04:01:59.944+0000] {processor.py:826} INFO - Processing file /opt/airflow/dags/dag_avec_extending.py for tasks to queue
[2023-06-14T04:01:59.946+0000] {logging_mixin.py:149} INFO - [2023-06-14T04:01:59.945+0000] {dagbag.py:541} INFO - Filling up the DagBag from /opt/airflow/dags/dag_avec_extending.py
[2023-06-14T04:01:59.951+0000] {logging_mixin.py:149} INFO - [2023-06-14T04:01:59.949+0000] {dagbag.py:350} ERROR - Failed to import: /opt/airflow/dags/dag_avec_extending.py
Traceback (most recent call last):
  File "/home/airflow/.local/lib/python3.7/site-packages/airflow/models/dagbag.py", line 346, in parse
    loader.exec_module(new_module)
  File "<frozen importlib._bootstrap_external>", line 724, in exec_module
  File "<frozen importlib._bootstrap_external>", line 860, in get_code
  File "<frozen importlib._bootstrap_external>", line 791, in source_to_code
  File "<frozen importlib._bootstrap>", line 219, in _call_with_frames_removed
  File "/opt/airflow/dags/dag_avec_extending.py", line 25
    python_callable=get_sklearn
                              ^
SyntaxError: unexpected EOF while parsing
[2023-06-14T04:01:59.952+0000] {processor.py:838} WARNING - No viable dags retrieved from /opt/airflow/dags/dag_avec_extending.py
[2023-06-14T04:01:59.995+0000] {processor.py:179} INFO - Processing /opt/airflow/dags/dag_avec_extending.py took 0.058 seconds
[2023-06-14T04:02:28.774+0000] {processor.py:157} INFO - Started process (PID=2481) to work on /opt/airflow/dags/dag_avec_extending.py
[2023-06-14T04:02:28.777+0000] {processor.py:826} INFO - Processing file /opt/airflow/dags/dag_avec_extending.py for tasks to queue
[2023-06-14T04:02:28.778+0000] {logging_mixin.py:149} INFO - [2023-06-14T04:02:28.777+0000] {dagbag.py:541} INFO - Filling up the DagBag from /opt/airflow/dags/dag_avec_extending.py
[2023-06-14T04:02:28.791+0000] {processor.py:836} INFO - DAG(s) dict_keys(['dag_with_python_dependencies_v03']) retrieved from /opt/airflow/dags/dag_avec_extending.py
[2023-06-14T04:02:29.095+0000] {logging_mixin.py:149} INFO - [2023-06-14T04:02:29.094+0000] {manager.py:504} INFO - Created Permission View: can delete on DAG:dag_with_python_dependencies_v03
[2023-06-14T04:02:29.125+0000] {logging_mixin.py:149} INFO - [2023-06-14T04:02:29.125+0000] {manager.py:504} INFO - Created Permission View: can read on DAG:dag_with_python_dependencies_v03
[2023-06-14T04:02:29.149+0000] {logging_mixin.py:149} INFO - [2023-06-14T04:02:29.149+0000] {manager.py:504} INFO - Created Permission View: can edit on DAG:dag_with_python_dependencies_v03
[2023-06-14T04:02:29.150+0000] {logging_mixin.py:149} INFO - [2023-06-14T04:02:29.150+0000] {dag.py:2726} INFO - Sync 1 DAGs
[2023-06-14T04:02:29.182+0000] {logging_mixin.py:149} INFO - [2023-06-14T04:02:29.182+0000] {dag.py:2747} INFO - Creating ORM DAG for dag_with_python_dependencies_v03
[2023-06-14T04:02:29.203+0000] {logging_mixin.py:149} INFO - [2023-06-14T04:02:29.203+0000] {dag.py:3490} INFO - Setting next_dagrun for dag_with_python_dependencies_v03 to 2023-06-14T00:00:00+00:00, run_after=2023-06-15T00:00:00+00:00
[2023-06-14T04:02:29.251+0000] {processor.py:179} INFO - Processing /opt/airflow/dags/dag_avec_extending.py took 0.482 seconds
[2023-06-14T04:02:39.896+0000] {processor.py:157} INFO - Started process (PID=2486) to work on /opt/airflow/dags/dag_avec_extending.py
[2023-06-14T04:02:39.899+0000] {processor.py:826} INFO - Processing file /opt/airflow/dags/dag_avec_extending.py for tasks to queue
[2023-06-14T04:02:39.901+0000] {logging_mixin.py:149} INFO - [2023-06-14T04:02:39.900+0000] {dagbag.py:541} INFO - Filling up the DagBag from /opt/airflow/dags/dag_avec_extending.py
[2023-06-14T04:02:39.921+0000] {processor.py:836} INFO - DAG(s) dict_keys(['dag_with_python_dependencies']) retrieved from /opt/airflow/dags/dag_avec_extending.py
[2023-06-14T04:02:40.117+0000] {logging_mixin.py:149} INFO - [2023-06-14T04:02:40.117+0000] {manager.py:504} INFO - Created Permission View: can delete on DAG:dag_with_python_dependencies
[2023-06-14T04:02:40.134+0000] {logging_mixin.py:149} INFO - [2023-06-14T04:02:40.134+0000] {manager.py:504} INFO - Created Permission View: can read on DAG:dag_with_python_dependencies
[2023-06-14T04:02:40.148+0000] {logging_mixin.py:149} INFO - [2023-06-14T04:02:40.148+0000] {manager.py:504} INFO - Created Permission View: can edit on DAG:dag_with_python_dependencies
[2023-06-14T04:02:40.149+0000] {logging_mixin.py:149} INFO - [2023-06-14T04:02:40.149+0000] {dag.py:2726} INFO - Sync 1 DAGs
[2023-06-14T04:02:40.174+0000] {logging_mixin.py:149} INFO - [2023-06-14T04:02:40.173+0000] {dag.py:2747} INFO - Creating ORM DAG for dag_with_python_dependencies
[2023-06-14T04:02:40.196+0000] {logging_mixin.py:149} INFO - [2023-06-14T04:02:40.195+0000] {dag.py:3490} INFO - Setting next_dagrun for dag_with_python_dependencies to 2023-06-14T00:00:00+00:00, run_after=2023-06-15T00:00:00+00:00
[2023-06-14T04:02:40.233+0000] {processor.py:179} INFO - Processing /opt/airflow/dags/dag_avec_extending.py took 0.344 seconds
[2023-06-14T04:03:10.314+0000] {processor.py:157} INFO - Started process (PID=2528) to work on /opt/airflow/dags/dag_avec_extending.py
[2023-06-14T04:03:10.317+0000] {processor.py:826} INFO - Processing file /opt/airflow/dags/dag_avec_extending.py for tasks to queue
[2023-06-14T04:03:10.318+0000] {logging_mixin.py:149} INFO - [2023-06-14T04:03:10.318+0000] {dagbag.py:541} INFO - Filling up the DagBag from /opt/airflow/dags/dag_avec_extending.py
[2023-06-14T04:03:10.336+0000] {processor.py:836} INFO - DAG(s) dict_keys(['dag_with_python_dependencies']) retrieved from /opt/airflow/dags/dag_avec_extending.py
[2023-06-14T04:03:10.415+0000] {logging_mixin.py:149} INFO - [2023-06-14T04:03:10.415+0000] {dag.py:2726} INFO - Sync 1 DAGs
[2023-06-14T04:03:10.481+0000] {logging_mixin.py:149} INFO - [2023-06-14T04:03:10.481+0000] {dag.py:3490} INFO - Setting next_dagrun for dag_with_python_dependencies to 2023-06-14T00:00:00+00:00, run_after=2023-06-15T00:00:00+00:00
[2023-06-14T04:03:10.557+0000] {processor.py:179} INFO - Processing /opt/airflow/dags/dag_avec_extending.py took 0.249 seconds
[2023-06-14T04:03:41.036+0000] {processor.py:157} INFO - Started process (PID=2571) to work on /opt/airflow/dags/dag_avec_extending.py
[2023-06-14T04:03:41.042+0000] {processor.py:826} INFO - Processing file /opt/airflow/dags/dag_avec_extending.py for tasks to queue
[2023-06-14T04:03:41.045+0000] {logging_mixin.py:149} INFO - [2023-06-14T04:03:41.045+0000] {dagbag.py:541} INFO - Filling up the DagBag from /opt/airflow/dags/dag_avec_extending.py
[2023-06-14T04:03:41.066+0000] {processor.py:836} INFO - DAG(s) dict_keys(['dag_with_python_dependencies']) retrieved from /opt/airflow/dags/dag_avec_extending.py
[2023-06-14T04:03:41.157+0000] {logging_mixin.py:149} INFO - [2023-06-14T04:03:41.157+0000] {dag.py:2726} INFO - Sync 1 DAGs
[2023-06-14T04:03:41.237+0000] {logging_mixin.py:149} INFO - [2023-06-14T04:03:41.235+0000] {dag.py:3490} INFO - Setting next_dagrun for dag_with_python_dependencies to 2023-06-14T00:00:00+00:00, run_after=2023-06-15T00:00:00+00:00
[2023-06-14T04:03:41.311+0000] {processor.py:179} INFO - Processing /opt/airflow/dags/dag_avec_extending.py took 0.286 seconds
[2023-06-14T04:03:45.424+0000] {processor.py:157} INFO - Started process (PID=2586) to work on /opt/airflow/dags/dag_avec_extending.py
[2023-06-14T04:03:45.427+0000] {processor.py:826} INFO - Processing file /opt/airflow/dags/dag_avec_extending.py for tasks to queue
[2023-06-14T04:03:45.429+0000] {logging_mixin.py:149} INFO - [2023-06-14T04:03:45.429+0000] {dagbag.py:541} INFO - Filling up the DagBag from /opt/airflow/dags/dag_avec_extending.py
[2023-06-14T04:03:45.459+0000] {processor.py:836} INFO - DAG(s) dict_keys(['dag_with_python_dependencies']) retrieved from /opt/airflow/dags/dag_avec_extending.py
[2023-06-14T04:03:45.670+0000] {logging_mixin.py:149} INFO - [2023-06-14T04:03:45.670+0000] {dag.py:2726} INFO - Sync 1 DAGs
[2023-06-14T04:03:45.727+0000] {logging_mixin.py:149} INFO - [2023-06-14T04:03:45.727+0000] {dag.py:3490} INFO - Setting next_dagrun for dag_with_python_dependencies to 2023-06-13T00:00:00+00:00, run_after=2023-06-14T00:00:00+00:00
[2023-06-14T04:03:45.798+0000] {processor.py:179} INFO - Processing /opt/airflow/dags/dag_avec_extending.py took 0.380 seconds
[2023-06-14T04:04:15.943+0000] {processor.py:157} INFO - Started process (PID=2630) to work on /opt/airflow/dags/dag_avec_extending.py
[2023-06-14T04:04:15.946+0000] {processor.py:826} INFO - Processing file /opt/airflow/dags/dag_avec_extending.py for tasks to queue
[2023-06-14T04:04:15.948+0000] {logging_mixin.py:149} INFO - [2023-06-14T04:04:15.947+0000] {dagbag.py:541} INFO - Filling up the DagBag from /opt/airflow/dags/dag_avec_extending.py
[2023-06-14T04:04:15.967+0000] {processor.py:836} INFO - DAG(s) dict_keys(['dag_with_python_dependencies']) retrieved from /opt/airflow/dags/dag_avec_extending.py
[2023-06-14T04:04:16.028+0000] {logging_mixin.py:149} INFO - [2023-06-14T04:04:16.028+0000] {dag.py:2726} INFO - Sync 1 DAGs
[2023-06-14T04:04:16.088+0000] {logging_mixin.py:149} INFO - [2023-06-14T04:04:16.088+0000] {dag.py:3490} INFO - Setting next_dagrun for dag_with_python_dependencies to 2023-06-13T00:00:00+00:00, run_after=2023-06-14T00:00:00+00:00
[2023-06-14T04:04:16.169+0000] {processor.py:179} INFO - Processing /opt/airflow/dags/dag_avec_extending.py took 0.231 seconds
[2023-06-14T04:04:46.380+0000] {processor.py:157} INFO - Started process (PID=2672) to work on /opt/airflow/dags/dag_avec_extending.py
[2023-06-14T04:04:46.383+0000] {processor.py:826} INFO - Processing file /opt/airflow/dags/dag_avec_extending.py for tasks to queue
[2023-06-14T04:04:46.385+0000] {logging_mixin.py:149} INFO - [2023-06-14T04:04:46.384+0000] {dagbag.py:541} INFO - Filling up the DagBag from /opt/airflow/dags/dag_avec_extending.py
[2023-06-14T04:04:46.405+0000] {processor.py:836} INFO - DAG(s) dict_keys(['dag_with_python_dependencies']) retrieved from /opt/airflow/dags/dag_avec_extending.py
[2023-06-14T04:04:46.489+0000] {logging_mixin.py:149} INFO - [2023-06-14T04:04:46.489+0000] {dag.py:2726} INFO - Sync 1 DAGs
[2023-06-14T04:04:46.550+0000] {logging_mixin.py:149} INFO - [2023-06-14T04:04:46.550+0000] {dag.py:3490} INFO - Setting next_dagrun for dag_with_python_dependencies to 2023-06-13T00:00:00+00:00, run_after=2023-06-14T00:00:00+00:00
[2023-06-14T04:04:46.622+0000] {processor.py:179} INFO - Processing /opt/airflow/dags/dag_avec_extending.py took 0.247 seconds
[2023-06-14T04:05:16.918+0000] {processor.py:157} INFO - Started process (PID=2718) to work on /opt/airflow/dags/dag_avec_extending.py
[2023-06-14T04:05:16.920+0000] {processor.py:826} INFO - Processing file /opt/airflow/dags/dag_avec_extending.py for tasks to queue
[2023-06-14T04:05:16.922+0000] {logging_mixin.py:149} INFO - [2023-06-14T04:05:16.921+0000] {dagbag.py:541} INFO - Filling up the DagBag from /opt/airflow/dags/dag_avec_extending.py
[2023-06-14T04:05:16.941+0000] {processor.py:836} INFO - DAG(s) dict_keys(['dag_with_python_dependencies']) retrieved from /opt/airflow/dags/dag_avec_extending.py
[2023-06-14T04:05:17.009+0000] {logging_mixin.py:149} INFO - [2023-06-14T04:05:17.008+0000] {dag.py:2726} INFO - Sync 1 DAGs
[2023-06-14T04:05:17.061+0000] {logging_mixin.py:149} INFO - [2023-06-14T04:05:17.061+0000] {dag.py:3490} INFO - Setting next_dagrun for dag_with_python_dependencies to 2023-06-14T00:00:00+00:00, run_after=2023-06-15T00:00:00+00:00
[2023-06-14T04:05:17.114+0000] {processor.py:179} INFO - Processing /opt/airflow/dags/dag_avec_extending.py took 0.200 seconds
[2023-06-14T04:05:47.377+0000] {processor.py:157} INFO - Started process (PID=2760) to work on /opt/airflow/dags/dag_avec_extending.py
[2023-06-14T04:05:47.380+0000] {processor.py:826} INFO - Processing file /opt/airflow/dags/dag_avec_extending.py for tasks to queue
[2023-06-14T04:05:47.381+0000] {logging_mixin.py:149} INFO - [2023-06-14T04:05:47.381+0000] {dagbag.py:541} INFO - Filling up the DagBag from /opt/airflow/dags/dag_avec_extending.py
[2023-06-14T04:05:47.400+0000] {processor.py:836} INFO - DAG(s) dict_keys(['dag_with_python_dependencies']) retrieved from /opt/airflow/dags/dag_avec_extending.py
[2023-06-14T04:05:47.468+0000] {logging_mixin.py:149} INFO - [2023-06-14T04:05:47.468+0000] {dag.py:2726} INFO - Sync 1 DAGs
[2023-06-14T04:05:47.524+0000] {logging_mixin.py:149} INFO - [2023-06-14T04:05:47.523+0000] {dag.py:3490} INFO - Setting next_dagrun for dag_with_python_dependencies to 2023-06-14T00:00:00+00:00, run_after=2023-06-15T00:00:00+00:00
[2023-06-14T04:05:47.583+0000] {processor.py:179} INFO - Processing /opt/airflow/dags/dag_avec_extending.py took 0.213 seconds
[2023-06-14T18:35:39.910+0000] {processor.py:157} INFO - Started process (PID=163) to work on /opt/airflow/dags/dag_avec_extending.py
[2023-06-14T18:35:39.920+0000] {processor.py:826} INFO - Processing file /opt/airflow/dags/dag_avec_extending.py for tasks to queue
[2023-06-14T18:35:39.938+0000] {logging_mixin.py:149} INFO - [2023-06-14T18:35:39.937+0000] {dagbag.py:541} INFO - Filling up the DagBag from /opt/airflow/dags/dag_avec_extending.py
[2023-06-14T18:35:40.016+0000] {processor.py:836} INFO - DAG(s) dict_keys(['dag_with_python_dependencies']) retrieved from /opt/airflow/dags/dag_avec_extending.py
[2023-06-14T18:35:40.451+0000] {logging_mixin.py:149} INFO - [2023-06-14T18:35:40.451+0000] {dag.py:2726} INFO - Sync 1 DAGs
[2023-06-14T18:35:40.590+0000] {logging_mixin.py:149} INFO - [2023-06-14T18:35:40.589+0000] {dag.py:3490} INFO - Setting next_dagrun for dag_with_python_dependencies to 2023-06-14T00:00:00+00:00, run_after=2023-06-15T00:00:00+00:00
[2023-06-14T18:35:40.746+0000] {processor.py:179} INFO - Processing /opt/airflow/dags/dag_avec_extending.py took 0.896 seconds
[2023-06-14T18:36:11.087+0000] {processor.py:157} INFO - Started process (PID=206) to work on /opt/airflow/dags/dag_avec_extending.py
[2023-06-14T18:36:11.092+0000] {processor.py:826} INFO - Processing file /opt/airflow/dags/dag_avec_extending.py for tasks to queue
[2023-06-14T18:36:11.097+0000] {logging_mixin.py:149} INFO - [2023-06-14T18:36:11.097+0000] {dagbag.py:541} INFO - Filling up the DagBag from /opt/airflow/dags/dag_avec_extending.py
[2023-06-14T18:36:11.144+0000] {processor.py:836} INFO - DAG(s) dict_keys(['dag_with_python_dependencies']) retrieved from /opt/airflow/dags/dag_avec_extending.py
[2023-06-14T18:36:11.266+0000] {logging_mixin.py:149} INFO - [2023-06-14T18:36:11.266+0000] {dag.py:2726} INFO - Sync 1 DAGs
[2023-06-14T18:36:11.435+0000] {logging_mixin.py:149} INFO - [2023-06-14T18:36:11.435+0000] {dag.py:3490} INFO - Setting next_dagrun for dag_with_python_dependencies to 2023-06-14T00:00:00+00:00, run_after=2023-06-15T00:00:00+00:00
[2023-06-14T18:36:11.514+0000] {processor.py:179} INFO - Processing /opt/airflow/dags/dag_avec_extending.py took 0.448 seconds
[2023-06-14T18:36:41.707+0000] {processor.py:157} INFO - Started process (PID=248) to work on /opt/airflow/dags/dag_avec_extending.py
[2023-06-14T18:36:41.710+0000] {processor.py:826} INFO - Processing file /opt/airflow/dags/dag_avec_extending.py for tasks to queue
[2023-06-14T18:36:41.712+0000] {logging_mixin.py:149} INFO - [2023-06-14T18:36:41.711+0000] {dagbag.py:541} INFO - Filling up the DagBag from /opt/airflow/dags/dag_avec_extending.py
[2023-06-14T18:36:41.734+0000] {processor.py:836} INFO - DAG(s) dict_keys(['dag_with_python_dependencies']) retrieved from /opt/airflow/dags/dag_avec_extending.py
[2023-06-14T18:36:41.798+0000] {logging_mixin.py:149} INFO - [2023-06-14T18:36:41.798+0000] {dag.py:2726} INFO - Sync 1 DAGs
[2023-06-14T18:36:41.851+0000] {logging_mixin.py:149} INFO - [2023-06-14T18:36:41.851+0000] {dag.py:3490} INFO - Setting next_dagrun for dag_with_python_dependencies to 2023-06-14T00:00:00+00:00, run_after=2023-06-15T00:00:00+00:00
[2023-06-14T18:36:41.899+0000] {processor.py:179} INFO - Processing /opt/airflow/dags/dag_avec_extending.py took 0.197 seconds
[2023-06-14T18:37:12.598+0000] {processor.py:157} INFO - Started process (PID=290) to work on /opt/airflow/dags/dag_avec_extending.py
[2023-06-14T18:37:12.601+0000] {processor.py:826} INFO - Processing file /opt/airflow/dags/dag_avec_extending.py for tasks to queue
[2023-06-14T18:37:12.603+0000] {logging_mixin.py:149} INFO - [2023-06-14T18:37:12.602+0000] {dagbag.py:541} INFO - Filling up the DagBag from /opt/airflow/dags/dag_avec_extending.py
[2023-06-14T18:37:12.617+0000] {processor.py:836} INFO - DAG(s) dict_keys(['dag_with_python_dependencies']) retrieved from /opt/airflow/dags/dag_avec_extending.py
[2023-06-14T18:37:12.665+0000] {logging_mixin.py:149} INFO - [2023-06-14T18:37:12.665+0000] {dag.py:2726} INFO - Sync 1 DAGs
[2023-06-14T18:37:12.713+0000] {logging_mixin.py:149} INFO - [2023-06-14T18:37:12.712+0000] {dag.py:3490} INFO - Setting next_dagrun for dag_with_python_dependencies to 2023-06-14T00:00:00+00:00, run_after=2023-06-15T00:00:00+00:00
[2023-06-14T18:37:12.756+0000] {processor.py:179} INFO - Processing /opt/airflow/dags/dag_avec_extending.py took 0.163 seconds
[2023-06-14T18:37:43.469+0000] {processor.py:157} INFO - Started process (PID=332) to work on /opt/airflow/dags/dag_avec_extending.py
[2023-06-14T18:37:43.472+0000] {processor.py:826} INFO - Processing file /opt/airflow/dags/dag_avec_extending.py for tasks to queue
[2023-06-14T18:37:43.474+0000] {logging_mixin.py:149} INFO - [2023-06-14T18:37:43.473+0000] {dagbag.py:541} INFO - Filling up the DagBag from /opt/airflow/dags/dag_avec_extending.py
[2023-06-14T18:37:43.490+0000] {processor.py:836} INFO - DAG(s) dict_keys(['dag_with_python_dependencies']) retrieved from /opt/airflow/dags/dag_avec_extending.py
[2023-06-14T18:37:43.553+0000] {logging_mixin.py:149} INFO - [2023-06-14T18:37:43.552+0000] {dag.py:2726} INFO - Sync 1 DAGs
[2023-06-14T18:37:43.603+0000] {logging_mixin.py:149} INFO - [2023-06-14T18:37:43.603+0000] {dag.py:3490} INFO - Setting next_dagrun for dag_with_python_dependencies to 2023-06-14T00:00:00+00:00, run_after=2023-06-15T00:00:00+00:00
[2023-06-14T18:37:43.655+0000] {processor.py:179} INFO - Processing /opt/airflow/dags/dag_avec_extending.py took 0.192 seconds
[2023-06-14T18:38:14.337+0000] {processor.py:157} INFO - Started process (PID=374) to work on /opt/airflow/dags/dag_avec_extending.py
[2023-06-14T18:38:14.339+0000] {processor.py:826} INFO - Processing file /opt/airflow/dags/dag_avec_extending.py for tasks to queue
[2023-06-14T18:38:14.341+0000] {logging_mixin.py:149} INFO - [2023-06-14T18:38:14.341+0000] {dagbag.py:541} INFO - Filling up the DagBag from /opt/airflow/dags/dag_avec_extending.py
[2023-06-14T18:38:14.359+0000] {processor.py:836} INFO - DAG(s) dict_keys(['dag_with_python_dependencies']) retrieved from /opt/airflow/dags/dag_avec_extending.py
[2023-06-14T18:38:14.406+0000] {logging_mixin.py:149} INFO - [2023-06-14T18:38:14.406+0000] {dag.py:2726} INFO - Sync 1 DAGs
[2023-06-14T18:38:14.453+0000] {logging_mixin.py:149} INFO - [2023-06-14T18:38:14.453+0000] {dag.py:3490} INFO - Setting next_dagrun for dag_with_python_dependencies to 2023-06-14T00:00:00+00:00, run_after=2023-06-15T00:00:00+00:00
[2023-06-14T18:38:14.490+0000] {processor.py:179} INFO - Processing /opt/airflow/dags/dag_avec_extending.py took 0.158 seconds
[2023-06-14T18:38:45.318+0000] {processor.py:157} INFO - Started process (PID=416) to work on /opt/airflow/dags/dag_avec_extending.py
[2023-06-14T18:38:45.320+0000] {processor.py:826} INFO - Processing file /opt/airflow/dags/dag_avec_extending.py for tasks to queue
[2023-06-14T18:38:45.321+0000] {logging_mixin.py:149} INFO - [2023-06-14T18:38:45.321+0000] {dagbag.py:541} INFO - Filling up the DagBag from /opt/airflow/dags/dag_avec_extending.py
[2023-06-14T18:38:45.339+0000] {processor.py:836} INFO - DAG(s) dict_keys(['dag_with_python_dependencies']) retrieved from /opt/airflow/dags/dag_avec_extending.py
[2023-06-14T18:38:45.391+0000] {logging_mixin.py:149} INFO - [2023-06-14T18:38:45.391+0000] {dag.py:2726} INFO - Sync 1 DAGs
[2023-06-14T18:38:45.478+0000] {logging_mixin.py:149} INFO - [2023-06-14T18:38:45.478+0000] {dag.py:3490} INFO - Setting next_dagrun for dag_with_python_dependencies to 2023-06-14T00:00:00+00:00, run_after=2023-06-15T00:00:00+00:00
[2023-06-14T18:38:45.537+0000] {processor.py:179} INFO - Processing /opt/airflow/dags/dag_avec_extending.py took 0.225 seconds
[2023-06-14T18:39:16.563+0000] {processor.py:157} INFO - Started process (PID=457) to work on /opt/airflow/dags/dag_avec_extending.py
[2023-06-14T18:39:16.565+0000] {processor.py:826} INFO - Processing file /opt/airflow/dags/dag_avec_extending.py for tasks to queue
[2023-06-14T18:39:16.566+0000] {logging_mixin.py:149} INFO - [2023-06-14T18:39:16.566+0000] {dagbag.py:541} INFO - Filling up the DagBag from /opt/airflow/dags/dag_avec_extending.py
[2023-06-14T18:39:16.584+0000] {processor.py:836} INFO - DAG(s) dict_keys(['dag_with_python_dependencies']) retrieved from /opt/airflow/dags/dag_avec_extending.py
[2023-06-14T18:39:16.644+0000] {logging_mixin.py:149} INFO - [2023-06-14T18:39:16.643+0000] {dag.py:2726} INFO - Sync 1 DAGs
[2023-06-14T18:39:16.696+0000] {logging_mixin.py:149} INFO - [2023-06-14T18:39:16.695+0000] {dag.py:3490} INFO - Setting next_dagrun for dag_with_python_dependencies to 2023-06-14T00:00:00+00:00, run_after=2023-06-15T00:00:00+00:00
[2023-06-14T18:39:16.738+0000] {processor.py:179} INFO - Processing /opt/airflow/dags/dag_avec_extending.py took 0.183 seconds
[2023-06-14T18:39:44.438+0000] {processor.py:157} INFO - Started process (PID=503) to work on /opt/airflow/dags/dag_avec_extending.py
[2023-06-14T18:39:44.440+0000] {processor.py:826} INFO - Processing file /opt/airflow/dags/dag_avec_extending.py for tasks to queue
[2023-06-14T18:39:44.441+0000] {logging_mixin.py:149} INFO - [2023-06-14T18:39:44.441+0000] {dagbag.py:541} INFO - Filling up the DagBag from /opt/airflow/dags/dag_avec_extending.py
[2023-06-14T18:39:44.460+0000] {processor.py:836} INFO - DAG(s) dict_keys(['dag_with_python_dependencies']) retrieved from /opt/airflow/dags/dag_avec_extending.py
[2023-06-14T18:39:44.500+0000] {logging_mixin.py:149} INFO - [2023-06-14T18:39:44.500+0000] {dag.py:2726} INFO - Sync 1 DAGs
[2023-06-14T18:39:44.539+0000] {logging_mixin.py:149} INFO - [2023-06-14T18:39:44.539+0000] {dag.py:3490} INFO - Setting next_dagrun for dag_with_python_dependencies to 2023-06-14T00:00:00+00:00, run_after=2023-06-15T00:00:00+00:00
[2023-06-14T18:39:44.590+0000] {processor.py:179} INFO - Processing /opt/airflow/dags/dag_avec_extending.py took 0.156 seconds
[2023-06-14T18:40:14.436+0000] {processor.py:157} INFO - Started process (PID=164) to work on /opt/airflow/dags/dag_avec_extending.py
[2023-06-14T18:40:14.438+0000] {processor.py:826} INFO - Processing file /opt/airflow/dags/dag_avec_extending.py for tasks to queue
[2023-06-14T18:40:14.440+0000] {logging_mixin.py:149} INFO - [2023-06-14T18:40:14.439+0000] {dagbag.py:541} INFO - Filling up the DagBag from /opt/airflow/dags/dag_avec_extending.py
[2023-06-14T18:40:14.473+0000] {processor.py:836} INFO - DAG(s) dict_keys(['dag_with_python_dependencies']) retrieved from /opt/airflow/dags/dag_avec_extending.py
[2023-06-14T18:40:14.647+0000] {logging_mixin.py:149} INFO - [2023-06-14T18:40:14.647+0000] {dag.py:2726} INFO - Sync 1 DAGs
[2023-06-14T18:40:14.691+0000] {logging_mixin.py:149} INFO - [2023-06-14T18:40:14.691+0000] {dag.py:3490} INFO - Setting next_dagrun for dag_with_python_dependencies to 2023-06-14T00:00:00+00:00, run_after=2023-06-15T00:00:00+00:00
[2023-06-14T18:40:14.736+0000] {processor.py:179} INFO - Processing /opt/airflow/dags/dag_avec_extending.py took 0.304 seconds
[2023-06-14T18:40:45.189+0000] {processor.py:157} INFO - Started process (PID=207) to work on /opt/airflow/dags/dag_avec_extending.py
[2023-06-14T18:40:45.191+0000] {processor.py:826} INFO - Processing file /opt/airflow/dags/dag_avec_extending.py for tasks to queue
[2023-06-14T18:40:45.193+0000] {logging_mixin.py:149} INFO - [2023-06-14T18:40:45.193+0000] {dagbag.py:541} INFO - Filling up the DagBag from /opt/airflow/dags/dag_avec_extending.py
[2023-06-14T18:40:45.232+0000] {processor.py:836} INFO - DAG(s) dict_keys(['dag_with_python_dependencies']) retrieved from /opt/airflow/dags/dag_avec_extending.py
[2023-06-14T18:40:45.309+0000] {logging_mixin.py:149} INFO - [2023-06-14T18:40:45.309+0000] {dag.py:2726} INFO - Sync 1 DAGs
[2023-06-14T18:40:45.441+0000] {logging_mixin.py:149} INFO - [2023-06-14T18:40:45.441+0000] {dag.py:3490} INFO - Setting next_dagrun for dag_with_python_dependencies to 2023-06-14T00:00:00+00:00, run_after=2023-06-15T00:00:00+00:00
[2023-06-14T18:40:45.722+0000] {processor.py:179} INFO - Processing /opt/airflow/dags/dag_avec_extending.py took 0.539 seconds
[2023-06-14T18:41:16.342+0000] {processor.py:157} INFO - Started process (PID=267) to work on /opt/airflow/dags/dag_avec_extending.py
[2023-06-14T18:41:16.344+0000] {processor.py:826} INFO - Processing file /opt/airflow/dags/dag_avec_extending.py for tasks to queue
[2023-06-14T18:41:16.346+0000] {logging_mixin.py:149} INFO - [2023-06-14T18:41:16.345+0000] {dagbag.py:541} INFO - Filling up the DagBag from /opt/airflow/dags/dag_avec_extending.py
[2023-06-14T18:41:16.367+0000] {processor.py:836} INFO - DAG(s) dict_keys(['dag_with_python_dependencies']) retrieved from /opt/airflow/dags/dag_avec_extending.py
[2023-06-14T18:41:16.442+0000] {logging_mixin.py:149} INFO - [2023-06-14T18:41:16.442+0000] {dag.py:2726} INFO - Sync 1 DAGs
[2023-06-14T18:41:16.764+0000] {logging_mixin.py:149} INFO - [2023-06-14T18:41:16.763+0000] {dag.py:3490} INFO - Setting next_dagrun for dag_with_python_dependencies to 2023-06-14T00:00:00+00:00, run_after=2023-06-15T00:00:00+00:00
[2023-06-14T18:41:16.813+0000] {processor.py:179} INFO - Processing /opt/airflow/dags/dag_avec_extending.py took 0.474 seconds
[2023-06-14T18:41:47.160+0000] {processor.py:157} INFO - Started process (PID=309) to work on /opt/airflow/dags/dag_avec_extending.py
[2023-06-14T18:41:47.162+0000] {processor.py:826} INFO - Processing file /opt/airflow/dags/dag_avec_extending.py for tasks to queue
[2023-06-14T18:41:47.164+0000] {logging_mixin.py:149} INFO - [2023-06-14T18:41:47.163+0000] {dagbag.py:541} INFO - Filling up the DagBag from /opt/airflow/dags/dag_avec_extending.py
[2023-06-14T18:41:47.180+0000] {processor.py:836} INFO - DAG(s) dict_keys(['dag_with_python_dependencies']) retrieved from /opt/airflow/dags/dag_avec_extending.py
[2023-06-14T18:41:47.257+0000] {logging_mixin.py:149} INFO - [2023-06-14T18:41:47.257+0000] {dag.py:2726} INFO - Sync 1 DAGs
[2023-06-14T18:41:47.550+0000] {logging_mixin.py:149} INFO - [2023-06-14T18:41:47.550+0000] {dag.py:3490} INFO - Setting next_dagrun for dag_with_python_dependencies to 2023-06-14T00:00:00+00:00, run_after=2023-06-15T00:00:00+00:00
[2023-06-14T18:41:47.597+0000] {processor.py:179} INFO - Processing /opt/airflow/dags/dag_avec_extending.py took 0.442 seconds
[2023-06-14T18:42:17.907+0000] {processor.py:157} INFO - Started process (PID=351) to work on /opt/airflow/dags/dag_avec_extending.py
[2023-06-14T18:42:17.908+0000] {processor.py:826} INFO - Processing file /opt/airflow/dags/dag_avec_extending.py for tasks to queue
[2023-06-14T18:42:17.910+0000] {logging_mixin.py:149} INFO - [2023-06-14T18:42:17.909+0000] {dagbag.py:541} INFO - Filling up the DagBag from /opt/airflow/dags/dag_avec_extending.py
[2023-06-14T18:42:17.923+0000] {processor.py:836} INFO - DAG(s) dict_keys(['dag_with_python_dependencies']) retrieved from /opt/airflow/dags/dag_avec_extending.py
[2023-06-14T18:42:18.122+0000] {logging_mixin.py:149} INFO - [2023-06-14T18:42:18.122+0000] {dag.py:2726} INFO - Sync 1 DAGs
[2023-06-14T18:42:18.152+0000] {logging_mixin.py:149} INFO - [2023-06-14T18:42:18.151+0000] {dag.py:3490} INFO - Setting next_dagrun for dag_with_python_dependencies to 2023-06-14T00:00:00+00:00, run_after=2023-06-15T00:00:00+00:00
[2023-06-14T18:42:18.184+0000] {processor.py:179} INFO - Processing /opt/airflow/dags/dag_avec_extending.py took 0.281 seconds
[2023-06-14T18:42:48.397+0000] {processor.py:157} INFO - Started process (PID=393) to work on /opt/airflow/dags/dag_avec_extending.py
[2023-06-14T18:42:48.399+0000] {processor.py:826} INFO - Processing file /opt/airflow/dags/dag_avec_extending.py for tasks to queue
[2023-06-14T18:42:48.401+0000] {logging_mixin.py:149} INFO - [2023-06-14T18:42:48.400+0000] {dagbag.py:541} INFO - Filling up the DagBag from /opt/airflow/dags/dag_avec_extending.py
[2023-06-14T18:42:48.416+0000] {processor.py:836} INFO - DAG(s) dict_keys(['dag_with_python_dependencies']) retrieved from /opt/airflow/dags/dag_avec_extending.py
[2023-06-14T18:42:48.623+0000] {logging_mixin.py:149} INFO - [2023-06-14T18:42:48.622+0000] {dag.py:2726} INFO - Sync 1 DAGs
[2023-06-14T18:42:48.659+0000] {logging_mixin.py:149} INFO - [2023-06-14T18:42:48.659+0000] {dag.py:3490} INFO - Setting next_dagrun for dag_with_python_dependencies to 2023-06-14T00:00:00+00:00, run_after=2023-06-15T00:00:00+00:00
[2023-06-14T18:42:48.698+0000] {processor.py:179} INFO - Processing /opt/airflow/dags/dag_avec_extending.py took 0.305 seconds
[2023-06-14T18:43:19.078+0000] {processor.py:157} INFO - Started process (PID=435) to work on /opt/airflow/dags/dag_avec_extending.py
[2023-06-14T18:43:19.081+0000] {processor.py:826} INFO - Processing file /opt/airflow/dags/dag_avec_extending.py for tasks to queue
[2023-06-14T18:43:19.082+0000] {logging_mixin.py:149} INFO - [2023-06-14T18:43:19.082+0000] {dagbag.py:541} INFO - Filling up the DagBag from /opt/airflow/dags/dag_avec_extending.py
[2023-06-14T18:43:19.097+0000] {processor.py:836} INFO - DAG(s) dict_keys(['dag_with_python_dependencies']) retrieved from /opt/airflow/dags/dag_avec_extending.py
[2023-06-14T18:43:19.151+0000] {logging_mixin.py:149} INFO - [2023-06-14T18:43:19.151+0000] {dag.py:2726} INFO - Sync 1 DAGs
[2023-06-14T18:43:19.193+0000] {logging_mixin.py:149} INFO - [2023-06-14T18:43:19.192+0000] {dag.py:3490} INFO - Setting next_dagrun for dag_with_python_dependencies to 2023-06-14T00:00:00+00:00, run_after=2023-06-15T00:00:00+00:00
[2023-06-14T18:43:19.233+0000] {processor.py:179} INFO - Processing /opt/airflow/dags/dag_avec_extending.py took 0.160 seconds
[2023-06-14T18:43:49.342+0000] {processor.py:157} INFO - Started process (PID=477) to work on /opt/airflow/dags/dag_avec_extending.py
[2023-06-14T18:43:49.344+0000] {processor.py:826} INFO - Processing file /opt/airflow/dags/dag_avec_extending.py for tasks to queue
[2023-06-14T18:43:49.345+0000] {logging_mixin.py:149} INFO - [2023-06-14T18:43:49.345+0000] {dagbag.py:541} INFO - Filling up the DagBag from /opt/airflow/dags/dag_avec_extending.py
[2023-06-14T18:43:49.359+0000] {processor.py:836} INFO - DAG(s) dict_keys(['dag_with_python_dependencies']) retrieved from /opt/airflow/dags/dag_avec_extending.py
[2023-06-14T18:43:49.414+0000] {logging_mixin.py:149} INFO - [2023-06-14T18:43:49.414+0000] {dag.py:2726} INFO - Sync 1 DAGs
[2023-06-14T18:43:49.467+0000] {logging_mixin.py:149} INFO - [2023-06-14T18:43:49.467+0000] {dag.py:3490} INFO - Setting next_dagrun for dag_with_python_dependencies to 2023-06-14T00:00:00+00:00, run_after=2023-06-15T00:00:00+00:00
[2023-06-14T18:43:49.509+0000] {processor.py:179} INFO - Processing /opt/airflow/dags/dag_avec_extending.py took 0.172 seconds
[2023-06-14T18:44:19.584+0000] {processor.py:157} INFO - Started process (PID=519) to work on /opt/airflow/dags/dag_avec_extending.py
[2023-06-14T18:44:19.586+0000] {processor.py:826} INFO - Processing file /opt/airflow/dags/dag_avec_extending.py for tasks to queue
[2023-06-14T18:44:19.588+0000] {logging_mixin.py:149} INFO - [2023-06-14T18:44:19.588+0000] {dagbag.py:541} INFO - Filling up the DagBag from /opt/airflow/dags/dag_avec_extending.py
[2023-06-14T18:44:19.601+0000] {processor.py:836} INFO - DAG(s) dict_keys(['dag_with_python_dependencies']) retrieved from /opt/airflow/dags/dag_avec_extending.py
[2023-06-14T18:44:19.661+0000] {logging_mixin.py:149} INFO - [2023-06-14T18:44:19.660+0000] {dag.py:2726} INFO - Sync 1 DAGs
[2023-06-14T18:44:19.720+0000] {logging_mixin.py:149} INFO - [2023-06-14T18:44:19.720+0000] {dag.py:3490} INFO - Setting next_dagrun for dag_with_python_dependencies to 2023-06-14T00:00:00+00:00, run_after=2023-06-15T00:00:00+00:00
[2023-06-14T18:44:19.759+0000] {processor.py:179} INFO - Processing /opt/airflow/dags/dag_avec_extending.py took 0.181 seconds
[2023-06-14T18:44:49.836+0000] {processor.py:157} INFO - Started process (PID=561) to work on /opt/airflow/dags/dag_avec_extending.py
[2023-06-14T18:44:49.838+0000] {processor.py:826} INFO - Processing file /opt/airflow/dags/dag_avec_extending.py for tasks to queue
[2023-06-14T18:44:49.841+0000] {logging_mixin.py:149} INFO - [2023-06-14T18:44:49.839+0000] {dagbag.py:541} INFO - Filling up the DagBag from /opt/airflow/dags/dag_avec_extending.py
[2023-06-14T18:44:49.858+0000] {processor.py:836} INFO - DAG(s) dict_keys(['dag_with_python_dependencies']) retrieved from /opt/airflow/dags/dag_avec_extending.py
[2023-06-14T18:44:49.921+0000] {logging_mixin.py:149} INFO - [2023-06-14T18:44:49.920+0000] {dag.py:2726} INFO - Sync 1 DAGs
[2023-06-14T18:44:49.967+0000] {logging_mixin.py:149} INFO - [2023-06-14T18:44:49.967+0000] {dag.py:3490} INFO - Setting next_dagrun for dag_with_python_dependencies to 2023-06-14T00:00:00+00:00, run_after=2023-06-15T00:00:00+00:00
[2023-06-14T18:44:50.011+0000] {processor.py:179} INFO - Processing /opt/airflow/dags/dag_avec_extending.py took 0.182 seconds
[2023-06-14T18:45:20.166+0000] {processor.py:157} INFO - Started process (PID=603) to work on /opt/airflow/dags/dag_avec_extending.py
[2023-06-14T18:45:20.168+0000] {processor.py:826} INFO - Processing file /opt/airflow/dags/dag_avec_extending.py for tasks to queue
[2023-06-14T18:45:20.170+0000] {logging_mixin.py:149} INFO - [2023-06-14T18:45:20.170+0000] {dagbag.py:541} INFO - Filling up the DagBag from /opt/airflow/dags/dag_avec_extending.py
[2023-06-14T18:45:20.185+0000] {processor.py:836} INFO - DAG(s) dict_keys(['dag_with_python_dependencies']) retrieved from /opt/airflow/dags/dag_avec_extending.py
[2023-06-14T18:45:20.249+0000] {logging_mixin.py:149} INFO - [2023-06-14T18:45:20.248+0000] {dag.py:2726} INFO - Sync 1 DAGs
[2023-06-14T18:45:20.297+0000] {logging_mixin.py:149} INFO - [2023-06-14T18:45:20.297+0000] {dag.py:3490} INFO - Setting next_dagrun for dag_with_python_dependencies to 2023-06-14T00:00:00+00:00, run_after=2023-06-15T00:00:00+00:00
[2023-06-14T18:45:20.339+0000] {processor.py:179} INFO - Processing /opt/airflow/dags/dag_avec_extending.py took 0.181 seconds
[2023-06-14T18:45:51.195+0000] {processor.py:157} INFO - Started process (PID=645) to work on /opt/airflow/dags/dag_avec_extending.py
[2023-06-14T18:45:51.197+0000] {processor.py:826} INFO - Processing file /opt/airflow/dags/dag_avec_extending.py for tasks to queue
[2023-06-14T18:45:51.199+0000] {logging_mixin.py:149} INFO - [2023-06-14T18:45:51.199+0000] {dagbag.py:541} INFO - Filling up the DagBag from /opt/airflow/dags/dag_avec_extending.py
[2023-06-14T18:45:51.215+0000] {processor.py:836} INFO - DAG(s) dict_keys(['dag_with_python_dependencies']) retrieved from /opt/airflow/dags/dag_avec_extending.py
[2023-06-14T18:45:51.275+0000] {logging_mixin.py:149} INFO - [2023-06-14T18:45:51.275+0000] {dag.py:2726} INFO - Sync 1 DAGs
[2023-06-14T18:45:51.333+0000] {logging_mixin.py:149} INFO - [2023-06-14T18:45:51.332+0000] {dag.py:3490} INFO - Setting next_dagrun for dag_with_python_dependencies to 2023-06-14T00:00:00+00:00, run_after=2023-06-15T00:00:00+00:00
[2023-06-14T18:45:51.376+0000] {processor.py:179} INFO - Processing /opt/airflow/dags/dag_avec_extending.py took 0.185 seconds
[2023-06-14T18:46:22.210+0000] {processor.py:157} INFO - Started process (PID=687) to work on /opt/airflow/dags/dag_avec_extending.py
[2023-06-14T18:46:22.212+0000] {processor.py:826} INFO - Processing file /opt/airflow/dags/dag_avec_extending.py for tasks to queue
[2023-06-14T18:46:22.213+0000] {logging_mixin.py:149} INFO - [2023-06-14T18:46:22.213+0000] {dagbag.py:541} INFO - Filling up the DagBag from /opt/airflow/dags/dag_avec_extending.py
[2023-06-14T18:46:22.229+0000] {processor.py:836} INFO - DAG(s) dict_keys(['dag_with_python_dependencies']) retrieved from /opt/airflow/dags/dag_avec_extending.py
[2023-06-14T18:46:22.286+0000] {logging_mixin.py:149} INFO - [2023-06-14T18:46:22.286+0000] {dag.py:2726} INFO - Sync 1 DAGs
[2023-06-14T18:46:22.334+0000] {logging_mixin.py:149} INFO - [2023-06-14T18:46:22.334+0000] {dag.py:3490} INFO - Setting next_dagrun for dag_with_python_dependencies to 2023-06-14T00:00:00+00:00, run_after=2023-06-15T00:00:00+00:00
[2023-06-14T18:46:22.380+0000] {processor.py:179} INFO - Processing /opt/airflow/dags/dag_avec_extending.py took 0.174 seconds
[2023-06-14T18:46:53.206+0000] {processor.py:157} INFO - Started process (PID=730) to work on /opt/airflow/dags/dag_avec_extending.py
[2023-06-14T18:46:53.209+0000] {processor.py:826} INFO - Processing file /opt/airflow/dags/dag_avec_extending.py for tasks to queue
[2023-06-14T18:46:53.211+0000] {logging_mixin.py:149} INFO - [2023-06-14T18:46:53.210+0000] {dagbag.py:541} INFO - Filling up the DagBag from /opt/airflow/dags/dag_avec_extending.py
[2023-06-14T18:46:53.228+0000] {processor.py:836} INFO - DAG(s) dict_keys(['dag_with_python_dependencies']) retrieved from /opt/airflow/dags/dag_avec_extending.py
[2023-06-14T18:46:53.295+0000] {logging_mixin.py:149} INFO - [2023-06-14T18:46:53.294+0000] {dag.py:2726} INFO - Sync 1 DAGs
[2023-06-14T18:46:53.369+0000] {logging_mixin.py:149} INFO - [2023-06-14T18:46:53.368+0000] {dag.py:3490} INFO - Setting next_dagrun for dag_with_python_dependencies to 2023-06-14T00:00:00+00:00, run_after=2023-06-15T00:00:00+00:00
[2023-06-14T18:46:53.419+0000] {processor.py:179} INFO - Processing /opt/airflow/dags/dag_avec_extending.py took 0.218 seconds
[2023-06-14T18:47:23.660+0000] {processor.py:157} INFO - Started process (PID=773) to work on /opt/airflow/dags/dag_avec_extending.py
[2023-06-14T18:47:23.662+0000] {processor.py:826} INFO - Processing file /opt/airflow/dags/dag_avec_extending.py for tasks to queue
[2023-06-14T18:47:23.663+0000] {logging_mixin.py:149} INFO - [2023-06-14T18:47:23.663+0000] {dagbag.py:541} INFO - Filling up the DagBag from /opt/airflow/dags/dag_avec_extending.py
[2023-06-14T18:47:23.679+0000] {processor.py:836} INFO - DAG(s) dict_keys(['dag_with_python_dependencies']) retrieved from /opt/airflow/dags/dag_avec_extending.py
[2023-06-14T18:47:23.728+0000] {logging_mixin.py:149} INFO - [2023-06-14T18:47:23.728+0000] {dag.py:2726} INFO - Sync 1 DAGs
[2023-06-14T18:47:23.781+0000] {logging_mixin.py:149} INFO - [2023-06-14T18:47:23.781+0000] {dag.py:3490} INFO - Setting next_dagrun for dag_with_python_dependencies to 2023-06-14T00:00:00+00:00, run_after=2023-06-15T00:00:00+00:00
[2023-06-14T18:47:23.831+0000] {processor.py:179} INFO - Processing /opt/airflow/dags/dag_avec_extending.py took 0.176 seconds
[2023-06-14T18:47:53.949+0000] {processor.py:157} INFO - Started process (PID=815) to work on /opt/airflow/dags/dag_avec_extending.py
[2023-06-14T18:47:53.951+0000] {processor.py:826} INFO - Processing file /opt/airflow/dags/dag_avec_extending.py for tasks to queue
[2023-06-14T18:47:53.953+0000] {logging_mixin.py:149} INFO - [2023-06-14T18:47:53.953+0000] {dagbag.py:541} INFO - Filling up the DagBag from /opt/airflow/dags/dag_avec_extending.py
[2023-06-14T18:47:53.969+0000] {processor.py:836} INFO - DAG(s) dict_keys(['dag_with_python_dependencies']) retrieved from /opt/airflow/dags/dag_avec_extending.py
[2023-06-14T18:47:54.021+0000] {logging_mixin.py:149} INFO - [2023-06-14T18:47:54.021+0000] {dag.py:2726} INFO - Sync 1 DAGs
[2023-06-14T18:47:54.066+0000] {logging_mixin.py:149} INFO - [2023-06-14T18:47:54.066+0000] {dag.py:3490} INFO - Setting next_dagrun for dag_with_python_dependencies to 2023-06-14T00:00:00+00:00, run_after=2023-06-15T00:00:00+00:00
[2023-06-14T18:47:54.122+0000] {processor.py:179} INFO - Processing /opt/airflow/dags/dag_avec_extending.py took 0.178 seconds
[2023-06-14T18:48:24.192+0000] {processor.py:157} INFO - Started process (PID=857) to work on /opt/airflow/dags/dag_avec_extending.py
[2023-06-14T18:48:24.194+0000] {processor.py:826} INFO - Processing file /opt/airflow/dags/dag_avec_extending.py for tasks to queue
[2023-06-14T18:48:24.195+0000] {logging_mixin.py:149} INFO - [2023-06-14T18:48:24.195+0000] {dagbag.py:541} INFO - Filling up the DagBag from /opt/airflow/dags/dag_avec_extending.py
[2023-06-14T18:48:24.208+0000] {processor.py:836} INFO - DAG(s) dict_keys(['dag_with_python_dependencies']) retrieved from /opt/airflow/dags/dag_avec_extending.py
[2023-06-14T18:48:24.256+0000] {logging_mixin.py:149} INFO - [2023-06-14T18:48:24.256+0000] {dag.py:2726} INFO - Sync 1 DAGs
[2023-06-14T18:48:24.298+0000] {logging_mixin.py:149} INFO - [2023-06-14T18:48:24.297+0000] {dag.py:3490} INFO - Setting next_dagrun for dag_with_python_dependencies to 2023-06-14T00:00:00+00:00, run_after=2023-06-15T00:00:00+00:00
[2023-06-14T18:48:24.338+0000] {processor.py:179} INFO - Processing /opt/airflow/dags/dag_avec_extending.py took 0.150 seconds
[2023-06-14T18:48:55.151+0000] {processor.py:157} INFO - Started process (PID=899) to work on /opt/airflow/dags/dag_avec_extending.py
[2023-06-14T18:48:55.154+0000] {processor.py:826} INFO - Processing file /opt/airflow/dags/dag_avec_extending.py for tasks to queue
[2023-06-14T18:48:55.155+0000] {logging_mixin.py:149} INFO - [2023-06-14T18:48:55.155+0000] {dagbag.py:541} INFO - Filling up the DagBag from /opt/airflow/dags/dag_avec_extending.py
[2023-06-14T18:48:55.167+0000] {processor.py:836} INFO - DAG(s) dict_keys(['dag_with_python_dependencies']) retrieved from /opt/airflow/dags/dag_avec_extending.py
[2023-06-14T18:48:55.213+0000] {logging_mixin.py:149} INFO - [2023-06-14T18:48:55.212+0000] {dag.py:2726} INFO - Sync 1 DAGs
[2023-06-14T18:48:55.267+0000] {logging_mixin.py:149} INFO - [2023-06-14T18:48:55.267+0000] {dag.py:3490} INFO - Setting next_dagrun for dag_with_python_dependencies to 2023-06-14T00:00:00+00:00, run_after=2023-06-15T00:00:00+00:00
[2023-06-14T18:48:55.319+0000] {processor.py:179} INFO - Processing /opt/airflow/dags/dag_avec_extending.py took 0.172 seconds
[2023-06-14T18:49:25.926+0000] {processor.py:157} INFO - Started process (PID=942) to work on /opt/airflow/dags/dag_avec_extending.py
[2023-06-14T18:49:25.927+0000] {processor.py:826} INFO - Processing file /opt/airflow/dags/dag_avec_extending.py for tasks to queue
[2023-06-14T18:49:25.928+0000] {logging_mixin.py:149} INFO - [2023-06-14T18:49:25.928+0000] {dagbag.py:541} INFO - Filling up the DagBag from /opt/airflow/dags/dag_avec_extending.py
[2023-06-14T18:49:25.942+0000] {processor.py:836} INFO - DAG(s) dict_keys(['dag_with_python_dependencies']) retrieved from /opt/airflow/dags/dag_avec_extending.py
[2023-06-14T18:49:25.982+0000] {logging_mixin.py:149} INFO - [2023-06-14T18:49:25.982+0000] {dag.py:2726} INFO - Sync 1 DAGs
[2023-06-14T18:49:26.022+0000] {logging_mixin.py:149} INFO - [2023-06-14T18:49:26.022+0000] {dag.py:3490} INFO - Setting next_dagrun for dag_with_python_dependencies to 2023-06-14T00:00:00+00:00, run_after=2023-06-15T00:00:00+00:00
[2023-06-14T18:49:26.051+0000] {processor.py:179} INFO - Processing /opt/airflow/dags/dag_avec_extending.py took 0.130 seconds
[2023-06-14T18:49:56.641+0000] {processor.py:157} INFO - Started process (PID=984) to work on /opt/airflow/dags/dag_avec_extending.py
[2023-06-14T18:49:56.643+0000] {processor.py:826} INFO - Processing file /opt/airflow/dags/dag_avec_extending.py for tasks to queue
[2023-06-14T18:49:56.645+0000] {logging_mixin.py:149} INFO - [2023-06-14T18:49:56.645+0000] {dagbag.py:541} INFO - Filling up the DagBag from /opt/airflow/dags/dag_avec_extending.py
[2023-06-14T18:49:56.661+0000] {processor.py:836} INFO - DAG(s) dict_keys(['dag_with_python_dependencies']) retrieved from /opt/airflow/dags/dag_avec_extending.py
[2023-06-14T18:49:56.716+0000] {logging_mixin.py:149} INFO - [2023-06-14T18:49:56.716+0000] {dag.py:2726} INFO - Sync 1 DAGs
[2023-06-14T18:49:56.764+0000] {logging_mixin.py:149} INFO - [2023-06-14T18:49:56.764+0000] {dag.py:3490} INFO - Setting next_dagrun for dag_with_python_dependencies to 2023-06-14T00:00:00+00:00, run_after=2023-06-15T00:00:00+00:00
[2023-06-14T18:49:56.805+0000] {processor.py:179} INFO - Processing /opt/airflow/dags/dag_avec_extending.py took 0.171 seconds
[2023-06-14T18:50:27.447+0000] {processor.py:157} INFO - Started process (PID=1025) to work on /opt/airflow/dags/dag_avec_extending.py
[2023-06-14T18:50:27.449+0000] {processor.py:826} INFO - Processing file /opt/airflow/dags/dag_avec_extending.py for tasks to queue
[2023-06-14T18:50:27.451+0000] {logging_mixin.py:149} INFO - [2023-06-14T18:50:27.451+0000] {dagbag.py:541} INFO - Filling up the DagBag from /opt/airflow/dags/dag_avec_extending.py
[2023-06-14T18:50:27.468+0000] {processor.py:836} INFO - DAG(s) dict_keys(['dag_with_python_dependencies']) retrieved from /opt/airflow/dags/dag_avec_extending.py
[2023-06-14T18:50:27.516+0000] {logging_mixin.py:149} INFO - [2023-06-14T18:50:27.516+0000] {dag.py:2726} INFO - Sync 1 DAGs
[2023-06-14T18:50:27.557+0000] {logging_mixin.py:149} INFO - [2023-06-14T18:50:27.557+0000] {dag.py:3490} INFO - Setting next_dagrun for dag_with_python_dependencies to 2023-06-14T00:00:00+00:00, run_after=2023-06-15T00:00:00+00:00
[2023-06-14T18:50:27.592+0000] {processor.py:179} INFO - Processing /opt/airflow/dags/dag_avec_extending.py took 0.149 seconds
[2023-06-14T18:50:58.321+0000] {processor.py:157} INFO - Started process (PID=1067) to work on /opt/airflow/dags/dag_avec_extending.py
[2023-06-14T18:50:58.322+0000] {processor.py:826} INFO - Processing file /opt/airflow/dags/dag_avec_extending.py for tasks to queue
[2023-06-14T18:50:58.324+0000] {logging_mixin.py:149} INFO - [2023-06-14T18:50:58.323+0000] {dagbag.py:541} INFO - Filling up the DagBag from /opt/airflow/dags/dag_avec_extending.py
[2023-06-14T18:50:58.340+0000] {processor.py:836} INFO - DAG(s) dict_keys(['dag_with_python_dependencies']) retrieved from /opt/airflow/dags/dag_avec_extending.py
[2023-06-14T18:50:58.413+0000] {logging_mixin.py:149} INFO - [2023-06-14T18:50:58.413+0000] {dag.py:2726} INFO - Sync 1 DAGs
[2023-06-14T18:50:58.469+0000] {logging_mixin.py:149} INFO - [2023-06-14T18:50:58.469+0000] {dag.py:3490} INFO - Setting next_dagrun for dag_with_python_dependencies to 2023-06-14T00:00:00+00:00, run_after=2023-06-15T00:00:00+00:00
[2023-06-14T18:50:58.502+0000] {processor.py:179} INFO - Processing /opt/airflow/dags/dag_avec_extending.py took 0.186 seconds
