[2023-06-14T03:39:37.666+0000] {taskinstance.py:1103} INFO - Dependencies all met for dep_context=non-requeueable deps ti=<TaskInstance: dag_avec_postgres.insert_into_table manual__2023-06-14T03:39:30.730270+00:00 [queued]>
[2023-06-14T03:39:37.695+0000] {taskinstance.py:1103} INFO - Dependencies all met for dep_context=requeueable deps ti=<TaskInstance: dag_avec_postgres.insert_into_table manual__2023-06-14T03:39:30.730270+00:00 [queued]>
[2023-06-14T03:39:37.695+0000] {taskinstance.py:1308} INFO - Starting attempt 1 of 6
[2023-06-14T03:39:37.738+0000] {taskinstance.py:1327} INFO - Executing <Task(PostgresOperator): insert_into_table> on 2023-06-14 03:39:30.730270+00:00
[2023-06-14T03:39:37.748+0000] {standard_task_runner.py:57} INFO - Started process 815 to run task
[2023-06-14T03:39:37.755+0000] {standard_task_runner.py:84} INFO - Running: ['***', 'tasks', 'run', 'dag_avec_postgres', 'insert_into_table', 'manual__2023-06-14T03:39:30.730270+00:00', '--job-id', '1936', '--raw', '--subdir', 'DAGS_FOLDER/dag_avec_postgres.py', '--cfg-path', '/tmp/tmpw44_qvd7']
[2023-06-14T03:39:37.760+0000] {standard_task_runner.py:85} INFO - Job 1936: Subtask insert_into_table
[2023-06-14T03:39:37.898+0000] {task_command.py:410} INFO - Running <TaskInstance: dag_avec_postgres.insert_into_table manual__2023-06-14T03:39:30.730270+00:00 [running]> on host 4a7ff00e5bd0
[2023-06-14T03:39:38.171+0000] {taskinstance.py:1547} INFO - Exporting env vars: AIRFLOW_CTX_DAG_OWNER='ismail' AIRFLOW_CTX_DAG_ID='dag_avec_postgres' AIRFLOW_CTX_TASK_ID='insert_into_table' AIRFLOW_CTX_EXECUTION_DATE='2023-06-14T03:39:30.730270+00:00' AIRFLOW_CTX_TRY_NUMBER='1' AIRFLOW_CTX_DAG_RUN_ID='manual__2023-06-14T03:39:30.730270+00:00'
[2023-06-14T03:39:38.172+0000] {sql.py:262} INFO - Executing: 
            insert into dag_runs (dt, dag_id) values ('2023-06-14', 'dag_avec_postgres')
        
[2023-06-14T03:39:38.208+0000] {base.py:73} INFO - Using connection ID 'postgres_localhost' for task execution.
[2023-06-14T03:39:38.384+0000] {base.py:73} INFO - Using connection ID 'postgres_localhost' for task execution.
[2023-06-14T03:39:38.402+0000] {sql.py:375} INFO - Running statement: 
            insert into dag_runs (dt, dag_id) values ('2023-06-14', 'dag_avec_postgres')
        , parameters: None
[2023-06-14T03:39:38.406+0000] {sql.py:384} INFO - Rows affected: 1
[2023-06-14T03:39:38.433+0000] {taskinstance.py:1350} INFO - Marking task as SUCCESS. dag_id=dag_avec_postgres, task_id=insert_into_table, execution_date=20230614T033930, start_date=20230614T033937, end_date=20230614T033938
[2023-06-14T03:39:38.483+0000] {local_task_job_runner.py:225} INFO - Task exited with return code 0
[2023-06-14T03:39:38.526+0000] {taskinstance.py:2651} INFO - 0 downstream tasks scheduled from follow-on schedule check
