[2023-06-14T03:35:46.944+0000] {taskinstance.py:1103} INFO - Dependencies all met for dep_context=non-requeueable deps ti=<TaskInstance: dag_avec_postgres.create_postgres_table manual__2023-06-14T03:33:32.824476+00:00 [queued]>
[2023-06-14T03:35:46.971+0000] {taskinstance.py:1103} INFO - Dependencies all met for dep_context=requeueable deps ti=<TaskInstance: dag_avec_postgres.create_postgres_table manual__2023-06-14T03:33:32.824476+00:00 [queued]>
[2023-06-14T03:35:46.972+0000] {taskinstance.py:1308} INFO - Starting attempt 3 of 7
[2023-06-14T03:35:47.003+0000] {taskinstance.py:1327} INFO - Executing <Task(PostgresOperator): create_postgres_table> on 2023-06-14 03:33:32.824476+00:00
[2023-06-14T03:35:47.016+0000] {standard_task_runner.py:57} INFO - Started process 533 to run task
[2023-06-14T03:35:47.020+0000] {standard_task_runner.py:84} INFO - Running: ['***', 'tasks', 'run', 'dag_avec_postgres', 'create_postgres_table', 'manual__2023-06-14T03:33:32.824476+00:00', '--job-id', '1929', '--raw', '--subdir', 'DAGS_FOLDER/dag_avec_postgres.py', '--cfg-path', '/tmp/tmph4b_hy7t']
[2023-06-14T03:35:47.029+0000] {standard_task_runner.py:85} INFO - Job 1929: Subtask create_postgres_table
[2023-06-14T03:35:47.142+0000] {task_command.py:410} INFO - Running <TaskInstance: dag_avec_postgres.create_postgres_table manual__2023-06-14T03:33:32.824476+00:00 [running]> on host 4a7ff00e5bd0
[2023-06-14T03:35:47.349+0000] {taskinstance.py:1547} INFO - Exporting env vars: AIRFLOW_CTX_DAG_OWNER='ismail' AIRFLOW_CTX_DAG_ID='dag_avec_postgres' AIRFLOW_CTX_TASK_ID='create_postgres_table' AIRFLOW_CTX_EXECUTION_DATE='2023-06-14T03:33:32.824476+00:00' AIRFLOW_CTX_TRY_NUMBER='3' AIRFLOW_CTX_DAG_RUN_ID='manual__2023-06-14T03:33:32.824476+00:00'
[2023-06-14T03:35:47.350+0000] {sql.py:262} INFO - Executing: 
            create table if not exists dag_runs (
                dt date,
                dag_id character varying,
                primary key (dt, dag_id)
            )
        
[2023-06-14T03:35:47.379+0000] {base.py:73} INFO - Using connection ID 'postgres_localhost' for task execution.
[2023-06-14T03:35:47.514+0000] {base.py:73} INFO - Using connection ID 'postgres_localhost' for task execution.
[2023-06-14T03:35:47.523+0000] {sql.py:375} INFO - Running statement: 
            create table if not exists dag_runs (
                dt date,
                dag_id character varying,
                primary key (dt, dag_id)
            )
        , parameters: None
[2023-06-14T03:35:47.551+0000] {taskinstance.py:1350} INFO - Marking task as SUCCESS. dag_id=dag_avec_postgres, task_id=create_postgres_table, execution_date=20230614T033332, start_date=20230614T033546, end_date=20230614T033547
[2023-06-14T03:35:47.606+0000] {local_task_job_runner.py:225} INFO - Task exited with return code 0
[2023-06-14T03:35:47.648+0000] {taskinstance.py:2651} INFO - 0 downstream tasks scheduled from follow-on schedule check
