[2023-06-13T22:54:09.833+0000] {processor.py:157} INFO - Started process (PID=248) to work on /home/airflow/.local/lib/python3.7/site-packages/airflow/example_dags/example_trigger_controller_dag.py
[2023-06-13T22:54:09.835+0000] {processor.py:826} INFO - Processing file /home/airflow/.local/lib/python3.7/site-packages/airflow/example_dags/example_trigger_controller_dag.py for tasks to queue
[2023-06-13T22:54:09.837+0000] {logging_mixin.py:149} INFO - [2023-06-13T22:54:09.837+0000] {dagbag.py:541} INFO - Filling up the DagBag from /home/airflow/.local/lib/python3.7/site-packages/airflow/example_dags/example_trigger_controller_dag.py
[2023-06-13T22:54:09.850+0000] {processor.py:836} INFO - DAG(s) dict_keys(['example_trigger_controller_dag']) retrieved from /home/airflow/.local/lib/python3.7/site-packages/airflow/example_dags/example_trigger_controller_dag.py
[2023-06-13T22:54:09.946+0000] {logging_mixin.py:149} INFO - [2023-06-13T22:54:09.946+0000] {dag.py:2726} INFO - Sync 1 DAGs
[2023-06-13T22:54:10.025+0000] {logging_mixin.py:149} INFO - [2023-06-13T22:54:10.025+0000] {dag.py:3490} INFO - Setting next_dagrun for example_trigger_controller_dag to 2021-01-01T00:00:00+00:00, run_after=2021-01-01T00:00:00+00:00
[2023-06-13T22:54:10.098+0000] {processor.py:179} INFO - Processing /home/airflow/.local/lib/python3.7/site-packages/airflow/example_dags/example_trigger_controller_dag.py took 0.271 seconds
[2023-06-13T22:54:41.351+0000] {processor.py:157} INFO - Started process (PID=488) to work on /home/airflow/.local/lib/python3.7/site-packages/airflow/example_dags/example_trigger_controller_dag.py
[2023-06-13T22:54:41.354+0000] {processor.py:826} INFO - Processing file /home/airflow/.local/lib/python3.7/site-packages/airflow/example_dags/example_trigger_controller_dag.py for tasks to queue
[2023-06-13T22:54:41.356+0000] {logging_mixin.py:149} INFO - [2023-06-13T22:54:41.355+0000] {dagbag.py:541} INFO - Filling up the DagBag from /home/airflow/.local/lib/python3.7/site-packages/airflow/example_dags/example_trigger_controller_dag.py
[2023-06-13T22:54:41.371+0000] {processor.py:836} INFO - DAG(s) dict_keys(['example_trigger_controller_dag']) retrieved from /home/airflow/.local/lib/python3.7/site-packages/airflow/example_dags/example_trigger_controller_dag.py
[2023-06-13T22:54:41.438+0000] {logging_mixin.py:149} INFO - [2023-06-13T22:54:41.437+0000] {dag.py:2726} INFO - Sync 1 DAGs
[2023-06-13T22:54:41.519+0000] {logging_mixin.py:149} INFO - [2023-06-13T22:54:41.518+0000] {dag.py:3490} INFO - Setting next_dagrun for example_trigger_controller_dag to 2021-01-01T00:00:00+00:00, run_after=2021-01-01T00:00:00+00:00
[2023-06-13T22:54:41.900+0000] {processor.py:179} INFO - Processing /home/airflow/.local/lib/python3.7/site-packages/airflow/example_dags/example_trigger_controller_dag.py took 0.556 seconds
[2023-06-13T22:55:12.962+0000] {processor.py:157} INFO - Started process (PID=728) to work on /home/airflow/.local/lib/python3.7/site-packages/airflow/example_dags/example_trigger_controller_dag.py
[2023-06-13T22:55:12.965+0000] {processor.py:826} INFO - Processing file /home/airflow/.local/lib/python3.7/site-packages/airflow/example_dags/example_trigger_controller_dag.py for tasks to queue
[2023-06-13T22:55:12.967+0000] {logging_mixin.py:149} INFO - [2023-06-13T22:55:12.966+0000] {dagbag.py:541} INFO - Filling up the DagBag from /home/airflow/.local/lib/python3.7/site-packages/airflow/example_dags/example_trigger_controller_dag.py
[2023-06-13T22:55:12.976+0000] {processor.py:836} INFO - DAG(s) dict_keys(['example_trigger_controller_dag']) retrieved from /home/airflow/.local/lib/python3.7/site-packages/airflow/example_dags/example_trigger_controller_dag.py
[2023-06-13T22:55:13.247+0000] {logging_mixin.py:149} INFO - [2023-06-13T22:55:13.247+0000] {dag.py:2726} INFO - Sync 1 DAGs
[2023-06-13T22:55:13.307+0000] {logging_mixin.py:149} INFO - [2023-06-13T22:55:13.306+0000] {dag.py:3490} INFO - Setting next_dagrun for example_trigger_controller_dag to 2021-01-01T00:00:00+00:00, run_after=2021-01-01T00:00:00+00:00
[2023-06-13T22:55:13.391+0000] {processor.py:179} INFO - Processing /home/airflow/.local/lib/python3.7/site-packages/airflow/example_dags/example_trigger_controller_dag.py took 0.437 seconds
[2023-06-13T22:55:43.692+0000] {processor.py:157} INFO - Started process (PID=981) to work on /home/airflow/.local/lib/python3.7/site-packages/airflow/example_dags/example_trigger_controller_dag.py
[2023-06-13T22:55:43.695+0000] {processor.py:826} INFO - Processing file /home/airflow/.local/lib/python3.7/site-packages/airflow/example_dags/example_trigger_controller_dag.py for tasks to queue
[2023-06-13T22:55:43.697+0000] {logging_mixin.py:149} INFO - [2023-06-13T22:55:43.697+0000] {dagbag.py:541} INFO - Filling up the DagBag from /home/airflow/.local/lib/python3.7/site-packages/airflow/example_dags/example_trigger_controller_dag.py
[2023-06-13T22:55:43.705+0000] {processor.py:836} INFO - DAG(s) dict_keys(['example_trigger_controller_dag']) retrieved from /home/airflow/.local/lib/python3.7/site-packages/airflow/example_dags/example_trigger_controller_dag.py
[2023-06-13T22:55:43.780+0000] {logging_mixin.py:149} INFO - [2023-06-13T22:55:43.780+0000] {dag.py:2726} INFO - Sync 1 DAGs
[2023-06-13T22:55:43.838+0000] {logging_mixin.py:149} INFO - [2023-06-13T22:55:43.837+0000] {dag.py:3490} INFO - Setting next_dagrun for example_trigger_controller_dag to 2021-01-01T00:00:00+00:00, run_after=2021-01-01T00:00:00+00:00
[2023-06-13T22:55:43.900+0000] {processor.py:179} INFO - Processing /home/airflow/.local/lib/python3.7/site-packages/airflow/example_dags/example_trigger_controller_dag.py took 0.215 seconds
[2023-06-13T22:56:14.052+0000] {processor.py:157} INFO - Started process (PID=1219) to work on /home/airflow/.local/lib/python3.7/site-packages/airflow/example_dags/example_trigger_controller_dag.py
[2023-06-13T22:56:14.055+0000] {processor.py:826} INFO - Processing file /home/airflow/.local/lib/python3.7/site-packages/airflow/example_dags/example_trigger_controller_dag.py for tasks to queue
[2023-06-13T22:56:14.057+0000] {logging_mixin.py:149} INFO - [2023-06-13T22:56:14.056+0000] {dagbag.py:541} INFO - Filling up the DagBag from /home/airflow/.local/lib/python3.7/site-packages/airflow/example_dags/example_trigger_controller_dag.py
[2023-06-13T22:56:14.065+0000] {processor.py:836} INFO - DAG(s) dict_keys(['example_trigger_controller_dag']) retrieved from /home/airflow/.local/lib/python3.7/site-packages/airflow/example_dags/example_trigger_controller_dag.py
[2023-06-13T22:56:14.126+0000] {logging_mixin.py:149} INFO - [2023-06-13T22:56:14.126+0000] {dag.py:2726} INFO - Sync 1 DAGs
[2023-06-13T22:56:14.181+0000] {logging_mixin.py:149} INFO - [2023-06-13T22:56:14.180+0000] {dag.py:3490} INFO - Setting next_dagrun for example_trigger_controller_dag to 2021-01-01T00:00:00+00:00, run_after=2021-01-01T00:00:00+00:00
[2023-06-13T22:56:14.252+0000] {processor.py:179} INFO - Processing /home/airflow/.local/lib/python3.7/site-packages/airflow/example_dags/example_trigger_controller_dag.py took 0.206 seconds
[2023-06-13T22:56:44.682+0000] {processor.py:157} INFO - Started process (PID=1459) to work on /home/airflow/.local/lib/python3.7/site-packages/airflow/example_dags/example_trigger_controller_dag.py
[2023-06-13T22:56:44.684+0000] {processor.py:826} INFO - Processing file /home/airflow/.local/lib/python3.7/site-packages/airflow/example_dags/example_trigger_controller_dag.py for tasks to queue
[2023-06-13T22:56:44.685+0000] {logging_mixin.py:149} INFO - [2023-06-13T22:56:44.685+0000] {dagbag.py:541} INFO - Filling up the DagBag from /home/airflow/.local/lib/python3.7/site-packages/airflow/example_dags/example_trigger_controller_dag.py
[2023-06-13T22:56:44.691+0000] {processor.py:836} INFO - DAG(s) dict_keys(['example_trigger_controller_dag']) retrieved from /home/airflow/.local/lib/python3.7/site-packages/airflow/example_dags/example_trigger_controller_dag.py
[2023-06-13T22:56:44.736+0000] {logging_mixin.py:149} INFO - [2023-06-13T22:56:44.736+0000] {dag.py:2726} INFO - Sync 1 DAGs
[2023-06-13T22:56:44.779+0000] {logging_mixin.py:149} INFO - [2023-06-13T22:56:44.779+0000] {dag.py:3490} INFO - Setting next_dagrun for example_trigger_controller_dag to 2021-01-01T00:00:00+00:00, run_after=2021-01-01T00:00:00+00:00
[2023-06-13T22:56:44.827+0000] {processor.py:179} INFO - Processing /home/airflow/.local/lib/python3.7/site-packages/airflow/example_dags/example_trigger_controller_dag.py took 0.150 seconds
[2023-06-13T22:57:15.240+0000] {processor.py:157} INFO - Started process (PID=1698) to work on /home/airflow/.local/lib/python3.7/site-packages/airflow/example_dags/example_trigger_controller_dag.py
[2023-06-13T22:57:15.244+0000] {processor.py:826} INFO - Processing file /home/airflow/.local/lib/python3.7/site-packages/airflow/example_dags/example_trigger_controller_dag.py for tasks to queue
[2023-06-13T22:57:15.245+0000] {logging_mixin.py:149} INFO - [2023-06-13T22:57:15.245+0000] {dagbag.py:541} INFO - Filling up the DagBag from /home/airflow/.local/lib/python3.7/site-packages/airflow/example_dags/example_trigger_controller_dag.py
[2023-06-13T22:57:15.251+0000] {processor.py:836} INFO - DAG(s) dict_keys(['example_trigger_controller_dag']) retrieved from /home/airflow/.local/lib/python3.7/site-packages/airflow/example_dags/example_trigger_controller_dag.py
[2023-06-13T22:57:15.321+0000] {logging_mixin.py:149} INFO - [2023-06-13T22:57:15.321+0000] {dag.py:2726} INFO - Sync 1 DAGs
[2023-06-13T22:57:15.376+0000] {logging_mixin.py:149} INFO - [2023-06-13T22:57:15.375+0000] {dag.py:3490} INFO - Setting next_dagrun for example_trigger_controller_dag to 2021-01-01T00:00:00+00:00, run_after=2021-01-01T00:00:00+00:00
[2023-06-13T22:57:15.417+0000] {processor.py:179} INFO - Processing /home/airflow/.local/lib/python3.7/site-packages/airflow/example_dags/example_trigger_controller_dag.py took 0.181 seconds
[2023-06-13T22:57:46.441+0000] {processor.py:157} INFO - Started process (PID=1938) to work on /home/airflow/.local/lib/python3.7/site-packages/airflow/example_dags/example_trigger_controller_dag.py
[2023-06-13T22:57:46.442+0000] {processor.py:826} INFO - Processing file /home/airflow/.local/lib/python3.7/site-packages/airflow/example_dags/example_trigger_controller_dag.py for tasks to queue
[2023-06-13T22:57:46.444+0000] {logging_mixin.py:149} INFO - [2023-06-13T22:57:46.443+0000] {dagbag.py:541} INFO - Filling up the DagBag from /home/airflow/.local/lib/python3.7/site-packages/airflow/example_dags/example_trigger_controller_dag.py
[2023-06-13T22:57:46.449+0000] {processor.py:836} INFO - DAG(s) dict_keys(['example_trigger_controller_dag']) retrieved from /home/airflow/.local/lib/python3.7/site-packages/airflow/example_dags/example_trigger_controller_dag.py
[2023-06-13T22:57:46.498+0000] {logging_mixin.py:149} INFO - [2023-06-13T22:57:46.498+0000] {dag.py:2726} INFO - Sync 1 DAGs
[2023-06-13T22:57:46.548+0000] {logging_mixin.py:149} INFO - [2023-06-13T22:57:46.547+0000] {dag.py:3490} INFO - Setting next_dagrun for example_trigger_controller_dag to 2021-01-01T00:00:00+00:00, run_after=2021-01-01T00:00:00+00:00
[2023-06-13T22:57:46.600+0000] {processor.py:179} INFO - Processing /home/airflow/.local/lib/python3.7/site-packages/airflow/example_dags/example_trigger_controller_dag.py took 0.164 seconds
[2023-06-13T22:58:17.266+0000] {processor.py:157} INFO - Started process (PID=2178) to work on /home/airflow/.local/lib/python3.7/site-packages/airflow/example_dags/example_trigger_controller_dag.py
[2023-06-13T22:58:17.268+0000] {processor.py:826} INFO - Processing file /home/airflow/.local/lib/python3.7/site-packages/airflow/example_dags/example_trigger_controller_dag.py for tasks to queue
[2023-06-13T22:58:17.269+0000] {logging_mixin.py:149} INFO - [2023-06-13T22:58:17.269+0000] {dagbag.py:541} INFO - Filling up the DagBag from /home/airflow/.local/lib/python3.7/site-packages/airflow/example_dags/example_trigger_controller_dag.py
[2023-06-13T22:58:17.275+0000] {processor.py:836} INFO - DAG(s) dict_keys(['example_trigger_controller_dag']) retrieved from /home/airflow/.local/lib/python3.7/site-packages/airflow/example_dags/example_trigger_controller_dag.py
[2023-06-13T22:58:17.329+0000] {logging_mixin.py:149} INFO - [2023-06-13T22:58:17.329+0000] {dag.py:2726} INFO - Sync 1 DAGs
[2023-06-13T22:58:17.384+0000] {logging_mixin.py:149} INFO - [2023-06-13T22:58:17.383+0000] {dag.py:3490} INFO - Setting next_dagrun for example_trigger_controller_dag to 2021-01-01T00:00:00+00:00, run_after=2021-01-01T00:00:00+00:00
[2023-06-13T22:58:17.438+0000] {processor.py:179} INFO - Processing /home/airflow/.local/lib/python3.7/site-packages/airflow/example_dags/example_trigger_controller_dag.py took 0.179 seconds
[2023-06-13T22:58:48.171+0000] {processor.py:157} INFO - Started process (PID=2420) to work on /home/airflow/.local/lib/python3.7/site-packages/airflow/example_dags/example_trigger_controller_dag.py
[2023-06-13T22:58:48.173+0000] {processor.py:826} INFO - Processing file /home/airflow/.local/lib/python3.7/site-packages/airflow/example_dags/example_trigger_controller_dag.py for tasks to queue
[2023-06-13T22:58:48.174+0000] {logging_mixin.py:149} INFO - [2023-06-13T22:58:48.174+0000] {dagbag.py:541} INFO - Filling up the DagBag from /home/airflow/.local/lib/python3.7/site-packages/airflow/example_dags/example_trigger_controller_dag.py
[2023-06-13T22:58:48.180+0000] {processor.py:836} INFO - DAG(s) dict_keys(['example_trigger_controller_dag']) retrieved from /home/airflow/.local/lib/python3.7/site-packages/airflow/example_dags/example_trigger_controller_dag.py
[2023-06-13T22:58:48.233+0000] {logging_mixin.py:149} INFO - [2023-06-13T22:58:48.232+0000] {dag.py:2726} INFO - Sync 1 DAGs
[2023-06-13T22:58:48.281+0000] {logging_mixin.py:149} INFO - [2023-06-13T22:58:48.280+0000] {dag.py:3490} INFO - Setting next_dagrun for example_trigger_controller_dag to 2021-01-01T00:00:00+00:00, run_after=2021-01-01T00:00:00+00:00
[2023-06-13T22:58:48.334+0000] {processor.py:179} INFO - Processing /home/airflow/.local/lib/python3.7/site-packages/airflow/example_dags/example_trigger_controller_dag.py took 0.169 seconds
[2023-06-13T22:59:18.587+0000] {processor.py:157} INFO - Started process (PID=2658) to work on /home/airflow/.local/lib/python3.7/site-packages/airflow/example_dags/example_trigger_controller_dag.py
[2023-06-13T22:59:18.589+0000] {processor.py:826} INFO - Processing file /home/airflow/.local/lib/python3.7/site-packages/airflow/example_dags/example_trigger_controller_dag.py for tasks to queue
[2023-06-13T22:59:18.590+0000] {logging_mixin.py:149} INFO - [2023-06-13T22:59:18.590+0000] {dagbag.py:541} INFO - Filling up the DagBag from /home/airflow/.local/lib/python3.7/site-packages/airflow/example_dags/example_trigger_controller_dag.py
[2023-06-13T22:59:18.598+0000] {processor.py:836} INFO - DAG(s) dict_keys(['example_trigger_controller_dag']) retrieved from /home/airflow/.local/lib/python3.7/site-packages/airflow/example_dags/example_trigger_controller_dag.py
[2023-06-13T22:59:18.646+0000] {logging_mixin.py:149} INFO - [2023-06-13T22:59:18.646+0000] {dag.py:2726} INFO - Sync 1 DAGs
[2023-06-13T22:59:18.699+0000] {logging_mixin.py:149} INFO - [2023-06-13T22:59:18.698+0000] {dag.py:3490} INFO - Setting next_dagrun for example_trigger_controller_dag to 2021-01-01T00:00:00+00:00, run_after=2021-01-01T00:00:00+00:00
[2023-06-13T22:59:18.743+0000] {processor.py:179} INFO - Processing /home/airflow/.local/lib/python3.7/site-packages/airflow/example_dags/example_trigger_controller_dag.py took 0.161 seconds
[2023-06-13T22:59:49.349+0000] {processor.py:157} INFO - Started process (PID=2898) to work on /home/airflow/.local/lib/python3.7/site-packages/airflow/example_dags/example_trigger_controller_dag.py
[2023-06-13T22:59:49.352+0000] {processor.py:826} INFO - Processing file /home/airflow/.local/lib/python3.7/site-packages/airflow/example_dags/example_trigger_controller_dag.py for tasks to queue
[2023-06-13T22:59:49.355+0000] {logging_mixin.py:149} INFO - [2023-06-13T22:59:49.354+0000] {dagbag.py:541} INFO - Filling up the DagBag from /home/airflow/.local/lib/python3.7/site-packages/airflow/example_dags/example_trigger_controller_dag.py
[2023-06-13T22:59:49.364+0000] {processor.py:836} INFO - DAG(s) dict_keys(['example_trigger_controller_dag']) retrieved from /home/airflow/.local/lib/python3.7/site-packages/airflow/example_dags/example_trigger_controller_dag.py
[2023-06-13T22:59:49.425+0000] {logging_mixin.py:149} INFO - [2023-06-13T22:59:49.425+0000] {dag.py:2726} INFO - Sync 1 DAGs
[2023-06-13T22:59:49.487+0000] {logging_mixin.py:149} INFO - [2023-06-13T22:59:49.486+0000] {dag.py:3490} INFO - Setting next_dagrun for example_trigger_controller_dag to 2021-01-01T00:00:00+00:00, run_after=2021-01-01T00:00:00+00:00
[2023-06-13T22:59:49.545+0000] {processor.py:179} INFO - Processing /home/airflow/.local/lib/python3.7/site-packages/airflow/example_dags/example_trigger_controller_dag.py took 0.202 seconds
[2023-06-13T23:00:19.950+0000] {processor.py:157} INFO - Started process (PID=3138) to work on /home/airflow/.local/lib/python3.7/site-packages/airflow/example_dags/example_trigger_controller_dag.py
[2023-06-13T23:00:19.953+0000] {processor.py:826} INFO - Processing file /home/airflow/.local/lib/python3.7/site-packages/airflow/example_dags/example_trigger_controller_dag.py for tasks to queue
[2023-06-13T23:00:19.955+0000] {logging_mixin.py:149} INFO - [2023-06-13T23:00:19.955+0000] {dagbag.py:541} INFO - Filling up the DagBag from /home/airflow/.local/lib/python3.7/site-packages/airflow/example_dags/example_trigger_controller_dag.py
[2023-06-13T23:00:19.962+0000] {processor.py:836} INFO - DAG(s) dict_keys(['example_trigger_controller_dag']) retrieved from /home/airflow/.local/lib/python3.7/site-packages/airflow/example_dags/example_trigger_controller_dag.py
[2023-06-13T23:00:20.026+0000] {logging_mixin.py:149} INFO - [2023-06-13T23:00:20.026+0000] {dag.py:2726} INFO - Sync 1 DAGs
[2023-06-13T23:00:20.081+0000] {logging_mixin.py:149} INFO - [2023-06-13T23:00:20.080+0000] {dag.py:3490} INFO - Setting next_dagrun for example_trigger_controller_dag to 2021-01-01T00:00:00+00:00, run_after=2021-01-01T00:00:00+00:00
[2023-06-13T23:00:20.138+0000] {processor.py:179} INFO - Processing /home/airflow/.local/lib/python3.7/site-packages/airflow/example_dags/example_trigger_controller_dag.py took 0.196 seconds
[2023-06-13T23:00:50.587+0000] {processor.py:157} INFO - Started process (PID=3378) to work on /home/airflow/.local/lib/python3.7/site-packages/airflow/example_dags/example_trigger_controller_dag.py
[2023-06-13T23:00:50.589+0000] {processor.py:826} INFO - Processing file /home/airflow/.local/lib/python3.7/site-packages/airflow/example_dags/example_trigger_controller_dag.py for tasks to queue
[2023-06-13T23:00:50.591+0000] {logging_mixin.py:149} INFO - [2023-06-13T23:00:50.591+0000] {dagbag.py:541} INFO - Filling up the DagBag from /home/airflow/.local/lib/python3.7/site-packages/airflow/example_dags/example_trigger_controller_dag.py
[2023-06-13T23:00:50.600+0000] {processor.py:836} INFO - DAG(s) dict_keys(['example_trigger_controller_dag']) retrieved from /home/airflow/.local/lib/python3.7/site-packages/airflow/example_dags/example_trigger_controller_dag.py
[2023-06-13T23:00:50.664+0000] {logging_mixin.py:149} INFO - [2023-06-13T23:00:50.664+0000] {dag.py:2726} INFO - Sync 1 DAGs
[2023-06-13T23:00:50.732+0000] {logging_mixin.py:149} INFO - [2023-06-13T23:00:50.731+0000] {dag.py:3490} INFO - Setting next_dagrun for example_trigger_controller_dag to 2021-01-01T00:00:00+00:00, run_after=2021-01-01T00:00:00+00:00
[2023-06-13T23:00:50.790+0000] {processor.py:179} INFO - Processing /home/airflow/.local/lib/python3.7/site-packages/airflow/example_dags/example_trigger_controller_dag.py took 0.210 seconds
[2023-06-13T23:01:21.409+0000] {processor.py:157} INFO - Started process (PID=3618) to work on /home/airflow/.local/lib/python3.7/site-packages/airflow/example_dags/example_trigger_controller_dag.py
[2023-06-13T23:01:21.411+0000] {processor.py:826} INFO - Processing file /home/airflow/.local/lib/python3.7/site-packages/airflow/example_dags/example_trigger_controller_dag.py for tasks to queue
[2023-06-13T23:01:21.412+0000] {logging_mixin.py:149} INFO - [2023-06-13T23:01:21.412+0000] {dagbag.py:541} INFO - Filling up the DagBag from /home/airflow/.local/lib/python3.7/site-packages/airflow/example_dags/example_trigger_controller_dag.py
[2023-06-13T23:01:21.420+0000] {processor.py:836} INFO - DAG(s) dict_keys(['example_trigger_controller_dag']) retrieved from /home/airflow/.local/lib/python3.7/site-packages/airflow/example_dags/example_trigger_controller_dag.py
[2023-06-13T23:01:21.482+0000] {logging_mixin.py:149} INFO - [2023-06-13T23:01:21.482+0000] {dag.py:2726} INFO - Sync 1 DAGs
[2023-06-13T23:01:21.537+0000] {logging_mixin.py:149} INFO - [2023-06-13T23:01:21.537+0000] {dag.py:3490} INFO - Setting next_dagrun for example_trigger_controller_dag to 2021-01-01T00:00:00+00:00, run_after=2021-01-01T00:00:00+00:00
[2023-06-13T23:01:21.604+0000] {processor.py:179} INFO - Processing /home/airflow/.local/lib/python3.7/site-packages/airflow/example_dags/example_trigger_controller_dag.py took 0.202 seconds
[2023-06-13T23:01:52.411+0000] {processor.py:157} INFO - Started process (PID=3858) to work on /home/airflow/.local/lib/python3.7/site-packages/airflow/example_dags/example_trigger_controller_dag.py
[2023-06-13T23:01:52.413+0000] {processor.py:826} INFO - Processing file /home/airflow/.local/lib/python3.7/site-packages/airflow/example_dags/example_trigger_controller_dag.py for tasks to queue
[2023-06-13T23:01:52.414+0000] {logging_mixin.py:149} INFO - [2023-06-13T23:01:52.414+0000] {dagbag.py:541} INFO - Filling up the DagBag from /home/airflow/.local/lib/python3.7/site-packages/airflow/example_dags/example_trigger_controller_dag.py
[2023-06-13T23:01:52.423+0000] {processor.py:836} INFO - DAG(s) dict_keys(['example_trigger_controller_dag']) retrieved from /home/airflow/.local/lib/python3.7/site-packages/airflow/example_dags/example_trigger_controller_dag.py
[2023-06-13T23:01:52.488+0000] {logging_mixin.py:149} INFO - [2023-06-13T23:01:52.487+0000] {dag.py:2726} INFO - Sync 1 DAGs
[2023-06-13T23:01:52.553+0000] {logging_mixin.py:149} INFO - [2023-06-13T23:01:52.553+0000] {dag.py:3490} INFO - Setting next_dagrun for example_trigger_controller_dag to 2021-01-01T00:00:00+00:00, run_after=2021-01-01T00:00:00+00:00
[2023-06-13T23:01:52.615+0000] {processor.py:179} INFO - Processing /home/airflow/.local/lib/python3.7/site-packages/airflow/example_dags/example_trigger_controller_dag.py took 0.208 seconds
[2023-06-13T23:02:23.561+0000] {processor.py:157} INFO - Started process (PID=4099) to work on /home/airflow/.local/lib/python3.7/site-packages/airflow/example_dags/example_trigger_controller_dag.py
[2023-06-13T23:02:23.563+0000] {processor.py:826} INFO - Processing file /home/airflow/.local/lib/python3.7/site-packages/airflow/example_dags/example_trigger_controller_dag.py for tasks to queue
[2023-06-13T23:02:23.565+0000] {logging_mixin.py:149} INFO - [2023-06-13T23:02:23.565+0000] {dagbag.py:541} INFO - Filling up the DagBag from /home/airflow/.local/lib/python3.7/site-packages/airflow/example_dags/example_trigger_controller_dag.py
[2023-06-13T23:02:23.571+0000] {processor.py:836} INFO - DAG(s) dict_keys(['example_trigger_controller_dag']) retrieved from /home/airflow/.local/lib/python3.7/site-packages/airflow/example_dags/example_trigger_controller_dag.py
[2023-06-13T23:02:23.614+0000] {logging_mixin.py:149} INFO - [2023-06-13T23:02:23.614+0000] {dag.py:2726} INFO - Sync 1 DAGs
[2023-06-13T23:02:23.668+0000] {logging_mixin.py:149} INFO - [2023-06-13T23:02:23.667+0000] {dag.py:3490} INFO - Setting next_dagrun for example_trigger_controller_dag to 2021-01-01T00:00:00+00:00, run_after=2021-01-01T00:00:00+00:00
[2023-06-13T23:02:23.729+0000] {processor.py:179} INFO - Processing /home/airflow/.local/lib/python3.7/site-packages/airflow/example_dags/example_trigger_controller_dag.py took 0.173 seconds
[2023-06-13T23:02:54.718+0000] {processor.py:157} INFO - Started process (PID=4339) to work on /home/airflow/.local/lib/python3.7/site-packages/airflow/example_dags/example_trigger_controller_dag.py
[2023-06-13T23:02:54.720+0000] {processor.py:826} INFO - Processing file /home/airflow/.local/lib/python3.7/site-packages/airflow/example_dags/example_trigger_controller_dag.py for tasks to queue
[2023-06-13T23:02:54.721+0000] {logging_mixin.py:149} INFO - [2023-06-13T23:02:54.720+0000] {dagbag.py:541} INFO - Filling up the DagBag from /home/airflow/.local/lib/python3.7/site-packages/airflow/example_dags/example_trigger_controller_dag.py
[2023-06-13T23:02:54.725+0000] {processor.py:836} INFO - DAG(s) dict_keys(['example_trigger_controller_dag']) retrieved from /home/airflow/.local/lib/python3.7/site-packages/airflow/example_dags/example_trigger_controller_dag.py
[2023-06-13T23:02:54.773+0000] {logging_mixin.py:149} INFO - [2023-06-13T23:02:54.773+0000] {dag.py:2726} INFO - Sync 1 DAGs
[2023-06-13T23:02:54.817+0000] {logging_mixin.py:149} INFO - [2023-06-13T23:02:54.816+0000] {dag.py:3490} INFO - Setting next_dagrun for example_trigger_controller_dag to 2021-01-01T00:00:00+00:00, run_after=2021-01-01T00:00:00+00:00
[2023-06-13T23:02:54.857+0000] {processor.py:179} INFO - Processing /home/airflow/.local/lib/python3.7/site-packages/airflow/example_dags/example_trigger_controller_dag.py took 0.143 seconds
[2023-06-13T23:03:25.103+0000] {processor.py:157} INFO - Started process (PID=4578) to work on /home/airflow/.local/lib/python3.7/site-packages/airflow/example_dags/example_trigger_controller_dag.py
[2023-06-13T23:03:25.105+0000] {processor.py:826} INFO - Processing file /home/airflow/.local/lib/python3.7/site-packages/airflow/example_dags/example_trigger_controller_dag.py for tasks to queue
[2023-06-13T23:03:25.107+0000] {logging_mixin.py:149} INFO - [2023-06-13T23:03:25.107+0000] {dagbag.py:541} INFO - Filling up the DagBag from /home/airflow/.local/lib/python3.7/site-packages/airflow/example_dags/example_trigger_controller_dag.py
[2023-06-13T23:03:25.116+0000] {processor.py:836} INFO - DAG(s) dict_keys(['example_trigger_controller_dag']) retrieved from /home/airflow/.local/lib/python3.7/site-packages/airflow/example_dags/example_trigger_controller_dag.py
[2023-06-13T23:03:25.166+0000] {logging_mixin.py:149} INFO - [2023-06-13T23:03:25.166+0000] {dag.py:2726} INFO - Sync 1 DAGs
[2023-06-13T23:03:25.206+0000] {logging_mixin.py:149} INFO - [2023-06-13T23:03:25.206+0000] {dag.py:3490} INFO - Setting next_dagrun for example_trigger_controller_dag to 2021-01-01T00:00:00+00:00, run_after=2021-01-01T00:00:00+00:00
[2023-06-13T23:03:25.252+0000] {processor.py:179} INFO - Processing /home/airflow/.local/lib/python3.7/site-packages/airflow/example_dags/example_trigger_controller_dag.py took 0.155 seconds
[2023-06-13T23:03:55.440+0000] {processor.py:157} INFO - Started process (PID=4813) to work on /home/airflow/.local/lib/python3.7/site-packages/airflow/example_dags/example_trigger_controller_dag.py
[2023-06-13T23:03:55.442+0000] {processor.py:826} INFO - Processing file /home/airflow/.local/lib/python3.7/site-packages/airflow/example_dags/example_trigger_controller_dag.py for tasks to queue
[2023-06-13T23:03:55.443+0000] {logging_mixin.py:149} INFO - [2023-06-13T23:03:55.443+0000] {dagbag.py:541} INFO - Filling up the DagBag from /home/airflow/.local/lib/python3.7/site-packages/airflow/example_dags/example_trigger_controller_dag.py
[2023-06-13T23:03:55.450+0000] {processor.py:836} INFO - DAG(s) dict_keys(['example_trigger_controller_dag']) retrieved from /home/airflow/.local/lib/python3.7/site-packages/airflow/example_dags/example_trigger_controller_dag.py
[2023-06-13T23:03:55.497+0000] {logging_mixin.py:149} INFO - [2023-06-13T23:03:55.497+0000] {dag.py:2726} INFO - Sync 1 DAGs
[2023-06-13T23:03:55.544+0000] {logging_mixin.py:149} INFO - [2023-06-13T23:03:55.543+0000] {dag.py:3490} INFO - Setting next_dagrun for example_trigger_controller_dag to 2021-01-01T00:00:00+00:00, run_after=2021-01-01T00:00:00+00:00
[2023-06-13T23:03:55.586+0000] {processor.py:179} INFO - Processing /home/airflow/.local/lib/python3.7/site-packages/airflow/example_dags/example_trigger_controller_dag.py took 0.149 seconds
[2023-06-13T23:04:25.646+0000] {processor.py:157} INFO - Started process (PID=5053) to work on /home/airflow/.local/lib/python3.7/site-packages/airflow/example_dags/example_trigger_controller_dag.py
[2023-06-13T23:04:25.648+0000] {processor.py:826} INFO - Processing file /home/airflow/.local/lib/python3.7/site-packages/airflow/example_dags/example_trigger_controller_dag.py for tasks to queue
[2023-06-13T23:04:25.649+0000] {logging_mixin.py:149} INFO - [2023-06-13T23:04:25.648+0000] {dagbag.py:541} INFO - Filling up the DagBag from /home/airflow/.local/lib/python3.7/site-packages/airflow/example_dags/example_trigger_controller_dag.py
[2023-06-13T23:04:25.654+0000] {processor.py:836} INFO - DAG(s) dict_keys(['example_trigger_controller_dag']) retrieved from /home/airflow/.local/lib/python3.7/site-packages/airflow/example_dags/example_trigger_controller_dag.py
[2023-06-13T23:04:25.689+0000] {logging_mixin.py:149} INFO - [2023-06-13T23:04:25.689+0000] {dag.py:2726} INFO - Sync 1 DAGs
[2023-06-13T23:04:25.727+0000] {logging_mixin.py:149} INFO - [2023-06-13T23:04:25.726+0000] {dag.py:3490} INFO - Setting next_dagrun for example_trigger_controller_dag to 2021-01-01T00:00:00+00:00, run_after=2021-01-01T00:00:00+00:00
[2023-06-13T23:04:25.773+0000] {processor.py:179} INFO - Processing /home/airflow/.local/lib/python3.7/site-packages/airflow/example_dags/example_trigger_controller_dag.py took 0.130 seconds
[2023-06-13T23:04:56.404+0000] {processor.py:157} INFO - Started process (PID=5300) to work on /home/airflow/.local/lib/python3.7/site-packages/airflow/example_dags/example_trigger_controller_dag.py
[2023-06-13T23:04:56.406+0000] {processor.py:826} INFO - Processing file /home/airflow/.local/lib/python3.7/site-packages/airflow/example_dags/example_trigger_controller_dag.py for tasks to queue
[2023-06-13T23:04:56.407+0000] {logging_mixin.py:149} INFO - [2023-06-13T23:04:56.407+0000] {dagbag.py:541} INFO - Filling up the DagBag from /home/airflow/.local/lib/python3.7/site-packages/airflow/example_dags/example_trigger_controller_dag.py
[2023-06-13T23:04:56.413+0000] {processor.py:836} INFO - DAG(s) dict_keys(['example_trigger_controller_dag']) retrieved from /home/airflow/.local/lib/python3.7/site-packages/airflow/example_dags/example_trigger_controller_dag.py
[2023-06-13T23:04:56.458+0000] {logging_mixin.py:149} INFO - [2023-06-13T23:04:56.457+0000] {dag.py:2726} INFO - Sync 1 DAGs
[2023-06-13T23:04:56.496+0000] {logging_mixin.py:149} INFO - [2023-06-13T23:04:56.496+0000] {dag.py:3490} INFO - Setting next_dagrun for example_trigger_controller_dag to 2021-01-01T00:00:00+00:00, run_after=2021-01-01T00:00:00+00:00
[2023-06-13T23:04:56.537+0000] {processor.py:179} INFO - Processing /home/airflow/.local/lib/python3.7/site-packages/airflow/example_dags/example_trigger_controller_dag.py took 0.139 seconds
[2023-06-13T23:05:27.141+0000] {processor.py:157} INFO - Started process (PID=5540) to work on /home/airflow/.local/lib/python3.7/site-packages/airflow/example_dags/example_trigger_controller_dag.py
[2023-06-13T23:05:27.146+0000] {processor.py:826} INFO - Processing file /home/airflow/.local/lib/python3.7/site-packages/airflow/example_dags/example_trigger_controller_dag.py for tasks to queue
[2023-06-13T23:05:27.148+0000] {logging_mixin.py:149} INFO - [2023-06-13T23:05:27.147+0000] {dagbag.py:541} INFO - Filling up the DagBag from /home/airflow/.local/lib/python3.7/site-packages/airflow/example_dags/example_trigger_controller_dag.py
[2023-06-13T23:05:27.152+0000] {processor.py:836} INFO - DAG(s) dict_keys(['example_trigger_controller_dag']) retrieved from /home/airflow/.local/lib/python3.7/site-packages/airflow/example_dags/example_trigger_controller_dag.py
[2023-06-13T23:05:27.218+0000] {logging_mixin.py:149} INFO - [2023-06-13T23:05:27.218+0000] {dag.py:2726} INFO - Sync 1 DAGs
[2023-06-13T23:05:27.266+0000] {logging_mixin.py:149} INFO - [2023-06-13T23:05:27.266+0000] {dag.py:3490} INFO - Setting next_dagrun for example_trigger_controller_dag to 2021-01-01T00:00:00+00:00, run_after=2021-01-01T00:00:00+00:00
[2023-06-13T23:05:27.333+0000] {processor.py:179} INFO - Processing /home/airflow/.local/lib/python3.7/site-packages/airflow/example_dags/example_trigger_controller_dag.py took 0.199 seconds
[2023-06-13T23:05:57.984+0000] {processor.py:157} INFO - Started process (PID=5780) to work on /home/airflow/.local/lib/python3.7/site-packages/airflow/example_dags/example_trigger_controller_dag.py
[2023-06-13T23:05:57.986+0000] {processor.py:826} INFO - Processing file /home/airflow/.local/lib/python3.7/site-packages/airflow/example_dags/example_trigger_controller_dag.py for tasks to queue
[2023-06-13T23:05:57.988+0000] {logging_mixin.py:149} INFO - [2023-06-13T23:05:57.987+0000] {dagbag.py:541} INFO - Filling up the DagBag from /home/airflow/.local/lib/python3.7/site-packages/airflow/example_dags/example_trigger_controller_dag.py
[2023-06-13T23:05:58.005+0000] {processor.py:836} INFO - DAG(s) dict_keys(['example_trigger_controller_dag']) retrieved from /home/airflow/.local/lib/python3.7/site-packages/airflow/example_dags/example_trigger_controller_dag.py
[2023-06-13T23:05:58.093+0000] {logging_mixin.py:149} INFO - [2023-06-13T23:05:58.093+0000] {dag.py:2726} INFO - Sync 1 DAGs
[2023-06-13T23:05:58.155+0000] {logging_mixin.py:149} INFO - [2023-06-13T23:05:58.154+0000] {dag.py:3490} INFO - Setting next_dagrun for example_trigger_controller_dag to 2021-01-01T00:00:00+00:00, run_after=2021-01-01T00:00:00+00:00
[2023-06-13T23:05:58.206+0000] {processor.py:179} INFO - Processing /home/airflow/.local/lib/python3.7/site-packages/airflow/example_dags/example_trigger_controller_dag.py took 0.227 seconds
[2023-06-13T23:06:28.367+0000] {processor.py:157} INFO - Started process (PID=6020) to work on /home/airflow/.local/lib/python3.7/site-packages/airflow/example_dags/example_trigger_controller_dag.py
[2023-06-13T23:06:28.369+0000] {processor.py:826} INFO - Processing file /home/airflow/.local/lib/python3.7/site-packages/airflow/example_dags/example_trigger_controller_dag.py for tasks to queue
[2023-06-13T23:06:28.370+0000] {logging_mixin.py:149} INFO - [2023-06-13T23:06:28.370+0000] {dagbag.py:541} INFO - Filling up the DagBag from /home/airflow/.local/lib/python3.7/site-packages/airflow/example_dags/example_trigger_controller_dag.py
[2023-06-13T23:06:28.375+0000] {processor.py:836} INFO - DAG(s) dict_keys(['example_trigger_controller_dag']) retrieved from /home/airflow/.local/lib/python3.7/site-packages/airflow/example_dags/example_trigger_controller_dag.py
[2023-06-13T23:06:28.424+0000] {logging_mixin.py:149} INFO - [2023-06-13T23:06:28.423+0000] {dag.py:2726} INFO - Sync 1 DAGs
[2023-06-13T23:06:28.466+0000] {logging_mixin.py:149} INFO - [2023-06-13T23:06:28.466+0000] {dag.py:3490} INFO - Setting next_dagrun for example_trigger_controller_dag to 2021-01-01T00:00:00+00:00, run_after=2021-01-01T00:00:00+00:00
[2023-06-13T23:06:28.508+0000] {processor.py:179} INFO - Processing /home/airflow/.local/lib/python3.7/site-packages/airflow/example_dags/example_trigger_controller_dag.py took 0.146 seconds
[2023-06-13T23:06:59.117+0000] {processor.py:157} INFO - Started process (PID=6258) to work on /home/airflow/.local/lib/python3.7/site-packages/airflow/example_dags/example_trigger_controller_dag.py
[2023-06-13T23:06:59.121+0000] {processor.py:826} INFO - Processing file /home/airflow/.local/lib/python3.7/site-packages/airflow/example_dags/example_trigger_controller_dag.py for tasks to queue
[2023-06-13T23:06:59.123+0000] {logging_mixin.py:149} INFO - [2023-06-13T23:06:59.122+0000] {dagbag.py:541} INFO - Filling up the DagBag from /home/airflow/.local/lib/python3.7/site-packages/airflow/example_dags/example_trigger_controller_dag.py
[2023-06-13T23:06:59.130+0000] {processor.py:836} INFO - DAG(s) dict_keys(['example_trigger_controller_dag']) retrieved from /home/airflow/.local/lib/python3.7/site-packages/airflow/example_dags/example_trigger_controller_dag.py
[2023-06-13T23:06:59.205+0000] {logging_mixin.py:149} INFO - [2023-06-13T23:06:59.204+0000] {dag.py:2726} INFO - Sync 1 DAGs
[2023-06-13T23:06:59.261+0000] {logging_mixin.py:149} INFO - [2023-06-13T23:06:59.261+0000] {dag.py:3490} INFO - Setting next_dagrun for example_trigger_controller_dag to 2021-01-01T00:00:00+00:00, run_after=2021-01-01T00:00:00+00:00
[2023-06-13T23:06:59.326+0000] {processor.py:179} INFO - Processing /home/airflow/.local/lib/python3.7/site-packages/airflow/example_dags/example_trigger_controller_dag.py took 0.214 seconds
[2023-06-13T23:07:29.479+0000] {processor.py:157} INFO - Started process (PID=6500) to work on /home/airflow/.local/lib/python3.7/site-packages/airflow/example_dags/example_trigger_controller_dag.py
[2023-06-13T23:07:29.482+0000] {processor.py:826} INFO - Processing file /home/airflow/.local/lib/python3.7/site-packages/airflow/example_dags/example_trigger_controller_dag.py for tasks to queue
[2023-06-13T23:07:29.484+0000] {logging_mixin.py:149} INFO - [2023-06-13T23:07:29.483+0000] {dagbag.py:541} INFO - Filling up the DagBag from /home/airflow/.local/lib/python3.7/site-packages/airflow/example_dags/example_trigger_controller_dag.py
[2023-06-13T23:07:29.490+0000] {processor.py:836} INFO - DAG(s) dict_keys(['example_trigger_controller_dag']) retrieved from /home/airflow/.local/lib/python3.7/site-packages/airflow/example_dags/example_trigger_controller_dag.py
[2023-06-13T23:07:29.551+0000] {logging_mixin.py:149} INFO - [2023-06-13T23:07:29.551+0000] {dag.py:2726} INFO - Sync 1 DAGs
[2023-06-13T23:07:29.604+0000] {logging_mixin.py:149} INFO - [2023-06-13T23:07:29.604+0000] {dag.py:3490} INFO - Setting next_dagrun for example_trigger_controller_dag to 2021-01-01T00:00:00+00:00, run_after=2021-01-01T00:00:00+00:00
[2023-06-13T23:07:29.647+0000] {processor.py:179} INFO - Processing /home/airflow/.local/lib/python3.7/site-packages/airflow/example_dags/example_trigger_controller_dag.py took 0.173 seconds
[2023-06-13T23:07:59.749+0000] {processor.py:157} INFO - Started process (PID=6739) to work on /home/airflow/.local/lib/python3.7/site-packages/airflow/example_dags/example_trigger_controller_dag.py
[2023-06-13T23:07:59.752+0000] {processor.py:826} INFO - Processing file /home/airflow/.local/lib/python3.7/site-packages/airflow/example_dags/example_trigger_controller_dag.py for tasks to queue
[2023-06-13T23:07:59.753+0000] {logging_mixin.py:149} INFO - [2023-06-13T23:07:59.753+0000] {dagbag.py:541} INFO - Filling up the DagBag from /home/airflow/.local/lib/python3.7/site-packages/airflow/example_dags/example_trigger_controller_dag.py
[2023-06-13T23:07:59.762+0000] {processor.py:836} INFO - DAG(s) dict_keys(['example_trigger_controller_dag']) retrieved from /home/airflow/.local/lib/python3.7/site-packages/airflow/example_dags/example_trigger_controller_dag.py
[2023-06-13T23:07:59.815+0000] {logging_mixin.py:149} INFO - [2023-06-13T23:07:59.815+0000] {dag.py:2726} INFO - Sync 1 DAGs
[2023-06-13T23:07:59.868+0000] {logging_mixin.py:149} INFO - [2023-06-13T23:07:59.868+0000] {dag.py:3490} INFO - Setting next_dagrun for example_trigger_controller_dag to 2021-01-01T00:00:00+00:00, run_after=2021-01-01T00:00:00+00:00
[2023-06-13T23:07:59.924+0000] {processor.py:179} INFO - Processing /home/airflow/.local/lib/python3.7/site-packages/airflow/example_dags/example_trigger_controller_dag.py took 0.180 seconds
[2023-06-13T23:08:30.284+0000] {processor.py:157} INFO - Started process (PID=6978) to work on /home/airflow/.local/lib/python3.7/site-packages/airflow/example_dags/example_trigger_controller_dag.py
[2023-06-13T23:08:30.287+0000] {processor.py:826} INFO - Processing file /home/airflow/.local/lib/python3.7/site-packages/airflow/example_dags/example_trigger_controller_dag.py for tasks to queue
[2023-06-13T23:08:30.288+0000] {logging_mixin.py:149} INFO - [2023-06-13T23:08:30.288+0000] {dagbag.py:541} INFO - Filling up the DagBag from /home/airflow/.local/lib/python3.7/site-packages/airflow/example_dags/example_trigger_controller_dag.py
[2023-06-13T23:08:30.294+0000] {processor.py:836} INFO - DAG(s) dict_keys(['example_trigger_controller_dag']) retrieved from /home/airflow/.local/lib/python3.7/site-packages/airflow/example_dags/example_trigger_controller_dag.py
[2023-06-13T23:08:30.357+0000] {logging_mixin.py:149} INFO - [2023-06-13T23:08:30.356+0000] {dag.py:2726} INFO - Sync 1 DAGs
[2023-06-13T23:08:30.400+0000] {logging_mixin.py:149} INFO - [2023-06-13T23:08:30.400+0000] {dag.py:3490} INFO - Setting next_dagrun for example_trigger_controller_dag to 2021-01-01T00:00:00+00:00, run_after=2021-01-01T00:00:00+00:00
[2023-06-13T23:08:30.437+0000] {processor.py:179} INFO - Processing /home/airflow/.local/lib/python3.7/site-packages/airflow/example_dags/example_trigger_controller_dag.py took 0.158 seconds
[2023-06-13T23:09:00.780+0000] {processor.py:157} INFO - Started process (PID=7218) to work on /home/airflow/.local/lib/python3.7/site-packages/airflow/example_dags/example_trigger_controller_dag.py
[2023-06-13T23:09:00.782+0000] {processor.py:826} INFO - Processing file /home/airflow/.local/lib/python3.7/site-packages/airflow/example_dags/example_trigger_controller_dag.py for tasks to queue
[2023-06-13T23:09:00.783+0000] {logging_mixin.py:149} INFO - [2023-06-13T23:09:00.783+0000] {dagbag.py:541} INFO - Filling up the DagBag from /home/airflow/.local/lib/python3.7/site-packages/airflow/example_dags/example_trigger_controller_dag.py
[2023-06-13T23:09:00.789+0000] {processor.py:836} INFO - DAG(s) dict_keys(['example_trigger_controller_dag']) retrieved from /home/airflow/.local/lib/python3.7/site-packages/airflow/example_dags/example_trigger_controller_dag.py
[2023-06-13T23:09:00.836+0000] {logging_mixin.py:149} INFO - [2023-06-13T23:09:00.835+0000] {dag.py:2726} INFO - Sync 1 DAGs
[2023-06-13T23:09:00.886+0000] {logging_mixin.py:149} INFO - [2023-06-13T23:09:00.885+0000] {dag.py:3490} INFO - Setting next_dagrun for example_trigger_controller_dag to 2021-01-01T00:00:00+00:00, run_after=2021-01-01T00:00:00+00:00
[2023-06-13T23:09:00.942+0000] {processor.py:179} INFO - Processing /home/airflow/.local/lib/python3.7/site-packages/airflow/example_dags/example_trigger_controller_dag.py took 0.169 seconds
[2023-06-13T23:09:31.263+0000] {processor.py:157} INFO - Started process (PID=7458) to work on /home/airflow/.local/lib/python3.7/site-packages/airflow/example_dags/example_trigger_controller_dag.py
[2023-06-13T23:09:31.265+0000] {processor.py:826} INFO - Processing file /home/airflow/.local/lib/python3.7/site-packages/airflow/example_dags/example_trigger_controller_dag.py for tasks to queue
[2023-06-13T23:09:31.266+0000] {logging_mixin.py:149} INFO - [2023-06-13T23:09:31.266+0000] {dagbag.py:541} INFO - Filling up the DagBag from /home/airflow/.local/lib/python3.7/site-packages/airflow/example_dags/example_trigger_controller_dag.py
[2023-06-13T23:09:31.273+0000] {processor.py:836} INFO - DAG(s) dict_keys(['example_trigger_controller_dag']) retrieved from /home/airflow/.local/lib/python3.7/site-packages/airflow/example_dags/example_trigger_controller_dag.py
[2023-06-13T23:09:31.329+0000] {logging_mixin.py:149} INFO - [2023-06-13T23:09:31.329+0000] {dag.py:2726} INFO - Sync 1 DAGs
[2023-06-13T23:09:31.374+0000] {logging_mixin.py:149} INFO - [2023-06-13T23:09:31.374+0000] {dag.py:3490} INFO - Setting next_dagrun for example_trigger_controller_dag to 2021-01-01T00:00:00+00:00, run_after=2021-01-01T00:00:00+00:00
[2023-06-13T23:09:31.424+0000] {processor.py:179} INFO - Processing /home/airflow/.local/lib/python3.7/site-packages/airflow/example_dags/example_trigger_controller_dag.py took 0.166 seconds
[2023-06-13T23:10:01.717+0000] {processor.py:157} INFO - Started process (PID=7698) to work on /home/airflow/.local/lib/python3.7/site-packages/airflow/example_dags/example_trigger_controller_dag.py
[2023-06-13T23:10:01.718+0000] {processor.py:826} INFO - Processing file /home/airflow/.local/lib/python3.7/site-packages/airflow/example_dags/example_trigger_controller_dag.py for tasks to queue
[2023-06-13T23:10:01.721+0000] {logging_mixin.py:149} INFO - [2023-06-13T23:10:01.720+0000] {dagbag.py:541} INFO - Filling up the DagBag from /home/airflow/.local/lib/python3.7/site-packages/airflow/example_dags/example_trigger_controller_dag.py
[2023-06-13T23:10:01.727+0000] {processor.py:836} INFO - DAG(s) dict_keys(['example_trigger_controller_dag']) retrieved from /home/airflow/.local/lib/python3.7/site-packages/airflow/example_dags/example_trigger_controller_dag.py
[2023-06-13T23:10:01.767+0000] {logging_mixin.py:149} INFO - [2023-06-13T23:10:01.766+0000] {dag.py:2726} INFO - Sync 1 DAGs
[2023-06-13T23:10:01.819+0000] {logging_mixin.py:149} INFO - [2023-06-13T23:10:01.819+0000] {dag.py:3490} INFO - Setting next_dagrun for example_trigger_controller_dag to 2021-01-01T00:00:00+00:00, run_after=2021-01-01T00:00:00+00:00
[2023-06-13T23:10:01.874+0000] {processor.py:179} INFO - Processing /home/airflow/.local/lib/python3.7/site-packages/airflow/example_dags/example_trigger_controller_dag.py took 0.163 seconds
[2023-06-13T23:10:32.347+0000] {processor.py:157} INFO - Started process (PID=7938) to work on /home/airflow/.local/lib/python3.7/site-packages/airflow/example_dags/example_trigger_controller_dag.py
[2023-06-13T23:10:32.348+0000] {processor.py:826} INFO - Processing file /home/airflow/.local/lib/python3.7/site-packages/airflow/example_dags/example_trigger_controller_dag.py for tasks to queue
[2023-06-13T23:10:32.349+0000] {logging_mixin.py:149} INFO - [2023-06-13T23:10:32.349+0000] {dagbag.py:541} INFO - Filling up the DagBag from /home/airflow/.local/lib/python3.7/site-packages/airflow/example_dags/example_trigger_controller_dag.py
[2023-06-13T23:10:32.355+0000] {processor.py:836} INFO - DAG(s) dict_keys(['example_trigger_controller_dag']) retrieved from /home/airflow/.local/lib/python3.7/site-packages/airflow/example_dags/example_trigger_controller_dag.py
[2023-06-13T23:10:32.410+0000] {logging_mixin.py:149} INFO - [2023-06-13T23:10:32.410+0000] {dag.py:2726} INFO - Sync 1 DAGs
[2023-06-13T23:10:32.454+0000] {logging_mixin.py:149} INFO - [2023-06-13T23:10:32.453+0000] {dag.py:3490} INFO - Setting next_dagrun for example_trigger_controller_dag to 2021-01-01T00:00:00+00:00, run_after=2021-01-01T00:00:00+00:00
[2023-06-13T23:10:32.502+0000] {processor.py:179} INFO - Processing /home/airflow/.local/lib/python3.7/site-packages/airflow/example_dags/example_trigger_controller_dag.py took 0.158 seconds
[2023-06-13T23:11:03.049+0000] {processor.py:157} INFO - Started process (PID=8178) to work on /home/airflow/.local/lib/python3.7/site-packages/airflow/example_dags/example_trigger_controller_dag.py
[2023-06-13T23:11:03.051+0000] {processor.py:826} INFO - Processing file /home/airflow/.local/lib/python3.7/site-packages/airflow/example_dags/example_trigger_controller_dag.py for tasks to queue
[2023-06-13T23:11:03.053+0000] {logging_mixin.py:149} INFO - [2023-06-13T23:11:03.052+0000] {dagbag.py:541} INFO - Filling up the DagBag from /home/airflow/.local/lib/python3.7/site-packages/airflow/example_dags/example_trigger_controller_dag.py
[2023-06-13T23:11:03.064+0000] {processor.py:836} INFO - DAG(s) dict_keys(['example_trigger_controller_dag']) retrieved from /home/airflow/.local/lib/python3.7/site-packages/airflow/example_dags/example_trigger_controller_dag.py
[2023-06-13T23:11:03.142+0000] {logging_mixin.py:149} INFO - [2023-06-13T23:11:03.142+0000] {dag.py:2726} INFO - Sync 1 DAGs
[2023-06-13T23:11:03.207+0000] {logging_mixin.py:149} INFO - [2023-06-13T23:11:03.206+0000] {dag.py:3490} INFO - Setting next_dagrun for example_trigger_controller_dag to 2021-01-01T00:00:00+00:00, run_after=2021-01-01T00:00:00+00:00
[2023-06-13T23:11:03.257+0000] {processor.py:179} INFO - Processing /home/airflow/.local/lib/python3.7/site-packages/airflow/example_dags/example_trigger_controller_dag.py took 0.213 seconds
[2023-06-13T23:11:33.345+0000] {processor.py:157} INFO - Started process (PID=8418) to work on /home/airflow/.local/lib/python3.7/site-packages/airflow/example_dags/example_trigger_controller_dag.py
[2023-06-13T23:11:33.350+0000] {processor.py:826} INFO - Processing file /home/airflow/.local/lib/python3.7/site-packages/airflow/example_dags/example_trigger_controller_dag.py for tasks to queue
[2023-06-13T23:11:33.351+0000] {logging_mixin.py:149} INFO - [2023-06-13T23:11:33.351+0000] {dagbag.py:541} INFO - Filling up the DagBag from /home/airflow/.local/lib/python3.7/site-packages/airflow/example_dags/example_trigger_controller_dag.py
[2023-06-13T23:11:33.359+0000] {processor.py:836} INFO - DAG(s) dict_keys(['example_trigger_controller_dag']) retrieved from /home/airflow/.local/lib/python3.7/site-packages/airflow/example_dags/example_trigger_controller_dag.py
[2023-06-13T23:11:33.408+0000] {logging_mixin.py:149} INFO - [2023-06-13T23:11:33.407+0000] {dag.py:2726} INFO - Sync 1 DAGs
[2023-06-13T23:11:33.462+0000] {logging_mixin.py:149} INFO - [2023-06-13T23:11:33.462+0000] {dag.py:3490} INFO - Setting next_dagrun for example_trigger_controller_dag to 2021-01-01T00:00:00+00:00, run_after=2021-01-01T00:00:00+00:00
[2023-06-13T23:11:33.520+0000] {processor.py:179} INFO - Processing /home/airflow/.local/lib/python3.7/site-packages/airflow/example_dags/example_trigger_controller_dag.py took 0.181 seconds
[2023-06-13T23:12:03.953+0000] {processor.py:157} INFO - Started process (PID=8657) to work on /home/airflow/.local/lib/python3.7/site-packages/airflow/example_dags/example_trigger_controller_dag.py
[2023-06-13T23:12:03.955+0000] {processor.py:826} INFO - Processing file /home/airflow/.local/lib/python3.7/site-packages/airflow/example_dags/example_trigger_controller_dag.py for tasks to queue
[2023-06-13T23:12:03.957+0000] {logging_mixin.py:149} INFO - [2023-06-13T23:12:03.956+0000] {dagbag.py:541} INFO - Filling up the DagBag from /home/airflow/.local/lib/python3.7/site-packages/airflow/example_dags/example_trigger_controller_dag.py
[2023-06-13T23:12:03.965+0000] {processor.py:836} INFO - DAG(s) dict_keys(['example_trigger_controller_dag']) retrieved from /home/airflow/.local/lib/python3.7/site-packages/airflow/example_dags/example_trigger_controller_dag.py
[2023-06-13T23:12:04.014+0000] {logging_mixin.py:149} INFO - [2023-06-13T23:12:04.013+0000] {dag.py:2726} INFO - Sync 1 DAGs
[2023-06-13T23:12:04.053+0000] {logging_mixin.py:149} INFO - [2023-06-13T23:12:04.053+0000] {dag.py:3490} INFO - Setting next_dagrun for example_trigger_controller_dag to 2021-01-01T00:00:00+00:00, run_after=2021-01-01T00:00:00+00:00
[2023-06-13T23:12:04.098+0000] {processor.py:179} INFO - Processing /home/airflow/.local/lib/python3.7/site-packages/airflow/example_dags/example_trigger_controller_dag.py took 0.151 seconds
[2023-06-13T23:12:34.632+0000] {processor.py:157} INFO - Started process (PID=8898) to work on /home/airflow/.local/lib/python3.7/site-packages/airflow/example_dags/example_trigger_controller_dag.py
[2023-06-13T23:12:34.633+0000] {processor.py:826} INFO - Processing file /home/airflow/.local/lib/python3.7/site-packages/airflow/example_dags/example_trigger_controller_dag.py for tasks to queue
[2023-06-13T23:12:34.634+0000] {logging_mixin.py:149} INFO - [2023-06-13T23:12:34.634+0000] {dagbag.py:541} INFO - Filling up the DagBag from /home/airflow/.local/lib/python3.7/site-packages/airflow/example_dags/example_trigger_controller_dag.py
[2023-06-13T23:12:34.639+0000] {processor.py:836} INFO - DAG(s) dict_keys(['example_trigger_controller_dag']) retrieved from /home/airflow/.local/lib/python3.7/site-packages/airflow/example_dags/example_trigger_controller_dag.py
[2023-06-13T23:12:34.684+0000] {logging_mixin.py:149} INFO - [2023-06-13T23:12:34.684+0000] {dag.py:2726} INFO - Sync 1 DAGs
[2023-06-13T23:12:34.721+0000] {logging_mixin.py:149} INFO - [2023-06-13T23:12:34.721+0000] {dag.py:3490} INFO - Setting next_dagrun for example_trigger_controller_dag to 2021-01-01T00:00:00+00:00, run_after=2021-01-01T00:00:00+00:00
[2023-06-13T23:12:34.765+0000] {processor.py:179} INFO - Processing /home/airflow/.local/lib/python3.7/site-packages/airflow/example_dags/example_trigger_controller_dag.py took 0.139 seconds
[2023-06-13T23:13:05.025+0000] {processor.py:157} INFO - Started process (PID=9137) to work on /home/airflow/.local/lib/python3.7/site-packages/airflow/example_dags/example_trigger_controller_dag.py
[2023-06-13T23:13:05.026+0000] {processor.py:826} INFO - Processing file /home/airflow/.local/lib/python3.7/site-packages/airflow/example_dags/example_trigger_controller_dag.py for tasks to queue
[2023-06-13T23:13:05.028+0000] {logging_mixin.py:149} INFO - [2023-06-13T23:13:05.027+0000] {dagbag.py:541} INFO - Filling up the DagBag from /home/airflow/.local/lib/python3.7/site-packages/airflow/example_dags/example_trigger_controller_dag.py
[2023-06-13T23:13:05.035+0000] {processor.py:836} INFO - DAG(s) dict_keys(['example_trigger_controller_dag']) retrieved from /home/airflow/.local/lib/python3.7/site-packages/airflow/example_dags/example_trigger_controller_dag.py
[2023-06-13T23:13:05.092+0000] {logging_mixin.py:149} INFO - [2023-06-13T23:13:05.091+0000] {dag.py:2726} INFO - Sync 1 DAGs
[2023-06-13T23:13:05.135+0000] {logging_mixin.py:149} INFO - [2023-06-13T23:13:05.134+0000] {dag.py:3490} INFO - Setting next_dagrun for example_trigger_controller_dag to 2021-01-01T00:00:00+00:00, run_after=2021-01-01T00:00:00+00:00
[2023-06-13T23:13:05.185+0000] {processor.py:179} INFO - Processing /home/airflow/.local/lib/python3.7/site-packages/airflow/example_dags/example_trigger_controller_dag.py took 0.165 seconds
[2023-06-13T23:13:35.863+0000] {processor.py:157} INFO - Started process (PID=9377) to work on /home/airflow/.local/lib/python3.7/site-packages/airflow/example_dags/example_trigger_controller_dag.py
[2023-06-13T23:13:35.865+0000] {processor.py:826} INFO - Processing file /home/airflow/.local/lib/python3.7/site-packages/airflow/example_dags/example_trigger_controller_dag.py for tasks to queue
[2023-06-13T23:13:35.866+0000] {logging_mixin.py:149} INFO - [2023-06-13T23:13:35.866+0000] {dagbag.py:541} INFO - Filling up the DagBag from /home/airflow/.local/lib/python3.7/site-packages/airflow/example_dags/example_trigger_controller_dag.py
[2023-06-13T23:13:35.874+0000] {processor.py:836} INFO - DAG(s) dict_keys(['example_trigger_controller_dag']) retrieved from /home/airflow/.local/lib/python3.7/site-packages/airflow/example_dags/example_trigger_controller_dag.py
[2023-06-13T23:13:35.928+0000] {logging_mixin.py:149} INFO - [2023-06-13T23:13:35.928+0000] {dag.py:2726} INFO - Sync 1 DAGs
[2023-06-13T23:13:35.990+0000] {logging_mixin.py:149} INFO - [2023-06-13T23:13:35.989+0000] {dag.py:3490} INFO - Setting next_dagrun for example_trigger_controller_dag to 2021-01-01T00:00:00+00:00, run_after=2021-01-01T00:00:00+00:00
[2023-06-13T23:13:36.042+0000] {processor.py:179} INFO - Processing /home/airflow/.local/lib/python3.7/site-packages/airflow/example_dags/example_trigger_controller_dag.py took 0.185 seconds
[2023-06-13T23:14:06.520+0000] {processor.py:157} INFO - Started process (PID=9617) to work on /home/airflow/.local/lib/python3.7/site-packages/airflow/example_dags/example_trigger_controller_dag.py
[2023-06-13T23:14:06.523+0000] {processor.py:826} INFO - Processing file /home/airflow/.local/lib/python3.7/site-packages/airflow/example_dags/example_trigger_controller_dag.py for tasks to queue
[2023-06-13T23:14:06.526+0000] {logging_mixin.py:149} INFO - [2023-06-13T23:14:06.525+0000] {dagbag.py:541} INFO - Filling up the DagBag from /home/airflow/.local/lib/python3.7/site-packages/airflow/example_dags/example_trigger_controller_dag.py
[2023-06-13T23:14:06.530+0000] {processor.py:836} INFO - DAG(s) dict_keys(['example_trigger_controller_dag']) retrieved from /home/airflow/.local/lib/python3.7/site-packages/airflow/example_dags/example_trigger_controller_dag.py
[2023-06-13T23:14:06.570+0000] {logging_mixin.py:149} INFO - [2023-06-13T23:14:06.569+0000] {dag.py:2726} INFO - Sync 1 DAGs
[2023-06-13T23:14:06.614+0000] {logging_mixin.py:149} INFO - [2023-06-13T23:14:06.613+0000] {dag.py:3490} INFO - Setting next_dagrun for example_trigger_controller_dag to 2021-01-01T00:00:00+00:00, run_after=2021-01-01T00:00:00+00:00
[2023-06-13T23:14:06.659+0000] {processor.py:179} INFO - Processing /home/airflow/.local/lib/python3.7/site-packages/airflow/example_dags/example_trigger_controller_dag.py took 0.143 seconds
[2023-06-13T23:14:37.079+0000] {processor.py:157} INFO - Started process (PID=9856) to work on /home/airflow/.local/lib/python3.7/site-packages/airflow/example_dags/example_trigger_controller_dag.py
[2023-06-13T23:14:37.083+0000] {processor.py:826} INFO - Processing file /home/airflow/.local/lib/python3.7/site-packages/airflow/example_dags/example_trigger_controller_dag.py for tasks to queue
[2023-06-13T23:14:37.085+0000] {logging_mixin.py:149} INFO - [2023-06-13T23:14:37.085+0000] {dagbag.py:541} INFO - Filling up the DagBag from /home/airflow/.local/lib/python3.7/site-packages/airflow/example_dags/example_trigger_controller_dag.py
[2023-06-13T23:14:37.094+0000] {processor.py:836} INFO - DAG(s) dict_keys(['example_trigger_controller_dag']) retrieved from /home/airflow/.local/lib/python3.7/site-packages/airflow/example_dags/example_trigger_controller_dag.py
[2023-06-13T23:14:37.140+0000] {logging_mixin.py:149} INFO - [2023-06-13T23:14:37.140+0000] {dag.py:2726} INFO - Sync 1 DAGs
[2023-06-13T23:14:37.181+0000] {logging_mixin.py:149} INFO - [2023-06-13T23:14:37.181+0000] {dag.py:3490} INFO - Setting next_dagrun for example_trigger_controller_dag to 2021-01-01T00:00:00+00:00, run_after=2021-01-01T00:00:00+00:00
[2023-06-13T23:14:37.226+0000] {processor.py:179} INFO - Processing /home/airflow/.local/lib/python3.7/site-packages/airflow/example_dags/example_trigger_controller_dag.py took 0.152 seconds
[2023-06-13T23:15:07.313+0000] {processor.py:157} INFO - Started process (PID=10084) to work on /home/airflow/.local/lib/python3.7/site-packages/airflow/example_dags/example_trigger_controller_dag.py
[2023-06-13T23:15:07.316+0000] {processor.py:826} INFO - Processing file /home/airflow/.local/lib/python3.7/site-packages/airflow/example_dags/example_trigger_controller_dag.py for tasks to queue
[2023-06-13T23:15:07.321+0000] {logging_mixin.py:149} INFO - [2023-06-13T23:15:07.321+0000] {dagbag.py:541} INFO - Filling up the DagBag from /home/airflow/.local/lib/python3.7/site-packages/airflow/example_dags/example_trigger_controller_dag.py
[2023-06-13T23:15:07.328+0000] {processor.py:836} INFO - DAG(s) dict_keys(['example_trigger_controller_dag']) retrieved from /home/airflow/.local/lib/python3.7/site-packages/airflow/example_dags/example_trigger_controller_dag.py
[2023-06-13T23:15:07.369+0000] {logging_mixin.py:149} INFO - [2023-06-13T23:15:07.369+0000] {dag.py:2726} INFO - Sync 1 DAGs
[2023-06-13T23:15:07.421+0000] {logging_mixin.py:149} INFO - [2023-06-13T23:15:07.421+0000] {dag.py:3490} INFO - Setting next_dagrun for example_trigger_controller_dag to 2021-01-01T00:00:00+00:00, run_after=2021-01-01T00:00:00+00:00
[2023-06-13T23:15:07.467+0000] {processor.py:179} INFO - Processing /home/airflow/.local/lib/python3.7/site-packages/airflow/example_dags/example_trigger_controller_dag.py took 0.160 seconds
[2023-06-13T23:15:37.663+0000] {processor.py:157} INFO - Started process (PID=10322) to work on /home/airflow/.local/lib/python3.7/site-packages/airflow/example_dags/example_trigger_controller_dag.py
[2023-06-13T23:15:37.665+0000] {processor.py:826} INFO - Processing file /home/airflow/.local/lib/python3.7/site-packages/airflow/example_dags/example_trigger_controller_dag.py for tasks to queue
[2023-06-13T23:15:37.666+0000] {logging_mixin.py:149} INFO - [2023-06-13T23:15:37.666+0000] {dagbag.py:541} INFO - Filling up the DagBag from /home/airflow/.local/lib/python3.7/site-packages/airflow/example_dags/example_trigger_controller_dag.py
[2023-06-13T23:15:37.673+0000] {processor.py:836} INFO - DAG(s) dict_keys(['example_trigger_controller_dag']) retrieved from /home/airflow/.local/lib/python3.7/site-packages/airflow/example_dags/example_trigger_controller_dag.py
[2023-06-13T23:15:37.723+0000] {logging_mixin.py:149} INFO - [2023-06-13T23:15:37.723+0000] {dag.py:2726} INFO - Sync 1 DAGs
[2023-06-13T23:15:37.776+0000] {logging_mixin.py:149} INFO - [2023-06-13T23:15:37.776+0000] {dag.py:3490} INFO - Setting next_dagrun for example_trigger_controller_dag to 2021-01-01T00:00:00+00:00, run_after=2021-01-01T00:00:00+00:00
[2023-06-13T23:15:37.816+0000] {processor.py:179} INFO - Processing /home/airflow/.local/lib/python3.7/site-packages/airflow/example_dags/example_trigger_controller_dag.py took 0.158 seconds
[2023-06-13T23:16:08.298+0000] {processor.py:157} INFO - Started process (PID=10562) to work on /home/airflow/.local/lib/python3.7/site-packages/airflow/example_dags/example_trigger_controller_dag.py
[2023-06-13T23:16:08.300+0000] {processor.py:826} INFO - Processing file /home/airflow/.local/lib/python3.7/site-packages/airflow/example_dags/example_trigger_controller_dag.py for tasks to queue
[2023-06-13T23:16:08.301+0000] {logging_mixin.py:149} INFO - [2023-06-13T23:16:08.301+0000] {dagbag.py:541} INFO - Filling up the DagBag from /home/airflow/.local/lib/python3.7/site-packages/airflow/example_dags/example_trigger_controller_dag.py
[2023-06-13T23:16:08.309+0000] {processor.py:836} INFO - DAG(s) dict_keys(['example_trigger_controller_dag']) retrieved from /home/airflow/.local/lib/python3.7/site-packages/airflow/example_dags/example_trigger_controller_dag.py
[2023-06-13T23:16:08.358+0000] {logging_mixin.py:149} INFO - [2023-06-13T23:16:08.358+0000] {dag.py:2726} INFO - Sync 1 DAGs
[2023-06-13T23:16:08.403+0000] {logging_mixin.py:149} INFO - [2023-06-13T23:16:08.403+0000] {dag.py:3490} INFO - Setting next_dagrun for example_trigger_controller_dag to 2021-01-01T00:00:00+00:00, run_after=2021-01-01T00:00:00+00:00
[2023-06-13T23:16:08.451+0000] {processor.py:179} INFO - Processing /home/airflow/.local/lib/python3.7/site-packages/airflow/example_dags/example_trigger_controller_dag.py took 0.158 seconds
[2023-06-13T23:16:39.261+0000] {processor.py:157} INFO - Started process (PID=10802) to work on /home/airflow/.local/lib/python3.7/site-packages/airflow/example_dags/example_trigger_controller_dag.py
[2023-06-13T23:16:39.266+0000] {processor.py:826} INFO - Processing file /home/airflow/.local/lib/python3.7/site-packages/airflow/example_dags/example_trigger_controller_dag.py for tasks to queue
[2023-06-13T23:16:39.271+0000] {logging_mixin.py:149} INFO - [2023-06-13T23:16:39.270+0000] {dagbag.py:541} INFO - Filling up the DagBag from /home/airflow/.local/lib/python3.7/site-packages/airflow/example_dags/example_trigger_controller_dag.py
[2023-06-13T23:16:39.290+0000] {processor.py:836} INFO - DAG(s) dict_keys(['example_trigger_controller_dag']) retrieved from /home/airflow/.local/lib/python3.7/site-packages/airflow/example_dags/example_trigger_controller_dag.py
[2023-06-13T23:16:39.375+0000] {logging_mixin.py:149} INFO - [2023-06-13T23:16:39.374+0000] {dag.py:2726} INFO - Sync 1 DAGs
[2023-06-13T23:16:39.467+0000] {logging_mixin.py:149} INFO - [2023-06-13T23:16:39.466+0000] {dag.py:3490} INFO - Setting next_dagrun for example_trigger_controller_dag to 2021-01-01T00:00:00+00:00, run_after=2021-01-01T00:00:00+00:00
[2023-06-13T23:16:39.521+0000] {processor.py:179} INFO - Processing /home/airflow/.local/lib/python3.7/site-packages/airflow/example_dags/example_trigger_controller_dag.py took 0.279 seconds
[2023-06-13T23:17:10.726+0000] {processor.py:157} INFO - Started process (PID=11043) to work on /home/airflow/.local/lib/python3.7/site-packages/airflow/example_dags/example_trigger_controller_dag.py
[2023-06-13T23:17:10.728+0000] {processor.py:826} INFO - Processing file /home/airflow/.local/lib/python3.7/site-packages/airflow/example_dags/example_trigger_controller_dag.py for tasks to queue
[2023-06-13T23:17:10.729+0000] {logging_mixin.py:149} INFO - [2023-06-13T23:17:10.728+0000] {dagbag.py:541} INFO - Filling up the DagBag from /home/airflow/.local/lib/python3.7/site-packages/airflow/example_dags/example_trigger_controller_dag.py
[2023-06-13T23:17:10.734+0000] {processor.py:836} INFO - DAG(s) dict_keys(['example_trigger_controller_dag']) retrieved from /home/airflow/.local/lib/python3.7/site-packages/airflow/example_dags/example_trigger_controller_dag.py
[2023-06-13T23:17:10.805+0000] {logging_mixin.py:149} INFO - [2023-06-13T23:17:10.804+0000] {dag.py:2726} INFO - Sync 1 DAGs
[2023-06-13T23:17:10.862+0000] {logging_mixin.py:149} INFO - [2023-06-13T23:17:10.862+0000] {dag.py:3490} INFO - Setting next_dagrun for example_trigger_controller_dag to 2021-01-01T00:00:00+00:00, run_after=2021-01-01T00:00:00+00:00
[2023-06-13T23:17:10.916+0000] {processor.py:179} INFO - Processing /home/airflow/.local/lib/python3.7/site-packages/airflow/example_dags/example_trigger_controller_dag.py took 0.198 seconds
[2023-06-13T23:17:41.278+0000] {processor.py:157} INFO - Started process (PID=11283) to work on /home/airflow/.local/lib/python3.7/site-packages/airflow/example_dags/example_trigger_controller_dag.py
[2023-06-13T23:17:41.280+0000] {processor.py:826} INFO - Processing file /home/airflow/.local/lib/python3.7/site-packages/airflow/example_dags/example_trigger_controller_dag.py for tasks to queue
[2023-06-13T23:17:41.282+0000] {logging_mixin.py:149} INFO - [2023-06-13T23:17:41.281+0000] {dagbag.py:541} INFO - Filling up the DagBag from /home/airflow/.local/lib/python3.7/site-packages/airflow/example_dags/example_trigger_controller_dag.py
[2023-06-13T23:17:41.290+0000] {processor.py:836} INFO - DAG(s) dict_keys(['example_trigger_controller_dag']) retrieved from /home/airflow/.local/lib/python3.7/site-packages/airflow/example_dags/example_trigger_controller_dag.py
[2023-06-13T23:17:41.351+0000] {logging_mixin.py:149} INFO - [2023-06-13T23:17:41.351+0000] {dag.py:2726} INFO - Sync 1 DAGs
[2023-06-13T23:17:41.402+0000] {logging_mixin.py:149} INFO - [2023-06-13T23:17:41.401+0000] {dag.py:3490} INFO - Setting next_dagrun for example_trigger_controller_dag to 2021-01-01T00:00:00+00:00, run_after=2021-01-01T00:00:00+00:00
[2023-06-13T23:17:41.456+0000] {processor.py:179} INFO - Processing /home/airflow/.local/lib/python3.7/site-packages/airflow/example_dags/example_trigger_controller_dag.py took 0.185 seconds
[2023-06-13T23:18:11.778+0000] {processor.py:157} INFO - Started process (PID=11523) to work on /home/airflow/.local/lib/python3.7/site-packages/airflow/example_dags/example_trigger_controller_dag.py
[2023-06-13T23:18:11.781+0000] {processor.py:826} INFO - Processing file /home/airflow/.local/lib/python3.7/site-packages/airflow/example_dags/example_trigger_controller_dag.py for tasks to queue
[2023-06-13T23:18:11.783+0000] {logging_mixin.py:149} INFO - [2023-06-13T23:18:11.782+0000] {dagbag.py:541} INFO - Filling up the DagBag from /home/airflow/.local/lib/python3.7/site-packages/airflow/example_dags/example_trigger_controller_dag.py
[2023-06-13T23:18:11.790+0000] {processor.py:836} INFO - DAG(s) dict_keys(['example_trigger_controller_dag']) retrieved from /home/airflow/.local/lib/python3.7/site-packages/airflow/example_dags/example_trigger_controller_dag.py
[2023-06-13T23:18:11.854+0000] {logging_mixin.py:149} INFO - [2023-06-13T23:18:11.853+0000] {dag.py:2726} INFO - Sync 1 DAGs
[2023-06-13T23:18:11.913+0000] {logging_mixin.py:149} INFO - [2023-06-13T23:18:11.912+0000] {dag.py:3490} INFO - Setting next_dagrun for example_trigger_controller_dag to 2021-01-01T00:00:00+00:00, run_after=2021-01-01T00:00:00+00:00
[2023-06-13T23:18:11.972+0000] {processor.py:179} INFO - Processing /home/airflow/.local/lib/python3.7/site-packages/airflow/example_dags/example_trigger_controller_dag.py took 0.202 seconds
[2023-06-13T23:18:42.461+0000] {processor.py:157} INFO - Started process (PID=11763) to work on /home/airflow/.local/lib/python3.7/site-packages/airflow/example_dags/example_trigger_controller_dag.py
[2023-06-13T23:18:42.464+0000] {processor.py:826} INFO - Processing file /home/airflow/.local/lib/python3.7/site-packages/airflow/example_dags/example_trigger_controller_dag.py for tasks to queue
[2023-06-13T23:18:42.465+0000] {logging_mixin.py:149} INFO - [2023-06-13T23:18:42.465+0000] {dagbag.py:541} INFO - Filling up the DagBag from /home/airflow/.local/lib/python3.7/site-packages/airflow/example_dags/example_trigger_controller_dag.py
[2023-06-13T23:18:42.476+0000] {processor.py:836} INFO - DAG(s) dict_keys(['example_trigger_controller_dag']) retrieved from /home/airflow/.local/lib/python3.7/site-packages/airflow/example_dags/example_trigger_controller_dag.py
[2023-06-13T23:18:42.544+0000] {logging_mixin.py:149} INFO - [2023-06-13T23:18:42.543+0000] {dag.py:2726} INFO - Sync 1 DAGs
[2023-06-13T23:18:42.595+0000] {logging_mixin.py:149} INFO - [2023-06-13T23:18:42.595+0000] {dag.py:3490} INFO - Setting next_dagrun for example_trigger_controller_dag to 2021-01-01T00:00:00+00:00, run_after=2021-01-01T00:00:00+00:00
[2023-06-13T23:18:42.640+0000] {processor.py:179} INFO - Processing /home/airflow/.local/lib/python3.7/site-packages/airflow/example_dags/example_trigger_controller_dag.py took 0.189 seconds
[2023-06-13T23:19:12.838+0000] {processor.py:157} INFO - Started process (PID=12003) to work on /home/airflow/.local/lib/python3.7/site-packages/airflow/example_dags/example_trigger_controller_dag.py
[2023-06-13T23:19:12.842+0000] {processor.py:826} INFO - Processing file /home/airflow/.local/lib/python3.7/site-packages/airflow/example_dags/example_trigger_controller_dag.py for tasks to queue
[2023-06-13T23:19:12.844+0000] {logging_mixin.py:149} INFO - [2023-06-13T23:19:12.843+0000] {dagbag.py:541} INFO - Filling up the DagBag from /home/airflow/.local/lib/python3.7/site-packages/airflow/example_dags/example_trigger_controller_dag.py
[2023-06-13T23:19:12.850+0000] {processor.py:836} INFO - DAG(s) dict_keys(['example_trigger_controller_dag']) retrieved from /home/airflow/.local/lib/python3.7/site-packages/airflow/example_dags/example_trigger_controller_dag.py
[2023-06-13T23:19:12.920+0000] {logging_mixin.py:149} INFO - [2023-06-13T23:19:12.920+0000] {dag.py:2726} INFO - Sync 1 DAGs
[2023-06-13T23:19:12.977+0000] {logging_mixin.py:149} INFO - [2023-06-13T23:19:12.976+0000] {dag.py:3490} INFO - Setting next_dagrun for example_trigger_controller_dag to 2021-01-01T00:00:00+00:00, run_after=2021-01-01T00:00:00+00:00
[2023-06-13T23:19:13.027+0000] {processor.py:179} INFO - Processing /home/airflow/.local/lib/python3.7/site-packages/airflow/example_dags/example_trigger_controller_dag.py took 0.195 seconds
[2023-06-13T23:19:43.866+0000] {processor.py:157} INFO - Started process (PID=12243) to work on /home/airflow/.local/lib/python3.7/site-packages/airflow/example_dags/example_trigger_controller_dag.py
[2023-06-13T23:19:43.868+0000] {processor.py:826} INFO - Processing file /home/airflow/.local/lib/python3.7/site-packages/airflow/example_dags/example_trigger_controller_dag.py for tasks to queue
[2023-06-13T23:19:43.869+0000] {logging_mixin.py:149} INFO - [2023-06-13T23:19:43.869+0000] {dagbag.py:541} INFO - Filling up the DagBag from /home/airflow/.local/lib/python3.7/site-packages/airflow/example_dags/example_trigger_controller_dag.py
[2023-06-13T23:19:43.880+0000] {processor.py:836} INFO - DAG(s) dict_keys(['example_trigger_controller_dag']) retrieved from /home/airflow/.local/lib/python3.7/site-packages/airflow/example_dags/example_trigger_controller_dag.py
[2023-06-13T23:19:43.955+0000] {logging_mixin.py:149} INFO - [2023-06-13T23:19:43.954+0000] {dag.py:2726} INFO - Sync 1 DAGs
[2023-06-13T23:19:44.010+0000] {logging_mixin.py:149} INFO - [2023-06-13T23:19:44.009+0000] {dag.py:3490} INFO - Setting next_dagrun for example_trigger_controller_dag to 2021-01-01T00:00:00+00:00, run_after=2021-01-01T00:00:00+00:00
[2023-06-13T23:19:44.065+0000] {processor.py:179} INFO - Processing /home/airflow/.local/lib/python3.7/site-packages/airflow/example_dags/example_trigger_controller_dag.py took 0.210 seconds
[2023-06-13T23:20:14.956+0000] {processor.py:157} INFO - Started process (PID=12485) to work on /home/airflow/.local/lib/python3.7/site-packages/airflow/example_dags/example_trigger_controller_dag.py
[2023-06-13T23:20:14.959+0000] {processor.py:826} INFO - Processing file /home/airflow/.local/lib/python3.7/site-packages/airflow/example_dags/example_trigger_controller_dag.py for tasks to queue
[2023-06-13T23:20:14.961+0000] {logging_mixin.py:149} INFO - [2023-06-13T23:20:14.961+0000] {dagbag.py:541} INFO - Filling up the DagBag from /home/airflow/.local/lib/python3.7/site-packages/airflow/example_dags/example_trigger_controller_dag.py
[2023-06-13T23:20:14.969+0000] {processor.py:836} INFO - DAG(s) dict_keys(['example_trigger_controller_dag']) retrieved from /home/airflow/.local/lib/python3.7/site-packages/airflow/example_dags/example_trigger_controller_dag.py
[2023-06-13T23:20:15.036+0000] {logging_mixin.py:149} INFO - [2023-06-13T23:20:15.035+0000] {dag.py:2726} INFO - Sync 1 DAGs
[2023-06-13T23:20:15.095+0000] {logging_mixin.py:149} INFO - [2023-06-13T23:20:15.095+0000] {dag.py:3490} INFO - Setting next_dagrun for example_trigger_controller_dag to 2021-01-01T00:00:00+00:00, run_after=2021-01-01T00:00:00+00:00
[2023-06-13T23:20:15.150+0000] {processor.py:179} INFO - Processing /home/airflow/.local/lib/python3.7/site-packages/airflow/example_dags/example_trigger_controller_dag.py took 0.201 seconds
[2023-06-13T23:20:45.327+0000] {processor.py:157} INFO - Started process (PID=12723) to work on /home/airflow/.local/lib/python3.7/site-packages/airflow/example_dags/example_trigger_controller_dag.py
[2023-06-13T23:20:45.330+0000] {processor.py:826} INFO - Processing file /home/airflow/.local/lib/python3.7/site-packages/airflow/example_dags/example_trigger_controller_dag.py for tasks to queue
[2023-06-13T23:20:45.333+0000] {logging_mixin.py:149} INFO - [2023-06-13T23:20:45.332+0000] {dagbag.py:541} INFO - Filling up the DagBag from /home/airflow/.local/lib/python3.7/site-packages/airflow/example_dags/example_trigger_controller_dag.py
[2023-06-13T23:20:45.349+0000] {processor.py:836} INFO - DAG(s) dict_keys(['example_trigger_controller_dag']) retrieved from /home/airflow/.local/lib/python3.7/site-packages/airflow/example_dags/example_trigger_controller_dag.py
[2023-06-13T23:20:45.431+0000] {logging_mixin.py:149} INFO - [2023-06-13T23:20:45.430+0000] {dag.py:2726} INFO - Sync 1 DAGs
[2023-06-13T23:20:45.530+0000] {logging_mixin.py:149} INFO - [2023-06-13T23:20:45.529+0000] {dag.py:3490} INFO - Setting next_dagrun for example_trigger_controller_dag to 2021-01-01T00:00:00+00:00, run_after=2021-01-01T00:00:00+00:00
[2023-06-13T23:20:45.611+0000] {processor.py:179} INFO - Processing /home/airflow/.local/lib/python3.7/site-packages/airflow/example_dags/example_trigger_controller_dag.py took 0.292 seconds
[2023-06-13T23:21:15.826+0000] {processor.py:157} INFO - Started process (PID=12961) to work on /home/airflow/.local/lib/python3.7/site-packages/airflow/example_dags/example_trigger_controller_dag.py
[2023-06-13T23:21:15.830+0000] {processor.py:826} INFO - Processing file /home/airflow/.local/lib/python3.7/site-packages/airflow/example_dags/example_trigger_controller_dag.py for tasks to queue
[2023-06-13T23:21:15.833+0000] {logging_mixin.py:149} INFO - [2023-06-13T23:21:15.831+0000] {dagbag.py:541} INFO - Filling up the DagBag from /home/airflow/.local/lib/python3.7/site-packages/airflow/example_dags/example_trigger_controller_dag.py
[2023-06-13T23:21:15.845+0000] {processor.py:836} INFO - DAG(s) dict_keys(['example_trigger_controller_dag']) retrieved from /home/airflow/.local/lib/python3.7/site-packages/airflow/example_dags/example_trigger_controller_dag.py
[2023-06-13T23:21:15.916+0000] {logging_mixin.py:149} INFO - [2023-06-13T23:21:15.916+0000] {dag.py:2726} INFO - Sync 1 DAGs
[2023-06-13T23:21:15.989+0000] {logging_mixin.py:149} INFO - [2023-06-13T23:21:15.988+0000] {dag.py:3490} INFO - Setting next_dagrun for example_trigger_controller_dag to 2021-01-01T00:00:00+00:00, run_after=2021-01-01T00:00:00+00:00
[2023-06-13T23:21:16.050+0000] {processor.py:179} INFO - Processing /home/airflow/.local/lib/python3.7/site-packages/airflow/example_dags/example_trigger_controller_dag.py took 0.231 seconds
[2023-06-13T23:21:46.213+0000] {processor.py:157} INFO - Started process (PID=13201) to work on /home/airflow/.local/lib/python3.7/site-packages/airflow/example_dags/example_trigger_controller_dag.py
[2023-06-13T23:21:46.215+0000] {processor.py:826} INFO - Processing file /home/airflow/.local/lib/python3.7/site-packages/airflow/example_dags/example_trigger_controller_dag.py for tasks to queue
[2023-06-13T23:21:46.218+0000] {logging_mixin.py:149} INFO - [2023-06-13T23:21:46.217+0000] {dagbag.py:541} INFO - Filling up the DagBag from /home/airflow/.local/lib/python3.7/site-packages/airflow/example_dags/example_trigger_controller_dag.py
[2023-06-13T23:21:46.232+0000] {processor.py:836} INFO - DAG(s) dict_keys(['example_trigger_controller_dag']) retrieved from /home/airflow/.local/lib/python3.7/site-packages/airflow/example_dags/example_trigger_controller_dag.py
[2023-06-13T23:21:46.320+0000] {logging_mixin.py:149} INFO - [2023-06-13T23:21:46.320+0000] {dag.py:2726} INFO - Sync 1 DAGs
[2023-06-13T23:21:46.392+0000] {logging_mixin.py:149} INFO - [2023-06-13T23:21:46.391+0000] {dag.py:3490} INFO - Setting next_dagrun for example_trigger_controller_dag to 2021-01-01T00:00:00+00:00, run_after=2021-01-01T00:00:00+00:00
[2023-06-13T23:21:46.459+0000] {processor.py:179} INFO - Processing /home/airflow/.local/lib/python3.7/site-packages/airflow/example_dags/example_trigger_controller_dag.py took 0.253 seconds
[2023-06-13T23:22:17.342+0000] {processor.py:157} INFO - Started process (PID=13441) to work on /home/airflow/.local/lib/python3.7/site-packages/airflow/example_dags/example_trigger_controller_dag.py
[2023-06-13T23:22:17.344+0000] {processor.py:826} INFO - Processing file /home/airflow/.local/lib/python3.7/site-packages/airflow/example_dags/example_trigger_controller_dag.py for tasks to queue
[2023-06-13T23:22:17.345+0000] {logging_mixin.py:149} INFO - [2023-06-13T23:22:17.345+0000] {dagbag.py:541} INFO - Filling up the DagBag from /home/airflow/.local/lib/python3.7/site-packages/airflow/example_dags/example_trigger_controller_dag.py
[2023-06-13T23:22:17.350+0000] {processor.py:836} INFO - DAG(s) dict_keys(['example_trigger_controller_dag']) retrieved from /home/airflow/.local/lib/python3.7/site-packages/airflow/example_dags/example_trigger_controller_dag.py
[2023-06-13T23:22:17.397+0000] {logging_mixin.py:149} INFO - [2023-06-13T23:22:17.396+0000] {dag.py:2726} INFO - Sync 1 DAGs
[2023-06-13T23:22:17.439+0000] {logging_mixin.py:149} INFO - [2023-06-13T23:22:17.439+0000] {dag.py:3490} INFO - Setting next_dagrun for example_trigger_controller_dag to 2021-01-01T00:00:00+00:00, run_after=2021-01-01T00:00:00+00:00
[2023-06-13T23:22:17.482+0000] {processor.py:179} INFO - Processing /home/airflow/.local/lib/python3.7/site-packages/airflow/example_dags/example_trigger_controller_dag.py took 0.144 seconds
[2023-06-13T23:22:47.668+0000] {processor.py:157} INFO - Started process (PID=13681) to work on /home/airflow/.local/lib/python3.7/site-packages/airflow/example_dags/example_trigger_controller_dag.py
[2023-06-13T23:22:47.669+0000] {processor.py:826} INFO - Processing file /home/airflow/.local/lib/python3.7/site-packages/airflow/example_dags/example_trigger_controller_dag.py for tasks to queue
[2023-06-13T23:22:47.670+0000] {logging_mixin.py:149} INFO - [2023-06-13T23:22:47.670+0000] {dagbag.py:541} INFO - Filling up the DagBag from /home/airflow/.local/lib/python3.7/site-packages/airflow/example_dags/example_trigger_controller_dag.py
[2023-06-13T23:22:47.674+0000] {processor.py:836} INFO - DAG(s) dict_keys(['example_trigger_controller_dag']) retrieved from /home/airflow/.local/lib/python3.7/site-packages/airflow/example_dags/example_trigger_controller_dag.py
[2023-06-13T23:22:47.712+0000] {logging_mixin.py:149} INFO - [2023-06-13T23:22:47.712+0000] {dag.py:2726} INFO - Sync 1 DAGs
[2023-06-13T23:22:47.759+0000] {logging_mixin.py:149} INFO - [2023-06-13T23:22:47.759+0000] {dag.py:3490} INFO - Setting next_dagrun for example_trigger_controller_dag to 2021-01-01T00:00:00+00:00, run_after=2021-01-01T00:00:00+00:00
[2023-06-13T23:22:47.798+0000] {processor.py:179} INFO - Processing /home/airflow/.local/lib/python3.7/site-packages/airflow/example_dags/example_trigger_controller_dag.py took 0.134 seconds
[2023-06-13T23:23:17.945+0000] {processor.py:157} INFO - Started process (PID=13921) to work on /home/airflow/.local/lib/python3.7/site-packages/airflow/example_dags/example_trigger_controller_dag.py
[2023-06-13T23:23:17.947+0000] {processor.py:826} INFO - Processing file /home/airflow/.local/lib/python3.7/site-packages/airflow/example_dags/example_trigger_controller_dag.py for tasks to queue
[2023-06-13T23:23:17.949+0000] {logging_mixin.py:149} INFO - [2023-06-13T23:23:17.948+0000] {dagbag.py:541} INFO - Filling up the DagBag from /home/airflow/.local/lib/python3.7/site-packages/airflow/example_dags/example_trigger_controller_dag.py
[2023-06-13T23:23:17.955+0000] {processor.py:836} INFO - DAG(s) dict_keys(['example_trigger_controller_dag']) retrieved from /home/airflow/.local/lib/python3.7/site-packages/airflow/example_dags/example_trigger_controller_dag.py
[2023-06-13T23:23:18.014+0000] {logging_mixin.py:149} INFO - [2023-06-13T23:23:18.013+0000] {dag.py:2726} INFO - Sync 1 DAGs
[2023-06-13T23:23:18.054+0000] {logging_mixin.py:149} INFO - [2023-06-13T23:23:18.053+0000] {dag.py:3490} INFO - Setting next_dagrun for example_trigger_controller_dag to 2021-01-01T00:00:00+00:00, run_after=2021-01-01T00:00:00+00:00
[2023-06-13T23:23:18.097+0000] {processor.py:179} INFO - Processing /home/airflow/.local/lib/python3.7/site-packages/airflow/example_dags/example_trigger_controller_dag.py took 0.155 seconds
[2023-06-13T23:23:48.312+0000] {processor.py:157} INFO - Started process (PID=14161) to work on /home/airflow/.local/lib/python3.7/site-packages/airflow/example_dags/example_trigger_controller_dag.py
[2023-06-13T23:23:48.313+0000] {processor.py:826} INFO - Processing file /home/airflow/.local/lib/python3.7/site-packages/airflow/example_dags/example_trigger_controller_dag.py for tasks to queue
[2023-06-13T23:23:48.314+0000] {logging_mixin.py:149} INFO - [2023-06-13T23:23:48.314+0000] {dagbag.py:541} INFO - Filling up the DagBag from /home/airflow/.local/lib/python3.7/site-packages/airflow/example_dags/example_trigger_controller_dag.py
[2023-06-13T23:23:48.320+0000] {processor.py:836} INFO - DAG(s) dict_keys(['example_trigger_controller_dag']) retrieved from /home/airflow/.local/lib/python3.7/site-packages/airflow/example_dags/example_trigger_controller_dag.py
[2023-06-13T23:23:48.365+0000] {logging_mixin.py:149} INFO - [2023-06-13T23:23:48.364+0000] {dag.py:2726} INFO - Sync 1 DAGs
[2023-06-13T23:23:48.408+0000] {logging_mixin.py:149} INFO - [2023-06-13T23:23:48.407+0000] {dag.py:3490} INFO - Setting next_dagrun for example_trigger_controller_dag to 2021-01-01T00:00:00+00:00, run_after=2021-01-01T00:00:00+00:00
[2023-06-13T23:23:48.452+0000] {processor.py:179} INFO - Processing /home/airflow/.local/lib/python3.7/site-packages/airflow/example_dags/example_trigger_controller_dag.py took 0.150 seconds
[2023-06-13T23:24:19.267+0000] {processor.py:157} INFO - Started process (PID=14401) to work on /home/airflow/.local/lib/python3.7/site-packages/airflow/example_dags/example_trigger_controller_dag.py
[2023-06-13T23:24:19.270+0000] {processor.py:826} INFO - Processing file /home/airflow/.local/lib/python3.7/site-packages/airflow/example_dags/example_trigger_controller_dag.py for tasks to queue
[2023-06-13T23:24:19.272+0000] {logging_mixin.py:149} INFO - [2023-06-13T23:24:19.272+0000] {dagbag.py:541} INFO - Filling up the DagBag from /home/airflow/.local/lib/python3.7/site-packages/airflow/example_dags/example_trigger_controller_dag.py
[2023-06-13T23:24:19.281+0000] {processor.py:836} INFO - DAG(s) dict_keys(['example_trigger_controller_dag']) retrieved from /home/airflow/.local/lib/python3.7/site-packages/airflow/example_dags/example_trigger_controller_dag.py
[2023-06-13T23:24:19.338+0000] {logging_mixin.py:149} INFO - [2023-06-13T23:24:19.338+0000] {dag.py:2726} INFO - Sync 1 DAGs
[2023-06-13T23:24:19.392+0000] {logging_mixin.py:149} INFO - [2023-06-13T23:24:19.390+0000] {dag.py:3490} INFO - Setting next_dagrun for example_trigger_controller_dag to 2021-01-01T00:00:00+00:00, run_after=2021-01-01T00:00:00+00:00
[2023-06-13T23:24:19.451+0000] {processor.py:179} INFO - Processing /home/airflow/.local/lib/python3.7/site-packages/airflow/example_dags/example_trigger_controller_dag.py took 0.188 seconds
[2023-06-13T23:24:49.883+0000] {processor.py:157} INFO - Started process (PID=14641) to work on /home/airflow/.local/lib/python3.7/site-packages/airflow/example_dags/example_trigger_controller_dag.py
[2023-06-13T23:24:49.885+0000] {processor.py:826} INFO - Processing file /home/airflow/.local/lib/python3.7/site-packages/airflow/example_dags/example_trigger_controller_dag.py for tasks to queue
[2023-06-13T23:24:49.887+0000] {logging_mixin.py:149} INFO - [2023-06-13T23:24:49.886+0000] {dagbag.py:541} INFO - Filling up the DagBag from /home/airflow/.local/lib/python3.7/site-packages/airflow/example_dags/example_trigger_controller_dag.py
[2023-06-13T23:24:49.895+0000] {processor.py:836} INFO - DAG(s) dict_keys(['example_trigger_controller_dag']) retrieved from /home/airflow/.local/lib/python3.7/site-packages/airflow/example_dags/example_trigger_controller_dag.py
[2023-06-13T23:24:49.959+0000] {logging_mixin.py:149} INFO - [2023-06-13T23:24:49.958+0000] {dag.py:2726} INFO - Sync 1 DAGs
[2023-06-13T23:24:50.027+0000] {logging_mixin.py:149} INFO - [2023-06-13T23:24:50.027+0000] {dag.py:3490} INFO - Setting next_dagrun for example_trigger_controller_dag to 2021-01-01T00:00:00+00:00, run_after=2021-01-01T00:00:00+00:00
[2023-06-13T23:24:50.076+0000] {processor.py:179} INFO - Processing /home/airflow/.local/lib/python3.7/site-packages/airflow/example_dags/example_trigger_controller_dag.py took 0.202 seconds
[2023-06-13T23:25:20.389+0000] {processor.py:157} INFO - Started process (PID=14881) to work on /home/airflow/.local/lib/python3.7/site-packages/airflow/example_dags/example_trigger_controller_dag.py
[2023-06-13T23:25:20.391+0000] {processor.py:826} INFO - Processing file /home/airflow/.local/lib/python3.7/site-packages/airflow/example_dags/example_trigger_controller_dag.py for tasks to queue
[2023-06-13T23:25:20.395+0000] {logging_mixin.py:149} INFO - [2023-06-13T23:25:20.395+0000] {dagbag.py:541} INFO - Filling up the DagBag from /home/airflow/.local/lib/python3.7/site-packages/airflow/example_dags/example_trigger_controller_dag.py
[2023-06-13T23:25:20.401+0000] {processor.py:836} INFO - DAG(s) dict_keys(['example_trigger_controller_dag']) retrieved from /home/airflow/.local/lib/python3.7/site-packages/airflow/example_dags/example_trigger_controller_dag.py
[2023-06-13T23:25:20.455+0000] {logging_mixin.py:149} INFO - [2023-06-13T23:25:20.455+0000] {dag.py:2726} INFO - Sync 1 DAGs
[2023-06-13T23:25:20.508+0000] {logging_mixin.py:149} INFO - [2023-06-13T23:25:20.507+0000] {dag.py:3490} INFO - Setting next_dagrun for example_trigger_controller_dag to 2021-01-01T00:00:00+00:00, run_after=2021-01-01T00:00:00+00:00
[2023-06-13T23:25:20.567+0000] {processor.py:179} INFO - Processing /home/airflow/.local/lib/python3.7/site-packages/airflow/example_dags/example_trigger_controller_dag.py took 0.183 seconds
[2023-06-13T23:25:51.286+0000] {processor.py:157} INFO - Started process (PID=15120) to work on /home/airflow/.local/lib/python3.7/site-packages/airflow/example_dags/example_trigger_controller_dag.py
[2023-06-13T23:25:51.288+0000] {processor.py:826} INFO - Processing file /home/airflow/.local/lib/python3.7/site-packages/airflow/example_dags/example_trigger_controller_dag.py for tasks to queue
[2023-06-13T23:25:51.290+0000] {logging_mixin.py:149} INFO - [2023-06-13T23:25:51.290+0000] {dagbag.py:541} INFO - Filling up the DagBag from /home/airflow/.local/lib/python3.7/site-packages/airflow/example_dags/example_trigger_controller_dag.py
[2023-06-13T23:25:51.299+0000] {processor.py:836} INFO - DAG(s) dict_keys(['example_trigger_controller_dag']) retrieved from /home/airflow/.local/lib/python3.7/site-packages/airflow/example_dags/example_trigger_controller_dag.py
[2023-06-13T23:25:51.349+0000] {logging_mixin.py:149} INFO - [2023-06-13T23:25:51.349+0000] {dag.py:2726} INFO - Sync 1 DAGs
[2023-06-13T23:25:51.396+0000] {logging_mixin.py:149} INFO - [2023-06-13T23:25:51.396+0000] {dag.py:3490} INFO - Setting next_dagrun for example_trigger_controller_dag to 2021-01-01T00:00:00+00:00, run_after=2021-01-01T00:00:00+00:00
[2023-06-13T23:25:51.448+0000] {processor.py:179} INFO - Processing /home/airflow/.local/lib/python3.7/site-packages/airflow/example_dags/example_trigger_controller_dag.py took 0.167 seconds
