[2023-06-13T22:54:10.883+0000] {processor.py:157} INFO - Started process (PID=268) to work on /home/airflow/.local/lib/python3.7/site-packages/airflow/example_dags/example_latest_only.py
[2023-06-13T22:54:10.897+0000] {processor.py:826} INFO - Processing file /home/airflow/.local/lib/python3.7/site-packages/airflow/example_dags/example_latest_only.py for tasks to queue
[2023-06-13T22:54:10.898+0000] {logging_mixin.py:149} INFO - [2023-06-13T22:54:10.898+0000] {dagbag.py:541} INFO - Filling up the DagBag from /home/airflow/.local/lib/python3.7/site-packages/airflow/example_dags/example_latest_only.py
[2023-06-13T22:54:10.914+0000] {processor.py:836} INFO - DAG(s) dict_keys(['latest_only']) retrieved from /home/airflow/.local/lib/python3.7/site-packages/airflow/example_dags/example_latest_only.py
[2023-06-13T22:54:10.997+0000] {logging_mixin.py:149} INFO - [2023-06-13T22:54:10.997+0000] {dag.py:2726} INFO - Sync 1 DAGs
[2023-06-13T22:54:11.048+0000] {logging_mixin.py:149} INFO - [2023-06-13T22:54:11.047+0000] {dag.py:3490} INFO - Setting next_dagrun for latest_only to 2023-06-13T18:54:11.047584+00:00, run_after=2023-06-13T22:54:11.047584+00:00
[2023-06-13T22:54:11.101+0000] {processor.py:179} INFO - Processing /home/airflow/.local/lib/python3.7/site-packages/airflow/example_dags/example_latest_only.py took 0.225 seconds
[2023-06-13T22:54:42.920+0000] {processor.py:157} INFO - Started process (PID=508) to work on /home/airflow/.local/lib/python3.7/site-packages/airflow/example_dags/example_latest_only.py
[2023-06-13T22:54:42.923+0000] {processor.py:826} INFO - Processing file /home/airflow/.local/lib/python3.7/site-packages/airflow/example_dags/example_latest_only.py for tasks to queue
[2023-06-13T22:54:42.924+0000] {logging_mixin.py:149} INFO - [2023-06-13T22:54:42.924+0000] {dagbag.py:541} INFO - Filling up the DagBag from /home/airflow/.local/lib/python3.7/site-packages/airflow/example_dags/example_latest_only.py
[2023-06-13T22:54:42.930+0000] {processor.py:836} INFO - DAG(s) dict_keys(['latest_only']) retrieved from /home/airflow/.local/lib/python3.7/site-packages/airflow/example_dags/example_latest_only.py
[2023-06-13T22:54:42.981+0000] {logging_mixin.py:149} INFO - [2023-06-13T22:54:42.981+0000] {dag.py:2726} INFO - Sync 1 DAGs
[2023-06-13T22:54:43.243+0000] {logging_mixin.py:149} INFO - [2023-06-13T22:54:43.242+0000] {dag.py:3490} INFO - Setting next_dagrun for latest_only to 2023-06-13T18:54:43.242237+00:00, run_after=2023-06-13T22:54:43.242237+00:00
[2023-06-13T22:54:43.318+0000] {processor.py:179} INFO - Processing /home/airflow/.local/lib/python3.7/site-packages/airflow/example_dags/example_latest_only.py took 0.403 seconds
[2023-06-13T22:55:14.519+0000] {processor.py:157} INFO - Started process (PID=748) to work on /home/airflow/.local/lib/python3.7/site-packages/airflow/example_dags/example_latest_only.py
[2023-06-13T22:55:14.524+0000] {processor.py:826} INFO - Processing file /home/airflow/.local/lib/python3.7/site-packages/airflow/example_dags/example_latest_only.py for tasks to queue
[2023-06-13T22:55:14.525+0000] {logging_mixin.py:149} INFO - [2023-06-13T22:55:14.525+0000] {dagbag.py:541} INFO - Filling up the DagBag from /home/airflow/.local/lib/python3.7/site-packages/airflow/example_dags/example_latest_only.py
[2023-06-13T22:55:14.537+0000] {processor.py:836} INFO - DAG(s) dict_keys(['latest_only']) retrieved from /home/airflow/.local/lib/python3.7/site-packages/airflow/example_dags/example_latest_only.py
[2023-06-13T22:55:14.599+0000] {logging_mixin.py:149} INFO - [2023-06-13T22:55:14.599+0000] {dag.py:2726} INFO - Sync 1 DAGs
[2023-06-13T22:55:14.664+0000] {logging_mixin.py:149} INFO - [2023-06-13T22:55:14.664+0000] {dag.py:3490} INFO - Setting next_dagrun for latest_only to 2023-06-13T18:55:14.662268+00:00, run_after=2023-06-13T22:55:14.662268+00:00
[2023-06-13T22:55:14.761+0000] {processor.py:179} INFO - Processing /home/airflow/.local/lib/python3.7/site-packages/airflow/example_dags/example_latest_only.py took 0.251 seconds
[2023-06-13T22:55:45.375+0000] {processor.py:157} INFO - Started process (PID=999) to work on /home/airflow/.local/lib/python3.7/site-packages/airflow/example_dags/example_latest_only.py
[2023-06-13T22:55:45.381+0000] {processor.py:826} INFO - Processing file /home/airflow/.local/lib/python3.7/site-packages/airflow/example_dags/example_latest_only.py for tasks to queue
[2023-06-13T22:55:45.383+0000] {logging_mixin.py:149} INFO - [2023-06-13T22:55:45.382+0000] {dagbag.py:541} INFO - Filling up the DagBag from /home/airflow/.local/lib/python3.7/site-packages/airflow/example_dags/example_latest_only.py
[2023-06-13T22:55:45.394+0000] {processor.py:836} INFO - DAG(s) dict_keys(['latest_only']) retrieved from /home/airflow/.local/lib/python3.7/site-packages/airflow/example_dags/example_latest_only.py
[2023-06-13T22:55:45.471+0000] {logging_mixin.py:149} INFO - [2023-06-13T22:55:45.470+0000] {dag.py:2726} INFO - Sync 1 DAGs
[2023-06-13T22:55:45.541+0000] {logging_mixin.py:149} INFO - [2023-06-13T22:55:45.541+0000] {dag.py:3490} INFO - Setting next_dagrun for latest_only to 2023-06-13T18:55:45.540582+00:00, run_after=2023-06-13T22:55:45.540582+00:00
[2023-06-13T22:55:45.637+0000] {processor.py:179} INFO - Processing /home/airflow/.local/lib/python3.7/site-packages/airflow/example_dags/example_latest_only.py took 0.267 seconds
[2023-06-13T22:56:15.912+0000] {processor.py:157} INFO - Started process (PID=1236) to work on /home/airflow/.local/lib/python3.7/site-packages/airflow/example_dags/example_latest_only.py
[2023-06-13T22:56:15.914+0000] {processor.py:826} INFO - Processing file /home/airflow/.local/lib/python3.7/site-packages/airflow/example_dags/example_latest_only.py for tasks to queue
[2023-06-13T22:56:15.915+0000] {logging_mixin.py:149} INFO - [2023-06-13T22:56:15.915+0000] {dagbag.py:541} INFO - Filling up the DagBag from /home/airflow/.local/lib/python3.7/site-packages/airflow/example_dags/example_latest_only.py
[2023-06-13T22:56:15.922+0000] {processor.py:836} INFO - DAG(s) dict_keys(['latest_only']) retrieved from /home/airflow/.local/lib/python3.7/site-packages/airflow/example_dags/example_latest_only.py
[2023-06-13T22:56:15.966+0000] {logging_mixin.py:149} INFO - [2023-06-13T22:56:15.966+0000] {dag.py:2726} INFO - Sync 1 DAGs
[2023-06-13T22:56:16.008+0000] {logging_mixin.py:149} INFO - [2023-06-13T22:56:16.008+0000] {dag.py:3490} INFO - Setting next_dagrun for latest_only to 2023-06-13T18:56:16.007616+00:00, run_after=2023-06-13T22:56:16.007616+00:00
[2023-06-13T22:56:16.055+0000] {processor.py:179} INFO - Processing /home/airflow/.local/lib/python3.7/site-packages/airflow/example_dags/example_latest_only.py took 0.149 seconds
[2023-06-13T22:56:46.188+0000] {processor.py:157} INFO - Started process (PID=1476) to work on /home/airflow/.local/lib/python3.7/site-packages/airflow/example_dags/example_latest_only.py
[2023-06-13T22:56:46.190+0000] {processor.py:826} INFO - Processing file /home/airflow/.local/lib/python3.7/site-packages/airflow/example_dags/example_latest_only.py for tasks to queue
[2023-06-13T22:56:46.192+0000] {logging_mixin.py:149} INFO - [2023-06-13T22:56:46.191+0000] {dagbag.py:541} INFO - Filling up the DagBag from /home/airflow/.local/lib/python3.7/site-packages/airflow/example_dags/example_latest_only.py
[2023-06-13T22:56:46.201+0000] {processor.py:836} INFO - DAG(s) dict_keys(['latest_only']) retrieved from /home/airflow/.local/lib/python3.7/site-packages/airflow/example_dags/example_latest_only.py
[2023-06-13T22:56:46.248+0000] {logging_mixin.py:149} INFO - [2023-06-13T22:56:46.247+0000] {dag.py:2726} INFO - Sync 1 DAGs
[2023-06-13T22:56:46.294+0000] {logging_mixin.py:149} INFO - [2023-06-13T22:56:46.294+0000] {dag.py:3490} INFO - Setting next_dagrun for latest_only to 2023-06-13T18:56:46.294076+00:00, run_after=2023-06-13T22:56:46.294076+00:00
[2023-06-13T22:56:46.335+0000] {processor.py:179} INFO - Processing /home/airflow/.local/lib/python3.7/site-packages/airflow/example_dags/example_latest_only.py took 0.152 seconds
[2023-06-13T22:57:16.578+0000] {processor.py:157} INFO - Started process (PID=1715) to work on /home/airflow/.local/lib/python3.7/site-packages/airflow/example_dags/example_latest_only.py
[2023-06-13T22:57:16.580+0000] {processor.py:826} INFO - Processing file /home/airflow/.local/lib/python3.7/site-packages/airflow/example_dags/example_latest_only.py for tasks to queue
[2023-06-13T22:57:16.581+0000] {logging_mixin.py:149} INFO - [2023-06-13T22:57:16.581+0000] {dagbag.py:541} INFO - Filling up the DagBag from /home/airflow/.local/lib/python3.7/site-packages/airflow/example_dags/example_latest_only.py
[2023-06-13T22:57:16.591+0000] {processor.py:836} INFO - DAG(s) dict_keys(['latest_only']) retrieved from /home/airflow/.local/lib/python3.7/site-packages/airflow/example_dags/example_latest_only.py
[2023-06-13T22:57:16.645+0000] {logging_mixin.py:149} INFO - [2023-06-13T22:57:16.645+0000] {dag.py:2726} INFO - Sync 1 DAGs
[2023-06-13T22:57:16.694+0000] {logging_mixin.py:149} INFO - [2023-06-13T22:57:16.694+0000] {dag.py:3490} INFO - Setting next_dagrun for latest_only to 2023-06-13T18:57:16.694280+00:00, run_after=2023-06-13T22:57:16.694280+00:00
[2023-06-13T22:57:16.742+0000] {processor.py:179} INFO - Processing /home/airflow/.local/lib/python3.7/site-packages/airflow/example_dags/example_latest_only.py took 0.169 seconds
[2023-06-13T22:57:46.825+0000] {processor.py:157} INFO - Started process (PID=1953) to work on /home/airflow/.local/lib/python3.7/site-packages/airflow/example_dags/example_latest_only.py
[2023-06-13T22:57:46.829+0000] {processor.py:826} INFO - Processing file /home/airflow/.local/lib/python3.7/site-packages/airflow/example_dags/example_latest_only.py for tasks to queue
[2023-06-13T22:57:46.830+0000] {logging_mixin.py:149} INFO - [2023-06-13T22:57:46.830+0000] {dagbag.py:541} INFO - Filling up the DagBag from /home/airflow/.local/lib/python3.7/site-packages/airflow/example_dags/example_latest_only.py
[2023-06-13T22:57:46.843+0000] {processor.py:836} INFO - DAG(s) dict_keys(['latest_only']) retrieved from /home/airflow/.local/lib/python3.7/site-packages/airflow/example_dags/example_latest_only.py
[2023-06-13T22:57:46.898+0000] {logging_mixin.py:149} INFO - [2023-06-13T22:57:46.897+0000] {dag.py:2726} INFO - Sync 1 DAGs
[2023-06-13T22:57:46.963+0000] {logging_mixin.py:149} INFO - [2023-06-13T22:57:46.963+0000] {dag.py:3490} INFO - Setting next_dagrun for latest_only to 2023-06-13T18:57:46.962412+00:00, run_after=2023-06-13T22:57:46.962412+00:00
[2023-06-13T22:57:47.015+0000] {processor.py:179} INFO - Processing /home/airflow/.local/lib/python3.7/site-packages/airflow/example_dags/example_latest_only.py took 0.197 seconds
[2023-06-13T22:58:17.594+0000] {processor.py:157} INFO - Started process (PID=2193) to work on /home/airflow/.local/lib/python3.7/site-packages/airflow/example_dags/example_latest_only.py
[2023-06-13T22:58:17.596+0000] {processor.py:826} INFO - Processing file /home/airflow/.local/lib/python3.7/site-packages/airflow/example_dags/example_latest_only.py for tasks to queue
[2023-06-13T22:58:17.598+0000] {logging_mixin.py:149} INFO - [2023-06-13T22:58:17.598+0000] {dagbag.py:541} INFO - Filling up the DagBag from /home/airflow/.local/lib/python3.7/site-packages/airflow/example_dags/example_latest_only.py
[2023-06-13T22:58:17.607+0000] {processor.py:836} INFO - DAG(s) dict_keys(['latest_only']) retrieved from /home/airflow/.local/lib/python3.7/site-packages/airflow/example_dags/example_latest_only.py
[2023-06-13T22:58:17.654+0000] {logging_mixin.py:149} INFO - [2023-06-13T22:58:17.653+0000] {dag.py:2726} INFO - Sync 1 DAGs
[2023-06-13T22:58:17.706+0000] {logging_mixin.py:149} INFO - [2023-06-13T22:58:17.706+0000] {dag.py:3490} INFO - Setting next_dagrun for latest_only to 2023-06-13T18:58:17.705737+00:00, run_after=2023-06-13T22:58:17.705737+00:00
[2023-06-13T22:58:17.758+0000] {processor.py:179} INFO - Processing /home/airflow/.local/lib/python3.7/site-packages/airflow/example_dags/example_latest_only.py took 0.169 seconds
[2023-06-13T22:58:48.463+0000] {processor.py:157} INFO - Started process (PID=2433) to work on /home/airflow/.local/lib/python3.7/site-packages/airflow/example_dags/example_latest_only.py
[2023-06-13T22:58:48.466+0000] {processor.py:826} INFO - Processing file /home/airflow/.local/lib/python3.7/site-packages/airflow/example_dags/example_latest_only.py for tasks to queue
[2023-06-13T22:58:48.467+0000] {logging_mixin.py:149} INFO - [2023-06-13T22:58:48.467+0000] {dagbag.py:541} INFO - Filling up the DagBag from /home/airflow/.local/lib/python3.7/site-packages/airflow/example_dags/example_latest_only.py
[2023-06-13T22:58:48.477+0000] {processor.py:836} INFO - DAG(s) dict_keys(['latest_only']) retrieved from /home/airflow/.local/lib/python3.7/site-packages/airflow/example_dags/example_latest_only.py
[2023-06-13T22:58:48.547+0000] {logging_mixin.py:149} INFO - [2023-06-13T22:58:48.547+0000] {dag.py:2726} INFO - Sync 1 DAGs
[2023-06-13T22:58:48.600+0000] {logging_mixin.py:149} INFO - [2023-06-13T22:58:48.600+0000] {dag.py:3490} INFO - Setting next_dagrun for latest_only to 2023-06-13T18:58:48.599888+00:00, run_after=2023-06-13T22:58:48.599888+00:00
[2023-06-13T22:58:48.661+0000] {processor.py:179} INFO - Processing /home/airflow/.local/lib/python3.7/site-packages/airflow/example_dags/example_latest_only.py took 0.204 seconds
[2023-06-13T22:59:18.993+0000] {processor.py:157} INFO - Started process (PID=2674) to work on /home/airflow/.local/lib/python3.7/site-packages/airflow/example_dags/example_latest_only.py
[2023-06-13T22:59:18.995+0000] {processor.py:826} INFO - Processing file /home/airflow/.local/lib/python3.7/site-packages/airflow/example_dags/example_latest_only.py for tasks to queue
[2023-06-13T22:59:18.997+0000] {logging_mixin.py:149} INFO - [2023-06-13T22:59:18.996+0000] {dagbag.py:541} INFO - Filling up the DagBag from /home/airflow/.local/lib/python3.7/site-packages/airflow/example_dags/example_latest_only.py
[2023-06-13T22:59:19.006+0000] {processor.py:836} INFO - DAG(s) dict_keys(['latest_only']) retrieved from /home/airflow/.local/lib/python3.7/site-packages/airflow/example_dags/example_latest_only.py
[2023-06-13T22:59:19.053+0000] {logging_mixin.py:149} INFO - [2023-06-13T22:59:19.053+0000] {dag.py:2726} INFO - Sync 1 DAGs
[2023-06-13T22:59:19.105+0000] {logging_mixin.py:149} INFO - [2023-06-13T22:59:19.105+0000] {dag.py:3490} INFO - Setting next_dagrun for latest_only to 2023-06-13T18:59:19.104807+00:00, run_after=2023-06-13T22:59:19.104807+00:00
[2023-06-13T22:59:19.155+0000] {processor.py:179} INFO - Processing /home/airflow/.local/lib/python3.7/site-packages/airflow/example_dags/example_latest_only.py took 0.167 seconds
[2023-06-13T22:59:49.764+0000] {processor.py:157} INFO - Started process (PID=2913) to work on /home/airflow/.local/lib/python3.7/site-packages/airflow/example_dags/example_latest_only.py
[2023-06-13T22:59:49.766+0000] {processor.py:826} INFO - Processing file /home/airflow/.local/lib/python3.7/site-packages/airflow/example_dags/example_latest_only.py for tasks to queue
[2023-06-13T22:59:49.768+0000] {logging_mixin.py:149} INFO - [2023-06-13T22:59:49.768+0000] {dagbag.py:541} INFO - Filling up the DagBag from /home/airflow/.local/lib/python3.7/site-packages/airflow/example_dags/example_latest_only.py
[2023-06-13T22:59:49.779+0000] {processor.py:836} INFO - DAG(s) dict_keys(['latest_only']) retrieved from /home/airflow/.local/lib/python3.7/site-packages/airflow/example_dags/example_latest_only.py
[2023-06-13T22:59:49.842+0000] {logging_mixin.py:149} INFO - [2023-06-13T22:59:49.842+0000] {dag.py:2726} INFO - Sync 1 DAGs
[2023-06-13T22:59:49.901+0000] {logging_mixin.py:149} INFO - [2023-06-13T22:59:49.901+0000] {dag.py:3490} INFO - Setting next_dagrun for latest_only to 2023-06-13T18:59:49.900685+00:00, run_after=2023-06-13T22:59:49.900685+00:00
[2023-06-13T22:59:49.956+0000] {processor.py:179} INFO - Processing /home/airflow/.local/lib/python3.7/site-packages/airflow/example_dags/example_latest_only.py took 0.199 seconds
[2023-06-13T23:00:20.415+0000] {processor.py:157} INFO - Started process (PID=3153) to work on /home/airflow/.local/lib/python3.7/site-packages/airflow/example_dags/example_latest_only.py
[2023-06-13T23:00:20.417+0000] {processor.py:826} INFO - Processing file /home/airflow/.local/lib/python3.7/site-packages/airflow/example_dags/example_latest_only.py for tasks to queue
[2023-06-13T23:00:20.419+0000] {logging_mixin.py:149} INFO - [2023-06-13T23:00:20.418+0000] {dagbag.py:541} INFO - Filling up the DagBag from /home/airflow/.local/lib/python3.7/site-packages/airflow/example_dags/example_latest_only.py
[2023-06-13T23:00:20.427+0000] {processor.py:836} INFO - DAG(s) dict_keys(['latest_only']) retrieved from /home/airflow/.local/lib/python3.7/site-packages/airflow/example_dags/example_latest_only.py
[2023-06-13T23:00:20.480+0000] {logging_mixin.py:149} INFO - [2023-06-13T23:00:20.479+0000] {dag.py:2726} INFO - Sync 1 DAGs
[2023-06-13T23:00:20.568+0000] {logging_mixin.py:149} INFO - [2023-06-13T23:00:20.567+0000] {dag.py:3490} INFO - Setting next_dagrun for latest_only to 2023-06-13T19:00:20.566680+00:00, run_after=2023-06-13T23:00:20.566680+00:00
[2023-06-13T23:00:20.650+0000] {processor.py:179} INFO - Processing /home/airflow/.local/lib/python3.7/site-packages/airflow/example_dags/example_latest_only.py took 0.241 seconds
[2023-06-13T23:00:51.205+0000] {processor.py:157} INFO - Started process (PID=3395) to work on /home/airflow/.local/lib/python3.7/site-packages/airflow/example_dags/example_latest_only.py
[2023-06-13T23:00:51.207+0000] {processor.py:826} INFO - Processing file /home/airflow/.local/lib/python3.7/site-packages/airflow/example_dags/example_latest_only.py for tasks to queue
[2023-06-13T23:00:51.209+0000] {logging_mixin.py:149} INFO - [2023-06-13T23:00:51.209+0000] {dagbag.py:541} INFO - Filling up the DagBag from /home/airflow/.local/lib/python3.7/site-packages/airflow/example_dags/example_latest_only.py
[2023-06-13T23:00:51.222+0000] {processor.py:836} INFO - DAG(s) dict_keys(['latest_only']) retrieved from /home/airflow/.local/lib/python3.7/site-packages/airflow/example_dags/example_latest_only.py
[2023-06-13T23:00:51.292+0000] {logging_mixin.py:149} INFO - [2023-06-13T23:00:51.291+0000] {dag.py:2726} INFO - Sync 1 DAGs
[2023-06-13T23:00:51.352+0000] {logging_mixin.py:149} INFO - [2023-06-13T23:00:51.351+0000] {dag.py:3490} INFO - Setting next_dagrun for latest_only to 2023-06-13T19:00:51.351026+00:00, run_after=2023-06-13T23:00:51.351026+00:00
[2023-06-13T23:00:51.423+0000] {processor.py:179} INFO - Processing /home/airflow/.local/lib/python3.7/site-packages/airflow/example_dags/example_latest_only.py took 0.226 seconds
[2023-06-13T23:01:22.006+0000] {processor.py:157} INFO - Started process (PID=3635) to work on /home/airflow/.local/lib/python3.7/site-packages/airflow/example_dags/example_latest_only.py
[2023-06-13T23:01:22.008+0000] {processor.py:826} INFO - Processing file /home/airflow/.local/lib/python3.7/site-packages/airflow/example_dags/example_latest_only.py for tasks to queue
[2023-06-13T23:01:22.010+0000] {logging_mixin.py:149} INFO - [2023-06-13T23:01:22.010+0000] {dagbag.py:541} INFO - Filling up the DagBag from /home/airflow/.local/lib/python3.7/site-packages/airflow/example_dags/example_latest_only.py
[2023-06-13T23:01:22.023+0000] {processor.py:836} INFO - DAG(s) dict_keys(['latest_only']) retrieved from /home/airflow/.local/lib/python3.7/site-packages/airflow/example_dags/example_latest_only.py
[2023-06-13T23:01:22.076+0000] {logging_mixin.py:149} INFO - [2023-06-13T23:01:22.075+0000] {dag.py:2726} INFO - Sync 1 DAGs
[2023-06-13T23:01:22.144+0000] {logging_mixin.py:149} INFO - [2023-06-13T23:01:22.143+0000] {dag.py:3490} INFO - Setting next_dagrun for latest_only to 2023-06-13T19:01:22.143065+00:00, run_after=2023-06-13T23:01:22.143065+00:00
[2023-06-13T23:01:22.205+0000] {processor.py:179} INFO - Processing /home/airflow/.local/lib/python3.7/site-packages/airflow/example_dags/example_latest_only.py took 0.208 seconds
[2023-06-13T23:01:53.037+0000] {processor.py:157} INFO - Started process (PID=3873) to work on /home/airflow/.local/lib/python3.7/site-packages/airflow/example_dags/example_latest_only.py
[2023-06-13T23:01:53.040+0000] {processor.py:826} INFO - Processing file /home/airflow/.local/lib/python3.7/site-packages/airflow/example_dags/example_latest_only.py for tasks to queue
[2023-06-13T23:01:53.042+0000] {logging_mixin.py:149} INFO - [2023-06-13T23:01:53.042+0000] {dagbag.py:541} INFO - Filling up the DagBag from /home/airflow/.local/lib/python3.7/site-packages/airflow/example_dags/example_latest_only.py
[2023-06-13T23:01:53.054+0000] {processor.py:836} INFO - DAG(s) dict_keys(['latest_only']) retrieved from /home/airflow/.local/lib/python3.7/site-packages/airflow/example_dags/example_latest_only.py
[2023-06-13T23:01:53.118+0000] {logging_mixin.py:149} INFO - [2023-06-13T23:01:53.117+0000] {dag.py:2726} INFO - Sync 1 DAGs
[2023-06-13T23:01:53.175+0000] {logging_mixin.py:149} INFO - [2023-06-13T23:01:53.174+0000] {dag.py:3490} INFO - Setting next_dagrun for latest_only to 2023-06-13T19:01:53.174215+00:00, run_after=2023-06-13T23:01:53.174215+00:00
[2023-06-13T23:01:53.230+0000] {processor.py:179} INFO - Processing /home/airflow/.local/lib/python3.7/site-packages/airflow/example_dags/example_latest_only.py took 0.201 seconds
[2023-06-13T23:02:24.169+0000] {processor.py:157} INFO - Started process (PID=4114) to work on /home/airflow/.local/lib/python3.7/site-packages/airflow/example_dags/example_latest_only.py
[2023-06-13T23:02:24.171+0000] {processor.py:826} INFO - Processing file /home/airflow/.local/lib/python3.7/site-packages/airflow/example_dags/example_latest_only.py for tasks to queue
[2023-06-13T23:02:24.173+0000] {logging_mixin.py:149} INFO - [2023-06-13T23:02:24.172+0000] {dagbag.py:541} INFO - Filling up the DagBag from /home/airflow/.local/lib/python3.7/site-packages/airflow/example_dags/example_latest_only.py
[2023-06-13T23:02:24.186+0000] {processor.py:836} INFO - DAG(s) dict_keys(['latest_only']) retrieved from /home/airflow/.local/lib/python3.7/site-packages/airflow/example_dags/example_latest_only.py
[2023-06-13T23:02:24.259+0000] {logging_mixin.py:149} INFO - [2023-06-13T23:02:24.258+0000] {dag.py:2726} INFO - Sync 1 DAGs
[2023-06-13T23:02:24.320+0000] {logging_mixin.py:149} INFO - [2023-06-13T23:02:24.319+0000] {dag.py:3490} INFO - Setting next_dagrun for latest_only to 2023-06-13T19:02:24.318750+00:00, run_after=2023-06-13T23:02:24.318750+00:00
[2023-06-13T23:02:24.379+0000] {processor.py:179} INFO - Processing /home/airflow/.local/lib/python3.7/site-packages/airflow/example_dags/example_latest_only.py took 0.214 seconds
[2023-06-13T23:02:55.202+0000] {processor.py:157} INFO - Started process (PID=4354) to work on /home/airflow/.local/lib/python3.7/site-packages/airflow/example_dags/example_latest_only.py
[2023-06-13T23:02:55.204+0000] {processor.py:826} INFO - Processing file /home/airflow/.local/lib/python3.7/site-packages/airflow/example_dags/example_latest_only.py for tasks to queue
[2023-06-13T23:02:55.205+0000] {logging_mixin.py:149} INFO - [2023-06-13T23:02:55.205+0000] {dagbag.py:541} INFO - Filling up the DagBag from /home/airflow/.local/lib/python3.7/site-packages/airflow/example_dags/example_latest_only.py
[2023-06-13T23:02:55.216+0000] {processor.py:836} INFO - DAG(s) dict_keys(['latest_only']) retrieved from /home/airflow/.local/lib/python3.7/site-packages/airflow/example_dags/example_latest_only.py
[2023-06-13T23:02:55.260+0000] {logging_mixin.py:149} INFO - [2023-06-13T23:02:55.260+0000] {dag.py:2726} INFO - Sync 1 DAGs
[2023-06-13T23:02:55.313+0000] {logging_mixin.py:149} INFO - [2023-06-13T23:02:55.313+0000] {dag.py:3490} INFO - Setting next_dagrun for latest_only to 2023-06-13T19:02:55.312889+00:00, run_after=2023-06-13T23:02:55.312889+00:00
[2023-06-13T23:02:55.352+0000] {processor.py:179} INFO - Processing /home/airflow/.local/lib/python3.7/site-packages/airflow/example_dags/example_latest_only.py took 0.157 seconds
[2023-06-13T23:03:25.575+0000] {processor.py:157} INFO - Started process (PID=4593) to work on /home/airflow/.local/lib/python3.7/site-packages/airflow/example_dags/example_latest_only.py
[2023-06-13T23:03:25.577+0000] {processor.py:826} INFO - Processing file /home/airflow/.local/lib/python3.7/site-packages/airflow/example_dags/example_latest_only.py for tasks to queue
[2023-06-13T23:03:25.579+0000] {logging_mixin.py:149} INFO - [2023-06-13T23:03:25.578+0000] {dagbag.py:541} INFO - Filling up the DagBag from /home/airflow/.local/lib/python3.7/site-packages/airflow/example_dags/example_latest_only.py
[2023-06-13T23:03:25.591+0000] {processor.py:836} INFO - DAG(s) dict_keys(['latest_only']) retrieved from /home/airflow/.local/lib/python3.7/site-packages/airflow/example_dags/example_latest_only.py
[2023-06-13T23:03:25.646+0000] {logging_mixin.py:149} INFO - [2023-06-13T23:03:25.646+0000] {dag.py:2726} INFO - Sync 1 DAGs
[2023-06-13T23:03:25.696+0000] {logging_mixin.py:149} INFO - [2023-06-13T23:03:25.696+0000] {dag.py:3490} INFO - Setting next_dagrun for latest_only to 2023-06-13T19:03:25.695820+00:00, run_after=2023-06-13T23:03:25.695820+00:00
[2023-06-13T23:03:25.740+0000] {processor.py:179} INFO - Processing /home/airflow/.local/lib/python3.7/site-packages/airflow/example_dags/example_latest_only.py took 0.170 seconds
[2023-06-13T23:03:56.112+0000] {processor.py:157} INFO - Started process (PID=4840) to work on /home/airflow/.local/lib/python3.7/site-packages/airflow/example_dags/example_latest_only.py
[2023-06-13T23:03:56.116+0000] {processor.py:826} INFO - Processing file /home/airflow/.local/lib/python3.7/site-packages/airflow/example_dags/example_latest_only.py for tasks to queue
[2023-06-13T23:03:56.118+0000] {logging_mixin.py:149} INFO - [2023-06-13T23:03:56.117+0000] {dagbag.py:541} INFO - Filling up the DagBag from /home/airflow/.local/lib/python3.7/site-packages/airflow/example_dags/example_latest_only.py
[2023-06-13T23:03:56.127+0000] {processor.py:836} INFO - DAG(s) dict_keys(['latest_only']) retrieved from /home/airflow/.local/lib/python3.7/site-packages/airflow/example_dags/example_latest_only.py
[2023-06-13T23:03:56.194+0000] {logging_mixin.py:149} INFO - [2023-06-13T23:03:56.194+0000] {dag.py:2726} INFO - Sync 1 DAGs
[2023-06-13T23:03:56.248+0000] {logging_mixin.py:149} INFO - [2023-06-13T23:03:56.248+0000] {dag.py:3490} INFO - Setting next_dagrun for latest_only to 2023-06-13T19:03:56.248440+00:00, run_after=2023-06-13T23:03:56.248440+00:00
[2023-06-13T23:03:56.285+0000] {processor.py:179} INFO - Processing /home/airflow/.local/lib/python3.7/site-packages/airflow/example_dags/example_latest_only.py took 0.180 seconds
[2023-06-13T23:04:27.071+0000] {processor.py:157} INFO - Started process (PID=5080) to work on /home/airflow/.local/lib/python3.7/site-packages/airflow/example_dags/example_latest_only.py
[2023-06-13T23:04:27.073+0000] {processor.py:826} INFO - Processing file /home/airflow/.local/lib/python3.7/site-packages/airflow/example_dags/example_latest_only.py for tasks to queue
[2023-06-13T23:04:27.074+0000] {logging_mixin.py:149} INFO - [2023-06-13T23:04:27.073+0000] {dagbag.py:541} INFO - Filling up the DagBag from /home/airflow/.local/lib/python3.7/site-packages/airflow/example_dags/example_latest_only.py
[2023-06-13T23:04:27.082+0000] {processor.py:836} INFO - DAG(s) dict_keys(['latest_only']) retrieved from /home/airflow/.local/lib/python3.7/site-packages/airflow/example_dags/example_latest_only.py
[2023-06-13T23:04:27.128+0000] {logging_mixin.py:149} INFO - [2023-06-13T23:04:27.128+0000] {dag.py:2726} INFO - Sync 1 DAGs
[2023-06-13T23:04:27.175+0000] {logging_mixin.py:149} INFO - [2023-06-13T23:04:27.175+0000] {dag.py:3490} INFO - Setting next_dagrun for latest_only to 2023-06-13T19:04:27.175107+00:00, run_after=2023-06-13T23:04:27.175107+00:00
[2023-06-13T23:04:27.221+0000] {processor.py:179} INFO - Processing /home/airflow/.local/lib/python3.7/site-packages/airflow/example_dags/example_latest_only.py took 0.155 seconds
[2023-06-13T23:04:57.946+0000] {processor.py:157} INFO - Started process (PID=5320) to work on /home/airflow/.local/lib/python3.7/site-packages/airflow/example_dags/example_latest_only.py
[2023-06-13T23:04:57.949+0000] {processor.py:826} INFO - Processing file /home/airflow/.local/lib/python3.7/site-packages/airflow/example_dags/example_latest_only.py for tasks to queue
[2023-06-13T23:04:57.951+0000] {logging_mixin.py:149} INFO - [2023-06-13T23:04:57.950+0000] {dagbag.py:541} INFO - Filling up the DagBag from /home/airflow/.local/lib/python3.7/site-packages/airflow/example_dags/example_latest_only.py
[2023-06-13T23:04:57.959+0000] {processor.py:836} INFO - DAG(s) dict_keys(['latest_only']) retrieved from /home/airflow/.local/lib/python3.7/site-packages/airflow/example_dags/example_latest_only.py
[2023-06-13T23:04:58.023+0000] {logging_mixin.py:149} INFO - [2023-06-13T23:04:58.022+0000] {dag.py:2726} INFO - Sync 1 DAGs
[2023-06-13T23:04:58.079+0000] {logging_mixin.py:149} INFO - [2023-06-13T23:04:58.078+0000] {dag.py:3490} INFO - Setting next_dagrun for latest_only to 2023-06-13T19:04:58.078447+00:00, run_after=2023-06-13T23:04:58.078447+00:00
[2023-06-13T23:04:58.134+0000] {processor.py:179} INFO - Processing /home/airflow/.local/lib/python3.7/site-packages/airflow/example_dags/example_latest_only.py took 0.193 seconds
[2023-06-13T23:05:28.719+0000] {processor.py:157} INFO - Started process (PID=5560) to work on /home/airflow/.local/lib/python3.7/site-packages/airflow/example_dags/example_latest_only.py
[2023-06-13T23:05:28.723+0000] {processor.py:826} INFO - Processing file /home/airflow/.local/lib/python3.7/site-packages/airflow/example_dags/example_latest_only.py for tasks to queue
[2023-06-13T23:05:28.724+0000] {logging_mixin.py:149} INFO - [2023-06-13T23:05:28.724+0000] {dagbag.py:541} INFO - Filling up the DagBag from /home/airflow/.local/lib/python3.7/site-packages/airflow/example_dags/example_latest_only.py
[2023-06-13T23:05:28.736+0000] {processor.py:836} INFO - DAG(s) dict_keys(['latest_only']) retrieved from /home/airflow/.local/lib/python3.7/site-packages/airflow/example_dags/example_latest_only.py
[2023-06-13T23:05:28.801+0000] {logging_mixin.py:149} INFO - [2023-06-13T23:05:28.800+0000] {dag.py:2726} INFO - Sync 1 DAGs
[2023-06-13T23:05:28.858+0000] {logging_mixin.py:149} INFO - [2023-06-13T23:05:28.858+0000] {dag.py:3490} INFO - Setting next_dagrun for latest_only to 2023-06-13T19:05:28.857634+00:00, run_after=2023-06-13T23:05:28.857634+00:00
[2023-06-13T23:05:28.923+0000] {processor.py:179} INFO - Processing /home/airflow/.local/lib/python3.7/site-packages/airflow/example_dags/example_latest_only.py took 0.210 seconds
[2023-06-13T23:05:59.517+0000] {processor.py:157} INFO - Started process (PID=5800) to work on /home/airflow/.local/lib/python3.7/site-packages/airflow/example_dags/example_latest_only.py
[2023-06-13T23:05:59.518+0000] {processor.py:826} INFO - Processing file /home/airflow/.local/lib/python3.7/site-packages/airflow/example_dags/example_latest_only.py for tasks to queue
[2023-06-13T23:05:59.519+0000] {logging_mixin.py:149} INFO - [2023-06-13T23:05:59.519+0000] {dagbag.py:541} INFO - Filling up the DagBag from /home/airflow/.local/lib/python3.7/site-packages/airflow/example_dags/example_latest_only.py
[2023-06-13T23:05:59.528+0000] {processor.py:836} INFO - DAG(s) dict_keys(['latest_only']) retrieved from /home/airflow/.local/lib/python3.7/site-packages/airflow/example_dags/example_latest_only.py
[2023-06-13T23:05:59.582+0000] {logging_mixin.py:149} INFO - [2023-06-13T23:05:59.582+0000] {dag.py:2726} INFO - Sync 1 DAGs
[2023-06-13T23:05:59.635+0000] {logging_mixin.py:149} INFO - [2023-06-13T23:05:59.635+0000] {dag.py:3490} INFO - Setting next_dagrun for latest_only to 2023-06-13T19:05:59.634726+00:00, run_after=2023-06-13T23:05:59.634726+00:00
[2023-06-13T23:05:59.681+0000] {processor.py:179} INFO - Processing /home/airflow/.local/lib/python3.7/site-packages/airflow/example_dags/example_latest_only.py took 0.168 seconds
[2023-06-13T23:06:29.801+0000] {processor.py:157} INFO - Started process (PID=6037) to work on /home/airflow/.local/lib/python3.7/site-packages/airflow/example_dags/example_latest_only.py
[2023-06-13T23:06:29.804+0000] {processor.py:826} INFO - Processing file /home/airflow/.local/lib/python3.7/site-packages/airflow/example_dags/example_latest_only.py for tasks to queue
[2023-06-13T23:06:29.805+0000] {logging_mixin.py:149} INFO - [2023-06-13T23:06:29.805+0000] {dagbag.py:541} INFO - Filling up the DagBag from /home/airflow/.local/lib/python3.7/site-packages/airflow/example_dags/example_latest_only.py
[2023-06-13T23:06:29.812+0000] {processor.py:836} INFO - DAG(s) dict_keys(['latest_only']) retrieved from /home/airflow/.local/lib/python3.7/site-packages/airflow/example_dags/example_latest_only.py
[2023-06-13T23:06:29.859+0000] {logging_mixin.py:149} INFO - [2023-06-13T23:06:29.858+0000] {dag.py:2726} INFO - Sync 1 DAGs
[2023-06-13T23:06:29.897+0000] {logging_mixin.py:149} INFO - [2023-06-13T23:06:29.897+0000] {dag.py:3490} INFO - Setting next_dagrun for latest_only to 2023-06-13T19:06:29.897068+00:00, run_after=2023-06-13T23:06:29.897068+00:00
[2023-06-13T23:06:29.940+0000] {processor.py:179} INFO - Processing /home/airflow/.local/lib/python3.7/site-packages/airflow/example_dags/example_latest_only.py took 0.144 seconds
[2023-06-13T23:07:00.417+0000] {processor.py:157} INFO - Started process (PID=6274) to work on /home/airflow/.local/lib/python3.7/site-packages/airflow/example_dags/example_latest_only.py
[2023-06-13T23:07:00.419+0000] {processor.py:826} INFO - Processing file /home/airflow/.local/lib/python3.7/site-packages/airflow/example_dags/example_latest_only.py for tasks to queue
[2023-06-13T23:07:00.421+0000] {logging_mixin.py:149} INFO - [2023-06-13T23:07:00.421+0000] {dagbag.py:541} INFO - Filling up the DagBag from /home/airflow/.local/lib/python3.7/site-packages/airflow/example_dags/example_latest_only.py
[2023-06-13T23:07:00.430+0000] {processor.py:836} INFO - DAG(s) dict_keys(['latest_only']) retrieved from /home/airflow/.local/lib/python3.7/site-packages/airflow/example_dags/example_latest_only.py
[2023-06-13T23:07:00.478+0000] {logging_mixin.py:149} INFO - [2023-06-13T23:07:00.478+0000] {dag.py:2726} INFO - Sync 1 DAGs
[2023-06-13T23:07:00.519+0000] {logging_mixin.py:149} INFO - [2023-06-13T23:07:00.518+0000] {dag.py:3490} INFO - Setting next_dagrun for latest_only to 2023-06-13T19:07:00.518594+00:00, run_after=2023-06-13T23:07:00.518594+00:00
[2023-06-13T23:07:00.570+0000] {processor.py:179} INFO - Processing /home/airflow/.local/lib/python3.7/site-packages/airflow/example_dags/example_latest_only.py took 0.156 seconds
[2023-06-13T23:07:30.753+0000] {processor.py:157} INFO - Started process (PID=6515) to work on /home/airflow/.local/lib/python3.7/site-packages/airflow/example_dags/example_latest_only.py
[2023-06-13T23:07:30.756+0000] {processor.py:826} INFO - Processing file /home/airflow/.local/lib/python3.7/site-packages/airflow/example_dags/example_latest_only.py for tasks to queue
[2023-06-13T23:07:30.757+0000] {logging_mixin.py:149} INFO - [2023-06-13T23:07:30.757+0000] {dagbag.py:541} INFO - Filling up the DagBag from /home/airflow/.local/lib/python3.7/site-packages/airflow/example_dags/example_latest_only.py
[2023-06-13T23:07:30.768+0000] {processor.py:836} INFO - DAG(s) dict_keys(['latest_only']) retrieved from /home/airflow/.local/lib/python3.7/site-packages/airflow/example_dags/example_latest_only.py
[2023-06-13T23:07:30.827+0000] {logging_mixin.py:149} INFO - [2023-06-13T23:07:30.827+0000] {dag.py:2726} INFO - Sync 1 DAGs
[2023-06-13T23:07:30.885+0000] {logging_mixin.py:149} INFO - [2023-06-13T23:07:30.884+0000] {dag.py:3490} INFO - Setting next_dagrun for latest_only to 2023-06-13T19:07:30.884623+00:00, run_after=2023-06-13T23:07:30.884623+00:00
[2023-06-13T23:07:30.941+0000] {processor.py:179} INFO - Processing /home/airflow/.local/lib/python3.7/site-packages/airflow/example_dags/example_latest_only.py took 0.194 seconds
[2023-06-13T23:08:01.258+0000] {processor.py:157} INFO - Started process (PID=6756) to work on /home/airflow/.local/lib/python3.7/site-packages/airflow/example_dags/example_latest_only.py
[2023-06-13T23:08:01.262+0000] {processor.py:826} INFO - Processing file /home/airflow/.local/lib/python3.7/site-packages/airflow/example_dags/example_latest_only.py for tasks to queue
[2023-06-13T23:08:01.263+0000] {logging_mixin.py:149} INFO - [2023-06-13T23:08:01.263+0000] {dagbag.py:541} INFO - Filling up the DagBag from /home/airflow/.local/lib/python3.7/site-packages/airflow/example_dags/example_latest_only.py
[2023-06-13T23:08:01.275+0000] {processor.py:836} INFO - DAG(s) dict_keys(['latest_only']) retrieved from /home/airflow/.local/lib/python3.7/site-packages/airflow/example_dags/example_latest_only.py
[2023-06-13T23:08:01.332+0000] {logging_mixin.py:149} INFO - [2023-06-13T23:08:01.331+0000] {dag.py:2726} INFO - Sync 1 DAGs
[2023-06-13T23:08:01.377+0000] {logging_mixin.py:149} INFO - [2023-06-13T23:08:01.377+0000] {dag.py:3490} INFO - Setting next_dagrun for latest_only to 2023-06-13T19:08:01.377227+00:00, run_after=2023-06-13T23:08:01.377227+00:00
[2023-06-13T23:08:01.433+0000] {processor.py:179} INFO - Processing /home/airflow/.local/lib/python3.7/site-packages/airflow/example_dags/example_latest_only.py took 0.184 seconds
[2023-06-13T23:08:31.559+0000] {processor.py:157} INFO - Started process (PID=6993) to work on /home/airflow/.local/lib/python3.7/site-packages/airflow/example_dags/example_latest_only.py
[2023-06-13T23:08:31.562+0000] {processor.py:826} INFO - Processing file /home/airflow/.local/lib/python3.7/site-packages/airflow/example_dags/example_latest_only.py for tasks to queue
[2023-06-13T23:08:31.562+0000] {logging_mixin.py:149} INFO - [2023-06-13T23:08:31.562+0000] {dagbag.py:541} INFO - Filling up the DagBag from /home/airflow/.local/lib/python3.7/site-packages/airflow/example_dags/example_latest_only.py
[2023-06-13T23:08:31.572+0000] {processor.py:836} INFO - DAG(s) dict_keys(['latest_only']) retrieved from /home/airflow/.local/lib/python3.7/site-packages/airflow/example_dags/example_latest_only.py
[2023-06-13T23:08:31.629+0000] {logging_mixin.py:149} INFO - [2023-06-13T23:08:31.628+0000] {dag.py:2726} INFO - Sync 1 DAGs
[2023-06-13T23:08:31.683+0000] {logging_mixin.py:149} INFO - [2023-06-13T23:08:31.682+0000] {dag.py:3490} INFO - Setting next_dagrun for latest_only to 2023-06-13T19:08:31.682622+00:00, run_after=2023-06-13T23:08:31.682622+00:00
[2023-06-13T23:08:31.728+0000] {processor.py:179} INFO - Processing /home/airflow/.local/lib/python3.7/site-packages/airflow/example_dags/example_latest_only.py took 0.174 seconds
[2023-06-13T23:09:02.028+0000] {processor.py:157} INFO - Started process (PID=7233) to work on /home/airflow/.local/lib/python3.7/site-packages/airflow/example_dags/example_latest_only.py
[2023-06-13T23:09:02.030+0000] {processor.py:826} INFO - Processing file /home/airflow/.local/lib/python3.7/site-packages/airflow/example_dags/example_latest_only.py for tasks to queue
[2023-06-13T23:09:02.032+0000] {logging_mixin.py:149} INFO - [2023-06-13T23:09:02.031+0000] {dagbag.py:541} INFO - Filling up the DagBag from /home/airflow/.local/lib/python3.7/site-packages/airflow/example_dags/example_latest_only.py
[2023-06-13T23:09:02.043+0000] {processor.py:836} INFO - DAG(s) dict_keys(['latest_only']) retrieved from /home/airflow/.local/lib/python3.7/site-packages/airflow/example_dags/example_latest_only.py
[2023-06-13T23:09:02.089+0000] {logging_mixin.py:149} INFO - [2023-06-13T23:09:02.088+0000] {dag.py:2726} INFO - Sync 1 DAGs
[2023-06-13T23:09:02.140+0000] {logging_mixin.py:149} INFO - [2023-06-13T23:09:02.140+0000] {dag.py:3490} INFO - Setting next_dagrun for latest_only to 2023-06-13T19:09:02.139912+00:00, run_after=2023-06-13T23:09:02.139912+00:00
[2023-06-13T23:09:02.201+0000] {processor.py:179} INFO - Processing /home/airflow/.local/lib/python3.7/site-packages/airflow/example_dags/example_latest_only.py took 0.178 seconds
[2023-06-13T23:09:32.514+0000] {processor.py:157} INFO - Started process (PID=7473) to work on /home/airflow/.local/lib/python3.7/site-packages/airflow/example_dags/example_latest_only.py
[2023-06-13T23:09:32.517+0000] {processor.py:826} INFO - Processing file /home/airflow/.local/lib/python3.7/site-packages/airflow/example_dags/example_latest_only.py for tasks to queue
[2023-06-13T23:09:32.518+0000] {logging_mixin.py:149} INFO - [2023-06-13T23:09:32.518+0000] {dagbag.py:541} INFO - Filling up the DagBag from /home/airflow/.local/lib/python3.7/site-packages/airflow/example_dags/example_latest_only.py
[2023-06-13T23:09:32.527+0000] {processor.py:836} INFO - DAG(s) dict_keys(['latest_only']) retrieved from /home/airflow/.local/lib/python3.7/site-packages/airflow/example_dags/example_latest_only.py
[2023-06-13T23:09:32.586+0000] {logging_mixin.py:149} INFO - [2023-06-13T23:09:32.585+0000] {dag.py:2726} INFO - Sync 1 DAGs
[2023-06-13T23:09:32.656+0000] {logging_mixin.py:149} INFO - [2023-06-13T23:09:32.655+0000] {dag.py:3490} INFO - Setting next_dagrun for latest_only to 2023-06-13T19:09:32.655176+00:00, run_after=2023-06-13T23:09:32.655176+00:00
[2023-06-13T23:09:32.709+0000] {processor.py:179} INFO - Processing /home/airflow/.local/lib/python3.7/site-packages/airflow/example_dags/example_latest_only.py took 0.203 seconds
[2023-06-13T23:10:02.954+0000] {processor.py:157} INFO - Started process (PID=7713) to work on /home/airflow/.local/lib/python3.7/site-packages/airflow/example_dags/example_latest_only.py
[2023-06-13T23:10:02.956+0000] {processor.py:826} INFO - Processing file /home/airflow/.local/lib/python3.7/site-packages/airflow/example_dags/example_latest_only.py for tasks to queue
[2023-06-13T23:10:02.958+0000] {logging_mixin.py:149} INFO - [2023-06-13T23:10:02.957+0000] {dagbag.py:541} INFO - Filling up the DagBag from /home/airflow/.local/lib/python3.7/site-packages/airflow/example_dags/example_latest_only.py
[2023-06-13T23:10:02.968+0000] {processor.py:836} INFO - DAG(s) dict_keys(['latest_only']) retrieved from /home/airflow/.local/lib/python3.7/site-packages/airflow/example_dags/example_latest_only.py
[2023-06-13T23:10:03.014+0000] {logging_mixin.py:149} INFO - [2023-06-13T23:10:03.014+0000] {dag.py:2726} INFO - Sync 1 DAGs
[2023-06-13T23:10:03.063+0000] {logging_mixin.py:149} INFO - [2023-06-13T23:10:03.063+0000] {dag.py:3490} INFO - Setting next_dagrun for latest_only to 2023-06-13T19:10:03.062904+00:00, run_after=2023-06-13T23:10:03.062904+00:00
[2023-06-13T23:10:03.115+0000] {processor.py:179} INFO - Processing /home/airflow/.local/lib/python3.7/site-packages/airflow/example_dags/example_latest_only.py took 0.166 seconds
[2023-06-13T23:10:33.658+0000] {processor.py:157} INFO - Started process (PID=7953) to work on /home/airflow/.local/lib/python3.7/site-packages/airflow/example_dags/example_latest_only.py
[2023-06-13T23:10:33.663+0000] {processor.py:826} INFO - Processing file /home/airflow/.local/lib/python3.7/site-packages/airflow/example_dags/example_latest_only.py for tasks to queue
[2023-06-13T23:10:33.665+0000] {logging_mixin.py:149} INFO - [2023-06-13T23:10:33.664+0000] {dagbag.py:541} INFO - Filling up the DagBag from /home/airflow/.local/lib/python3.7/site-packages/airflow/example_dags/example_latest_only.py
[2023-06-13T23:10:33.679+0000] {processor.py:836} INFO - DAG(s) dict_keys(['latest_only']) retrieved from /home/airflow/.local/lib/python3.7/site-packages/airflow/example_dags/example_latest_only.py
[2023-06-13T23:10:33.756+0000] {logging_mixin.py:149} INFO - [2023-06-13T23:10:33.755+0000] {dag.py:2726} INFO - Sync 1 DAGs
[2023-06-13T23:10:33.810+0000] {logging_mixin.py:149} INFO - [2023-06-13T23:10:33.810+0000] {dag.py:3490} INFO - Setting next_dagrun for latest_only to 2023-06-13T19:10:33.809877+00:00, run_after=2023-06-13T23:10:33.809877+00:00
[2023-06-13T23:10:33.865+0000] {processor.py:179} INFO - Processing /home/airflow/.local/lib/python3.7/site-packages/airflow/example_dags/example_latest_only.py took 0.213 seconds
[2023-06-13T23:11:04.342+0000] {processor.py:157} INFO - Started process (PID=8193) to work on /home/airflow/.local/lib/python3.7/site-packages/airflow/example_dags/example_latest_only.py
[2023-06-13T23:11:04.346+0000] {processor.py:826} INFO - Processing file /home/airflow/.local/lib/python3.7/site-packages/airflow/example_dags/example_latest_only.py for tasks to queue
[2023-06-13T23:11:04.347+0000] {logging_mixin.py:149} INFO - [2023-06-13T23:11:04.347+0000] {dagbag.py:541} INFO - Filling up the DagBag from /home/airflow/.local/lib/python3.7/site-packages/airflow/example_dags/example_latest_only.py
[2023-06-13T23:11:04.358+0000] {processor.py:836} INFO - DAG(s) dict_keys(['latest_only']) retrieved from /home/airflow/.local/lib/python3.7/site-packages/airflow/example_dags/example_latest_only.py
[2023-06-13T23:11:04.419+0000] {logging_mixin.py:149} INFO - [2023-06-13T23:11:04.418+0000] {dag.py:2726} INFO - Sync 1 DAGs
[2023-06-13T23:11:04.468+0000] {logging_mixin.py:149} INFO - [2023-06-13T23:11:04.468+0000] {dag.py:3490} INFO - Setting next_dagrun for latest_only to 2023-06-13T19:11:04.468337+00:00, run_after=2023-06-13T23:11:04.468337+00:00
[2023-06-13T23:11:04.522+0000] {processor.py:179} INFO - Processing /home/airflow/.local/lib/python3.7/site-packages/airflow/example_dags/example_latest_only.py took 0.185 seconds
[2023-06-13T23:11:34.634+0000] {processor.py:157} INFO - Started process (PID=8433) to work on /home/airflow/.local/lib/python3.7/site-packages/airflow/example_dags/example_latest_only.py
[2023-06-13T23:11:34.635+0000] {processor.py:826} INFO - Processing file /home/airflow/.local/lib/python3.7/site-packages/airflow/example_dags/example_latest_only.py for tasks to queue
[2023-06-13T23:11:34.636+0000] {logging_mixin.py:149} INFO - [2023-06-13T23:11:34.636+0000] {dagbag.py:541} INFO - Filling up the DagBag from /home/airflow/.local/lib/python3.7/site-packages/airflow/example_dags/example_latest_only.py
[2023-06-13T23:11:34.646+0000] {processor.py:836} INFO - DAG(s) dict_keys(['latest_only']) retrieved from /home/airflow/.local/lib/python3.7/site-packages/airflow/example_dags/example_latest_only.py
[2023-06-13T23:11:34.691+0000] {logging_mixin.py:149} INFO - [2023-06-13T23:11:34.691+0000] {dag.py:2726} INFO - Sync 1 DAGs
[2023-06-13T23:11:34.741+0000] {logging_mixin.py:149} INFO - [2023-06-13T23:11:34.740+0000] {dag.py:3490} INFO - Setting next_dagrun for latest_only to 2023-06-13T19:11:34.740519+00:00, run_after=2023-06-13T23:11:34.740519+00:00
[2023-06-13T23:11:34.794+0000] {processor.py:179} INFO - Processing /home/airflow/.local/lib/python3.7/site-packages/airflow/example_dags/example_latest_only.py took 0.164 seconds
[2023-06-13T23:12:05.196+0000] {processor.py:157} INFO - Started process (PID=8673) to work on /home/airflow/.local/lib/python3.7/site-packages/airflow/example_dags/example_latest_only.py
[2023-06-13T23:12:05.198+0000] {processor.py:826} INFO - Processing file /home/airflow/.local/lib/python3.7/site-packages/airflow/example_dags/example_latest_only.py for tasks to queue
[2023-06-13T23:12:05.199+0000] {logging_mixin.py:149} INFO - [2023-06-13T23:12:05.198+0000] {dagbag.py:541} INFO - Filling up the DagBag from /home/airflow/.local/lib/python3.7/site-packages/airflow/example_dags/example_latest_only.py
[2023-06-13T23:12:05.206+0000] {processor.py:836} INFO - DAG(s) dict_keys(['latest_only']) retrieved from /home/airflow/.local/lib/python3.7/site-packages/airflow/example_dags/example_latest_only.py
[2023-06-13T23:12:05.250+0000] {logging_mixin.py:149} INFO - [2023-06-13T23:12:05.250+0000] {dag.py:2726} INFO - Sync 1 DAGs
[2023-06-13T23:12:05.293+0000] {logging_mixin.py:149} INFO - [2023-06-13T23:12:05.293+0000] {dag.py:3490} INFO - Setting next_dagrun for latest_only to 2023-06-13T19:12:05.293211+00:00, run_after=2023-06-13T23:12:05.293211+00:00
[2023-06-13T23:12:05.351+0000] {processor.py:179} INFO - Processing /home/airflow/.local/lib/python3.7/site-packages/airflow/example_dags/example_latest_only.py took 0.160 seconds
[2023-06-13T23:12:35.875+0000] {processor.py:157} INFO - Started process (PID=8913) to work on /home/airflow/.local/lib/python3.7/site-packages/airflow/example_dags/example_latest_only.py
[2023-06-13T23:12:35.878+0000] {processor.py:826} INFO - Processing file /home/airflow/.local/lib/python3.7/site-packages/airflow/example_dags/example_latest_only.py for tasks to queue
[2023-06-13T23:12:35.880+0000] {logging_mixin.py:149} INFO - [2023-06-13T23:12:35.879+0000] {dagbag.py:541} INFO - Filling up the DagBag from /home/airflow/.local/lib/python3.7/site-packages/airflow/example_dags/example_latest_only.py
[2023-06-13T23:12:35.888+0000] {processor.py:836} INFO - DAG(s) dict_keys(['latest_only']) retrieved from /home/airflow/.local/lib/python3.7/site-packages/airflow/example_dags/example_latest_only.py
[2023-06-13T23:12:35.937+0000] {logging_mixin.py:149} INFO - [2023-06-13T23:12:35.937+0000] {dag.py:2726} INFO - Sync 1 DAGs
[2023-06-13T23:12:35.991+0000] {logging_mixin.py:149} INFO - [2023-06-13T23:12:35.991+0000] {dag.py:3490} INFO - Setting next_dagrun for latest_only to 2023-06-13T19:12:35.990640+00:00, run_after=2023-06-13T23:12:35.990640+00:00
[2023-06-13T23:12:36.040+0000] {processor.py:179} INFO - Processing /home/airflow/.local/lib/python3.7/site-packages/airflow/example_dags/example_latest_only.py took 0.170 seconds
[2023-06-13T23:13:06.262+0000] {processor.py:157} INFO - Started process (PID=9152) to work on /home/airflow/.local/lib/python3.7/site-packages/airflow/example_dags/example_latest_only.py
[2023-06-13T23:13:06.265+0000] {processor.py:826} INFO - Processing file /home/airflow/.local/lib/python3.7/site-packages/airflow/example_dags/example_latest_only.py for tasks to queue
[2023-06-13T23:13:06.266+0000] {logging_mixin.py:149} INFO - [2023-06-13T23:13:06.266+0000] {dagbag.py:541} INFO - Filling up the DagBag from /home/airflow/.local/lib/python3.7/site-packages/airflow/example_dags/example_latest_only.py
[2023-06-13T23:13:06.275+0000] {processor.py:836} INFO - DAG(s) dict_keys(['latest_only']) retrieved from /home/airflow/.local/lib/python3.7/site-packages/airflow/example_dags/example_latest_only.py
[2023-06-13T23:13:06.324+0000] {logging_mixin.py:149} INFO - [2023-06-13T23:13:06.324+0000] {dag.py:2726} INFO - Sync 1 DAGs
[2023-06-13T23:13:06.383+0000] {logging_mixin.py:149} INFO - [2023-06-13T23:13:06.383+0000] {dag.py:3490} INFO - Setting next_dagrun for latest_only to 2023-06-13T19:13:06.382602+00:00, run_after=2023-06-13T23:13:06.382602+00:00
[2023-06-13T23:13:06.442+0000] {processor.py:179} INFO - Processing /home/airflow/.local/lib/python3.7/site-packages/airflow/example_dags/example_latest_only.py took 0.184 seconds
[2023-06-13T23:13:37.148+0000] {processor.py:157} INFO - Started process (PID=9392) to work on /home/airflow/.local/lib/python3.7/site-packages/airflow/example_dags/example_latest_only.py
[2023-06-13T23:13:37.151+0000] {processor.py:826} INFO - Processing file /home/airflow/.local/lib/python3.7/site-packages/airflow/example_dags/example_latest_only.py for tasks to queue
[2023-06-13T23:13:37.152+0000] {logging_mixin.py:149} INFO - [2023-06-13T23:13:37.152+0000] {dagbag.py:541} INFO - Filling up the DagBag from /home/airflow/.local/lib/python3.7/site-packages/airflow/example_dags/example_latest_only.py
[2023-06-13T23:13:37.162+0000] {processor.py:836} INFO - DAG(s) dict_keys(['latest_only']) retrieved from /home/airflow/.local/lib/python3.7/site-packages/airflow/example_dags/example_latest_only.py
[2023-06-13T23:13:37.219+0000] {logging_mixin.py:149} INFO - [2023-06-13T23:13:37.218+0000] {dag.py:2726} INFO - Sync 1 DAGs
[2023-06-13T23:13:37.269+0000] {logging_mixin.py:149} INFO - [2023-06-13T23:13:37.269+0000] {dag.py:3490} INFO - Setting next_dagrun for latest_only to 2023-06-13T19:13:37.269079+00:00, run_after=2023-06-13T23:13:37.269079+00:00
[2023-06-13T23:13:37.326+0000] {processor.py:179} INFO - Processing /home/airflow/.local/lib/python3.7/site-packages/airflow/example_dags/example_latest_only.py took 0.183 seconds
[2023-06-13T23:14:07.760+0000] {processor.py:157} INFO - Started process (PID=9632) to work on /home/airflow/.local/lib/python3.7/site-packages/airflow/example_dags/example_latest_only.py
[2023-06-13T23:14:07.763+0000] {processor.py:826} INFO - Processing file /home/airflow/.local/lib/python3.7/site-packages/airflow/example_dags/example_latest_only.py for tasks to queue
[2023-06-13T23:14:07.765+0000] {logging_mixin.py:149} INFO - [2023-06-13T23:14:07.764+0000] {dagbag.py:541} INFO - Filling up the DagBag from /home/airflow/.local/lib/python3.7/site-packages/airflow/example_dags/example_latest_only.py
[2023-06-13T23:14:07.774+0000] {processor.py:836} INFO - DAG(s) dict_keys(['latest_only']) retrieved from /home/airflow/.local/lib/python3.7/site-packages/airflow/example_dags/example_latest_only.py
[2023-06-13T23:14:07.820+0000] {logging_mixin.py:149} INFO - [2023-06-13T23:14:07.820+0000] {dag.py:2726} INFO - Sync 1 DAGs
[2023-06-13T23:14:07.873+0000] {logging_mixin.py:149} INFO - [2023-06-13T23:14:07.873+0000] {dag.py:3490} INFO - Setting next_dagrun for latest_only to 2023-06-13T19:14:07.873046+00:00, run_after=2023-06-13T23:14:07.873046+00:00
[2023-06-13T23:14:07.929+0000] {processor.py:179} INFO - Processing /home/airflow/.local/lib/python3.7/site-packages/airflow/example_dags/example_latest_only.py took 0.175 seconds
[2023-06-13T23:14:38.368+0000] {processor.py:157} INFO - Started process (PID=9871) to work on /home/airflow/.local/lib/python3.7/site-packages/airflow/example_dags/example_latest_only.py
[2023-06-13T23:14:38.370+0000] {processor.py:826} INFO - Processing file /home/airflow/.local/lib/python3.7/site-packages/airflow/example_dags/example_latest_only.py for tasks to queue
[2023-06-13T23:14:38.372+0000] {logging_mixin.py:149} INFO - [2023-06-13T23:14:38.371+0000] {dagbag.py:541} INFO - Filling up the DagBag from /home/airflow/.local/lib/python3.7/site-packages/airflow/example_dags/example_latest_only.py
[2023-06-13T23:14:38.386+0000] {processor.py:836} INFO - DAG(s) dict_keys(['latest_only']) retrieved from /home/airflow/.local/lib/python3.7/site-packages/airflow/example_dags/example_latest_only.py
[2023-06-13T23:14:38.430+0000] {logging_mixin.py:149} INFO - [2023-06-13T23:14:38.430+0000] {dag.py:2726} INFO - Sync 1 DAGs
[2023-06-13T23:14:38.490+0000] {logging_mixin.py:149} INFO - [2023-06-13T23:14:38.490+0000] {dag.py:3490} INFO - Setting next_dagrun for latest_only to 2023-06-13T19:14:38.489761+00:00, run_after=2023-06-13T23:14:38.489761+00:00
[2023-06-13T23:14:38.543+0000] {processor.py:179} INFO - Processing /home/airflow/.local/lib/python3.7/site-packages/airflow/example_dags/example_latest_only.py took 0.180 seconds
[2023-06-13T23:15:09.182+0000] {processor.py:157} INFO - Started process (PID=10110) to work on /home/airflow/.local/lib/python3.7/site-packages/airflow/example_dags/example_latest_only.py
[2023-06-13T23:15:09.184+0000] {processor.py:826} INFO - Processing file /home/airflow/.local/lib/python3.7/site-packages/airflow/example_dags/example_latest_only.py for tasks to queue
[2023-06-13T23:15:09.185+0000] {logging_mixin.py:149} INFO - [2023-06-13T23:15:09.185+0000] {dagbag.py:541} INFO - Filling up the DagBag from /home/airflow/.local/lib/python3.7/site-packages/airflow/example_dags/example_latest_only.py
[2023-06-13T23:15:09.194+0000] {processor.py:836} INFO - DAG(s) dict_keys(['latest_only']) retrieved from /home/airflow/.local/lib/python3.7/site-packages/airflow/example_dags/example_latest_only.py
[2023-06-13T23:15:09.247+0000] {logging_mixin.py:149} INFO - [2023-06-13T23:15:09.247+0000] {dag.py:2726} INFO - Sync 1 DAGs
[2023-06-13T23:15:09.292+0000] {logging_mixin.py:149} INFO - [2023-06-13T23:15:09.292+0000] {dag.py:3490} INFO - Setting next_dagrun for latest_only to 2023-06-13T19:15:09.291995+00:00, run_after=2023-06-13T23:15:09.291995+00:00
[2023-06-13T23:15:09.340+0000] {processor.py:179} INFO - Processing /home/airflow/.local/lib/python3.7/site-packages/airflow/example_dags/example_latest_only.py took 0.163 seconds
[2023-06-13T23:15:39.994+0000] {processor.py:157} INFO - Started process (PID=10350) to work on /home/airflow/.local/lib/python3.7/site-packages/airflow/example_dags/example_latest_only.py
[2023-06-13T23:15:39.996+0000] {processor.py:826} INFO - Processing file /home/airflow/.local/lib/python3.7/site-packages/airflow/example_dags/example_latest_only.py for tasks to queue
[2023-06-13T23:15:39.997+0000] {logging_mixin.py:149} INFO - [2023-06-13T23:15:39.997+0000] {dagbag.py:541} INFO - Filling up the DagBag from /home/airflow/.local/lib/python3.7/site-packages/airflow/example_dags/example_latest_only.py
[2023-06-13T23:15:40.005+0000] {processor.py:836} INFO - DAG(s) dict_keys(['latest_only']) retrieved from /home/airflow/.local/lib/python3.7/site-packages/airflow/example_dags/example_latest_only.py
[2023-06-13T23:15:40.047+0000] {logging_mixin.py:149} INFO - [2023-06-13T23:15:40.046+0000] {dag.py:2726} INFO - Sync 1 DAGs
[2023-06-13T23:15:40.089+0000] {logging_mixin.py:149} INFO - [2023-06-13T23:15:40.088+0000] {dag.py:3490} INFO - Setting next_dagrun for latest_only to 2023-06-13T19:15:40.088439+00:00, run_after=2023-06-13T23:15:40.088439+00:00
[2023-06-13T23:15:40.123+0000] {processor.py:179} INFO - Processing /home/airflow/.local/lib/python3.7/site-packages/airflow/example_dags/example_latest_only.py took 0.133 seconds
[2023-06-13T23:16:10.374+0000] {processor.py:157} INFO - Started process (PID=10588) to work on /home/airflow/.local/lib/python3.7/site-packages/airflow/example_dags/example_latest_only.py
[2023-06-13T23:16:10.375+0000] {processor.py:826} INFO - Processing file /home/airflow/.local/lib/python3.7/site-packages/airflow/example_dags/example_latest_only.py for tasks to queue
[2023-06-13T23:16:10.376+0000] {logging_mixin.py:149} INFO - [2023-06-13T23:16:10.376+0000] {dagbag.py:541} INFO - Filling up the DagBag from /home/airflow/.local/lib/python3.7/site-packages/airflow/example_dags/example_latest_only.py
[2023-06-13T23:16:10.385+0000] {processor.py:836} INFO - DAG(s) dict_keys(['latest_only']) retrieved from /home/airflow/.local/lib/python3.7/site-packages/airflow/example_dags/example_latest_only.py
[2023-06-13T23:16:10.449+0000] {logging_mixin.py:149} INFO - [2023-06-13T23:16:10.449+0000] {dag.py:2726} INFO - Sync 1 DAGs
[2023-06-13T23:16:10.505+0000] {logging_mixin.py:149} INFO - [2023-06-13T23:16:10.504+0000] {dag.py:3490} INFO - Setting next_dagrun for latest_only to 2023-06-13T19:16:10.504590+00:00, run_after=2023-06-13T23:16:10.504590+00:00
[2023-06-13T23:16:10.565+0000] {processor.py:179} INFO - Processing /home/airflow/.local/lib/python3.7/site-packages/airflow/example_dags/example_latest_only.py took 0.196 seconds
[2023-06-13T23:16:40.620+0000] {processor.py:157} INFO - Started process (PID=10814) to work on /home/airflow/.local/lib/python3.7/site-packages/airflow/example_dags/example_latest_only.py
[2023-06-13T23:16:40.622+0000] {processor.py:826} INFO - Processing file /home/airflow/.local/lib/python3.7/site-packages/airflow/example_dags/example_latest_only.py for tasks to queue
[2023-06-13T23:16:40.624+0000] {logging_mixin.py:149} INFO - [2023-06-13T23:16:40.624+0000] {dagbag.py:541} INFO - Filling up the DagBag from /home/airflow/.local/lib/python3.7/site-packages/airflow/example_dags/example_latest_only.py
[2023-06-13T23:16:40.638+0000] {processor.py:836} INFO - DAG(s) dict_keys(['latest_only']) retrieved from /home/airflow/.local/lib/python3.7/site-packages/airflow/example_dags/example_latest_only.py
[2023-06-13T23:16:40.767+0000] {logging_mixin.py:149} INFO - [2023-06-13T23:16:40.766+0000] {dag.py:2726} INFO - Sync 1 DAGs
[2023-06-13T23:16:40.835+0000] {logging_mixin.py:149} INFO - [2023-06-13T23:16:40.834+0000] {dag.py:3490} INFO - Setting next_dagrun for latest_only to 2023-06-13T19:16:40.834483+00:00, run_after=2023-06-13T23:16:40.834483+00:00
[2023-06-13T23:16:40.900+0000] {processor.py:179} INFO - Processing /home/airflow/.local/lib/python3.7/site-packages/airflow/example_dags/example_latest_only.py took 0.285 seconds
[2023-06-13T23:17:10.976+0000] {processor.py:157} INFO - Started process (PID=11053) to work on /home/airflow/.local/lib/python3.7/site-packages/airflow/example_dags/example_latest_only.py
[2023-06-13T23:17:10.978+0000] {processor.py:826} INFO - Processing file /home/airflow/.local/lib/python3.7/site-packages/airflow/example_dags/example_latest_only.py for tasks to queue
[2023-06-13T23:17:10.979+0000] {logging_mixin.py:149} INFO - [2023-06-13T23:17:10.979+0000] {dagbag.py:541} INFO - Filling up the DagBag from /home/airflow/.local/lib/python3.7/site-packages/airflow/example_dags/example_latest_only.py
[2023-06-13T23:17:10.986+0000] {processor.py:836} INFO - DAG(s) dict_keys(['latest_only']) retrieved from /home/airflow/.local/lib/python3.7/site-packages/airflow/example_dags/example_latest_only.py
[2023-06-13T23:17:11.032+0000] {logging_mixin.py:149} INFO - [2023-06-13T23:17:11.032+0000] {dag.py:2726} INFO - Sync 1 DAGs
[2023-06-13T23:17:11.081+0000] {logging_mixin.py:149} INFO - [2023-06-13T23:17:11.081+0000] {dag.py:3490} INFO - Setting next_dagrun for latest_only to 2023-06-13T19:17:11.081152+00:00, run_after=2023-06-13T23:17:11.081152+00:00
[2023-06-13T23:17:11.132+0000] {processor.py:179} INFO - Processing /home/airflow/.local/lib/python3.7/site-packages/airflow/example_dags/example_latest_only.py took 0.161 seconds
[2023-06-13T23:17:41.824+0000] {processor.py:157} INFO - Started process (PID=11295) to work on /home/airflow/.local/lib/python3.7/site-packages/airflow/example_dags/example_latest_only.py
[2023-06-13T23:17:41.829+0000] {processor.py:826} INFO - Processing file /home/airflow/.local/lib/python3.7/site-packages/airflow/example_dags/example_latest_only.py for tasks to queue
[2023-06-13T23:17:41.831+0000] {logging_mixin.py:149} INFO - [2023-06-13T23:17:41.830+0000] {dagbag.py:541} INFO - Filling up the DagBag from /home/airflow/.local/lib/python3.7/site-packages/airflow/example_dags/example_latest_only.py
[2023-06-13T23:17:41.844+0000] {processor.py:836} INFO - DAG(s) dict_keys(['latest_only']) retrieved from /home/airflow/.local/lib/python3.7/site-packages/airflow/example_dags/example_latest_only.py
[2023-06-13T23:17:41.905+0000] {logging_mixin.py:149} INFO - [2023-06-13T23:17:41.905+0000] {dag.py:2726} INFO - Sync 1 DAGs
[2023-06-13T23:17:41.966+0000] {logging_mixin.py:149} INFO - [2023-06-13T23:17:41.965+0000] {dag.py:3490} INFO - Setting next_dagrun for latest_only to 2023-06-13T19:17:41.965220+00:00, run_after=2023-06-13T23:17:41.965220+00:00
[2023-06-13T23:17:42.021+0000] {processor.py:179} INFO - Processing /home/airflow/.local/lib/python3.7/site-packages/airflow/example_dags/example_latest_only.py took 0.204 seconds
[2023-06-13T23:18:12.308+0000] {processor.py:157} INFO - Started process (PID=11535) to work on /home/airflow/.local/lib/python3.7/site-packages/airflow/example_dags/example_latest_only.py
[2023-06-13T23:18:12.312+0000] {processor.py:826} INFO - Processing file /home/airflow/.local/lib/python3.7/site-packages/airflow/example_dags/example_latest_only.py for tasks to queue
[2023-06-13T23:18:12.313+0000] {logging_mixin.py:149} INFO - [2023-06-13T23:18:12.313+0000] {dagbag.py:541} INFO - Filling up the DagBag from /home/airflow/.local/lib/python3.7/site-packages/airflow/example_dags/example_latest_only.py
[2023-06-13T23:18:12.325+0000] {processor.py:836} INFO - DAG(s) dict_keys(['latest_only']) retrieved from /home/airflow/.local/lib/python3.7/site-packages/airflow/example_dags/example_latest_only.py
[2023-06-13T23:18:12.391+0000] {logging_mixin.py:149} INFO - [2023-06-13T23:18:12.391+0000] {dag.py:2726} INFO - Sync 1 DAGs
[2023-06-13T23:18:12.460+0000] {logging_mixin.py:149} INFO - [2023-06-13T23:18:12.459+0000] {dag.py:3490} INFO - Setting next_dagrun for latest_only to 2023-06-13T19:18:12.459393+00:00, run_after=2023-06-13T23:18:12.459393+00:00
[2023-06-13T23:18:12.521+0000] {processor.py:179} INFO - Processing /home/airflow/.local/lib/python3.7/site-packages/airflow/example_dags/example_latest_only.py took 0.219 seconds
[2023-06-13T23:18:42.695+0000] {processor.py:157} INFO - Started process (PID=11773) to work on /home/airflow/.local/lib/python3.7/site-packages/airflow/example_dags/example_latest_only.py
[2023-06-13T23:18:42.697+0000] {processor.py:826} INFO - Processing file /home/airflow/.local/lib/python3.7/site-packages/airflow/example_dags/example_latest_only.py for tasks to queue
[2023-06-13T23:18:42.698+0000] {logging_mixin.py:149} INFO - [2023-06-13T23:18:42.698+0000] {dagbag.py:541} INFO - Filling up the DagBag from /home/airflow/.local/lib/python3.7/site-packages/airflow/example_dags/example_latest_only.py
[2023-06-13T23:18:42.709+0000] {processor.py:836} INFO - DAG(s) dict_keys(['latest_only']) retrieved from /home/airflow/.local/lib/python3.7/site-packages/airflow/example_dags/example_latest_only.py
[2023-06-13T23:18:42.761+0000] {logging_mixin.py:149} INFO - [2023-06-13T23:18:42.760+0000] {dag.py:2726} INFO - Sync 1 DAGs
[2023-06-13T23:18:42.832+0000] {logging_mixin.py:149} INFO - [2023-06-13T23:18:42.832+0000] {dag.py:3490} INFO - Setting next_dagrun for latest_only to 2023-06-13T19:18:42.832161+00:00, run_after=2023-06-13T23:18:42.832161+00:00
[2023-06-13T23:18:42.886+0000] {processor.py:179} INFO - Processing /home/airflow/.local/lib/python3.7/site-packages/airflow/example_dags/example_latest_only.py took 0.196 seconds
[2023-06-13T23:19:13.105+0000] {processor.py:157} INFO - Started process (PID=12013) to work on /home/airflow/.local/lib/python3.7/site-packages/airflow/example_dags/example_latest_only.py
[2023-06-13T23:19:13.106+0000] {processor.py:826} INFO - Processing file /home/airflow/.local/lib/python3.7/site-packages/airflow/example_dags/example_latest_only.py for tasks to queue
[2023-06-13T23:19:13.107+0000] {logging_mixin.py:149} INFO - [2023-06-13T23:19:13.107+0000] {dagbag.py:541} INFO - Filling up the DagBag from /home/airflow/.local/lib/python3.7/site-packages/airflow/example_dags/example_latest_only.py
[2023-06-13T23:19:13.119+0000] {processor.py:836} INFO - DAG(s) dict_keys(['latest_only']) retrieved from /home/airflow/.local/lib/python3.7/site-packages/airflow/example_dags/example_latest_only.py
[2023-06-13T23:19:13.185+0000] {logging_mixin.py:149} INFO - [2023-06-13T23:19:13.185+0000] {dag.py:2726} INFO - Sync 1 DAGs
[2023-06-13T23:19:13.249+0000] {logging_mixin.py:149} INFO - [2023-06-13T23:19:13.249+0000] {dag.py:3490} INFO - Setting next_dagrun for latest_only to 2023-06-13T19:19:13.249230+00:00, run_after=2023-06-13T23:19:13.249230+00:00
[2023-06-13T23:19:13.312+0000] {processor.py:179} INFO - Processing /home/airflow/.local/lib/python3.7/site-packages/airflow/example_dags/example_latest_only.py took 0.215 seconds
[2023-06-13T23:19:44.282+0000] {processor.py:157} INFO - Started process (PID=12258) to work on /home/airflow/.local/lib/python3.7/site-packages/airflow/example_dags/example_latest_only.py
[2023-06-13T23:19:44.284+0000] {processor.py:826} INFO - Processing file /home/airflow/.local/lib/python3.7/site-packages/airflow/example_dags/example_latest_only.py for tasks to queue
[2023-06-13T23:19:44.285+0000] {logging_mixin.py:149} INFO - [2023-06-13T23:19:44.285+0000] {dagbag.py:541} INFO - Filling up the DagBag from /home/airflow/.local/lib/python3.7/site-packages/airflow/example_dags/example_latest_only.py
[2023-06-13T23:19:44.296+0000] {processor.py:836} INFO - DAG(s) dict_keys(['latest_only']) retrieved from /home/airflow/.local/lib/python3.7/site-packages/airflow/example_dags/example_latest_only.py
[2023-06-13T23:19:44.356+0000] {logging_mixin.py:149} INFO - [2023-06-13T23:19:44.356+0000] {dag.py:2726} INFO - Sync 1 DAGs
[2023-06-13T23:19:44.415+0000] {logging_mixin.py:149} INFO - [2023-06-13T23:19:44.415+0000] {dag.py:3490} INFO - Setting next_dagrun for latest_only to 2023-06-13T19:19:44.414995+00:00, run_after=2023-06-13T23:19:44.414995+00:00
[2023-06-13T23:19:44.468+0000] {processor.py:179} INFO - Processing /home/airflow/.local/lib/python3.7/site-packages/airflow/example_dags/example_latest_only.py took 0.193 seconds
[2023-06-13T23:20:15.284+0000] {processor.py:157} INFO - Started process (PID=12498) to work on /home/airflow/.local/lib/python3.7/site-packages/airflow/example_dags/example_latest_only.py
[2023-06-13T23:20:15.286+0000] {processor.py:826} INFO - Processing file /home/airflow/.local/lib/python3.7/site-packages/airflow/example_dags/example_latest_only.py for tasks to queue
[2023-06-13T23:20:15.288+0000] {logging_mixin.py:149} INFO - [2023-06-13T23:20:15.287+0000] {dagbag.py:541} INFO - Filling up the DagBag from /home/airflow/.local/lib/python3.7/site-packages/airflow/example_dags/example_latest_only.py
[2023-06-13T23:20:15.298+0000] {processor.py:836} INFO - DAG(s) dict_keys(['latest_only']) retrieved from /home/airflow/.local/lib/python3.7/site-packages/airflow/example_dags/example_latest_only.py
[2023-06-13T23:20:15.361+0000] {logging_mixin.py:149} INFO - [2023-06-13T23:20:15.360+0000] {dag.py:2726} INFO - Sync 1 DAGs
[2023-06-13T23:20:15.417+0000] {logging_mixin.py:149} INFO - [2023-06-13T23:20:15.416+0000] {dag.py:3490} INFO - Setting next_dagrun for latest_only to 2023-06-13T19:20:15.415705+00:00, run_after=2023-06-13T23:20:15.415705+00:00
[2023-06-13T23:20:15.489+0000] {processor.py:179} INFO - Processing /home/airflow/.local/lib/python3.7/site-packages/airflow/example_dags/example_latest_only.py took 0.211 seconds
[2023-06-13T23:20:46.081+0000] {processor.py:157} INFO - Started process (PID=12738) to work on /home/airflow/.local/lib/python3.7/site-packages/airflow/example_dags/example_latest_only.py
[2023-06-13T23:20:46.085+0000] {processor.py:826} INFO - Processing file /home/airflow/.local/lib/python3.7/site-packages/airflow/example_dags/example_latest_only.py for tasks to queue
[2023-06-13T23:20:46.087+0000] {logging_mixin.py:149} INFO - [2023-06-13T23:20:46.086+0000] {dagbag.py:541} INFO - Filling up the DagBag from /home/airflow/.local/lib/python3.7/site-packages/airflow/example_dags/example_latest_only.py
[2023-06-13T23:20:46.103+0000] {processor.py:836} INFO - DAG(s) dict_keys(['latest_only']) retrieved from /home/airflow/.local/lib/python3.7/site-packages/airflow/example_dags/example_latest_only.py
[2023-06-13T23:20:46.190+0000] {logging_mixin.py:149} INFO - [2023-06-13T23:20:46.190+0000] {dag.py:2726} INFO - Sync 1 DAGs
[2023-06-13T23:20:46.272+0000] {logging_mixin.py:149} INFO - [2023-06-13T23:20:46.272+0000] {dag.py:3490} INFO - Setting next_dagrun for latest_only to 2023-06-13T19:20:46.271618+00:00, run_after=2023-06-13T23:20:46.271618+00:00
[2023-06-13T23:20:46.354+0000] {processor.py:179} INFO - Processing /home/airflow/.local/lib/python3.7/site-packages/airflow/example_dags/example_latest_only.py took 0.281 seconds
[2023-06-13T23:21:16.584+0000] {processor.py:157} INFO - Started process (PID=12977) to work on /home/airflow/.local/lib/python3.7/site-packages/airflow/example_dags/example_latest_only.py
[2023-06-13T23:21:16.586+0000] {processor.py:826} INFO - Processing file /home/airflow/.local/lib/python3.7/site-packages/airflow/example_dags/example_latest_only.py for tasks to queue
[2023-06-13T23:21:16.588+0000] {logging_mixin.py:149} INFO - [2023-06-13T23:21:16.587+0000] {dagbag.py:541} INFO - Filling up the DagBag from /home/airflow/.local/lib/python3.7/site-packages/airflow/example_dags/example_latest_only.py
[2023-06-13T23:21:16.606+0000] {processor.py:836} INFO - DAG(s) dict_keys(['latest_only']) retrieved from /home/airflow/.local/lib/python3.7/site-packages/airflow/example_dags/example_latest_only.py
[2023-06-13T23:21:16.726+0000] {logging_mixin.py:149} INFO - [2023-06-13T23:21:16.726+0000] {dag.py:2726} INFO - Sync 1 DAGs
[2023-06-13T23:21:16.813+0000] {logging_mixin.py:149} INFO - [2023-06-13T23:21:16.812+0000] {dag.py:3490} INFO - Setting next_dagrun for latest_only to 2023-06-13T19:21:16.812339+00:00, run_after=2023-06-13T23:21:16.812339+00:00
[2023-06-13T23:21:16.908+0000] {processor.py:179} INFO - Processing /home/airflow/.local/lib/python3.7/site-packages/airflow/example_dags/example_latest_only.py took 0.332 seconds
[2023-06-13T23:21:48.274+0000] {processor.py:157} INFO - Started process (PID=13218) to work on /home/airflow/.local/lib/python3.7/site-packages/airflow/example_dags/example_latest_only.py
[2023-06-13T23:21:48.277+0000] {processor.py:826} INFO - Processing file /home/airflow/.local/lib/python3.7/site-packages/airflow/example_dags/example_latest_only.py for tasks to queue
[2023-06-13T23:21:48.279+0000] {logging_mixin.py:149} INFO - [2023-06-13T23:21:48.278+0000] {dagbag.py:541} INFO - Filling up the DagBag from /home/airflow/.local/lib/python3.7/site-packages/airflow/example_dags/example_latest_only.py
[2023-06-13T23:21:48.293+0000] {processor.py:836} INFO - DAG(s) dict_keys(['latest_only']) retrieved from /home/airflow/.local/lib/python3.7/site-packages/airflow/example_dags/example_latest_only.py
[2023-06-13T23:21:48.357+0000] {logging_mixin.py:149} INFO - [2023-06-13T23:21:48.357+0000] {dag.py:2726} INFO - Sync 1 DAGs
[2023-06-13T23:21:48.415+0000] {logging_mixin.py:149} INFO - [2023-06-13T23:21:48.414+0000] {dag.py:3490} INFO - Setting next_dagrun for latest_only to 2023-06-13T19:21:48.414093+00:00, run_after=2023-06-13T23:21:48.414093+00:00
[2023-06-13T23:21:48.479+0000] {processor.py:179} INFO - Processing /home/airflow/.local/lib/python3.7/site-packages/airflow/example_dags/example_latest_only.py took 0.212 seconds
[2023-06-13T23:22:18.568+0000] {processor.py:157} INFO - Started process (PID=13458) to work on /home/airflow/.local/lib/python3.7/site-packages/airflow/example_dags/example_latest_only.py
[2023-06-13T23:22:18.570+0000] {processor.py:826} INFO - Processing file /home/airflow/.local/lib/python3.7/site-packages/airflow/example_dags/example_latest_only.py for tasks to queue
[2023-06-13T23:22:18.571+0000] {logging_mixin.py:149} INFO - [2023-06-13T23:22:18.571+0000] {dagbag.py:541} INFO - Filling up the DagBag from /home/airflow/.local/lib/python3.7/site-packages/airflow/example_dags/example_latest_only.py
[2023-06-13T23:22:18.579+0000] {processor.py:836} INFO - DAG(s) dict_keys(['latest_only']) retrieved from /home/airflow/.local/lib/python3.7/site-packages/airflow/example_dags/example_latest_only.py
[2023-06-13T23:22:18.613+0000] {logging_mixin.py:149} INFO - [2023-06-13T23:22:18.612+0000] {dag.py:2726} INFO - Sync 1 DAGs
[2023-06-13T23:22:18.649+0000] {logging_mixin.py:149} INFO - [2023-06-13T23:22:18.649+0000] {dag.py:3490} INFO - Setting next_dagrun for latest_only to 2023-06-13T19:22:18.648853+00:00, run_after=2023-06-13T23:22:18.648853+00:00
[2023-06-13T23:22:18.689+0000] {processor.py:179} INFO - Processing /home/airflow/.local/lib/python3.7/site-packages/airflow/example_dags/example_latest_only.py took 0.126 seconds
[2023-06-13T23:22:49.093+0000] {processor.py:157} INFO - Started process (PID=13698) to work on /home/airflow/.local/lib/python3.7/site-packages/airflow/example_dags/example_latest_only.py
[2023-06-13T23:22:49.096+0000] {processor.py:826} INFO - Processing file /home/airflow/.local/lib/python3.7/site-packages/airflow/example_dags/example_latest_only.py for tasks to queue
[2023-06-13T23:22:49.097+0000] {logging_mixin.py:149} INFO - [2023-06-13T23:22:49.097+0000] {dagbag.py:541} INFO - Filling up the DagBag from /home/airflow/.local/lib/python3.7/site-packages/airflow/example_dags/example_latest_only.py
[2023-06-13T23:22:49.109+0000] {processor.py:836} INFO - DAG(s) dict_keys(['latest_only']) retrieved from /home/airflow/.local/lib/python3.7/site-packages/airflow/example_dags/example_latest_only.py
[2023-06-13T23:22:49.497+0000] {logging_mixin.py:149} INFO - [2023-06-13T23:22:49.497+0000] {dag.py:2726} INFO - Sync 1 DAGs
[2023-06-13T23:22:49.547+0000] {logging_mixin.py:149} INFO - [2023-06-13T23:22:49.547+0000] {dag.py:3490} INFO - Setting next_dagrun for latest_only to 2023-06-13T19:22:49.546967+00:00, run_after=2023-06-13T23:22:49.546967+00:00
[2023-06-13T23:22:50.126+0000] {processor.py:179} INFO - Processing /home/airflow/.local/lib/python3.7/site-packages/airflow/example_dags/example_latest_only.py took 1.039 seconds
[2023-06-13T23:23:21.368+0000] {processor.py:157} INFO - Started process (PID=13938) to work on /home/airflow/.local/lib/python3.7/site-packages/airflow/example_dags/example_latest_only.py
[2023-06-13T23:23:21.370+0000] {processor.py:826} INFO - Processing file /home/airflow/.local/lib/python3.7/site-packages/airflow/example_dags/example_latest_only.py for tasks to queue
[2023-06-13T23:23:21.372+0000] {logging_mixin.py:149} INFO - [2023-06-13T23:23:21.372+0000] {dagbag.py:541} INFO - Filling up the DagBag from /home/airflow/.local/lib/python3.7/site-packages/airflow/example_dags/example_latest_only.py
[2023-06-13T23:23:21.383+0000] {processor.py:836} INFO - DAG(s) dict_keys(['latest_only']) retrieved from /home/airflow/.local/lib/python3.7/site-packages/airflow/example_dags/example_latest_only.py
[2023-06-13T23:23:21.428+0000] {logging_mixin.py:149} INFO - [2023-06-13T23:23:21.428+0000] {dag.py:2726} INFO - Sync 1 DAGs
[2023-06-13T23:23:21.469+0000] {logging_mixin.py:149} INFO - [2023-06-13T23:23:21.469+0000] {dag.py:3490} INFO - Setting next_dagrun for latest_only to 2023-06-13T19:23:21.469251+00:00, run_after=2023-06-13T23:23:21.469251+00:00
[2023-06-13T23:23:21.515+0000] {processor.py:179} INFO - Processing /home/airflow/.local/lib/python3.7/site-packages/airflow/example_dags/example_latest_only.py took 0.152 seconds
[2023-06-13T23:23:51.563+0000] {processor.py:157} INFO - Started process (PID=14178) to work on /home/airflow/.local/lib/python3.7/site-packages/airflow/example_dags/example_latest_only.py
[2023-06-13T23:23:51.565+0000] {processor.py:826} INFO - Processing file /home/airflow/.local/lib/python3.7/site-packages/airflow/example_dags/example_latest_only.py for tasks to queue
[2023-06-13T23:23:51.566+0000] {logging_mixin.py:149} INFO - [2023-06-13T23:23:51.566+0000] {dagbag.py:541} INFO - Filling up the DagBag from /home/airflow/.local/lib/python3.7/site-packages/airflow/example_dags/example_latest_only.py
[2023-06-13T23:23:51.575+0000] {processor.py:836} INFO - DAG(s) dict_keys(['latest_only']) retrieved from /home/airflow/.local/lib/python3.7/site-packages/airflow/example_dags/example_latest_only.py
[2023-06-13T23:23:51.617+0000] {logging_mixin.py:149} INFO - [2023-06-13T23:23:51.617+0000] {dag.py:2726} INFO - Sync 1 DAGs
[2023-06-13T23:23:51.662+0000] {logging_mixin.py:149} INFO - [2023-06-13T23:23:51.662+0000] {dag.py:3490} INFO - Setting next_dagrun for latest_only to 2023-06-13T19:23:51.661547+00:00, run_after=2023-06-13T23:23:51.661547+00:00
[2023-06-13T23:23:51.704+0000] {processor.py:179} INFO - Processing /home/airflow/.local/lib/python3.7/site-packages/airflow/example_dags/example_latest_only.py took 0.144 seconds
[2023-06-13T23:24:21.839+0000] {processor.py:157} INFO - Started process (PID=14418) to work on /home/airflow/.local/lib/python3.7/site-packages/airflow/example_dags/example_latest_only.py
[2023-06-13T23:24:21.841+0000] {processor.py:826} INFO - Processing file /home/airflow/.local/lib/python3.7/site-packages/airflow/example_dags/example_latest_only.py for tasks to queue
[2023-06-13T23:24:21.842+0000] {logging_mixin.py:149} INFO - [2023-06-13T23:24:21.842+0000] {dagbag.py:541} INFO - Filling up the DagBag from /home/airflow/.local/lib/python3.7/site-packages/airflow/example_dags/example_latest_only.py
[2023-06-13T23:24:21.855+0000] {processor.py:836} INFO - DAG(s) dict_keys(['latest_only']) retrieved from /home/airflow/.local/lib/python3.7/site-packages/airflow/example_dags/example_latest_only.py
[2023-06-13T23:24:21.910+0000] {logging_mixin.py:149} INFO - [2023-06-13T23:24:21.910+0000] {dag.py:2726} INFO - Sync 1 DAGs
[2023-06-13T23:24:21.963+0000] {logging_mixin.py:149} INFO - [2023-06-13T23:24:21.963+0000] {dag.py:3490} INFO - Setting next_dagrun for latest_only to 2023-06-13T19:24:21.963010+00:00, run_after=2023-06-13T23:24:21.963010+00:00
[2023-06-13T23:24:22.013+0000] {processor.py:179} INFO - Processing /home/airflow/.local/lib/python3.7/site-packages/airflow/example_dags/example_latest_only.py took 0.180 seconds
[2023-06-13T23:24:52.454+0000] {processor.py:157} INFO - Started process (PID=14658) to work on /home/airflow/.local/lib/python3.7/site-packages/airflow/example_dags/example_latest_only.py
[2023-06-13T23:24:52.458+0000] {processor.py:826} INFO - Processing file /home/airflow/.local/lib/python3.7/site-packages/airflow/example_dags/example_latest_only.py for tasks to queue
[2023-06-13T23:24:52.458+0000] {logging_mixin.py:149} INFO - [2023-06-13T23:24:52.458+0000] {dagbag.py:541} INFO - Filling up the DagBag from /home/airflow/.local/lib/python3.7/site-packages/airflow/example_dags/example_latest_only.py
[2023-06-13T23:24:52.467+0000] {processor.py:836} INFO - DAG(s) dict_keys(['latest_only']) retrieved from /home/airflow/.local/lib/python3.7/site-packages/airflow/example_dags/example_latest_only.py
[2023-06-13T23:24:52.526+0000] {logging_mixin.py:149} INFO - [2023-06-13T23:24:52.525+0000] {dag.py:2726} INFO - Sync 1 DAGs
[2023-06-13T23:24:52.576+0000] {logging_mixin.py:149} INFO - [2023-06-13T23:24:52.576+0000] {dag.py:3490} INFO - Setting next_dagrun for latest_only to 2023-06-13T19:24:52.575816+00:00, run_after=2023-06-13T23:24:52.575816+00:00
[2023-06-13T23:24:52.632+0000] {processor.py:179} INFO - Processing /home/airflow/.local/lib/python3.7/site-packages/airflow/example_dags/example_latest_only.py took 0.183 seconds
[2023-06-13T23:25:22.921+0000] {processor.py:157} INFO - Started process (PID=14898) to work on /home/airflow/.local/lib/python3.7/site-packages/airflow/example_dags/example_latest_only.py
[2023-06-13T23:25:22.923+0000] {processor.py:826} INFO - Processing file /home/airflow/.local/lib/python3.7/site-packages/airflow/example_dags/example_latest_only.py for tasks to queue
[2023-06-13T23:25:22.926+0000] {logging_mixin.py:149} INFO - [2023-06-13T23:25:22.926+0000] {dagbag.py:541} INFO - Filling up the DagBag from /home/airflow/.local/lib/python3.7/site-packages/airflow/example_dags/example_latest_only.py
[2023-06-13T23:25:22.936+0000] {processor.py:836} INFO - DAG(s) dict_keys(['latest_only']) retrieved from /home/airflow/.local/lib/python3.7/site-packages/airflow/example_dags/example_latest_only.py
[2023-06-13T23:25:22.992+0000] {logging_mixin.py:149} INFO - [2023-06-13T23:25:22.992+0000] {dag.py:2726} INFO - Sync 1 DAGs
[2023-06-13T23:25:23.053+0000] {logging_mixin.py:149} INFO - [2023-06-13T23:25:23.053+0000] {dag.py:3490} INFO - Setting next_dagrun for latest_only to 2023-06-13T19:25:23.052420+00:00, run_after=2023-06-13T23:25:23.052420+00:00
[2023-06-13T23:25:23.110+0000] {processor.py:179} INFO - Processing /home/airflow/.local/lib/python3.7/site-packages/airflow/example_dags/example_latest_only.py took 0.196 seconds
[2023-06-13T23:25:53.847+0000] {processor.py:157} INFO - Started process (PID=15137) to work on /home/airflow/.local/lib/python3.7/site-packages/airflow/example_dags/example_latest_only.py
[2023-06-13T23:25:53.850+0000] {processor.py:826} INFO - Processing file /home/airflow/.local/lib/python3.7/site-packages/airflow/example_dags/example_latest_only.py for tasks to queue
[2023-06-13T23:25:53.851+0000] {logging_mixin.py:149} INFO - [2023-06-13T23:25:53.851+0000] {dagbag.py:541} INFO - Filling up the DagBag from /home/airflow/.local/lib/python3.7/site-packages/airflow/example_dags/example_latest_only.py
[2023-06-13T23:25:53.860+0000] {processor.py:836} INFO - DAG(s) dict_keys(['latest_only']) retrieved from /home/airflow/.local/lib/python3.7/site-packages/airflow/example_dags/example_latest_only.py
[2023-06-13T23:25:53.910+0000] {logging_mixin.py:149} INFO - [2023-06-13T23:25:53.909+0000] {dag.py:2726} INFO - Sync 1 DAGs
[2023-06-13T23:25:53.958+0000] {logging_mixin.py:149} INFO - [2023-06-13T23:25:53.957+0000] {dag.py:3490} INFO - Setting next_dagrun for latest_only to 2023-06-13T19:25:53.957476+00:00, run_after=2023-06-13T23:25:53.957476+00:00
[2023-06-13T23:25:54.009+0000] {processor.py:179} INFO - Processing /home/airflow/.local/lib/python3.7/site-packages/airflow/example_dags/example_latest_only.py took 0.167 seconds
