[2023-06-13T22:54:10.078+0000] {processor.py:157} INFO - Started process (PID=253) to work on /home/airflow/.local/lib/python3.7/site-packages/airflow/example_dags/example_bash_operator.py
[2023-06-13T22:54:10.080+0000] {processor.py:826} INFO - Processing file /home/airflow/.local/lib/python3.7/site-packages/airflow/example_dags/example_bash_operator.py for tasks to queue
[2023-06-13T22:54:10.082+0000] {logging_mixin.py:149} INFO - [2023-06-13T22:54:10.081+0000] {dagbag.py:541} INFO - Filling up the DagBag from /home/airflow/.local/lib/python3.7/site-packages/airflow/example_dags/example_bash_operator.py
[2023-06-13T22:54:10.115+0000] {processor.py:836} INFO - DAG(s) dict_keys(['example_bash_operator']) retrieved from /home/airflow/.local/lib/python3.7/site-packages/airflow/example_dags/example_bash_operator.py
[2023-06-13T22:54:10.223+0000] {logging_mixin.py:149} INFO - [2023-06-13T22:54:10.222+0000] {dag.py:2726} INFO - Sync 1 DAGs
[2023-06-13T22:54:10.301+0000] {logging_mixin.py:149} INFO - [2023-06-13T22:54:10.301+0000] {dag.py:3490} INFO - Setting next_dagrun for example_bash_operator to 2023-06-12T00:00:00+00:00, run_after=2023-06-13T00:00:00+00:00
[2023-06-13T22:54:10.416+0000] {processor.py:179} INFO - Processing /home/airflow/.local/lib/python3.7/site-packages/airflow/example_dags/example_bash_operator.py took 0.345 seconds
[2023-06-13T22:54:41.677+0000] {processor.py:157} INFO - Started process (PID=493) to work on /home/airflow/.local/lib/python3.7/site-packages/airflow/example_dags/example_bash_operator.py
[2023-06-13T22:54:41.679+0000] {processor.py:826} INFO - Processing file /home/airflow/.local/lib/python3.7/site-packages/airflow/example_dags/example_bash_operator.py for tasks to queue
[2023-06-13T22:54:41.681+0000] {logging_mixin.py:149} INFO - [2023-06-13T22:54:41.681+0000] {dagbag.py:541} INFO - Filling up the DagBag from /home/airflow/.local/lib/python3.7/site-packages/airflow/example_dags/example_bash_operator.py
[2023-06-13T22:54:41.713+0000] {processor.py:836} INFO - DAG(s) dict_keys(['example_bash_operator']) retrieved from /home/airflow/.local/lib/python3.7/site-packages/airflow/example_dags/example_bash_operator.py
[2023-06-13T22:54:41.855+0000] {logging_mixin.py:149} INFO - [2023-06-13T22:54:41.854+0000] {dag.py:2726} INFO - Sync 1 DAGs
[2023-06-13T22:54:42.332+0000] {logging_mixin.py:149} INFO - [2023-06-13T22:54:42.332+0000] {dag.py:3490} INFO - Setting next_dagrun for example_bash_operator to 2023-06-12T00:00:00+00:00, run_after=2023-06-13T00:00:00+00:00
[2023-06-13T22:54:42.381+0000] {processor.py:179} INFO - Processing /home/airflow/.local/lib/python3.7/site-packages/airflow/example_dags/example_bash_operator.py took 0.710 seconds
[2023-06-13T22:55:13.364+0000] {processor.py:157} INFO - Started process (PID=733) to work on /home/airflow/.local/lib/python3.7/site-packages/airflow/example_dags/example_bash_operator.py
[2023-06-13T22:55:13.369+0000] {processor.py:826} INFO - Processing file /home/airflow/.local/lib/python3.7/site-packages/airflow/example_dags/example_bash_operator.py for tasks to queue
[2023-06-13T22:55:13.370+0000] {logging_mixin.py:149} INFO - [2023-06-13T22:55:13.370+0000] {dagbag.py:541} INFO - Filling up the DagBag from /home/airflow/.local/lib/python3.7/site-packages/airflow/example_dags/example_bash_operator.py
[2023-06-13T22:55:13.647+0000] {processor.py:836} INFO - DAG(s) dict_keys(['example_bash_operator']) retrieved from /home/airflow/.local/lib/python3.7/site-packages/airflow/example_dags/example_bash_operator.py
[2023-06-13T22:55:13.742+0000] {logging_mixin.py:149} INFO - [2023-06-13T22:55:13.742+0000] {dag.py:2726} INFO - Sync 1 DAGs
[2023-06-13T22:55:13.795+0000] {logging_mixin.py:149} INFO - [2023-06-13T22:55:13.795+0000] {dag.py:3490} INFO - Setting next_dagrun for example_bash_operator to 2023-06-12T00:00:00+00:00, run_after=2023-06-13T00:00:00+00:00
[2023-06-13T22:55:13.843+0000] {processor.py:179} INFO - Processing /home/airflow/.local/lib/python3.7/site-packages/airflow/example_dags/example_bash_operator.py took 0.485 seconds
[2023-06-13T22:55:43.977+0000] {processor.py:157} INFO - Started process (PID=986) to work on /home/airflow/.local/lib/python3.7/site-packages/airflow/example_dags/example_bash_operator.py
[2023-06-13T22:55:43.981+0000] {processor.py:826} INFO - Processing file /home/airflow/.local/lib/python3.7/site-packages/airflow/example_dags/example_bash_operator.py for tasks to queue
[2023-06-13T22:55:43.983+0000] {logging_mixin.py:149} INFO - [2023-06-13T22:55:43.982+0000] {dagbag.py:541} INFO - Filling up the DagBag from /home/airflow/.local/lib/python3.7/site-packages/airflow/example_dags/example_bash_operator.py
[2023-06-13T22:55:44.017+0000] {processor.py:836} INFO - DAG(s) dict_keys(['example_bash_operator']) retrieved from /home/airflow/.local/lib/python3.7/site-packages/airflow/example_dags/example_bash_operator.py
[2023-06-13T22:55:44.113+0000] {logging_mixin.py:149} INFO - [2023-06-13T22:55:44.113+0000] {dag.py:2726} INFO - Sync 1 DAGs
[2023-06-13T22:55:44.175+0000] {logging_mixin.py:149} INFO - [2023-06-13T22:55:44.175+0000] {dag.py:3490} INFO - Setting next_dagrun for example_bash_operator to 2023-06-12T00:00:00+00:00, run_after=2023-06-13T00:00:00+00:00
[2023-06-13T22:55:44.255+0000] {processor.py:179} INFO - Processing /home/airflow/.local/lib/python3.7/site-packages/airflow/example_dags/example_bash_operator.py took 0.286 seconds
[2023-06-13T22:56:14.314+0000] {processor.py:157} INFO - Started process (PID=1226) to work on /home/airflow/.local/lib/python3.7/site-packages/airflow/example_dags/example_bash_operator.py
[2023-06-13T22:56:14.316+0000] {processor.py:826} INFO - Processing file /home/airflow/.local/lib/python3.7/site-packages/airflow/example_dags/example_bash_operator.py for tasks to queue
[2023-06-13T22:56:14.318+0000] {logging_mixin.py:149} INFO - [2023-06-13T22:56:14.318+0000] {dagbag.py:541} INFO - Filling up the DagBag from /home/airflow/.local/lib/python3.7/site-packages/airflow/example_dags/example_bash_operator.py
[2023-06-13T22:56:14.351+0000] {processor.py:836} INFO - DAG(s) dict_keys(['example_bash_operator']) retrieved from /home/airflow/.local/lib/python3.7/site-packages/airflow/example_dags/example_bash_operator.py
[2023-06-13T22:56:14.464+0000] {logging_mixin.py:149} INFO - [2023-06-13T22:56:14.463+0000] {dag.py:2726} INFO - Sync 1 DAGs
[2023-06-13T22:56:14.537+0000] {logging_mixin.py:149} INFO - [2023-06-13T22:56:14.536+0000] {dag.py:3490} INFO - Setting next_dagrun for example_bash_operator to 2023-06-12T00:00:00+00:00, run_after=2023-06-13T00:00:00+00:00
[2023-06-13T22:56:14.597+0000] {processor.py:179} INFO - Processing /home/airflow/.local/lib/python3.7/site-packages/airflow/example_dags/example_bash_operator.py took 0.291 seconds
[2023-06-13T22:56:44.728+0000] {processor.py:157} INFO - Started process (PID=1464) to work on /home/airflow/.local/lib/python3.7/site-packages/airflow/example_dags/example_bash_operator.py
[2023-06-13T22:56:44.730+0000] {processor.py:826} INFO - Processing file /home/airflow/.local/lib/python3.7/site-packages/airflow/example_dags/example_bash_operator.py for tasks to queue
[2023-06-13T22:56:44.731+0000] {logging_mixin.py:149} INFO - [2023-06-13T22:56:44.730+0000] {dagbag.py:541} INFO - Filling up the DagBag from /home/airflow/.local/lib/python3.7/site-packages/airflow/example_dags/example_bash_operator.py
[2023-06-13T22:56:44.753+0000] {processor.py:836} INFO - DAG(s) dict_keys(['example_bash_operator']) retrieved from /home/airflow/.local/lib/python3.7/site-packages/airflow/example_dags/example_bash_operator.py
[2023-06-13T22:56:44.830+0000] {logging_mixin.py:149} INFO - [2023-06-13T22:56:44.830+0000] {dag.py:2726} INFO - Sync 1 DAGs
[2023-06-13T22:56:44.880+0000] {logging_mixin.py:149} INFO - [2023-06-13T22:56:44.879+0000] {dag.py:3490} INFO - Setting next_dagrun for example_bash_operator to 2023-06-12T00:00:00+00:00, run_after=2023-06-13T00:00:00+00:00
[2023-06-13T22:56:44.924+0000] {processor.py:179} INFO - Processing /home/airflow/.local/lib/python3.7/site-packages/airflow/example_dags/example_bash_operator.py took 0.201 seconds
[2023-06-13T22:57:15.352+0000] {processor.py:157} INFO - Started process (PID=1703) to work on /home/airflow/.local/lib/python3.7/site-packages/airflow/example_dags/example_bash_operator.py
[2023-06-13T22:57:15.354+0000] {processor.py:826} INFO - Processing file /home/airflow/.local/lib/python3.7/site-packages/airflow/example_dags/example_bash_operator.py for tasks to queue
[2023-06-13T22:57:15.356+0000] {logging_mixin.py:149} INFO - [2023-06-13T22:57:15.356+0000] {dagbag.py:541} INFO - Filling up the DagBag from /home/airflow/.local/lib/python3.7/site-packages/airflow/example_dags/example_bash_operator.py
[2023-06-13T22:57:15.380+0000] {processor.py:836} INFO - DAG(s) dict_keys(['example_bash_operator']) retrieved from /home/airflow/.local/lib/python3.7/site-packages/airflow/example_dags/example_bash_operator.py
[2023-06-13T22:57:15.451+0000] {logging_mixin.py:149} INFO - [2023-06-13T22:57:15.451+0000] {dag.py:2726} INFO - Sync 1 DAGs
[2023-06-13T22:57:15.495+0000] {logging_mixin.py:149} INFO - [2023-06-13T22:57:15.495+0000] {dag.py:3490} INFO - Setting next_dagrun for example_bash_operator to 2023-06-12T00:00:00+00:00, run_after=2023-06-13T00:00:00+00:00
[2023-06-13T22:57:15.526+0000] {processor.py:179} INFO - Processing /home/airflow/.local/lib/python3.7/site-packages/airflow/example_dags/example_bash_operator.py took 0.179 seconds
[2023-06-13T22:57:46.535+0000] {processor.py:157} INFO - Started process (PID=1943) to work on /home/airflow/.local/lib/python3.7/site-packages/airflow/example_dags/example_bash_operator.py
[2023-06-13T22:57:46.537+0000] {processor.py:826} INFO - Processing file /home/airflow/.local/lib/python3.7/site-packages/airflow/example_dags/example_bash_operator.py for tasks to queue
[2023-06-13T22:57:46.538+0000] {logging_mixin.py:149} INFO - [2023-06-13T22:57:46.538+0000] {dagbag.py:541} INFO - Filling up the DagBag from /home/airflow/.local/lib/python3.7/site-packages/airflow/example_dags/example_bash_operator.py
[2023-06-13T22:57:46.566+0000] {processor.py:836} INFO - DAG(s) dict_keys(['example_bash_operator']) retrieved from /home/airflow/.local/lib/python3.7/site-packages/airflow/example_dags/example_bash_operator.py
[2023-06-13T22:57:46.651+0000] {logging_mixin.py:149} INFO - [2023-06-13T22:57:46.651+0000] {dag.py:2726} INFO - Sync 1 DAGs
[2023-06-13T22:57:46.709+0000] {logging_mixin.py:149} INFO - [2023-06-13T22:57:46.709+0000] {dag.py:3490} INFO - Setting next_dagrun for example_bash_operator to 2023-06-12T00:00:00+00:00, run_after=2023-06-13T00:00:00+00:00
[2023-06-13T22:57:46.763+0000] {processor.py:179} INFO - Processing /home/airflow/.local/lib/python3.7/site-packages/airflow/example_dags/example_bash_operator.py took 0.236 seconds
[2023-06-13T22:58:17.328+0000] {processor.py:157} INFO - Started process (PID=2183) to work on /home/airflow/.local/lib/python3.7/site-packages/airflow/example_dags/example_bash_operator.py
[2023-06-13T22:58:17.330+0000] {processor.py:826} INFO - Processing file /home/airflow/.local/lib/python3.7/site-packages/airflow/example_dags/example_bash_operator.py for tasks to queue
[2023-06-13T22:58:17.331+0000] {logging_mixin.py:149} INFO - [2023-06-13T22:58:17.331+0000] {dagbag.py:541} INFO - Filling up the DagBag from /home/airflow/.local/lib/python3.7/site-packages/airflow/example_dags/example_bash_operator.py
[2023-06-13T22:58:17.352+0000] {processor.py:836} INFO - DAG(s) dict_keys(['example_bash_operator']) retrieved from /home/airflow/.local/lib/python3.7/site-packages/airflow/example_dags/example_bash_operator.py
[2023-06-13T22:58:17.429+0000] {logging_mixin.py:149} INFO - [2023-06-13T22:58:17.429+0000] {dag.py:2726} INFO - Sync 1 DAGs
[2023-06-13T22:58:17.482+0000] {logging_mixin.py:149} INFO - [2023-06-13T22:58:17.481+0000] {dag.py:3490} INFO - Setting next_dagrun for example_bash_operator to 2023-06-12T00:00:00+00:00, run_after=2023-06-13T00:00:00+00:00
[2023-06-13T22:58:17.534+0000] {processor.py:179} INFO - Processing /home/airflow/.local/lib/python3.7/site-packages/airflow/example_dags/example_bash_operator.py took 0.212 seconds
[2023-06-13T22:58:48.184+0000] {processor.py:157} INFO - Started process (PID=2423) to work on /home/airflow/.local/lib/python3.7/site-packages/airflow/example_dags/example_bash_operator.py
[2023-06-13T22:58:48.186+0000] {processor.py:826} INFO - Processing file /home/airflow/.local/lib/python3.7/site-packages/airflow/example_dags/example_bash_operator.py for tasks to queue
[2023-06-13T22:58:48.187+0000] {logging_mixin.py:149} INFO - [2023-06-13T22:58:48.187+0000] {dagbag.py:541} INFO - Filling up the DagBag from /home/airflow/.local/lib/python3.7/site-packages/airflow/example_dags/example_bash_operator.py
[2023-06-13T22:58:48.210+0000] {processor.py:836} INFO - DAG(s) dict_keys(['example_bash_operator']) retrieved from /home/airflow/.local/lib/python3.7/site-packages/airflow/example_dags/example_bash_operator.py
[2023-06-13T22:58:48.291+0000] {logging_mixin.py:149} INFO - [2023-06-13T22:58:48.291+0000] {dag.py:2726} INFO - Sync 1 DAGs
[2023-06-13T22:58:48.344+0000] {logging_mixin.py:149} INFO - [2023-06-13T22:58:48.344+0000] {dag.py:3490} INFO - Setting next_dagrun for example_bash_operator to 2023-06-12T00:00:00+00:00, run_after=2023-06-13T00:00:00+00:00
[2023-06-13T22:58:48.397+0000] {processor.py:179} INFO - Processing /home/airflow/.local/lib/python3.7/site-packages/airflow/example_dags/example_bash_operator.py took 0.219 seconds
[2023-06-13T22:59:18.753+0000] {processor.py:157} INFO - Started process (PID=2663) to work on /home/airflow/.local/lib/python3.7/site-packages/airflow/example_dags/example_bash_operator.py
[2023-06-13T22:59:18.754+0000] {processor.py:826} INFO - Processing file /home/airflow/.local/lib/python3.7/site-packages/airflow/example_dags/example_bash_operator.py for tasks to queue
[2023-06-13T22:59:18.756+0000] {logging_mixin.py:149} INFO - [2023-06-13T22:59:18.756+0000] {dagbag.py:541} INFO - Filling up the DagBag from /home/airflow/.local/lib/python3.7/site-packages/airflow/example_dags/example_bash_operator.py
[2023-06-13T22:59:18.780+0000] {processor.py:836} INFO - DAG(s) dict_keys(['example_bash_operator']) retrieved from /home/airflow/.local/lib/python3.7/site-packages/airflow/example_dags/example_bash_operator.py
[2023-06-13T22:59:18.843+0000] {logging_mixin.py:149} INFO - [2023-06-13T22:59:18.843+0000] {dag.py:2726} INFO - Sync 1 DAGs
[2023-06-13T22:59:18.894+0000] {logging_mixin.py:149} INFO - [2023-06-13T22:59:18.894+0000] {dag.py:3490} INFO - Setting next_dagrun for example_bash_operator to 2023-06-12T00:00:00+00:00, run_after=2023-06-13T00:00:00+00:00
[2023-06-13T22:59:18.941+0000] {processor.py:179} INFO - Processing /home/airflow/.local/lib/python3.7/site-packages/airflow/example_dags/example_bash_operator.py took 0.194 seconds
[2023-06-13T22:59:49.449+0000] {processor.py:157} INFO - Started process (PID=2903) to work on /home/airflow/.local/lib/python3.7/site-packages/airflow/example_dags/example_bash_operator.py
[2023-06-13T22:59:49.451+0000] {processor.py:826} INFO - Processing file /home/airflow/.local/lib/python3.7/site-packages/airflow/example_dags/example_bash_operator.py for tasks to queue
[2023-06-13T22:59:49.453+0000] {logging_mixin.py:149} INFO - [2023-06-13T22:59:49.453+0000] {dagbag.py:541} INFO - Filling up the DagBag from /home/airflow/.local/lib/python3.7/site-packages/airflow/example_dags/example_bash_operator.py
[2023-06-13T22:59:49.475+0000] {processor.py:836} INFO - DAG(s) dict_keys(['example_bash_operator']) retrieved from /home/airflow/.local/lib/python3.7/site-packages/airflow/example_dags/example_bash_operator.py
[2023-06-13T22:59:49.560+0000] {logging_mixin.py:149} INFO - [2023-06-13T22:59:49.559+0000] {dag.py:2726} INFO - Sync 1 DAGs
[2023-06-13T22:59:49.632+0000] {logging_mixin.py:149} INFO - [2023-06-13T22:59:49.631+0000] {dag.py:3490} INFO - Setting next_dagrun for example_bash_operator to 2023-06-12T00:00:00+00:00, run_after=2023-06-13T00:00:00+00:00
[2023-06-13T22:59:49.699+0000] {processor.py:179} INFO - Processing /home/airflow/.local/lib/python3.7/site-packages/airflow/example_dags/example_bash_operator.py took 0.256 seconds
[2023-06-13T23:00:20.105+0000] {processor.py:157} INFO - Started process (PID=3143) to work on /home/airflow/.local/lib/python3.7/site-packages/airflow/example_dags/example_bash_operator.py
[2023-06-13T23:00:20.108+0000] {processor.py:826} INFO - Processing file /home/airflow/.local/lib/python3.7/site-packages/airflow/example_dags/example_bash_operator.py for tasks to queue
[2023-06-13T23:00:20.109+0000] {logging_mixin.py:149} INFO - [2023-06-13T23:00:20.109+0000] {dagbag.py:541} INFO - Filling up the DagBag from /home/airflow/.local/lib/python3.7/site-packages/airflow/example_dags/example_bash_operator.py
[2023-06-13T23:00:20.136+0000] {processor.py:836} INFO - DAG(s) dict_keys(['example_bash_operator']) retrieved from /home/airflow/.local/lib/python3.7/site-packages/airflow/example_dags/example_bash_operator.py
[2023-06-13T23:00:20.225+0000] {logging_mixin.py:149} INFO - [2023-06-13T23:00:20.224+0000] {dag.py:2726} INFO - Sync 1 DAGs
[2023-06-13T23:00:20.278+0000] {logging_mixin.py:149} INFO - [2023-06-13T23:00:20.278+0000] {dag.py:3490} INFO - Setting next_dagrun for example_bash_operator to 2023-06-12T00:00:00+00:00, run_after=2023-06-13T00:00:00+00:00
[2023-06-13T23:00:20.344+0000] {processor.py:179} INFO - Processing /home/airflow/.local/lib/python3.7/site-packages/airflow/example_dags/example_bash_operator.py took 0.247 seconds
[2023-06-13T23:00:50.860+0000] {processor.py:157} INFO - Started process (PID=3385) to work on /home/airflow/.local/lib/python3.7/site-packages/airflow/example_dags/example_bash_operator.py
[2023-06-13T23:00:50.864+0000] {processor.py:826} INFO - Processing file /home/airflow/.local/lib/python3.7/site-packages/airflow/example_dags/example_bash_operator.py for tasks to queue
[2023-06-13T23:00:50.867+0000] {logging_mixin.py:149} INFO - [2023-06-13T23:00:50.866+0000] {dagbag.py:541} INFO - Filling up the DagBag from /home/airflow/.local/lib/python3.7/site-packages/airflow/example_dags/example_bash_operator.py
[2023-06-13T23:00:50.901+0000] {processor.py:836} INFO - DAG(s) dict_keys(['example_bash_operator']) retrieved from /home/airflow/.local/lib/python3.7/site-packages/airflow/example_dags/example_bash_operator.py
[2023-06-13T23:00:51.011+0000] {logging_mixin.py:149} INFO - [2023-06-13T23:00:51.011+0000] {dag.py:2726} INFO - Sync 1 DAGs
[2023-06-13T23:00:51.082+0000] {logging_mixin.py:149} INFO - [2023-06-13T23:00:51.082+0000] {dag.py:3490} INFO - Setting next_dagrun for example_bash_operator to 2023-06-12T00:00:00+00:00, run_after=2023-06-13T00:00:00+00:00
[2023-06-13T23:00:51.141+0000] {processor.py:179} INFO - Processing /home/airflow/.local/lib/python3.7/site-packages/airflow/example_dags/example_bash_operator.py took 0.287 seconds
[2023-06-13T23:01:21.677+0000] {processor.py:157} INFO - Started process (PID=3625) to work on /home/airflow/.local/lib/python3.7/site-packages/airflow/example_dags/example_bash_operator.py
[2023-06-13T23:01:21.680+0000] {processor.py:826} INFO - Processing file /home/airflow/.local/lib/python3.7/site-packages/airflow/example_dags/example_bash_operator.py for tasks to queue
[2023-06-13T23:01:21.681+0000] {logging_mixin.py:149} INFO - [2023-06-13T23:01:21.681+0000] {dagbag.py:541} INFO - Filling up the DagBag from /home/airflow/.local/lib/python3.7/site-packages/airflow/example_dags/example_bash_operator.py
[2023-06-13T23:01:21.715+0000] {processor.py:836} INFO - DAG(s) dict_keys(['example_bash_operator']) retrieved from /home/airflow/.local/lib/python3.7/site-packages/airflow/example_dags/example_bash_operator.py
[2023-06-13T23:01:21.816+0000] {logging_mixin.py:149} INFO - [2023-06-13T23:01:21.815+0000] {dag.py:2726} INFO - Sync 1 DAGs
[2023-06-13T23:01:21.884+0000] {logging_mixin.py:149} INFO - [2023-06-13T23:01:21.883+0000] {dag.py:3490} INFO - Setting next_dagrun for example_bash_operator to 2023-06-12T00:00:00+00:00, run_after=2023-06-13T00:00:00+00:00
[2023-06-13T23:01:21.938+0000] {processor.py:179} INFO - Processing /home/airflow/.local/lib/python3.7/site-packages/airflow/example_dags/example_bash_operator.py took 0.267 seconds
[2023-06-13T23:01:52.701+0000] {processor.py:157} INFO - Started process (PID=3863) to work on /home/airflow/.local/lib/python3.7/site-packages/airflow/example_dags/example_bash_operator.py
[2023-06-13T23:01:52.704+0000] {processor.py:826} INFO - Processing file /home/airflow/.local/lib/python3.7/site-packages/airflow/example_dags/example_bash_operator.py for tasks to queue
[2023-06-13T23:01:52.705+0000] {logging_mixin.py:149} INFO - [2023-06-13T23:01:52.705+0000] {dagbag.py:541} INFO - Filling up the DagBag from /home/airflow/.local/lib/python3.7/site-packages/airflow/example_dags/example_bash_operator.py
[2023-06-13T23:01:52.734+0000] {processor.py:836} INFO - DAG(s) dict_keys(['example_bash_operator']) retrieved from /home/airflow/.local/lib/python3.7/site-packages/airflow/example_dags/example_bash_operator.py
[2023-06-13T23:01:52.822+0000] {logging_mixin.py:149} INFO - [2023-06-13T23:01:52.821+0000] {dag.py:2726} INFO - Sync 1 DAGs
[2023-06-13T23:01:52.895+0000] {logging_mixin.py:149} INFO - [2023-06-13T23:01:52.894+0000] {dag.py:3490} INFO - Setting next_dagrun for example_bash_operator to 2023-06-12T00:00:00+00:00, run_after=2023-06-13T00:00:00+00:00
[2023-06-13T23:01:52.952+0000] {processor.py:179} INFO - Processing /home/airflow/.local/lib/python3.7/site-packages/airflow/example_dags/example_bash_operator.py took 0.259 seconds
[2023-06-13T23:02:23.829+0000] {processor.py:157} INFO - Started process (PID=4104) to work on /home/airflow/.local/lib/python3.7/site-packages/airflow/example_dags/example_bash_operator.py
[2023-06-13T23:02:23.842+0000] {processor.py:826} INFO - Processing file /home/airflow/.local/lib/python3.7/site-packages/airflow/example_dags/example_bash_operator.py for tasks to queue
[2023-06-13T23:02:23.845+0000] {logging_mixin.py:149} INFO - [2023-06-13T23:02:23.844+0000] {dagbag.py:541} INFO - Filling up the DagBag from /home/airflow/.local/lib/python3.7/site-packages/airflow/example_dags/example_bash_operator.py
[2023-06-13T23:02:23.879+0000] {processor.py:836} INFO - DAG(s) dict_keys(['example_bash_operator']) retrieved from /home/airflow/.local/lib/python3.7/site-packages/airflow/example_dags/example_bash_operator.py
[2023-06-13T23:02:23.995+0000] {logging_mixin.py:149} INFO - [2023-06-13T23:02:23.995+0000] {dag.py:2726} INFO - Sync 1 DAGs
[2023-06-13T23:02:24.057+0000] {logging_mixin.py:149} INFO - [2023-06-13T23:02:24.057+0000] {dag.py:3490} INFO - Setting next_dagrun for example_bash_operator to 2023-06-12T00:00:00+00:00, run_after=2023-06-13T00:00:00+00:00
[2023-06-13T23:02:24.108+0000] {processor.py:179} INFO - Processing /home/airflow/.local/lib/python3.7/site-packages/airflow/example_dags/example_bash_operator.py took 0.289 seconds
[2023-06-13T23:02:54.912+0000] {processor.py:157} INFO - Started process (PID=4344) to work on /home/airflow/.local/lib/python3.7/site-packages/airflow/example_dags/example_bash_operator.py
[2023-06-13T23:02:54.918+0000] {processor.py:826} INFO - Processing file /home/airflow/.local/lib/python3.7/site-packages/airflow/example_dags/example_bash_operator.py for tasks to queue
[2023-06-13T23:02:54.919+0000] {logging_mixin.py:149} INFO - [2023-06-13T23:02:54.919+0000] {dagbag.py:541} INFO - Filling up the DagBag from /home/airflow/.local/lib/python3.7/site-packages/airflow/example_dags/example_bash_operator.py
[2023-06-13T23:02:54.948+0000] {processor.py:836} INFO - DAG(s) dict_keys(['example_bash_operator']) retrieved from /home/airflow/.local/lib/python3.7/site-packages/airflow/example_dags/example_bash_operator.py
[2023-06-13T23:02:55.016+0000] {logging_mixin.py:149} INFO - [2023-06-13T23:02:55.015+0000] {dag.py:2726} INFO - Sync 1 DAGs
[2023-06-13T23:02:55.068+0000] {logging_mixin.py:149} INFO - [2023-06-13T23:02:55.068+0000] {dag.py:3490} INFO - Setting next_dagrun for example_bash_operator to 2023-06-12T00:00:00+00:00, run_after=2023-06-13T00:00:00+00:00
[2023-06-13T23:02:55.110+0000] {processor.py:179} INFO - Processing /home/airflow/.local/lib/python3.7/site-packages/airflow/example_dags/example_bash_operator.py took 0.203 seconds
[2023-06-13T23:03:25.297+0000] {processor.py:157} INFO - Started process (PID=4583) to work on /home/airflow/.local/lib/python3.7/site-packages/airflow/example_dags/example_bash_operator.py
[2023-06-13T23:03:25.298+0000] {processor.py:826} INFO - Processing file /home/airflow/.local/lib/python3.7/site-packages/airflow/example_dags/example_bash_operator.py for tasks to queue
[2023-06-13T23:03:25.299+0000] {logging_mixin.py:149} INFO - [2023-06-13T23:03:25.299+0000] {dagbag.py:541} INFO - Filling up the DagBag from /home/airflow/.local/lib/python3.7/site-packages/airflow/example_dags/example_bash_operator.py
[2023-06-13T23:03:25.325+0000] {processor.py:836} INFO - DAG(s) dict_keys(['example_bash_operator']) retrieved from /home/airflow/.local/lib/python3.7/site-packages/airflow/example_dags/example_bash_operator.py
[2023-06-13T23:03:25.393+0000] {logging_mixin.py:149} INFO - [2023-06-13T23:03:25.392+0000] {dag.py:2726} INFO - Sync 1 DAGs
[2023-06-13T23:03:25.434+0000] {logging_mixin.py:149} INFO - [2023-06-13T23:03:25.434+0000] {dag.py:3490} INFO - Setting next_dagrun for example_bash_operator to 2023-06-12T00:00:00+00:00, run_after=2023-06-13T00:00:00+00:00
[2023-06-13T23:03:25.474+0000] {processor.py:179} INFO - Processing /home/airflow/.local/lib/python3.7/site-packages/airflow/example_dags/example_bash_operator.py took 0.183 seconds
[2023-06-13T23:03:55.617+0000] {processor.py:157} INFO - Started process (PID=4820) to work on /home/airflow/.local/lib/python3.7/site-packages/airflow/example_dags/example_bash_operator.py
[2023-06-13T23:03:55.618+0000] {processor.py:826} INFO - Processing file /home/airflow/.local/lib/python3.7/site-packages/airflow/example_dags/example_bash_operator.py for tasks to queue
[2023-06-13T23:03:55.620+0000] {logging_mixin.py:149} INFO - [2023-06-13T23:03:55.619+0000] {dagbag.py:541} INFO - Filling up the DagBag from /home/airflow/.local/lib/python3.7/site-packages/airflow/example_dags/example_bash_operator.py
[2023-06-13T23:03:55.645+0000] {processor.py:836} INFO - DAG(s) dict_keys(['example_bash_operator']) retrieved from /home/airflow/.local/lib/python3.7/site-packages/airflow/example_dags/example_bash_operator.py
[2023-06-13T23:03:55.710+0000] {logging_mixin.py:149} INFO - [2023-06-13T23:03:55.710+0000] {dag.py:2726} INFO - Sync 1 DAGs
[2023-06-13T23:03:55.748+0000] {logging_mixin.py:149} INFO - [2023-06-13T23:03:55.748+0000] {dag.py:3490} INFO - Setting next_dagrun for example_bash_operator to 2023-06-12T00:00:00+00:00, run_after=2023-06-13T00:00:00+00:00
[2023-06-13T23:03:55.791+0000] {processor.py:179} INFO - Processing /home/airflow/.local/lib/python3.7/site-packages/airflow/example_dags/example_bash_operator.py took 0.177 seconds
[2023-06-13T23:04:25.839+0000] {processor.py:157} INFO - Started process (PID=5060) to work on /home/airflow/.local/lib/python3.7/site-packages/airflow/example_dags/example_bash_operator.py
[2023-06-13T23:04:25.841+0000] {processor.py:826} INFO - Processing file /home/airflow/.local/lib/python3.7/site-packages/airflow/example_dags/example_bash_operator.py for tasks to queue
[2023-06-13T23:04:25.842+0000] {logging_mixin.py:149} INFO - [2023-06-13T23:04:25.842+0000] {dagbag.py:541} INFO - Filling up the DagBag from /home/airflow/.local/lib/python3.7/site-packages/airflow/example_dags/example_bash_operator.py
[2023-06-13T23:04:25.868+0000] {processor.py:836} INFO - DAG(s) dict_keys(['example_bash_operator']) retrieved from /home/airflow/.local/lib/python3.7/site-packages/airflow/example_dags/example_bash_operator.py
[2023-06-13T23:04:25.928+0000] {logging_mixin.py:149} INFO - [2023-06-13T23:04:25.927+0000] {dag.py:2726} INFO - Sync 1 DAGs
[2023-06-13T23:04:25.978+0000] {logging_mixin.py:149} INFO - [2023-06-13T23:04:25.977+0000] {dag.py:3490} INFO - Setting next_dagrun for example_bash_operator to 2023-06-12T00:00:00+00:00, run_after=2023-06-13T00:00:00+00:00
[2023-06-13T23:04:26.020+0000] {processor.py:179} INFO - Processing /home/airflow/.local/lib/python3.7/site-packages/airflow/example_dags/example_bash_operator.py took 0.186 seconds
[2023-06-13T23:04:56.579+0000] {processor.py:157} INFO - Started process (PID=5307) to work on /home/airflow/.local/lib/python3.7/site-packages/airflow/example_dags/example_bash_operator.py
[2023-06-13T23:04:56.581+0000] {processor.py:826} INFO - Processing file /home/airflow/.local/lib/python3.7/site-packages/airflow/example_dags/example_bash_operator.py for tasks to queue
[2023-06-13T23:04:56.582+0000] {logging_mixin.py:149} INFO - [2023-06-13T23:04:56.582+0000] {dagbag.py:541} INFO - Filling up the DagBag from /home/airflow/.local/lib/python3.7/site-packages/airflow/example_dags/example_bash_operator.py
[2023-06-13T23:04:56.605+0000] {processor.py:836} INFO - DAG(s) dict_keys(['example_bash_operator']) retrieved from /home/airflow/.local/lib/python3.7/site-packages/airflow/example_dags/example_bash_operator.py
[2023-06-13T23:04:56.671+0000] {logging_mixin.py:149} INFO - [2023-06-13T23:04:56.670+0000] {dag.py:2726} INFO - Sync 1 DAGs
[2023-06-13T23:04:56.713+0000] {logging_mixin.py:149} INFO - [2023-06-13T23:04:56.713+0000] {dag.py:3490} INFO - Setting next_dagrun for example_bash_operator to 2023-06-12T00:00:00+00:00, run_after=2023-06-13T00:00:00+00:00
[2023-06-13T23:04:56.760+0000] {processor.py:179} INFO - Processing /home/airflow/.local/lib/python3.7/site-packages/airflow/example_dags/example_bash_operator.py took 0.187 seconds
[2023-06-13T23:05:27.388+0000] {processor.py:157} INFO - Started process (PID=5547) to work on /home/airflow/.local/lib/python3.7/site-packages/airflow/example_dags/example_bash_operator.py
[2023-06-13T23:05:27.389+0000] {processor.py:826} INFO - Processing file /home/airflow/.local/lib/python3.7/site-packages/airflow/example_dags/example_bash_operator.py for tasks to queue
[2023-06-13T23:05:27.390+0000] {logging_mixin.py:149} INFO - [2023-06-13T23:05:27.390+0000] {dagbag.py:541} INFO - Filling up the DagBag from /home/airflow/.local/lib/python3.7/site-packages/airflow/example_dags/example_bash_operator.py
[2023-06-13T23:05:27.413+0000] {processor.py:836} INFO - DAG(s) dict_keys(['example_bash_operator']) retrieved from /home/airflow/.local/lib/python3.7/site-packages/airflow/example_dags/example_bash_operator.py
[2023-06-13T23:05:27.493+0000] {logging_mixin.py:149} INFO - [2023-06-13T23:05:27.492+0000] {dag.py:2726} INFO - Sync 1 DAGs
[2023-06-13T23:05:27.548+0000] {logging_mixin.py:149} INFO - [2023-06-13T23:05:27.547+0000] {dag.py:3490} INFO - Setting next_dagrun for example_bash_operator to 2023-06-12T00:00:00+00:00, run_after=2023-06-13T00:00:00+00:00
[2023-06-13T23:05:27.605+0000] {processor.py:179} INFO - Processing /home/airflow/.local/lib/python3.7/site-packages/airflow/example_dags/example_bash_operator.py took 0.223 seconds
[2023-06-13T23:05:58.248+0000] {processor.py:157} INFO - Started process (PID=5787) to work on /home/airflow/.local/lib/python3.7/site-packages/airflow/example_dags/example_bash_operator.py
[2023-06-13T23:05:58.249+0000] {processor.py:826} INFO - Processing file /home/airflow/.local/lib/python3.7/site-packages/airflow/example_dags/example_bash_operator.py for tasks to queue
[2023-06-13T23:05:58.250+0000] {logging_mixin.py:149} INFO - [2023-06-13T23:05:58.250+0000] {dagbag.py:541} INFO - Filling up the DagBag from /home/airflow/.local/lib/python3.7/site-packages/airflow/example_dags/example_bash_operator.py
[2023-06-13T23:05:58.277+0000] {processor.py:836} INFO - DAG(s) dict_keys(['example_bash_operator']) retrieved from /home/airflow/.local/lib/python3.7/site-packages/airflow/example_dags/example_bash_operator.py
[2023-06-13T23:05:58.364+0000] {logging_mixin.py:149} INFO - [2023-06-13T23:05:58.363+0000] {dag.py:2726} INFO - Sync 1 DAGs
[2023-06-13T23:05:58.414+0000] {logging_mixin.py:149} INFO - [2023-06-13T23:05:58.414+0000] {dag.py:3490} INFO - Setting next_dagrun for example_bash_operator to 2023-06-12T00:00:00+00:00, run_after=2023-06-13T00:00:00+00:00
[2023-06-13T23:05:58.483+0000] {processor.py:179} INFO - Processing /home/airflow/.local/lib/python3.7/site-packages/airflow/example_dags/example_bash_operator.py took 0.240 seconds
[2023-06-13T23:06:28.579+0000] {processor.py:157} INFO - Started process (PID=6027) to work on /home/airflow/.local/lib/python3.7/site-packages/airflow/example_dags/example_bash_operator.py
[2023-06-13T23:06:28.582+0000] {processor.py:826} INFO - Processing file /home/airflow/.local/lib/python3.7/site-packages/airflow/example_dags/example_bash_operator.py for tasks to queue
[2023-06-13T23:06:28.583+0000] {logging_mixin.py:149} INFO - [2023-06-13T23:06:28.582+0000] {dagbag.py:541} INFO - Filling up the DagBag from /home/airflow/.local/lib/python3.7/site-packages/airflow/example_dags/example_bash_operator.py
[2023-06-13T23:06:28.603+0000] {processor.py:836} INFO - DAG(s) dict_keys(['example_bash_operator']) retrieved from /home/airflow/.local/lib/python3.7/site-packages/airflow/example_dags/example_bash_operator.py
[2023-06-13T23:06:28.668+0000] {logging_mixin.py:149} INFO - [2023-06-13T23:06:28.667+0000] {dag.py:2726} INFO - Sync 1 DAGs
[2023-06-13T23:06:28.708+0000] {logging_mixin.py:149} INFO - [2023-06-13T23:06:28.708+0000] {dag.py:3490} INFO - Setting next_dagrun for example_bash_operator to 2023-06-12T00:00:00+00:00, run_after=2023-06-13T00:00:00+00:00
[2023-06-13T23:06:28.751+0000] {processor.py:179} INFO - Processing /home/airflow/.local/lib/python3.7/site-packages/airflow/example_dags/example_bash_operator.py took 0.177 seconds
[2023-06-13T23:06:59.396+0000] {processor.py:157} INFO - Started process (PID=6266) to work on /home/airflow/.local/lib/python3.7/site-packages/airflow/example_dags/example_bash_operator.py
[2023-06-13T23:06:59.398+0000] {processor.py:826} INFO - Processing file /home/airflow/.local/lib/python3.7/site-packages/airflow/example_dags/example_bash_operator.py for tasks to queue
[2023-06-13T23:06:59.400+0000] {logging_mixin.py:149} INFO - [2023-06-13T23:06:59.399+0000] {dagbag.py:541} INFO - Filling up the DagBag from /home/airflow/.local/lib/python3.7/site-packages/airflow/example_dags/example_bash_operator.py
[2023-06-13T23:06:59.419+0000] {processor.py:836} INFO - DAG(s) dict_keys(['example_bash_operator']) retrieved from /home/airflow/.local/lib/python3.7/site-packages/airflow/example_dags/example_bash_operator.py
[2023-06-13T23:06:59.506+0000] {logging_mixin.py:149} INFO - [2023-06-13T23:06:59.506+0000] {dag.py:2726} INFO - Sync 1 DAGs
[2023-06-13T23:06:59.562+0000] {logging_mixin.py:149} INFO - [2023-06-13T23:06:59.562+0000] {dag.py:3490} INFO - Setting next_dagrun for example_bash_operator to 2023-06-12T00:00:00+00:00, run_after=2023-06-13T00:00:00+00:00
[2023-06-13T23:06:59.611+0000] {processor.py:179} INFO - Processing /home/airflow/.local/lib/python3.7/site-packages/airflow/example_dags/example_bash_operator.py took 0.222 seconds
[2023-06-13T23:07:29.710+0000] {processor.py:157} INFO - Started process (PID=6506) to work on /home/airflow/.local/lib/python3.7/site-packages/airflow/example_dags/example_bash_operator.py
[2023-06-13T23:07:29.712+0000] {processor.py:826} INFO - Processing file /home/airflow/.local/lib/python3.7/site-packages/airflow/example_dags/example_bash_operator.py for tasks to queue
[2023-06-13T23:07:29.714+0000] {logging_mixin.py:149} INFO - [2023-06-13T23:07:29.713+0000] {dagbag.py:541} INFO - Filling up the DagBag from /home/airflow/.local/lib/python3.7/site-packages/airflow/example_dags/example_bash_operator.py
[2023-06-13T23:07:29.736+0000] {processor.py:836} INFO - DAG(s) dict_keys(['example_bash_operator']) retrieved from /home/airflow/.local/lib/python3.7/site-packages/airflow/example_dags/example_bash_operator.py
[2023-06-13T23:07:29.809+0000] {logging_mixin.py:149} INFO - [2023-06-13T23:07:29.808+0000] {dag.py:2726} INFO - Sync 1 DAGs
[2023-06-13T23:07:29.850+0000] {logging_mixin.py:149} INFO - [2023-06-13T23:07:29.849+0000] {dag.py:3490} INFO - Setting next_dagrun for example_bash_operator to 2023-06-12T00:00:00+00:00, run_after=2023-06-13T00:00:00+00:00
[2023-06-13T23:07:29.897+0000] {processor.py:179} INFO - Processing /home/airflow/.local/lib/python3.7/site-packages/airflow/example_dags/example_bash_operator.py took 0.195 seconds
[2023-06-13T23:07:59.978+0000] {processor.py:157} INFO - Started process (PID=6746) to work on /home/airflow/.local/lib/python3.7/site-packages/airflow/example_dags/example_bash_operator.py
[2023-06-13T23:07:59.981+0000] {processor.py:826} INFO - Processing file /home/airflow/.local/lib/python3.7/site-packages/airflow/example_dags/example_bash_operator.py for tasks to queue
[2023-06-13T23:07:59.982+0000] {logging_mixin.py:149} INFO - [2023-06-13T23:07:59.982+0000] {dagbag.py:541} INFO - Filling up the DagBag from /home/airflow/.local/lib/python3.7/site-packages/airflow/example_dags/example_bash_operator.py
[2023-06-13T23:08:00.009+0000] {processor.py:836} INFO - DAG(s) dict_keys(['example_bash_operator']) retrieved from /home/airflow/.local/lib/python3.7/site-packages/airflow/example_dags/example_bash_operator.py
[2023-06-13T23:08:00.092+0000] {logging_mixin.py:149} INFO - [2023-06-13T23:08:00.091+0000] {dag.py:2726} INFO - Sync 1 DAGs
[2023-06-13T23:08:00.155+0000] {logging_mixin.py:149} INFO - [2023-06-13T23:08:00.155+0000] {dag.py:3490} INFO - Setting next_dagrun for example_bash_operator to 2023-06-12T00:00:00+00:00, run_after=2023-06-13T00:00:00+00:00
[2023-06-13T23:08:00.206+0000] {processor.py:179} INFO - Processing /home/airflow/.local/lib/python3.7/site-packages/airflow/example_dags/example_bash_operator.py took 0.235 seconds
[2023-06-13T23:08:30.494+0000] {processor.py:157} INFO - Started process (PID=6985) to work on /home/airflow/.local/lib/python3.7/site-packages/airflow/example_dags/example_bash_operator.py
[2023-06-13T23:08:30.499+0000] {processor.py:826} INFO - Processing file /home/airflow/.local/lib/python3.7/site-packages/airflow/example_dags/example_bash_operator.py for tasks to queue
[2023-06-13T23:08:30.501+0000] {logging_mixin.py:149} INFO - [2023-06-13T23:08:30.500+0000] {dagbag.py:541} INFO - Filling up the DagBag from /home/airflow/.local/lib/python3.7/site-packages/airflow/example_dags/example_bash_operator.py
[2023-06-13T23:08:30.534+0000] {processor.py:836} INFO - DAG(s) dict_keys(['example_bash_operator']) retrieved from /home/airflow/.local/lib/python3.7/site-packages/airflow/example_dags/example_bash_operator.py
[2023-06-13T23:08:30.628+0000] {logging_mixin.py:149} INFO - [2023-06-13T23:08:30.627+0000] {dag.py:2726} INFO - Sync 1 DAGs
[2023-06-13T23:08:30.684+0000] {logging_mixin.py:149} INFO - [2023-06-13T23:08:30.684+0000] {dag.py:3490} INFO - Setting next_dagrun for example_bash_operator to 2023-06-12T00:00:00+00:00, run_after=2023-06-13T00:00:00+00:00
[2023-06-13T23:08:30.734+0000] {processor.py:179} INFO - Processing /home/airflow/.local/lib/python3.7/site-packages/airflow/example_dags/example_bash_operator.py took 0.244 seconds
[2023-06-13T23:09:00.999+0000] {processor.py:157} INFO - Started process (PID=7225) to work on /home/airflow/.local/lib/python3.7/site-packages/airflow/example_dags/example_bash_operator.py
[2023-06-13T23:09:01.004+0000] {processor.py:826} INFO - Processing file /home/airflow/.local/lib/python3.7/site-packages/airflow/example_dags/example_bash_operator.py for tasks to queue
[2023-06-13T23:09:01.005+0000] {logging_mixin.py:149} INFO - [2023-06-13T23:09:01.005+0000] {dagbag.py:541} INFO - Filling up the DagBag from /home/airflow/.local/lib/python3.7/site-packages/airflow/example_dags/example_bash_operator.py
[2023-06-13T23:09:01.034+0000] {processor.py:836} INFO - DAG(s) dict_keys(['example_bash_operator']) retrieved from /home/airflow/.local/lib/python3.7/site-packages/airflow/example_dags/example_bash_operator.py
[2023-06-13T23:09:01.110+0000] {logging_mixin.py:149} INFO - [2023-06-13T23:09:01.110+0000] {dag.py:2726} INFO - Sync 1 DAGs
[2023-06-13T23:09:01.166+0000] {logging_mixin.py:149} INFO - [2023-06-13T23:09:01.165+0000] {dag.py:3490} INFO - Setting next_dagrun for example_bash_operator to 2023-06-12T00:00:00+00:00, run_after=2023-06-13T00:00:00+00:00
[2023-06-13T23:09:01.217+0000] {processor.py:179} INFO - Processing /home/airflow/.local/lib/python3.7/site-packages/airflow/example_dags/example_bash_operator.py took 0.224 seconds
[2023-06-13T23:09:31.482+0000] {processor.py:157} INFO - Started process (PID=7465) to work on /home/airflow/.local/lib/python3.7/site-packages/airflow/example_dags/example_bash_operator.py
[2023-06-13T23:09:31.484+0000] {processor.py:826} INFO - Processing file /home/airflow/.local/lib/python3.7/site-packages/airflow/example_dags/example_bash_operator.py for tasks to queue
[2023-06-13T23:09:31.486+0000] {logging_mixin.py:149} INFO - [2023-06-13T23:09:31.485+0000] {dagbag.py:541} INFO - Filling up the DagBag from /home/airflow/.local/lib/python3.7/site-packages/airflow/example_dags/example_bash_operator.py
[2023-06-13T23:09:31.514+0000] {processor.py:836} INFO - DAG(s) dict_keys(['example_bash_operator']) retrieved from /home/airflow/.local/lib/python3.7/site-packages/airflow/example_dags/example_bash_operator.py
[2023-06-13T23:09:31.590+0000] {logging_mixin.py:149} INFO - [2023-06-13T23:09:31.589+0000] {dag.py:2726} INFO - Sync 1 DAGs
[2023-06-13T23:09:31.640+0000] {logging_mixin.py:149} INFO - [2023-06-13T23:09:31.640+0000] {dag.py:3490} INFO - Setting next_dagrun for example_bash_operator to 2023-06-12T00:00:00+00:00, run_after=2023-06-13T00:00:00+00:00
[2023-06-13T23:09:31.690+0000] {processor.py:179} INFO - Processing /home/airflow/.local/lib/python3.7/site-packages/airflow/example_dags/example_bash_operator.py took 0.214 seconds
[2023-06-13T23:10:01.931+0000] {processor.py:157} INFO - Started process (PID=7705) to work on /home/airflow/.local/lib/python3.7/site-packages/airflow/example_dags/example_bash_operator.py
[2023-06-13T23:10:01.933+0000] {processor.py:826} INFO - Processing file /home/airflow/.local/lib/python3.7/site-packages/airflow/example_dags/example_bash_operator.py for tasks to queue
[2023-06-13T23:10:01.934+0000] {logging_mixin.py:149} INFO - [2023-06-13T23:10:01.934+0000] {dagbag.py:541} INFO - Filling up the DagBag from /home/airflow/.local/lib/python3.7/site-packages/airflow/example_dags/example_bash_operator.py
[2023-06-13T23:10:01.961+0000] {processor.py:836} INFO - DAG(s) dict_keys(['example_bash_operator']) retrieved from /home/airflow/.local/lib/python3.7/site-packages/airflow/example_dags/example_bash_operator.py
[2023-06-13T23:10:02.049+0000] {logging_mixin.py:149} INFO - [2023-06-13T23:10:02.048+0000] {dag.py:2726} INFO - Sync 1 DAGs
[2023-06-13T23:10:02.094+0000] {logging_mixin.py:149} INFO - [2023-06-13T23:10:02.094+0000] {dag.py:3490} INFO - Setting next_dagrun for example_bash_operator to 2023-06-12T00:00:00+00:00, run_after=2023-06-13T00:00:00+00:00
[2023-06-13T23:10:02.151+0000] {processor.py:179} INFO - Processing /home/airflow/.local/lib/python3.7/site-packages/airflow/example_dags/example_bash_operator.py took 0.226 seconds
[2023-06-13T23:10:32.574+0000] {processor.py:157} INFO - Started process (PID=7943) to work on /home/airflow/.local/lib/python3.7/site-packages/airflow/example_dags/example_bash_operator.py
[2023-06-13T23:10:32.578+0000] {processor.py:826} INFO - Processing file /home/airflow/.local/lib/python3.7/site-packages/airflow/example_dags/example_bash_operator.py for tasks to queue
[2023-06-13T23:10:32.580+0000] {logging_mixin.py:149} INFO - [2023-06-13T23:10:32.580+0000] {dagbag.py:541} INFO - Filling up the DagBag from /home/airflow/.local/lib/python3.7/site-packages/airflow/example_dags/example_bash_operator.py
[2023-06-13T23:10:32.606+0000] {processor.py:836} INFO - DAG(s) dict_keys(['example_bash_operator']) retrieved from /home/airflow/.local/lib/python3.7/site-packages/airflow/example_dags/example_bash_operator.py
[2023-06-13T23:10:32.683+0000] {logging_mixin.py:149} INFO - [2023-06-13T23:10:32.682+0000] {dag.py:2726} INFO - Sync 1 DAGs
[2023-06-13T23:10:32.732+0000] {logging_mixin.py:149} INFO - [2023-06-13T23:10:32.732+0000] {dag.py:3490} INFO - Setting next_dagrun for example_bash_operator to 2023-06-12T00:00:00+00:00, run_after=2023-06-13T00:00:00+00:00
[2023-06-13T23:10:32.780+0000] {processor.py:179} INFO - Processing /home/airflow/.local/lib/python3.7/site-packages/airflow/example_dags/example_bash_operator.py took 0.210 seconds
[2023-06-13T23:11:03.318+0000] {processor.py:157} INFO - Started process (PID=8185) to work on /home/airflow/.local/lib/python3.7/site-packages/airflow/example_dags/example_bash_operator.py
[2023-06-13T23:11:03.320+0000] {processor.py:826} INFO - Processing file /home/airflow/.local/lib/python3.7/site-packages/airflow/example_dags/example_bash_operator.py for tasks to queue
[2023-06-13T23:11:03.321+0000] {logging_mixin.py:149} INFO - [2023-06-13T23:11:03.321+0000] {dagbag.py:541} INFO - Filling up the DagBag from /home/airflow/.local/lib/python3.7/site-packages/airflow/example_dags/example_bash_operator.py
[2023-06-13T23:11:03.343+0000] {processor.py:836} INFO - DAG(s) dict_keys(['example_bash_operator']) retrieved from /home/airflow/.local/lib/python3.7/site-packages/airflow/example_dags/example_bash_operator.py
[2023-06-13T23:11:03.423+0000] {logging_mixin.py:149} INFO - [2023-06-13T23:11:03.423+0000] {dag.py:2726} INFO - Sync 1 DAGs
[2023-06-13T23:11:03.478+0000] {logging_mixin.py:149} INFO - [2023-06-13T23:11:03.478+0000] {dag.py:3490} INFO - Setting next_dagrun for example_bash_operator to 2023-06-12T00:00:00+00:00, run_after=2023-06-13T00:00:00+00:00
[2023-06-13T23:11:03.521+0000] {processor.py:179} INFO - Processing /home/airflow/.local/lib/python3.7/site-packages/airflow/example_dags/example_bash_operator.py took 0.207 seconds
[2023-06-13T23:11:33.589+0000] {processor.py:157} INFO - Started process (PID=8425) to work on /home/airflow/.local/lib/python3.7/site-packages/airflow/example_dags/example_bash_operator.py
[2023-06-13T23:11:33.592+0000] {processor.py:826} INFO - Processing file /home/airflow/.local/lib/python3.7/site-packages/airflow/example_dags/example_bash_operator.py for tasks to queue
[2023-06-13T23:11:33.593+0000] {logging_mixin.py:149} INFO - [2023-06-13T23:11:33.593+0000] {dagbag.py:541} INFO - Filling up the DagBag from /home/airflow/.local/lib/python3.7/site-packages/airflow/example_dags/example_bash_operator.py
[2023-06-13T23:11:33.612+0000] {processor.py:836} INFO - DAG(s) dict_keys(['example_bash_operator']) retrieved from /home/airflow/.local/lib/python3.7/site-packages/airflow/example_dags/example_bash_operator.py
[2023-06-13T23:11:33.702+0000] {logging_mixin.py:149} INFO - [2023-06-13T23:11:33.702+0000] {dag.py:2726} INFO - Sync 1 DAGs
[2023-06-13T23:11:33.753+0000] {logging_mixin.py:149} INFO - [2023-06-13T23:11:33.753+0000] {dag.py:3490} INFO - Setting next_dagrun for example_bash_operator to 2023-06-12T00:00:00+00:00, run_after=2023-06-13T00:00:00+00:00
[2023-06-13T23:11:33.795+0000] {processor.py:179} INFO - Processing /home/airflow/.local/lib/python3.7/site-packages/airflow/example_dags/example_bash_operator.py took 0.209 seconds
[2023-06-13T23:12:04.150+0000] {processor.py:157} INFO - Started process (PID=8665) to work on /home/airflow/.local/lib/python3.7/site-packages/airflow/example_dags/example_bash_operator.py
[2023-06-13T23:12:04.156+0000] {processor.py:826} INFO - Processing file /home/airflow/.local/lib/python3.7/site-packages/airflow/example_dags/example_bash_operator.py for tasks to queue
[2023-06-13T23:12:04.157+0000] {logging_mixin.py:149} INFO - [2023-06-13T23:12:04.157+0000] {dagbag.py:541} INFO - Filling up the DagBag from /home/airflow/.local/lib/python3.7/site-packages/airflow/example_dags/example_bash_operator.py
[2023-06-13T23:12:04.179+0000] {processor.py:836} INFO - DAG(s) dict_keys(['example_bash_operator']) retrieved from /home/airflow/.local/lib/python3.7/site-packages/airflow/example_dags/example_bash_operator.py
[2023-06-13T23:12:04.273+0000] {logging_mixin.py:149} INFO - [2023-06-13T23:12:04.272+0000] {dag.py:2726} INFO - Sync 1 DAGs
[2023-06-13T23:12:04.334+0000] {logging_mixin.py:149} INFO - [2023-06-13T23:12:04.334+0000] {dag.py:3490} INFO - Setting next_dagrun for example_bash_operator to 2023-06-12T00:00:00+00:00, run_after=2023-06-13T00:00:00+00:00
[2023-06-13T23:12:04.380+0000] {processor.py:179} INFO - Processing /home/airflow/.local/lib/python3.7/site-packages/airflow/example_dags/example_bash_operator.py took 0.235 seconds
[2023-06-13T23:12:34.808+0000] {processor.py:157} INFO - Started process (PID=8903) to work on /home/airflow/.local/lib/python3.7/site-packages/airflow/example_dags/example_bash_operator.py
[2023-06-13T23:12:34.810+0000] {processor.py:826} INFO - Processing file /home/airflow/.local/lib/python3.7/site-packages/airflow/example_dags/example_bash_operator.py for tasks to queue
[2023-06-13T23:12:34.811+0000] {logging_mixin.py:149} INFO - [2023-06-13T23:12:34.811+0000] {dagbag.py:541} INFO - Filling up the DagBag from /home/airflow/.local/lib/python3.7/site-packages/airflow/example_dags/example_bash_operator.py
[2023-06-13T23:12:34.833+0000] {processor.py:836} INFO - DAG(s) dict_keys(['example_bash_operator']) retrieved from /home/airflow/.local/lib/python3.7/site-packages/airflow/example_dags/example_bash_operator.py
[2023-06-13T23:12:34.901+0000] {logging_mixin.py:149} INFO - [2023-06-13T23:12:34.901+0000] {dag.py:2726} INFO - Sync 1 DAGs
[2023-06-13T23:12:34.948+0000] {logging_mixin.py:149} INFO - [2023-06-13T23:12:34.948+0000] {dag.py:3490} INFO - Setting next_dagrun for example_bash_operator to 2023-06-12T00:00:00+00:00, run_after=2023-06-13T00:00:00+00:00
[2023-06-13T23:12:35.001+0000] {processor.py:179} INFO - Processing /home/airflow/.local/lib/python3.7/site-packages/airflow/example_dags/example_bash_operator.py took 0.197 seconds
[2023-06-13T23:13:05.238+0000] {processor.py:157} INFO - Started process (PID=9144) to work on /home/airflow/.local/lib/python3.7/site-packages/airflow/example_dags/example_bash_operator.py
[2023-06-13T23:13:05.241+0000] {processor.py:826} INFO - Processing file /home/airflow/.local/lib/python3.7/site-packages/airflow/example_dags/example_bash_operator.py for tasks to queue
[2023-06-13T23:13:05.243+0000] {logging_mixin.py:149} INFO - [2023-06-13T23:13:05.242+0000] {dagbag.py:541} INFO - Filling up the DagBag from /home/airflow/.local/lib/python3.7/site-packages/airflow/example_dags/example_bash_operator.py
[2023-06-13T23:13:05.269+0000] {processor.py:836} INFO - DAG(s) dict_keys(['example_bash_operator']) retrieved from /home/airflow/.local/lib/python3.7/site-packages/airflow/example_dags/example_bash_operator.py
[2023-06-13T23:13:05.345+0000] {logging_mixin.py:149} INFO - [2023-06-13T23:13:05.345+0000] {dag.py:2726} INFO - Sync 1 DAGs
[2023-06-13T23:13:05.386+0000] {logging_mixin.py:149} INFO - [2023-06-13T23:13:05.386+0000] {dag.py:3490} INFO - Setting next_dagrun for example_bash_operator to 2023-06-12T00:00:00+00:00, run_after=2023-06-13T00:00:00+00:00
[2023-06-13T23:13:05.432+0000] {processor.py:179} INFO - Processing /home/airflow/.local/lib/python3.7/site-packages/airflow/example_dags/example_bash_operator.py took 0.202 seconds
[2023-06-13T23:13:36.120+0000] {processor.py:157} INFO - Started process (PID=9384) to work on /home/airflow/.local/lib/python3.7/site-packages/airflow/example_dags/example_bash_operator.py
[2023-06-13T23:13:36.122+0000] {processor.py:826} INFO - Processing file /home/airflow/.local/lib/python3.7/site-packages/airflow/example_dags/example_bash_operator.py for tasks to queue
[2023-06-13T23:13:36.124+0000] {logging_mixin.py:149} INFO - [2023-06-13T23:13:36.123+0000] {dagbag.py:541} INFO - Filling up the DagBag from /home/airflow/.local/lib/python3.7/site-packages/airflow/example_dags/example_bash_operator.py
[2023-06-13T23:13:36.155+0000] {processor.py:836} INFO - DAG(s) dict_keys(['example_bash_operator']) retrieved from /home/airflow/.local/lib/python3.7/site-packages/airflow/example_dags/example_bash_operator.py
[2023-06-13T23:13:36.244+0000] {logging_mixin.py:149} INFO - [2023-06-13T23:13:36.244+0000] {dag.py:2726} INFO - Sync 1 DAGs
[2023-06-13T23:13:36.304+0000] {logging_mixin.py:149} INFO - [2023-06-13T23:13:36.304+0000] {dag.py:3490} INFO - Setting next_dagrun for example_bash_operator to 2023-06-12T00:00:00+00:00, run_after=2023-06-13T00:00:00+00:00
[2023-06-13T23:13:36.358+0000] {processor.py:179} INFO - Processing /home/airflow/.local/lib/python3.7/site-packages/airflow/example_dags/example_bash_operator.py took 0.243 seconds
[2023-06-13T23:14:06.714+0000] {processor.py:157} INFO - Started process (PID=9624) to work on /home/airflow/.local/lib/python3.7/site-packages/airflow/example_dags/example_bash_operator.py
[2023-06-13T23:14:06.716+0000] {processor.py:826} INFO - Processing file /home/airflow/.local/lib/python3.7/site-packages/airflow/example_dags/example_bash_operator.py for tasks to queue
[2023-06-13T23:14:06.717+0000] {logging_mixin.py:149} INFO - [2023-06-13T23:14:06.717+0000] {dagbag.py:541} INFO - Filling up the DagBag from /home/airflow/.local/lib/python3.7/site-packages/airflow/example_dags/example_bash_operator.py
[2023-06-13T23:14:06.737+0000] {processor.py:836} INFO - DAG(s) dict_keys(['example_bash_operator']) retrieved from /home/airflow/.local/lib/python3.7/site-packages/airflow/example_dags/example_bash_operator.py
[2023-06-13T23:14:06.806+0000] {logging_mixin.py:149} INFO - [2023-06-13T23:14:06.805+0000] {dag.py:2726} INFO - Sync 1 DAGs
[2023-06-13T23:14:06.851+0000] {logging_mixin.py:149} INFO - [2023-06-13T23:14:06.851+0000] {dag.py:3490} INFO - Setting next_dagrun for example_bash_operator to 2023-06-12T00:00:00+00:00, run_after=2023-06-13T00:00:00+00:00
[2023-06-13T23:14:06.898+0000] {processor.py:179} INFO - Processing /home/airflow/.local/lib/python3.7/site-packages/airflow/example_dags/example_bash_operator.py took 0.189 seconds
[2023-06-13T23:14:37.277+0000] {processor.py:157} INFO - Started process (PID=9861) to work on /home/airflow/.local/lib/python3.7/site-packages/airflow/example_dags/example_bash_operator.py
[2023-06-13T23:14:37.279+0000] {processor.py:826} INFO - Processing file /home/airflow/.local/lib/python3.7/site-packages/airflow/example_dags/example_bash_operator.py for tasks to queue
[2023-06-13T23:14:37.280+0000] {logging_mixin.py:149} INFO - [2023-06-13T23:14:37.279+0000] {dagbag.py:541} INFO - Filling up the DagBag from /home/airflow/.local/lib/python3.7/site-packages/airflow/example_dags/example_bash_operator.py
[2023-06-13T23:14:37.307+0000] {processor.py:836} INFO - DAG(s) dict_keys(['example_bash_operator']) retrieved from /home/airflow/.local/lib/python3.7/site-packages/airflow/example_dags/example_bash_operator.py
[2023-06-13T23:14:37.394+0000] {logging_mixin.py:149} INFO - [2023-06-13T23:14:37.393+0000] {dag.py:2726} INFO - Sync 1 DAGs
[2023-06-13T23:14:37.449+0000] {logging_mixin.py:149} INFO - [2023-06-13T23:14:37.449+0000] {dag.py:3490} INFO - Setting next_dagrun for example_bash_operator to 2023-06-12T00:00:00+00:00, run_after=2023-06-13T00:00:00+00:00
[2023-06-13T23:14:37.503+0000] {processor.py:179} INFO - Processing /home/airflow/.local/lib/python3.7/site-packages/airflow/example_dags/example_bash_operator.py took 0.232 seconds
[2023-06-13T23:15:08.153+0000] {processor.py:157} INFO - Started process (PID=10102) to work on /home/airflow/.local/lib/python3.7/site-packages/airflow/example_dags/example_bash_operator.py
[2023-06-13T23:15:08.155+0000] {processor.py:826} INFO - Processing file /home/airflow/.local/lib/python3.7/site-packages/airflow/example_dags/example_bash_operator.py for tasks to queue
[2023-06-13T23:15:08.157+0000] {logging_mixin.py:149} INFO - [2023-06-13T23:15:08.156+0000] {dagbag.py:541} INFO - Filling up the DagBag from /home/airflow/.local/lib/python3.7/site-packages/airflow/example_dags/example_bash_operator.py
[2023-06-13T23:15:08.183+0000] {processor.py:836} INFO - DAG(s) dict_keys(['example_bash_operator']) retrieved from /home/airflow/.local/lib/python3.7/site-packages/airflow/example_dags/example_bash_operator.py
[2023-06-13T23:15:08.250+0000] {logging_mixin.py:149} INFO - [2023-06-13T23:15:08.250+0000] {dag.py:2726} INFO - Sync 1 DAGs
[2023-06-13T23:15:08.299+0000] {logging_mixin.py:149} INFO - [2023-06-13T23:15:08.299+0000] {dag.py:3490} INFO - Setting next_dagrun for example_bash_operator to 2023-06-12T00:00:00+00:00, run_after=2023-06-13T00:00:00+00:00
[2023-06-13T23:15:08.351+0000] {processor.py:179} INFO - Processing /home/airflow/.local/lib/python3.7/site-packages/airflow/example_dags/example_bash_operator.py took 0.204 seconds
[2023-06-13T23:15:38.704+0000] {processor.py:157} INFO - Started process (PID=10329) to work on /home/airflow/.local/lib/python3.7/site-packages/airflow/example_dags/example_bash_operator.py
[2023-06-13T23:15:38.707+0000] {processor.py:826} INFO - Processing file /home/airflow/.local/lib/python3.7/site-packages/airflow/example_dags/example_bash_operator.py for tasks to queue
[2023-06-13T23:15:38.709+0000] {logging_mixin.py:149} INFO - [2023-06-13T23:15:38.709+0000] {dagbag.py:541} INFO - Filling up the DagBag from /home/airflow/.local/lib/python3.7/site-packages/airflow/example_dags/example_bash_operator.py
[2023-06-13T23:15:38.729+0000] {processor.py:836} INFO - DAG(s) dict_keys(['example_bash_operator']) retrieved from /home/airflow/.local/lib/python3.7/site-packages/airflow/example_dags/example_bash_operator.py
[2023-06-13T23:15:38.833+0000] {logging_mixin.py:149} INFO - [2023-06-13T23:15:38.832+0000] {dag.py:2726} INFO - Sync 1 DAGs
[2023-06-13T23:15:38.880+0000] {logging_mixin.py:149} INFO - [2023-06-13T23:15:38.879+0000] {dag.py:3490} INFO - Setting next_dagrun for example_bash_operator to 2023-06-12T00:00:00+00:00, run_after=2023-06-13T00:00:00+00:00
[2023-06-13T23:15:38.932+0000] {processor.py:179} INFO - Processing /home/airflow/.local/lib/python3.7/site-packages/airflow/example_dags/example_bash_operator.py took 0.231 seconds
[2023-06-13T23:16:09.310+0000] {processor.py:157} INFO - Started process (PID=10569) to work on /home/airflow/.local/lib/python3.7/site-packages/airflow/example_dags/example_bash_operator.py
[2023-06-13T23:16:09.312+0000] {processor.py:826} INFO - Processing file /home/airflow/.local/lib/python3.7/site-packages/airflow/example_dags/example_bash_operator.py for tasks to queue
[2023-06-13T23:16:09.313+0000] {logging_mixin.py:149} INFO - [2023-06-13T23:16:09.313+0000] {dagbag.py:541} INFO - Filling up the DagBag from /home/airflow/.local/lib/python3.7/site-packages/airflow/example_dags/example_bash_operator.py
[2023-06-13T23:16:09.335+0000] {processor.py:836} INFO - DAG(s) dict_keys(['example_bash_operator']) retrieved from /home/airflow/.local/lib/python3.7/site-packages/airflow/example_dags/example_bash_operator.py
[2023-06-13T23:16:09.416+0000] {logging_mixin.py:149} INFO - [2023-06-13T23:16:09.415+0000] {dag.py:2726} INFO - Sync 1 DAGs
[2023-06-13T23:16:09.477+0000] {logging_mixin.py:149} INFO - [2023-06-13T23:16:09.477+0000] {dag.py:3490} INFO - Setting next_dagrun for example_bash_operator to 2023-06-12T00:00:00+00:00, run_after=2023-06-13T00:00:00+00:00
[2023-06-13T23:16:09.523+0000] {processor.py:179} INFO - Processing /home/airflow/.local/lib/python3.7/site-packages/airflow/example_dags/example_bash_operator.py took 0.218 seconds
[2023-06-13T23:16:39.605+0000] {processor.py:157} INFO - Started process (PID=10809) to work on /home/airflow/.local/lib/python3.7/site-packages/airflow/example_dags/example_bash_operator.py
[2023-06-13T23:16:39.608+0000] {processor.py:826} INFO - Processing file /home/airflow/.local/lib/python3.7/site-packages/airflow/example_dags/example_bash_operator.py for tasks to queue
[2023-06-13T23:16:39.610+0000] {logging_mixin.py:149} INFO - [2023-06-13T23:16:39.610+0000] {dagbag.py:541} INFO - Filling up the DagBag from /home/airflow/.local/lib/python3.7/site-packages/airflow/example_dags/example_bash_operator.py
[2023-06-13T23:16:39.631+0000] {processor.py:836} INFO - DAG(s) dict_keys(['example_bash_operator']) retrieved from /home/airflow/.local/lib/python3.7/site-packages/airflow/example_dags/example_bash_operator.py
[2023-06-13T23:16:39.696+0000] {logging_mixin.py:149} INFO - [2023-06-13T23:16:39.695+0000] {dag.py:2726} INFO - Sync 1 DAGs
[2023-06-13T23:16:39.747+0000] {logging_mixin.py:149} INFO - [2023-06-13T23:16:39.747+0000] {dag.py:3490} INFO - Setting next_dagrun for example_bash_operator to 2023-06-12T00:00:00+00:00, run_after=2023-06-13T00:00:00+00:00
[2023-06-13T23:16:39.800+0000] {processor.py:179} INFO - Processing /home/airflow/.local/lib/python3.7/site-packages/airflow/example_dags/example_bash_operator.py took 0.201 seconds
[2023-06-13T23:17:10.893+0000] {processor.py:157} INFO - Started process (PID=11048) to work on /home/airflow/.local/lib/python3.7/site-packages/airflow/example_dags/example_bash_operator.py
[2023-06-13T23:17:10.895+0000] {processor.py:826} INFO - Processing file /home/airflow/.local/lib/python3.7/site-packages/airflow/example_dags/example_bash_operator.py for tasks to queue
[2023-06-13T23:17:10.896+0000] {logging_mixin.py:149} INFO - [2023-06-13T23:17:10.896+0000] {dagbag.py:541} INFO - Filling up the DagBag from /home/airflow/.local/lib/python3.7/site-packages/airflow/example_dags/example_bash_operator.py
[2023-06-13T23:17:10.928+0000] {processor.py:836} INFO - DAG(s) dict_keys(['example_bash_operator']) retrieved from /home/airflow/.local/lib/python3.7/site-packages/airflow/example_dags/example_bash_operator.py
[2023-06-13T23:17:11.006+0000] {logging_mixin.py:149} INFO - [2023-06-13T23:17:11.006+0000] {dag.py:2726} INFO - Sync 1 DAGs
[2023-06-13T23:17:11.058+0000] {logging_mixin.py:149} INFO - [2023-06-13T23:17:11.058+0000] {dag.py:3490} INFO - Setting next_dagrun for example_bash_operator to 2023-06-12T00:00:00+00:00, run_after=2023-06-13T00:00:00+00:00
[2023-06-13T23:17:11.112+0000] {processor.py:179} INFO - Processing /home/airflow/.local/lib/python3.7/site-packages/airflow/example_dags/example_bash_operator.py took 0.226 seconds
[2023-06-13T23:17:41.528+0000] {processor.py:157} INFO - Started process (PID=11290) to work on /home/airflow/.local/lib/python3.7/site-packages/airflow/example_dags/example_bash_operator.py
[2023-06-13T23:17:41.532+0000] {processor.py:826} INFO - Processing file /home/airflow/.local/lib/python3.7/site-packages/airflow/example_dags/example_bash_operator.py for tasks to queue
[2023-06-13T23:17:41.534+0000] {logging_mixin.py:149} INFO - [2023-06-13T23:17:41.534+0000] {dagbag.py:541} INFO - Filling up the DagBag from /home/airflow/.local/lib/python3.7/site-packages/airflow/example_dags/example_bash_operator.py
[2023-06-13T23:17:41.562+0000] {processor.py:836} INFO - DAG(s) dict_keys(['example_bash_operator']) retrieved from /home/airflow/.local/lib/python3.7/site-packages/airflow/example_dags/example_bash_operator.py
[2023-06-13T23:17:41.638+0000] {logging_mixin.py:149} INFO - [2023-06-13T23:17:41.637+0000] {dag.py:2726} INFO - Sync 1 DAGs
[2023-06-13T23:17:41.698+0000] {logging_mixin.py:149} INFO - [2023-06-13T23:17:41.698+0000] {dag.py:3490} INFO - Setting next_dagrun for example_bash_operator to 2023-06-12T00:00:00+00:00, run_after=2023-06-13T00:00:00+00:00
[2023-06-13T23:17:41.758+0000] {processor.py:179} INFO - Processing /home/airflow/.local/lib/python3.7/site-packages/airflow/example_dags/example_bash_operator.py took 0.236 seconds
[2023-06-13T23:18:12.039+0000] {processor.py:157} INFO - Started process (PID=11530) to work on /home/airflow/.local/lib/python3.7/site-packages/airflow/example_dags/example_bash_operator.py
[2023-06-13T23:18:12.041+0000] {processor.py:826} INFO - Processing file /home/airflow/.local/lib/python3.7/site-packages/airflow/example_dags/example_bash_operator.py for tasks to queue
[2023-06-13T23:18:12.043+0000] {logging_mixin.py:149} INFO - [2023-06-13T23:18:12.042+0000] {dagbag.py:541} INFO - Filling up the DagBag from /home/airflow/.local/lib/python3.7/site-packages/airflow/example_dags/example_bash_operator.py
[2023-06-13T23:18:12.066+0000] {processor.py:836} INFO - DAG(s) dict_keys(['example_bash_operator']) retrieved from /home/airflow/.local/lib/python3.7/site-packages/airflow/example_dags/example_bash_operator.py
[2023-06-13T23:18:12.142+0000] {logging_mixin.py:149} INFO - [2023-06-13T23:18:12.142+0000] {dag.py:2726} INFO - Sync 1 DAGs
[2023-06-13T23:18:12.201+0000] {logging_mixin.py:149} INFO - [2023-06-13T23:18:12.201+0000] {dag.py:3490} INFO - Setting next_dagrun for example_bash_operator to 2023-06-12T00:00:00+00:00, run_after=2023-06-13T00:00:00+00:00
[2023-06-13T23:18:12.252+0000] {processor.py:179} INFO - Processing /home/airflow/.local/lib/python3.7/site-packages/airflow/example_dags/example_bash_operator.py took 0.220 seconds
[2023-06-13T23:18:42.531+0000] {processor.py:157} INFO - Started process (PID=11768) to work on /home/airflow/.local/lib/python3.7/site-packages/airflow/example_dags/example_bash_operator.py
[2023-06-13T23:18:42.533+0000] {processor.py:826} INFO - Processing file /home/airflow/.local/lib/python3.7/site-packages/airflow/example_dags/example_bash_operator.py for tasks to queue
[2023-06-13T23:18:42.534+0000] {logging_mixin.py:149} INFO - [2023-06-13T23:18:42.534+0000] {dagbag.py:541} INFO - Filling up the DagBag from /home/airflow/.local/lib/python3.7/site-packages/airflow/example_dags/example_bash_operator.py
[2023-06-13T23:18:42.570+0000] {processor.py:836} INFO - DAG(s) dict_keys(['example_bash_operator']) retrieved from /home/airflow/.local/lib/python3.7/site-packages/airflow/example_dags/example_bash_operator.py
[2023-06-13T23:18:42.636+0000] {logging_mixin.py:149} INFO - [2023-06-13T23:18:42.636+0000] {dag.py:2726} INFO - Sync 1 DAGs
[2023-06-13T23:18:42.684+0000] {logging_mixin.py:149} INFO - [2023-06-13T23:18:42.683+0000] {dag.py:3490} INFO - Setting next_dagrun for example_bash_operator to 2023-06-12T00:00:00+00:00, run_after=2023-06-13T00:00:00+00:00
[2023-06-13T23:18:42.738+0000] {processor.py:179} INFO - Processing /home/airflow/.local/lib/python3.7/site-packages/airflow/example_dags/example_bash_operator.py took 0.217 seconds
[2023-06-13T23:19:12.903+0000] {processor.py:157} INFO - Started process (PID=12008) to work on /home/airflow/.local/lib/python3.7/site-packages/airflow/example_dags/example_bash_operator.py
[2023-06-13T23:19:12.906+0000] {processor.py:826} INFO - Processing file /home/airflow/.local/lib/python3.7/site-packages/airflow/example_dags/example_bash_operator.py for tasks to queue
[2023-06-13T23:19:12.907+0000] {logging_mixin.py:149} INFO - [2023-06-13T23:19:12.907+0000] {dagbag.py:541} INFO - Filling up the DagBag from /home/airflow/.local/lib/python3.7/site-packages/airflow/example_dags/example_bash_operator.py
[2023-06-13T23:19:12.937+0000] {processor.py:836} INFO - DAG(s) dict_keys(['example_bash_operator']) retrieved from /home/airflow/.local/lib/python3.7/site-packages/airflow/example_dags/example_bash_operator.py
[2023-06-13T23:19:13.036+0000] {logging_mixin.py:149} INFO - [2023-06-13T23:19:13.035+0000] {dag.py:2726} INFO - Sync 1 DAGs
[2023-06-13T23:19:13.109+0000] {logging_mixin.py:149} INFO - [2023-06-13T23:19:13.109+0000] {dag.py:3490} INFO - Setting next_dagrun for example_bash_operator to 2023-06-12T00:00:00+00:00, run_after=2023-06-13T00:00:00+00:00
[2023-06-13T23:19:13.175+0000] {processor.py:179} INFO - Processing /home/airflow/.local/lib/python3.7/site-packages/airflow/example_dags/example_bash_operator.py took 0.278 seconds
[2023-06-13T23:19:43.953+0000] {processor.py:157} INFO - Started process (PID=12248) to work on /home/airflow/.local/lib/python3.7/site-packages/airflow/example_dags/example_bash_operator.py
[2023-06-13T23:19:43.955+0000] {processor.py:826} INFO - Processing file /home/airflow/.local/lib/python3.7/site-packages/airflow/example_dags/example_bash_operator.py for tasks to queue
[2023-06-13T23:19:43.957+0000] {logging_mixin.py:149} INFO - [2023-06-13T23:19:43.956+0000] {dagbag.py:541} INFO - Filling up the DagBag from /home/airflow/.local/lib/python3.7/site-packages/airflow/example_dags/example_bash_operator.py
[2023-06-13T23:19:43.984+0000] {processor.py:836} INFO - DAG(s) dict_keys(['example_bash_operator']) retrieved from /home/airflow/.local/lib/python3.7/site-packages/airflow/example_dags/example_bash_operator.py
[2023-06-13T23:19:44.060+0000] {logging_mixin.py:149} INFO - [2023-06-13T23:19:44.060+0000] {dag.py:2726} INFO - Sync 1 DAGs
[2023-06-13T23:19:44.130+0000] {logging_mixin.py:149} INFO - [2023-06-13T23:19:44.130+0000] {dag.py:3490} INFO - Setting next_dagrun for example_bash_operator to 2023-06-12T00:00:00+00:00, run_after=2023-06-13T00:00:00+00:00
[2023-06-13T23:19:44.202+0000] {processor.py:179} INFO - Processing /home/airflow/.local/lib/python3.7/site-packages/airflow/example_dags/example_bash_operator.py took 0.255 seconds
[2023-06-13T23:20:14.974+0000] {processor.py:157} INFO - Started process (PID=12488) to work on /home/airflow/.local/lib/python3.7/site-packages/airflow/example_dags/example_bash_operator.py
[2023-06-13T23:20:14.977+0000] {processor.py:826} INFO - Processing file /home/airflow/.local/lib/python3.7/site-packages/airflow/example_dags/example_bash_operator.py for tasks to queue
[2023-06-13T23:20:14.978+0000] {logging_mixin.py:149} INFO - [2023-06-13T23:20:14.978+0000] {dagbag.py:541} INFO - Filling up the DagBag from /home/airflow/.local/lib/python3.7/site-packages/airflow/example_dags/example_bash_operator.py
[2023-06-13T23:20:15.015+0000] {processor.py:836} INFO - DAG(s) dict_keys(['example_bash_operator']) retrieved from /home/airflow/.local/lib/python3.7/site-packages/airflow/example_dags/example_bash_operator.py
[2023-06-13T23:20:15.107+0000] {logging_mixin.py:149} INFO - [2023-06-13T23:20:15.107+0000] {dag.py:2726} INFO - Sync 1 DAGs
[2023-06-13T23:20:15.165+0000] {logging_mixin.py:149} INFO - [2023-06-13T23:20:15.164+0000] {dag.py:3490} INFO - Setting next_dagrun for example_bash_operator to 2023-06-12T00:00:00+00:00, run_after=2023-06-13T00:00:00+00:00
[2023-06-13T23:20:15.229+0000] {processor.py:179} INFO - Processing /home/airflow/.local/lib/python3.7/site-packages/airflow/example_dags/example_bash_operator.py took 0.262 seconds
[2023-06-13T23:20:45.657+0000] {processor.py:157} INFO - Started process (PID=12730) to work on /home/airflow/.local/lib/python3.7/site-packages/airflow/example_dags/example_bash_operator.py
[2023-06-13T23:20:45.659+0000] {processor.py:826} INFO - Processing file /home/airflow/.local/lib/python3.7/site-packages/airflow/example_dags/example_bash_operator.py for tasks to queue
[2023-06-13T23:20:45.661+0000] {logging_mixin.py:149} INFO - [2023-06-13T23:20:45.660+0000] {dagbag.py:541} INFO - Filling up the DagBag from /home/airflow/.local/lib/python3.7/site-packages/airflow/example_dags/example_bash_operator.py
[2023-06-13T23:20:45.694+0000] {processor.py:836} INFO - DAG(s) dict_keys(['example_bash_operator']) retrieved from /home/airflow/.local/lib/python3.7/site-packages/airflow/example_dags/example_bash_operator.py
[2023-06-13T23:20:45.803+0000] {logging_mixin.py:149} INFO - [2023-06-13T23:20:45.802+0000] {dag.py:2726} INFO - Sync 1 DAGs
[2023-06-13T23:20:45.875+0000] {logging_mixin.py:149} INFO - [2023-06-13T23:20:45.874+0000] {dag.py:3490} INFO - Setting next_dagrun for example_bash_operator to 2023-06-12T00:00:00+00:00, run_after=2023-06-13T00:00:00+00:00
[2023-06-13T23:20:45.966+0000] {processor.py:179} INFO - Processing /home/airflow/.local/lib/python3.7/site-packages/airflow/example_dags/example_bash_operator.py took 0.313 seconds
[2023-06-13T23:21:16.144+0000] {processor.py:157} INFO - Started process (PID=12969) to work on /home/airflow/.local/lib/python3.7/site-packages/airflow/example_dags/example_bash_operator.py
[2023-06-13T23:21:16.147+0000] {processor.py:826} INFO - Processing file /home/airflow/.local/lib/python3.7/site-packages/airflow/example_dags/example_bash_operator.py for tasks to queue
[2023-06-13T23:21:16.149+0000] {logging_mixin.py:149} INFO - [2023-06-13T23:21:16.149+0000] {dagbag.py:541} INFO - Filling up the DagBag from /home/airflow/.local/lib/python3.7/site-packages/airflow/example_dags/example_bash_operator.py
[2023-06-13T23:21:16.179+0000] {processor.py:836} INFO - DAG(s) dict_keys(['example_bash_operator']) retrieved from /home/airflow/.local/lib/python3.7/site-packages/airflow/example_dags/example_bash_operator.py
[2023-06-13T23:21:16.319+0000] {logging_mixin.py:149} INFO - [2023-06-13T23:21:16.319+0000] {dag.py:2726} INFO - Sync 1 DAGs
[2023-06-13T23:21:16.398+0000] {logging_mixin.py:149} INFO - [2023-06-13T23:21:16.397+0000] {dag.py:3490} INFO - Setting next_dagrun for example_bash_operator to 2023-06-12T00:00:00+00:00, run_after=2023-06-13T00:00:00+00:00
[2023-06-13T23:21:16.478+0000] {processor.py:179} INFO - Processing /home/airflow/.local/lib/python3.7/site-packages/airflow/example_dags/example_bash_operator.py took 0.341 seconds
[2023-06-13T23:21:47.237+0000] {processor.py:157} INFO - Started process (PID=13208) to work on /home/airflow/.local/lib/python3.7/site-packages/airflow/example_dags/example_bash_operator.py
[2023-06-13T23:21:47.239+0000] {processor.py:826} INFO - Processing file /home/airflow/.local/lib/python3.7/site-packages/airflow/example_dags/example_bash_operator.py for tasks to queue
[2023-06-13T23:21:47.240+0000] {logging_mixin.py:149} INFO - [2023-06-13T23:21:47.240+0000] {dagbag.py:541} INFO - Filling up the DagBag from /home/airflow/.local/lib/python3.7/site-packages/airflow/example_dags/example_bash_operator.py
[2023-06-13T23:21:47.276+0000] {processor.py:836} INFO - DAG(s) dict_keys(['example_bash_operator']) retrieved from /home/airflow/.local/lib/python3.7/site-packages/airflow/example_dags/example_bash_operator.py
[2023-06-13T23:21:47.359+0000] {logging_mixin.py:149} INFO - [2023-06-13T23:21:47.358+0000] {dag.py:2726} INFO - Sync 1 DAGs
[2023-06-13T23:21:47.428+0000] {logging_mixin.py:149} INFO - [2023-06-13T23:21:47.427+0000] {dag.py:3490} INFO - Setting next_dagrun for example_bash_operator to 2023-06-12T00:00:00+00:00, run_after=2023-06-13T00:00:00+00:00
[2023-06-13T23:21:47.489+0000] {processor.py:179} INFO - Processing /home/airflow/.local/lib/python3.7/site-packages/airflow/example_dags/example_bash_operator.py took 0.262 seconds
[2023-06-13T23:22:17.539+0000] {processor.py:157} INFO - Started process (PID=13448) to work on /home/airflow/.local/lib/python3.7/site-packages/airflow/example_dags/example_bash_operator.py
[2023-06-13T23:22:17.541+0000] {processor.py:826} INFO - Processing file /home/airflow/.local/lib/python3.7/site-packages/airflow/example_dags/example_bash_operator.py for tasks to queue
[2023-06-13T23:22:17.542+0000] {logging_mixin.py:149} INFO - [2023-06-13T23:22:17.542+0000] {dagbag.py:541} INFO - Filling up the DagBag from /home/airflow/.local/lib/python3.7/site-packages/airflow/example_dags/example_bash_operator.py
[2023-06-13T23:22:17.561+0000] {processor.py:836} INFO - DAG(s) dict_keys(['example_bash_operator']) retrieved from /home/airflow/.local/lib/python3.7/site-packages/airflow/example_dags/example_bash_operator.py
[2023-06-13T23:22:17.616+0000] {logging_mixin.py:149} INFO - [2023-06-13T23:22:17.616+0000] {dag.py:2726} INFO - Sync 1 DAGs
[2023-06-13T23:22:17.659+0000] {logging_mixin.py:149} INFO - [2023-06-13T23:22:17.659+0000] {dag.py:3490} INFO - Setting next_dagrun for example_bash_operator to 2023-06-12T00:00:00+00:00, run_after=2023-06-13T00:00:00+00:00
[2023-06-13T23:22:17.704+0000] {processor.py:179} INFO - Processing /home/airflow/.local/lib/python3.7/site-packages/airflow/example_dags/example_bash_operator.py took 0.169 seconds
[2023-06-13T23:22:47.831+0000] {processor.py:157} INFO - Started process (PID=13688) to work on /home/airflow/.local/lib/python3.7/site-packages/airflow/example_dags/example_bash_operator.py
[2023-06-13T23:22:47.832+0000] {processor.py:826} INFO - Processing file /home/airflow/.local/lib/python3.7/site-packages/airflow/example_dags/example_bash_operator.py for tasks to queue
[2023-06-13T23:22:47.833+0000] {logging_mixin.py:149} INFO - [2023-06-13T23:22:47.833+0000] {dagbag.py:541} INFO - Filling up the DagBag from /home/airflow/.local/lib/python3.7/site-packages/airflow/example_dags/example_bash_operator.py
[2023-06-13T23:22:47.854+0000] {processor.py:836} INFO - DAG(s) dict_keys(['example_bash_operator']) retrieved from /home/airflow/.local/lib/python3.7/site-packages/airflow/example_dags/example_bash_operator.py
[2023-06-13T23:22:47.915+0000] {logging_mixin.py:149} INFO - [2023-06-13T23:22:47.915+0000] {dag.py:2726} INFO - Sync 1 DAGs
[2023-06-13T23:22:47.968+0000] {logging_mixin.py:149} INFO - [2023-06-13T23:22:47.967+0000] {dag.py:3490} INFO - Setting next_dagrun for example_bash_operator to 2023-06-12T00:00:00+00:00, run_after=2023-06-13T00:00:00+00:00
[2023-06-13T23:22:48.020+0000] {processor.py:179} INFO - Processing /home/airflow/.local/lib/python3.7/site-packages/airflow/example_dags/example_bash_operator.py took 0.195 seconds
[2023-06-13T23:23:18.123+0000] {processor.py:157} INFO - Started process (PID=13928) to work on /home/airflow/.local/lib/python3.7/site-packages/airflow/example_dags/example_bash_operator.py
[2023-06-13T23:23:18.124+0000] {processor.py:826} INFO - Processing file /home/airflow/.local/lib/python3.7/site-packages/airflow/example_dags/example_bash_operator.py for tasks to queue
[2023-06-13T23:23:18.125+0000] {logging_mixin.py:149} INFO - [2023-06-13T23:23:18.125+0000] {dagbag.py:541} INFO - Filling up the DagBag from /home/airflow/.local/lib/python3.7/site-packages/airflow/example_dags/example_bash_operator.py
[2023-06-13T23:23:18.153+0000] {processor.py:836} INFO - DAG(s) dict_keys(['example_bash_operator']) retrieved from /home/airflow/.local/lib/python3.7/site-packages/airflow/example_dags/example_bash_operator.py
[2023-06-13T23:23:18.212+0000] {logging_mixin.py:149} INFO - [2023-06-13T23:23:18.212+0000] {dag.py:2726} INFO - Sync 1 DAGs
[2023-06-13T23:23:18.253+0000] {logging_mixin.py:149} INFO - [2023-06-13T23:23:18.253+0000] {dag.py:3490} INFO - Setting next_dagrun for example_bash_operator to 2023-06-12T00:00:00+00:00, run_after=2023-06-13T00:00:00+00:00
[2023-06-13T23:23:18.293+0000] {processor.py:179} INFO - Processing /home/airflow/.local/lib/python3.7/site-packages/airflow/example_dags/example_bash_operator.py took 0.175 seconds
[2023-06-13T23:23:48.505+0000] {processor.py:157} INFO - Started process (PID=14168) to work on /home/airflow/.local/lib/python3.7/site-packages/airflow/example_dags/example_bash_operator.py
[2023-06-13T23:23:48.506+0000] {processor.py:826} INFO - Processing file /home/airflow/.local/lib/python3.7/site-packages/airflow/example_dags/example_bash_operator.py for tasks to queue
[2023-06-13T23:23:48.507+0000] {logging_mixin.py:149} INFO - [2023-06-13T23:23:48.507+0000] {dagbag.py:541} INFO - Filling up the DagBag from /home/airflow/.local/lib/python3.7/site-packages/airflow/example_dags/example_bash_operator.py
[2023-06-13T23:23:48.531+0000] {processor.py:836} INFO - DAG(s) dict_keys(['example_bash_operator']) retrieved from /home/airflow/.local/lib/python3.7/site-packages/airflow/example_dags/example_bash_operator.py
[2023-06-13T23:23:48.610+0000] {logging_mixin.py:149} INFO - [2023-06-13T23:23:48.609+0000] {dag.py:2726} INFO - Sync 1 DAGs
[2023-06-13T23:23:48.661+0000] {logging_mixin.py:149} INFO - [2023-06-13T23:23:48.661+0000] {dag.py:3490} INFO - Setting next_dagrun for example_bash_operator to 2023-06-12T00:00:00+00:00, run_after=2023-06-13T00:00:00+00:00
[2023-06-13T23:23:48.706+0000] {processor.py:179} INFO - Processing /home/airflow/.local/lib/python3.7/site-packages/airflow/example_dags/example_bash_operator.py took 0.206 seconds
[2023-06-13T23:24:19.523+0000] {processor.py:157} INFO - Started process (PID=14408) to work on /home/airflow/.local/lib/python3.7/site-packages/airflow/example_dags/example_bash_operator.py
[2023-06-13T23:24:19.525+0000] {processor.py:826} INFO - Processing file /home/airflow/.local/lib/python3.7/site-packages/airflow/example_dags/example_bash_operator.py for tasks to queue
[2023-06-13T23:24:19.527+0000] {logging_mixin.py:149} INFO - [2023-06-13T23:24:19.526+0000] {dagbag.py:541} INFO - Filling up the DagBag from /home/airflow/.local/lib/python3.7/site-packages/airflow/example_dags/example_bash_operator.py
[2023-06-13T23:24:19.554+0000] {processor.py:836} INFO - DAG(s) dict_keys(['example_bash_operator']) retrieved from /home/airflow/.local/lib/python3.7/site-packages/airflow/example_dags/example_bash_operator.py
[2023-06-13T23:24:19.637+0000] {logging_mixin.py:149} INFO - [2023-06-13T23:24:19.637+0000] {dag.py:2726} INFO - Sync 1 DAGs
[2023-06-13T23:24:19.693+0000] {logging_mixin.py:149} INFO - [2023-06-13T23:24:19.693+0000] {dag.py:3490} INFO - Setting next_dagrun for example_bash_operator to 2023-06-12T00:00:00+00:00, run_after=2023-06-13T00:00:00+00:00
[2023-06-13T23:24:19.758+0000] {processor.py:179} INFO - Processing /home/airflow/.local/lib/python3.7/site-packages/airflow/example_dags/example_bash_operator.py took 0.241 seconds
[2023-06-13T23:24:50.145+0000] {processor.py:157} INFO - Started process (PID=14646) to work on /home/airflow/.local/lib/python3.7/site-packages/airflow/example_dags/example_bash_operator.py
[2023-06-13T23:24:50.147+0000] {processor.py:826} INFO - Processing file /home/airflow/.local/lib/python3.7/site-packages/airflow/example_dags/example_bash_operator.py for tasks to queue
[2023-06-13T23:24:50.148+0000] {logging_mixin.py:149} INFO - [2023-06-13T23:24:50.148+0000] {dagbag.py:541} INFO - Filling up the DagBag from /home/airflow/.local/lib/python3.7/site-packages/airflow/example_dags/example_bash_operator.py
[2023-06-13T23:24:50.177+0000] {processor.py:836} INFO - DAG(s) dict_keys(['example_bash_operator']) retrieved from /home/airflow/.local/lib/python3.7/site-packages/airflow/example_dags/example_bash_operator.py
[2023-06-13T23:24:50.278+0000] {logging_mixin.py:149} INFO - [2023-06-13T23:24:50.277+0000] {dag.py:2726} INFO - Sync 1 DAGs
[2023-06-13T23:24:50.322+0000] {logging_mixin.py:149} INFO - [2023-06-13T23:24:50.322+0000] {dag.py:3490} INFO - Setting next_dagrun for example_bash_operator to 2023-06-12T00:00:00+00:00, run_after=2023-06-13T00:00:00+00:00
[2023-06-13T23:24:50.376+0000] {processor.py:179} INFO - Processing /home/airflow/.local/lib/python3.7/site-packages/airflow/example_dags/example_bash_operator.py took 0.238 seconds
[2023-06-13T23:25:20.621+0000] {processor.py:157} INFO - Started process (PID=14888) to work on /home/airflow/.local/lib/python3.7/site-packages/airflow/example_dags/example_bash_operator.py
[2023-06-13T23:25:20.625+0000] {processor.py:826} INFO - Processing file /home/airflow/.local/lib/python3.7/site-packages/airflow/example_dags/example_bash_operator.py for tasks to queue
[2023-06-13T23:25:20.627+0000] {logging_mixin.py:149} INFO - [2023-06-13T23:25:20.626+0000] {dagbag.py:541} INFO - Filling up the DagBag from /home/airflow/.local/lib/python3.7/site-packages/airflow/example_dags/example_bash_operator.py
[2023-06-13T23:25:20.652+0000] {processor.py:836} INFO - DAG(s) dict_keys(['example_bash_operator']) retrieved from /home/airflow/.local/lib/python3.7/site-packages/airflow/example_dags/example_bash_operator.py
[2023-06-13T23:25:20.735+0000] {logging_mixin.py:149} INFO - [2023-06-13T23:25:20.735+0000] {dag.py:2726} INFO - Sync 1 DAGs
[2023-06-13T23:25:20.781+0000] {logging_mixin.py:149} INFO - [2023-06-13T23:25:20.781+0000] {dag.py:3490} INFO - Setting next_dagrun for example_bash_operator to 2023-06-12T00:00:00+00:00, run_after=2023-06-13T00:00:00+00:00
[2023-06-13T23:25:20.833+0000] {processor.py:179} INFO - Processing /home/airflow/.local/lib/python3.7/site-packages/airflow/example_dags/example_bash_operator.py took 0.217 seconds
[2023-06-13T23:25:51.508+0000] {processor.py:157} INFO - Started process (PID=15127) to work on /home/airflow/.local/lib/python3.7/site-packages/airflow/example_dags/example_bash_operator.py
[2023-06-13T23:25:51.515+0000] {processor.py:826} INFO - Processing file /home/airflow/.local/lib/python3.7/site-packages/airflow/example_dags/example_bash_operator.py for tasks to queue
[2023-06-13T23:25:51.517+0000] {logging_mixin.py:149} INFO - [2023-06-13T23:25:51.517+0000] {dagbag.py:541} INFO - Filling up the DagBag from /home/airflow/.local/lib/python3.7/site-packages/airflow/example_dags/example_bash_operator.py
[2023-06-13T23:25:51.550+0000] {processor.py:836} INFO - DAG(s) dict_keys(['example_bash_operator']) retrieved from /home/airflow/.local/lib/python3.7/site-packages/airflow/example_dags/example_bash_operator.py
[2023-06-13T23:25:51.650+0000] {logging_mixin.py:149} INFO - [2023-06-13T23:25:51.650+0000] {dag.py:2726} INFO - Sync 1 DAGs
[2023-06-13T23:25:51.721+0000] {logging_mixin.py:149} INFO - [2023-06-13T23:25:51.720+0000] {dag.py:3490} INFO - Setting next_dagrun for example_bash_operator to 2023-06-12T00:00:00+00:00, run_after=2023-06-13T00:00:00+00:00
[2023-06-13T23:25:51.784+0000] {processor.py:179} INFO - Processing /home/airflow/.local/lib/python3.7/site-packages/airflow/example_dags/example_bash_operator.py took 0.282 seconds
