[2023-06-13T22:54:14.374+0000] {processor.py:157} INFO - Started process (PID=363) to work on /home/airflow/.local/lib/python3.7/site-packages/airflow/example_dags/example_sensor_decorator.py
[2023-06-13T22:54:14.377+0000] {processor.py:826} INFO - Processing file /home/airflow/.local/lib/python3.7/site-packages/airflow/example_dags/example_sensor_decorator.py for tasks to queue
[2023-06-13T22:54:14.380+0000] {logging_mixin.py:149} INFO - [2023-06-13T22:54:14.379+0000] {dagbag.py:541} INFO - Filling up the DagBag from /home/airflow/.local/lib/python3.7/site-packages/airflow/example_dags/example_sensor_decorator.py
[2023-06-13T22:54:14.395+0000] {processor.py:836} INFO - DAG(s) dict_keys(['example_sensor_decorator']) retrieved from /home/airflow/.local/lib/python3.7/site-packages/airflow/example_dags/example_sensor_decorator.py
[2023-06-13T22:54:14.498+0000] {logging_mixin.py:149} INFO - [2023-06-13T22:54:14.498+0000] {dag.py:2726} INFO - Sync 1 DAGs
[2023-06-13T22:54:14.557+0000] {logging_mixin.py:149} INFO - [2023-06-13T22:54:14.556+0000] {dag.py:3490} INFO - Setting next_dagrun for example_sensor_decorator to None, run_after=None
[2023-06-13T22:54:14.607+0000] {processor.py:179} INFO - Processing /home/airflow/.local/lib/python3.7/site-packages/airflow/example_dags/example_sensor_decorator.py took 0.249 seconds
[2023-06-13T22:54:47.841+0000] {processor.py:157} INFO - Started process (PID=605) to work on /home/airflow/.local/lib/python3.7/site-packages/airflow/example_dags/example_sensor_decorator.py
[2023-06-13T22:54:47.845+0000] {processor.py:826} INFO - Processing file /home/airflow/.local/lib/python3.7/site-packages/airflow/example_dags/example_sensor_decorator.py for tasks to queue
[2023-06-13T22:54:47.846+0000] {logging_mixin.py:149} INFO - [2023-06-13T22:54:47.846+0000] {dagbag.py:541} INFO - Filling up the DagBag from /home/airflow/.local/lib/python3.7/site-packages/airflow/example_dags/example_sensor_decorator.py
[2023-06-13T22:54:47.860+0000] {processor.py:836} INFO - DAG(s) dict_keys(['example_sensor_decorator']) retrieved from /home/airflow/.local/lib/python3.7/site-packages/airflow/example_dags/example_sensor_decorator.py
[2023-06-13T22:54:47.912+0000] {logging_mixin.py:149} INFO - [2023-06-13T22:54:47.912+0000] {dag.py:2726} INFO - Sync 1 DAGs
[2023-06-13T22:54:48.135+0000] {logging_mixin.py:149} INFO - [2023-06-13T22:54:48.135+0000] {dag.py:3490} INFO - Setting next_dagrun for example_sensor_decorator to None, run_after=None
[2023-06-13T22:54:48.191+0000] {processor.py:179} INFO - Processing /home/airflow/.local/lib/python3.7/site-packages/airflow/example_dags/example_sensor_decorator.py took 0.356 seconds
[2023-06-13T22:55:18.342+0000] {processor.py:157} INFO - Started process (PID=860) to work on /home/airflow/.local/lib/python3.7/site-packages/airflow/example_dags/example_sensor_decorator.py
[2023-06-13T22:55:18.344+0000] {processor.py:826} INFO - Processing file /home/airflow/.local/lib/python3.7/site-packages/airflow/example_dags/example_sensor_decorator.py for tasks to queue
[2023-06-13T22:55:18.346+0000] {logging_mixin.py:149} INFO - [2023-06-13T22:55:18.345+0000] {dagbag.py:541} INFO - Filling up the DagBag from /home/airflow/.local/lib/python3.7/site-packages/airflow/example_dags/example_sensor_decorator.py
[2023-06-13T22:55:18.358+0000] {processor.py:836} INFO - DAG(s) dict_keys(['example_sensor_decorator']) retrieved from /home/airflow/.local/lib/python3.7/site-packages/airflow/example_dags/example_sensor_decorator.py
[2023-06-13T22:55:18.410+0000] {logging_mixin.py:149} INFO - [2023-06-13T22:55:18.410+0000] {dag.py:2726} INFO - Sync 1 DAGs
[2023-06-13T22:55:18.455+0000] {logging_mixin.py:149} INFO - [2023-06-13T22:55:18.455+0000] {dag.py:3490} INFO - Setting next_dagrun for example_sensor_decorator to None, run_after=None
[2023-06-13T22:55:18.511+0000] {processor.py:179} INFO - Processing /home/airflow/.local/lib/python3.7/site-packages/airflow/example_dags/example_sensor_decorator.py took 0.175 seconds
[2023-06-13T22:55:48.696+0000] {processor.py:157} INFO - Started process (PID=1094) to work on /home/airflow/.local/lib/python3.7/site-packages/airflow/example_dags/example_sensor_decorator.py
[2023-06-13T22:55:48.699+0000] {processor.py:826} INFO - Processing file /home/airflow/.local/lib/python3.7/site-packages/airflow/example_dags/example_sensor_decorator.py for tasks to queue
[2023-06-13T22:55:48.701+0000] {logging_mixin.py:149} INFO - [2023-06-13T22:55:48.700+0000] {dagbag.py:541} INFO - Filling up the DagBag from /home/airflow/.local/lib/python3.7/site-packages/airflow/example_dags/example_sensor_decorator.py
[2023-06-13T22:55:48.707+0000] {processor.py:836} INFO - DAG(s) dict_keys(['example_sensor_decorator']) retrieved from /home/airflow/.local/lib/python3.7/site-packages/airflow/example_dags/example_sensor_decorator.py
[2023-06-13T22:55:48.767+0000] {logging_mixin.py:149} INFO - [2023-06-13T22:55:48.767+0000] {dag.py:2726} INFO - Sync 1 DAGs
[2023-06-13T22:55:48.813+0000] {logging_mixin.py:149} INFO - [2023-06-13T22:55:48.813+0000] {dag.py:3490} INFO - Setting next_dagrun for example_sensor_decorator to None, run_after=None
[2023-06-13T22:55:48.879+0000] {processor.py:179} INFO - Processing /home/airflow/.local/lib/python3.7/site-packages/airflow/example_dags/example_sensor_decorator.py took 0.189 seconds
[2023-06-13T22:56:19.185+0000] {processor.py:157} INFO - Started process (PID=1334) to work on /home/airflow/.local/lib/python3.7/site-packages/airflow/example_dags/example_sensor_decorator.py
[2023-06-13T22:56:19.187+0000] {processor.py:826} INFO - Processing file /home/airflow/.local/lib/python3.7/site-packages/airflow/example_dags/example_sensor_decorator.py for tasks to queue
[2023-06-13T22:56:19.189+0000] {logging_mixin.py:149} INFO - [2023-06-13T22:56:19.189+0000] {dagbag.py:541} INFO - Filling up the DagBag from /home/airflow/.local/lib/python3.7/site-packages/airflow/example_dags/example_sensor_decorator.py
[2023-06-13T22:56:19.199+0000] {processor.py:836} INFO - DAG(s) dict_keys(['example_sensor_decorator']) retrieved from /home/airflow/.local/lib/python3.7/site-packages/airflow/example_dags/example_sensor_decorator.py
[2023-06-13T22:56:19.246+0000] {logging_mixin.py:149} INFO - [2023-06-13T22:56:19.246+0000] {dag.py:2726} INFO - Sync 1 DAGs
[2023-06-13T22:56:19.303+0000] {logging_mixin.py:149} INFO - [2023-06-13T22:56:19.303+0000] {dag.py:3490} INFO - Setting next_dagrun for example_sensor_decorator to None, run_after=None
[2023-06-13T22:56:19.362+0000] {processor.py:179} INFO - Processing /home/airflow/.local/lib/python3.7/site-packages/airflow/example_dags/example_sensor_decorator.py took 0.181 seconds
[2023-06-13T22:56:49.677+0000] {processor.py:157} INFO - Started process (PID=1574) to work on /home/airflow/.local/lib/python3.7/site-packages/airflow/example_dags/example_sensor_decorator.py
[2023-06-13T22:56:49.681+0000] {processor.py:826} INFO - Processing file /home/airflow/.local/lib/python3.7/site-packages/airflow/example_dags/example_sensor_decorator.py for tasks to queue
[2023-06-13T22:56:49.682+0000] {logging_mixin.py:149} INFO - [2023-06-13T22:56:49.682+0000] {dagbag.py:541} INFO - Filling up the DagBag from /home/airflow/.local/lib/python3.7/site-packages/airflow/example_dags/example_sensor_decorator.py
[2023-06-13T22:56:49.691+0000] {processor.py:836} INFO - DAG(s) dict_keys(['example_sensor_decorator']) retrieved from /home/airflow/.local/lib/python3.7/site-packages/airflow/example_dags/example_sensor_decorator.py
[2023-06-13T22:56:49.736+0000] {logging_mixin.py:149} INFO - [2023-06-13T22:56:49.736+0000] {dag.py:2726} INFO - Sync 1 DAGs
[2023-06-13T22:56:49.781+0000] {logging_mixin.py:149} INFO - [2023-06-13T22:56:49.781+0000] {dag.py:3490} INFO - Setting next_dagrun for example_sensor_decorator to None, run_after=None
[2023-06-13T22:56:49.833+0000] {processor.py:179} INFO - Processing /home/airflow/.local/lib/python3.7/site-packages/airflow/example_dags/example_sensor_decorator.py took 0.162 seconds
[2023-06-13T22:57:21.429+0000] {processor.py:157} INFO - Started process (PID=1815) to work on /home/airflow/.local/lib/python3.7/site-packages/airflow/example_dags/example_sensor_decorator.py
[2023-06-13T22:57:21.432+0000] {processor.py:826} INFO - Processing file /home/airflow/.local/lib/python3.7/site-packages/airflow/example_dags/example_sensor_decorator.py for tasks to queue
[2023-06-13T22:57:21.433+0000] {logging_mixin.py:149} INFO - [2023-06-13T22:57:21.433+0000] {dagbag.py:541} INFO - Filling up the DagBag from /home/airflow/.local/lib/python3.7/site-packages/airflow/example_dags/example_sensor_decorator.py
[2023-06-13T22:57:21.446+0000] {processor.py:836} INFO - DAG(s) dict_keys(['example_sensor_decorator']) retrieved from /home/airflow/.local/lib/python3.7/site-packages/airflow/example_dags/example_sensor_decorator.py
[2023-06-13T22:57:21.542+0000] {logging_mixin.py:149} INFO - [2023-06-13T22:57:21.541+0000] {dag.py:2726} INFO - Sync 1 DAGs
[2023-06-13T22:57:21.644+0000] {logging_mixin.py:149} INFO - [2023-06-13T22:57:21.644+0000] {dag.py:3490} INFO - Setting next_dagrun for example_sensor_decorator to None, run_after=None
[2023-06-13T22:57:21.720+0000] {processor.py:179} INFO - Processing /home/airflow/.local/lib/python3.7/site-packages/airflow/example_dags/example_sensor_decorator.py took 0.299 seconds
[2023-06-13T22:57:52.381+0000] {processor.py:157} INFO - Started process (PID=2060) to work on /home/airflow/.local/lib/python3.7/site-packages/airflow/example_dags/example_sensor_decorator.py
[2023-06-13T22:57:52.385+0000] {processor.py:826} INFO - Processing file /home/airflow/.local/lib/python3.7/site-packages/airflow/example_dags/example_sensor_decorator.py for tasks to queue
[2023-06-13T22:57:52.387+0000] {logging_mixin.py:149} INFO - [2023-06-13T22:57:52.386+0000] {dagbag.py:541} INFO - Filling up the DagBag from /home/airflow/.local/lib/python3.7/site-packages/airflow/example_dags/example_sensor_decorator.py
[2023-06-13T22:57:52.404+0000] {processor.py:836} INFO - DAG(s) dict_keys(['example_sensor_decorator']) retrieved from /home/airflow/.local/lib/python3.7/site-packages/airflow/example_dags/example_sensor_decorator.py
[2023-06-13T22:57:52.502+0000] {logging_mixin.py:149} INFO - [2023-06-13T22:57:52.502+0000] {dag.py:2726} INFO - Sync 1 DAGs
[2023-06-13T22:57:52.607+0000] {logging_mixin.py:149} INFO - [2023-06-13T22:57:52.606+0000] {dag.py:3490} INFO - Setting next_dagrun for example_sensor_decorator to None, run_after=None
[2023-06-13T22:57:52.722+0000] {processor.py:179} INFO - Processing /home/airflow/.local/lib/python3.7/site-packages/airflow/example_dags/example_sensor_decorator.py took 0.348 seconds
[2023-06-13T22:58:22.806+0000] {processor.py:157} INFO - Started process (PID=2305) to work on /home/airflow/.local/lib/python3.7/site-packages/airflow/example_dags/example_sensor_decorator.py
[2023-06-13T22:58:22.810+0000] {processor.py:826} INFO - Processing file /home/airflow/.local/lib/python3.7/site-packages/airflow/example_dags/example_sensor_decorator.py for tasks to queue
[2023-06-13T22:58:22.811+0000] {logging_mixin.py:149} INFO - [2023-06-13T22:58:22.811+0000] {dagbag.py:541} INFO - Filling up the DagBag from /home/airflow/.local/lib/python3.7/site-packages/airflow/example_dags/example_sensor_decorator.py
[2023-06-13T22:58:22.824+0000] {processor.py:836} INFO - DAG(s) dict_keys(['example_sensor_decorator']) retrieved from /home/airflow/.local/lib/python3.7/site-packages/airflow/example_dags/example_sensor_decorator.py
[2023-06-13T22:58:22.886+0000] {logging_mixin.py:149} INFO - [2023-06-13T22:58:22.886+0000] {dag.py:2726} INFO - Sync 1 DAGs
[2023-06-13T22:58:22.950+0000] {logging_mixin.py:149} INFO - [2023-06-13T22:58:22.950+0000] {dag.py:3490} INFO - Setting next_dagrun for example_sensor_decorator to None, run_after=None
[2023-06-13T22:58:23.010+0000] {processor.py:179} INFO - Processing /home/airflow/.local/lib/python3.7/site-packages/airflow/example_dags/example_sensor_decorator.py took 0.211 seconds
[2023-06-13T22:58:53.526+0000] {processor.py:157} INFO - Started process (PID=2533) to work on /home/airflow/.local/lib/python3.7/site-packages/airflow/example_dags/example_sensor_decorator.py
[2023-06-13T22:58:53.532+0000] {processor.py:826} INFO - Processing file /home/airflow/.local/lib/python3.7/site-packages/airflow/example_dags/example_sensor_decorator.py for tasks to queue
[2023-06-13T22:58:53.535+0000] {logging_mixin.py:149} INFO - [2023-06-13T22:58:53.534+0000] {dagbag.py:541} INFO - Filling up the DagBag from /home/airflow/.local/lib/python3.7/site-packages/airflow/example_dags/example_sensor_decorator.py
[2023-06-13T22:58:53.550+0000] {processor.py:836} INFO - DAG(s) dict_keys(['example_sensor_decorator']) retrieved from /home/airflow/.local/lib/python3.7/site-packages/airflow/example_dags/example_sensor_decorator.py
[2023-06-13T22:58:53.621+0000] {logging_mixin.py:149} INFO - [2023-06-13T22:58:53.621+0000] {dag.py:2726} INFO - Sync 1 DAGs
[2023-06-13T22:58:53.686+0000] {logging_mixin.py:149} INFO - [2023-06-13T22:58:53.685+0000] {dag.py:3490} INFO - Setting next_dagrun for example_sensor_decorator to None, run_after=None
[2023-06-13T22:58:53.768+0000] {processor.py:179} INFO - Processing /home/airflow/.local/lib/python3.7/site-packages/airflow/example_dags/example_sensor_decorator.py took 0.250 seconds
[2023-06-13T22:59:24.091+0000] {processor.py:157} INFO - Started process (PID=2773) to work on /home/airflow/.local/lib/python3.7/site-packages/airflow/example_dags/example_sensor_decorator.py
[2023-06-13T22:59:24.094+0000] {processor.py:826} INFO - Processing file /home/airflow/.local/lib/python3.7/site-packages/airflow/example_dags/example_sensor_decorator.py for tasks to queue
[2023-06-13T22:59:24.095+0000] {logging_mixin.py:149} INFO - [2023-06-13T22:59:24.095+0000] {dagbag.py:541} INFO - Filling up the DagBag from /home/airflow/.local/lib/python3.7/site-packages/airflow/example_dags/example_sensor_decorator.py
[2023-06-13T22:59:24.106+0000] {processor.py:836} INFO - DAG(s) dict_keys(['example_sensor_decorator']) retrieved from /home/airflow/.local/lib/python3.7/site-packages/airflow/example_dags/example_sensor_decorator.py
[2023-06-13T22:59:24.170+0000] {logging_mixin.py:149} INFO - [2023-06-13T22:59:24.169+0000] {dag.py:2726} INFO - Sync 1 DAGs
[2023-06-13T22:59:24.221+0000] {logging_mixin.py:149} INFO - [2023-06-13T22:59:24.221+0000] {dag.py:3490} INFO - Setting next_dagrun for example_sensor_decorator to None, run_after=None
[2023-06-13T22:59:24.286+0000] {processor.py:179} INFO - Processing /home/airflow/.local/lib/python3.7/site-packages/airflow/example_dags/example_sensor_decorator.py took 0.201 seconds
[2023-06-13T22:59:54.529+0000] {processor.py:157} INFO - Started process (PID=3013) to work on /home/airflow/.local/lib/python3.7/site-packages/airflow/example_dags/example_sensor_decorator.py
[2023-06-13T22:59:54.532+0000] {processor.py:826} INFO - Processing file /home/airflow/.local/lib/python3.7/site-packages/airflow/example_dags/example_sensor_decorator.py for tasks to queue
[2023-06-13T22:59:54.534+0000] {logging_mixin.py:149} INFO - [2023-06-13T22:59:54.534+0000] {dagbag.py:541} INFO - Filling up the DagBag from /home/airflow/.local/lib/python3.7/site-packages/airflow/example_dags/example_sensor_decorator.py
[2023-06-13T22:59:54.548+0000] {processor.py:836} INFO - DAG(s) dict_keys(['example_sensor_decorator']) retrieved from /home/airflow/.local/lib/python3.7/site-packages/airflow/example_dags/example_sensor_decorator.py
[2023-06-13T22:59:54.616+0000] {logging_mixin.py:149} INFO - [2023-06-13T22:59:54.616+0000] {dag.py:2726} INFO - Sync 1 DAGs
[2023-06-13T22:59:54.675+0000] {logging_mixin.py:149} INFO - [2023-06-13T22:59:54.675+0000] {dag.py:3490} INFO - Setting next_dagrun for example_sensor_decorator to None, run_after=None
[2023-06-13T22:59:54.741+0000] {processor.py:179} INFO - Processing /home/airflow/.local/lib/python3.7/site-packages/airflow/example_dags/example_sensor_decorator.py took 0.219 seconds
[2023-06-13T23:00:25.542+0000] {processor.py:157} INFO - Started process (PID=3260) to work on /home/airflow/.local/lib/python3.7/site-packages/airflow/example_dags/example_sensor_decorator.py
[2023-06-13T23:00:25.545+0000] {processor.py:826} INFO - Processing file /home/airflow/.local/lib/python3.7/site-packages/airflow/example_dags/example_sensor_decorator.py for tasks to queue
[2023-06-13T23:00:25.546+0000] {logging_mixin.py:149} INFO - [2023-06-13T23:00:25.546+0000] {dagbag.py:541} INFO - Filling up the DagBag from /home/airflow/.local/lib/python3.7/site-packages/airflow/example_dags/example_sensor_decorator.py
[2023-06-13T23:00:25.555+0000] {processor.py:836} INFO - DAG(s) dict_keys(['example_sensor_decorator']) retrieved from /home/airflow/.local/lib/python3.7/site-packages/airflow/example_dags/example_sensor_decorator.py
[2023-06-13T23:00:25.625+0000] {logging_mixin.py:149} INFO - [2023-06-13T23:00:25.625+0000] {dag.py:2726} INFO - Sync 1 DAGs
[2023-06-13T23:00:25.691+0000] {logging_mixin.py:149} INFO - [2023-06-13T23:00:25.690+0000] {dag.py:3490} INFO - Setting next_dagrun for example_sensor_decorator to None, run_after=None
[2023-06-13T23:00:25.757+0000] {processor.py:179} INFO - Processing /home/airflow/.local/lib/python3.7/site-packages/airflow/example_dags/example_sensor_decorator.py took 0.222 seconds
[2023-06-13T23:00:56.560+0000] {processor.py:157} INFO - Started process (PID=3500) to work on /home/airflow/.local/lib/python3.7/site-packages/airflow/example_dags/example_sensor_decorator.py
[2023-06-13T23:00:56.563+0000] {processor.py:826} INFO - Processing file /home/airflow/.local/lib/python3.7/site-packages/airflow/example_dags/example_sensor_decorator.py for tasks to queue
[2023-06-13T23:00:56.564+0000] {logging_mixin.py:149} INFO - [2023-06-13T23:00:56.564+0000] {dagbag.py:541} INFO - Filling up the DagBag from /home/airflow/.local/lib/python3.7/site-packages/airflow/example_dags/example_sensor_decorator.py
[2023-06-13T23:00:56.575+0000] {processor.py:836} INFO - DAG(s) dict_keys(['example_sensor_decorator']) retrieved from /home/airflow/.local/lib/python3.7/site-packages/airflow/example_dags/example_sensor_decorator.py
[2023-06-13T23:00:56.644+0000] {logging_mixin.py:149} INFO - [2023-06-13T23:00:56.644+0000] {dag.py:2726} INFO - Sync 1 DAGs
[2023-06-13T23:00:56.712+0000] {logging_mixin.py:149} INFO - [2023-06-13T23:00:56.711+0000] {dag.py:3490} INFO - Setting next_dagrun for example_sensor_decorator to None, run_after=None
[2023-06-13T23:00:56.775+0000] {processor.py:179} INFO - Processing /home/airflow/.local/lib/python3.7/site-packages/airflow/example_dags/example_sensor_decorator.py took 0.221 seconds
[2023-06-13T23:01:27.313+0000] {processor.py:157} INFO - Started process (PID=3740) to work on /home/airflow/.local/lib/python3.7/site-packages/airflow/example_dags/example_sensor_decorator.py
[2023-06-13T23:01:27.315+0000] {processor.py:826} INFO - Processing file /home/airflow/.local/lib/python3.7/site-packages/airflow/example_dags/example_sensor_decorator.py for tasks to queue
[2023-06-13T23:01:27.317+0000] {logging_mixin.py:149} INFO - [2023-06-13T23:01:27.316+0000] {dagbag.py:541} INFO - Filling up the DagBag from /home/airflow/.local/lib/python3.7/site-packages/airflow/example_dags/example_sensor_decorator.py
[2023-06-13T23:01:27.330+0000] {processor.py:836} INFO - DAG(s) dict_keys(['example_sensor_decorator']) retrieved from /home/airflow/.local/lib/python3.7/site-packages/airflow/example_dags/example_sensor_decorator.py
[2023-06-13T23:01:27.401+0000] {logging_mixin.py:149} INFO - [2023-06-13T23:01:27.401+0000] {dag.py:2726} INFO - Sync 1 DAGs
[2023-06-13T23:01:27.460+0000] {logging_mixin.py:149} INFO - [2023-06-13T23:01:27.460+0000] {dag.py:3490} INFO - Setting next_dagrun for example_sensor_decorator to None, run_after=None
[2023-06-13T23:01:27.505+0000] {processor.py:179} INFO - Processing /home/airflow/.local/lib/python3.7/site-packages/airflow/example_dags/example_sensor_decorator.py took 0.202 seconds
[2023-06-13T23:01:58.505+0000] {processor.py:157} INFO - Started process (PID=3981) to work on /home/airflow/.local/lib/python3.7/site-packages/airflow/example_dags/example_sensor_decorator.py
[2023-06-13T23:01:58.508+0000] {processor.py:826} INFO - Processing file /home/airflow/.local/lib/python3.7/site-packages/airflow/example_dags/example_sensor_decorator.py for tasks to queue
[2023-06-13T23:01:58.509+0000] {logging_mixin.py:149} INFO - [2023-06-13T23:01:58.509+0000] {dagbag.py:541} INFO - Filling up the DagBag from /home/airflow/.local/lib/python3.7/site-packages/airflow/example_dags/example_sensor_decorator.py
[2023-06-13T23:01:58.522+0000] {processor.py:836} INFO - DAG(s) dict_keys(['example_sensor_decorator']) retrieved from /home/airflow/.local/lib/python3.7/site-packages/airflow/example_dags/example_sensor_decorator.py
[2023-06-13T23:01:58.604+0000] {logging_mixin.py:149} INFO - [2023-06-13T23:01:58.603+0000] {dag.py:2726} INFO - Sync 1 DAGs
[2023-06-13T23:01:58.676+0000] {logging_mixin.py:149} INFO - [2023-06-13T23:01:58.676+0000] {dag.py:3490} INFO - Setting next_dagrun for example_sensor_decorator to None, run_after=None
[2023-06-13T23:01:58.734+0000] {processor.py:179} INFO - Processing /home/airflow/.local/lib/python3.7/site-packages/airflow/example_dags/example_sensor_decorator.py took 0.234 seconds
[2023-06-13T23:02:30.043+0000] {processor.py:157} INFO - Started process (PID=4223) to work on /home/airflow/.local/lib/python3.7/site-packages/airflow/example_dags/example_sensor_decorator.py
[2023-06-13T23:02:30.046+0000] {processor.py:826} INFO - Processing file /home/airflow/.local/lib/python3.7/site-packages/airflow/example_dags/example_sensor_decorator.py for tasks to queue
[2023-06-13T23:02:30.047+0000] {logging_mixin.py:149} INFO - [2023-06-13T23:02:30.047+0000] {dagbag.py:541} INFO - Filling up the DagBag from /home/airflow/.local/lib/python3.7/site-packages/airflow/example_dags/example_sensor_decorator.py
[2023-06-13T23:02:30.055+0000] {processor.py:836} INFO - DAG(s) dict_keys(['example_sensor_decorator']) retrieved from /home/airflow/.local/lib/python3.7/site-packages/airflow/example_dags/example_sensor_decorator.py
[2023-06-13T23:02:30.115+0000] {logging_mixin.py:149} INFO - [2023-06-13T23:02:30.114+0000] {dag.py:2726} INFO - Sync 1 DAGs
[2023-06-13T23:02:30.212+0000] {logging_mixin.py:149} INFO - [2023-06-13T23:02:30.211+0000] {dag.py:3490} INFO - Setting next_dagrun for example_sensor_decorator to None, run_after=None
[2023-06-13T23:02:30.287+0000] {processor.py:179} INFO - Processing /home/airflow/.local/lib/python3.7/site-packages/airflow/example_dags/example_sensor_decorator.py took 0.250 seconds
[2023-06-13T23:03:00.428+0000] {processor.py:157} INFO - Started process (PID=4460) to work on /home/airflow/.local/lib/python3.7/site-packages/airflow/example_dags/example_sensor_decorator.py
[2023-06-13T23:03:00.430+0000] {processor.py:826} INFO - Processing file /home/airflow/.local/lib/python3.7/site-packages/airflow/example_dags/example_sensor_decorator.py for tasks to queue
[2023-06-13T23:03:00.432+0000] {logging_mixin.py:149} INFO - [2023-06-13T23:03:00.432+0000] {dagbag.py:541} INFO - Filling up the DagBag from /home/airflow/.local/lib/python3.7/site-packages/airflow/example_dags/example_sensor_decorator.py
[2023-06-13T23:03:00.440+0000] {processor.py:836} INFO - DAG(s) dict_keys(['example_sensor_decorator']) retrieved from /home/airflow/.local/lib/python3.7/site-packages/airflow/example_dags/example_sensor_decorator.py
[2023-06-13T23:03:00.486+0000] {logging_mixin.py:149} INFO - [2023-06-13T23:03:00.486+0000] {dag.py:2726} INFO - Sync 1 DAGs
[2023-06-13T23:03:00.536+0000] {logging_mixin.py:149} INFO - [2023-06-13T23:03:00.536+0000] {dag.py:3490} INFO - Setting next_dagrun for example_sensor_decorator to None, run_after=None
[2023-06-13T23:03:00.576+0000] {processor.py:179} INFO - Processing /home/airflow/.local/lib/python3.7/site-packages/airflow/example_dags/example_sensor_decorator.py took 0.154 seconds
[2023-06-13T23:03:30.859+0000] {processor.py:157} INFO - Started process (PID=4700) to work on /home/airflow/.local/lib/python3.7/site-packages/airflow/example_dags/example_sensor_decorator.py
[2023-06-13T23:03:30.861+0000] {processor.py:826} INFO - Processing file /home/airflow/.local/lib/python3.7/site-packages/airflow/example_dags/example_sensor_decorator.py for tasks to queue
[2023-06-13T23:03:30.863+0000] {logging_mixin.py:149} INFO - [2023-06-13T23:03:30.862+0000] {dagbag.py:541} INFO - Filling up the DagBag from /home/airflow/.local/lib/python3.7/site-packages/airflow/example_dags/example_sensor_decorator.py
[2023-06-13T23:03:30.872+0000] {processor.py:836} INFO - DAG(s) dict_keys(['example_sensor_decorator']) retrieved from /home/airflow/.local/lib/python3.7/site-packages/airflow/example_dags/example_sensor_decorator.py
[2023-06-13T23:03:30.918+0000] {logging_mixin.py:149} INFO - [2023-06-13T23:03:30.917+0000] {dag.py:2726} INFO - Sync 1 DAGs
[2023-06-13T23:03:30.961+0000] {logging_mixin.py:149} INFO - [2023-06-13T23:03:30.961+0000] {dag.py:3490} INFO - Setting next_dagrun for example_sensor_decorator to None, run_after=None
[2023-06-13T23:03:31.003+0000] {processor.py:179} INFO - Processing /home/airflow/.local/lib/python3.7/site-packages/airflow/example_dags/example_sensor_decorator.py took 0.147 seconds
[2023-06-13T23:04:01.573+0000] {processor.py:157} INFO - Started process (PID=4942) to work on /home/airflow/.local/lib/python3.7/site-packages/airflow/example_dags/example_sensor_decorator.py
[2023-06-13T23:04:01.576+0000] {processor.py:826} INFO - Processing file /home/airflow/.local/lib/python3.7/site-packages/airflow/example_dags/example_sensor_decorator.py for tasks to queue
[2023-06-13T23:04:01.578+0000] {logging_mixin.py:149} INFO - [2023-06-13T23:04:01.577+0000] {dagbag.py:541} INFO - Filling up the DagBag from /home/airflow/.local/lib/python3.7/site-packages/airflow/example_dags/example_sensor_decorator.py
[2023-06-13T23:04:01.590+0000] {processor.py:836} INFO - DAG(s) dict_keys(['example_sensor_decorator']) retrieved from /home/airflow/.local/lib/python3.7/site-packages/airflow/example_dags/example_sensor_decorator.py
[2023-06-13T23:04:01.648+0000] {logging_mixin.py:149} INFO - [2023-06-13T23:04:01.647+0000] {dag.py:2726} INFO - Sync 1 DAGs
[2023-06-13T23:04:01.696+0000] {logging_mixin.py:149} INFO - [2023-06-13T23:04:01.695+0000] {dag.py:3490} INFO - Setting next_dagrun for example_sensor_decorator to None, run_after=None
[2023-06-13T23:04:01.736+0000] {processor.py:179} INFO - Processing /home/airflow/.local/lib/python3.7/site-packages/airflow/example_dags/example_sensor_decorator.py took 0.169 seconds
[2023-06-13T23:04:32.421+0000] {processor.py:157} INFO - Started process (PID=5180) to work on /home/airflow/.local/lib/python3.7/site-packages/airflow/example_dags/example_sensor_decorator.py
[2023-06-13T23:04:32.423+0000] {processor.py:826} INFO - Processing file /home/airflow/.local/lib/python3.7/site-packages/airflow/example_dags/example_sensor_decorator.py for tasks to queue
[2023-06-13T23:04:32.425+0000] {logging_mixin.py:149} INFO - [2023-06-13T23:04:32.424+0000] {dagbag.py:541} INFO - Filling up the DagBag from /home/airflow/.local/lib/python3.7/site-packages/airflow/example_dags/example_sensor_decorator.py
[2023-06-13T23:04:32.434+0000] {processor.py:836} INFO - DAG(s) dict_keys(['example_sensor_decorator']) retrieved from /home/airflow/.local/lib/python3.7/site-packages/airflow/example_dags/example_sensor_decorator.py
[2023-06-13T23:04:32.489+0000] {logging_mixin.py:149} INFO - [2023-06-13T23:04:32.489+0000] {dag.py:2726} INFO - Sync 1 DAGs
[2023-06-13T23:04:32.542+0000] {logging_mixin.py:149} INFO - [2023-06-13T23:04:32.541+0000] {dag.py:3490} INFO - Setting next_dagrun for example_sensor_decorator to None, run_after=None
[2023-06-13T23:04:32.583+0000] {processor.py:179} INFO - Processing /home/airflow/.local/lib/python3.7/site-packages/airflow/example_dags/example_sensor_decorator.py took 0.167 seconds
[2023-06-13T23:05:03.030+0000] {processor.py:157} INFO - Started process (PID=5420) to work on /home/airflow/.local/lib/python3.7/site-packages/airflow/example_dags/example_sensor_decorator.py
[2023-06-13T23:05:03.033+0000] {processor.py:826} INFO - Processing file /home/airflow/.local/lib/python3.7/site-packages/airflow/example_dags/example_sensor_decorator.py for tasks to queue
[2023-06-13T23:05:03.034+0000] {logging_mixin.py:149} INFO - [2023-06-13T23:05:03.034+0000] {dagbag.py:541} INFO - Filling up the DagBag from /home/airflow/.local/lib/python3.7/site-packages/airflow/example_dags/example_sensor_decorator.py
[2023-06-13T23:05:03.045+0000] {processor.py:836} INFO - DAG(s) dict_keys(['example_sensor_decorator']) retrieved from /home/airflow/.local/lib/python3.7/site-packages/airflow/example_dags/example_sensor_decorator.py
[2023-06-13T23:05:03.101+0000] {logging_mixin.py:149} INFO - [2023-06-13T23:05:03.101+0000] {dag.py:2726} INFO - Sync 1 DAGs
[2023-06-13T23:05:03.163+0000] {logging_mixin.py:149} INFO - [2023-06-13T23:05:03.163+0000] {dag.py:3490} INFO - Setting next_dagrun for example_sensor_decorator to None, run_after=None
[2023-06-13T23:05:03.223+0000] {processor.py:179} INFO - Processing /home/airflow/.local/lib/python3.7/site-packages/airflow/example_dags/example_sensor_decorator.py took 0.198 seconds
[2023-06-13T23:05:33.875+0000] {processor.py:157} INFO - Started process (PID=5660) to work on /home/airflow/.local/lib/python3.7/site-packages/airflow/example_dags/example_sensor_decorator.py
[2023-06-13T23:05:33.879+0000] {processor.py:826} INFO - Processing file /home/airflow/.local/lib/python3.7/site-packages/airflow/example_dags/example_sensor_decorator.py for tasks to queue
[2023-06-13T23:05:33.879+0000] {logging_mixin.py:149} INFO - [2023-06-13T23:05:33.879+0000] {dagbag.py:541} INFO - Filling up the DagBag from /home/airflow/.local/lib/python3.7/site-packages/airflow/example_dags/example_sensor_decorator.py
[2023-06-13T23:05:33.888+0000] {processor.py:836} INFO - DAG(s) dict_keys(['example_sensor_decorator']) retrieved from /home/airflow/.local/lib/python3.7/site-packages/airflow/example_dags/example_sensor_decorator.py
[2023-06-13T23:05:33.953+0000] {logging_mixin.py:149} INFO - [2023-06-13T23:05:33.953+0000] {dag.py:2726} INFO - Sync 1 DAGs
[2023-06-13T23:05:34.012+0000] {logging_mixin.py:149} INFO - [2023-06-13T23:05:34.012+0000] {dag.py:3490} INFO - Setting next_dagrun for example_sensor_decorator to None, run_after=None
[2023-06-13T23:05:34.058+0000] {processor.py:179} INFO - Processing /home/airflow/.local/lib/python3.7/site-packages/airflow/example_dags/example_sensor_decorator.py took 0.192 seconds
[2023-06-13T23:06:04.153+0000] {processor.py:157} INFO - Started process (PID=5900) to work on /home/airflow/.local/lib/python3.7/site-packages/airflow/example_dags/example_sensor_decorator.py
[2023-06-13T23:06:04.156+0000] {processor.py:826} INFO - Processing file /home/airflow/.local/lib/python3.7/site-packages/airflow/example_dags/example_sensor_decorator.py for tasks to queue
[2023-06-13T23:06:04.156+0000] {logging_mixin.py:149} INFO - [2023-06-13T23:06:04.156+0000] {dagbag.py:541} INFO - Filling up the DagBag from /home/airflow/.local/lib/python3.7/site-packages/airflow/example_dags/example_sensor_decorator.py
[2023-06-13T23:06:04.163+0000] {processor.py:836} INFO - DAG(s) dict_keys(['example_sensor_decorator']) retrieved from /home/airflow/.local/lib/python3.7/site-packages/airflow/example_dags/example_sensor_decorator.py
[2023-06-13T23:06:04.218+0000] {logging_mixin.py:149} INFO - [2023-06-13T23:06:04.218+0000] {dag.py:2726} INFO - Sync 1 DAGs
[2023-06-13T23:06:04.279+0000] {logging_mixin.py:149} INFO - [2023-06-13T23:06:04.279+0000] {dag.py:3490} INFO - Setting next_dagrun for example_sensor_decorator to None, run_after=None
[2023-06-13T23:06:04.332+0000] {processor.py:179} INFO - Processing /home/airflow/.local/lib/python3.7/site-packages/airflow/example_dags/example_sensor_decorator.py took 0.184 seconds
[2023-06-13T23:06:34.499+0000] {processor.py:157} INFO - Started process (PID=6135) to work on /home/airflow/.local/lib/python3.7/site-packages/airflow/example_dags/example_sensor_decorator.py
[2023-06-13T23:06:34.501+0000] {processor.py:826} INFO - Processing file /home/airflow/.local/lib/python3.7/site-packages/airflow/example_dags/example_sensor_decorator.py for tasks to queue
[2023-06-13T23:06:34.502+0000] {logging_mixin.py:149} INFO - [2023-06-13T23:06:34.502+0000] {dagbag.py:541} INFO - Filling up the DagBag from /home/airflow/.local/lib/python3.7/site-packages/airflow/example_dags/example_sensor_decorator.py
[2023-06-13T23:06:34.511+0000] {processor.py:836} INFO - DAG(s) dict_keys(['example_sensor_decorator']) retrieved from /home/airflow/.local/lib/python3.7/site-packages/airflow/example_dags/example_sensor_decorator.py
[2023-06-13T23:06:34.570+0000] {logging_mixin.py:149} INFO - [2023-06-13T23:06:34.570+0000] {dag.py:2726} INFO - Sync 1 DAGs
[2023-06-13T23:06:34.618+0000] {logging_mixin.py:149} INFO - [2023-06-13T23:06:34.618+0000] {dag.py:3490} INFO - Setting next_dagrun for example_sensor_decorator to None, run_after=None
[2023-06-13T23:06:34.677+0000] {processor.py:179} INFO - Processing /home/airflow/.local/lib/python3.7/site-packages/airflow/example_dags/example_sensor_decorator.py took 0.185 seconds
[2023-06-13T23:07:05.298+0000] {processor.py:157} INFO - Started process (PID=6374) to work on /home/airflow/.local/lib/python3.7/site-packages/airflow/example_dags/example_sensor_decorator.py
[2023-06-13T23:07:05.300+0000] {processor.py:826} INFO - Processing file /home/airflow/.local/lib/python3.7/site-packages/airflow/example_dags/example_sensor_decorator.py for tasks to queue
[2023-06-13T23:07:05.301+0000] {logging_mixin.py:149} INFO - [2023-06-13T23:07:05.301+0000] {dagbag.py:541} INFO - Filling up the DagBag from /home/airflow/.local/lib/python3.7/site-packages/airflow/example_dags/example_sensor_decorator.py
[2023-06-13T23:07:05.315+0000] {processor.py:836} INFO - DAG(s) dict_keys(['example_sensor_decorator']) retrieved from /home/airflow/.local/lib/python3.7/site-packages/airflow/example_dags/example_sensor_decorator.py
[2023-06-13T23:07:05.377+0000] {logging_mixin.py:149} INFO - [2023-06-13T23:07:05.376+0000] {dag.py:2726} INFO - Sync 1 DAGs
[2023-06-13T23:07:05.427+0000] {logging_mixin.py:149} INFO - [2023-06-13T23:07:05.427+0000] {dag.py:3490} INFO - Setting next_dagrun for example_sensor_decorator to None, run_after=None
[2023-06-13T23:07:05.486+0000] {processor.py:179} INFO - Processing /home/airflow/.local/lib/python3.7/site-packages/airflow/example_dags/example_sensor_decorator.py took 0.195 seconds
[2023-06-13T23:07:35.825+0000] {processor.py:157} INFO - Started process (PID=6617) to work on /home/airflow/.local/lib/python3.7/site-packages/airflow/example_dags/example_sensor_decorator.py
[2023-06-13T23:07:35.827+0000] {processor.py:826} INFO - Processing file /home/airflow/.local/lib/python3.7/site-packages/airflow/example_dags/example_sensor_decorator.py for tasks to queue
[2023-06-13T23:07:35.828+0000] {logging_mixin.py:149} INFO - [2023-06-13T23:07:35.827+0000] {dagbag.py:541} INFO - Filling up the DagBag from /home/airflow/.local/lib/python3.7/site-packages/airflow/example_dags/example_sensor_decorator.py
[2023-06-13T23:07:35.838+0000] {processor.py:836} INFO - DAG(s) dict_keys(['example_sensor_decorator']) retrieved from /home/airflow/.local/lib/python3.7/site-packages/airflow/example_dags/example_sensor_decorator.py
[2023-06-13T23:07:35.893+0000] {logging_mixin.py:149} INFO - [2023-06-13T23:07:35.892+0000] {dag.py:2726} INFO - Sync 1 DAGs
[2023-06-13T23:07:35.940+0000] {logging_mixin.py:149} INFO - [2023-06-13T23:07:35.940+0000] {dag.py:3490} INFO - Setting next_dagrun for example_sensor_decorator to None, run_after=None
[2023-06-13T23:07:35.995+0000] {processor.py:179} INFO - Processing /home/airflow/.local/lib/python3.7/site-packages/airflow/example_dags/example_sensor_decorator.py took 0.176 seconds
[2023-06-13T23:08:06.130+0000] {processor.py:157} INFO - Started process (PID=6854) to work on /home/airflow/.local/lib/python3.7/site-packages/airflow/example_dags/example_sensor_decorator.py
[2023-06-13T23:08:06.134+0000] {processor.py:826} INFO - Processing file /home/airflow/.local/lib/python3.7/site-packages/airflow/example_dags/example_sensor_decorator.py for tasks to queue
[2023-06-13T23:08:06.136+0000] {logging_mixin.py:149} INFO - [2023-06-13T23:08:06.136+0000] {dagbag.py:541} INFO - Filling up the DagBag from /home/airflow/.local/lib/python3.7/site-packages/airflow/example_dags/example_sensor_decorator.py
[2023-06-13T23:08:06.148+0000] {processor.py:836} INFO - DAG(s) dict_keys(['example_sensor_decorator']) retrieved from /home/airflow/.local/lib/python3.7/site-packages/airflow/example_dags/example_sensor_decorator.py
[2023-06-13T23:08:06.207+0000] {logging_mixin.py:149} INFO - [2023-06-13T23:08:06.206+0000] {dag.py:2726} INFO - Sync 1 DAGs
[2023-06-13T23:08:06.246+0000] {logging_mixin.py:149} INFO - [2023-06-13T23:08:06.246+0000] {dag.py:3490} INFO - Setting next_dagrun for example_sensor_decorator to None, run_after=None
[2023-06-13T23:08:06.292+0000] {processor.py:179} INFO - Processing /home/airflow/.local/lib/python3.7/site-packages/airflow/example_dags/example_sensor_decorator.py took 0.167 seconds
[2023-06-13T23:08:36.715+0000] {processor.py:157} INFO - Started process (PID=7095) to work on /home/airflow/.local/lib/python3.7/site-packages/airflow/example_dags/example_sensor_decorator.py
[2023-06-13T23:08:36.717+0000] {processor.py:826} INFO - Processing file /home/airflow/.local/lib/python3.7/site-packages/airflow/example_dags/example_sensor_decorator.py for tasks to queue
[2023-06-13T23:08:36.718+0000] {logging_mixin.py:149} INFO - [2023-06-13T23:08:36.718+0000] {dagbag.py:541} INFO - Filling up the DagBag from /home/airflow/.local/lib/python3.7/site-packages/airflow/example_dags/example_sensor_decorator.py
[2023-06-13T23:08:36.727+0000] {processor.py:836} INFO - DAG(s) dict_keys(['example_sensor_decorator']) retrieved from /home/airflow/.local/lib/python3.7/site-packages/airflow/example_dags/example_sensor_decorator.py
[2023-06-13T23:08:36.782+0000] {logging_mixin.py:149} INFO - [2023-06-13T23:08:36.782+0000] {dag.py:2726} INFO - Sync 1 DAGs
[2023-06-13T23:08:36.832+0000] {logging_mixin.py:149} INFO - [2023-06-13T23:08:36.832+0000] {dag.py:3490} INFO - Setting next_dagrun for example_sensor_decorator to None, run_after=None
[2023-06-13T23:08:36.890+0000] {processor.py:179} INFO - Processing /home/airflow/.local/lib/python3.7/site-packages/airflow/example_dags/example_sensor_decorator.py took 0.181 seconds
[2023-06-13T23:09:07.475+0000] {processor.py:157} INFO - Started process (PID=7333) to work on /home/airflow/.local/lib/python3.7/site-packages/airflow/example_dags/example_sensor_decorator.py
[2023-06-13T23:09:07.478+0000] {processor.py:826} INFO - Processing file /home/airflow/.local/lib/python3.7/site-packages/airflow/example_dags/example_sensor_decorator.py for tasks to queue
[2023-06-13T23:09:07.478+0000] {logging_mixin.py:149} INFO - [2023-06-13T23:09:07.478+0000] {dagbag.py:541} INFO - Filling up the DagBag from /home/airflow/.local/lib/python3.7/site-packages/airflow/example_dags/example_sensor_decorator.py
[2023-06-13T23:09:07.488+0000] {processor.py:836} INFO - DAG(s) dict_keys(['example_sensor_decorator']) retrieved from /home/airflow/.local/lib/python3.7/site-packages/airflow/example_dags/example_sensor_decorator.py
[2023-06-13T23:09:07.537+0000] {logging_mixin.py:149} INFO - [2023-06-13T23:09:07.537+0000] {dag.py:2726} INFO - Sync 1 DAGs
[2023-06-13T23:09:07.588+0000] {logging_mixin.py:149} INFO - [2023-06-13T23:09:07.587+0000] {dag.py:3490} INFO - Setting next_dagrun for example_sensor_decorator to None, run_after=None
[2023-06-13T23:09:07.645+0000] {processor.py:179} INFO - Processing /home/airflow/.local/lib/python3.7/site-packages/airflow/example_dags/example_sensor_decorator.py took 0.177 seconds
[2023-06-13T23:09:38.036+0000] {processor.py:157} INFO - Started process (PID=7573) to work on /home/airflow/.local/lib/python3.7/site-packages/airflow/example_dags/example_sensor_decorator.py
[2023-06-13T23:09:38.039+0000] {processor.py:826} INFO - Processing file /home/airflow/.local/lib/python3.7/site-packages/airflow/example_dags/example_sensor_decorator.py for tasks to queue
[2023-06-13T23:09:38.040+0000] {logging_mixin.py:149} INFO - [2023-06-13T23:09:38.040+0000] {dagbag.py:541} INFO - Filling up the DagBag from /home/airflow/.local/lib/python3.7/site-packages/airflow/example_dags/example_sensor_decorator.py
[2023-06-13T23:09:38.050+0000] {processor.py:836} INFO - DAG(s) dict_keys(['example_sensor_decorator']) retrieved from /home/airflow/.local/lib/python3.7/site-packages/airflow/example_dags/example_sensor_decorator.py
[2023-06-13T23:09:38.103+0000] {logging_mixin.py:149} INFO - [2023-06-13T23:09:38.102+0000] {dag.py:2726} INFO - Sync 1 DAGs
[2023-06-13T23:09:38.145+0000] {logging_mixin.py:149} INFO - [2023-06-13T23:09:38.145+0000] {dag.py:3490} INFO - Setting next_dagrun for example_sensor_decorator to None, run_after=None
[2023-06-13T23:09:38.187+0000] {processor.py:179} INFO - Processing /home/airflow/.local/lib/python3.7/site-packages/airflow/example_dags/example_sensor_decorator.py took 0.156 seconds
[2023-06-13T23:10:08.548+0000] {processor.py:157} INFO - Started process (PID=7813) to work on /home/airflow/.local/lib/python3.7/site-packages/airflow/example_dags/example_sensor_decorator.py
[2023-06-13T23:10:08.551+0000] {processor.py:826} INFO - Processing file /home/airflow/.local/lib/python3.7/site-packages/airflow/example_dags/example_sensor_decorator.py for tasks to queue
[2023-06-13T23:10:08.552+0000] {logging_mixin.py:149} INFO - [2023-06-13T23:10:08.551+0000] {dagbag.py:541} INFO - Filling up the DagBag from /home/airflow/.local/lib/python3.7/site-packages/airflow/example_dags/example_sensor_decorator.py
[2023-06-13T23:10:08.563+0000] {processor.py:836} INFO - DAG(s) dict_keys(['example_sensor_decorator']) retrieved from /home/airflow/.local/lib/python3.7/site-packages/airflow/example_dags/example_sensor_decorator.py
[2023-06-13T23:10:08.608+0000] {logging_mixin.py:149} INFO - [2023-06-13T23:10:08.608+0000] {dag.py:2726} INFO - Sync 1 DAGs
[2023-06-13T23:10:08.659+0000] {logging_mixin.py:149} INFO - [2023-06-13T23:10:08.659+0000] {dag.py:3490} INFO - Setting next_dagrun for example_sensor_decorator to None, run_after=None
[2023-06-13T23:10:08.723+0000] {processor.py:179} INFO - Processing /home/airflow/.local/lib/python3.7/site-packages/airflow/example_dags/example_sensor_decorator.py took 0.180 seconds
[2023-06-13T23:10:39.459+0000] {processor.py:157} INFO - Started process (PID=8055) to work on /home/airflow/.local/lib/python3.7/site-packages/airflow/example_dags/example_sensor_decorator.py
[2023-06-13T23:10:39.461+0000] {processor.py:826} INFO - Processing file /home/airflow/.local/lib/python3.7/site-packages/airflow/example_dags/example_sensor_decorator.py for tasks to queue
[2023-06-13T23:10:39.463+0000] {logging_mixin.py:149} INFO - [2023-06-13T23:10:39.463+0000] {dagbag.py:541} INFO - Filling up the DagBag from /home/airflow/.local/lib/python3.7/site-packages/airflow/example_dags/example_sensor_decorator.py
[2023-06-13T23:10:39.474+0000] {processor.py:836} INFO - DAG(s) dict_keys(['example_sensor_decorator']) retrieved from /home/airflow/.local/lib/python3.7/site-packages/airflow/example_dags/example_sensor_decorator.py
[2023-06-13T23:10:39.525+0000] {logging_mixin.py:149} INFO - [2023-06-13T23:10:39.524+0000] {dag.py:2726} INFO - Sync 1 DAGs
[2023-06-13T23:10:39.586+0000] {logging_mixin.py:149} INFO - [2023-06-13T23:10:39.586+0000] {dag.py:3490} INFO - Setting next_dagrun for example_sensor_decorator to None, run_after=None
[2023-06-13T23:10:39.642+0000] {processor.py:179} INFO - Processing /home/airflow/.local/lib/python3.7/site-packages/airflow/example_dags/example_sensor_decorator.py took 0.187 seconds
[2023-06-13T23:11:09.986+0000] {processor.py:157} INFO - Started process (PID=8298) to work on /home/airflow/.local/lib/python3.7/site-packages/airflow/example_dags/example_sensor_decorator.py
[2023-06-13T23:11:09.989+0000] {processor.py:826} INFO - Processing file /home/airflow/.local/lib/python3.7/site-packages/airflow/example_dags/example_sensor_decorator.py for tasks to queue
[2023-06-13T23:11:09.990+0000] {logging_mixin.py:149} INFO - [2023-06-13T23:11:09.990+0000] {dagbag.py:541} INFO - Filling up the DagBag from /home/airflow/.local/lib/python3.7/site-packages/airflow/example_dags/example_sensor_decorator.py
[2023-06-13T23:11:09.998+0000] {processor.py:836} INFO - DAG(s) dict_keys(['example_sensor_decorator']) retrieved from /home/airflow/.local/lib/python3.7/site-packages/airflow/example_dags/example_sensor_decorator.py
[2023-06-13T23:11:10.052+0000] {logging_mixin.py:149} INFO - [2023-06-13T23:11:10.052+0000] {dag.py:2726} INFO - Sync 1 DAGs
[2023-06-13T23:11:10.097+0000] {logging_mixin.py:149} INFO - [2023-06-13T23:11:10.096+0000] {dag.py:3490} INFO - Setting next_dagrun for example_sensor_decorator to None, run_after=None
[2023-06-13T23:11:10.150+0000] {processor.py:179} INFO - Processing /home/airflow/.local/lib/python3.7/site-packages/airflow/example_dags/example_sensor_decorator.py took 0.168 seconds
[2023-06-13T23:11:41.227+0000] {processor.py:157} INFO - Started process (PID=8540) to work on /home/airflow/.local/lib/python3.7/site-packages/airflow/example_dags/example_sensor_decorator.py
[2023-06-13T23:11:41.228+0000] {processor.py:826} INFO - Processing file /home/airflow/.local/lib/python3.7/site-packages/airflow/example_dags/example_sensor_decorator.py for tasks to queue
[2023-06-13T23:11:41.230+0000] {logging_mixin.py:149} INFO - [2023-06-13T23:11:41.229+0000] {dagbag.py:541} INFO - Filling up the DagBag from /home/airflow/.local/lib/python3.7/site-packages/airflow/example_dags/example_sensor_decorator.py
[2023-06-13T23:11:41.239+0000] {processor.py:836} INFO - DAG(s) dict_keys(['example_sensor_decorator']) retrieved from /home/airflow/.local/lib/python3.7/site-packages/airflow/example_dags/example_sensor_decorator.py
[2023-06-13T23:11:41.280+0000] {logging_mixin.py:149} INFO - [2023-06-13T23:11:41.280+0000] {dag.py:2726} INFO - Sync 1 DAGs
[2023-06-13T23:11:41.333+0000] {logging_mixin.py:149} INFO - [2023-06-13T23:11:41.333+0000] {dag.py:3490} INFO - Setting next_dagrun for example_sensor_decorator to None, run_after=None
[2023-06-13T23:11:41.388+0000] {processor.py:179} INFO - Processing /home/airflow/.local/lib/python3.7/site-packages/airflow/example_dags/example_sensor_decorator.py took 0.167 seconds
[2023-06-13T23:12:12.023+0000] {processor.py:157} INFO - Started process (PID=8773) to work on /home/airflow/.local/lib/python3.7/site-packages/airflow/example_dags/example_sensor_decorator.py
[2023-06-13T23:12:12.025+0000] {processor.py:826} INFO - Processing file /home/airflow/.local/lib/python3.7/site-packages/airflow/example_dags/example_sensor_decorator.py for tasks to queue
[2023-06-13T23:12:12.027+0000] {logging_mixin.py:149} INFO - [2023-06-13T23:12:12.026+0000] {dagbag.py:541} INFO - Filling up the DagBag from /home/airflow/.local/lib/python3.7/site-packages/airflow/example_dags/example_sensor_decorator.py
[2023-06-13T23:12:12.034+0000] {processor.py:836} INFO - DAG(s) dict_keys(['example_sensor_decorator']) retrieved from /home/airflow/.local/lib/python3.7/site-packages/airflow/example_dags/example_sensor_decorator.py
[2023-06-13T23:12:12.084+0000] {logging_mixin.py:149} INFO - [2023-06-13T23:12:12.083+0000] {dag.py:2726} INFO - Sync 1 DAGs
[2023-06-13T23:12:12.138+0000] {logging_mixin.py:149} INFO - [2023-06-13T23:12:12.137+0000] {dag.py:3490} INFO - Setting next_dagrun for example_sensor_decorator to None, run_after=None
[2023-06-13T23:12:12.195+0000] {processor.py:179} INFO - Processing /home/airflow/.local/lib/python3.7/site-packages/airflow/example_dags/example_sensor_decorator.py took 0.178 seconds
[2023-06-13T23:12:42.614+0000] {processor.py:157} INFO - Started process (PID=9013) to work on /home/airflow/.local/lib/python3.7/site-packages/airflow/example_dags/example_sensor_decorator.py
[2023-06-13T23:12:42.616+0000] {processor.py:826} INFO - Processing file /home/airflow/.local/lib/python3.7/site-packages/airflow/example_dags/example_sensor_decorator.py for tasks to queue
[2023-06-13T23:12:42.616+0000] {logging_mixin.py:149} INFO - [2023-06-13T23:12:42.616+0000] {dagbag.py:541} INFO - Filling up the DagBag from /home/airflow/.local/lib/python3.7/site-packages/airflow/example_dags/example_sensor_decorator.py
[2023-06-13T23:12:42.626+0000] {processor.py:836} INFO - DAG(s) dict_keys(['example_sensor_decorator']) retrieved from /home/airflow/.local/lib/python3.7/site-packages/airflow/example_dags/example_sensor_decorator.py
[2023-06-13T23:12:42.680+0000] {logging_mixin.py:149} INFO - [2023-06-13T23:12:42.679+0000] {dag.py:2726} INFO - Sync 1 DAGs
[2023-06-13T23:12:42.743+0000] {logging_mixin.py:149} INFO - [2023-06-13T23:12:42.743+0000] {dag.py:3490} INFO - Setting next_dagrun for example_sensor_decorator to None, run_after=None
[2023-06-13T23:12:42.807+0000] {processor.py:179} INFO - Processing /home/airflow/.local/lib/python3.7/site-packages/airflow/example_dags/example_sensor_decorator.py took 0.198 seconds
[2023-06-13T23:13:13.785+0000] {processor.py:157} INFO - Started process (PID=9252) to work on /home/airflow/.local/lib/python3.7/site-packages/airflow/example_dags/example_sensor_decorator.py
[2023-06-13T23:13:13.788+0000] {processor.py:826} INFO - Processing file /home/airflow/.local/lib/python3.7/site-packages/airflow/example_dags/example_sensor_decorator.py for tasks to queue
[2023-06-13T23:13:13.789+0000] {logging_mixin.py:149} INFO - [2023-06-13T23:13:13.789+0000] {dagbag.py:541} INFO - Filling up the DagBag from /home/airflow/.local/lib/python3.7/site-packages/airflow/example_dags/example_sensor_decorator.py
[2023-06-13T23:13:13.800+0000] {processor.py:836} INFO - DAG(s) dict_keys(['example_sensor_decorator']) retrieved from /home/airflow/.local/lib/python3.7/site-packages/airflow/example_dags/example_sensor_decorator.py
[2023-06-13T23:13:13.856+0000] {logging_mixin.py:149} INFO - [2023-06-13T23:13:13.856+0000] {dag.py:2726} INFO - Sync 1 DAGs
[2023-06-13T23:13:13.902+0000] {logging_mixin.py:149} INFO - [2023-06-13T23:13:13.901+0000] {dag.py:3490} INFO - Setting next_dagrun for example_sensor_decorator to None, run_after=None
[2023-06-13T23:13:13.940+0000] {processor.py:179} INFO - Processing /home/airflow/.local/lib/python3.7/site-packages/airflow/example_dags/example_sensor_decorator.py took 0.159 seconds
[2023-06-13T23:13:44.522+0000] {processor.py:157} INFO - Started process (PID=9494) to work on /home/airflow/.local/lib/python3.7/site-packages/airflow/example_dags/example_sensor_decorator.py
[2023-06-13T23:13:44.526+0000] {processor.py:826} INFO - Processing file /home/airflow/.local/lib/python3.7/site-packages/airflow/example_dags/example_sensor_decorator.py for tasks to queue
[2023-06-13T23:13:44.527+0000] {logging_mixin.py:149} INFO - [2023-06-13T23:13:44.527+0000] {dagbag.py:541} INFO - Filling up the DagBag from /home/airflow/.local/lib/python3.7/site-packages/airflow/example_dags/example_sensor_decorator.py
[2023-06-13T23:13:44.536+0000] {processor.py:836} INFO - DAG(s) dict_keys(['example_sensor_decorator']) retrieved from /home/airflow/.local/lib/python3.7/site-packages/airflow/example_dags/example_sensor_decorator.py
[2023-06-13T23:13:44.586+0000] {logging_mixin.py:149} INFO - [2023-06-13T23:13:44.585+0000] {dag.py:2726} INFO - Sync 1 DAGs
[2023-06-13T23:13:44.638+0000] {logging_mixin.py:149} INFO - [2023-06-13T23:13:44.638+0000] {dag.py:3490} INFO - Setting next_dagrun for example_sensor_decorator to None, run_after=None
[2023-06-13T23:13:44.683+0000] {processor.py:179} INFO - Processing /home/airflow/.local/lib/python3.7/site-packages/airflow/example_dags/example_sensor_decorator.py took 0.166 seconds
[2023-06-13T23:14:15.061+0000] {processor.py:157} INFO - Started process (PID=9732) to work on /home/airflow/.local/lib/python3.7/site-packages/airflow/example_dags/example_sensor_decorator.py
[2023-06-13T23:14:15.063+0000] {processor.py:826} INFO - Processing file /home/airflow/.local/lib/python3.7/site-packages/airflow/example_dags/example_sensor_decorator.py for tasks to queue
[2023-06-13T23:14:15.066+0000] {logging_mixin.py:149} INFO - [2023-06-13T23:14:15.065+0000] {dagbag.py:541} INFO - Filling up the DagBag from /home/airflow/.local/lib/python3.7/site-packages/airflow/example_dags/example_sensor_decorator.py
[2023-06-13T23:14:15.074+0000] {processor.py:836} INFO - DAG(s) dict_keys(['example_sensor_decorator']) retrieved from /home/airflow/.local/lib/python3.7/site-packages/airflow/example_dags/example_sensor_decorator.py
[2023-06-13T23:14:15.125+0000] {logging_mixin.py:149} INFO - [2023-06-13T23:14:15.125+0000] {dag.py:2726} INFO - Sync 1 DAGs
[2023-06-13T23:14:15.174+0000] {logging_mixin.py:149} INFO - [2023-06-13T23:14:15.173+0000] {dag.py:3490} INFO - Setting next_dagrun for example_sensor_decorator to None, run_after=None
[2023-06-13T23:14:15.226+0000] {processor.py:179} INFO - Processing /home/airflow/.local/lib/python3.7/site-packages/airflow/example_dags/example_sensor_decorator.py took 0.171 seconds
[2023-06-13T23:14:45.602+0000] {processor.py:157} INFO - Started process (PID=9971) to work on /home/airflow/.local/lib/python3.7/site-packages/airflow/example_dags/example_sensor_decorator.py
[2023-06-13T23:14:45.603+0000] {processor.py:826} INFO - Processing file /home/airflow/.local/lib/python3.7/site-packages/airflow/example_dags/example_sensor_decorator.py for tasks to queue
[2023-06-13T23:14:45.604+0000] {logging_mixin.py:149} INFO - [2023-06-13T23:14:45.604+0000] {dagbag.py:541} INFO - Filling up the DagBag from /home/airflow/.local/lib/python3.7/site-packages/airflow/example_dags/example_sensor_decorator.py
[2023-06-13T23:14:45.612+0000] {processor.py:836} INFO - DAG(s) dict_keys(['example_sensor_decorator']) retrieved from /home/airflow/.local/lib/python3.7/site-packages/airflow/example_dags/example_sensor_decorator.py
[2023-06-13T23:14:45.664+0000] {logging_mixin.py:149} INFO - [2023-06-13T23:14:45.663+0000] {dag.py:2726} INFO - Sync 1 DAGs
[2023-06-13T23:14:45.717+0000] {logging_mixin.py:149} INFO - [2023-06-13T23:14:45.717+0000] {dag.py:3490} INFO - Setting next_dagrun for example_sensor_decorator to None, run_after=None
[2023-06-13T23:14:45.777+0000] {processor.py:179} INFO - Processing /home/airflow/.local/lib/python3.7/site-packages/airflow/example_dags/example_sensor_decorator.py took 0.179 seconds
[2023-06-13T23:15:16.583+0000] {processor.py:157} INFO - Started process (PID=10212) to work on /home/airflow/.local/lib/python3.7/site-packages/airflow/example_dags/example_sensor_decorator.py
[2023-06-13T23:15:16.585+0000] {processor.py:826} INFO - Processing file /home/airflow/.local/lib/python3.7/site-packages/airflow/example_dags/example_sensor_decorator.py for tasks to queue
[2023-06-13T23:15:16.587+0000] {logging_mixin.py:149} INFO - [2023-06-13T23:15:16.587+0000] {dagbag.py:541} INFO - Filling up the DagBag from /home/airflow/.local/lib/python3.7/site-packages/airflow/example_dags/example_sensor_decorator.py
[2023-06-13T23:15:16.597+0000] {processor.py:836} INFO - DAG(s) dict_keys(['example_sensor_decorator']) retrieved from /home/airflow/.local/lib/python3.7/site-packages/airflow/example_dags/example_sensor_decorator.py
[2023-06-13T23:15:16.647+0000] {logging_mixin.py:149} INFO - [2023-06-13T23:15:16.646+0000] {dag.py:2726} INFO - Sync 1 DAGs
[2023-06-13T23:15:16.688+0000] {logging_mixin.py:149} INFO - [2023-06-13T23:15:16.687+0000] {dag.py:3490} INFO - Setting next_dagrun for example_sensor_decorator to None, run_after=None
[2023-06-13T23:15:16.731+0000] {processor.py:179} INFO - Processing /home/airflow/.local/lib/python3.7/site-packages/airflow/example_dags/example_sensor_decorator.py took 0.153 seconds
[2023-06-13T23:15:47.263+0000] {processor.py:157} INFO - Started process (PID=10451) to work on /home/airflow/.local/lib/python3.7/site-packages/airflow/example_dags/example_sensor_decorator.py
[2023-06-13T23:15:47.266+0000] {processor.py:826} INFO - Processing file /home/airflow/.local/lib/python3.7/site-packages/airflow/example_dags/example_sensor_decorator.py for tasks to queue
[2023-06-13T23:15:47.268+0000] {logging_mixin.py:149} INFO - [2023-06-13T23:15:47.268+0000] {dagbag.py:541} INFO - Filling up the DagBag from /home/airflow/.local/lib/python3.7/site-packages/airflow/example_dags/example_sensor_decorator.py
[2023-06-13T23:15:47.279+0000] {processor.py:836} INFO - DAG(s) dict_keys(['example_sensor_decorator']) retrieved from /home/airflow/.local/lib/python3.7/site-packages/airflow/example_dags/example_sensor_decorator.py
[2023-06-13T23:15:47.332+0000] {logging_mixin.py:149} INFO - [2023-06-13T23:15:47.331+0000] {dag.py:2726} INFO - Sync 1 DAGs
[2023-06-13T23:15:47.375+0000] {logging_mixin.py:149} INFO - [2023-06-13T23:15:47.375+0000] {dag.py:3490} INFO - Setting next_dagrun for example_sensor_decorator to None, run_after=None
[2023-06-13T23:15:47.426+0000] {processor.py:179} INFO - Processing /home/airflow/.local/lib/python3.7/site-packages/airflow/example_dags/example_sensor_decorator.py took 0.171 seconds
[2023-06-13T23:16:18.041+0000] {processor.py:157} INFO - Started process (PID=10692) to work on /home/airflow/.local/lib/python3.7/site-packages/airflow/example_dags/example_sensor_decorator.py
[2023-06-13T23:16:18.045+0000] {processor.py:826} INFO - Processing file /home/airflow/.local/lib/python3.7/site-packages/airflow/example_dags/example_sensor_decorator.py for tasks to queue
[2023-06-13T23:16:18.047+0000] {logging_mixin.py:149} INFO - [2023-06-13T23:16:18.046+0000] {dagbag.py:541} INFO - Filling up the DagBag from /home/airflow/.local/lib/python3.7/site-packages/airflow/example_dags/example_sensor_decorator.py
[2023-06-13T23:16:18.062+0000] {processor.py:836} INFO - DAG(s) dict_keys(['example_sensor_decorator']) retrieved from /home/airflow/.local/lib/python3.7/site-packages/airflow/example_dags/example_sensor_decorator.py
[2023-06-13T23:16:18.153+0000] {logging_mixin.py:149} INFO - [2023-06-13T23:16:18.153+0000] {dag.py:2726} INFO - Sync 1 DAGs
[2023-06-13T23:16:18.225+0000] {logging_mixin.py:149} INFO - [2023-06-13T23:16:18.225+0000] {dag.py:3490} INFO - Setting next_dagrun for example_sensor_decorator to None, run_after=None
[2023-06-13T23:16:18.297+0000] {processor.py:179} INFO - Processing /home/airflow/.local/lib/python3.7/site-packages/airflow/example_dags/example_sensor_decorator.py took 0.263 seconds
[2023-06-13T23:16:48.402+0000] {processor.py:157} INFO - Started process (PID=10932) to work on /home/airflow/.local/lib/python3.7/site-packages/airflow/example_dags/example_sensor_decorator.py
[2023-06-13T23:16:48.404+0000] {processor.py:826} INFO - Processing file /home/airflow/.local/lib/python3.7/site-packages/airflow/example_dags/example_sensor_decorator.py for tasks to queue
[2023-06-13T23:16:48.405+0000] {logging_mixin.py:149} INFO - [2023-06-13T23:16:48.405+0000] {dagbag.py:541} INFO - Filling up the DagBag from /home/airflow/.local/lib/python3.7/site-packages/airflow/example_dags/example_sensor_decorator.py
[2023-06-13T23:16:48.415+0000] {processor.py:836} INFO - DAG(s) dict_keys(['example_sensor_decorator']) retrieved from /home/airflow/.local/lib/python3.7/site-packages/airflow/example_dags/example_sensor_decorator.py
[2023-06-13T23:16:48.455+0000] {logging_mixin.py:149} INFO - [2023-06-13T23:16:48.455+0000] {dag.py:2726} INFO - Sync 1 DAGs
[2023-06-13T23:16:48.497+0000] {logging_mixin.py:149} INFO - [2023-06-13T23:16:48.497+0000] {dag.py:3490} INFO - Setting next_dagrun for example_sensor_decorator to None, run_after=None
[2023-06-13T23:16:48.534+0000] {processor.py:179} INFO - Processing /home/airflow/.local/lib/python3.7/site-packages/airflow/example_dags/example_sensor_decorator.py took 0.136 seconds
[2023-06-13T23:17:19.538+0000] {processor.py:157} INFO - Started process (PID=11171) to work on /home/airflow/.local/lib/python3.7/site-packages/airflow/example_dags/example_sensor_decorator.py
[2023-06-13T23:17:19.541+0000] {processor.py:826} INFO - Processing file /home/airflow/.local/lib/python3.7/site-packages/airflow/example_dags/example_sensor_decorator.py for tasks to queue
[2023-06-13T23:17:19.542+0000] {logging_mixin.py:149} INFO - [2023-06-13T23:17:19.542+0000] {dagbag.py:541} INFO - Filling up the DagBag from /home/airflow/.local/lib/python3.7/site-packages/airflow/example_dags/example_sensor_decorator.py
[2023-06-13T23:17:19.552+0000] {processor.py:836} INFO - DAG(s) dict_keys(['example_sensor_decorator']) retrieved from /home/airflow/.local/lib/python3.7/site-packages/airflow/example_dags/example_sensor_decorator.py
[2023-06-13T23:17:19.605+0000] {logging_mixin.py:149} INFO - [2023-06-13T23:17:19.605+0000] {dag.py:2726} INFO - Sync 1 DAGs
[2023-06-13T23:17:19.672+0000] {logging_mixin.py:149} INFO - [2023-06-13T23:17:19.672+0000] {dag.py:3490} INFO - Setting next_dagrun for example_sensor_decorator to None, run_after=None
[2023-06-13T23:17:19.763+0000] {processor.py:179} INFO - Processing /home/airflow/.local/lib/python3.7/site-packages/airflow/example_dags/example_sensor_decorator.py took 0.230 seconds
[2023-06-13T23:17:50.752+0000] {processor.py:157} INFO - Started process (PID=11411) to work on /home/airflow/.local/lib/python3.7/site-packages/airflow/example_dags/example_sensor_decorator.py
[2023-06-13T23:17:50.754+0000] {processor.py:826} INFO - Processing file /home/airflow/.local/lib/python3.7/site-packages/airflow/example_dags/example_sensor_decorator.py for tasks to queue
[2023-06-13T23:17:50.755+0000] {logging_mixin.py:149} INFO - [2023-06-13T23:17:50.755+0000] {dagbag.py:541} INFO - Filling up the DagBag from /home/airflow/.local/lib/python3.7/site-packages/airflow/example_dags/example_sensor_decorator.py
[2023-06-13T23:17:50.766+0000] {processor.py:836} INFO - DAG(s) dict_keys(['example_sensor_decorator']) retrieved from /home/airflow/.local/lib/python3.7/site-packages/airflow/example_dags/example_sensor_decorator.py
[2023-06-13T23:17:50.844+0000] {logging_mixin.py:149} INFO - [2023-06-13T23:17:50.843+0000] {dag.py:2726} INFO - Sync 1 DAGs
[2023-06-13T23:17:50.907+0000] {logging_mixin.py:149} INFO - [2023-06-13T23:17:50.906+0000] {dag.py:3490} INFO - Setting next_dagrun for example_sensor_decorator to None, run_after=None
[2023-06-13T23:17:50.995+0000] {processor.py:179} INFO - Processing /home/airflow/.local/lib/python3.7/site-packages/airflow/example_dags/example_sensor_decorator.py took 0.250 seconds
[2023-06-13T23:18:21.549+0000] {processor.py:157} INFO - Started process (PID=11651) to work on /home/airflow/.local/lib/python3.7/site-packages/airflow/example_dags/example_sensor_decorator.py
[2023-06-13T23:18:21.555+0000] {processor.py:826} INFO - Processing file /home/airflow/.local/lib/python3.7/site-packages/airflow/example_dags/example_sensor_decorator.py for tasks to queue
[2023-06-13T23:18:21.557+0000] {logging_mixin.py:149} INFO - [2023-06-13T23:18:21.556+0000] {dagbag.py:541} INFO - Filling up the DagBag from /home/airflow/.local/lib/python3.7/site-packages/airflow/example_dags/example_sensor_decorator.py
[2023-06-13T23:18:21.568+0000] {processor.py:836} INFO - DAG(s) dict_keys(['example_sensor_decorator']) retrieved from /home/airflow/.local/lib/python3.7/site-packages/airflow/example_dags/example_sensor_decorator.py
[2023-06-13T23:18:21.637+0000] {logging_mixin.py:149} INFO - [2023-06-13T23:18:21.636+0000] {dag.py:2726} INFO - Sync 1 DAGs
[2023-06-13T23:18:21.693+0000] {logging_mixin.py:149} INFO - [2023-06-13T23:18:21.692+0000] {dag.py:3490} INFO - Setting next_dagrun for example_sensor_decorator to None, run_after=None
[2023-06-13T23:18:21.754+0000] {processor.py:179} INFO - Processing /home/airflow/.local/lib/python3.7/site-packages/airflow/example_dags/example_sensor_decorator.py took 0.211 seconds
[2023-06-13T23:18:52.688+0000] {processor.py:157} INFO - Started process (PID=11891) to work on /home/airflow/.local/lib/python3.7/site-packages/airflow/example_dags/example_sensor_decorator.py
[2023-06-13T23:18:52.693+0000] {processor.py:826} INFO - Processing file /home/airflow/.local/lib/python3.7/site-packages/airflow/example_dags/example_sensor_decorator.py for tasks to queue
[2023-06-13T23:18:52.694+0000] {logging_mixin.py:149} INFO - [2023-06-13T23:18:52.694+0000] {dagbag.py:541} INFO - Filling up the DagBag from /home/airflow/.local/lib/python3.7/site-packages/airflow/example_dags/example_sensor_decorator.py
[2023-06-13T23:18:52.706+0000] {processor.py:836} INFO - DAG(s) dict_keys(['example_sensor_decorator']) retrieved from /home/airflow/.local/lib/python3.7/site-packages/airflow/example_dags/example_sensor_decorator.py
[2023-06-13T23:18:52.776+0000] {logging_mixin.py:149} INFO - [2023-06-13T23:18:52.775+0000] {dag.py:2726} INFO - Sync 1 DAGs
[2023-06-13T23:18:52.854+0000] {logging_mixin.py:149} INFO - [2023-06-13T23:18:52.853+0000] {dag.py:3490} INFO - Setting next_dagrun for example_sensor_decorator to None, run_after=None
[2023-06-13T23:18:52.938+0000] {processor.py:179} INFO - Processing /home/airflow/.local/lib/python3.7/site-packages/airflow/example_dags/example_sensor_decorator.py took 0.257 seconds
[2023-06-13T23:19:23.689+0000] {processor.py:157} INFO - Started process (PID=12131) to work on /home/airflow/.local/lib/python3.7/site-packages/airflow/example_dags/example_sensor_decorator.py
[2023-06-13T23:19:23.692+0000] {processor.py:826} INFO - Processing file /home/airflow/.local/lib/python3.7/site-packages/airflow/example_dags/example_sensor_decorator.py for tasks to queue
[2023-06-13T23:19:23.696+0000] {logging_mixin.py:149} INFO - [2023-06-13T23:19:23.695+0000] {dagbag.py:541} INFO - Filling up the DagBag from /home/airflow/.local/lib/python3.7/site-packages/airflow/example_dags/example_sensor_decorator.py
[2023-06-13T23:19:23.710+0000] {processor.py:836} INFO - DAG(s) dict_keys(['example_sensor_decorator']) retrieved from /home/airflow/.local/lib/python3.7/site-packages/airflow/example_dags/example_sensor_decorator.py
[2023-06-13T23:19:23.775+0000] {logging_mixin.py:149} INFO - [2023-06-13T23:19:23.774+0000] {dag.py:2726} INFO - Sync 1 DAGs
[2023-06-13T23:19:23.841+0000] {logging_mixin.py:149} INFO - [2023-06-13T23:19:23.840+0000] {dag.py:3490} INFO - Setting next_dagrun for example_sensor_decorator to None, run_after=None
[2023-06-13T23:19:23.901+0000] {processor.py:179} INFO - Processing /home/airflow/.local/lib/python3.7/site-packages/airflow/example_dags/example_sensor_decorator.py took 0.218 seconds
[2023-06-13T23:19:54.385+0000] {processor.py:157} INFO - Started process (PID=12371) to work on /home/airflow/.local/lib/python3.7/site-packages/airflow/example_dags/example_sensor_decorator.py
[2023-06-13T23:19:54.387+0000] {processor.py:826} INFO - Processing file /home/airflow/.local/lib/python3.7/site-packages/airflow/example_dags/example_sensor_decorator.py for tasks to queue
[2023-06-13T23:19:54.388+0000] {logging_mixin.py:149} INFO - [2023-06-13T23:19:54.388+0000] {dagbag.py:541} INFO - Filling up the DagBag from /home/airflow/.local/lib/python3.7/site-packages/airflow/example_dags/example_sensor_decorator.py
[2023-06-13T23:19:54.398+0000] {processor.py:836} INFO - DAG(s) dict_keys(['example_sensor_decorator']) retrieved from /home/airflow/.local/lib/python3.7/site-packages/airflow/example_dags/example_sensor_decorator.py
[2023-06-13T23:19:54.461+0000] {logging_mixin.py:149} INFO - [2023-06-13T23:19:54.460+0000] {dag.py:2726} INFO - Sync 1 DAGs
[2023-06-13T23:19:54.561+0000] {logging_mixin.py:149} INFO - [2023-06-13T23:19:54.560+0000] {dag.py:3490} INFO - Setting next_dagrun for example_sensor_decorator to None, run_after=None
[2023-06-13T23:19:54.641+0000] {processor.py:179} INFO - Processing /home/airflow/.local/lib/python3.7/site-packages/airflow/example_dags/example_sensor_decorator.py took 0.266 seconds
[2023-06-13T23:20:25.775+0000] {processor.py:157} INFO - Started process (PID=12611) to work on /home/airflow/.local/lib/python3.7/site-packages/airflow/example_dags/example_sensor_decorator.py
[2023-06-13T23:20:25.779+0000] {processor.py:826} INFO - Processing file /home/airflow/.local/lib/python3.7/site-packages/airflow/example_dags/example_sensor_decorator.py for tasks to queue
[2023-06-13T23:20:25.781+0000] {logging_mixin.py:149} INFO - [2023-06-13T23:20:25.780+0000] {dagbag.py:541} INFO - Filling up the DagBag from /home/airflow/.local/lib/python3.7/site-packages/airflow/example_dags/example_sensor_decorator.py
[2023-06-13T23:20:25.792+0000] {processor.py:836} INFO - DAG(s) dict_keys(['example_sensor_decorator']) retrieved from /home/airflow/.local/lib/python3.7/site-packages/airflow/example_dags/example_sensor_decorator.py
[2023-06-13T23:20:25.869+0000] {logging_mixin.py:149} INFO - [2023-06-13T23:20:25.869+0000] {dag.py:2726} INFO - Sync 1 DAGs
[2023-06-13T23:20:25.966+0000] {logging_mixin.py:149} INFO - [2023-06-13T23:20:25.965+0000] {dag.py:3490} INFO - Setting next_dagrun for example_sensor_decorator to None, run_after=None
[2023-06-13T23:20:26.098+0000] {processor.py:179} INFO - Processing /home/airflow/.local/lib/python3.7/site-packages/airflow/example_dags/example_sensor_decorator.py took 0.329 seconds
[2023-06-13T23:20:56.400+0000] {processor.py:157} INFO - Started process (PID=12851) to work on /home/airflow/.local/lib/python3.7/site-packages/airflow/example_dags/example_sensor_decorator.py
[2023-06-13T23:20:56.402+0000] {processor.py:826} INFO - Processing file /home/airflow/.local/lib/python3.7/site-packages/airflow/example_dags/example_sensor_decorator.py for tasks to queue
[2023-06-13T23:20:56.404+0000] {logging_mixin.py:149} INFO - [2023-06-13T23:20:56.403+0000] {dagbag.py:541} INFO - Filling up the DagBag from /home/airflow/.local/lib/python3.7/site-packages/airflow/example_dags/example_sensor_decorator.py
[2023-06-13T23:20:56.418+0000] {processor.py:836} INFO - DAG(s) dict_keys(['example_sensor_decorator']) retrieved from /home/airflow/.local/lib/python3.7/site-packages/airflow/example_dags/example_sensor_decorator.py
[2023-06-13T23:20:56.499+0000] {logging_mixin.py:149} INFO - [2023-06-13T23:20:56.499+0000] {dag.py:2726} INFO - Sync 1 DAGs
[2023-06-13T23:20:56.561+0000] {logging_mixin.py:149} INFO - [2023-06-13T23:20:56.560+0000] {dag.py:3490} INFO - Setting next_dagrun for example_sensor_decorator to None, run_after=None
[2023-06-13T23:20:56.628+0000] {processor.py:179} INFO - Processing /home/airflow/.local/lib/python3.7/site-packages/airflow/example_dags/example_sensor_decorator.py took 0.233 seconds
[2023-06-13T23:21:27.198+0000] {processor.py:157} INFO - Started process (PID=13090) to work on /home/airflow/.local/lib/python3.7/site-packages/airflow/example_dags/example_sensor_decorator.py
[2023-06-13T23:21:27.201+0000] {processor.py:826} INFO - Processing file /home/airflow/.local/lib/python3.7/site-packages/airflow/example_dags/example_sensor_decorator.py for tasks to queue
[2023-06-13T23:21:27.203+0000] {logging_mixin.py:149} INFO - [2023-06-13T23:21:27.203+0000] {dagbag.py:541} INFO - Filling up the DagBag from /home/airflow/.local/lib/python3.7/site-packages/airflow/example_dags/example_sensor_decorator.py
[2023-06-13T23:21:27.219+0000] {processor.py:836} INFO - DAG(s) dict_keys(['example_sensor_decorator']) retrieved from /home/airflow/.local/lib/python3.7/site-packages/airflow/example_dags/example_sensor_decorator.py
[2023-06-13T23:21:27.303+0000] {logging_mixin.py:149} INFO - [2023-06-13T23:21:27.302+0000] {dag.py:2726} INFO - Sync 1 DAGs
[2023-06-13T23:21:27.376+0000] {logging_mixin.py:149} INFO - [2023-06-13T23:21:27.375+0000] {dag.py:3490} INFO - Setting next_dagrun for example_sensor_decorator to None, run_after=None
[2023-06-13T23:21:27.446+0000] {processor.py:179} INFO - Processing /home/airflow/.local/lib/python3.7/site-packages/airflow/example_dags/example_sensor_decorator.py took 0.257 seconds
[2023-06-13T23:21:59.697+0000] {processor.py:157} INFO - Started process (PID=13331) to work on /home/airflow/.local/lib/python3.7/site-packages/airflow/example_dags/example_sensor_decorator.py
[2023-06-13T23:21:59.700+0000] {processor.py:826} INFO - Processing file /home/airflow/.local/lib/python3.7/site-packages/airflow/example_dags/example_sensor_decorator.py for tasks to queue
[2023-06-13T23:21:59.701+0000] {logging_mixin.py:149} INFO - [2023-06-13T23:21:59.701+0000] {dagbag.py:541} INFO - Filling up the DagBag from /home/airflow/.local/lib/python3.7/site-packages/airflow/example_dags/example_sensor_decorator.py
[2023-06-13T23:21:59.715+0000] {processor.py:836} INFO - DAG(s) dict_keys(['example_sensor_decorator']) retrieved from /home/airflow/.local/lib/python3.7/site-packages/airflow/example_dags/example_sensor_decorator.py
[2023-06-13T23:21:59.788+0000] {logging_mixin.py:149} INFO - [2023-06-13T23:21:59.788+0000] {dag.py:2726} INFO - Sync 1 DAGs
[2023-06-13T23:21:59.856+0000] {logging_mixin.py:149} INFO - [2023-06-13T23:21:59.856+0000] {dag.py:3490} INFO - Setting next_dagrun for example_sensor_decorator to None, run_after=None
[2023-06-13T23:21:59.923+0000] {processor.py:179} INFO - Processing /home/airflow/.local/lib/python3.7/site-packages/airflow/example_dags/example_sensor_decorator.py took 0.234 seconds
[2023-06-13T23:22:30.678+0000] {processor.py:157} INFO - Started process (PID=13568) to work on /home/airflow/.local/lib/python3.7/site-packages/airflow/example_dags/example_sensor_decorator.py
[2023-06-13T23:22:30.679+0000] {processor.py:826} INFO - Processing file /home/airflow/.local/lib/python3.7/site-packages/airflow/example_dags/example_sensor_decorator.py for tasks to queue
[2023-06-13T23:22:30.680+0000] {logging_mixin.py:149} INFO - [2023-06-13T23:22:30.679+0000] {dagbag.py:541} INFO - Filling up the DagBag from /home/airflow/.local/lib/python3.7/site-packages/airflow/example_dags/example_sensor_decorator.py
[2023-06-13T23:22:30.688+0000] {processor.py:836} INFO - DAG(s) dict_keys(['example_sensor_decorator']) retrieved from /home/airflow/.local/lib/python3.7/site-packages/airflow/example_dags/example_sensor_decorator.py
[2023-06-13T23:22:30.731+0000] {logging_mixin.py:149} INFO - [2023-06-13T23:22:30.730+0000] {dag.py:2726} INFO - Sync 1 DAGs
[2023-06-13T23:22:30.787+0000] {logging_mixin.py:149} INFO - [2023-06-13T23:22:30.787+0000] {dag.py:3490} INFO - Setting next_dagrun for example_sensor_decorator to None, run_after=None
[2023-06-13T23:22:30.833+0000] {processor.py:179} INFO - Processing /home/airflow/.local/lib/python3.7/site-packages/airflow/example_dags/example_sensor_decorator.py took 0.160 seconds
[2023-06-13T23:23:00.963+0000] {processor.py:157} INFO - Started process (PID=13796) to work on /home/airflow/.local/lib/python3.7/site-packages/airflow/example_dags/example_sensor_decorator.py
[2023-06-13T23:23:00.964+0000] {processor.py:826} INFO - Processing file /home/airflow/.local/lib/python3.7/site-packages/airflow/example_dags/example_sensor_decorator.py for tasks to queue
[2023-06-13T23:23:00.965+0000] {logging_mixin.py:149} INFO - [2023-06-13T23:23:00.965+0000] {dagbag.py:541} INFO - Filling up the DagBag from /home/airflow/.local/lib/python3.7/site-packages/airflow/example_dags/example_sensor_decorator.py
[2023-06-13T23:23:00.973+0000] {processor.py:836} INFO - DAG(s) dict_keys(['example_sensor_decorator']) retrieved from /home/airflow/.local/lib/python3.7/site-packages/airflow/example_dags/example_sensor_decorator.py
[2023-06-13T23:23:01.015+0000] {logging_mixin.py:149} INFO - [2023-06-13T23:23:01.015+0000] {dag.py:2726} INFO - Sync 1 DAGs
[2023-06-13T23:23:01.061+0000] {logging_mixin.py:149} INFO - [2023-06-13T23:23:01.061+0000] {dag.py:3490} INFO - Setting next_dagrun for example_sensor_decorator to None, run_after=None
[2023-06-13T23:23:01.095+0000] {processor.py:179} INFO - Processing /home/airflow/.local/lib/python3.7/site-packages/airflow/example_dags/example_sensor_decorator.py took 0.135 seconds
[2023-06-13T23:23:31.715+0000] {processor.py:157} INFO - Started process (PID=14043) to work on /home/airflow/.local/lib/python3.7/site-packages/airflow/example_dags/example_sensor_decorator.py
[2023-06-13T23:23:31.718+0000] {processor.py:826} INFO - Processing file /home/airflow/.local/lib/python3.7/site-packages/airflow/example_dags/example_sensor_decorator.py for tasks to queue
[2023-06-13T23:23:31.722+0000] {logging_mixin.py:149} INFO - [2023-06-13T23:23:31.722+0000] {dagbag.py:541} INFO - Filling up the DagBag from /home/airflow/.local/lib/python3.7/site-packages/airflow/example_dags/example_sensor_decorator.py
[2023-06-13T23:23:31.730+0000] {processor.py:836} INFO - DAG(s) dict_keys(['example_sensor_decorator']) retrieved from /home/airflow/.local/lib/python3.7/site-packages/airflow/example_dags/example_sensor_decorator.py
[2023-06-13T23:23:31.780+0000] {logging_mixin.py:149} INFO - [2023-06-13T23:23:31.779+0000] {dag.py:2726} INFO - Sync 1 DAGs
[2023-06-13T23:23:31.831+0000] {logging_mixin.py:149} INFO - [2023-06-13T23:23:31.831+0000] {dag.py:3490} INFO - Setting next_dagrun for example_sensor_decorator to None, run_after=None
[2023-06-13T23:23:31.878+0000] {processor.py:179} INFO - Processing /home/airflow/.local/lib/python3.7/site-packages/airflow/example_dags/example_sensor_decorator.py took 0.167 seconds
[2023-06-13T23:24:02.287+0000] {processor.py:157} INFO - Started process (PID=14283) to work on /home/airflow/.local/lib/python3.7/site-packages/airflow/example_dags/example_sensor_decorator.py
[2023-06-13T23:24:02.289+0000] {processor.py:826} INFO - Processing file /home/airflow/.local/lib/python3.7/site-packages/airflow/example_dags/example_sensor_decorator.py for tasks to queue
[2023-06-13T23:24:02.290+0000] {logging_mixin.py:149} INFO - [2023-06-13T23:24:02.290+0000] {dagbag.py:541} INFO - Filling up the DagBag from /home/airflow/.local/lib/python3.7/site-packages/airflow/example_dags/example_sensor_decorator.py
[2023-06-13T23:24:02.299+0000] {processor.py:836} INFO - DAG(s) dict_keys(['example_sensor_decorator']) retrieved from /home/airflow/.local/lib/python3.7/site-packages/airflow/example_dags/example_sensor_decorator.py
[2023-06-13T23:24:02.343+0000] {logging_mixin.py:149} INFO - [2023-06-13T23:24:02.343+0000] {dag.py:2726} INFO - Sync 1 DAGs
[2023-06-13T23:24:02.400+0000] {logging_mixin.py:149} INFO - [2023-06-13T23:24:02.400+0000] {dag.py:3490} INFO - Setting next_dagrun for example_sensor_decorator to None, run_after=None
[2023-06-13T23:24:02.440+0000] {processor.py:179} INFO - Processing /home/airflow/.local/lib/python3.7/site-packages/airflow/example_dags/example_sensor_decorator.py took 0.159 seconds
[2023-06-13T23:24:32.582+0000] {processor.py:157} INFO - Started process (PID=14523) to work on /home/airflow/.local/lib/python3.7/site-packages/airflow/example_dags/example_sensor_decorator.py
[2023-06-13T23:24:32.584+0000] {processor.py:826} INFO - Processing file /home/airflow/.local/lib/python3.7/site-packages/airflow/example_dags/example_sensor_decorator.py for tasks to queue
[2023-06-13T23:24:32.586+0000] {logging_mixin.py:149} INFO - [2023-06-13T23:24:32.586+0000] {dagbag.py:541} INFO - Filling up the DagBag from /home/airflow/.local/lib/python3.7/site-packages/airflow/example_dags/example_sensor_decorator.py
[2023-06-13T23:24:32.596+0000] {processor.py:836} INFO - DAG(s) dict_keys(['example_sensor_decorator']) retrieved from /home/airflow/.local/lib/python3.7/site-packages/airflow/example_dags/example_sensor_decorator.py
[2023-06-13T23:24:32.656+0000] {logging_mixin.py:149} INFO - [2023-06-13T23:24:32.655+0000] {dag.py:2726} INFO - Sync 1 DAGs
[2023-06-13T23:24:32.712+0000] {logging_mixin.py:149} INFO - [2023-06-13T23:24:32.711+0000] {dag.py:3490} INFO - Setting next_dagrun for example_sensor_decorator to None, run_after=None
[2023-06-13T23:24:32.773+0000] {processor.py:179} INFO - Processing /home/airflow/.local/lib/python3.7/site-packages/airflow/example_dags/example_sensor_decorator.py took 0.197 seconds
[2023-06-13T23:25:02.958+0000] {processor.py:157} INFO - Started process (PID=14760) to work on /home/airflow/.local/lib/python3.7/site-packages/airflow/example_dags/example_sensor_decorator.py
[2023-06-13T23:25:02.959+0000] {processor.py:826} INFO - Processing file /home/airflow/.local/lib/python3.7/site-packages/airflow/example_dags/example_sensor_decorator.py for tasks to queue
[2023-06-13T23:25:02.961+0000] {logging_mixin.py:149} INFO - [2023-06-13T23:25:02.960+0000] {dagbag.py:541} INFO - Filling up the DagBag from /home/airflow/.local/lib/python3.7/site-packages/airflow/example_dags/example_sensor_decorator.py
[2023-06-13T23:25:02.972+0000] {processor.py:836} INFO - DAG(s) dict_keys(['example_sensor_decorator']) retrieved from /home/airflow/.local/lib/python3.7/site-packages/airflow/example_dags/example_sensor_decorator.py
[2023-06-13T23:25:03.036+0000] {logging_mixin.py:149} INFO - [2023-06-13T23:25:03.035+0000] {dag.py:2726} INFO - Sync 1 DAGs
[2023-06-13T23:25:03.087+0000] {logging_mixin.py:149} INFO - [2023-06-13T23:25:03.086+0000] {dag.py:3490} INFO - Setting next_dagrun for example_sensor_decorator to None, run_after=None
[2023-06-13T23:25:03.148+0000] {processor.py:179} INFO - Processing /home/airflow/.local/lib/python3.7/site-packages/airflow/example_dags/example_sensor_decorator.py took 0.198 seconds
[2023-06-13T23:25:33.534+0000] {processor.py:157} INFO - Started process (PID=14999) to work on /home/airflow/.local/lib/python3.7/site-packages/airflow/example_dags/example_sensor_decorator.py
[2023-06-13T23:25:33.539+0000] {processor.py:826} INFO - Processing file /home/airflow/.local/lib/python3.7/site-packages/airflow/example_dags/example_sensor_decorator.py for tasks to queue
[2023-06-13T23:25:33.541+0000] {logging_mixin.py:149} INFO - [2023-06-13T23:25:33.541+0000] {dagbag.py:541} INFO - Filling up the DagBag from /home/airflow/.local/lib/python3.7/site-packages/airflow/example_dags/example_sensor_decorator.py
[2023-06-13T23:25:33.556+0000] {processor.py:836} INFO - DAG(s) dict_keys(['example_sensor_decorator']) retrieved from /home/airflow/.local/lib/python3.7/site-packages/airflow/example_dags/example_sensor_decorator.py
[2023-06-13T23:25:33.620+0000] {logging_mixin.py:149} INFO - [2023-06-13T23:25:33.619+0000] {dag.py:2726} INFO - Sync 1 DAGs
[2023-06-13T23:25:33.678+0000] {logging_mixin.py:149} INFO - [2023-06-13T23:25:33.678+0000] {dag.py:3490} INFO - Setting next_dagrun for example_sensor_decorator to None, run_after=None
[2023-06-13T23:25:33.743+0000] {processor.py:179} INFO - Processing /home/airflow/.local/lib/python3.7/site-packages/airflow/example_dags/example_sensor_decorator.py took 0.213 seconds
