[2023-06-13T22:54:13.937+0000] {processor.py:157} INFO - Started process (PID=353) to work on /home/airflow/.local/lib/python3.7/site-packages/airflow/example_dags/example_task_group_decorator.py
[2023-06-13T22:54:13.939+0000] {processor.py:826} INFO - Processing file /home/airflow/.local/lib/python3.7/site-packages/airflow/example_dags/example_task_group_decorator.py for tasks to queue
[2023-06-13T22:54:13.940+0000] {logging_mixin.py:149} INFO - [2023-06-13T22:54:13.939+0000] {dagbag.py:541} INFO - Filling up the DagBag from /home/airflow/.local/lib/python3.7/site-packages/airflow/example_dags/example_task_group_decorator.py
[2023-06-13T22:54:13.968+0000] {processor.py:836} INFO - DAG(s) dict_keys(['example_task_group_decorator']) retrieved from /home/airflow/.local/lib/python3.7/site-packages/airflow/example_dags/example_task_group_decorator.py
[2023-06-13T22:54:14.076+0000] {logging_mixin.py:149} INFO - [2023-06-13T22:54:14.076+0000] {dag.py:2726} INFO - Sync 1 DAGs
[2023-06-13T22:54:14.128+0000] {logging_mixin.py:149} INFO - [2023-06-13T22:54:14.128+0000] {dag.py:3490} INFO - Setting next_dagrun for example_task_group_decorator to 2023-06-12T22:54:14.127500+00:00, run_after=2023-06-13T22:54:14.127500+00:00
[2023-06-13T22:54:14.184+0000] {processor.py:179} INFO - Processing /home/airflow/.local/lib/python3.7/site-packages/airflow/example_dags/example_task_group_decorator.py took 0.253 seconds
[2023-06-13T22:54:46.975+0000] {processor.py:157} INFO - Started process (PID=592) to work on /home/airflow/.local/lib/python3.7/site-packages/airflow/example_dags/example_task_group_decorator.py
[2023-06-13T22:54:46.978+0000] {processor.py:826} INFO - Processing file /home/airflow/.local/lib/python3.7/site-packages/airflow/example_dags/example_task_group_decorator.py for tasks to queue
[2023-06-13T22:54:46.979+0000] {logging_mixin.py:149} INFO - [2023-06-13T22:54:46.979+0000] {dagbag.py:541} INFO - Filling up the DagBag from /home/airflow/.local/lib/python3.7/site-packages/airflow/example_dags/example_task_group_decorator.py
[2023-06-13T22:54:47.003+0000] {processor.py:836} INFO - DAG(s) dict_keys(['example_task_group_decorator']) retrieved from /home/airflow/.local/lib/python3.7/site-packages/airflow/example_dags/example_task_group_decorator.py
[2023-06-13T22:54:47.069+0000] {logging_mixin.py:149} INFO - [2023-06-13T22:54:47.069+0000] {dag.py:2726} INFO - Sync 1 DAGs
[2023-06-13T22:54:47.297+0000] {logging_mixin.py:149} INFO - [2023-06-13T22:54:47.297+0000] {dag.py:3490} INFO - Setting next_dagrun for example_task_group_decorator to 2023-06-12T22:54:47.296804+00:00, run_after=2023-06-13T22:54:47.296804+00:00
[2023-06-13T22:54:47.343+0000] {processor.py:179} INFO - Processing /home/airflow/.local/lib/python3.7/site-packages/airflow/example_dags/example_task_group_decorator.py took 0.373 seconds
[2023-06-13T22:55:17.612+0000] {processor.py:157} INFO - Started process (PID=832) to work on /home/airflow/.local/lib/python3.7/site-packages/airflow/example_dags/example_task_group_decorator.py
[2023-06-13T22:55:17.615+0000] {processor.py:826} INFO - Processing file /home/airflow/.local/lib/python3.7/site-packages/airflow/example_dags/example_task_group_decorator.py for tasks to queue
[2023-06-13T22:55:17.616+0000] {logging_mixin.py:149} INFO - [2023-06-13T22:55:17.616+0000] {dagbag.py:541} INFO - Filling up the DagBag from /home/airflow/.local/lib/python3.7/site-packages/airflow/example_dags/example_task_group_decorator.py
[2023-06-13T22:55:17.643+0000] {processor.py:836} INFO - DAG(s) dict_keys(['example_task_group_decorator']) retrieved from /home/airflow/.local/lib/python3.7/site-packages/airflow/example_dags/example_task_group_decorator.py
[2023-06-13T22:55:17.724+0000] {logging_mixin.py:149} INFO - [2023-06-13T22:55:17.724+0000] {dag.py:2726} INFO - Sync 1 DAGs
[2023-06-13T22:55:17.778+0000] {logging_mixin.py:149} INFO - [2023-06-13T22:55:17.778+0000] {dag.py:3490} INFO - Setting next_dagrun for example_task_group_decorator to 2023-06-12T22:55:17.777718+00:00, run_after=2023-06-13T22:55:17.777718+00:00
[2023-06-13T22:55:17.849+0000] {processor.py:179} INFO - Processing /home/airflow/.local/lib/python3.7/site-packages/airflow/example_dags/example_task_group_decorator.py took 0.243 seconds
[2023-06-13T22:55:48.378+0000] {processor.py:157} INFO - Started process (PID=1084) to work on /home/airflow/.local/lib/python3.7/site-packages/airflow/example_dags/example_task_group_decorator.py
[2023-06-13T22:55:48.381+0000] {processor.py:826} INFO - Processing file /home/airflow/.local/lib/python3.7/site-packages/airflow/example_dags/example_task_group_decorator.py for tasks to queue
[2023-06-13T22:55:48.383+0000] {logging_mixin.py:149} INFO - [2023-06-13T22:55:48.383+0000] {dagbag.py:541} INFO - Filling up the DagBag from /home/airflow/.local/lib/python3.7/site-packages/airflow/example_dags/example_task_group_decorator.py
[2023-06-13T22:55:48.424+0000] {processor.py:836} INFO - DAG(s) dict_keys(['example_task_group_decorator']) retrieved from /home/airflow/.local/lib/python3.7/site-packages/airflow/example_dags/example_task_group_decorator.py
[2023-06-13T22:55:48.509+0000] {logging_mixin.py:149} INFO - [2023-06-13T22:55:48.509+0000] {dag.py:2726} INFO - Sync 1 DAGs
[2023-06-13T22:55:48.569+0000] {logging_mixin.py:149} INFO - [2023-06-13T22:55:48.569+0000] {dag.py:3490} INFO - Setting next_dagrun for example_task_group_decorator to 2023-06-12T22:55:48.568568+00:00, run_after=2023-06-13T22:55:48.568568+00:00
[2023-06-13T22:55:48.633+0000] {processor.py:179} INFO - Processing /home/airflow/.local/lib/python3.7/site-packages/airflow/example_dags/example_task_group_decorator.py took 0.261 seconds
[2023-06-13T22:56:18.938+0000] {processor.py:157} INFO - Started process (PID=1324) to work on /home/airflow/.local/lib/python3.7/site-packages/airflow/example_dags/example_task_group_decorator.py
[2023-06-13T22:56:18.940+0000] {processor.py:826} INFO - Processing file /home/airflow/.local/lib/python3.7/site-packages/airflow/example_dags/example_task_group_decorator.py for tasks to queue
[2023-06-13T22:56:18.941+0000] {logging_mixin.py:149} INFO - [2023-06-13T22:56:18.941+0000] {dagbag.py:541} INFO - Filling up the DagBag from /home/airflow/.local/lib/python3.7/site-packages/airflow/example_dags/example_task_group_decorator.py
[2023-06-13T22:56:18.970+0000] {processor.py:836} INFO - DAG(s) dict_keys(['example_task_group_decorator']) retrieved from /home/airflow/.local/lib/python3.7/site-packages/airflow/example_dags/example_task_group_decorator.py
[2023-06-13T22:56:19.029+0000] {logging_mixin.py:149} INFO - [2023-06-13T22:56:19.029+0000] {dag.py:2726} INFO - Sync 1 DAGs
[2023-06-13T22:56:19.077+0000] {logging_mixin.py:149} INFO - [2023-06-13T22:56:19.077+0000] {dag.py:3490} INFO - Setting next_dagrun for example_task_group_decorator to 2023-06-12T22:56:19.077196+00:00, run_after=2023-06-13T22:56:19.077196+00:00
[2023-06-13T22:56:19.125+0000] {processor.py:179} INFO - Processing /home/airflow/.local/lib/python3.7/site-packages/airflow/example_dags/example_task_group_decorator.py took 0.193 seconds
[2023-06-13T22:56:49.422+0000] {processor.py:157} INFO - Started process (PID=1564) to work on /home/airflow/.local/lib/python3.7/site-packages/airflow/example_dags/example_task_group_decorator.py
[2023-06-13T22:56:49.426+0000] {processor.py:826} INFO - Processing file /home/airflow/.local/lib/python3.7/site-packages/airflow/example_dags/example_task_group_decorator.py for tasks to queue
[2023-06-13T22:56:49.427+0000] {logging_mixin.py:149} INFO - [2023-06-13T22:56:49.427+0000] {dagbag.py:541} INFO - Filling up the DagBag from /home/airflow/.local/lib/python3.7/site-packages/airflow/example_dags/example_task_group_decorator.py
[2023-06-13T22:56:49.453+0000] {processor.py:836} INFO - DAG(s) dict_keys(['example_task_group_decorator']) retrieved from /home/airflow/.local/lib/python3.7/site-packages/airflow/example_dags/example_task_group_decorator.py
[2023-06-13T22:56:49.509+0000] {logging_mixin.py:149} INFO - [2023-06-13T22:56:49.509+0000] {dag.py:2726} INFO - Sync 1 DAGs
[2023-06-13T22:56:49.555+0000] {logging_mixin.py:149} INFO - [2023-06-13T22:56:49.555+0000] {dag.py:3490} INFO - Setting next_dagrun for example_task_group_decorator to 2023-06-12T22:56:49.555204+00:00, run_after=2023-06-13T22:56:49.555204+00:00
[2023-06-13T22:56:49.608+0000] {processor.py:179} INFO - Processing /home/airflow/.local/lib/python3.7/site-packages/airflow/example_dags/example_task_group_decorator.py took 0.190 seconds
[2023-06-13T22:57:20.873+0000] {processor.py:157} INFO - Started process (PID=1803) to work on /home/airflow/.local/lib/python3.7/site-packages/airflow/example_dags/example_task_group_decorator.py
[2023-06-13T22:57:20.875+0000] {processor.py:826} INFO - Processing file /home/airflow/.local/lib/python3.7/site-packages/airflow/example_dags/example_task_group_decorator.py for tasks to queue
[2023-06-13T22:57:20.877+0000] {logging_mixin.py:149} INFO - [2023-06-13T22:57:20.877+0000] {dagbag.py:541} INFO - Filling up the DagBag from /home/airflow/.local/lib/python3.7/site-packages/airflow/example_dags/example_task_group_decorator.py
[2023-06-13T22:57:20.921+0000] {processor.py:836} INFO - DAG(s) dict_keys(['example_task_group_decorator']) retrieved from /home/airflow/.local/lib/python3.7/site-packages/airflow/example_dags/example_task_group_decorator.py
[2023-06-13T22:57:21.003+0000] {logging_mixin.py:149} INFO - [2023-06-13T22:57:21.002+0000] {dag.py:2726} INFO - Sync 1 DAGs
[2023-06-13T22:57:21.068+0000] {logging_mixin.py:149} INFO - [2023-06-13T22:57:21.067+0000] {dag.py:3490} INFO - Setting next_dagrun for example_task_group_decorator to 2023-06-12T22:57:21.066242+00:00, run_after=2023-06-13T22:57:21.066242+00:00
[2023-06-13T22:57:21.134+0000] {processor.py:179} INFO - Processing /home/airflow/.local/lib/python3.7/site-packages/airflow/example_dags/example_task_group_decorator.py took 0.266 seconds
[2023-06-13T22:57:51.383+0000] {processor.py:157} INFO - Started process (PID=2043) to work on /home/airflow/.local/lib/python3.7/site-packages/airflow/example_dags/example_task_group_decorator.py
[2023-06-13T22:57:51.387+0000] {processor.py:826} INFO - Processing file /home/airflow/.local/lib/python3.7/site-packages/airflow/example_dags/example_task_group_decorator.py for tasks to queue
[2023-06-13T22:57:51.389+0000] {logging_mixin.py:149} INFO - [2023-06-13T22:57:51.388+0000] {dagbag.py:541} INFO - Filling up the DagBag from /home/airflow/.local/lib/python3.7/site-packages/airflow/example_dags/example_task_group_decorator.py
[2023-06-13T22:57:51.437+0000] {processor.py:836} INFO - DAG(s) dict_keys(['example_task_group_decorator']) retrieved from /home/airflow/.local/lib/python3.7/site-packages/airflow/example_dags/example_task_group_decorator.py
[2023-06-13T22:57:51.512+0000] {logging_mixin.py:149} INFO - [2023-06-13T22:57:51.511+0000] {dag.py:2726} INFO - Sync 1 DAGs
[2023-06-13T22:57:51.553+0000] {logging_mixin.py:149} INFO - [2023-06-13T22:57:51.553+0000] {dag.py:3490} INFO - Setting next_dagrun for example_task_group_decorator to 2023-06-12T22:57:51.552979+00:00, run_after=2023-06-13T22:57:51.552979+00:00
[2023-06-13T22:57:51.619+0000] {processor.py:179} INFO - Processing /home/airflow/.local/lib/python3.7/site-packages/airflow/example_dags/example_task_group_decorator.py took 0.241 seconds
[2023-06-13T22:58:22.018+0000] {processor.py:157} INFO - Started process (PID=2283) to work on /home/airflow/.local/lib/python3.7/site-packages/airflow/example_dags/example_task_group_decorator.py
[2023-06-13T22:58:22.022+0000] {processor.py:826} INFO - Processing file /home/airflow/.local/lib/python3.7/site-packages/airflow/example_dags/example_task_group_decorator.py for tasks to queue
[2023-06-13T22:58:22.023+0000] {logging_mixin.py:149} INFO - [2023-06-13T22:58:22.023+0000] {dagbag.py:541} INFO - Filling up the DagBag from /home/airflow/.local/lib/python3.7/site-packages/airflow/example_dags/example_task_group_decorator.py
[2023-06-13T22:58:22.061+0000] {processor.py:836} INFO - DAG(s) dict_keys(['example_task_group_decorator']) retrieved from /home/airflow/.local/lib/python3.7/site-packages/airflow/example_dags/example_task_group_decorator.py
[2023-06-13T22:58:22.120+0000] {logging_mixin.py:149} INFO - [2023-06-13T22:58:22.120+0000] {dag.py:2726} INFO - Sync 1 DAGs
[2023-06-13T22:58:22.172+0000] {logging_mixin.py:149} INFO - [2023-06-13T22:58:22.172+0000] {dag.py:3490} INFO - Setting next_dagrun for example_task_group_decorator to 2023-06-12T22:58:22.172224+00:00, run_after=2023-06-13T22:58:22.172224+00:00
[2023-06-13T22:58:22.216+0000] {processor.py:179} INFO - Processing /home/airflow/.local/lib/python3.7/site-packages/airflow/example_dags/example_task_group_decorator.py took 0.203 seconds
[2023-06-13T22:58:53.198+0000] {processor.py:157} INFO - Started process (PID=2523) to work on /home/airflow/.local/lib/python3.7/site-packages/airflow/example_dags/example_task_group_decorator.py
[2023-06-13T22:58:53.200+0000] {processor.py:826} INFO - Processing file /home/airflow/.local/lib/python3.7/site-packages/airflow/example_dags/example_task_group_decorator.py for tasks to queue
[2023-06-13T22:58:53.202+0000] {logging_mixin.py:149} INFO - [2023-06-13T22:58:53.202+0000] {dagbag.py:541} INFO - Filling up the DagBag from /home/airflow/.local/lib/python3.7/site-packages/airflow/example_dags/example_task_group_decorator.py
[2023-06-13T22:58:53.250+0000] {processor.py:836} INFO - DAG(s) dict_keys(['example_task_group_decorator']) retrieved from /home/airflow/.local/lib/python3.7/site-packages/airflow/example_dags/example_task_group_decorator.py
[2023-06-13T22:58:53.340+0000] {logging_mixin.py:149} INFO - [2023-06-13T22:58:53.340+0000] {dag.py:2726} INFO - Sync 1 DAGs
[2023-06-13T22:58:53.404+0000] {logging_mixin.py:149} INFO - [2023-06-13T22:58:53.403+0000] {dag.py:3490} INFO - Setting next_dagrun for example_task_group_decorator to 2023-06-12T22:58:53.403259+00:00, run_after=2023-06-13T22:58:53.403259+00:00
[2023-06-13T22:58:53.446+0000] {processor.py:179} INFO - Processing /home/airflow/.local/lib/python3.7/site-packages/airflow/example_dags/example_task_group_decorator.py took 0.256 seconds
[2023-06-13T22:59:23.802+0000] {processor.py:157} INFO - Started process (PID=2765) to work on /home/airflow/.local/lib/python3.7/site-packages/airflow/example_dags/example_task_group_decorator.py
[2023-06-13T22:59:23.804+0000] {processor.py:826} INFO - Processing file /home/airflow/.local/lib/python3.7/site-packages/airflow/example_dags/example_task_group_decorator.py for tasks to queue
[2023-06-13T22:59:23.806+0000] {logging_mixin.py:149} INFO - [2023-06-13T22:59:23.805+0000] {dagbag.py:541} INFO - Filling up the DagBag from /home/airflow/.local/lib/python3.7/site-packages/airflow/example_dags/example_task_group_decorator.py
[2023-06-13T22:59:23.831+0000] {processor.py:836} INFO - DAG(s) dict_keys(['example_task_group_decorator']) retrieved from /home/airflow/.local/lib/python3.7/site-packages/airflow/example_dags/example_task_group_decorator.py
[2023-06-13T22:59:23.893+0000] {logging_mixin.py:149} INFO - [2023-06-13T22:59:23.893+0000] {dag.py:2726} INFO - Sync 1 DAGs
[2023-06-13T22:59:23.947+0000] {logging_mixin.py:149} INFO - [2023-06-13T22:59:23.946+0000] {dag.py:3490} INFO - Setting next_dagrun for example_task_group_decorator to 2023-06-12T22:59:23.946291+00:00, run_after=2023-06-13T22:59:23.946291+00:00
[2023-06-13T22:59:24.008+0000] {processor.py:179} INFO - Processing /home/airflow/.local/lib/python3.7/site-packages/airflow/example_dags/example_task_group_decorator.py took 0.214 seconds
[2023-06-13T22:59:54.241+0000] {processor.py:157} INFO - Started process (PID=3003) to work on /home/airflow/.local/lib/python3.7/site-packages/airflow/example_dags/example_task_group_decorator.py
[2023-06-13T22:59:54.243+0000] {processor.py:826} INFO - Processing file /home/airflow/.local/lib/python3.7/site-packages/airflow/example_dags/example_task_group_decorator.py for tasks to queue
[2023-06-13T22:59:54.245+0000] {logging_mixin.py:149} INFO - [2023-06-13T22:59:54.245+0000] {dagbag.py:541} INFO - Filling up the DagBag from /home/airflow/.local/lib/python3.7/site-packages/airflow/example_dags/example_task_group_decorator.py
[2023-06-13T22:59:54.279+0000] {processor.py:836} INFO - DAG(s) dict_keys(['example_task_group_decorator']) retrieved from /home/airflow/.local/lib/python3.7/site-packages/airflow/example_dags/example_task_group_decorator.py
[2023-06-13T22:59:54.355+0000] {logging_mixin.py:149} INFO - [2023-06-13T22:59:54.354+0000] {dag.py:2726} INFO - Sync 1 DAGs
[2023-06-13T22:59:54.408+0000] {logging_mixin.py:149} INFO - [2023-06-13T22:59:54.408+0000] {dag.py:3490} INFO - Setting next_dagrun for example_task_group_decorator to 2023-06-12T22:59:54.407513+00:00, run_after=2023-06-13T22:59:54.407513+00:00
[2023-06-13T22:59:54.463+0000] {processor.py:179} INFO - Processing /home/airflow/.local/lib/python3.7/site-packages/airflow/example_dags/example_task_group_decorator.py took 0.227 seconds
[2023-06-13T23:00:25.270+0000] {processor.py:157} INFO - Started process (PID=3250) to work on /home/airflow/.local/lib/python3.7/site-packages/airflow/example_dags/example_task_group_decorator.py
[2023-06-13T23:00:25.272+0000] {processor.py:826} INFO - Processing file /home/airflow/.local/lib/python3.7/site-packages/airflow/example_dags/example_task_group_decorator.py for tasks to queue
[2023-06-13T23:00:25.274+0000] {logging_mixin.py:149} INFO - [2023-06-13T23:00:25.273+0000] {dagbag.py:541} INFO - Filling up the DagBag from /home/airflow/.local/lib/python3.7/site-packages/airflow/example_dags/example_task_group_decorator.py
[2023-06-13T23:00:25.302+0000] {processor.py:836} INFO - DAG(s) dict_keys(['example_task_group_decorator']) retrieved from /home/airflow/.local/lib/python3.7/site-packages/airflow/example_dags/example_task_group_decorator.py
[2023-06-13T23:00:25.361+0000] {logging_mixin.py:149} INFO - [2023-06-13T23:00:25.361+0000] {dag.py:2726} INFO - Sync 1 DAGs
[2023-06-13T23:00:25.421+0000] {logging_mixin.py:149} INFO - [2023-06-13T23:00:25.420+0000] {dag.py:3490} INFO - Setting next_dagrun for example_task_group_decorator to 2023-06-12T23:00:25.420573+00:00, run_after=2023-06-13T23:00:25.420573+00:00
[2023-06-13T23:00:25.480+0000] {processor.py:179} INFO - Processing /home/airflow/.local/lib/python3.7/site-packages/airflow/example_dags/example_task_group_decorator.py took 0.218 seconds
[2023-06-13T23:00:56.240+0000] {processor.py:157} INFO - Started process (PID=3490) to work on /home/airflow/.local/lib/python3.7/site-packages/airflow/example_dags/example_task_group_decorator.py
[2023-06-13T23:00:56.242+0000] {processor.py:826} INFO - Processing file /home/airflow/.local/lib/python3.7/site-packages/airflow/example_dags/example_task_group_decorator.py for tasks to queue
[2023-06-13T23:00:56.244+0000] {logging_mixin.py:149} INFO - [2023-06-13T23:00:56.243+0000] {dagbag.py:541} INFO - Filling up the DagBag from /home/airflow/.local/lib/python3.7/site-packages/airflow/example_dags/example_task_group_decorator.py
[2023-06-13T23:00:56.277+0000] {processor.py:836} INFO - DAG(s) dict_keys(['example_task_group_decorator']) retrieved from /home/airflow/.local/lib/python3.7/site-packages/airflow/example_dags/example_task_group_decorator.py
[2023-06-13T23:00:56.360+0000] {logging_mixin.py:149} INFO - [2023-06-13T23:00:56.359+0000] {dag.py:2726} INFO - Sync 1 DAGs
[2023-06-13T23:00:56.430+0000] {logging_mixin.py:149} INFO - [2023-06-13T23:00:56.430+0000] {dag.py:3490} INFO - Setting next_dagrun for example_task_group_decorator to 2023-06-12T23:00:56.429671+00:00, run_after=2023-06-13T23:00:56.429671+00:00
[2023-06-13T23:00:56.493+0000] {processor.py:179} INFO - Processing /home/airflow/.local/lib/python3.7/site-packages/airflow/example_dags/example_task_group_decorator.py took 0.259 seconds
[2023-06-13T23:01:26.981+0000] {processor.py:157} INFO - Started process (PID=3730) to work on /home/airflow/.local/lib/python3.7/site-packages/airflow/example_dags/example_task_group_decorator.py
[2023-06-13T23:01:26.984+0000] {processor.py:826} INFO - Processing file /home/airflow/.local/lib/python3.7/site-packages/airflow/example_dags/example_task_group_decorator.py for tasks to queue
[2023-06-13T23:01:26.986+0000] {logging_mixin.py:149} INFO - [2023-06-13T23:01:26.986+0000] {dagbag.py:541} INFO - Filling up the DagBag from /home/airflow/.local/lib/python3.7/site-packages/airflow/example_dags/example_task_group_decorator.py
[2023-06-13T23:01:27.026+0000] {processor.py:836} INFO - DAG(s) dict_keys(['example_task_group_decorator']) retrieved from /home/airflow/.local/lib/python3.7/site-packages/airflow/example_dags/example_task_group_decorator.py
[2023-06-13T23:01:27.107+0000] {logging_mixin.py:149} INFO - [2023-06-13T23:01:27.106+0000] {dag.py:2726} INFO - Sync 1 DAGs
[2023-06-13T23:01:27.172+0000] {logging_mixin.py:149} INFO - [2023-06-13T23:01:27.172+0000] {dag.py:3490} INFO - Setting next_dagrun for example_task_group_decorator to 2023-06-12T23:01:27.171832+00:00, run_after=2023-06-13T23:01:27.171832+00:00
[2023-06-13T23:01:27.230+0000] {processor.py:179} INFO - Processing /home/airflow/.local/lib/python3.7/site-packages/airflow/example_dags/example_task_group_decorator.py took 0.256 seconds
[2023-06-13T23:01:58.194+0000] {processor.py:157} INFO - Started process (PID=3971) to work on /home/airflow/.local/lib/python3.7/site-packages/airflow/example_dags/example_task_group_decorator.py
[2023-06-13T23:01:58.197+0000] {processor.py:826} INFO - Processing file /home/airflow/.local/lib/python3.7/site-packages/airflow/example_dags/example_task_group_decorator.py for tasks to queue
[2023-06-13T23:01:58.199+0000] {logging_mixin.py:149} INFO - [2023-06-13T23:01:58.198+0000] {dagbag.py:541} INFO - Filling up the DagBag from /home/airflow/.local/lib/python3.7/site-packages/airflow/example_dags/example_task_group_decorator.py
[2023-06-13T23:01:58.225+0000] {processor.py:836} INFO - DAG(s) dict_keys(['example_task_group_decorator']) retrieved from /home/airflow/.local/lib/python3.7/site-packages/airflow/example_dags/example_task_group_decorator.py
[2023-06-13T23:01:58.304+0000] {logging_mixin.py:149} INFO - [2023-06-13T23:01:58.304+0000] {dag.py:2726} INFO - Sync 1 DAGs
[2023-06-13T23:01:58.366+0000] {logging_mixin.py:149} INFO - [2023-06-13T23:01:58.365+0000] {dag.py:3490} INFO - Setting next_dagrun for example_task_group_decorator to 2023-06-12T23:01:58.365406+00:00, run_after=2023-06-13T23:01:58.365406+00:00
[2023-06-13T23:01:58.425+0000] {processor.py:179} INFO - Processing /home/airflow/.local/lib/python3.7/site-packages/airflow/example_dags/example_task_group_decorator.py took 0.237 seconds
[2023-06-13T23:02:29.737+0000] {processor.py:157} INFO - Started process (PID=4213) to work on /home/airflow/.local/lib/python3.7/site-packages/airflow/example_dags/example_task_group_decorator.py
[2023-06-13T23:02:29.740+0000] {processor.py:826} INFO - Processing file /home/airflow/.local/lib/python3.7/site-packages/airflow/example_dags/example_task_group_decorator.py for tasks to queue
[2023-06-13T23:02:29.742+0000] {logging_mixin.py:149} INFO - [2023-06-13T23:02:29.742+0000] {dagbag.py:541} INFO - Filling up the DagBag from /home/airflow/.local/lib/python3.7/site-packages/airflow/example_dags/example_task_group_decorator.py
[2023-06-13T23:02:29.774+0000] {processor.py:836} INFO - DAG(s) dict_keys(['example_task_group_decorator']) retrieved from /home/airflow/.local/lib/python3.7/site-packages/airflow/example_dags/example_task_group_decorator.py
[2023-06-13T23:02:29.850+0000] {logging_mixin.py:149} INFO - [2023-06-13T23:02:29.849+0000] {dag.py:2726} INFO - Sync 1 DAGs
[2023-06-13T23:02:29.911+0000] {logging_mixin.py:149} INFO - [2023-06-13T23:02:29.911+0000] {dag.py:3490} INFO - Setting next_dagrun for example_task_group_decorator to 2023-06-12T23:02:29.910613+00:00, run_after=2023-06-13T23:02:29.910613+00:00
[2023-06-13T23:02:29.987+0000] {processor.py:179} INFO - Processing /home/airflow/.local/lib/python3.7/site-packages/airflow/example_dags/example_task_group_decorator.py took 0.255 seconds
[2023-06-13T23:03:00.166+0000] {processor.py:157} INFO - Started process (PID=4450) to work on /home/airflow/.local/lib/python3.7/site-packages/airflow/example_dags/example_task_group_decorator.py
[2023-06-13T23:03:00.167+0000] {processor.py:826} INFO - Processing file /home/airflow/.local/lib/python3.7/site-packages/airflow/example_dags/example_task_group_decorator.py for tasks to queue
[2023-06-13T23:03:00.169+0000] {logging_mixin.py:149} INFO - [2023-06-13T23:03:00.169+0000] {dagbag.py:541} INFO - Filling up the DagBag from /home/airflow/.local/lib/python3.7/site-packages/airflow/example_dags/example_task_group_decorator.py
[2023-06-13T23:03:00.206+0000] {processor.py:836} INFO - DAG(s) dict_keys(['example_task_group_decorator']) retrieved from /home/airflow/.local/lib/python3.7/site-packages/airflow/example_dags/example_task_group_decorator.py
[2023-06-13T23:03:00.262+0000] {logging_mixin.py:149} INFO - [2023-06-13T23:03:00.262+0000] {dag.py:2726} INFO - Sync 1 DAGs
[2023-06-13T23:03:00.319+0000] {logging_mixin.py:149} INFO - [2023-06-13T23:03:00.318+0000] {dag.py:3490} INFO - Setting next_dagrun for example_task_group_decorator to 2023-06-12T23:03:00.318542+00:00, run_after=2023-06-13T23:03:00.318542+00:00
[2023-06-13T23:03:00.373+0000] {processor.py:179} INFO - Processing /home/airflow/.local/lib/python3.7/site-packages/airflow/example_dags/example_task_group_decorator.py took 0.211 seconds
[2023-06-13T23:03:30.655+0000] {processor.py:157} INFO - Started process (PID=4690) to work on /home/airflow/.local/lib/python3.7/site-packages/airflow/example_dags/example_task_group_decorator.py
[2023-06-13T23:03:30.657+0000] {processor.py:826} INFO - Processing file /home/airflow/.local/lib/python3.7/site-packages/airflow/example_dags/example_task_group_decorator.py for tasks to queue
[2023-06-13T23:03:30.658+0000] {logging_mixin.py:149} INFO - [2023-06-13T23:03:30.658+0000] {dagbag.py:541} INFO - Filling up the DagBag from /home/airflow/.local/lib/python3.7/site-packages/airflow/example_dags/example_task_group_decorator.py
[2023-06-13T23:03:30.675+0000] {processor.py:836} INFO - DAG(s) dict_keys(['example_task_group_decorator']) retrieved from /home/airflow/.local/lib/python3.7/site-packages/airflow/example_dags/example_task_group_decorator.py
[2023-06-13T23:03:30.722+0000] {logging_mixin.py:149} INFO - [2023-06-13T23:03:30.721+0000] {dag.py:2726} INFO - Sync 1 DAGs
[2023-06-13T23:03:30.773+0000] {logging_mixin.py:149} INFO - [2023-06-13T23:03:30.773+0000] {dag.py:3490} INFO - Setting next_dagrun for example_task_group_decorator to 2023-06-12T23:03:30.773262+00:00, run_after=2023-06-13T23:03:30.773262+00:00
[2023-06-13T23:03:30.816+0000] {processor.py:179} INFO - Processing /home/airflow/.local/lib/python3.7/site-packages/airflow/example_dags/example_task_group_decorator.py took 0.165 seconds
[2023-06-13T23:04:01.114+0000] {processor.py:157} INFO - Started process (PID=4930) to work on /home/airflow/.local/lib/python3.7/site-packages/airflow/example_dags/example_task_group_decorator.py
[2023-06-13T23:04:01.116+0000] {processor.py:826} INFO - Processing file /home/airflow/.local/lib/python3.7/site-packages/airflow/example_dags/example_task_group_decorator.py for tasks to queue
[2023-06-13T23:04:01.118+0000] {logging_mixin.py:149} INFO - [2023-06-13T23:04:01.117+0000] {dagbag.py:541} INFO - Filling up the DagBag from /home/airflow/.local/lib/python3.7/site-packages/airflow/example_dags/example_task_group_decorator.py
[2023-06-13T23:04:01.139+0000] {processor.py:836} INFO - DAG(s) dict_keys(['example_task_group_decorator']) retrieved from /home/airflow/.local/lib/python3.7/site-packages/airflow/example_dags/example_task_group_decorator.py
[2023-06-13T23:04:01.207+0000] {logging_mixin.py:149} INFO - [2023-06-13T23:04:01.206+0000] {dag.py:2726} INFO - Sync 1 DAGs
[2023-06-13T23:04:01.250+0000] {logging_mixin.py:149} INFO - [2023-06-13T23:04:01.249+0000] {dag.py:3490} INFO - Setting next_dagrun for example_task_group_decorator to 2023-06-12T23:04:01.249575+00:00, run_after=2023-06-13T23:04:01.249575+00:00
[2023-06-13T23:04:01.309+0000] {processor.py:179} INFO - Processing /home/airflow/.local/lib/python3.7/site-packages/airflow/example_dags/example_task_group_decorator.py took 0.203 seconds
[2023-06-13T23:04:32.110+0000] {processor.py:157} INFO - Started process (PID=5170) to work on /home/airflow/.local/lib/python3.7/site-packages/airflow/example_dags/example_task_group_decorator.py
[2023-06-13T23:04:32.112+0000] {processor.py:826} INFO - Processing file /home/airflow/.local/lib/python3.7/site-packages/airflow/example_dags/example_task_group_decorator.py for tasks to queue
[2023-06-13T23:04:32.113+0000] {logging_mixin.py:149} INFO - [2023-06-13T23:04:32.113+0000] {dagbag.py:541} INFO - Filling up the DagBag from /home/airflow/.local/lib/python3.7/site-packages/airflow/example_dags/example_task_group_decorator.py
[2023-06-13T23:04:32.136+0000] {processor.py:836} INFO - DAG(s) dict_keys(['example_task_group_decorator']) retrieved from /home/airflow/.local/lib/python3.7/site-packages/airflow/example_dags/example_task_group_decorator.py
[2023-06-13T23:04:32.189+0000] {logging_mixin.py:149} INFO - [2023-06-13T23:04:32.189+0000] {dag.py:2726} INFO - Sync 1 DAGs
[2023-06-13T23:04:32.229+0000] {logging_mixin.py:149} INFO - [2023-06-13T23:04:32.228+0000] {dag.py:3490} INFO - Setting next_dagrun for example_task_group_decorator to 2023-06-12T23:04:32.228560+00:00, run_after=2023-06-13T23:04:32.228560+00:00
[2023-06-13T23:04:32.282+0000] {processor.py:179} INFO - Processing /home/airflow/.local/lib/python3.7/site-packages/airflow/example_dags/example_task_group_decorator.py took 0.177 seconds
[2023-06-13T23:05:02.472+0000] {processor.py:157} INFO - Started process (PID=5410) to work on /home/airflow/.local/lib/python3.7/site-packages/airflow/example_dags/example_task_group_decorator.py
[2023-06-13T23:05:02.476+0000] {processor.py:826} INFO - Processing file /home/airflow/.local/lib/python3.7/site-packages/airflow/example_dags/example_task_group_decorator.py for tasks to queue
[2023-06-13T23:05:02.478+0000] {logging_mixin.py:149} INFO - [2023-06-13T23:05:02.478+0000] {dagbag.py:541} INFO - Filling up the DagBag from /home/airflow/.local/lib/python3.7/site-packages/airflow/example_dags/example_task_group_decorator.py
[2023-06-13T23:05:02.513+0000] {processor.py:836} INFO - DAG(s) dict_keys(['example_task_group_decorator']) retrieved from /home/airflow/.local/lib/python3.7/site-packages/airflow/example_dags/example_task_group_decorator.py
[2023-06-13T23:05:02.595+0000] {logging_mixin.py:149} INFO - [2023-06-13T23:05:02.595+0000] {dag.py:2726} INFO - Sync 1 DAGs
[2023-06-13T23:05:02.655+0000] {logging_mixin.py:149} INFO - [2023-06-13T23:05:02.655+0000] {dag.py:3490} INFO - Setting next_dagrun for example_task_group_decorator to 2023-06-12T23:05:02.654887+00:00, run_after=2023-06-13T23:05:02.654887+00:00
[2023-06-13T23:05:02.701+0000] {processor.py:179} INFO - Processing /home/airflow/.local/lib/python3.7/site-packages/airflow/example_dags/example_task_group_decorator.py took 0.236 seconds
[2023-06-13T23:05:33.307+0000] {processor.py:157} INFO - Started process (PID=5650) to work on /home/airflow/.local/lib/python3.7/site-packages/airflow/example_dags/example_task_group_decorator.py
[2023-06-13T23:05:33.309+0000] {processor.py:826} INFO - Processing file /home/airflow/.local/lib/python3.7/site-packages/airflow/example_dags/example_task_group_decorator.py for tasks to queue
[2023-06-13T23:05:33.311+0000] {logging_mixin.py:149} INFO - [2023-06-13T23:05:33.310+0000] {dagbag.py:541} INFO - Filling up the DagBag from /home/airflow/.local/lib/python3.7/site-packages/airflow/example_dags/example_task_group_decorator.py
[2023-06-13T23:05:33.354+0000] {processor.py:836} INFO - DAG(s) dict_keys(['example_task_group_decorator']) retrieved from /home/airflow/.local/lib/python3.7/site-packages/airflow/example_dags/example_task_group_decorator.py
[2023-06-13T23:05:33.425+0000] {logging_mixin.py:149} INFO - [2023-06-13T23:05:33.424+0000] {dag.py:2726} INFO - Sync 1 DAGs
[2023-06-13T23:05:33.478+0000] {logging_mixin.py:149} INFO - [2023-06-13T23:05:33.478+0000] {dag.py:3490} INFO - Setting next_dagrun for example_task_group_decorator to 2023-06-12T23:05:33.478081+00:00, run_after=2023-06-13T23:05:33.478081+00:00
[2023-06-13T23:05:33.534+0000] {processor.py:179} INFO - Processing /home/airflow/.local/lib/python3.7/site-packages/airflow/example_dags/example_task_group_decorator.py took 0.234 seconds
[2023-06-13T23:06:03.617+0000] {processor.py:157} INFO - Started process (PID=5885) to work on /home/airflow/.local/lib/python3.7/site-packages/airflow/example_dags/example_task_group_decorator.py
[2023-06-13T23:06:03.620+0000] {processor.py:826} INFO - Processing file /home/airflow/.local/lib/python3.7/site-packages/airflow/example_dags/example_task_group_decorator.py for tasks to queue
[2023-06-13T23:06:03.621+0000] {logging_mixin.py:149} INFO - [2023-06-13T23:06:03.621+0000] {dagbag.py:541} INFO - Filling up the DagBag from /home/airflow/.local/lib/python3.7/site-packages/airflow/example_dags/example_task_group_decorator.py
[2023-06-13T23:06:03.661+0000] {processor.py:836} INFO - DAG(s) dict_keys(['example_task_group_decorator']) retrieved from /home/airflow/.local/lib/python3.7/site-packages/airflow/example_dags/example_task_group_decorator.py
[2023-06-13T23:06:03.737+0000] {logging_mixin.py:149} INFO - [2023-06-13T23:06:03.737+0000] {dag.py:2726} INFO - Sync 1 DAGs
[2023-06-13T23:06:03.793+0000] {logging_mixin.py:149} INFO - [2023-06-13T23:06:03.793+0000] {dag.py:3490} INFO - Setting next_dagrun for example_task_group_decorator to 2023-06-12T23:06:03.792913+00:00, run_after=2023-06-13T23:06:03.792913+00:00
[2023-06-13T23:06:03.849+0000] {processor.py:179} INFO - Processing /home/airflow/.local/lib/python3.7/site-packages/airflow/example_dags/example_task_group_decorator.py took 0.240 seconds
[2023-06-13T23:06:34.142+0000] {processor.py:157} INFO - Started process (PID=6125) to work on /home/airflow/.local/lib/python3.7/site-packages/airflow/example_dags/example_task_group_decorator.py
[2023-06-13T23:06:34.145+0000] {processor.py:826} INFO - Processing file /home/airflow/.local/lib/python3.7/site-packages/airflow/example_dags/example_task_group_decorator.py for tasks to queue
[2023-06-13T23:06:34.146+0000] {logging_mixin.py:149} INFO - [2023-06-13T23:06:34.146+0000] {dagbag.py:541} INFO - Filling up the DagBag from /home/airflow/.local/lib/python3.7/site-packages/airflow/example_dags/example_task_group_decorator.py
[2023-06-13T23:06:34.173+0000] {processor.py:836} INFO - DAG(s) dict_keys(['example_task_group_decorator']) retrieved from /home/airflow/.local/lib/python3.7/site-packages/airflow/example_dags/example_task_group_decorator.py
[2023-06-13T23:06:34.264+0000] {logging_mixin.py:149} INFO - [2023-06-13T23:06:34.263+0000] {dag.py:2726} INFO - Sync 1 DAGs
[2023-06-13T23:06:34.343+0000] {logging_mixin.py:149} INFO - [2023-06-13T23:06:34.343+0000] {dag.py:3490} INFO - Setting next_dagrun for example_task_group_decorator to 2023-06-12T23:06:34.342671+00:00, run_after=2023-06-13T23:06:34.342671+00:00
[2023-06-13T23:06:34.410+0000] {processor.py:179} INFO - Processing /home/airflow/.local/lib/python3.7/site-packages/airflow/example_dags/example_task_group_decorator.py took 0.273 seconds
[2023-06-13T23:07:05.022+0000] {processor.py:157} INFO - Started process (PID=6364) to work on /home/airflow/.local/lib/python3.7/site-packages/airflow/example_dags/example_task_group_decorator.py
[2023-06-13T23:07:05.026+0000] {processor.py:826} INFO - Processing file /home/airflow/.local/lib/python3.7/site-packages/airflow/example_dags/example_task_group_decorator.py for tasks to queue
[2023-06-13T23:07:05.028+0000] {logging_mixin.py:149} INFO - [2023-06-13T23:07:05.028+0000] {dagbag.py:541} INFO - Filling up the DagBag from /home/airflow/.local/lib/python3.7/site-packages/airflow/example_dags/example_task_group_decorator.py
[2023-06-13T23:07:05.058+0000] {processor.py:836} INFO - DAG(s) dict_keys(['example_task_group_decorator']) retrieved from /home/airflow/.local/lib/python3.7/site-packages/airflow/example_dags/example_task_group_decorator.py
[2023-06-13T23:07:05.117+0000] {logging_mixin.py:149} INFO - [2023-06-13T23:07:05.117+0000] {dag.py:2726} INFO - Sync 1 DAGs
[2023-06-13T23:07:05.174+0000] {logging_mixin.py:149} INFO - [2023-06-13T23:07:05.173+0000] {dag.py:3490} INFO - Setting next_dagrun for example_task_group_decorator to 2023-06-12T23:07:05.173277+00:00, run_after=2023-06-13T23:07:05.173277+00:00
[2023-06-13T23:07:05.235+0000] {processor.py:179} INFO - Processing /home/airflow/.local/lib/python3.7/site-packages/airflow/example_dags/example_task_group_decorator.py took 0.220 seconds
[2023-06-13T23:07:35.429+0000] {processor.py:157} INFO - Started process (PID=6607) to work on /home/airflow/.local/lib/python3.7/site-packages/airflow/example_dags/example_task_group_decorator.py
[2023-06-13T23:07:35.432+0000] {processor.py:826} INFO - Processing file /home/airflow/.local/lib/python3.7/site-packages/airflow/example_dags/example_task_group_decorator.py for tasks to queue
[2023-06-13T23:07:35.434+0000] {logging_mixin.py:149} INFO - [2023-06-13T23:07:35.434+0000] {dagbag.py:541} INFO - Filling up the DagBag from /home/airflow/.local/lib/python3.7/site-packages/airflow/example_dags/example_task_group_decorator.py
[2023-06-13T23:07:35.454+0000] {processor.py:836} INFO - DAG(s) dict_keys(['example_task_group_decorator']) retrieved from /home/airflow/.local/lib/python3.7/site-packages/airflow/example_dags/example_task_group_decorator.py
[2023-06-13T23:07:35.502+0000] {logging_mixin.py:149} INFO - [2023-06-13T23:07:35.502+0000] {dag.py:2726} INFO - Sync 1 DAGs
[2023-06-13T23:07:35.545+0000] {logging_mixin.py:149} INFO - [2023-06-13T23:07:35.545+0000] {dag.py:3490} INFO - Setting next_dagrun for example_task_group_decorator to 2023-06-12T23:07:35.545359+00:00, run_after=2023-06-13T23:07:35.545359+00:00
[2023-06-13T23:07:35.582+0000] {processor.py:179} INFO - Processing /home/airflow/.local/lib/python3.7/site-packages/airflow/example_dags/example_task_group_decorator.py took 0.159 seconds
[2023-06-13T23:08:05.901+0000] {processor.py:157} INFO - Started process (PID=6846) to work on /home/airflow/.local/lib/python3.7/site-packages/airflow/example_dags/example_task_group_decorator.py
[2023-06-13T23:08:05.903+0000] {processor.py:826} INFO - Processing file /home/airflow/.local/lib/python3.7/site-packages/airflow/example_dags/example_task_group_decorator.py for tasks to queue
[2023-06-13T23:08:05.905+0000] {logging_mixin.py:149} INFO - [2023-06-13T23:08:05.904+0000] {dagbag.py:541} INFO - Filling up the DagBag from /home/airflow/.local/lib/python3.7/site-packages/airflow/example_dags/example_task_group_decorator.py
[2023-06-13T23:08:05.929+0000] {processor.py:836} INFO - DAG(s) dict_keys(['example_task_group_decorator']) retrieved from /home/airflow/.local/lib/python3.7/site-packages/airflow/example_dags/example_task_group_decorator.py
[2023-06-13T23:08:05.987+0000] {logging_mixin.py:149} INFO - [2023-06-13T23:08:05.987+0000] {dag.py:2726} INFO - Sync 1 DAGs
[2023-06-13T23:08:06.022+0000] {logging_mixin.py:149} INFO - [2023-06-13T23:08:06.022+0000] {dag.py:3490} INFO - Setting next_dagrun for example_task_group_decorator to 2023-06-12T23:08:06.021924+00:00, run_after=2023-06-13T23:08:06.021924+00:00
[2023-06-13T23:08:06.069+0000] {processor.py:179} INFO - Processing /home/airflow/.local/lib/python3.7/site-packages/airflow/example_dags/example_task_group_decorator.py took 0.172 seconds
[2023-06-13T23:08:36.454+0000] {processor.py:157} INFO - Started process (PID=7085) to work on /home/airflow/.local/lib/python3.7/site-packages/airflow/example_dags/example_task_group_decorator.py
[2023-06-13T23:08:36.459+0000] {processor.py:826} INFO - Processing file /home/airflow/.local/lib/python3.7/site-packages/airflow/example_dags/example_task_group_decorator.py for tasks to queue
[2023-06-13T23:08:36.460+0000] {logging_mixin.py:149} INFO - [2023-06-13T23:08:36.460+0000] {dagbag.py:541} INFO - Filling up the DagBag from /home/airflow/.local/lib/python3.7/site-packages/airflow/example_dags/example_task_group_decorator.py
[2023-06-13T23:08:36.485+0000] {processor.py:836} INFO - DAG(s) dict_keys(['example_task_group_decorator']) retrieved from /home/airflow/.local/lib/python3.7/site-packages/airflow/example_dags/example_task_group_decorator.py
[2023-06-13T23:08:36.564+0000] {logging_mixin.py:149} INFO - [2023-06-13T23:08:36.563+0000] {dag.py:2726} INFO - Sync 1 DAGs
[2023-06-13T23:08:36.616+0000] {logging_mixin.py:149} INFO - [2023-06-13T23:08:36.616+0000] {dag.py:3490} INFO - Setting next_dagrun for example_task_group_decorator to 2023-06-12T23:08:36.615494+00:00, run_after=2023-06-13T23:08:36.615494+00:00
[2023-06-13T23:08:36.661+0000] {processor.py:179} INFO - Processing /home/airflow/.local/lib/python3.7/site-packages/airflow/example_dags/example_task_group_decorator.py took 0.213 seconds
[2023-06-13T23:09:07.231+0000] {processor.py:157} INFO - Started process (PID=7323) to work on /home/airflow/.local/lib/python3.7/site-packages/airflow/example_dags/example_task_group_decorator.py
[2023-06-13T23:09:07.234+0000] {processor.py:826} INFO - Processing file /home/airflow/.local/lib/python3.7/site-packages/airflow/example_dags/example_task_group_decorator.py for tasks to queue
[2023-06-13T23:09:07.236+0000] {logging_mixin.py:149} INFO - [2023-06-13T23:09:07.235+0000] {dagbag.py:541} INFO - Filling up the DagBag from /home/airflow/.local/lib/python3.7/site-packages/airflow/example_dags/example_task_group_decorator.py
[2023-06-13T23:09:07.261+0000] {processor.py:836} INFO - DAG(s) dict_keys(['example_task_group_decorator']) retrieved from /home/airflow/.local/lib/python3.7/site-packages/airflow/example_dags/example_task_group_decorator.py
[2023-06-13T23:09:07.322+0000] {logging_mixin.py:149} INFO - [2023-06-13T23:09:07.321+0000] {dag.py:2726} INFO - Sync 1 DAGs
[2023-06-13T23:09:07.365+0000] {logging_mixin.py:149} INFO - [2023-06-13T23:09:07.365+0000] {dag.py:3490} INFO - Setting next_dagrun for example_task_group_decorator to 2023-06-12T23:09:07.364828+00:00, run_after=2023-06-13T23:09:07.364828+00:00
[2023-06-13T23:09:07.417+0000] {processor.py:179} INFO - Processing /home/airflow/.local/lib/python3.7/site-packages/airflow/example_dags/example_task_group_decorator.py took 0.191 seconds
[2023-06-13T23:09:37.762+0000] {processor.py:157} INFO - Started process (PID=7563) to work on /home/airflow/.local/lib/python3.7/site-packages/airflow/example_dags/example_task_group_decorator.py
[2023-06-13T23:09:37.764+0000] {processor.py:826} INFO - Processing file /home/airflow/.local/lib/python3.7/site-packages/airflow/example_dags/example_task_group_decorator.py for tasks to queue
[2023-06-13T23:09:37.766+0000] {logging_mixin.py:149} INFO - [2023-06-13T23:09:37.766+0000] {dagbag.py:541} INFO - Filling up the DagBag from /home/airflow/.local/lib/python3.7/site-packages/airflow/example_dags/example_task_group_decorator.py
[2023-06-13T23:09:37.798+0000] {processor.py:836} INFO - DAG(s) dict_keys(['example_task_group_decorator']) retrieved from /home/airflow/.local/lib/python3.7/site-packages/airflow/example_dags/example_task_group_decorator.py
[2023-06-13T23:09:37.874+0000] {logging_mixin.py:149} INFO - [2023-06-13T23:09:37.873+0000] {dag.py:2726} INFO - Sync 1 DAGs
[2023-06-13T23:09:37.921+0000] {logging_mixin.py:149} INFO - [2023-06-13T23:09:37.920+0000] {dag.py:3490} INFO - Setting next_dagrun for example_task_group_decorator to 2023-06-12T23:09:37.920533+00:00, run_after=2023-06-13T23:09:37.920533+00:00
[2023-06-13T23:09:37.973+0000] {processor.py:179} INFO - Processing /home/airflow/.local/lib/python3.7/site-packages/airflow/example_dags/example_task_group_decorator.py took 0.217 seconds
[2023-06-13T23:10:08.318+0000] {processor.py:157} INFO - Started process (PID=7803) to work on /home/airflow/.local/lib/python3.7/site-packages/airflow/example_dags/example_task_group_decorator.py
[2023-06-13T23:10:08.320+0000] {processor.py:826} INFO - Processing file /home/airflow/.local/lib/python3.7/site-packages/airflow/example_dags/example_task_group_decorator.py for tasks to queue
[2023-06-13T23:10:08.321+0000] {logging_mixin.py:149} INFO - [2023-06-13T23:10:08.321+0000] {dagbag.py:541} INFO - Filling up the DagBag from /home/airflow/.local/lib/python3.7/site-packages/airflow/example_dags/example_task_group_decorator.py
[2023-06-13T23:10:08.348+0000] {processor.py:836} INFO - DAG(s) dict_keys(['example_task_group_decorator']) retrieved from /home/airflow/.local/lib/python3.7/site-packages/airflow/example_dags/example_task_group_decorator.py
[2023-06-13T23:10:08.397+0000] {logging_mixin.py:149} INFO - [2023-06-13T23:10:08.396+0000] {dag.py:2726} INFO - Sync 1 DAGs
[2023-06-13T23:10:08.446+0000] {logging_mixin.py:149} INFO - [2023-06-13T23:10:08.446+0000] {dag.py:3490} INFO - Setting next_dagrun for example_task_group_decorator to 2023-06-12T23:10:08.446055+00:00, run_after=2023-06-13T23:10:08.446055+00:00
[2023-06-13T23:10:08.496+0000] {processor.py:179} INFO - Processing /home/airflow/.local/lib/python3.7/site-packages/airflow/example_dags/example_task_group_decorator.py took 0.185 seconds
[2023-06-13T23:10:39.206+0000] {processor.py:157} INFO - Started process (PID=8045) to work on /home/airflow/.local/lib/python3.7/site-packages/airflow/example_dags/example_task_group_decorator.py
[2023-06-13T23:10:39.208+0000] {processor.py:826} INFO - Processing file /home/airflow/.local/lib/python3.7/site-packages/airflow/example_dags/example_task_group_decorator.py for tasks to queue
[2023-06-13T23:10:39.210+0000] {logging_mixin.py:149} INFO - [2023-06-13T23:10:39.209+0000] {dagbag.py:541} INFO - Filling up the DagBag from /home/airflow/.local/lib/python3.7/site-packages/airflow/example_dags/example_task_group_decorator.py
[2023-06-13T23:10:39.240+0000] {processor.py:836} INFO - DAG(s) dict_keys(['example_task_group_decorator']) retrieved from /home/airflow/.local/lib/python3.7/site-packages/airflow/example_dags/example_task_group_decorator.py
[2023-06-13T23:10:39.314+0000] {logging_mixin.py:149} INFO - [2023-06-13T23:10:39.314+0000] {dag.py:2726} INFO - Sync 1 DAGs
[2023-06-13T23:10:39.356+0000] {logging_mixin.py:149} INFO - [2023-06-13T23:10:39.355+0000] {dag.py:3490} INFO - Setting next_dagrun for example_task_group_decorator to 2023-06-12T23:10:39.355352+00:00, run_after=2023-06-13T23:10:39.355352+00:00
[2023-06-13T23:10:39.400+0000] {processor.py:179} INFO - Processing /home/airflow/.local/lib/python3.7/site-packages/airflow/example_dags/example_task_group_decorator.py took 0.200 seconds
[2023-06-13T23:11:09.648+0000] {processor.py:157} INFO - Started process (PID=8283) to work on /home/airflow/.local/lib/python3.7/site-packages/airflow/example_dags/example_task_group_decorator.py
[2023-06-13T23:11:09.651+0000] {processor.py:826} INFO - Processing file /home/airflow/.local/lib/python3.7/site-packages/airflow/example_dags/example_task_group_decorator.py for tasks to queue
[2023-06-13T23:11:09.652+0000] {logging_mixin.py:149} INFO - [2023-06-13T23:11:09.652+0000] {dagbag.py:541} INFO - Filling up the DagBag from /home/airflow/.local/lib/python3.7/site-packages/airflow/example_dags/example_task_group_decorator.py
[2023-06-13T23:11:09.679+0000] {processor.py:836} INFO - DAG(s) dict_keys(['example_task_group_decorator']) retrieved from /home/airflow/.local/lib/python3.7/site-packages/airflow/example_dags/example_task_group_decorator.py
[2023-06-13T23:11:09.749+0000] {logging_mixin.py:149} INFO - [2023-06-13T23:11:09.748+0000] {dag.py:2726} INFO - Sync 1 DAGs
[2023-06-13T23:11:09.797+0000] {logging_mixin.py:149} INFO - [2023-06-13T23:11:09.797+0000] {dag.py:3490} INFO - Setting next_dagrun for example_task_group_decorator to 2023-06-12T23:11:09.796985+00:00, run_after=2023-06-13T23:11:09.796985+00:00
[2023-06-13T23:11:09.852+0000] {processor.py:179} INFO - Processing /home/airflow/.local/lib/python3.7/site-packages/airflow/example_dags/example_task_group_decorator.py took 0.209 seconds
[2023-06-13T23:11:40.930+0000] {processor.py:157} INFO - Started process (PID=8525) to work on /home/airflow/.local/lib/python3.7/site-packages/airflow/example_dags/example_task_group_decorator.py
[2023-06-13T23:11:40.933+0000] {processor.py:826} INFO - Processing file /home/airflow/.local/lib/python3.7/site-packages/airflow/example_dags/example_task_group_decorator.py for tasks to queue
[2023-06-13T23:11:40.934+0000] {logging_mixin.py:149} INFO - [2023-06-13T23:11:40.933+0000] {dagbag.py:541} INFO - Filling up the DagBag from /home/airflow/.local/lib/python3.7/site-packages/airflow/example_dags/example_task_group_decorator.py
[2023-06-13T23:11:40.963+0000] {processor.py:836} INFO - DAG(s) dict_keys(['example_task_group_decorator']) retrieved from /home/airflow/.local/lib/python3.7/site-packages/airflow/example_dags/example_task_group_decorator.py
[2023-06-13T23:11:41.008+0000] {logging_mixin.py:149} INFO - [2023-06-13T23:11:41.007+0000] {dag.py:2726} INFO - Sync 1 DAGs
[2023-06-13T23:11:41.053+0000] {logging_mixin.py:149} INFO - [2023-06-13T23:11:41.053+0000] {dag.py:3490} INFO - Setting next_dagrun for example_task_group_decorator to 2023-06-12T23:11:41.053259+00:00, run_after=2023-06-13T23:11:41.053259+00:00
[2023-06-13T23:11:41.101+0000] {processor.py:179} INFO - Processing /home/airflow/.local/lib/python3.7/site-packages/airflow/example_dags/example_task_group_decorator.py took 0.176 seconds
[2023-06-13T23:12:11.728+0000] {processor.py:157} INFO - Started process (PID=8763) to work on /home/airflow/.local/lib/python3.7/site-packages/airflow/example_dags/example_task_group_decorator.py
[2023-06-13T23:12:11.730+0000] {processor.py:826} INFO - Processing file /home/airflow/.local/lib/python3.7/site-packages/airflow/example_dags/example_task_group_decorator.py for tasks to queue
[2023-06-13T23:12:11.732+0000] {logging_mixin.py:149} INFO - [2023-06-13T23:12:11.731+0000] {dagbag.py:541} INFO - Filling up the DagBag from /home/airflow/.local/lib/python3.7/site-packages/airflow/example_dags/example_task_group_decorator.py
[2023-06-13T23:12:11.758+0000] {processor.py:836} INFO - DAG(s) dict_keys(['example_task_group_decorator']) retrieved from /home/airflow/.local/lib/python3.7/site-packages/airflow/example_dags/example_task_group_decorator.py
[2023-06-13T23:12:11.834+0000] {logging_mixin.py:149} INFO - [2023-06-13T23:12:11.834+0000] {dag.py:2726} INFO - Sync 1 DAGs
[2023-06-13T23:12:11.891+0000] {logging_mixin.py:149} INFO - [2023-06-13T23:12:11.891+0000] {dag.py:3490} INFO - Setting next_dagrun for example_task_group_decorator to 2023-06-12T23:12:11.890994+00:00, run_after=2023-06-13T23:12:11.890994+00:00
[2023-06-13T23:12:11.936+0000] {processor.py:179} INFO - Processing /home/airflow/.local/lib/python3.7/site-packages/airflow/example_dags/example_task_group_decorator.py took 0.213 seconds
[2023-06-13T23:12:42.335+0000] {processor.py:157} INFO - Started process (PID=9003) to work on /home/airflow/.local/lib/python3.7/site-packages/airflow/example_dags/example_task_group_decorator.py
[2023-06-13T23:12:42.339+0000] {processor.py:826} INFO - Processing file /home/airflow/.local/lib/python3.7/site-packages/airflow/example_dags/example_task_group_decorator.py for tasks to queue
[2023-06-13T23:12:42.341+0000] {logging_mixin.py:149} INFO - [2023-06-13T23:12:42.341+0000] {dagbag.py:541} INFO - Filling up the DagBag from /home/airflow/.local/lib/python3.7/site-packages/airflow/example_dags/example_task_group_decorator.py
[2023-06-13T23:12:42.377+0000] {processor.py:836} INFO - DAG(s) dict_keys(['example_task_group_decorator']) retrieved from /home/airflow/.local/lib/python3.7/site-packages/airflow/example_dags/example_task_group_decorator.py
[2023-06-13T23:12:42.444+0000] {logging_mixin.py:149} INFO - [2023-06-13T23:12:42.444+0000] {dag.py:2726} INFO - Sync 1 DAGs
[2023-06-13T23:12:42.503+0000] {logging_mixin.py:149} INFO - [2023-06-13T23:12:42.502+0000] {dag.py:3490} INFO - Setting next_dagrun for example_task_group_decorator to 2023-06-12T23:12:42.502213+00:00, run_after=2023-06-13T23:12:42.502213+00:00
[2023-06-13T23:12:42.551+0000] {processor.py:179} INFO - Processing /home/airflow/.local/lib/python3.7/site-packages/airflow/example_dags/example_task_group_decorator.py took 0.224 seconds
[2023-06-13T23:13:13.526+0000] {processor.py:157} INFO - Started process (PID=9244) to work on /home/airflow/.local/lib/python3.7/site-packages/airflow/example_dags/example_task_group_decorator.py
[2023-06-13T23:13:13.528+0000] {processor.py:826} INFO - Processing file /home/airflow/.local/lib/python3.7/site-packages/airflow/example_dags/example_task_group_decorator.py for tasks to queue
[2023-06-13T23:13:13.529+0000] {logging_mixin.py:149} INFO - [2023-06-13T23:13:13.529+0000] {dagbag.py:541} INFO - Filling up the DagBag from /home/airflow/.local/lib/python3.7/site-packages/airflow/example_dags/example_task_group_decorator.py
[2023-06-13T23:13:13.550+0000] {processor.py:836} INFO - DAG(s) dict_keys(['example_task_group_decorator']) retrieved from /home/airflow/.local/lib/python3.7/site-packages/airflow/example_dags/example_task_group_decorator.py
[2023-06-13T23:13:13.612+0000] {logging_mixin.py:149} INFO - [2023-06-13T23:13:13.612+0000] {dag.py:2726} INFO - Sync 1 DAGs
[2023-06-13T23:13:13.662+0000] {logging_mixin.py:149} INFO - [2023-06-13T23:13:13.661+0000] {dag.py:3490} INFO - Setting next_dagrun for example_task_group_decorator to 2023-06-12T23:13:13.661626+00:00, run_after=2023-06-13T23:13:13.661626+00:00
[2023-06-13T23:13:13.716+0000] {processor.py:179} INFO - Processing /home/airflow/.local/lib/python3.7/site-packages/airflow/example_dags/example_task_group_decorator.py took 0.195 seconds
[2023-06-13T23:13:44.288+0000] {processor.py:157} INFO - Started process (PID=9484) to work on /home/airflow/.local/lib/python3.7/site-packages/airflow/example_dags/example_task_group_decorator.py
[2023-06-13T23:13:44.291+0000] {processor.py:826} INFO - Processing file /home/airflow/.local/lib/python3.7/site-packages/airflow/example_dags/example_task_group_decorator.py for tasks to queue
[2023-06-13T23:13:44.292+0000] {logging_mixin.py:149} INFO - [2023-06-13T23:13:44.292+0000] {dagbag.py:541} INFO - Filling up the DagBag from /home/airflow/.local/lib/python3.7/site-packages/airflow/example_dags/example_task_group_decorator.py
[2023-06-13T23:13:44.317+0000] {processor.py:836} INFO - DAG(s) dict_keys(['example_task_group_decorator']) retrieved from /home/airflow/.local/lib/python3.7/site-packages/airflow/example_dags/example_task_group_decorator.py
[2023-06-13T23:13:44.373+0000] {logging_mixin.py:149} INFO - [2023-06-13T23:13:44.373+0000] {dag.py:2726} INFO - Sync 1 DAGs
[2023-06-13T23:13:44.428+0000] {logging_mixin.py:149} INFO - [2023-06-13T23:13:44.428+0000] {dag.py:3490} INFO - Setting next_dagrun for example_task_group_decorator to 2023-06-12T23:13:44.428258+00:00, run_after=2023-06-13T23:13:44.428258+00:00
[2023-06-13T23:13:44.471+0000] {processor.py:179} INFO - Processing /home/airflow/.local/lib/python3.7/site-packages/airflow/example_dags/example_task_group_decorator.py took 0.188 seconds
[2023-06-13T23:14:14.786+0000] {processor.py:157} INFO - Started process (PID=9722) to work on /home/airflow/.local/lib/python3.7/site-packages/airflow/example_dags/example_task_group_decorator.py
[2023-06-13T23:14:14.790+0000] {processor.py:826} INFO - Processing file /home/airflow/.local/lib/python3.7/site-packages/airflow/example_dags/example_task_group_decorator.py for tasks to queue
[2023-06-13T23:14:14.792+0000] {logging_mixin.py:149} INFO - [2023-06-13T23:14:14.792+0000] {dagbag.py:541} INFO - Filling up the DagBag from /home/airflow/.local/lib/python3.7/site-packages/airflow/example_dags/example_task_group_decorator.py
[2023-06-13T23:14:14.827+0000] {processor.py:836} INFO - DAG(s) dict_keys(['example_task_group_decorator']) retrieved from /home/airflow/.local/lib/python3.7/site-packages/airflow/example_dags/example_task_group_decorator.py
[2023-06-13T23:14:14.888+0000] {logging_mixin.py:149} INFO - [2023-06-13T23:14:14.888+0000] {dag.py:2726} INFO - Sync 1 DAGs
[2023-06-13T23:14:14.936+0000] {logging_mixin.py:149} INFO - [2023-06-13T23:14:14.935+0000] {dag.py:3490} INFO - Setting next_dagrun for example_task_group_decorator to 2023-06-12T23:14:14.935587+00:00, run_after=2023-06-13T23:14:14.935587+00:00
[2023-06-13T23:14:14.991+0000] {processor.py:179} INFO - Processing /home/airflow/.local/lib/python3.7/site-packages/airflow/example_dags/example_task_group_decorator.py took 0.210 seconds
[2023-06-13T23:14:45.337+0000] {processor.py:157} INFO - Started process (PID=9963) to work on /home/airflow/.local/lib/python3.7/site-packages/airflow/example_dags/example_task_group_decorator.py
[2023-06-13T23:14:45.339+0000] {processor.py:826} INFO - Processing file /home/airflow/.local/lib/python3.7/site-packages/airflow/example_dags/example_task_group_decorator.py for tasks to queue
[2023-06-13T23:14:45.340+0000] {logging_mixin.py:149} INFO - [2023-06-13T23:14:45.340+0000] {dagbag.py:541} INFO - Filling up the DagBag from /home/airflow/.local/lib/python3.7/site-packages/airflow/example_dags/example_task_group_decorator.py
[2023-06-13T23:14:45.367+0000] {processor.py:836} INFO - DAG(s) dict_keys(['example_task_group_decorator']) retrieved from /home/airflow/.local/lib/python3.7/site-packages/airflow/example_dags/example_task_group_decorator.py
[2023-06-13T23:14:45.434+0000] {logging_mixin.py:149} INFO - [2023-06-13T23:14:45.433+0000] {dag.py:2726} INFO - Sync 1 DAGs
[2023-06-13T23:14:45.484+0000] {logging_mixin.py:149} INFO - [2023-06-13T23:14:45.484+0000] {dag.py:3490} INFO - Setting next_dagrun for example_task_group_decorator to 2023-06-12T23:14:45.483848+00:00, run_after=2023-06-13T23:14:45.483848+00:00
[2023-06-13T23:14:45.544+0000] {processor.py:179} INFO - Processing /home/airflow/.local/lib/python3.7/site-packages/airflow/example_dags/example_task_group_decorator.py took 0.213 seconds
[2023-06-13T23:15:16.331+0000] {processor.py:157} INFO - Started process (PID=10200) to work on /home/airflow/.local/lib/python3.7/site-packages/airflow/example_dags/example_task_group_decorator.py
[2023-06-13T23:15:16.334+0000] {processor.py:826} INFO - Processing file /home/airflow/.local/lib/python3.7/site-packages/airflow/example_dags/example_task_group_decorator.py for tasks to queue
[2023-06-13T23:15:16.336+0000] {logging_mixin.py:149} INFO - [2023-06-13T23:15:16.335+0000] {dagbag.py:541} INFO - Filling up the DagBag from /home/airflow/.local/lib/python3.7/site-packages/airflow/example_dags/example_task_group_decorator.py
[2023-06-13T23:15:16.361+0000] {processor.py:836} INFO - DAG(s) dict_keys(['example_task_group_decorator']) retrieved from /home/airflow/.local/lib/python3.7/site-packages/airflow/example_dags/example_task_group_decorator.py
[2023-06-13T23:15:16.415+0000] {logging_mixin.py:149} INFO - [2023-06-13T23:15:16.415+0000] {dag.py:2726} INFO - Sync 1 DAGs
[2023-06-13T23:15:16.469+0000] {logging_mixin.py:149} INFO - [2023-06-13T23:15:16.468+0000] {dag.py:3490} INFO - Setting next_dagrun for example_task_group_decorator to 2023-06-12T23:15:16.468620+00:00, run_after=2023-06-13T23:15:16.468620+00:00
[2023-06-13T23:15:16.522+0000] {processor.py:179} INFO - Processing /home/airflow/.local/lib/python3.7/site-packages/airflow/example_dags/example_task_group_decorator.py took 0.197 seconds
[2023-06-13T23:15:47.022+0000] {processor.py:157} INFO - Started process (PID=10442) to work on /home/airflow/.local/lib/python3.7/site-packages/airflow/example_dags/example_task_group_decorator.py
[2023-06-13T23:15:47.024+0000] {processor.py:826} INFO - Processing file /home/airflow/.local/lib/python3.7/site-packages/airflow/example_dags/example_task_group_decorator.py for tasks to queue
[2023-06-13T23:15:47.025+0000] {logging_mixin.py:149} INFO - [2023-06-13T23:15:47.025+0000] {dagbag.py:541} INFO - Filling up the DagBag from /home/airflow/.local/lib/python3.7/site-packages/airflow/example_dags/example_task_group_decorator.py
[2023-06-13T23:15:47.047+0000] {processor.py:836} INFO - DAG(s) dict_keys(['example_task_group_decorator']) retrieved from /home/airflow/.local/lib/python3.7/site-packages/airflow/example_dags/example_task_group_decorator.py
[2023-06-13T23:15:47.103+0000] {logging_mixin.py:149} INFO - [2023-06-13T23:15:47.102+0000] {dag.py:2726} INFO - Sync 1 DAGs
[2023-06-13T23:15:47.143+0000] {logging_mixin.py:149} INFO - [2023-06-13T23:15:47.143+0000] {dag.py:3490} INFO - Setting next_dagrun for example_task_group_decorator to 2023-06-12T23:15:47.143373+00:00, run_after=2023-06-13T23:15:47.143373+00:00
[2023-06-13T23:15:47.198+0000] {processor.py:179} INFO - Processing /home/airflow/.local/lib/python3.7/site-packages/airflow/example_dags/example_task_group_decorator.py took 0.181 seconds
[2023-06-13T23:16:17.649+0000] {processor.py:157} INFO - Started process (PID=10682) to work on /home/airflow/.local/lib/python3.7/site-packages/airflow/example_dags/example_task_group_decorator.py
[2023-06-13T23:16:17.651+0000] {processor.py:826} INFO - Processing file /home/airflow/.local/lib/python3.7/site-packages/airflow/example_dags/example_task_group_decorator.py for tasks to queue
[2023-06-13T23:16:17.652+0000] {logging_mixin.py:149} INFO - [2023-06-13T23:16:17.652+0000] {dagbag.py:541} INFO - Filling up the DagBag from /home/airflow/.local/lib/python3.7/site-packages/airflow/example_dags/example_task_group_decorator.py
[2023-06-13T23:16:17.694+0000] {processor.py:836} INFO - DAG(s) dict_keys(['example_task_group_decorator']) retrieved from /home/airflow/.local/lib/python3.7/site-packages/airflow/example_dags/example_task_group_decorator.py
[2023-06-13T23:16:17.773+0000] {logging_mixin.py:149} INFO - [2023-06-13T23:16:17.773+0000] {dag.py:2726} INFO - Sync 1 DAGs
[2023-06-13T23:16:17.878+0000] {logging_mixin.py:149} INFO - [2023-06-13T23:16:17.878+0000] {dag.py:3490} INFO - Setting next_dagrun for example_task_group_decorator to 2023-06-12T23:16:17.876720+00:00, run_after=2023-06-13T23:16:17.876720+00:00
[2023-06-13T23:16:17.965+0000] {processor.py:179} INFO - Processing /home/airflow/.local/lib/python3.7/site-packages/airflow/example_dags/example_task_group_decorator.py took 0.324 seconds
[2023-06-13T23:16:48.218+0000] {processor.py:157} INFO - Started process (PID=10927) to work on /home/airflow/.local/lib/python3.7/site-packages/airflow/example_dags/example_task_group_decorator.py
[2023-06-13T23:16:48.220+0000] {processor.py:826} INFO - Processing file /home/airflow/.local/lib/python3.7/site-packages/airflow/example_dags/example_task_group_decorator.py for tasks to queue
[2023-06-13T23:16:48.222+0000] {logging_mixin.py:149} INFO - [2023-06-13T23:16:48.221+0000] {dagbag.py:541} INFO - Filling up the DagBag from /home/airflow/.local/lib/python3.7/site-packages/airflow/example_dags/example_task_group_decorator.py
[2023-06-13T23:16:48.240+0000] {processor.py:836} INFO - DAG(s) dict_keys(['example_task_group_decorator']) retrieved from /home/airflow/.local/lib/python3.7/site-packages/airflow/example_dags/example_task_group_decorator.py
[2023-06-13T23:16:48.282+0000] {logging_mixin.py:149} INFO - [2023-06-13T23:16:48.282+0000] {dag.py:2726} INFO - Sync 1 DAGs
[2023-06-13T23:16:48.321+0000] {logging_mixin.py:149} INFO - [2023-06-13T23:16:48.321+0000] {dag.py:3490} INFO - Setting next_dagrun for example_task_group_decorator to 2023-06-12T23:16:48.321233+00:00, run_after=2023-06-13T23:16:48.321233+00:00
[2023-06-13T23:16:48.358+0000] {processor.py:179} INFO - Processing /home/airflow/.local/lib/python3.7/site-packages/airflow/example_dags/example_task_group_decorator.py took 0.143 seconds
[2023-06-13T23:17:19.267+0000] {processor.py:157} INFO - Started process (PID=11161) to work on /home/airflow/.local/lib/python3.7/site-packages/airflow/example_dags/example_task_group_decorator.py
[2023-06-13T23:17:19.269+0000] {processor.py:826} INFO - Processing file /home/airflow/.local/lib/python3.7/site-packages/airflow/example_dags/example_task_group_decorator.py for tasks to queue
[2023-06-13T23:17:19.271+0000] {logging_mixin.py:149} INFO - [2023-06-13T23:17:19.271+0000] {dagbag.py:541} INFO - Filling up the DagBag from /home/airflow/.local/lib/python3.7/site-packages/airflow/example_dags/example_task_group_decorator.py
[2023-06-13T23:17:19.298+0000] {processor.py:836} INFO - DAG(s) dict_keys(['example_task_group_decorator']) retrieved from /home/airflow/.local/lib/python3.7/site-packages/airflow/example_dags/example_task_group_decorator.py
[2023-06-13T23:17:19.365+0000] {logging_mixin.py:149} INFO - [2023-06-13T23:17:19.365+0000] {dag.py:2726} INFO - Sync 1 DAGs
[2023-06-13T23:17:19.424+0000] {logging_mixin.py:149} INFO - [2023-06-13T23:17:19.424+0000] {dag.py:3490} INFO - Setting next_dagrun for example_task_group_decorator to 2023-06-12T23:17:19.423729+00:00, run_after=2023-06-13T23:17:19.423729+00:00
[2023-06-13T23:17:19.483+0000] {processor.py:179} INFO - Processing /home/airflow/.local/lib/python3.7/site-packages/airflow/example_dags/example_task_group_decorator.py took 0.223 seconds
[2023-06-13T23:17:50.467+0000] {processor.py:157} INFO - Started process (PID=11401) to work on /home/airflow/.local/lib/python3.7/site-packages/airflow/example_dags/example_task_group_decorator.py
[2023-06-13T23:17:50.469+0000] {processor.py:826} INFO - Processing file /home/airflow/.local/lib/python3.7/site-packages/airflow/example_dags/example_task_group_decorator.py for tasks to queue
[2023-06-13T23:17:50.471+0000] {logging_mixin.py:149} INFO - [2023-06-13T23:17:50.471+0000] {dagbag.py:541} INFO - Filling up the DagBag from /home/airflow/.local/lib/python3.7/site-packages/airflow/example_dags/example_task_group_decorator.py
[2023-06-13T23:17:50.499+0000] {processor.py:836} INFO - DAG(s) dict_keys(['example_task_group_decorator']) retrieved from /home/airflow/.local/lib/python3.7/site-packages/airflow/example_dags/example_task_group_decorator.py
[2023-06-13T23:17:50.567+0000] {logging_mixin.py:149} INFO - [2023-06-13T23:17:50.566+0000] {dag.py:2726} INFO - Sync 1 DAGs
[2023-06-13T23:17:50.623+0000] {logging_mixin.py:149} INFO - [2023-06-13T23:17:50.623+0000] {dag.py:3490} INFO - Setting next_dagrun for example_task_group_decorator to 2023-06-12T23:17:50.622590+00:00, run_after=2023-06-13T23:17:50.622590+00:00
[2023-06-13T23:17:50.683+0000] {processor.py:179} INFO - Processing /home/airflow/.local/lib/python3.7/site-packages/airflow/example_dags/example_task_group_decorator.py took 0.223 seconds
[2023-06-13T23:18:21.239+0000] {processor.py:157} INFO - Started process (PID=11641) to work on /home/airflow/.local/lib/python3.7/site-packages/airflow/example_dags/example_task_group_decorator.py
[2023-06-13T23:18:21.243+0000] {processor.py:826} INFO - Processing file /home/airflow/.local/lib/python3.7/site-packages/airflow/example_dags/example_task_group_decorator.py for tasks to queue
[2023-06-13T23:18:21.244+0000] {logging_mixin.py:149} INFO - [2023-06-13T23:18:21.244+0000] {dagbag.py:541} INFO - Filling up the DagBag from /home/airflow/.local/lib/python3.7/site-packages/airflow/example_dags/example_task_group_decorator.py
[2023-06-13T23:18:21.265+0000] {processor.py:836} INFO - DAG(s) dict_keys(['example_task_group_decorator']) retrieved from /home/airflow/.local/lib/python3.7/site-packages/airflow/example_dags/example_task_group_decorator.py
[2023-06-13T23:18:21.335+0000] {logging_mixin.py:149} INFO - [2023-06-13T23:18:21.335+0000] {dag.py:2726} INFO - Sync 1 DAGs
[2023-06-13T23:18:21.388+0000] {logging_mixin.py:149} INFO - [2023-06-13T23:18:21.388+0000] {dag.py:3490} INFO - Setting next_dagrun for example_task_group_decorator to 2023-06-12T23:18:21.387630+00:00, run_after=2023-06-13T23:18:21.387630+00:00
[2023-06-13T23:18:21.443+0000] {processor.py:179} INFO - Processing /home/airflow/.local/lib/python3.7/site-packages/airflow/example_dags/example_task_group_decorator.py took 0.209 seconds
[2023-06-13T23:18:52.350+0000] {processor.py:157} INFO - Started process (PID=11881) to work on /home/airflow/.local/lib/python3.7/site-packages/airflow/example_dags/example_task_group_decorator.py
[2023-06-13T23:18:52.352+0000] {processor.py:826} INFO - Processing file /home/airflow/.local/lib/python3.7/site-packages/airflow/example_dags/example_task_group_decorator.py for tasks to queue
[2023-06-13T23:18:52.354+0000] {logging_mixin.py:149} INFO - [2023-06-13T23:18:52.353+0000] {dagbag.py:541} INFO - Filling up the DagBag from /home/airflow/.local/lib/python3.7/site-packages/airflow/example_dags/example_task_group_decorator.py
[2023-06-13T23:18:52.394+0000] {processor.py:836} INFO - DAG(s) dict_keys(['example_task_group_decorator']) retrieved from /home/airflow/.local/lib/python3.7/site-packages/airflow/example_dags/example_task_group_decorator.py
[2023-06-13T23:18:52.469+0000] {logging_mixin.py:149} INFO - [2023-06-13T23:18:52.469+0000] {dag.py:2726} INFO - Sync 1 DAGs
[2023-06-13T23:18:52.532+0000] {logging_mixin.py:149} INFO - [2023-06-13T23:18:52.531+0000] {dag.py:3490} INFO - Setting next_dagrun for example_task_group_decorator to 2023-06-12T23:18:52.530990+00:00, run_after=2023-06-13T23:18:52.530990+00:00
[2023-06-13T23:18:52.607+0000] {processor.py:179} INFO - Processing /home/airflow/.local/lib/python3.7/site-packages/airflow/example_dags/example_task_group_decorator.py took 0.265 seconds
[2023-06-13T23:19:23.351+0000] {processor.py:157} INFO - Started process (PID=12121) to work on /home/airflow/.local/lib/python3.7/site-packages/airflow/example_dags/example_task_group_decorator.py
[2023-06-13T23:19:23.361+0000] {processor.py:826} INFO - Processing file /home/airflow/.local/lib/python3.7/site-packages/airflow/example_dags/example_task_group_decorator.py for tasks to queue
[2023-06-13T23:19:23.363+0000] {logging_mixin.py:149} INFO - [2023-06-13T23:19:23.362+0000] {dagbag.py:541} INFO - Filling up the DagBag from /home/airflow/.local/lib/python3.7/site-packages/airflow/example_dags/example_task_group_decorator.py
[2023-06-13T23:19:23.400+0000] {processor.py:836} INFO - DAG(s) dict_keys(['example_task_group_decorator']) retrieved from /home/airflow/.local/lib/python3.7/site-packages/airflow/example_dags/example_task_group_decorator.py
[2023-06-13T23:19:23.462+0000] {logging_mixin.py:149} INFO - [2023-06-13T23:19:23.462+0000] {dag.py:2726} INFO - Sync 1 DAGs
[2023-06-13T23:19:23.532+0000] {logging_mixin.py:149} INFO - [2023-06-13T23:19:23.531+0000] {dag.py:3490} INFO - Setting next_dagrun for example_task_group_decorator to 2023-06-12T23:19:23.530569+00:00, run_after=2023-06-13T23:19:23.530569+00:00
[2023-06-13T23:19:23.595+0000] {processor.py:179} INFO - Processing /home/airflow/.local/lib/python3.7/site-packages/airflow/example_dags/example_task_group_decorator.py took 0.250 seconds
[2023-06-13T23:19:54.054+0000] {processor.py:157} INFO - Started process (PID=12361) to work on /home/airflow/.local/lib/python3.7/site-packages/airflow/example_dags/example_task_group_decorator.py
[2023-06-13T23:19:54.056+0000] {processor.py:826} INFO - Processing file /home/airflow/.local/lib/python3.7/site-packages/airflow/example_dags/example_task_group_decorator.py for tasks to queue
[2023-06-13T23:19:54.057+0000] {logging_mixin.py:149} INFO - [2023-06-13T23:19:54.057+0000] {dagbag.py:541} INFO - Filling up the DagBag from /home/airflow/.local/lib/python3.7/site-packages/airflow/example_dags/example_task_group_decorator.py
[2023-06-13T23:19:54.089+0000] {processor.py:836} INFO - DAG(s) dict_keys(['example_task_group_decorator']) retrieved from /home/airflow/.local/lib/python3.7/site-packages/airflow/example_dags/example_task_group_decorator.py
[2023-06-13T23:19:54.160+0000] {logging_mixin.py:149} INFO - [2023-06-13T23:19:54.160+0000] {dag.py:2726} INFO - Sync 1 DAGs
[2023-06-13T23:19:54.236+0000] {logging_mixin.py:149} INFO - [2023-06-13T23:19:54.236+0000] {dag.py:3490} INFO - Setting next_dagrun for example_task_group_decorator to 2023-06-12T23:19:54.235768+00:00, run_after=2023-06-13T23:19:54.235768+00:00
[2023-06-13T23:19:54.286+0000] {processor.py:179} INFO - Processing /home/airflow/.local/lib/python3.7/site-packages/airflow/example_dags/example_task_group_decorator.py took 0.238 seconds
[2023-06-13T23:20:25.390+0000] {processor.py:157} INFO - Started process (PID=12601) to work on /home/airflow/.local/lib/python3.7/site-packages/airflow/example_dags/example_task_group_decorator.py
[2023-06-13T23:20:25.393+0000] {processor.py:826} INFO - Processing file /home/airflow/.local/lib/python3.7/site-packages/airflow/example_dags/example_task_group_decorator.py for tasks to queue
[2023-06-13T23:20:25.395+0000] {logging_mixin.py:149} INFO - [2023-06-13T23:20:25.394+0000] {dagbag.py:541} INFO - Filling up the DagBag from /home/airflow/.local/lib/python3.7/site-packages/airflow/example_dags/example_task_group_decorator.py
[2023-06-13T23:20:25.438+0000] {processor.py:836} INFO - DAG(s) dict_keys(['example_task_group_decorator']) retrieved from /home/airflow/.local/lib/python3.7/site-packages/airflow/example_dags/example_task_group_decorator.py
[2023-06-13T23:20:25.546+0000] {logging_mixin.py:149} INFO - [2023-06-13T23:20:25.545+0000] {dag.py:2726} INFO - Sync 1 DAGs
[2023-06-13T23:20:25.614+0000] {logging_mixin.py:149} INFO - [2023-06-13T23:20:25.614+0000] {dag.py:3490} INFO - Setting next_dagrun for example_task_group_decorator to 2023-06-12T23:20:25.613473+00:00, run_after=2023-06-13T23:20:25.613473+00:00
[2023-06-13T23:20:25.693+0000] {processor.py:179} INFO - Processing /home/airflow/.local/lib/python3.7/site-packages/airflow/example_dags/example_task_group_decorator.py took 0.314 seconds
[2023-06-13T23:20:56.103+0000] {processor.py:157} INFO - Started process (PID=12841) to work on /home/airflow/.local/lib/python3.7/site-packages/airflow/example_dags/example_task_group_decorator.py
[2023-06-13T23:20:56.106+0000] {processor.py:826} INFO - Processing file /home/airflow/.local/lib/python3.7/site-packages/airflow/example_dags/example_task_group_decorator.py for tasks to queue
[2023-06-13T23:20:56.109+0000] {logging_mixin.py:149} INFO - [2023-06-13T23:20:56.108+0000] {dagbag.py:541} INFO - Filling up the DagBag from /home/airflow/.local/lib/python3.7/site-packages/airflow/example_dags/example_task_group_decorator.py
[2023-06-13T23:20:56.147+0000] {processor.py:836} INFO - DAG(s) dict_keys(['example_task_group_decorator']) retrieved from /home/airflow/.local/lib/python3.7/site-packages/airflow/example_dags/example_task_group_decorator.py
[2023-06-13T23:20:56.226+0000] {logging_mixin.py:149} INFO - [2023-06-13T23:20:56.225+0000] {dag.py:2726} INFO - Sync 1 DAGs
[2023-06-13T23:20:56.285+0000] {logging_mixin.py:149} INFO - [2023-06-13T23:20:56.285+0000] {dag.py:3490} INFO - Setting next_dagrun for example_task_group_decorator to 2023-06-12T23:20:56.285115+00:00, run_after=2023-06-13T23:20:56.285115+00:00
[2023-06-13T23:20:56.334+0000] {processor.py:179} INFO - Processing /home/airflow/.local/lib/python3.7/site-packages/airflow/example_dags/example_task_group_decorator.py took 0.242 seconds
[2023-06-13T23:21:26.871+0000] {processor.py:157} INFO - Started process (PID=13080) to work on /home/airflow/.local/lib/python3.7/site-packages/airflow/example_dags/example_task_group_decorator.py
[2023-06-13T23:21:26.873+0000] {processor.py:826} INFO - Processing file /home/airflow/.local/lib/python3.7/site-packages/airflow/example_dags/example_task_group_decorator.py for tasks to queue
[2023-06-13T23:21:26.874+0000] {logging_mixin.py:149} INFO - [2023-06-13T23:21:26.874+0000] {dagbag.py:541} INFO - Filling up the DagBag from /home/airflow/.local/lib/python3.7/site-packages/airflow/example_dags/example_task_group_decorator.py
[2023-06-13T23:21:26.903+0000] {processor.py:836} INFO - DAG(s) dict_keys(['example_task_group_decorator']) retrieved from /home/airflow/.local/lib/python3.7/site-packages/airflow/example_dags/example_task_group_decorator.py
[2023-06-13T23:21:26.981+0000] {logging_mixin.py:149} INFO - [2023-06-13T23:21:26.981+0000] {dag.py:2726} INFO - Sync 1 DAGs
[2023-06-13T23:21:27.055+0000] {logging_mixin.py:149} INFO - [2023-06-13T23:21:27.054+0000] {dag.py:3490} INFO - Setting next_dagrun for example_task_group_decorator to 2023-06-12T23:21:27.054566+00:00, run_after=2023-06-13T23:21:27.054566+00:00
[2023-06-13T23:21:27.123+0000] {processor.py:179} INFO - Processing /home/airflow/.local/lib/python3.7/site-packages/airflow/example_dags/example_task_group_decorator.py took 0.260 seconds
[2023-06-13T23:21:59.338+0000] {processor.py:157} INFO - Started process (PID=13321) to work on /home/airflow/.local/lib/python3.7/site-packages/airflow/example_dags/example_task_group_decorator.py
[2023-06-13T23:21:59.341+0000] {processor.py:826} INFO - Processing file /home/airflow/.local/lib/python3.7/site-packages/airflow/example_dags/example_task_group_decorator.py for tasks to queue
[2023-06-13T23:21:59.343+0000] {logging_mixin.py:149} INFO - [2023-06-13T23:21:59.343+0000] {dagbag.py:541} INFO - Filling up the DagBag from /home/airflow/.local/lib/python3.7/site-packages/airflow/example_dags/example_task_group_decorator.py
[2023-06-13T23:21:59.378+0000] {processor.py:836} INFO - DAG(s) dict_keys(['example_task_group_decorator']) retrieved from /home/airflow/.local/lib/python3.7/site-packages/airflow/example_dags/example_task_group_decorator.py
[2023-06-13T23:21:59.449+0000] {logging_mixin.py:149} INFO - [2023-06-13T23:21:59.448+0000] {dag.py:2726} INFO - Sync 1 DAGs
[2023-06-13T23:21:59.527+0000] {logging_mixin.py:149} INFO - [2023-06-13T23:21:59.527+0000] {dag.py:3490} INFO - Setting next_dagrun for example_task_group_decorator to 2023-06-12T23:21:59.526076+00:00, run_after=2023-06-13T23:21:59.526076+00:00
[2023-06-13T23:21:59.606+0000] {processor.py:179} INFO - Processing /home/airflow/.local/lib/python3.7/site-packages/airflow/example_dags/example_task_group_decorator.py took 0.277 seconds
[2023-06-13T23:22:30.169+0000] {processor.py:157} INFO - Started process (PID=13546) to work on /home/airflow/.local/lib/python3.7/site-packages/airflow/example_dags/example_task_group_decorator.py
[2023-06-13T23:22:30.171+0000] {processor.py:826} INFO - Processing file /home/airflow/.local/lib/python3.7/site-packages/airflow/example_dags/example_task_group_decorator.py for tasks to queue
[2023-06-13T23:22:30.172+0000] {logging_mixin.py:149} INFO - [2023-06-13T23:22:30.172+0000] {dagbag.py:541} INFO - Filling up the DagBag from /home/airflow/.local/lib/python3.7/site-packages/airflow/example_dags/example_task_group_decorator.py
[2023-06-13T23:22:30.195+0000] {processor.py:836} INFO - DAG(s) dict_keys(['example_task_group_decorator']) retrieved from /home/airflow/.local/lib/python3.7/site-packages/airflow/example_dags/example_task_group_decorator.py
[2023-06-13T23:22:30.242+0000] {logging_mixin.py:149} INFO - [2023-06-13T23:22:30.242+0000] {dag.py:2726} INFO - Sync 1 DAGs
[2023-06-13T23:22:30.304+0000] {logging_mixin.py:149} INFO - [2023-06-13T23:22:30.304+0000] {dag.py:3490} INFO - Setting next_dagrun for example_task_group_decorator to 2023-06-12T23:22:30.303604+00:00, run_after=2023-06-13T23:22:30.303604+00:00
[2023-06-13T23:22:30.361+0000] {processor.py:179} INFO - Processing /home/airflow/.local/lib/python3.7/site-packages/airflow/example_dags/example_task_group_decorator.py took 0.196 seconds
[2023-06-13T23:23:00.696+0000] {processor.py:157} INFO - Started process (PID=13786) to work on /home/airflow/.local/lib/python3.7/site-packages/airflow/example_dags/example_task_group_decorator.py
[2023-06-13T23:23:00.698+0000] {processor.py:826} INFO - Processing file /home/airflow/.local/lib/python3.7/site-packages/airflow/example_dags/example_task_group_decorator.py for tasks to queue
[2023-06-13T23:23:00.699+0000] {logging_mixin.py:149} INFO - [2023-06-13T23:23:00.699+0000] {dagbag.py:541} INFO - Filling up the DagBag from /home/airflow/.local/lib/python3.7/site-packages/airflow/example_dags/example_task_group_decorator.py
[2023-06-13T23:23:00.715+0000] {processor.py:836} INFO - DAG(s) dict_keys(['example_task_group_decorator']) retrieved from /home/airflow/.local/lib/python3.7/site-packages/airflow/example_dags/example_task_group_decorator.py
[2023-06-13T23:23:00.762+0000] {logging_mixin.py:149} INFO - [2023-06-13T23:23:00.762+0000] {dag.py:2726} INFO - Sync 1 DAGs
[2023-06-13T23:23:00.808+0000] {logging_mixin.py:149} INFO - [2023-06-13T23:23:00.808+0000] {dag.py:3490} INFO - Setting next_dagrun for example_task_group_decorator to 2023-06-12T23:23:00.808464+00:00, run_after=2023-06-13T23:23:00.808464+00:00
[2023-06-13T23:23:00.845+0000] {processor.py:179} INFO - Processing /home/airflow/.local/lib/python3.7/site-packages/airflow/example_dags/example_task_group_decorator.py took 0.153 seconds
[2023-06-13T23:23:31.362+0000] {processor.py:157} INFO - Started process (PID=14026) to work on /home/airflow/.local/lib/python3.7/site-packages/airflow/example_dags/example_task_group_decorator.py
[2023-06-13T23:23:31.364+0000] {processor.py:826} INFO - Processing file /home/airflow/.local/lib/python3.7/site-packages/airflow/example_dags/example_task_group_decorator.py for tasks to queue
[2023-06-13T23:23:31.365+0000] {logging_mixin.py:149} INFO - [2023-06-13T23:23:31.365+0000] {dagbag.py:541} INFO - Filling up the DagBag from /home/airflow/.local/lib/python3.7/site-packages/airflow/example_dags/example_task_group_decorator.py
[2023-06-13T23:23:31.391+0000] {processor.py:836} INFO - DAG(s) dict_keys(['example_task_group_decorator']) retrieved from /home/airflow/.local/lib/python3.7/site-packages/airflow/example_dags/example_task_group_decorator.py
[2023-06-13T23:23:31.454+0000] {logging_mixin.py:149} INFO - [2023-06-13T23:23:31.454+0000] {dag.py:2726} INFO - Sync 1 DAGs
[2023-06-13T23:23:31.503+0000] {logging_mixin.py:149} INFO - [2023-06-13T23:23:31.503+0000] {dag.py:3490} INFO - Setting next_dagrun for example_task_group_decorator to 2023-06-12T23:23:31.503388+00:00, run_after=2023-06-13T23:23:31.503388+00:00
[2023-06-13T23:23:31.556+0000] {processor.py:179} INFO - Processing /home/airflow/.local/lib/python3.7/site-packages/airflow/example_dags/example_task_group_decorator.py took 0.198 seconds
[2023-06-13T23:24:01.725+0000] {processor.py:157} INFO - Started process (PID=14266) to work on /home/airflow/.local/lib/python3.7/site-packages/airflow/example_dags/example_task_group_decorator.py
[2023-06-13T23:24:01.726+0000] {processor.py:826} INFO - Processing file /home/airflow/.local/lib/python3.7/site-packages/airflow/example_dags/example_task_group_decorator.py for tasks to queue
[2023-06-13T23:24:01.728+0000] {logging_mixin.py:149} INFO - [2023-06-13T23:24:01.727+0000] {dagbag.py:541} INFO - Filling up the DagBag from /home/airflow/.local/lib/python3.7/site-packages/airflow/example_dags/example_task_group_decorator.py
[2023-06-13T23:24:01.780+0000] {processor.py:836} INFO - DAG(s) dict_keys(['example_task_group_decorator']) retrieved from /home/airflow/.local/lib/python3.7/site-packages/airflow/example_dags/example_task_group_decorator.py
[2023-06-13T23:24:01.836+0000] {logging_mixin.py:149} INFO - [2023-06-13T23:24:01.835+0000] {dag.py:2726} INFO - Sync 1 DAGs
[2023-06-13T23:24:01.881+0000] {logging_mixin.py:149} INFO - [2023-06-13T23:24:01.880+0000] {dag.py:3490} INFO - Setting next_dagrun for example_task_group_decorator to 2023-06-12T23:24:01.880188+00:00, run_after=2023-06-13T23:24:01.880188+00:00
[2023-06-13T23:24:01.943+0000] {processor.py:179} INFO - Processing /home/airflow/.local/lib/python3.7/site-packages/airflow/example_dags/example_task_group_decorator.py took 0.223 seconds
[2023-06-13T23:24:32.034+0000] {processor.py:157} INFO - Started process (PID=14508) to work on /home/airflow/.local/lib/python3.7/site-packages/airflow/example_dags/example_task_group_decorator.py
[2023-06-13T23:24:32.035+0000] {processor.py:826} INFO - Processing file /home/airflow/.local/lib/python3.7/site-packages/airflow/example_dags/example_task_group_decorator.py for tasks to queue
[2023-06-13T23:24:32.036+0000] {logging_mixin.py:149} INFO - [2023-06-13T23:24:32.035+0000] {dagbag.py:541} INFO - Filling up the DagBag from /home/airflow/.local/lib/python3.7/site-packages/airflow/example_dags/example_task_group_decorator.py
[2023-06-13T23:24:32.063+0000] {processor.py:836} INFO - DAG(s) dict_keys(['example_task_group_decorator']) retrieved from /home/airflow/.local/lib/python3.7/site-packages/airflow/example_dags/example_task_group_decorator.py
[2023-06-13T23:24:32.138+0000] {logging_mixin.py:149} INFO - [2023-06-13T23:24:32.137+0000] {dag.py:2726} INFO - Sync 1 DAGs
[2023-06-13T23:24:32.191+0000] {logging_mixin.py:149} INFO - [2023-06-13T23:24:32.191+0000] {dag.py:3490} INFO - Setting next_dagrun for example_task_group_decorator to 2023-06-12T23:24:32.190645+00:00, run_after=2023-06-13T23:24:32.190645+00:00
[2023-06-13T23:24:32.240+0000] {processor.py:179} INFO - Processing /home/airflow/.local/lib/python3.7/site-packages/airflow/example_dags/example_task_group_decorator.py took 0.211 seconds
[2023-06-13T23:25:02.497+0000] {processor.py:157} INFO - Started process (PID=14748) to work on /home/airflow/.local/lib/python3.7/site-packages/airflow/example_dags/example_task_group_decorator.py
[2023-06-13T23:25:02.499+0000] {processor.py:826} INFO - Processing file /home/airflow/.local/lib/python3.7/site-packages/airflow/example_dags/example_task_group_decorator.py for tasks to queue
[2023-06-13T23:25:02.500+0000] {logging_mixin.py:149} INFO - [2023-06-13T23:25:02.500+0000] {dagbag.py:541} INFO - Filling up the DagBag from /home/airflow/.local/lib/python3.7/site-packages/airflow/example_dags/example_task_group_decorator.py
[2023-06-13T23:25:02.522+0000] {processor.py:836} INFO - DAG(s) dict_keys(['example_task_group_decorator']) retrieved from /home/airflow/.local/lib/python3.7/site-packages/airflow/example_dags/example_task_group_decorator.py
[2023-06-13T23:25:02.577+0000] {logging_mixin.py:149} INFO - [2023-06-13T23:25:02.577+0000] {dag.py:2726} INFO - Sync 1 DAGs
[2023-06-13T23:25:02.621+0000] {logging_mixin.py:149} INFO - [2023-06-13T23:25:02.620+0000] {dag.py:3490} INFO - Setting next_dagrun for example_task_group_decorator to 2023-06-12T23:25:02.620474+00:00, run_after=2023-06-13T23:25:02.620474+00:00
[2023-06-13T23:25:02.666+0000] {processor.py:179} INFO - Processing /home/airflow/.local/lib/python3.7/site-packages/airflow/example_dags/example_task_group_decorator.py took 0.172 seconds
[2023-06-13T23:25:32.978+0000] {processor.py:157} INFO - Started process (PID=14986) to work on /home/airflow/.local/lib/python3.7/site-packages/airflow/example_dags/example_task_group_decorator.py
[2023-06-13T23:25:32.980+0000] {processor.py:826} INFO - Processing file /home/airflow/.local/lib/python3.7/site-packages/airflow/example_dags/example_task_group_decorator.py for tasks to queue
[2023-06-13T23:25:32.981+0000] {logging_mixin.py:149} INFO - [2023-06-13T23:25:32.981+0000] {dagbag.py:541} INFO - Filling up the DagBag from /home/airflow/.local/lib/python3.7/site-packages/airflow/example_dags/example_task_group_decorator.py
[2023-06-13T23:25:33.022+0000] {processor.py:836} INFO - DAG(s) dict_keys(['example_task_group_decorator']) retrieved from /home/airflow/.local/lib/python3.7/site-packages/airflow/example_dags/example_task_group_decorator.py
[2023-06-13T23:25:33.091+0000] {logging_mixin.py:149} INFO - [2023-06-13T23:25:33.090+0000] {dag.py:2726} INFO - Sync 1 DAGs
[2023-06-13T23:25:33.145+0000] {logging_mixin.py:149} INFO - [2023-06-13T23:25:33.144+0000] {dag.py:3490} INFO - Setting next_dagrun for example_task_group_decorator to 2023-06-12T23:25:33.144236+00:00, run_after=2023-06-13T23:25:33.144236+00:00
[2023-06-13T23:25:33.200+0000] {processor.py:179} INFO - Processing /home/airflow/.local/lib/python3.7/site-packages/airflow/example_dags/example_task_group_decorator.py took 0.229 seconds
