[2023-06-13T22:54:05.511+0000] {processor.py:157} INFO - Started process (PID=168) to work on /home/airflow/.local/lib/python3.7/site-packages/airflow/example_dags/example_trigger_target_dag.py
[2023-06-13T22:54:05.513+0000] {processor.py:826} INFO - Processing file /home/airflow/.local/lib/python3.7/site-packages/airflow/example_dags/example_trigger_target_dag.py for tasks to queue
[2023-06-13T22:54:05.514+0000] {logging_mixin.py:149} INFO - [2023-06-13T22:54:05.514+0000] {dagbag.py:541} INFO - Filling up the DagBag from /home/airflow/.local/lib/python3.7/site-packages/airflow/example_dags/example_trigger_target_dag.py
[2023-06-13T22:54:05.544+0000] {processor.py:836} INFO - DAG(s) dict_keys(['example_trigger_target_dag']) retrieved from /home/airflow/.local/lib/python3.7/site-packages/airflow/example_dags/example_trigger_target_dag.py
[2023-06-13T22:54:05.721+0000] {logging_mixin.py:149} INFO - [2023-06-13T22:54:05.721+0000] {dag.py:2726} INFO - Sync 1 DAGs
[2023-06-13T22:54:05.849+0000] {logging_mixin.py:149} INFO - [2023-06-13T22:54:05.849+0000] {dag.py:3490} INFO - Setting next_dagrun for example_trigger_target_dag to None, run_after=None
[2023-06-13T22:54:05.936+0000] {processor.py:179} INFO - Processing /home/airflow/.local/lib/python3.7/site-packages/airflow/example_dags/example_trigger_target_dag.py took 0.430 seconds
[2023-06-13T22:54:36.042+0000] {processor.py:157} INFO - Started process (PID=405) to work on /home/airflow/.local/lib/python3.7/site-packages/airflow/example_dags/example_trigger_target_dag.py
[2023-06-13T22:54:36.044+0000] {processor.py:826} INFO - Processing file /home/airflow/.local/lib/python3.7/site-packages/airflow/example_dags/example_trigger_target_dag.py for tasks to queue
[2023-06-13T22:54:36.045+0000] {logging_mixin.py:149} INFO - [2023-06-13T22:54:36.045+0000] {dagbag.py:541} INFO - Filling up the DagBag from /home/airflow/.local/lib/python3.7/site-packages/airflow/example_dags/example_trigger_target_dag.py
[2023-06-13T22:54:36.066+0000] {processor.py:836} INFO - DAG(s) dict_keys(['example_trigger_target_dag']) retrieved from /home/airflow/.local/lib/python3.7/site-packages/airflow/example_dags/example_trigger_target_dag.py
[2023-06-13T22:54:36.169+0000] {logging_mixin.py:149} INFO - [2023-06-13T22:54:36.168+0000] {dag.py:2726} INFO - Sync 1 DAGs
[2023-06-13T22:54:36.265+0000] {logging_mixin.py:149} INFO - [2023-06-13T22:54:36.264+0000] {dag.py:3490} INFO - Setting next_dagrun for example_trigger_target_dag to None, run_after=None
[2023-06-13T22:54:36.321+0000] {processor.py:179} INFO - Processing /home/airflow/.local/lib/python3.7/site-packages/airflow/example_dags/example_trigger_target_dag.py took 0.284 seconds
[2023-06-13T22:55:06.381+0000] {processor.py:157} INFO - Started process (PID=645) to work on /home/airflow/.local/lib/python3.7/site-packages/airflow/example_dags/example_trigger_target_dag.py
[2023-06-13T22:55:06.384+0000] {processor.py:826} INFO - Processing file /home/airflow/.local/lib/python3.7/site-packages/airflow/example_dags/example_trigger_target_dag.py for tasks to queue
[2023-06-13T22:55:06.386+0000] {logging_mixin.py:149} INFO - [2023-06-13T22:55:06.386+0000] {dagbag.py:541} INFO - Filling up the DagBag from /home/airflow/.local/lib/python3.7/site-packages/airflow/example_dags/example_trigger_target_dag.py
[2023-06-13T22:55:06.401+0000] {processor.py:836} INFO - DAG(s) dict_keys(['example_trigger_target_dag']) retrieved from /home/airflow/.local/lib/python3.7/site-packages/airflow/example_dags/example_trigger_target_dag.py
[2023-06-13T22:55:06.706+0000] {logging_mixin.py:149} INFO - [2023-06-13T22:55:06.705+0000] {dag.py:2726} INFO - Sync 1 DAGs
[2023-06-13T22:55:06.779+0000] {logging_mixin.py:149} INFO - [2023-06-13T22:55:06.779+0000] {dag.py:3490} INFO - Setting next_dagrun for example_trigger_target_dag to None, run_after=None
[2023-06-13T22:55:06.862+0000] {processor.py:179} INFO - Processing /home/airflow/.local/lib/python3.7/site-packages/airflow/example_dags/example_trigger_target_dag.py took 0.487 seconds
[2023-06-13T22:55:37.226+0000] {processor.py:157} INFO - Started process (PID=886) to work on /home/airflow/.local/lib/python3.7/site-packages/airflow/example_dags/example_trigger_target_dag.py
[2023-06-13T22:55:37.231+0000] {processor.py:826} INFO - Processing file /home/airflow/.local/lib/python3.7/site-packages/airflow/example_dags/example_trigger_target_dag.py for tasks to queue
[2023-06-13T22:55:37.232+0000] {logging_mixin.py:149} INFO - [2023-06-13T22:55:37.232+0000] {dagbag.py:541} INFO - Filling up the DagBag from /home/airflow/.local/lib/python3.7/site-packages/airflow/example_dags/example_trigger_target_dag.py
[2023-06-13T22:55:37.241+0000] {processor.py:836} INFO - DAG(s) dict_keys(['example_trigger_target_dag']) retrieved from /home/airflow/.local/lib/python3.7/site-packages/airflow/example_dags/example_trigger_target_dag.py
[2023-06-13T22:55:37.319+0000] {logging_mixin.py:149} INFO - [2023-06-13T22:55:37.318+0000] {dag.py:2726} INFO - Sync 1 DAGs
[2023-06-13T22:55:37.374+0000] {logging_mixin.py:149} INFO - [2023-06-13T22:55:37.373+0000] {dag.py:3490} INFO - Setting next_dagrun for example_trigger_target_dag to None, run_after=None
[2023-06-13T22:55:37.478+0000] {processor.py:179} INFO - Processing /home/airflow/.local/lib/python3.7/site-packages/airflow/example_dags/example_trigger_target_dag.py took 0.261 seconds
[2023-06-13T22:56:08.104+0000] {processor.py:157} INFO - Started process (PID=1136) to work on /home/airflow/.local/lib/python3.7/site-packages/airflow/example_dags/example_trigger_target_dag.py
[2023-06-13T22:56:08.106+0000] {processor.py:826} INFO - Processing file /home/airflow/.local/lib/python3.7/site-packages/airflow/example_dags/example_trigger_target_dag.py for tasks to queue
[2023-06-13T22:56:08.108+0000] {logging_mixin.py:149} INFO - [2023-06-13T22:56:08.107+0000] {dagbag.py:541} INFO - Filling up the DagBag from /home/airflow/.local/lib/python3.7/site-packages/airflow/example_dags/example_trigger_target_dag.py
[2023-06-13T22:56:08.118+0000] {processor.py:836} INFO - DAG(s) dict_keys(['example_trigger_target_dag']) retrieved from /home/airflow/.local/lib/python3.7/site-packages/airflow/example_dags/example_trigger_target_dag.py
[2023-06-13T22:56:08.186+0000] {logging_mixin.py:149} INFO - [2023-06-13T22:56:08.185+0000] {dag.py:2726} INFO - Sync 1 DAGs
[2023-06-13T22:56:08.275+0000] {logging_mixin.py:149} INFO - [2023-06-13T22:56:08.274+0000] {dag.py:3490} INFO - Setting next_dagrun for example_trigger_target_dag to None, run_after=None
[2023-06-13T22:56:08.352+0000] {processor.py:179} INFO - Processing /home/airflow/.local/lib/python3.7/site-packages/airflow/example_dags/example_trigger_target_dag.py took 0.252 seconds
[2023-06-13T22:56:38.688+0000] {processor.py:157} INFO - Started process (PID=1376) to work on /home/airflow/.local/lib/python3.7/site-packages/airflow/example_dags/example_trigger_target_dag.py
[2023-06-13T22:56:38.689+0000] {processor.py:826} INFO - Processing file /home/airflow/.local/lib/python3.7/site-packages/airflow/example_dags/example_trigger_target_dag.py for tasks to queue
[2023-06-13T22:56:38.691+0000] {logging_mixin.py:149} INFO - [2023-06-13T22:56:38.690+0000] {dagbag.py:541} INFO - Filling up the DagBag from /home/airflow/.local/lib/python3.7/site-packages/airflow/example_dags/example_trigger_target_dag.py
[2023-06-13T22:56:38.701+0000] {processor.py:836} INFO - DAG(s) dict_keys(['example_trigger_target_dag']) retrieved from /home/airflow/.local/lib/python3.7/site-packages/airflow/example_dags/example_trigger_target_dag.py
[2023-06-13T22:56:38.754+0000] {logging_mixin.py:149} INFO - [2023-06-13T22:56:38.754+0000] {dag.py:2726} INFO - Sync 1 DAGs
[2023-06-13T22:56:38.807+0000] {logging_mixin.py:149} INFO - [2023-06-13T22:56:38.806+0000] {dag.py:3490} INFO - Setting next_dagrun for example_trigger_target_dag to None, run_after=None
[2023-06-13T22:56:38.848+0000] {processor.py:179} INFO - Processing /home/airflow/.local/lib/python3.7/site-packages/airflow/example_dags/example_trigger_target_dag.py took 0.164 seconds
[2023-06-13T22:57:09.212+0000] {processor.py:157} INFO - Started process (PID=1615) to work on /home/airflow/.local/lib/python3.7/site-packages/airflow/example_dags/example_trigger_target_dag.py
[2023-06-13T22:57:09.214+0000] {processor.py:826} INFO - Processing file /home/airflow/.local/lib/python3.7/site-packages/airflow/example_dags/example_trigger_target_dag.py for tasks to queue
[2023-06-13T22:57:09.216+0000] {logging_mixin.py:149} INFO - [2023-06-13T22:57:09.215+0000] {dagbag.py:541} INFO - Filling up the DagBag from /home/airflow/.local/lib/python3.7/site-packages/airflow/example_dags/example_trigger_target_dag.py
[2023-06-13T22:57:09.232+0000] {processor.py:836} INFO - DAG(s) dict_keys(['example_trigger_target_dag']) retrieved from /home/airflow/.local/lib/python3.7/site-packages/airflow/example_dags/example_trigger_target_dag.py
[2023-06-13T22:57:09.282+0000] {logging_mixin.py:149} INFO - [2023-06-13T22:57:09.282+0000] {dag.py:2726} INFO - Sync 1 DAGs
[2023-06-13T22:57:09.325+0000] {logging_mixin.py:149} INFO - [2023-06-13T22:57:09.325+0000] {dag.py:3490} INFO - Setting next_dagrun for example_trigger_target_dag to None, run_after=None
[2023-06-13T22:57:09.368+0000] {processor.py:179} INFO - Processing /home/airflow/.local/lib/python3.7/site-packages/airflow/example_dags/example_trigger_target_dag.py took 0.161 seconds
[2023-06-13T22:57:40.017+0000] {processor.py:157} INFO - Started process (PID=1855) to work on /home/airflow/.local/lib/python3.7/site-packages/airflow/example_dags/example_trigger_target_dag.py
[2023-06-13T22:57:40.020+0000] {processor.py:826} INFO - Processing file /home/airflow/.local/lib/python3.7/site-packages/airflow/example_dags/example_trigger_target_dag.py for tasks to queue
[2023-06-13T22:57:40.021+0000] {logging_mixin.py:149} INFO - [2023-06-13T22:57:40.021+0000] {dagbag.py:541} INFO - Filling up the DagBag from /home/airflow/.local/lib/python3.7/site-packages/airflow/example_dags/example_trigger_target_dag.py
[2023-06-13T22:57:40.035+0000] {processor.py:836} INFO - DAG(s) dict_keys(['example_trigger_target_dag']) retrieved from /home/airflow/.local/lib/python3.7/site-packages/airflow/example_dags/example_trigger_target_dag.py
[2023-06-13T22:57:40.093+0000] {logging_mixin.py:149} INFO - [2023-06-13T22:57:40.092+0000] {dag.py:2726} INFO - Sync 1 DAGs
[2023-06-13T22:57:40.155+0000] {logging_mixin.py:149} INFO - [2023-06-13T22:57:40.155+0000] {dag.py:3490} INFO - Setting next_dagrun for example_trigger_target_dag to None, run_after=None
[2023-06-13T22:57:40.214+0000] {processor.py:179} INFO - Processing /home/airflow/.local/lib/python3.7/site-packages/airflow/example_dags/example_trigger_target_dag.py took 0.204 seconds
[2023-06-13T22:58:10.918+0000] {processor.py:157} INFO - Started process (PID=2095) to work on /home/airflow/.local/lib/python3.7/site-packages/airflow/example_dags/example_trigger_target_dag.py
[2023-06-13T22:58:10.920+0000] {processor.py:826} INFO - Processing file /home/airflow/.local/lib/python3.7/site-packages/airflow/example_dags/example_trigger_target_dag.py for tasks to queue
[2023-06-13T22:58:10.922+0000] {logging_mixin.py:149} INFO - [2023-06-13T22:58:10.921+0000] {dagbag.py:541} INFO - Filling up the DagBag from /home/airflow/.local/lib/python3.7/site-packages/airflow/example_dags/example_trigger_target_dag.py
[2023-06-13T22:58:10.935+0000] {processor.py:836} INFO - DAG(s) dict_keys(['example_trigger_target_dag']) retrieved from /home/airflow/.local/lib/python3.7/site-packages/airflow/example_dags/example_trigger_target_dag.py
[2023-06-13T22:58:11.006+0000] {logging_mixin.py:149} INFO - [2023-06-13T22:58:11.006+0000] {dag.py:2726} INFO - Sync 1 DAGs
[2023-06-13T22:58:11.067+0000] {logging_mixin.py:149} INFO - [2023-06-13T22:58:11.066+0000] {dag.py:3490} INFO - Setting next_dagrun for example_trigger_target_dag to None, run_after=None
[2023-06-13T22:58:11.136+0000] {processor.py:179} INFO - Processing /home/airflow/.local/lib/python3.7/site-packages/airflow/example_dags/example_trigger_target_dag.py took 0.225 seconds
[2023-06-13T22:58:41.227+0000] {processor.py:157} INFO - Started process (PID=2335) to work on /home/airflow/.local/lib/python3.7/site-packages/airflow/example_dags/example_trigger_target_dag.py
[2023-06-13T22:58:41.229+0000] {processor.py:826} INFO - Processing file /home/airflow/.local/lib/python3.7/site-packages/airflow/example_dags/example_trigger_target_dag.py for tasks to queue
[2023-06-13T22:58:41.230+0000] {logging_mixin.py:149} INFO - [2023-06-13T22:58:41.230+0000] {dagbag.py:541} INFO - Filling up the DagBag from /home/airflow/.local/lib/python3.7/site-packages/airflow/example_dags/example_trigger_target_dag.py
[2023-06-13T22:58:41.241+0000] {processor.py:836} INFO - DAG(s) dict_keys(['example_trigger_target_dag']) retrieved from /home/airflow/.local/lib/python3.7/site-packages/airflow/example_dags/example_trigger_target_dag.py
[2023-06-13T22:58:41.297+0000] {logging_mixin.py:149} INFO - [2023-06-13T22:58:41.297+0000] {dag.py:2726} INFO - Sync 1 DAGs
[2023-06-13T22:58:41.359+0000] {logging_mixin.py:149} INFO - [2023-06-13T22:58:41.359+0000] {dag.py:3490} INFO - Setting next_dagrun for example_trigger_target_dag to None, run_after=None
[2023-06-13T22:58:41.406+0000] {processor.py:179} INFO - Processing /home/airflow/.local/lib/python3.7/site-packages/airflow/example_dags/example_trigger_target_dag.py took 0.187 seconds
[2023-06-13T22:59:12.105+0000] {processor.py:157} INFO - Started process (PID=2575) to work on /home/airflow/.local/lib/python3.7/site-packages/airflow/example_dags/example_trigger_target_dag.py
[2023-06-13T22:59:12.107+0000] {processor.py:826} INFO - Processing file /home/airflow/.local/lib/python3.7/site-packages/airflow/example_dags/example_trigger_target_dag.py for tasks to queue
[2023-06-13T22:59:12.108+0000] {logging_mixin.py:149} INFO - [2023-06-13T22:59:12.108+0000] {dagbag.py:541} INFO - Filling up the DagBag from /home/airflow/.local/lib/python3.7/site-packages/airflow/example_dags/example_trigger_target_dag.py
[2023-06-13T22:59:12.120+0000] {processor.py:836} INFO - DAG(s) dict_keys(['example_trigger_target_dag']) retrieved from /home/airflow/.local/lib/python3.7/site-packages/airflow/example_dags/example_trigger_target_dag.py
[2023-06-13T22:59:12.184+0000] {logging_mixin.py:149} INFO - [2023-06-13T22:59:12.184+0000] {dag.py:2726} INFO - Sync 1 DAGs
[2023-06-13T22:59:12.249+0000] {logging_mixin.py:149} INFO - [2023-06-13T22:59:12.249+0000] {dag.py:3490} INFO - Setting next_dagrun for example_trigger_target_dag to None, run_after=None
[2023-06-13T22:59:12.294+0000] {processor.py:179} INFO - Processing /home/airflow/.local/lib/python3.7/site-packages/airflow/example_dags/example_trigger_target_dag.py took 0.197 seconds
[2023-06-13T22:59:42.617+0000] {processor.py:157} INFO - Started process (PID=2815) to work on /home/airflow/.local/lib/python3.7/site-packages/airflow/example_dags/example_trigger_target_dag.py
[2023-06-13T22:59:42.619+0000] {processor.py:826} INFO - Processing file /home/airflow/.local/lib/python3.7/site-packages/airflow/example_dags/example_trigger_target_dag.py for tasks to queue
[2023-06-13T22:59:42.621+0000] {logging_mixin.py:149} INFO - [2023-06-13T22:59:42.621+0000] {dagbag.py:541} INFO - Filling up the DagBag from /home/airflow/.local/lib/python3.7/site-packages/airflow/example_dags/example_trigger_target_dag.py
[2023-06-13T22:59:42.631+0000] {processor.py:836} INFO - DAG(s) dict_keys(['example_trigger_target_dag']) retrieved from /home/airflow/.local/lib/python3.7/site-packages/airflow/example_dags/example_trigger_target_dag.py
[2023-06-13T22:59:42.688+0000] {logging_mixin.py:149} INFO - [2023-06-13T22:59:42.687+0000] {dag.py:2726} INFO - Sync 1 DAGs
[2023-06-13T22:59:42.742+0000] {logging_mixin.py:149} INFO - [2023-06-13T22:59:42.742+0000] {dag.py:3490} INFO - Setting next_dagrun for example_trigger_target_dag to None, run_after=None
[2023-06-13T22:59:42.796+0000] {processor.py:179} INFO - Processing /home/airflow/.local/lib/python3.7/site-packages/airflow/example_dags/example_trigger_target_dag.py took 0.189 seconds
[2023-06-13T23:00:12.868+0000] {processor.py:157} INFO - Started process (PID=3055) to work on /home/airflow/.local/lib/python3.7/site-packages/airflow/example_dags/example_trigger_target_dag.py
[2023-06-13T23:00:12.870+0000] {processor.py:826} INFO - Processing file /home/airflow/.local/lib/python3.7/site-packages/airflow/example_dags/example_trigger_target_dag.py for tasks to queue
[2023-06-13T23:00:12.872+0000] {logging_mixin.py:149} INFO - [2023-06-13T23:00:12.871+0000] {dagbag.py:541} INFO - Filling up the DagBag from /home/airflow/.local/lib/python3.7/site-packages/airflow/example_dags/example_trigger_target_dag.py
[2023-06-13T23:00:12.882+0000] {processor.py:836} INFO - DAG(s) dict_keys(['example_trigger_target_dag']) retrieved from /home/airflow/.local/lib/python3.7/site-packages/airflow/example_dags/example_trigger_target_dag.py
[2023-06-13T23:00:12.951+0000] {logging_mixin.py:149} INFO - [2023-06-13T23:00:12.950+0000] {dag.py:2726} INFO - Sync 1 DAGs
[2023-06-13T23:00:13.004+0000] {logging_mixin.py:149} INFO - [2023-06-13T23:00:13.004+0000] {dag.py:3490} INFO - Setting next_dagrun for example_trigger_target_dag to None, run_after=None
[2023-06-13T23:00:13.064+0000] {processor.py:179} INFO - Processing /home/airflow/.local/lib/python3.7/site-packages/airflow/example_dags/example_trigger_target_dag.py took 0.205 seconds
[2023-06-13T23:00:44.129+0000] {processor.py:157} INFO - Started process (PID=3295) to work on /home/airflow/.local/lib/python3.7/site-packages/airflow/example_dags/example_trigger_target_dag.py
[2023-06-13T23:00:44.132+0000] {processor.py:826} INFO - Processing file /home/airflow/.local/lib/python3.7/site-packages/airflow/example_dags/example_trigger_target_dag.py for tasks to queue
[2023-06-13T23:00:44.134+0000] {logging_mixin.py:149} INFO - [2023-06-13T23:00:44.134+0000] {dagbag.py:541} INFO - Filling up the DagBag from /home/airflow/.local/lib/python3.7/site-packages/airflow/example_dags/example_trigger_target_dag.py
[2023-06-13T23:00:44.142+0000] {processor.py:836} INFO - DAG(s) dict_keys(['example_trigger_target_dag']) retrieved from /home/airflow/.local/lib/python3.7/site-packages/airflow/example_dags/example_trigger_target_dag.py
[2023-06-13T23:00:44.202+0000] {logging_mixin.py:149} INFO - [2023-06-13T23:00:44.201+0000] {dag.py:2726} INFO - Sync 1 DAGs
[2023-06-13T23:00:44.265+0000] {logging_mixin.py:149} INFO - [2023-06-13T23:00:44.265+0000] {dag.py:3490} INFO - Setting next_dagrun for example_trigger_target_dag to None, run_after=None
[2023-06-13T23:00:44.322+0000] {processor.py:179} INFO - Processing /home/airflow/.local/lib/python3.7/site-packages/airflow/example_dags/example_trigger_target_dag.py took 0.199 seconds
[2023-06-13T23:01:14.981+0000] {processor.py:157} INFO - Started process (PID=3535) to work on /home/airflow/.local/lib/python3.7/site-packages/airflow/example_dags/example_trigger_target_dag.py
[2023-06-13T23:01:14.983+0000] {processor.py:826} INFO - Processing file /home/airflow/.local/lib/python3.7/site-packages/airflow/example_dags/example_trigger_target_dag.py for tasks to queue
[2023-06-13T23:01:14.985+0000] {logging_mixin.py:149} INFO - [2023-06-13T23:01:14.984+0000] {dagbag.py:541} INFO - Filling up the DagBag from /home/airflow/.local/lib/python3.7/site-packages/airflow/example_dags/example_trigger_target_dag.py
[2023-06-13T23:01:14.996+0000] {processor.py:836} INFO - DAG(s) dict_keys(['example_trigger_target_dag']) retrieved from /home/airflow/.local/lib/python3.7/site-packages/airflow/example_dags/example_trigger_target_dag.py
[2023-06-13T23:01:15.059+0000] {logging_mixin.py:149} INFO - [2023-06-13T23:01:15.059+0000] {dag.py:2726} INFO - Sync 1 DAGs
[2023-06-13T23:01:15.120+0000] {logging_mixin.py:149} INFO - [2023-06-13T23:01:15.119+0000] {dag.py:3490} INFO - Setting next_dagrun for example_trigger_target_dag to None, run_after=None
[2023-06-13T23:01:15.180+0000] {processor.py:179} INFO - Processing /home/airflow/.local/lib/python3.7/site-packages/airflow/example_dags/example_trigger_target_dag.py took 0.211 seconds
[2023-06-13T23:01:45.601+0000] {processor.py:157} INFO - Started process (PID=3775) to work on /home/airflow/.local/lib/python3.7/site-packages/airflow/example_dags/example_trigger_target_dag.py
[2023-06-13T23:01:45.604+0000] {processor.py:826} INFO - Processing file /home/airflow/.local/lib/python3.7/site-packages/airflow/example_dags/example_trigger_target_dag.py for tasks to queue
[2023-06-13T23:01:45.606+0000] {logging_mixin.py:149} INFO - [2023-06-13T23:01:45.605+0000] {dagbag.py:541} INFO - Filling up the DagBag from /home/airflow/.local/lib/python3.7/site-packages/airflow/example_dags/example_trigger_target_dag.py
[2023-06-13T23:01:45.614+0000] {processor.py:836} INFO - DAG(s) dict_keys(['example_trigger_target_dag']) retrieved from /home/airflow/.local/lib/python3.7/site-packages/airflow/example_dags/example_trigger_target_dag.py
[2023-06-13T23:01:45.667+0000] {logging_mixin.py:149} INFO - [2023-06-13T23:01:45.667+0000] {dag.py:2726} INFO - Sync 1 DAGs
[2023-06-13T23:01:45.714+0000] {logging_mixin.py:149} INFO - [2023-06-13T23:01:45.714+0000] {dag.py:3490} INFO - Setting next_dagrun for example_trigger_target_dag to None, run_after=None
[2023-06-13T23:01:45.762+0000] {processor.py:179} INFO - Processing /home/airflow/.local/lib/python3.7/site-packages/airflow/example_dags/example_trigger_target_dag.py took 0.168 seconds
[2023-06-13T23:02:15.843+0000] {processor.py:157} INFO - Started process (PID=4016) to work on /home/airflow/.local/lib/python3.7/site-packages/airflow/example_dags/example_trigger_target_dag.py
[2023-06-13T23:02:15.846+0000] {processor.py:826} INFO - Processing file /home/airflow/.local/lib/python3.7/site-packages/airflow/example_dags/example_trigger_target_dag.py for tasks to queue
[2023-06-13T23:02:15.847+0000] {logging_mixin.py:149} INFO - [2023-06-13T23:02:15.847+0000] {dagbag.py:541} INFO - Filling up the DagBag from /home/airflow/.local/lib/python3.7/site-packages/airflow/example_dags/example_trigger_target_dag.py
[2023-06-13T23:02:15.861+0000] {processor.py:836} INFO - DAG(s) dict_keys(['example_trigger_target_dag']) retrieved from /home/airflow/.local/lib/python3.7/site-packages/airflow/example_dags/example_trigger_target_dag.py
[2023-06-13T23:02:15.928+0000] {logging_mixin.py:149} INFO - [2023-06-13T23:02:15.928+0000] {dag.py:2726} INFO - Sync 1 DAGs
[2023-06-13T23:02:15.982+0000] {logging_mixin.py:149} INFO - [2023-06-13T23:02:15.981+0000] {dag.py:3490} INFO - Setting next_dagrun for example_trigger_target_dag to None, run_after=None
[2023-06-13T23:02:16.041+0000] {processor.py:179} INFO - Processing /home/airflow/.local/lib/python3.7/site-packages/airflow/example_dags/example_trigger_target_dag.py took 0.204 seconds
[2023-06-13T23:02:46.755+0000] {processor.py:157} INFO - Started process (PID=4256) to work on /home/airflow/.local/lib/python3.7/site-packages/airflow/example_dags/example_trigger_target_dag.py
[2023-06-13T23:02:46.758+0000] {processor.py:826} INFO - Processing file /home/airflow/.local/lib/python3.7/site-packages/airflow/example_dags/example_trigger_target_dag.py for tasks to queue
[2023-06-13T23:02:46.760+0000] {logging_mixin.py:149} INFO - [2023-06-13T23:02:46.759+0000] {dagbag.py:541} INFO - Filling up the DagBag from /home/airflow/.local/lib/python3.7/site-packages/airflow/example_dags/example_trigger_target_dag.py
[2023-06-13T23:02:46.772+0000] {processor.py:836} INFO - DAG(s) dict_keys(['example_trigger_target_dag']) retrieved from /home/airflow/.local/lib/python3.7/site-packages/airflow/example_dags/example_trigger_target_dag.py
[2023-06-13T23:02:46.834+0000] {logging_mixin.py:149} INFO - [2023-06-13T23:02:46.834+0000] {dag.py:2726} INFO - Sync 1 DAGs
[2023-06-13T23:02:46.885+0000] {logging_mixin.py:149} INFO - [2023-06-13T23:02:46.885+0000] {dag.py:3490} INFO - Setting next_dagrun for example_trigger_target_dag to None, run_after=None
[2023-06-13T23:02:46.930+0000] {processor.py:179} INFO - Processing /home/airflow/.local/lib/python3.7/site-packages/airflow/example_dags/example_trigger_target_dag.py took 0.180 seconds
[2023-06-13T23:03:17.517+0000] {processor.py:157} INFO - Started process (PID=4495) to work on /home/airflow/.local/lib/python3.7/site-packages/airflow/example_dags/example_trigger_target_dag.py
[2023-06-13T23:03:17.518+0000] {processor.py:826} INFO - Processing file /home/airflow/.local/lib/python3.7/site-packages/airflow/example_dags/example_trigger_target_dag.py for tasks to queue
[2023-06-13T23:03:17.519+0000] {logging_mixin.py:149} INFO - [2023-06-13T23:03:17.519+0000] {dagbag.py:541} INFO - Filling up the DagBag from /home/airflow/.local/lib/python3.7/site-packages/airflow/example_dags/example_trigger_target_dag.py
[2023-06-13T23:03:17.526+0000] {processor.py:836} INFO - DAG(s) dict_keys(['example_trigger_target_dag']) retrieved from /home/airflow/.local/lib/python3.7/site-packages/airflow/example_dags/example_trigger_target_dag.py
[2023-06-13T23:03:17.559+0000] {logging_mixin.py:149} INFO - [2023-06-13T23:03:17.559+0000] {dag.py:2726} INFO - Sync 1 DAGs
[2023-06-13T23:03:17.602+0000] {logging_mixin.py:149} INFO - [2023-06-13T23:03:17.602+0000] {dag.py:3490} INFO - Setting next_dagrun for example_trigger_target_dag to None, run_after=None
[2023-06-13T23:03:17.647+0000] {processor.py:179} INFO - Processing /home/airflow/.local/lib/python3.7/site-packages/airflow/example_dags/example_trigger_target_dag.py took 0.133 seconds
[2023-06-13T23:03:47.799+0000] {processor.py:157} INFO - Started process (PID=4735) to work on /home/airflow/.local/lib/python3.7/site-packages/airflow/example_dags/example_trigger_target_dag.py
[2023-06-13T23:03:47.801+0000] {processor.py:826} INFO - Processing file /home/airflow/.local/lib/python3.7/site-packages/airflow/example_dags/example_trigger_target_dag.py for tasks to queue
[2023-06-13T23:03:47.802+0000] {logging_mixin.py:149} INFO - [2023-06-13T23:03:47.802+0000] {dagbag.py:541} INFO - Filling up the DagBag from /home/airflow/.local/lib/python3.7/site-packages/airflow/example_dags/example_trigger_target_dag.py
[2023-06-13T23:03:47.813+0000] {processor.py:836} INFO - DAG(s) dict_keys(['example_trigger_target_dag']) retrieved from /home/airflow/.local/lib/python3.7/site-packages/airflow/example_dags/example_trigger_target_dag.py
[2023-06-13T23:03:47.858+0000] {logging_mixin.py:149} INFO - [2023-06-13T23:03:47.858+0000] {dag.py:2726} INFO - Sync 1 DAGs
[2023-06-13T23:03:47.898+0000] {logging_mixin.py:149} INFO - [2023-06-13T23:03:47.898+0000] {dag.py:3490} INFO - Setting next_dagrun for example_trigger_target_dag to None, run_after=None
[2023-06-13T23:03:47.947+0000] {processor.py:179} INFO - Processing /home/airflow/.local/lib/python3.7/site-packages/airflow/example_dags/example_trigger_target_dag.py took 0.152 seconds
[2023-06-13T23:04:18.032+0000] {processor.py:157} INFO - Started process (PID=4975) to work on /home/airflow/.local/lib/python3.7/site-packages/airflow/example_dags/example_trigger_target_dag.py
[2023-06-13T23:04:18.033+0000] {processor.py:826} INFO - Processing file /home/airflow/.local/lib/python3.7/site-packages/airflow/example_dags/example_trigger_target_dag.py for tasks to queue
[2023-06-13T23:04:18.034+0000] {logging_mixin.py:149} INFO - [2023-06-13T23:04:18.034+0000] {dagbag.py:541} INFO - Filling up the DagBag from /home/airflow/.local/lib/python3.7/site-packages/airflow/example_dags/example_trigger_target_dag.py
[2023-06-13T23:04:18.041+0000] {processor.py:836} INFO - DAG(s) dict_keys(['example_trigger_target_dag']) retrieved from /home/airflow/.local/lib/python3.7/site-packages/airflow/example_dags/example_trigger_target_dag.py
[2023-06-13T23:04:18.088+0000] {logging_mixin.py:149} INFO - [2023-06-13T23:04:18.088+0000] {dag.py:2726} INFO - Sync 1 DAGs
[2023-06-13T23:04:18.138+0000] {logging_mixin.py:149} INFO - [2023-06-13T23:04:18.138+0000] {dag.py:3490} INFO - Setting next_dagrun for example_trigger_target_dag to None, run_after=None
[2023-06-13T23:04:18.187+0000] {processor.py:179} INFO - Processing /home/airflow/.local/lib/python3.7/site-packages/airflow/example_dags/example_trigger_target_dag.py took 0.160 seconds
[2023-06-13T23:04:48.609+0000] {processor.py:157} INFO - Started process (PID=5215) to work on /home/airflow/.local/lib/python3.7/site-packages/airflow/example_dags/example_trigger_target_dag.py
[2023-06-13T23:04:48.610+0000] {processor.py:826} INFO - Processing file /home/airflow/.local/lib/python3.7/site-packages/airflow/example_dags/example_trigger_target_dag.py for tasks to queue
[2023-06-13T23:04:48.612+0000] {logging_mixin.py:149} INFO - [2023-06-13T23:04:48.612+0000] {dagbag.py:541} INFO - Filling up the DagBag from /home/airflow/.local/lib/python3.7/site-packages/airflow/example_dags/example_trigger_target_dag.py
[2023-06-13T23:04:48.620+0000] {processor.py:836} INFO - DAG(s) dict_keys(['example_trigger_target_dag']) retrieved from /home/airflow/.local/lib/python3.7/site-packages/airflow/example_dags/example_trigger_target_dag.py
[2023-06-13T23:04:48.687+0000] {logging_mixin.py:149} INFO - [2023-06-13T23:04:48.687+0000] {dag.py:2726} INFO - Sync 1 DAGs
[2023-06-13T23:04:48.742+0000] {logging_mixin.py:149} INFO - [2023-06-13T23:04:48.742+0000] {dag.py:3490} INFO - Setting next_dagrun for example_trigger_target_dag to None, run_after=None
[2023-06-13T23:04:48.791+0000] {processor.py:179} INFO - Processing /home/airflow/.local/lib/python3.7/site-packages/airflow/example_dags/example_trigger_target_dag.py took 0.186 seconds
[2023-06-13T23:05:19.175+0000] {processor.py:157} INFO - Started process (PID=5455) to work on /home/airflow/.local/lib/python3.7/site-packages/airflow/example_dags/example_trigger_target_dag.py
[2023-06-13T23:05:19.181+0000] {processor.py:826} INFO - Processing file /home/airflow/.local/lib/python3.7/site-packages/airflow/example_dags/example_trigger_target_dag.py for tasks to queue
[2023-06-13T23:05:19.183+0000] {logging_mixin.py:149} INFO - [2023-06-13T23:05:19.182+0000] {dagbag.py:541} INFO - Filling up the DagBag from /home/airflow/.local/lib/python3.7/site-packages/airflow/example_dags/example_trigger_target_dag.py
[2023-06-13T23:05:19.189+0000] {processor.py:836} INFO - DAG(s) dict_keys(['example_trigger_target_dag']) retrieved from /home/airflow/.local/lib/python3.7/site-packages/airflow/example_dags/example_trigger_target_dag.py
[2023-06-13T23:05:19.236+0000] {logging_mixin.py:149} INFO - [2023-06-13T23:05:19.236+0000] {dag.py:2726} INFO - Sync 1 DAGs
[2023-06-13T23:05:19.277+0000] {logging_mixin.py:149} INFO - [2023-06-13T23:05:19.277+0000] {dag.py:3490} INFO - Setting next_dagrun for example_trigger_target_dag to None, run_after=None
[2023-06-13T23:05:19.329+0000] {processor.py:179} INFO - Processing /home/airflow/.local/lib/python3.7/site-packages/airflow/example_dags/example_trigger_target_dag.py took 0.159 seconds
[2023-06-13T23:05:49.956+0000] {processor.py:157} INFO - Started process (PID=5695) to work on /home/airflow/.local/lib/python3.7/site-packages/airflow/example_dags/example_trigger_target_dag.py
[2023-06-13T23:05:49.958+0000] {processor.py:826} INFO - Processing file /home/airflow/.local/lib/python3.7/site-packages/airflow/example_dags/example_trigger_target_dag.py for tasks to queue
[2023-06-13T23:05:49.959+0000] {logging_mixin.py:149} INFO - [2023-06-13T23:05:49.958+0000] {dagbag.py:541} INFO - Filling up the DagBag from /home/airflow/.local/lib/python3.7/site-packages/airflow/example_dags/example_trigger_target_dag.py
[2023-06-13T23:05:49.969+0000] {processor.py:836} INFO - DAG(s) dict_keys(['example_trigger_target_dag']) retrieved from /home/airflow/.local/lib/python3.7/site-packages/airflow/example_dags/example_trigger_target_dag.py
[2023-06-13T23:05:50.017+0000] {logging_mixin.py:149} INFO - [2023-06-13T23:05:50.017+0000] {dag.py:2726} INFO - Sync 1 DAGs
[2023-06-13T23:05:50.066+0000] {logging_mixin.py:149} INFO - [2023-06-13T23:05:50.065+0000] {dag.py:3490} INFO - Setting next_dagrun for example_trigger_target_dag to None, run_after=None
[2023-06-13T23:05:50.121+0000] {processor.py:179} INFO - Processing /home/airflow/.local/lib/python3.7/site-packages/airflow/example_dags/example_trigger_target_dag.py took 0.169 seconds
[2023-06-13T23:06:20.706+0000] {processor.py:157} INFO - Started process (PID=5935) to work on /home/airflow/.local/lib/python3.7/site-packages/airflow/example_dags/example_trigger_target_dag.py
[2023-06-13T23:06:20.709+0000] {processor.py:826} INFO - Processing file /home/airflow/.local/lib/python3.7/site-packages/airflow/example_dags/example_trigger_target_dag.py for tasks to queue
[2023-06-13T23:06:20.710+0000] {logging_mixin.py:149} INFO - [2023-06-13T23:06:20.710+0000] {dagbag.py:541} INFO - Filling up the DagBag from /home/airflow/.local/lib/python3.7/site-packages/airflow/example_dags/example_trigger_target_dag.py
[2023-06-13T23:06:20.719+0000] {processor.py:836} INFO - DAG(s) dict_keys(['example_trigger_target_dag']) retrieved from /home/airflow/.local/lib/python3.7/site-packages/airflow/example_dags/example_trigger_target_dag.py
[2023-06-13T23:06:20.774+0000] {logging_mixin.py:149} INFO - [2023-06-13T23:06:20.773+0000] {dag.py:2726} INFO - Sync 1 DAGs
[2023-06-13T23:06:20.823+0000] {logging_mixin.py:149} INFO - [2023-06-13T23:06:20.823+0000] {dag.py:3490} INFO - Setting next_dagrun for example_trigger_target_dag to None, run_after=None
[2023-06-13T23:06:20.875+0000] {processor.py:179} INFO - Processing /home/airflow/.local/lib/python3.7/site-packages/airflow/example_dags/example_trigger_target_dag.py took 0.174 seconds
[2023-06-13T23:06:51.612+0000] {processor.py:157} INFO - Started process (PID=6175) to work on /home/airflow/.local/lib/python3.7/site-packages/airflow/example_dags/example_trigger_target_dag.py
[2023-06-13T23:06:51.614+0000] {processor.py:826} INFO - Processing file /home/airflow/.local/lib/python3.7/site-packages/airflow/example_dags/example_trigger_target_dag.py for tasks to queue
[2023-06-13T23:06:51.617+0000] {logging_mixin.py:149} INFO - [2023-06-13T23:06:51.615+0000] {dagbag.py:541} INFO - Filling up the DagBag from /home/airflow/.local/lib/python3.7/site-packages/airflow/example_dags/example_trigger_target_dag.py
[2023-06-13T23:06:51.626+0000] {processor.py:836} INFO - DAG(s) dict_keys(['example_trigger_target_dag']) retrieved from /home/airflow/.local/lib/python3.7/site-packages/airflow/example_dags/example_trigger_target_dag.py
[2023-06-13T23:06:51.676+0000] {logging_mixin.py:149} INFO - [2023-06-13T23:06:51.676+0000] {dag.py:2726} INFO - Sync 1 DAGs
[2023-06-13T23:06:51.727+0000] {logging_mixin.py:149} INFO - [2023-06-13T23:06:51.726+0000] {dag.py:3490} INFO - Setting next_dagrun for example_trigger_target_dag to None, run_after=None
[2023-06-13T23:06:51.787+0000] {processor.py:179} INFO - Processing /home/airflow/.local/lib/python3.7/site-packages/airflow/example_dags/example_trigger_target_dag.py took 0.181 seconds
[2023-06-13T23:07:22.096+0000] {processor.py:157} INFO - Started process (PID=6414) to work on /home/airflow/.local/lib/python3.7/site-packages/airflow/example_dags/example_trigger_target_dag.py
[2023-06-13T23:07:22.098+0000] {processor.py:826} INFO - Processing file /home/airflow/.local/lib/python3.7/site-packages/airflow/example_dags/example_trigger_target_dag.py for tasks to queue
[2023-06-13T23:07:22.099+0000] {logging_mixin.py:149} INFO - [2023-06-13T23:07:22.099+0000] {dagbag.py:541} INFO - Filling up the DagBag from /home/airflow/.local/lib/python3.7/site-packages/airflow/example_dags/example_trigger_target_dag.py
[2023-06-13T23:07:22.111+0000] {processor.py:836} INFO - DAG(s) dict_keys(['example_trigger_target_dag']) retrieved from /home/airflow/.local/lib/python3.7/site-packages/airflow/example_dags/example_trigger_target_dag.py
[2023-06-13T23:07:22.163+0000] {logging_mixin.py:149} INFO - [2023-06-13T23:07:22.163+0000] {dag.py:2726} INFO - Sync 1 DAGs
[2023-06-13T23:07:22.214+0000] {logging_mixin.py:149} INFO - [2023-06-13T23:07:22.214+0000] {dag.py:3490} INFO - Setting next_dagrun for example_trigger_target_dag to None, run_after=None
[2023-06-13T23:07:22.255+0000] {processor.py:179} INFO - Processing /home/airflow/.local/lib/python3.7/site-packages/airflow/example_dags/example_trigger_target_dag.py took 0.167 seconds
[2023-06-13T23:07:52.778+0000] {processor.py:157} INFO - Started process (PID=6655) to work on /home/airflow/.local/lib/python3.7/site-packages/airflow/example_dags/example_trigger_target_dag.py
[2023-06-13T23:07:52.780+0000] {processor.py:826} INFO - Processing file /home/airflow/.local/lib/python3.7/site-packages/airflow/example_dags/example_trigger_target_dag.py for tasks to queue
[2023-06-13T23:07:52.781+0000] {logging_mixin.py:149} INFO - [2023-06-13T23:07:52.781+0000] {dagbag.py:541} INFO - Filling up the DagBag from /home/airflow/.local/lib/python3.7/site-packages/airflow/example_dags/example_trigger_target_dag.py
[2023-06-13T23:07:52.789+0000] {processor.py:836} INFO - DAG(s) dict_keys(['example_trigger_target_dag']) retrieved from /home/airflow/.local/lib/python3.7/site-packages/airflow/example_dags/example_trigger_target_dag.py
[2023-06-13T23:07:52.832+0000] {logging_mixin.py:149} INFO - [2023-06-13T23:07:52.832+0000] {dag.py:2726} INFO - Sync 1 DAGs
[2023-06-13T23:07:52.886+0000] {logging_mixin.py:149} INFO - [2023-06-13T23:07:52.886+0000] {dag.py:3490} INFO - Setting next_dagrun for example_trigger_target_dag to None, run_after=None
[2023-06-13T23:07:52.942+0000] {processor.py:179} INFO - Processing /home/airflow/.local/lib/python3.7/site-packages/airflow/example_dags/example_trigger_target_dag.py took 0.170 seconds
[2023-06-13T23:08:23.680+0000] {processor.py:157} INFO - Started process (PID=6894) to work on /home/airflow/.local/lib/python3.7/site-packages/airflow/example_dags/example_trigger_target_dag.py
[2023-06-13T23:08:23.684+0000] {processor.py:826} INFO - Processing file /home/airflow/.local/lib/python3.7/site-packages/airflow/example_dags/example_trigger_target_dag.py for tasks to queue
[2023-06-13T23:08:23.685+0000] {logging_mixin.py:149} INFO - [2023-06-13T23:08:23.685+0000] {dagbag.py:541} INFO - Filling up the DagBag from /home/airflow/.local/lib/python3.7/site-packages/airflow/example_dags/example_trigger_target_dag.py
[2023-06-13T23:08:23.693+0000] {processor.py:836} INFO - DAG(s) dict_keys(['example_trigger_target_dag']) retrieved from /home/airflow/.local/lib/python3.7/site-packages/airflow/example_dags/example_trigger_target_dag.py
[2023-06-13T23:08:23.747+0000] {logging_mixin.py:149} INFO - [2023-06-13T23:08:23.747+0000] {dag.py:2726} INFO - Sync 1 DAGs
[2023-06-13T23:08:23.793+0000] {logging_mixin.py:149} INFO - [2023-06-13T23:08:23.792+0000] {dag.py:3490} INFO - Setting next_dagrun for example_trigger_target_dag to None, run_after=None
[2023-06-13T23:08:23.848+0000] {processor.py:179} INFO - Processing /home/airflow/.local/lib/python3.7/site-packages/airflow/example_dags/example_trigger_target_dag.py took 0.174 seconds
[2023-06-13T23:08:54.021+0000] {processor.py:157} INFO - Started process (PID=7133) to work on /home/airflow/.local/lib/python3.7/site-packages/airflow/example_dags/example_trigger_target_dag.py
[2023-06-13T23:08:54.023+0000] {processor.py:826} INFO - Processing file /home/airflow/.local/lib/python3.7/site-packages/airflow/example_dags/example_trigger_target_dag.py for tasks to queue
[2023-06-13T23:08:54.024+0000] {logging_mixin.py:149} INFO - [2023-06-13T23:08:54.023+0000] {dagbag.py:541} INFO - Filling up the DagBag from /home/airflow/.local/lib/python3.7/site-packages/airflow/example_dags/example_trigger_target_dag.py
[2023-06-13T23:08:54.033+0000] {processor.py:836} INFO - DAG(s) dict_keys(['example_trigger_target_dag']) retrieved from /home/airflow/.local/lib/python3.7/site-packages/airflow/example_dags/example_trigger_target_dag.py
[2023-06-13T23:08:54.083+0000] {logging_mixin.py:149} INFO - [2023-06-13T23:08:54.083+0000] {dag.py:2726} INFO - Sync 1 DAGs
[2023-06-13T23:08:54.134+0000] {logging_mixin.py:149} INFO - [2023-06-13T23:08:54.134+0000] {dag.py:3490} INFO - Setting next_dagrun for example_trigger_target_dag to None, run_after=None
[2023-06-13T23:08:54.192+0000] {processor.py:179} INFO - Processing /home/airflow/.local/lib/python3.7/site-packages/airflow/example_dags/example_trigger_target_dag.py took 0.179 seconds
[2023-06-13T23:09:24.371+0000] {processor.py:157} INFO - Started process (PID=7360) to work on /home/airflow/.local/lib/python3.7/site-packages/airflow/example_dags/example_trigger_target_dag.py
[2023-06-13T23:09:24.373+0000] {processor.py:826} INFO - Processing file /home/airflow/.local/lib/python3.7/site-packages/airflow/example_dags/example_trigger_target_dag.py for tasks to queue
[2023-06-13T23:09:24.374+0000] {logging_mixin.py:149} INFO - [2023-06-13T23:09:24.374+0000] {dagbag.py:541} INFO - Filling up the DagBag from /home/airflow/.local/lib/python3.7/site-packages/airflow/example_dags/example_trigger_target_dag.py
[2023-06-13T23:09:24.384+0000] {processor.py:836} INFO - DAG(s) dict_keys(['example_trigger_target_dag']) retrieved from /home/airflow/.local/lib/python3.7/site-packages/airflow/example_dags/example_trigger_target_dag.py
[2023-06-13T23:09:24.449+0000] {logging_mixin.py:149} INFO - [2023-06-13T23:09:24.449+0000] {dag.py:2726} INFO - Sync 1 DAGs
[2023-06-13T23:09:24.512+0000] {logging_mixin.py:149} INFO - [2023-06-13T23:09:24.512+0000] {dag.py:3490} INFO - Setting next_dagrun for example_trigger_target_dag to None, run_after=None
[2023-06-13T23:09:24.571+0000] {processor.py:179} INFO - Processing /home/airflow/.local/lib/python3.7/site-packages/airflow/example_dags/example_trigger_target_dag.py took 0.206 seconds
[2023-06-13T23:09:55.007+0000] {processor.py:157} INFO - Started process (PID=7600) to work on /home/airflow/.local/lib/python3.7/site-packages/airflow/example_dags/example_trigger_target_dag.py
[2023-06-13T23:09:55.009+0000] {processor.py:826} INFO - Processing file /home/airflow/.local/lib/python3.7/site-packages/airflow/example_dags/example_trigger_target_dag.py for tasks to queue
[2023-06-13T23:09:55.010+0000] {logging_mixin.py:149} INFO - [2023-06-13T23:09:55.010+0000] {dagbag.py:541} INFO - Filling up the DagBag from /home/airflow/.local/lib/python3.7/site-packages/airflow/example_dags/example_trigger_target_dag.py
[2023-06-13T23:09:55.023+0000] {processor.py:836} INFO - DAG(s) dict_keys(['example_trigger_target_dag']) retrieved from /home/airflow/.local/lib/python3.7/site-packages/airflow/example_dags/example_trigger_target_dag.py
[2023-06-13T23:09:55.082+0000] {logging_mixin.py:149} INFO - [2023-06-13T23:09:55.082+0000] {dag.py:2726} INFO - Sync 1 DAGs
[2023-06-13T23:09:55.143+0000] {logging_mixin.py:149} INFO - [2023-06-13T23:09:55.143+0000] {dag.py:3490} INFO - Setting next_dagrun for example_trigger_target_dag to None, run_after=None
[2023-06-13T23:09:55.197+0000] {processor.py:179} INFO - Processing /home/airflow/.local/lib/python3.7/site-packages/airflow/example_dags/example_trigger_target_dag.py took 0.195 seconds
[2023-06-13T23:10:25.562+0000] {processor.py:157} INFO - Started process (PID=7840) to work on /home/airflow/.local/lib/python3.7/site-packages/airflow/example_dags/example_trigger_target_dag.py
[2023-06-13T23:10:25.564+0000] {processor.py:826} INFO - Processing file /home/airflow/.local/lib/python3.7/site-packages/airflow/example_dags/example_trigger_target_dag.py for tasks to queue
[2023-06-13T23:10:25.565+0000] {logging_mixin.py:149} INFO - [2023-06-13T23:10:25.565+0000] {dagbag.py:541} INFO - Filling up the DagBag from /home/airflow/.local/lib/python3.7/site-packages/airflow/example_dags/example_trigger_target_dag.py
[2023-06-13T23:10:25.573+0000] {processor.py:836} INFO - DAG(s) dict_keys(['example_trigger_target_dag']) retrieved from /home/airflow/.local/lib/python3.7/site-packages/airflow/example_dags/example_trigger_target_dag.py
[2023-06-13T23:10:25.630+0000] {logging_mixin.py:149} INFO - [2023-06-13T23:10:25.629+0000] {dag.py:2726} INFO - Sync 1 DAGs
[2023-06-13T23:10:25.682+0000] {logging_mixin.py:149} INFO - [2023-06-13T23:10:25.682+0000] {dag.py:3490} INFO - Setting next_dagrun for example_trigger_target_dag to None, run_after=None
[2023-06-13T23:10:25.731+0000] {processor.py:179} INFO - Processing /home/airflow/.local/lib/python3.7/site-packages/airflow/example_dags/example_trigger_target_dag.py took 0.172 seconds
[2023-06-13T23:10:55.933+0000] {processor.py:157} INFO - Started process (PID=8080) to work on /home/airflow/.local/lib/python3.7/site-packages/airflow/example_dags/example_trigger_target_dag.py
[2023-06-13T23:10:55.935+0000] {processor.py:826} INFO - Processing file /home/airflow/.local/lib/python3.7/site-packages/airflow/example_dags/example_trigger_target_dag.py for tasks to queue
[2023-06-13T23:10:55.937+0000] {logging_mixin.py:149} INFO - [2023-06-13T23:10:55.937+0000] {dagbag.py:541} INFO - Filling up the DagBag from /home/airflow/.local/lib/python3.7/site-packages/airflow/example_dags/example_trigger_target_dag.py
[2023-06-13T23:10:55.948+0000] {processor.py:836} INFO - DAG(s) dict_keys(['example_trigger_target_dag']) retrieved from /home/airflow/.local/lib/python3.7/site-packages/airflow/example_dags/example_trigger_target_dag.py
[2023-06-13T23:10:55.989+0000] {logging_mixin.py:149} INFO - [2023-06-13T23:10:55.988+0000] {dag.py:2726} INFO - Sync 1 DAGs
[2023-06-13T23:10:56.033+0000] {logging_mixin.py:149} INFO - [2023-06-13T23:10:56.032+0000] {dag.py:3490} INFO - Setting next_dagrun for example_trigger_target_dag to None, run_after=None
[2023-06-13T23:10:56.075+0000] {processor.py:179} INFO - Processing /home/airflow/.local/lib/python3.7/site-packages/airflow/example_dags/example_trigger_target_dag.py took 0.148 seconds
[2023-06-13T23:11:26.378+0000] {processor.py:157} INFO - Started process (PID=8320) to work on /home/airflow/.local/lib/python3.7/site-packages/airflow/example_dags/example_trigger_target_dag.py
[2023-06-13T23:11:26.381+0000] {processor.py:826} INFO - Processing file /home/airflow/.local/lib/python3.7/site-packages/airflow/example_dags/example_trigger_target_dag.py for tasks to queue
[2023-06-13T23:11:26.381+0000] {logging_mixin.py:149} INFO - [2023-06-13T23:11:26.381+0000] {dagbag.py:541} INFO - Filling up the DagBag from /home/airflow/.local/lib/python3.7/site-packages/airflow/example_dags/example_trigger_target_dag.py
[2023-06-13T23:11:26.387+0000] {processor.py:836} INFO - DAG(s) dict_keys(['example_trigger_target_dag']) retrieved from /home/airflow/.local/lib/python3.7/site-packages/airflow/example_dags/example_trigger_target_dag.py
[2023-06-13T23:11:26.425+0000] {logging_mixin.py:149} INFO - [2023-06-13T23:11:26.425+0000] {dag.py:2726} INFO - Sync 1 DAGs
[2023-06-13T23:11:26.465+0000] {logging_mixin.py:149} INFO - [2023-06-13T23:11:26.465+0000] {dag.py:3490} INFO - Setting next_dagrun for example_trigger_target_dag to None, run_after=None
[2023-06-13T23:11:26.511+0000] {processor.py:179} INFO - Processing /home/airflow/.local/lib/python3.7/site-packages/airflow/example_dags/example_trigger_target_dag.py took 0.140 seconds
[2023-06-13T23:11:57.131+0000] {processor.py:157} INFO - Started process (PID=8560) to work on /home/airflow/.local/lib/python3.7/site-packages/airflow/example_dags/example_trigger_target_dag.py
[2023-06-13T23:11:57.135+0000] {processor.py:826} INFO - Processing file /home/airflow/.local/lib/python3.7/site-packages/airflow/example_dags/example_trigger_target_dag.py for tasks to queue
[2023-06-13T23:11:57.136+0000] {logging_mixin.py:149} INFO - [2023-06-13T23:11:57.136+0000] {dagbag.py:541} INFO - Filling up the DagBag from /home/airflow/.local/lib/python3.7/site-packages/airflow/example_dags/example_trigger_target_dag.py
[2023-06-13T23:11:57.145+0000] {processor.py:836} INFO - DAG(s) dict_keys(['example_trigger_target_dag']) retrieved from /home/airflow/.local/lib/python3.7/site-packages/airflow/example_dags/example_trigger_target_dag.py
[2023-06-13T23:11:57.190+0000] {logging_mixin.py:149} INFO - [2023-06-13T23:11:57.189+0000] {dag.py:2726} INFO - Sync 1 DAGs
[2023-06-13T23:11:57.233+0000] {logging_mixin.py:149} INFO - [2023-06-13T23:11:57.233+0000] {dag.py:3490} INFO - Setting next_dagrun for example_trigger_target_dag to None, run_after=None
[2023-06-13T23:11:57.281+0000] {processor.py:179} INFO - Processing /home/airflow/.local/lib/python3.7/site-packages/airflow/example_dags/example_trigger_target_dag.py took 0.158 seconds
[2023-06-13T23:12:27.534+0000] {processor.py:157} INFO - Started process (PID=8800) to work on /home/airflow/.local/lib/python3.7/site-packages/airflow/example_dags/example_trigger_target_dag.py
[2023-06-13T23:12:27.536+0000] {processor.py:826} INFO - Processing file /home/airflow/.local/lib/python3.7/site-packages/airflow/example_dags/example_trigger_target_dag.py for tasks to queue
[2023-06-13T23:12:27.537+0000] {logging_mixin.py:149} INFO - [2023-06-13T23:12:27.537+0000] {dagbag.py:541} INFO - Filling up the DagBag from /home/airflow/.local/lib/python3.7/site-packages/airflow/example_dags/example_trigger_target_dag.py
[2023-06-13T23:12:27.544+0000] {processor.py:836} INFO - DAG(s) dict_keys(['example_trigger_target_dag']) retrieved from /home/airflow/.local/lib/python3.7/site-packages/airflow/example_dags/example_trigger_target_dag.py
[2023-06-13T23:12:27.588+0000] {logging_mixin.py:149} INFO - [2023-06-13T23:12:27.588+0000] {dag.py:2726} INFO - Sync 1 DAGs
[2023-06-13T23:12:27.628+0000] {logging_mixin.py:149} INFO - [2023-06-13T23:12:27.627+0000] {dag.py:3490} INFO - Setting next_dagrun for example_trigger_target_dag to None, run_after=None
[2023-06-13T23:12:27.667+0000] {processor.py:179} INFO - Processing /home/airflow/.local/lib/python3.7/site-packages/airflow/example_dags/example_trigger_target_dag.py took 0.138 seconds
[2023-06-13T23:12:58.118+0000] {processor.py:157} INFO - Started process (PID=9040) to work on /home/airflow/.local/lib/python3.7/site-packages/airflow/example_dags/example_trigger_target_dag.py
[2023-06-13T23:12:58.120+0000] {processor.py:826} INFO - Processing file /home/airflow/.local/lib/python3.7/site-packages/airflow/example_dags/example_trigger_target_dag.py for tasks to queue
[2023-06-13T23:12:58.122+0000] {logging_mixin.py:149} INFO - [2023-06-13T23:12:58.121+0000] {dagbag.py:541} INFO - Filling up the DagBag from /home/airflow/.local/lib/python3.7/site-packages/airflow/example_dags/example_trigger_target_dag.py
[2023-06-13T23:12:58.128+0000] {processor.py:836} INFO - DAG(s) dict_keys(['example_trigger_target_dag']) retrieved from /home/airflow/.local/lib/python3.7/site-packages/airflow/example_dags/example_trigger_target_dag.py
[2023-06-13T23:12:58.171+0000] {logging_mixin.py:149} INFO - [2023-06-13T23:12:58.171+0000] {dag.py:2726} INFO - Sync 1 DAGs
[2023-06-13T23:12:58.214+0000] {logging_mixin.py:149} INFO - [2023-06-13T23:12:58.213+0000] {dag.py:3490} INFO - Setting next_dagrun for example_trigger_target_dag to None, run_after=None
[2023-06-13T23:12:58.254+0000] {processor.py:179} INFO - Processing /home/airflow/.local/lib/python3.7/site-packages/airflow/example_dags/example_trigger_target_dag.py took 0.140 seconds
[2023-06-13T23:13:28.319+0000] {processor.py:157} INFO - Started process (PID=9279) to work on /home/airflow/.local/lib/python3.7/site-packages/airflow/example_dags/example_trigger_target_dag.py
[2023-06-13T23:13:28.321+0000] {processor.py:826} INFO - Processing file /home/airflow/.local/lib/python3.7/site-packages/airflow/example_dags/example_trigger_target_dag.py for tasks to queue
[2023-06-13T23:13:28.323+0000] {logging_mixin.py:149} INFO - [2023-06-13T23:13:28.323+0000] {dagbag.py:541} INFO - Filling up the DagBag from /home/airflow/.local/lib/python3.7/site-packages/airflow/example_dags/example_trigger_target_dag.py
[2023-06-13T23:13:28.332+0000] {processor.py:836} INFO - DAG(s) dict_keys(['example_trigger_target_dag']) retrieved from /home/airflow/.local/lib/python3.7/site-packages/airflow/example_dags/example_trigger_target_dag.py
[2023-06-13T23:13:28.378+0000] {logging_mixin.py:149} INFO - [2023-06-13T23:13:28.378+0000] {dag.py:2726} INFO - Sync 1 DAGs
[2023-06-13T23:13:28.417+0000] {logging_mixin.py:149} INFO - [2023-06-13T23:13:28.417+0000] {dag.py:3490} INFO - Setting next_dagrun for example_trigger_target_dag to None, run_after=None
[2023-06-13T23:13:28.473+0000] {processor.py:179} INFO - Processing /home/airflow/.local/lib/python3.7/site-packages/airflow/example_dags/example_trigger_target_dag.py took 0.157 seconds
[2023-06-13T23:13:58.532+0000] {processor.py:157} INFO - Started process (PID=9519) to work on /home/airflow/.local/lib/python3.7/site-packages/airflow/example_dags/example_trigger_target_dag.py
[2023-06-13T23:13:58.533+0000] {processor.py:826} INFO - Processing file /home/airflow/.local/lib/python3.7/site-packages/airflow/example_dags/example_trigger_target_dag.py for tasks to queue
[2023-06-13T23:13:58.535+0000] {logging_mixin.py:149} INFO - [2023-06-13T23:13:58.534+0000] {dagbag.py:541} INFO - Filling up the DagBag from /home/airflow/.local/lib/python3.7/site-packages/airflow/example_dags/example_trigger_target_dag.py
[2023-06-13T23:13:58.545+0000] {processor.py:836} INFO - DAG(s) dict_keys(['example_trigger_target_dag']) retrieved from /home/airflow/.local/lib/python3.7/site-packages/airflow/example_dags/example_trigger_target_dag.py
[2023-06-13T23:13:58.598+0000] {logging_mixin.py:149} INFO - [2023-06-13T23:13:58.597+0000] {dag.py:2726} INFO - Sync 1 DAGs
[2023-06-13T23:13:58.649+0000] {logging_mixin.py:149} INFO - [2023-06-13T23:13:58.649+0000] {dag.py:3490} INFO - Setting next_dagrun for example_trigger_target_dag to None, run_after=None
[2023-06-13T23:13:58.700+0000] {processor.py:179} INFO - Processing /home/airflow/.local/lib/python3.7/site-packages/airflow/example_dags/example_trigger_target_dag.py took 0.172 seconds
[2023-06-13T23:14:29.236+0000] {processor.py:157} INFO - Started process (PID=9765) to work on /home/airflow/.local/lib/python3.7/site-packages/airflow/example_dags/example_trigger_target_dag.py
[2023-06-13T23:14:29.238+0000] {processor.py:826} INFO - Processing file /home/airflow/.local/lib/python3.7/site-packages/airflow/example_dags/example_trigger_target_dag.py for tasks to queue
[2023-06-13T23:14:29.239+0000] {logging_mixin.py:149} INFO - [2023-06-13T23:14:29.239+0000] {dagbag.py:541} INFO - Filling up the DagBag from /home/airflow/.local/lib/python3.7/site-packages/airflow/example_dags/example_trigger_target_dag.py
[2023-06-13T23:14:29.248+0000] {processor.py:836} INFO - DAG(s) dict_keys(['example_trigger_target_dag']) retrieved from /home/airflow/.local/lib/python3.7/site-packages/airflow/example_dags/example_trigger_target_dag.py
[2023-06-13T23:14:29.292+0000] {logging_mixin.py:149} INFO - [2023-06-13T23:14:29.292+0000] {dag.py:2726} INFO - Sync 1 DAGs
[2023-06-13T23:14:29.338+0000] {logging_mixin.py:149} INFO - [2023-06-13T23:14:29.338+0000] {dag.py:3490} INFO - Setting next_dagrun for example_trigger_target_dag to None, run_after=None
[2023-06-13T23:14:29.403+0000] {processor.py:179} INFO - Processing /home/airflow/.local/lib/python3.7/site-packages/airflow/example_dags/example_trigger_target_dag.py took 0.170 seconds
[2023-06-13T23:14:59.593+0000] {processor.py:157} INFO - Started process (PID=10004) to work on /home/airflow/.local/lib/python3.7/site-packages/airflow/example_dags/example_trigger_target_dag.py
[2023-06-13T23:14:59.595+0000] {processor.py:826} INFO - Processing file /home/airflow/.local/lib/python3.7/site-packages/airflow/example_dags/example_trigger_target_dag.py for tasks to queue
[2023-06-13T23:14:59.596+0000] {logging_mixin.py:149} INFO - [2023-06-13T23:14:59.596+0000] {dagbag.py:541} INFO - Filling up the DagBag from /home/airflow/.local/lib/python3.7/site-packages/airflow/example_dags/example_trigger_target_dag.py
[2023-06-13T23:14:59.605+0000] {processor.py:836} INFO - DAG(s) dict_keys(['example_trigger_target_dag']) retrieved from /home/airflow/.local/lib/python3.7/site-packages/airflow/example_dags/example_trigger_target_dag.py
[2023-06-13T23:14:59.651+0000] {logging_mixin.py:149} INFO - [2023-06-13T23:14:59.651+0000] {dag.py:2726} INFO - Sync 1 DAGs
[2023-06-13T23:14:59.696+0000] {logging_mixin.py:149} INFO - [2023-06-13T23:14:59.696+0000] {dag.py:3490} INFO - Setting next_dagrun for example_trigger_target_dag to None, run_after=None
[2023-06-13T23:14:59.738+0000] {processor.py:179} INFO - Processing /home/airflow/.local/lib/python3.7/site-packages/airflow/example_dags/example_trigger_target_dag.py took 0.151 seconds
[2023-06-13T23:15:29.981+0000] {processor.py:157} INFO - Started process (PID=10244) to work on /home/airflow/.local/lib/python3.7/site-packages/airflow/example_dags/example_trigger_target_dag.py
[2023-06-13T23:15:29.983+0000] {processor.py:826} INFO - Processing file /home/airflow/.local/lib/python3.7/site-packages/airflow/example_dags/example_trigger_target_dag.py for tasks to queue
[2023-06-13T23:15:29.984+0000] {logging_mixin.py:149} INFO - [2023-06-13T23:15:29.984+0000] {dagbag.py:541} INFO - Filling up the DagBag from /home/airflow/.local/lib/python3.7/site-packages/airflow/example_dags/example_trigger_target_dag.py
[2023-06-13T23:15:29.995+0000] {processor.py:836} INFO - DAG(s) dict_keys(['example_trigger_target_dag']) retrieved from /home/airflow/.local/lib/python3.7/site-packages/airflow/example_dags/example_trigger_target_dag.py
[2023-06-13T23:15:30.060+0000] {logging_mixin.py:149} INFO - [2023-06-13T23:15:30.060+0000] {dag.py:2726} INFO - Sync 1 DAGs
[2023-06-13T23:15:30.112+0000] {logging_mixin.py:149} INFO - [2023-06-13T23:15:30.111+0000] {dag.py:3490} INFO - Setting next_dagrun for example_trigger_target_dag to None, run_after=None
[2023-06-13T23:15:30.168+0000] {processor.py:179} INFO - Processing /home/airflow/.local/lib/python3.7/site-packages/airflow/example_dags/example_trigger_target_dag.py took 0.192 seconds
[2023-06-13T23:16:00.687+0000] {processor.py:157} INFO - Started process (PID=10484) to work on /home/airflow/.local/lib/python3.7/site-packages/airflow/example_dags/example_trigger_target_dag.py
[2023-06-13T23:16:00.689+0000] {processor.py:826} INFO - Processing file /home/airflow/.local/lib/python3.7/site-packages/airflow/example_dags/example_trigger_target_dag.py for tasks to queue
[2023-06-13T23:16:00.691+0000] {logging_mixin.py:149} INFO - [2023-06-13T23:16:00.690+0000] {dagbag.py:541} INFO - Filling up the DagBag from /home/airflow/.local/lib/python3.7/site-packages/airflow/example_dags/example_trigger_target_dag.py
[2023-06-13T23:16:00.703+0000] {processor.py:836} INFO - DAG(s) dict_keys(['example_trigger_target_dag']) retrieved from /home/airflow/.local/lib/python3.7/site-packages/airflow/example_dags/example_trigger_target_dag.py
[2023-06-13T23:16:00.747+0000] {logging_mixin.py:149} INFO - [2023-06-13T23:16:00.747+0000] {dag.py:2726} INFO - Sync 1 DAGs
[2023-06-13T23:16:00.795+0000] {logging_mixin.py:149} INFO - [2023-06-13T23:16:00.795+0000] {dag.py:3490} INFO - Setting next_dagrun for example_trigger_target_dag to None, run_after=None
[2023-06-13T23:16:00.846+0000] {processor.py:179} INFO - Processing /home/airflow/.local/lib/python3.7/site-packages/airflow/example_dags/example_trigger_target_dag.py took 0.167 seconds
[2023-06-13T23:16:31.289+0000] {processor.py:157} INFO - Started process (PID=10724) to work on /home/airflow/.local/lib/python3.7/site-packages/airflow/example_dags/example_trigger_target_dag.py
[2023-06-13T23:16:31.291+0000] {processor.py:826} INFO - Processing file /home/airflow/.local/lib/python3.7/site-packages/airflow/example_dags/example_trigger_target_dag.py for tasks to queue
[2023-06-13T23:16:31.292+0000] {logging_mixin.py:149} INFO - [2023-06-13T23:16:31.292+0000] {dagbag.py:541} INFO - Filling up the DagBag from /home/airflow/.local/lib/python3.7/site-packages/airflow/example_dags/example_trigger_target_dag.py
[2023-06-13T23:16:31.302+0000] {processor.py:836} INFO - DAG(s) dict_keys(['example_trigger_target_dag']) retrieved from /home/airflow/.local/lib/python3.7/site-packages/airflow/example_dags/example_trigger_target_dag.py
[2023-06-13T23:16:31.345+0000] {logging_mixin.py:149} INFO - [2023-06-13T23:16:31.345+0000] {dag.py:2726} INFO - Sync 1 DAGs
[2023-06-13T23:16:31.381+0000] {logging_mixin.py:149} INFO - [2023-06-13T23:16:31.381+0000] {dag.py:3490} INFO - Setting next_dagrun for example_trigger_target_dag to None, run_after=None
[2023-06-13T23:16:31.424+0000] {processor.py:179} INFO - Processing /home/airflow/.local/lib/python3.7/site-packages/airflow/example_dags/example_trigger_target_dag.py took 0.140 seconds
[2023-06-13T23:17:01.827+0000] {processor.py:157} INFO - Started process (PID=10965) to work on /home/airflow/.local/lib/python3.7/site-packages/airflow/example_dags/example_trigger_target_dag.py
[2023-06-13T23:17:01.828+0000] {processor.py:826} INFO - Processing file /home/airflow/.local/lib/python3.7/site-packages/airflow/example_dags/example_trigger_target_dag.py for tasks to queue
[2023-06-13T23:17:01.829+0000] {logging_mixin.py:149} INFO - [2023-06-13T23:17:01.829+0000] {dagbag.py:541} INFO - Filling up the DagBag from /home/airflow/.local/lib/python3.7/site-packages/airflow/example_dags/example_trigger_target_dag.py
[2023-06-13T23:17:01.837+0000] {processor.py:836} INFO - DAG(s) dict_keys(['example_trigger_target_dag']) retrieved from /home/airflow/.local/lib/python3.7/site-packages/airflow/example_dags/example_trigger_target_dag.py
[2023-06-13T23:17:01.868+0000] {logging_mixin.py:149} INFO - [2023-06-13T23:17:01.868+0000] {dag.py:2726} INFO - Sync 1 DAGs
[2023-06-13T23:17:01.907+0000] {logging_mixin.py:149} INFO - [2023-06-13T23:17:01.906+0000] {dag.py:3490} INFO - Setting next_dagrun for example_trigger_target_dag to None, run_after=None
[2023-06-13T23:17:01.942+0000] {processor.py:179} INFO - Processing /home/airflow/.local/lib/python3.7/site-packages/airflow/example_dags/example_trigger_target_dag.py took 0.120 seconds
[2023-06-13T23:17:31.992+0000] {processor.py:157} INFO - Started process (PID=11205) to work on /home/airflow/.local/lib/python3.7/site-packages/airflow/example_dags/example_trigger_target_dag.py
[2023-06-13T23:17:31.995+0000] {processor.py:826} INFO - Processing file /home/airflow/.local/lib/python3.7/site-packages/airflow/example_dags/example_trigger_target_dag.py for tasks to queue
[2023-06-13T23:17:31.997+0000] {logging_mixin.py:149} INFO - [2023-06-13T23:17:31.996+0000] {dagbag.py:541} INFO - Filling up the DagBag from /home/airflow/.local/lib/python3.7/site-packages/airflow/example_dags/example_trigger_target_dag.py
[2023-06-13T23:17:32.007+0000] {processor.py:836} INFO - DAG(s) dict_keys(['example_trigger_target_dag']) retrieved from /home/airflow/.local/lib/python3.7/site-packages/airflow/example_dags/example_trigger_target_dag.py
[2023-06-13T23:17:32.065+0000] {logging_mixin.py:149} INFO - [2023-06-13T23:17:32.064+0000] {dag.py:2726} INFO - Sync 1 DAGs
[2023-06-13T23:17:32.119+0000] {logging_mixin.py:149} INFO - [2023-06-13T23:17:32.119+0000] {dag.py:3490} INFO - Setting next_dagrun for example_trigger_target_dag to None, run_after=None
[2023-06-13T23:17:32.178+0000] {processor.py:179} INFO - Processing /home/airflow/.local/lib/python3.7/site-packages/airflow/example_dags/example_trigger_target_dag.py took 0.191 seconds
[2023-06-13T23:18:02.428+0000] {processor.py:157} INFO - Started process (PID=11445) to work on /home/airflow/.local/lib/python3.7/site-packages/airflow/example_dags/example_trigger_target_dag.py
[2023-06-13T23:18:02.431+0000] {processor.py:826} INFO - Processing file /home/airflow/.local/lib/python3.7/site-packages/airflow/example_dags/example_trigger_target_dag.py for tasks to queue
[2023-06-13T23:18:02.433+0000] {logging_mixin.py:149} INFO - [2023-06-13T23:18:02.432+0000] {dagbag.py:541} INFO - Filling up the DagBag from /home/airflow/.local/lib/python3.7/site-packages/airflow/example_dags/example_trigger_target_dag.py
[2023-06-13T23:18:02.444+0000] {processor.py:836} INFO - DAG(s) dict_keys(['example_trigger_target_dag']) retrieved from /home/airflow/.local/lib/python3.7/site-packages/airflow/example_dags/example_trigger_target_dag.py
[2023-06-13T23:18:02.498+0000] {logging_mixin.py:149} INFO - [2023-06-13T23:18:02.498+0000] {dag.py:2726} INFO - Sync 1 DAGs
[2023-06-13T23:18:02.554+0000] {logging_mixin.py:149} INFO - [2023-06-13T23:18:02.554+0000] {dag.py:3490} INFO - Setting next_dagrun for example_trigger_target_dag to None, run_after=None
[2023-06-13T23:18:02.617+0000] {processor.py:179} INFO - Processing /home/airflow/.local/lib/python3.7/site-packages/airflow/example_dags/example_trigger_target_dag.py took 0.193 seconds
[2023-06-13T23:18:32.797+0000] {processor.py:157} INFO - Started process (PID=11685) to work on /home/airflow/.local/lib/python3.7/site-packages/airflow/example_dags/example_trigger_target_dag.py
[2023-06-13T23:18:32.799+0000] {processor.py:826} INFO - Processing file /home/airflow/.local/lib/python3.7/site-packages/airflow/example_dags/example_trigger_target_dag.py for tasks to queue
[2023-06-13T23:18:32.801+0000] {logging_mixin.py:149} INFO - [2023-06-13T23:18:32.800+0000] {dagbag.py:541} INFO - Filling up the DagBag from /home/airflow/.local/lib/python3.7/site-packages/airflow/example_dags/example_trigger_target_dag.py
[2023-06-13T23:18:32.812+0000] {processor.py:836} INFO - DAG(s) dict_keys(['example_trigger_target_dag']) retrieved from /home/airflow/.local/lib/python3.7/site-packages/airflow/example_dags/example_trigger_target_dag.py
[2023-06-13T23:18:32.870+0000] {logging_mixin.py:149} INFO - [2023-06-13T23:18:32.869+0000] {dag.py:2726} INFO - Sync 1 DAGs
[2023-06-13T23:18:32.925+0000] {logging_mixin.py:149} INFO - [2023-06-13T23:18:32.924+0000] {dag.py:3490} INFO - Setting next_dagrun for example_trigger_target_dag to None, run_after=None
[2023-06-13T23:18:32.978+0000] {processor.py:179} INFO - Processing /home/airflow/.local/lib/python3.7/site-packages/airflow/example_dags/example_trigger_target_dag.py took 0.189 seconds
[2023-06-13T23:19:03.108+0000] {processor.py:157} INFO - Started process (PID=11925) to work on /home/airflow/.local/lib/python3.7/site-packages/airflow/example_dags/example_trigger_target_dag.py
[2023-06-13T23:19:03.109+0000] {processor.py:826} INFO - Processing file /home/airflow/.local/lib/python3.7/site-packages/airflow/example_dags/example_trigger_target_dag.py for tasks to queue
[2023-06-13T23:19:03.111+0000] {logging_mixin.py:149} INFO - [2023-06-13T23:19:03.110+0000] {dagbag.py:541} INFO - Filling up the DagBag from /home/airflow/.local/lib/python3.7/site-packages/airflow/example_dags/example_trigger_target_dag.py
[2023-06-13T23:19:03.122+0000] {processor.py:836} INFO - DAG(s) dict_keys(['example_trigger_target_dag']) retrieved from /home/airflow/.local/lib/python3.7/site-packages/airflow/example_dags/example_trigger_target_dag.py
[2023-06-13T23:19:03.177+0000] {logging_mixin.py:149} INFO - [2023-06-13T23:19:03.176+0000] {dag.py:2726} INFO - Sync 1 DAGs
[2023-06-13T23:19:03.229+0000] {logging_mixin.py:149} INFO - [2023-06-13T23:19:03.228+0000] {dag.py:3490} INFO - Setting next_dagrun for example_trigger_target_dag to None, run_after=None
[2023-06-13T23:19:03.278+0000] {processor.py:179} INFO - Processing /home/airflow/.local/lib/python3.7/site-packages/airflow/example_dags/example_trigger_target_dag.py took 0.176 seconds
[2023-06-13T23:19:33.796+0000] {processor.py:157} INFO - Started process (PID=12165) to work on /home/airflow/.local/lib/python3.7/site-packages/airflow/example_dags/example_trigger_target_dag.py
[2023-06-13T23:19:33.800+0000] {processor.py:826} INFO - Processing file /home/airflow/.local/lib/python3.7/site-packages/airflow/example_dags/example_trigger_target_dag.py for tasks to queue
[2023-06-13T23:19:33.801+0000] {logging_mixin.py:149} INFO - [2023-06-13T23:19:33.801+0000] {dagbag.py:541} INFO - Filling up the DagBag from /home/airflow/.local/lib/python3.7/site-packages/airflow/example_dags/example_trigger_target_dag.py
[2023-06-13T23:19:33.818+0000] {processor.py:836} INFO - DAG(s) dict_keys(['example_trigger_target_dag']) retrieved from /home/airflow/.local/lib/python3.7/site-packages/airflow/example_dags/example_trigger_target_dag.py
[2023-06-13T23:19:33.903+0000] {logging_mixin.py:149} INFO - [2023-06-13T23:19:33.902+0000] {dag.py:2726} INFO - Sync 1 DAGs
[2023-06-13T23:19:33.966+0000] {logging_mixin.py:149} INFO - [2023-06-13T23:19:33.966+0000] {dag.py:3490} INFO - Setting next_dagrun for example_trigger_target_dag to None, run_after=None
[2023-06-13T23:19:34.030+0000] {processor.py:179} INFO - Processing /home/airflow/.local/lib/python3.7/site-packages/airflow/example_dags/example_trigger_target_dag.py took 0.243 seconds
[2023-06-13T23:20:04.250+0000] {processor.py:157} INFO - Started process (PID=12405) to work on /home/airflow/.local/lib/python3.7/site-packages/airflow/example_dags/example_trigger_target_dag.py
[2023-06-13T23:20:04.252+0000] {processor.py:826} INFO - Processing file /home/airflow/.local/lib/python3.7/site-packages/airflow/example_dags/example_trigger_target_dag.py for tasks to queue
[2023-06-13T23:20:04.252+0000] {logging_mixin.py:149} INFO - [2023-06-13T23:20:04.252+0000] {dagbag.py:541} INFO - Filling up the DagBag from /home/airflow/.local/lib/python3.7/site-packages/airflow/example_dags/example_trigger_target_dag.py
[2023-06-13T23:20:04.265+0000] {processor.py:836} INFO - DAG(s) dict_keys(['example_trigger_target_dag']) retrieved from /home/airflow/.local/lib/python3.7/site-packages/airflow/example_dags/example_trigger_target_dag.py
[2023-06-13T23:20:04.361+0000] {logging_mixin.py:149} INFO - [2023-06-13T23:20:04.361+0000] {dag.py:2726} INFO - Sync 1 DAGs
[2023-06-13T23:20:04.445+0000] {logging_mixin.py:149} INFO - [2023-06-13T23:20:04.445+0000] {dag.py:3490} INFO - Setting next_dagrun for example_trigger_target_dag to None, run_after=None
[2023-06-13T23:20:04.569+0000] {processor.py:179} INFO - Processing /home/airflow/.local/lib/python3.7/site-packages/airflow/example_dags/example_trigger_target_dag.py took 0.329 seconds
[2023-06-13T23:20:34.701+0000] {processor.py:157} INFO - Started process (PID=12645) to work on /home/airflow/.local/lib/python3.7/site-packages/airflow/example_dags/example_trigger_target_dag.py
[2023-06-13T23:20:34.705+0000] {processor.py:826} INFO - Processing file /home/airflow/.local/lib/python3.7/site-packages/airflow/example_dags/example_trigger_target_dag.py for tasks to queue
[2023-06-13T23:20:34.708+0000] {logging_mixin.py:149} INFO - [2023-06-13T23:20:34.707+0000] {dagbag.py:541} INFO - Filling up the DagBag from /home/airflow/.local/lib/python3.7/site-packages/airflow/example_dags/example_trigger_target_dag.py
[2023-06-13T23:20:34.728+0000] {processor.py:836} INFO - DAG(s) dict_keys(['example_trigger_target_dag']) retrieved from /home/airflow/.local/lib/python3.7/site-packages/airflow/example_dags/example_trigger_target_dag.py
[2023-06-13T23:20:34.798+0000] {logging_mixin.py:149} INFO - [2023-06-13T23:20:34.797+0000] {dag.py:2726} INFO - Sync 1 DAGs
[2023-06-13T23:20:34.858+0000] {logging_mixin.py:149} INFO - [2023-06-13T23:20:34.858+0000] {dag.py:3490} INFO - Setting next_dagrun for example_trigger_target_dag to None, run_after=None
[2023-06-13T23:20:34.950+0000] {processor.py:179} INFO - Processing /home/airflow/.local/lib/python3.7/site-packages/airflow/example_dags/example_trigger_target_dag.py took 0.259 seconds
[2023-06-13T23:21:05.761+0000] {processor.py:157} INFO - Started process (PID=12884) to work on /home/airflow/.local/lib/python3.7/site-packages/airflow/example_dags/example_trigger_target_dag.py
[2023-06-13T23:21:05.763+0000] {processor.py:826} INFO - Processing file /home/airflow/.local/lib/python3.7/site-packages/airflow/example_dags/example_trigger_target_dag.py for tasks to queue
[2023-06-13T23:21:05.766+0000] {logging_mixin.py:149} INFO - [2023-06-13T23:21:05.766+0000] {dagbag.py:541} INFO - Filling up the DagBag from /home/airflow/.local/lib/python3.7/site-packages/airflow/example_dags/example_trigger_target_dag.py
[2023-06-13T23:21:05.781+0000] {processor.py:836} INFO - DAG(s) dict_keys(['example_trigger_target_dag']) retrieved from /home/airflow/.local/lib/python3.7/site-packages/airflow/example_dags/example_trigger_target_dag.py
[2023-06-13T23:21:05.847+0000] {logging_mixin.py:149} INFO - [2023-06-13T23:21:05.846+0000] {dag.py:2726} INFO - Sync 1 DAGs
[2023-06-13T23:21:05.918+0000] {logging_mixin.py:149} INFO - [2023-06-13T23:21:05.917+0000] {dag.py:3490} INFO - Setting next_dagrun for example_trigger_target_dag to None, run_after=None
[2023-06-13T23:21:05.994+0000] {processor.py:179} INFO - Processing /home/airflow/.local/lib/python3.7/site-packages/airflow/example_dags/example_trigger_target_dag.py took 0.239 seconds
[2023-06-13T23:21:36.766+0000] {processor.py:157} INFO - Started process (PID=13123) to work on /home/airflow/.local/lib/python3.7/site-packages/airflow/example_dags/example_trigger_target_dag.py
[2023-06-13T23:21:36.768+0000] {processor.py:826} INFO - Processing file /home/airflow/.local/lib/python3.7/site-packages/airflow/example_dags/example_trigger_target_dag.py for tasks to queue
[2023-06-13T23:21:36.770+0000] {logging_mixin.py:149} INFO - [2023-06-13T23:21:36.770+0000] {dagbag.py:541} INFO - Filling up the DagBag from /home/airflow/.local/lib/python3.7/site-packages/airflow/example_dags/example_trigger_target_dag.py
[2023-06-13T23:21:36.784+0000] {processor.py:836} INFO - DAG(s) dict_keys(['example_trigger_target_dag']) retrieved from /home/airflow/.local/lib/python3.7/site-packages/airflow/example_dags/example_trigger_target_dag.py
[2023-06-13T23:21:36.863+0000] {logging_mixin.py:149} INFO - [2023-06-13T23:21:36.863+0000] {dag.py:2726} INFO - Sync 1 DAGs
[2023-06-13T23:21:36.950+0000] {logging_mixin.py:149} INFO - [2023-06-13T23:21:36.949+0000] {dag.py:3490} INFO - Setting next_dagrun for example_trigger_target_dag to None, run_after=None
[2023-06-13T23:21:37.020+0000] {processor.py:179} INFO - Processing /home/airflow/.local/lib/python3.7/site-packages/airflow/example_dags/example_trigger_target_dag.py took 0.261 seconds
[2023-06-13T23:22:07.289+0000] {processor.py:157} INFO - Started process (PID=13363) to work on /home/airflow/.local/lib/python3.7/site-packages/airflow/example_dags/example_trigger_target_dag.py
[2023-06-13T23:22:07.290+0000] {processor.py:826} INFO - Processing file /home/airflow/.local/lib/python3.7/site-packages/airflow/example_dags/example_trigger_target_dag.py for tasks to queue
[2023-06-13T23:22:07.292+0000] {logging_mixin.py:149} INFO - [2023-06-13T23:22:07.292+0000] {dagbag.py:541} INFO - Filling up the DagBag from /home/airflow/.local/lib/python3.7/site-packages/airflow/example_dags/example_trigger_target_dag.py
[2023-06-13T23:22:07.298+0000] {processor.py:836} INFO - DAG(s) dict_keys(['example_trigger_target_dag']) retrieved from /home/airflow/.local/lib/python3.7/site-packages/airflow/example_dags/example_trigger_target_dag.py
[2023-06-13T23:22:07.339+0000] {logging_mixin.py:149} INFO - [2023-06-13T23:22:07.339+0000] {dag.py:2726} INFO - Sync 1 DAGs
[2023-06-13T23:22:07.376+0000] {logging_mixin.py:149} INFO - [2023-06-13T23:22:07.375+0000] {dag.py:3490} INFO - Setting next_dagrun for example_trigger_target_dag to None, run_after=None
[2023-06-13T23:22:07.418+0000] {processor.py:179} INFO - Processing /home/airflow/.local/lib/python3.7/site-packages/airflow/example_dags/example_trigger_target_dag.py took 0.133 seconds
[2023-06-13T23:22:37.739+0000] {processor.py:157} INFO - Started process (PID=13603) to work on /home/airflow/.local/lib/python3.7/site-packages/airflow/example_dags/example_trigger_target_dag.py
[2023-06-13T23:22:37.741+0000] {processor.py:826} INFO - Processing file /home/airflow/.local/lib/python3.7/site-packages/airflow/example_dags/example_trigger_target_dag.py for tasks to queue
[2023-06-13T23:22:37.742+0000] {logging_mixin.py:149} INFO - [2023-06-13T23:22:37.742+0000] {dagbag.py:541} INFO - Filling up the DagBag from /home/airflow/.local/lib/python3.7/site-packages/airflow/example_dags/example_trigger_target_dag.py
[2023-06-13T23:22:37.754+0000] {processor.py:836} INFO - DAG(s) dict_keys(['example_trigger_target_dag']) retrieved from /home/airflow/.local/lib/python3.7/site-packages/airflow/example_dags/example_trigger_target_dag.py
[2023-06-13T23:22:37.808+0000] {logging_mixin.py:149} INFO - [2023-06-13T23:22:37.807+0000] {dag.py:2726} INFO - Sync 1 DAGs
[2023-06-13T23:22:37.858+0000] {logging_mixin.py:149} INFO - [2023-06-13T23:22:37.857+0000] {dag.py:3490} INFO - Setting next_dagrun for example_trigger_target_dag to None, run_after=None
[2023-06-13T23:22:37.911+0000] {processor.py:179} INFO - Processing /home/airflow/.local/lib/python3.7/site-packages/airflow/example_dags/example_trigger_target_dag.py took 0.178 seconds
[2023-06-13T23:23:08.342+0000] {processor.py:157} INFO - Started process (PID=13843) to work on /home/airflow/.local/lib/python3.7/site-packages/airflow/example_dags/example_trigger_target_dag.py
[2023-06-13T23:23:08.344+0000] {processor.py:826} INFO - Processing file /home/airflow/.local/lib/python3.7/site-packages/airflow/example_dags/example_trigger_target_dag.py for tasks to queue
[2023-06-13T23:23:08.346+0000] {logging_mixin.py:149} INFO - [2023-06-13T23:23:08.345+0000] {dagbag.py:541} INFO - Filling up the DagBag from /home/airflow/.local/lib/python3.7/site-packages/airflow/example_dags/example_trigger_target_dag.py
[2023-06-13T23:23:08.355+0000] {processor.py:836} INFO - DAG(s) dict_keys(['example_trigger_target_dag']) retrieved from /home/airflow/.local/lib/python3.7/site-packages/airflow/example_dags/example_trigger_target_dag.py
[2023-06-13T23:23:08.405+0000] {logging_mixin.py:149} INFO - [2023-06-13T23:23:08.404+0000] {dag.py:2726} INFO - Sync 1 DAGs
[2023-06-13T23:23:08.452+0000] {logging_mixin.py:149} INFO - [2023-06-13T23:23:08.451+0000] {dag.py:3490} INFO - Setting next_dagrun for example_trigger_target_dag to None, run_after=None
[2023-06-13T23:23:08.499+0000] {processor.py:179} INFO - Processing /home/airflow/.local/lib/python3.7/site-packages/airflow/example_dags/example_trigger_target_dag.py took 0.164 seconds
[2023-06-13T23:23:38.606+0000] {processor.py:157} INFO - Started process (PID=14083) to work on /home/airflow/.local/lib/python3.7/site-packages/airflow/example_dags/example_trigger_target_dag.py
[2023-06-13T23:23:38.607+0000] {processor.py:826} INFO - Processing file /home/airflow/.local/lib/python3.7/site-packages/airflow/example_dags/example_trigger_target_dag.py for tasks to queue
[2023-06-13T23:23:38.608+0000] {logging_mixin.py:149} INFO - [2023-06-13T23:23:38.608+0000] {dagbag.py:541} INFO - Filling up the DagBag from /home/airflow/.local/lib/python3.7/site-packages/airflow/example_dags/example_trigger_target_dag.py
[2023-06-13T23:23:38.614+0000] {processor.py:836} INFO - DAG(s) dict_keys(['example_trigger_target_dag']) retrieved from /home/airflow/.local/lib/python3.7/site-packages/airflow/example_dags/example_trigger_target_dag.py
[2023-06-13T23:23:38.658+0000] {logging_mixin.py:149} INFO - [2023-06-13T23:23:38.658+0000] {dag.py:2726} INFO - Sync 1 DAGs
[2023-06-13T23:23:38.706+0000] {logging_mixin.py:149} INFO - [2023-06-13T23:23:38.706+0000] {dag.py:3490} INFO - Setting next_dagrun for example_trigger_target_dag to None, run_after=None
[2023-06-13T23:23:38.754+0000] {processor.py:179} INFO - Processing /home/airflow/.local/lib/python3.7/site-packages/airflow/example_dags/example_trigger_target_dag.py took 0.153 seconds
[2023-06-13T23:24:09.319+0000] {processor.py:157} INFO - Started process (PID=14323) to work on /home/airflow/.local/lib/python3.7/site-packages/airflow/example_dags/example_trigger_target_dag.py
[2023-06-13T23:24:09.325+0000] {processor.py:826} INFO - Processing file /home/airflow/.local/lib/python3.7/site-packages/airflow/example_dags/example_trigger_target_dag.py for tasks to queue
[2023-06-13T23:24:09.327+0000] {logging_mixin.py:149} INFO - [2023-06-13T23:24:09.327+0000] {dagbag.py:541} INFO - Filling up the DagBag from /home/airflow/.local/lib/python3.7/site-packages/airflow/example_dags/example_trigger_target_dag.py
[2023-06-13T23:24:09.340+0000] {processor.py:836} INFO - DAG(s) dict_keys(['example_trigger_target_dag']) retrieved from /home/airflow/.local/lib/python3.7/site-packages/airflow/example_dags/example_trigger_target_dag.py
[2023-06-13T23:24:09.415+0000] {logging_mixin.py:149} INFO - [2023-06-13T23:24:09.415+0000] {dag.py:2726} INFO - Sync 1 DAGs
[2023-06-13T23:24:09.487+0000] {logging_mixin.py:149} INFO - [2023-06-13T23:24:09.486+0000] {dag.py:3490} INFO - Setting next_dagrun for example_trigger_target_dag to None, run_after=None
[2023-06-13T23:24:09.560+0000] {processor.py:179} INFO - Processing /home/airflow/.local/lib/python3.7/site-packages/airflow/example_dags/example_trigger_target_dag.py took 0.249 seconds
[2023-06-13T23:24:39.929+0000] {processor.py:157} INFO - Started process (PID=14563) to work on /home/airflow/.local/lib/python3.7/site-packages/airflow/example_dags/example_trigger_target_dag.py
[2023-06-13T23:24:39.930+0000] {processor.py:826} INFO - Processing file /home/airflow/.local/lib/python3.7/site-packages/airflow/example_dags/example_trigger_target_dag.py for tasks to queue
[2023-06-13T23:24:39.931+0000] {logging_mixin.py:149} INFO - [2023-06-13T23:24:39.931+0000] {dagbag.py:541} INFO - Filling up the DagBag from /home/airflow/.local/lib/python3.7/site-packages/airflow/example_dags/example_trigger_target_dag.py
[2023-06-13T23:24:39.941+0000] {processor.py:836} INFO - DAG(s) dict_keys(['example_trigger_target_dag']) retrieved from /home/airflow/.local/lib/python3.7/site-packages/airflow/example_dags/example_trigger_target_dag.py
[2023-06-13T23:24:40.009+0000] {logging_mixin.py:149} INFO - [2023-06-13T23:24:40.008+0000] {dag.py:2726} INFO - Sync 1 DAGs
[2023-06-13T23:24:40.056+0000] {logging_mixin.py:149} INFO - [2023-06-13T23:24:40.056+0000] {dag.py:3490} INFO - Setting next_dagrun for example_trigger_target_dag to None, run_after=None
[2023-06-13T23:24:40.119+0000] {processor.py:179} INFO - Processing /home/airflow/.local/lib/python3.7/site-packages/airflow/example_dags/example_trigger_target_dag.py took 0.196 seconds
[2023-06-13T23:25:10.409+0000] {processor.py:157} INFO - Started process (PID=14798) to work on /home/airflow/.local/lib/python3.7/site-packages/airflow/example_dags/example_trigger_target_dag.py
[2023-06-13T23:25:10.413+0000] {processor.py:826} INFO - Processing file /home/airflow/.local/lib/python3.7/site-packages/airflow/example_dags/example_trigger_target_dag.py for tasks to queue
[2023-06-13T23:25:10.415+0000] {logging_mixin.py:149} INFO - [2023-06-13T23:25:10.414+0000] {dagbag.py:541} INFO - Filling up the DagBag from /home/airflow/.local/lib/python3.7/site-packages/airflow/example_dags/example_trigger_target_dag.py
[2023-06-13T23:25:10.426+0000] {processor.py:836} INFO - DAG(s) dict_keys(['example_trigger_target_dag']) retrieved from /home/airflow/.local/lib/python3.7/site-packages/airflow/example_dags/example_trigger_target_dag.py
[2023-06-13T23:25:10.496+0000] {logging_mixin.py:149} INFO - [2023-06-13T23:25:10.495+0000] {dag.py:2726} INFO - Sync 1 DAGs
[2023-06-13T23:25:10.557+0000] {logging_mixin.py:149} INFO - [2023-06-13T23:25:10.557+0000] {dag.py:3490} INFO - Setting next_dagrun for example_trigger_target_dag to None, run_after=None
[2023-06-13T23:25:10.626+0000] {processor.py:179} INFO - Processing /home/airflow/.local/lib/python3.7/site-packages/airflow/example_dags/example_trigger_target_dag.py took 0.225 seconds
[2023-06-13T23:25:40.950+0000] {processor.py:157} INFO - Started process (PID=15037) to work on /home/airflow/.local/lib/python3.7/site-packages/airflow/example_dags/example_trigger_target_dag.py
[2023-06-13T23:25:40.955+0000] {processor.py:826} INFO - Processing file /home/airflow/.local/lib/python3.7/site-packages/airflow/example_dags/example_trigger_target_dag.py for tasks to queue
[2023-06-13T23:25:40.958+0000] {logging_mixin.py:149} INFO - [2023-06-13T23:25:40.956+0000] {dagbag.py:541} INFO - Filling up the DagBag from /home/airflow/.local/lib/python3.7/site-packages/airflow/example_dags/example_trigger_target_dag.py
[2023-06-13T23:25:40.972+0000] {processor.py:836} INFO - DAG(s) dict_keys(['example_trigger_target_dag']) retrieved from /home/airflow/.local/lib/python3.7/site-packages/airflow/example_dags/example_trigger_target_dag.py
[2023-06-13T23:25:41.030+0000] {logging_mixin.py:149} INFO - [2023-06-13T23:25:41.030+0000] {dag.py:2726} INFO - Sync 1 DAGs
[2023-06-13T23:25:41.094+0000] {logging_mixin.py:149} INFO - [2023-06-13T23:25:41.093+0000] {dag.py:3490} INFO - Setting next_dagrun for example_trigger_target_dag to None, run_after=None
[2023-06-13T23:25:41.162+0000] {processor.py:179} INFO - Processing /home/airflow/.local/lib/python3.7/site-packages/airflow/example_dags/example_trigger_target_dag.py took 0.220 seconds
