[2023-06-13T22:54:11.543+0000] {processor.py:157} INFO - Started process (PID=288) to work on /home/airflow/.local/lib/python3.7/site-packages/airflow/example_dags/example_branch_operator.py
[2023-06-13T22:54:11.545+0000] {processor.py:826} INFO - Processing file /home/airflow/.local/lib/python3.7/site-packages/airflow/example_dags/example_branch_operator.py for tasks to queue
[2023-06-13T22:54:11.546+0000] {logging_mixin.py:149} INFO - [2023-06-13T22:54:11.546+0000] {dagbag.py:541} INFO - Filling up the DagBag from /home/airflow/.local/lib/python3.7/site-packages/airflow/example_dags/example_branch_operator.py
[2023-06-13T22:54:11.566+0000] {processor.py:836} INFO - DAG(s) dict_keys(['example_branch_operator']) retrieved from /home/airflow/.local/lib/python3.7/site-packages/airflow/example_dags/example_branch_operator.py
[2023-06-13T22:54:11.636+0000] {logging_mixin.py:149} INFO - [2023-06-13T22:54:11.636+0000] {dag.py:2726} INFO - Sync 1 DAGs
[2023-06-13T22:54:11.692+0000] {logging_mixin.py:149} INFO - [2023-06-13T22:54:11.692+0000] {dag.py:3490} INFO - Setting next_dagrun for example_branch_operator to 2023-06-12T00:00:00+00:00, run_after=2023-06-13T00:00:00+00:00
[2023-06-13T22:54:11.780+0000] {processor.py:179} INFO - Processing /home/airflow/.local/lib/python3.7/site-packages/airflow/example_dags/example_branch_operator.py took 0.242 seconds
[2023-06-13T22:54:44.054+0000] {processor.py:157} INFO - Started process (PID=528) to work on /home/airflow/.local/lib/python3.7/site-packages/airflow/example_dags/example_branch_operator.py
[2023-06-13T22:54:44.057+0000] {processor.py:826} INFO - Processing file /home/airflow/.local/lib/python3.7/site-packages/airflow/example_dags/example_branch_operator.py for tasks to queue
[2023-06-13T22:54:44.059+0000] {logging_mixin.py:149} INFO - [2023-06-13T22:54:44.059+0000] {dagbag.py:541} INFO - Filling up the DagBag from /home/airflow/.local/lib/python3.7/site-packages/airflow/example_dags/example_branch_operator.py
[2023-06-13T22:54:44.086+0000] {processor.py:836} INFO - DAG(s) dict_keys(['example_branch_operator']) retrieved from /home/airflow/.local/lib/python3.7/site-packages/airflow/example_dags/example_branch_operator.py
[2023-06-13T22:54:44.144+0000] {logging_mixin.py:149} INFO - [2023-06-13T22:54:44.143+0000] {dag.py:2726} INFO - Sync 1 DAGs
[2023-06-13T22:54:44.467+0000] {logging_mixin.py:149} INFO - [2023-06-13T22:54:44.467+0000] {dag.py:3490} INFO - Setting next_dagrun for example_branch_operator to 2023-06-12T00:00:00+00:00, run_after=2023-06-13T00:00:00+00:00
[2023-06-13T22:54:44.549+0000] {processor.py:179} INFO - Processing /home/airflow/.local/lib/python3.7/site-packages/airflow/example_dags/example_branch_operator.py took 0.506 seconds
[2023-06-13T22:55:15.354+0000] {processor.py:157} INFO - Started process (PID=768) to work on /home/airflow/.local/lib/python3.7/site-packages/airflow/example_dags/example_branch_operator.py
[2023-06-13T22:55:15.356+0000] {processor.py:826} INFO - Processing file /home/airflow/.local/lib/python3.7/site-packages/airflow/example_dags/example_branch_operator.py for tasks to queue
[2023-06-13T22:55:15.357+0000] {logging_mixin.py:149} INFO - [2023-06-13T22:55:15.357+0000] {dagbag.py:541} INFO - Filling up the DagBag from /home/airflow/.local/lib/python3.7/site-packages/airflow/example_dags/example_branch_operator.py
[2023-06-13T22:55:15.377+0000] {processor.py:836} INFO - DAG(s) dict_keys(['example_branch_operator']) retrieved from /home/airflow/.local/lib/python3.7/site-packages/airflow/example_dags/example_branch_operator.py
[2023-06-13T22:55:15.468+0000] {logging_mixin.py:149} INFO - [2023-06-13T22:55:15.467+0000] {dag.py:2726} INFO - Sync 1 DAGs
[2023-06-13T22:55:15.533+0000] {logging_mixin.py:149} INFO - [2023-06-13T22:55:15.532+0000] {dag.py:3490} INFO - Setting next_dagrun for example_branch_operator to 2023-06-12T00:00:00+00:00, run_after=2023-06-13T00:00:00+00:00
[2023-06-13T22:55:15.584+0000] {processor.py:179} INFO - Processing /home/airflow/.local/lib/python3.7/site-packages/airflow/example_dags/example_branch_operator.py took 0.239 seconds
[2023-06-13T22:55:46.368+0000] {processor.py:157} INFO - Started process (PID=1019) to work on /home/airflow/.local/lib/python3.7/site-packages/airflow/example_dags/example_branch_operator.py
[2023-06-13T22:55:46.372+0000] {processor.py:826} INFO - Processing file /home/airflow/.local/lib/python3.7/site-packages/airflow/example_dags/example_branch_operator.py for tasks to queue
[2023-06-13T22:55:46.374+0000] {logging_mixin.py:149} INFO - [2023-06-13T22:55:46.373+0000] {dagbag.py:541} INFO - Filling up the DagBag from /home/airflow/.local/lib/python3.7/site-packages/airflow/example_dags/example_branch_operator.py
[2023-06-13T22:55:46.397+0000] {processor.py:836} INFO - DAG(s) dict_keys(['example_branch_operator']) retrieved from /home/airflow/.local/lib/python3.7/site-packages/airflow/example_dags/example_branch_operator.py
[2023-06-13T22:55:46.489+0000] {logging_mixin.py:149} INFO - [2023-06-13T22:55:46.488+0000] {dag.py:2726} INFO - Sync 1 DAGs
[2023-06-13T22:55:46.547+0000] {logging_mixin.py:149} INFO - [2023-06-13T22:55:46.547+0000] {dag.py:3490} INFO - Setting next_dagrun for example_branch_operator to 2023-06-12T00:00:00+00:00, run_after=2023-06-13T00:00:00+00:00
[2023-06-13T22:55:46.611+0000] {processor.py:179} INFO - Processing /home/airflow/.local/lib/python3.7/site-packages/airflow/example_dags/example_branch_operator.py took 0.250 seconds
[2023-06-13T22:56:17.279+0000] {processor.py:157} INFO - Started process (PID=1261) to work on /home/airflow/.local/lib/python3.7/site-packages/airflow/example_dags/example_branch_operator.py
[2023-06-13T22:56:17.280+0000] {processor.py:826} INFO - Processing file /home/airflow/.local/lib/python3.7/site-packages/airflow/example_dags/example_branch_operator.py for tasks to queue
[2023-06-13T22:56:17.281+0000] {logging_mixin.py:149} INFO - [2023-06-13T22:56:17.281+0000] {dagbag.py:541} INFO - Filling up the DagBag from /home/airflow/.local/lib/python3.7/site-packages/airflow/example_dags/example_branch_operator.py
[2023-06-13T22:56:17.297+0000] {processor.py:836} INFO - DAG(s) dict_keys(['example_branch_operator']) retrieved from /home/airflow/.local/lib/python3.7/site-packages/airflow/example_dags/example_branch_operator.py
[2023-06-13T22:56:17.349+0000] {logging_mixin.py:149} INFO - [2023-06-13T22:56:17.349+0000] {dag.py:2726} INFO - Sync 1 DAGs
[2023-06-13T22:56:17.400+0000] {logging_mixin.py:149} INFO - [2023-06-13T22:56:17.399+0000] {dag.py:3490} INFO - Setting next_dagrun for example_branch_operator to 2023-06-12T00:00:00+00:00, run_after=2023-06-13T00:00:00+00:00
[2023-06-13T22:56:17.444+0000] {processor.py:179} INFO - Processing /home/airflow/.local/lib/python3.7/site-packages/airflow/example_dags/example_branch_operator.py took 0.170 seconds
[2023-06-13T22:56:47.861+0000] {processor.py:157} INFO - Started process (PID=1499) to work on /home/airflow/.local/lib/python3.7/site-packages/airflow/example_dags/example_branch_operator.py
[2023-06-13T22:56:47.862+0000] {processor.py:826} INFO - Processing file /home/airflow/.local/lib/python3.7/site-packages/airflow/example_dags/example_branch_operator.py for tasks to queue
[2023-06-13T22:56:47.863+0000] {logging_mixin.py:149} INFO - [2023-06-13T22:56:47.863+0000] {dagbag.py:541} INFO - Filling up the DagBag from /home/airflow/.local/lib/python3.7/site-packages/airflow/example_dags/example_branch_operator.py
[2023-06-13T22:56:47.876+0000] {processor.py:836} INFO - DAG(s) dict_keys(['example_branch_operator']) retrieved from /home/airflow/.local/lib/python3.7/site-packages/airflow/example_dags/example_branch_operator.py
[2023-06-13T22:56:47.915+0000] {logging_mixin.py:149} INFO - [2023-06-13T22:56:47.914+0000] {dag.py:2726} INFO - Sync 1 DAGs
[2023-06-13T22:56:47.961+0000] {logging_mixin.py:149} INFO - [2023-06-13T22:56:47.961+0000] {dag.py:3490} INFO - Setting next_dagrun for example_branch_operator to 2023-06-12T00:00:00+00:00, run_after=2023-06-13T00:00:00+00:00
[2023-06-13T22:56:47.996+0000] {processor.py:179} INFO - Processing /home/airflow/.local/lib/python3.7/site-packages/airflow/example_dags/example_branch_operator.py took 0.141 seconds
[2023-06-13T22:57:18.357+0000] {processor.py:157} INFO - Started process (PID=1738) to work on /home/airflow/.local/lib/python3.7/site-packages/airflow/example_dags/example_branch_operator.py
[2023-06-13T22:57:18.358+0000] {processor.py:826} INFO - Processing file /home/airflow/.local/lib/python3.7/site-packages/airflow/example_dags/example_branch_operator.py for tasks to queue
[2023-06-13T22:57:18.361+0000] {logging_mixin.py:149} INFO - [2023-06-13T22:57:18.360+0000] {dagbag.py:541} INFO - Filling up the DagBag from /home/airflow/.local/lib/python3.7/site-packages/airflow/example_dags/example_branch_operator.py
[2023-06-13T22:57:18.380+0000] {processor.py:836} INFO - DAG(s) dict_keys(['example_branch_operator']) retrieved from /home/airflow/.local/lib/python3.7/site-packages/airflow/example_dags/example_branch_operator.py
[2023-06-13T22:57:18.432+0000] {logging_mixin.py:149} INFO - [2023-06-13T22:57:18.432+0000] {dag.py:2726} INFO - Sync 1 DAGs
[2023-06-13T22:57:18.487+0000] {logging_mixin.py:149} INFO - [2023-06-13T22:57:18.486+0000] {dag.py:3490} INFO - Setting next_dagrun for example_branch_operator to 2023-06-12T00:00:00+00:00, run_after=2023-06-13T00:00:00+00:00
[2023-06-13T22:57:18.538+0000] {processor.py:179} INFO - Processing /home/airflow/.local/lib/python3.7/site-packages/airflow/example_dags/example_branch_operator.py took 0.186 seconds
[2023-06-13T22:57:48.659+0000] {processor.py:157} INFO - Started process (PID=1975) to work on /home/airflow/.local/lib/python3.7/site-packages/airflow/example_dags/example_branch_operator.py
[2023-06-13T22:57:48.661+0000] {processor.py:826} INFO - Processing file /home/airflow/.local/lib/python3.7/site-packages/airflow/example_dags/example_branch_operator.py for tasks to queue
[2023-06-13T22:57:48.663+0000] {logging_mixin.py:149} INFO - [2023-06-13T22:57:48.662+0000] {dagbag.py:541} INFO - Filling up the DagBag from /home/airflow/.local/lib/python3.7/site-packages/airflow/example_dags/example_branch_operator.py
[2023-06-13T22:57:48.684+0000] {processor.py:836} INFO - DAG(s) dict_keys(['example_branch_operator']) retrieved from /home/airflow/.local/lib/python3.7/site-packages/airflow/example_dags/example_branch_operator.py
[2023-06-13T22:57:48.755+0000] {logging_mixin.py:149} INFO - [2023-06-13T22:57:48.755+0000] {dag.py:2726} INFO - Sync 1 DAGs
[2023-06-13T22:57:48.820+0000] {logging_mixin.py:149} INFO - [2023-06-13T22:57:48.819+0000] {dag.py:3490} INFO - Setting next_dagrun for example_branch_operator to 2023-06-12T00:00:00+00:00, run_after=2023-06-13T00:00:00+00:00
[2023-06-13T22:57:48.874+0000] {processor.py:179} INFO - Processing /home/airflow/.local/lib/python3.7/site-packages/airflow/example_dags/example_branch_operator.py took 0.223 seconds
[2023-06-13T22:58:19.099+0000] {processor.py:157} INFO - Started process (PID=2215) to work on /home/airflow/.local/lib/python3.7/site-packages/airflow/example_dags/example_branch_operator.py
[2023-06-13T22:58:19.102+0000] {processor.py:826} INFO - Processing file /home/airflow/.local/lib/python3.7/site-packages/airflow/example_dags/example_branch_operator.py for tasks to queue
[2023-06-13T22:58:19.103+0000] {logging_mixin.py:149} INFO - [2023-06-13T22:58:19.103+0000] {dagbag.py:541} INFO - Filling up the DagBag from /home/airflow/.local/lib/python3.7/site-packages/airflow/example_dags/example_branch_operator.py
[2023-06-13T22:58:19.124+0000] {processor.py:836} INFO - DAG(s) dict_keys(['example_branch_operator']) retrieved from /home/airflow/.local/lib/python3.7/site-packages/airflow/example_dags/example_branch_operator.py
[2023-06-13T22:58:19.204+0000] {logging_mixin.py:149} INFO - [2023-06-13T22:58:19.203+0000] {dag.py:2726} INFO - Sync 1 DAGs
[2023-06-13T22:58:19.266+0000] {logging_mixin.py:149} INFO - [2023-06-13T22:58:19.266+0000] {dag.py:3490} INFO - Setting next_dagrun for example_branch_operator to 2023-06-12T00:00:00+00:00, run_after=2023-06-13T00:00:00+00:00
[2023-06-13T22:58:19.340+0000] {processor.py:179} INFO - Processing /home/airflow/.local/lib/python3.7/site-packages/airflow/example_dags/example_branch_operator.py took 0.248 seconds
[2023-06-13T22:58:50.070+0000] {processor.py:157} INFO - Started process (PID=2455) to work on /home/airflow/.local/lib/python3.7/site-packages/airflow/example_dags/example_branch_operator.py
[2023-06-13T22:58:50.073+0000] {processor.py:826} INFO - Processing file /home/airflow/.local/lib/python3.7/site-packages/airflow/example_dags/example_branch_operator.py for tasks to queue
[2023-06-13T22:58:50.074+0000] {logging_mixin.py:149} INFO - [2023-06-13T22:58:50.074+0000] {dagbag.py:541} INFO - Filling up the DagBag from /home/airflow/.local/lib/python3.7/site-packages/airflow/example_dags/example_branch_operator.py
[2023-06-13T22:58:50.096+0000] {processor.py:836} INFO - DAG(s) dict_keys(['example_branch_operator']) retrieved from /home/airflow/.local/lib/python3.7/site-packages/airflow/example_dags/example_branch_operator.py
[2023-06-13T22:58:50.169+0000] {logging_mixin.py:149} INFO - [2023-06-13T22:58:50.168+0000] {dag.py:2726} INFO - Sync 1 DAGs
[2023-06-13T22:58:50.226+0000] {logging_mixin.py:149} INFO - [2023-06-13T22:58:50.225+0000] {dag.py:3490} INFO - Setting next_dagrun for example_branch_operator to 2023-06-12T00:00:00+00:00, run_after=2023-06-13T00:00:00+00:00
[2023-06-13T22:58:50.286+0000] {processor.py:179} INFO - Processing /home/airflow/.local/lib/python3.7/site-packages/airflow/example_dags/example_branch_operator.py took 0.222 seconds
[2023-06-13T22:59:20.470+0000] {processor.py:157} INFO - Started process (PID=2695) to work on /home/airflow/.local/lib/python3.7/site-packages/airflow/example_dags/example_branch_operator.py
[2023-06-13T22:59:20.473+0000] {processor.py:826} INFO - Processing file /home/airflow/.local/lib/python3.7/site-packages/airflow/example_dags/example_branch_operator.py for tasks to queue
[2023-06-13T22:59:20.475+0000] {logging_mixin.py:149} INFO - [2023-06-13T22:59:20.474+0000] {dagbag.py:541} INFO - Filling up the DagBag from /home/airflow/.local/lib/python3.7/site-packages/airflow/example_dags/example_branch_operator.py
[2023-06-13T22:59:20.491+0000] {processor.py:836} INFO - DAG(s) dict_keys(['example_branch_operator']) retrieved from /home/airflow/.local/lib/python3.7/site-packages/airflow/example_dags/example_branch_operator.py
[2023-06-13T22:59:20.549+0000] {logging_mixin.py:149} INFO - [2023-06-13T22:59:20.548+0000] {dag.py:2726} INFO - Sync 1 DAGs
[2023-06-13T22:59:20.602+0000] {logging_mixin.py:149} INFO - [2023-06-13T22:59:20.602+0000] {dag.py:3490} INFO - Setting next_dagrun for example_branch_operator to 2023-06-12T00:00:00+00:00, run_after=2023-06-13T00:00:00+00:00
[2023-06-13T22:59:20.650+0000] {processor.py:179} INFO - Processing /home/airflow/.local/lib/python3.7/site-packages/airflow/example_dags/example_branch_operator.py took 0.185 seconds
[2023-06-13T22:59:51.290+0000] {processor.py:157} INFO - Started process (PID=2935) to work on /home/airflow/.local/lib/python3.7/site-packages/airflow/example_dags/example_branch_operator.py
[2023-06-13T22:59:51.292+0000] {processor.py:826} INFO - Processing file /home/airflow/.local/lib/python3.7/site-packages/airflow/example_dags/example_branch_operator.py for tasks to queue
[2023-06-13T22:59:51.294+0000] {logging_mixin.py:149} INFO - [2023-06-13T22:59:51.294+0000] {dagbag.py:541} INFO - Filling up the DagBag from /home/airflow/.local/lib/python3.7/site-packages/airflow/example_dags/example_branch_operator.py
[2023-06-13T22:59:51.318+0000] {processor.py:836} INFO - DAG(s) dict_keys(['example_branch_operator']) retrieved from /home/airflow/.local/lib/python3.7/site-packages/airflow/example_dags/example_branch_operator.py
[2023-06-13T22:59:51.379+0000] {logging_mixin.py:149} INFO - [2023-06-13T22:59:51.379+0000] {dag.py:2726} INFO - Sync 1 DAGs
[2023-06-13T22:59:51.449+0000] {logging_mixin.py:149} INFO - [2023-06-13T22:59:51.448+0000] {dag.py:3490} INFO - Setting next_dagrun for example_branch_operator to 2023-06-12T00:00:00+00:00, run_after=2023-06-13T00:00:00+00:00
[2023-06-13T22:59:51.522+0000] {processor.py:179} INFO - Processing /home/airflow/.local/lib/python3.7/site-packages/airflow/example_dags/example_branch_operator.py took 0.240 seconds
[2023-06-13T23:00:22.003+0000] {processor.py:157} INFO - Started process (PID=3175) to work on /home/airflow/.local/lib/python3.7/site-packages/airflow/example_dags/example_branch_operator.py
[2023-06-13T23:00:22.006+0000] {processor.py:826} INFO - Processing file /home/airflow/.local/lib/python3.7/site-packages/airflow/example_dags/example_branch_operator.py for tasks to queue
[2023-06-13T23:00:22.008+0000] {logging_mixin.py:149} INFO - [2023-06-13T23:00:22.008+0000] {dagbag.py:541} INFO - Filling up the DagBag from /home/airflow/.local/lib/python3.7/site-packages/airflow/example_dags/example_branch_operator.py
[2023-06-13T23:00:22.031+0000] {processor.py:836} INFO - DAG(s) dict_keys(['example_branch_operator']) retrieved from /home/airflow/.local/lib/python3.7/site-packages/airflow/example_dags/example_branch_operator.py
[2023-06-13T23:00:22.099+0000] {logging_mixin.py:149} INFO - [2023-06-13T23:00:22.099+0000] {dag.py:2726} INFO - Sync 1 DAGs
[2023-06-13T23:00:22.152+0000] {logging_mixin.py:149} INFO - [2023-06-13T23:00:22.152+0000] {dag.py:3490} INFO - Setting next_dagrun for example_branch_operator to 2023-06-12T00:00:00+00:00, run_after=2023-06-13T00:00:00+00:00
[2023-06-13T23:00:22.208+0000] {processor.py:179} INFO - Processing /home/airflow/.local/lib/python3.7/site-packages/airflow/example_dags/example_branch_operator.py took 0.212 seconds
[2023-06-13T23:00:52.815+0000] {processor.py:157} INFO - Started process (PID=3415) to work on /home/airflow/.local/lib/python3.7/site-packages/airflow/example_dags/example_branch_operator.py
[2023-06-13T23:00:52.818+0000] {processor.py:826} INFO - Processing file /home/airflow/.local/lib/python3.7/site-packages/airflow/example_dags/example_branch_operator.py for tasks to queue
[2023-06-13T23:00:52.821+0000] {logging_mixin.py:149} INFO - [2023-06-13T23:00:52.821+0000] {dagbag.py:541} INFO - Filling up the DagBag from /home/airflow/.local/lib/python3.7/site-packages/airflow/example_dags/example_branch_operator.py
[2023-06-13T23:00:52.861+0000] {processor.py:836} INFO - DAG(s) dict_keys(['example_branch_operator']) retrieved from /home/airflow/.local/lib/python3.7/site-packages/airflow/example_dags/example_branch_operator.py
[2023-06-13T23:00:52.953+0000] {logging_mixin.py:149} INFO - [2023-06-13T23:00:52.953+0000] {dag.py:2726} INFO - Sync 1 DAGs
[2023-06-13T23:00:53.032+0000] {logging_mixin.py:149} INFO - [2023-06-13T23:00:53.031+0000] {dag.py:3490} INFO - Setting next_dagrun for example_branch_operator to 2023-06-12T00:00:00+00:00, run_after=2023-06-13T00:00:00+00:00
[2023-06-13T23:00:53.088+0000] {processor.py:179} INFO - Processing /home/airflow/.local/lib/python3.7/site-packages/airflow/example_dags/example_branch_operator.py took 0.282 seconds
[2023-06-13T23:01:23.638+0000] {processor.py:157} INFO - Started process (PID=3655) to work on /home/airflow/.local/lib/python3.7/site-packages/airflow/example_dags/example_branch_operator.py
[2023-06-13T23:01:23.642+0000] {processor.py:826} INFO - Processing file /home/airflow/.local/lib/python3.7/site-packages/airflow/example_dags/example_branch_operator.py for tasks to queue
[2023-06-13T23:01:23.644+0000] {logging_mixin.py:149} INFO - [2023-06-13T23:01:23.644+0000] {dagbag.py:541} INFO - Filling up the DagBag from /home/airflow/.local/lib/python3.7/site-packages/airflow/example_dags/example_branch_operator.py
[2023-06-13T23:01:23.661+0000] {processor.py:836} INFO - DAG(s) dict_keys(['example_branch_operator']) retrieved from /home/airflow/.local/lib/python3.7/site-packages/airflow/example_dags/example_branch_operator.py
[2023-06-13T23:01:23.726+0000] {logging_mixin.py:149} INFO - [2023-06-13T23:01:23.726+0000] {dag.py:2726} INFO - Sync 1 DAGs
[2023-06-13T23:01:23.792+0000] {logging_mixin.py:149} INFO - [2023-06-13T23:01:23.791+0000] {dag.py:3490} INFO - Setting next_dagrun for example_branch_operator to 2023-06-12T00:00:00+00:00, run_after=2023-06-13T00:00:00+00:00
[2023-06-13T23:01:23.856+0000] {processor.py:179} INFO - Processing /home/airflow/.local/lib/python3.7/site-packages/airflow/example_dags/example_branch_operator.py took 0.224 seconds
[2023-06-13T23:01:54.605+0000] {processor.py:157} INFO - Started process (PID=3895) to work on /home/airflow/.local/lib/python3.7/site-packages/airflow/example_dags/example_branch_operator.py
[2023-06-13T23:01:54.609+0000] {processor.py:826} INFO - Processing file /home/airflow/.local/lib/python3.7/site-packages/airflow/example_dags/example_branch_operator.py for tasks to queue
[2023-06-13T23:01:54.610+0000] {logging_mixin.py:149} INFO - [2023-06-13T23:01:54.610+0000] {dagbag.py:541} INFO - Filling up the DagBag from /home/airflow/.local/lib/python3.7/site-packages/airflow/example_dags/example_branch_operator.py
[2023-06-13T23:01:54.629+0000] {processor.py:836} INFO - DAG(s) dict_keys(['example_branch_operator']) retrieved from /home/airflow/.local/lib/python3.7/site-packages/airflow/example_dags/example_branch_operator.py
[2023-06-13T23:01:54.704+0000] {logging_mixin.py:149} INFO - [2023-06-13T23:01:54.703+0000] {dag.py:2726} INFO - Sync 1 DAGs
[2023-06-13T23:01:54.774+0000] {logging_mixin.py:149} INFO - [2023-06-13T23:01:54.773+0000] {dag.py:3490} INFO - Setting next_dagrun for example_branch_operator to 2023-06-12T00:00:00+00:00, run_after=2023-06-13T00:00:00+00:00
[2023-06-13T23:01:54.832+0000] {processor.py:179} INFO - Processing /home/airflow/.local/lib/python3.7/site-packages/airflow/example_dags/example_branch_operator.py took 0.234 seconds
[2023-06-13T23:02:25.686+0000] {processor.py:157} INFO - Started process (PID=4142) to work on /home/airflow/.local/lib/python3.7/site-packages/airflow/example_dags/example_branch_operator.py
[2023-06-13T23:02:25.688+0000] {processor.py:826} INFO - Processing file /home/airflow/.local/lib/python3.7/site-packages/airflow/example_dags/example_branch_operator.py for tasks to queue
[2023-06-13T23:02:25.690+0000] {logging_mixin.py:149} INFO - [2023-06-13T23:02:25.690+0000] {dagbag.py:541} INFO - Filling up the DagBag from /home/airflow/.local/lib/python3.7/site-packages/airflow/example_dags/example_branch_operator.py
[2023-06-13T23:02:25.709+0000] {processor.py:836} INFO - DAG(s) dict_keys(['example_branch_operator']) retrieved from /home/airflow/.local/lib/python3.7/site-packages/airflow/example_dags/example_branch_operator.py
[2023-06-13T23:02:25.767+0000] {logging_mixin.py:149} INFO - [2023-06-13T23:02:25.767+0000] {dag.py:2726} INFO - Sync 1 DAGs
[2023-06-13T23:02:25.823+0000] {logging_mixin.py:149} INFO - [2023-06-13T23:02:25.823+0000] {dag.py:3490} INFO - Setting next_dagrun for example_branch_operator to 2023-06-12T00:00:00+00:00, run_after=2023-06-13T00:00:00+00:00
[2023-06-13T23:02:25.886+0000] {processor.py:179} INFO - Processing /home/airflow/.local/lib/python3.7/site-packages/airflow/example_dags/example_branch_operator.py took 0.204 seconds
[2023-06-13T23:02:56.581+0000] {processor.py:157} INFO - Started process (PID=4382) to work on /home/airflow/.local/lib/python3.7/site-packages/airflow/example_dags/example_branch_operator.py
[2023-06-13T23:02:56.583+0000] {processor.py:826} INFO - Processing file /home/airflow/.local/lib/python3.7/site-packages/airflow/example_dags/example_branch_operator.py for tasks to queue
[2023-06-13T23:02:56.584+0000] {logging_mixin.py:149} INFO - [2023-06-13T23:02:56.584+0000] {dagbag.py:541} INFO - Filling up the DagBag from /home/airflow/.local/lib/python3.7/site-packages/airflow/example_dags/example_branch_operator.py
[2023-06-13T23:02:56.597+0000] {processor.py:836} INFO - DAG(s) dict_keys(['example_branch_operator']) retrieved from /home/airflow/.local/lib/python3.7/site-packages/airflow/example_dags/example_branch_operator.py
[2023-06-13T23:02:56.642+0000] {logging_mixin.py:149} INFO - [2023-06-13T23:02:56.642+0000] {dag.py:2726} INFO - Sync 1 DAGs
[2023-06-13T23:02:56.691+0000] {logging_mixin.py:149} INFO - [2023-06-13T23:02:56.690+0000] {dag.py:3490} INFO - Setting next_dagrun for example_branch_operator to 2023-06-12T00:00:00+00:00, run_after=2023-06-13T00:00:00+00:00
[2023-06-13T23:02:56.736+0000] {processor.py:179} INFO - Processing /home/airflow/.local/lib/python3.7/site-packages/airflow/example_dags/example_branch_operator.py took 0.160 seconds
[2023-06-13T23:03:26.989+0000] {processor.py:157} INFO - Started process (PID=4622) to work on /home/airflow/.local/lib/python3.7/site-packages/airflow/example_dags/example_branch_operator.py
[2023-06-13T23:03:26.990+0000] {processor.py:826} INFO - Processing file /home/airflow/.local/lib/python3.7/site-packages/airflow/example_dags/example_branch_operator.py for tasks to queue
[2023-06-13T23:03:26.991+0000] {logging_mixin.py:149} INFO - [2023-06-13T23:03:26.991+0000] {dagbag.py:541} INFO - Filling up the DagBag from /home/airflow/.local/lib/python3.7/site-packages/airflow/example_dags/example_branch_operator.py
[2023-06-13T23:03:27.005+0000] {processor.py:836} INFO - DAG(s) dict_keys(['example_branch_operator']) retrieved from /home/airflow/.local/lib/python3.7/site-packages/airflow/example_dags/example_branch_operator.py
[2023-06-13T23:03:27.052+0000] {logging_mixin.py:149} INFO - [2023-06-13T23:03:27.052+0000] {dag.py:2726} INFO - Sync 1 DAGs
[2023-06-13T23:03:27.089+0000] {logging_mixin.py:149} INFO - [2023-06-13T23:03:27.089+0000] {dag.py:3490} INFO - Setting next_dagrun for example_branch_operator to 2023-06-12T00:00:00+00:00, run_after=2023-06-13T00:00:00+00:00
[2023-06-13T23:03:27.124+0000] {processor.py:179} INFO - Processing /home/airflow/.local/lib/python3.7/site-packages/airflow/example_dags/example_branch_operator.py took 0.139 seconds
[2023-06-13T23:03:57.602+0000] {processor.py:157} INFO - Started process (PID=4861) to work on /home/airflow/.local/lib/python3.7/site-packages/airflow/example_dags/example_branch_operator.py
[2023-06-13T23:03:57.607+0000] {processor.py:826} INFO - Processing file /home/airflow/.local/lib/python3.7/site-packages/airflow/example_dags/example_branch_operator.py for tasks to queue
[2023-06-13T23:03:57.608+0000] {logging_mixin.py:149} INFO - [2023-06-13T23:03:57.608+0000] {dagbag.py:541} INFO - Filling up the DagBag from /home/airflow/.local/lib/python3.7/site-packages/airflow/example_dags/example_branch_operator.py
[2023-06-13T23:03:57.624+0000] {processor.py:836} INFO - DAG(s) dict_keys(['example_branch_operator']) retrieved from /home/airflow/.local/lib/python3.7/site-packages/airflow/example_dags/example_branch_operator.py
[2023-06-13T23:03:57.672+0000] {logging_mixin.py:149} INFO - [2023-06-13T23:03:57.672+0000] {dag.py:2726} INFO - Sync 1 DAGs
[2023-06-13T23:03:57.706+0000] {logging_mixin.py:149} INFO - [2023-06-13T23:03:57.706+0000] {dag.py:3490} INFO - Setting next_dagrun for example_branch_operator to 2023-06-12T00:00:00+00:00, run_after=2023-06-13T00:00:00+00:00
[2023-06-13T23:03:57.749+0000] {processor.py:179} INFO - Processing /home/airflow/.local/lib/python3.7/site-packages/airflow/example_dags/example_branch_operator.py took 0.150 seconds
[2023-06-13T23:04:28.664+0000] {processor.py:157} INFO - Started process (PID=5102) to work on /home/airflow/.local/lib/python3.7/site-packages/airflow/example_dags/example_branch_operator.py
[2023-06-13T23:04:28.666+0000] {processor.py:826} INFO - Processing file /home/airflow/.local/lib/python3.7/site-packages/airflow/example_dags/example_branch_operator.py for tasks to queue
[2023-06-13T23:04:28.667+0000] {logging_mixin.py:149} INFO - [2023-06-13T23:04:28.667+0000] {dagbag.py:541} INFO - Filling up the DagBag from /home/airflow/.local/lib/python3.7/site-packages/airflow/example_dags/example_branch_operator.py
[2023-06-13T23:04:28.681+0000] {processor.py:836} INFO - DAG(s) dict_keys(['example_branch_operator']) retrieved from /home/airflow/.local/lib/python3.7/site-packages/airflow/example_dags/example_branch_operator.py
[2023-06-13T23:04:28.730+0000] {logging_mixin.py:149} INFO - [2023-06-13T23:04:28.730+0000] {dag.py:2726} INFO - Sync 1 DAGs
[2023-06-13T23:04:28.783+0000] {logging_mixin.py:149} INFO - [2023-06-13T23:04:28.783+0000] {dag.py:3490} INFO - Setting next_dagrun for example_branch_operator to 2023-06-12T00:00:00+00:00, run_after=2023-06-13T00:00:00+00:00
[2023-06-13T23:04:28.833+0000] {processor.py:179} INFO - Processing /home/airflow/.local/lib/python3.7/site-packages/airflow/example_dags/example_branch_operator.py took 0.173 seconds
[2023-06-13T23:04:59.545+0000] {processor.py:157} INFO - Started process (PID=5342) to work on /home/airflow/.local/lib/python3.7/site-packages/airflow/example_dags/example_branch_operator.py
[2023-06-13T23:04:59.548+0000] {processor.py:826} INFO - Processing file /home/airflow/.local/lib/python3.7/site-packages/airflow/example_dags/example_branch_operator.py for tasks to queue
[2023-06-13T23:04:59.549+0000] {logging_mixin.py:149} INFO - [2023-06-13T23:04:59.549+0000] {dagbag.py:541} INFO - Filling up the DagBag from /home/airflow/.local/lib/python3.7/site-packages/airflow/example_dags/example_branch_operator.py
[2023-06-13T23:04:59.564+0000] {processor.py:836} INFO - DAG(s) dict_keys(['example_branch_operator']) retrieved from /home/airflow/.local/lib/python3.7/site-packages/airflow/example_dags/example_branch_operator.py
[2023-06-13T23:04:59.623+0000] {logging_mixin.py:149} INFO - [2023-06-13T23:04:59.623+0000] {dag.py:2726} INFO - Sync 1 DAGs
[2023-06-13T23:04:59.674+0000] {logging_mixin.py:149} INFO - [2023-06-13T23:04:59.673+0000] {dag.py:3490} INFO - Setting next_dagrun for example_branch_operator to 2023-06-12T00:00:00+00:00, run_after=2023-06-13T00:00:00+00:00
[2023-06-13T23:04:59.739+0000] {processor.py:179} INFO - Processing /home/airflow/.local/lib/python3.7/site-packages/airflow/example_dags/example_branch_operator.py took 0.198 seconds
[2023-06-13T23:05:30.349+0000] {processor.py:157} INFO - Started process (PID=5582) to work on /home/airflow/.local/lib/python3.7/site-packages/airflow/example_dags/example_branch_operator.py
[2023-06-13T23:05:30.351+0000] {processor.py:826} INFO - Processing file /home/airflow/.local/lib/python3.7/site-packages/airflow/example_dags/example_branch_operator.py for tasks to queue
[2023-06-13T23:05:30.354+0000] {logging_mixin.py:149} INFO - [2023-06-13T23:05:30.353+0000] {dagbag.py:541} INFO - Filling up the DagBag from /home/airflow/.local/lib/python3.7/site-packages/airflow/example_dags/example_branch_operator.py
[2023-06-13T23:05:30.372+0000] {processor.py:836} INFO - DAG(s) dict_keys(['example_branch_operator']) retrieved from /home/airflow/.local/lib/python3.7/site-packages/airflow/example_dags/example_branch_operator.py
[2023-06-13T23:05:30.433+0000] {logging_mixin.py:149} INFO - [2023-06-13T23:05:30.432+0000] {dag.py:2726} INFO - Sync 1 DAGs
[2023-06-13T23:05:30.492+0000] {logging_mixin.py:149} INFO - [2023-06-13T23:05:30.492+0000] {dag.py:3490} INFO - Setting next_dagrun for example_branch_operator to 2023-06-12T00:00:00+00:00, run_after=2023-06-13T00:00:00+00:00
[2023-06-13T23:05:30.546+0000] {processor.py:179} INFO - Processing /home/airflow/.local/lib/python3.7/site-packages/airflow/example_dags/example_branch_operator.py took 0.203 seconds
[2023-06-13T23:06:01.103+0000] {processor.py:157} INFO - Started process (PID=5822) to work on /home/airflow/.local/lib/python3.7/site-packages/airflow/example_dags/example_branch_operator.py
[2023-06-13T23:06:01.105+0000] {processor.py:826} INFO - Processing file /home/airflow/.local/lib/python3.7/site-packages/airflow/example_dags/example_branch_operator.py for tasks to queue
[2023-06-13T23:06:01.108+0000] {logging_mixin.py:149} INFO - [2023-06-13T23:06:01.107+0000] {dagbag.py:541} INFO - Filling up the DagBag from /home/airflow/.local/lib/python3.7/site-packages/airflow/example_dags/example_branch_operator.py
[2023-06-13T23:06:01.124+0000] {processor.py:836} INFO - DAG(s) dict_keys(['example_branch_operator']) retrieved from /home/airflow/.local/lib/python3.7/site-packages/airflow/example_dags/example_branch_operator.py
[2023-06-13T23:06:01.175+0000] {logging_mixin.py:149} INFO - [2023-06-13T23:06:01.174+0000] {dag.py:2726} INFO - Sync 1 DAGs
[2023-06-13T23:06:01.220+0000] {logging_mixin.py:149} INFO - [2023-06-13T23:06:01.220+0000] {dag.py:3490} INFO - Setting next_dagrun for example_branch_operator to 2023-06-12T00:00:00+00:00, run_after=2023-06-13T00:00:00+00:00
[2023-06-13T23:06:01.280+0000] {processor.py:179} INFO - Processing /home/airflow/.local/lib/python3.7/site-packages/airflow/example_dags/example_branch_operator.py took 0.182 seconds
[2023-06-13T23:06:31.488+0000] {processor.py:157} INFO - Started process (PID=6062) to work on /home/airflow/.local/lib/python3.7/site-packages/airflow/example_dags/example_branch_operator.py
[2023-06-13T23:06:31.493+0000] {processor.py:826} INFO - Processing file /home/airflow/.local/lib/python3.7/site-packages/airflow/example_dags/example_branch_operator.py for tasks to queue
[2023-06-13T23:06:31.495+0000] {logging_mixin.py:149} INFO - [2023-06-13T23:06:31.494+0000] {dagbag.py:541} INFO - Filling up the DagBag from /home/airflow/.local/lib/python3.7/site-packages/airflow/example_dags/example_branch_operator.py
[2023-06-13T23:06:31.511+0000] {processor.py:836} INFO - DAG(s) dict_keys(['example_branch_operator']) retrieved from /home/airflow/.local/lib/python3.7/site-packages/airflow/example_dags/example_branch_operator.py
[2023-06-13T23:06:31.587+0000] {logging_mixin.py:149} INFO - [2023-06-13T23:06:31.587+0000] {dag.py:2726} INFO - Sync 1 DAGs
[2023-06-13T23:06:31.634+0000] {logging_mixin.py:149} INFO - [2023-06-13T23:06:31.633+0000] {dag.py:3490} INFO - Setting next_dagrun for example_branch_operator to 2023-06-12T00:00:00+00:00, run_after=2023-06-13T00:00:00+00:00
[2023-06-13T23:06:31.700+0000] {processor.py:179} INFO - Processing /home/airflow/.local/lib/python3.7/site-packages/airflow/example_dags/example_branch_operator.py took 0.217 seconds
[2023-06-13T23:07:02.086+0000] {processor.py:157} INFO - Started process (PID=6301) to work on /home/airflow/.local/lib/python3.7/site-packages/airflow/example_dags/example_branch_operator.py
[2023-06-13T23:07:02.088+0000] {processor.py:826} INFO - Processing file /home/airflow/.local/lib/python3.7/site-packages/airflow/example_dags/example_branch_operator.py for tasks to queue
[2023-06-13T23:07:02.088+0000] {logging_mixin.py:149} INFO - [2023-06-13T23:07:02.088+0000] {dagbag.py:541} INFO - Filling up the DagBag from /home/airflow/.local/lib/python3.7/site-packages/airflow/example_dags/example_branch_operator.py
[2023-06-13T23:07:02.101+0000] {processor.py:836} INFO - DAG(s) dict_keys(['example_branch_operator']) retrieved from /home/airflow/.local/lib/python3.7/site-packages/airflow/example_dags/example_branch_operator.py
[2023-06-13T23:07:02.153+0000] {logging_mixin.py:149} INFO - [2023-06-13T23:07:02.152+0000] {dag.py:2726} INFO - Sync 1 DAGs
[2023-06-13T23:07:02.198+0000] {logging_mixin.py:149} INFO - [2023-06-13T23:07:02.197+0000] {dag.py:3490} INFO - Setting next_dagrun for example_branch_operator to 2023-06-12T00:00:00+00:00, run_after=2023-06-13T00:00:00+00:00
[2023-06-13T23:07:02.253+0000] {processor.py:179} INFO - Processing /home/airflow/.local/lib/python3.7/site-packages/airflow/example_dags/example_branch_operator.py took 0.170 seconds
[2023-06-13T23:07:32.565+0000] {processor.py:157} INFO - Started process (PID=6540) to work on /home/airflow/.local/lib/python3.7/site-packages/airflow/example_dags/example_branch_operator.py
[2023-06-13T23:07:32.567+0000] {processor.py:826} INFO - Processing file /home/airflow/.local/lib/python3.7/site-packages/airflow/example_dags/example_branch_operator.py for tasks to queue
[2023-06-13T23:07:32.568+0000] {logging_mixin.py:149} INFO - [2023-06-13T23:07:32.568+0000] {dagbag.py:541} INFO - Filling up the DagBag from /home/airflow/.local/lib/python3.7/site-packages/airflow/example_dags/example_branch_operator.py
[2023-06-13T23:07:32.583+0000] {processor.py:836} INFO - DAG(s) dict_keys(['example_branch_operator']) retrieved from /home/airflow/.local/lib/python3.7/site-packages/airflow/example_dags/example_branch_operator.py
[2023-06-13T23:07:32.633+0000] {logging_mixin.py:149} INFO - [2023-06-13T23:07:32.633+0000] {dag.py:2726} INFO - Sync 1 DAGs
[2023-06-13T23:07:32.684+0000] {logging_mixin.py:149} INFO - [2023-06-13T23:07:32.684+0000] {dag.py:3490} INFO - Setting next_dagrun for example_branch_operator to 2023-06-12T00:00:00+00:00, run_after=2023-06-13T00:00:00+00:00
[2023-06-13T23:07:32.738+0000] {processor.py:179} INFO - Processing /home/airflow/.local/lib/python3.7/site-packages/airflow/example_dags/example_branch_operator.py took 0.177 seconds
[2023-06-13T23:08:02.917+0000] {processor.py:157} INFO - Started process (PID=6779) to work on /home/airflow/.local/lib/python3.7/site-packages/airflow/example_dags/example_branch_operator.py
[2023-06-13T23:08:02.919+0000] {processor.py:826} INFO - Processing file /home/airflow/.local/lib/python3.7/site-packages/airflow/example_dags/example_branch_operator.py for tasks to queue
[2023-06-13T23:08:02.920+0000] {logging_mixin.py:149} INFO - [2023-06-13T23:08:02.919+0000] {dagbag.py:541} INFO - Filling up the DagBag from /home/airflow/.local/lib/python3.7/site-packages/airflow/example_dags/example_branch_operator.py
[2023-06-13T23:08:02.936+0000] {processor.py:836} INFO - DAG(s) dict_keys(['example_branch_operator']) retrieved from /home/airflow/.local/lib/python3.7/site-packages/airflow/example_dags/example_branch_operator.py
[2023-06-13T23:08:02.998+0000] {logging_mixin.py:149} INFO - [2023-06-13T23:08:02.998+0000] {dag.py:2726} INFO - Sync 1 DAGs
[2023-06-13T23:08:03.039+0000] {logging_mixin.py:149} INFO - [2023-06-13T23:08:03.039+0000] {dag.py:3490} INFO - Setting next_dagrun for example_branch_operator to 2023-06-12T00:00:00+00:00, run_after=2023-06-13T00:00:00+00:00
[2023-06-13T23:08:03.087+0000] {processor.py:179} INFO - Processing /home/airflow/.local/lib/python3.7/site-packages/airflow/example_dags/example_branch_operator.py took 0.175 seconds
[2023-06-13T23:08:33.258+0000] {processor.py:157} INFO - Started process (PID=7018) to work on /home/airflow/.local/lib/python3.7/site-packages/airflow/example_dags/example_branch_operator.py
[2023-06-13T23:08:33.260+0000] {processor.py:826} INFO - Processing file /home/airflow/.local/lib/python3.7/site-packages/airflow/example_dags/example_branch_operator.py for tasks to queue
[2023-06-13T23:08:33.262+0000] {logging_mixin.py:149} INFO - [2023-06-13T23:08:33.261+0000] {dagbag.py:541} INFO - Filling up the DagBag from /home/airflow/.local/lib/python3.7/site-packages/airflow/example_dags/example_branch_operator.py
[2023-06-13T23:08:33.276+0000] {processor.py:836} INFO - DAG(s) dict_keys(['example_branch_operator']) retrieved from /home/airflow/.local/lib/python3.7/site-packages/airflow/example_dags/example_branch_operator.py
[2023-06-13T23:08:33.350+0000] {logging_mixin.py:149} INFO - [2023-06-13T23:08:33.349+0000] {dag.py:2726} INFO - Sync 1 DAGs
[2023-06-13T23:08:33.397+0000] {logging_mixin.py:149} INFO - [2023-06-13T23:08:33.397+0000] {dag.py:3490} INFO - Setting next_dagrun for example_branch_operator to 2023-06-12T00:00:00+00:00, run_after=2023-06-13T00:00:00+00:00
[2023-06-13T23:08:33.445+0000] {processor.py:179} INFO - Processing /home/airflow/.local/lib/python3.7/site-packages/airflow/example_dags/example_branch_operator.py took 0.191 seconds
[2023-06-13T23:09:04.313+0000] {processor.py:157} INFO - Started process (PID=7258) to work on /home/airflow/.local/lib/python3.7/site-packages/airflow/example_dags/example_branch_operator.py
[2023-06-13T23:09:04.315+0000] {processor.py:826} INFO - Processing file /home/airflow/.local/lib/python3.7/site-packages/airflow/example_dags/example_branch_operator.py for tasks to queue
[2023-06-13T23:09:04.317+0000] {logging_mixin.py:149} INFO - [2023-06-13T23:09:04.316+0000] {dagbag.py:541} INFO - Filling up the DagBag from /home/airflow/.local/lib/python3.7/site-packages/airflow/example_dags/example_branch_operator.py
[2023-06-13T23:09:04.333+0000] {processor.py:836} INFO - DAG(s) dict_keys(['example_branch_operator']) retrieved from /home/airflow/.local/lib/python3.7/site-packages/airflow/example_dags/example_branch_operator.py
[2023-06-13T23:09:04.385+0000] {logging_mixin.py:149} INFO - [2023-06-13T23:09:04.385+0000] {dag.py:2726} INFO - Sync 1 DAGs
[2023-06-13T23:09:04.437+0000] {logging_mixin.py:149} INFO - [2023-06-13T23:09:04.436+0000] {dag.py:3490} INFO - Setting next_dagrun for example_branch_operator to 2023-06-12T00:00:00+00:00, run_after=2023-06-13T00:00:00+00:00
[2023-06-13T23:09:04.484+0000] {processor.py:179} INFO - Processing /home/airflow/.local/lib/python3.7/site-packages/airflow/example_dags/example_branch_operator.py took 0.177 seconds
[2023-06-13T23:09:35.005+0000] {processor.py:157} INFO - Started process (PID=7498) to work on /home/airflow/.local/lib/python3.7/site-packages/airflow/example_dags/example_branch_operator.py
[2023-06-13T23:09:35.007+0000] {processor.py:826} INFO - Processing file /home/airflow/.local/lib/python3.7/site-packages/airflow/example_dags/example_branch_operator.py for tasks to queue
[2023-06-13T23:09:35.008+0000] {logging_mixin.py:149} INFO - [2023-06-13T23:09:35.008+0000] {dagbag.py:541} INFO - Filling up the DagBag from /home/airflow/.local/lib/python3.7/site-packages/airflow/example_dags/example_branch_operator.py
[2023-06-13T23:09:35.025+0000] {processor.py:836} INFO - DAG(s) dict_keys(['example_branch_operator']) retrieved from /home/airflow/.local/lib/python3.7/site-packages/airflow/example_dags/example_branch_operator.py
[2023-06-13T23:09:35.071+0000] {logging_mixin.py:149} INFO - [2023-06-13T23:09:35.071+0000] {dag.py:2726} INFO - Sync 1 DAGs
[2023-06-13T23:09:35.130+0000] {logging_mixin.py:149} INFO - [2023-06-13T23:09:35.129+0000] {dag.py:3490} INFO - Setting next_dagrun for example_branch_operator to 2023-06-12T00:00:00+00:00, run_after=2023-06-13T00:00:00+00:00
[2023-06-13T23:09:35.174+0000] {processor.py:179} INFO - Processing /home/airflow/.local/lib/python3.7/site-packages/airflow/example_dags/example_branch_operator.py took 0.173 seconds
[2023-06-13T23:10:05.393+0000] {processor.py:157} INFO - Started process (PID=7735) to work on /home/airflow/.local/lib/python3.7/site-packages/airflow/example_dags/example_branch_operator.py
[2023-06-13T23:10:05.396+0000] {processor.py:826} INFO - Processing file /home/airflow/.local/lib/python3.7/site-packages/airflow/example_dags/example_branch_operator.py for tasks to queue
[2023-06-13T23:10:05.398+0000] {logging_mixin.py:149} INFO - [2023-06-13T23:10:05.398+0000] {dagbag.py:541} INFO - Filling up the DagBag from /home/airflow/.local/lib/python3.7/site-packages/airflow/example_dags/example_branch_operator.py
[2023-06-13T23:10:05.415+0000] {processor.py:836} INFO - DAG(s) dict_keys(['example_branch_operator']) retrieved from /home/airflow/.local/lib/python3.7/site-packages/airflow/example_dags/example_branch_operator.py
[2023-06-13T23:10:05.465+0000] {logging_mixin.py:149} INFO - [2023-06-13T23:10:05.464+0000] {dag.py:2726} INFO - Sync 1 DAGs
[2023-06-13T23:10:05.514+0000] {logging_mixin.py:149} INFO - [2023-06-13T23:10:05.513+0000] {dag.py:3490} INFO - Setting next_dagrun for example_branch_operator to 2023-06-12T00:00:00+00:00, run_after=2023-06-13T00:00:00+00:00
[2023-06-13T23:10:05.569+0000] {processor.py:179} INFO - Processing /home/airflow/.local/lib/python3.7/site-packages/airflow/example_dags/example_branch_operator.py took 0.180 seconds
[2023-06-13T23:10:36.159+0000] {processor.py:157} INFO - Started process (PID=7975) to work on /home/airflow/.local/lib/python3.7/site-packages/airflow/example_dags/example_branch_operator.py
[2023-06-13T23:10:36.161+0000] {processor.py:826} INFO - Processing file /home/airflow/.local/lib/python3.7/site-packages/airflow/example_dags/example_branch_operator.py for tasks to queue
[2023-06-13T23:10:36.162+0000] {logging_mixin.py:149} INFO - [2023-06-13T23:10:36.162+0000] {dagbag.py:541} INFO - Filling up the DagBag from /home/airflow/.local/lib/python3.7/site-packages/airflow/example_dags/example_branch_operator.py
[2023-06-13T23:10:36.180+0000] {processor.py:836} INFO - DAG(s) dict_keys(['example_branch_operator']) retrieved from /home/airflow/.local/lib/python3.7/site-packages/airflow/example_dags/example_branch_operator.py
[2023-06-13T23:10:36.238+0000] {logging_mixin.py:149} INFO - [2023-06-13T23:10:36.238+0000] {dag.py:2726} INFO - Sync 1 DAGs
[2023-06-13T23:10:36.290+0000] {logging_mixin.py:149} INFO - [2023-06-13T23:10:36.290+0000] {dag.py:3490} INFO - Setting next_dagrun for example_branch_operator to 2023-06-12T00:00:00+00:00, run_after=2023-06-13T00:00:00+00:00
[2023-06-13T23:10:36.348+0000] {processor.py:179} INFO - Processing /home/airflow/.local/lib/python3.7/site-packages/airflow/example_dags/example_branch_operator.py took 0.195 seconds
[2023-06-13T23:11:06.838+0000] {processor.py:157} INFO - Started process (PID=8215) to work on /home/airflow/.local/lib/python3.7/site-packages/airflow/example_dags/example_branch_operator.py
[2023-06-13T23:11:06.841+0000] {processor.py:826} INFO - Processing file /home/airflow/.local/lib/python3.7/site-packages/airflow/example_dags/example_branch_operator.py for tasks to queue
[2023-06-13T23:11:06.842+0000] {logging_mixin.py:149} INFO - [2023-06-13T23:11:06.842+0000] {dagbag.py:541} INFO - Filling up the DagBag from /home/airflow/.local/lib/python3.7/site-packages/airflow/example_dags/example_branch_operator.py
[2023-06-13T23:11:06.859+0000] {processor.py:836} INFO - DAG(s) dict_keys(['example_branch_operator']) retrieved from /home/airflow/.local/lib/python3.7/site-packages/airflow/example_dags/example_branch_operator.py
[2023-06-13T23:11:06.929+0000] {logging_mixin.py:149} INFO - [2023-06-13T23:11:06.928+0000] {dag.py:2726} INFO - Sync 1 DAGs
[2023-06-13T23:11:06.981+0000] {logging_mixin.py:149} INFO - [2023-06-13T23:11:06.980+0000] {dag.py:3490} INFO - Setting next_dagrun for example_branch_operator to 2023-06-12T00:00:00+00:00, run_after=2023-06-13T00:00:00+00:00
[2023-06-13T23:11:07.033+0000] {processor.py:179} INFO - Processing /home/airflow/.local/lib/python3.7/site-packages/airflow/example_dags/example_branch_operator.py took 0.199 seconds
[2023-06-13T23:11:37.101+0000] {processor.py:157} INFO - Started process (PID=8455) to work on /home/airflow/.local/lib/python3.7/site-packages/airflow/example_dags/example_branch_operator.py
[2023-06-13T23:11:37.103+0000] {processor.py:826} INFO - Processing file /home/airflow/.local/lib/python3.7/site-packages/airflow/example_dags/example_branch_operator.py for tasks to queue
[2023-06-13T23:11:37.104+0000] {logging_mixin.py:149} INFO - [2023-06-13T23:11:37.104+0000] {dagbag.py:541} INFO - Filling up the DagBag from /home/airflow/.local/lib/python3.7/site-packages/airflow/example_dags/example_branch_operator.py
[2023-06-13T23:11:37.117+0000] {processor.py:836} INFO - DAG(s) dict_keys(['example_branch_operator']) retrieved from /home/airflow/.local/lib/python3.7/site-packages/airflow/example_dags/example_branch_operator.py
[2023-06-13T23:11:37.163+0000] {logging_mixin.py:149} INFO - [2023-06-13T23:11:37.163+0000] {dag.py:2726} INFO - Sync 1 DAGs
[2023-06-13T23:11:37.208+0000] {logging_mixin.py:149} INFO - [2023-06-13T23:11:37.208+0000] {dag.py:3490} INFO - Setting next_dagrun for example_branch_operator to 2023-06-12T00:00:00+00:00, run_after=2023-06-13T00:00:00+00:00
[2023-06-13T23:11:37.263+0000] {processor.py:179} INFO - Processing /home/airflow/.local/lib/python3.7/site-packages/airflow/example_dags/example_branch_operator.py took 0.167 seconds
[2023-06-13T23:12:07.648+0000] {processor.py:157} INFO - Started process (PID=8695) to work on /home/airflow/.local/lib/python3.7/site-packages/airflow/example_dags/example_branch_operator.py
[2023-06-13T23:12:07.650+0000] {processor.py:826} INFO - Processing file /home/airflow/.local/lib/python3.7/site-packages/airflow/example_dags/example_branch_operator.py for tasks to queue
[2023-06-13T23:12:07.651+0000] {logging_mixin.py:149} INFO - [2023-06-13T23:12:07.651+0000] {dagbag.py:541} INFO - Filling up the DagBag from /home/airflow/.local/lib/python3.7/site-packages/airflow/example_dags/example_branch_operator.py
[2023-06-13T23:12:07.665+0000] {processor.py:836} INFO - DAG(s) dict_keys(['example_branch_operator']) retrieved from /home/airflow/.local/lib/python3.7/site-packages/airflow/example_dags/example_branch_operator.py
[2023-06-13T23:12:07.716+0000] {logging_mixin.py:149} INFO - [2023-06-13T23:12:07.716+0000] {dag.py:2726} INFO - Sync 1 DAGs
[2023-06-13T23:12:07.764+0000] {logging_mixin.py:149} INFO - [2023-06-13T23:12:07.764+0000] {dag.py:3490} INFO - Setting next_dagrun for example_branch_operator to 2023-06-12T00:00:00+00:00, run_after=2023-06-13T00:00:00+00:00
[2023-06-13T23:12:07.814+0000] {processor.py:179} INFO - Processing /home/airflow/.local/lib/python3.7/site-packages/airflow/example_dags/example_branch_operator.py took 0.171 seconds
[2023-06-13T23:12:38.315+0000] {processor.py:157} INFO - Started process (PID=8935) to work on /home/airflow/.local/lib/python3.7/site-packages/airflow/example_dags/example_branch_operator.py
[2023-06-13T23:12:38.316+0000] {processor.py:826} INFO - Processing file /home/airflow/.local/lib/python3.7/site-packages/airflow/example_dags/example_branch_operator.py for tasks to queue
[2023-06-13T23:12:38.317+0000] {logging_mixin.py:149} INFO - [2023-06-13T23:12:38.317+0000] {dagbag.py:541} INFO - Filling up the DagBag from /home/airflow/.local/lib/python3.7/site-packages/airflow/example_dags/example_branch_operator.py
[2023-06-13T23:12:38.331+0000] {processor.py:836} INFO - DAG(s) dict_keys(['example_branch_operator']) retrieved from /home/airflow/.local/lib/python3.7/site-packages/airflow/example_dags/example_branch_operator.py
[2023-06-13T23:12:38.388+0000] {logging_mixin.py:149} INFO - [2023-06-13T23:12:38.388+0000] {dag.py:2726} INFO - Sync 1 DAGs
[2023-06-13T23:12:38.445+0000] {logging_mixin.py:149} INFO - [2023-06-13T23:12:38.445+0000] {dag.py:3490} INFO - Setting next_dagrun for example_branch_operator to 2023-06-12T00:00:00+00:00, run_after=2023-06-13T00:00:00+00:00
[2023-06-13T23:12:38.495+0000] {processor.py:179} INFO - Processing /home/airflow/.local/lib/python3.7/site-packages/airflow/example_dags/example_branch_operator.py took 0.185 seconds
[2023-06-13T23:13:08.745+0000] {processor.py:157} INFO - Started process (PID=9174) to work on /home/airflow/.local/lib/python3.7/site-packages/airflow/example_dags/example_branch_operator.py
[2023-06-13T23:13:08.746+0000] {processor.py:826} INFO - Processing file /home/airflow/.local/lib/python3.7/site-packages/airflow/example_dags/example_branch_operator.py for tasks to queue
[2023-06-13T23:13:08.748+0000] {logging_mixin.py:149} INFO - [2023-06-13T23:13:08.747+0000] {dagbag.py:541} INFO - Filling up the DagBag from /home/airflow/.local/lib/python3.7/site-packages/airflow/example_dags/example_branch_operator.py
[2023-06-13T23:13:08.766+0000] {processor.py:836} INFO - DAG(s) dict_keys(['example_branch_operator']) retrieved from /home/airflow/.local/lib/python3.7/site-packages/airflow/example_dags/example_branch_operator.py
[2023-06-13T23:13:08.822+0000] {logging_mixin.py:149} INFO - [2023-06-13T23:13:08.822+0000] {dag.py:2726} INFO - Sync 1 DAGs
[2023-06-13T23:13:08.871+0000] {logging_mixin.py:149} INFO - [2023-06-13T23:13:08.871+0000] {dag.py:3490} INFO - Setting next_dagrun for example_branch_operator to 2023-06-12T00:00:00+00:00, run_after=2023-06-13T00:00:00+00:00
[2023-06-13T23:13:08.929+0000] {processor.py:179} INFO - Processing /home/airflow/.local/lib/python3.7/site-packages/airflow/example_dags/example_branch_operator.py took 0.189 seconds
[2023-06-13T23:13:39.599+0000] {processor.py:157} INFO - Started process (PID=9414) to work on /home/airflow/.local/lib/python3.7/site-packages/airflow/example_dags/example_branch_operator.py
[2023-06-13T23:13:39.602+0000] {processor.py:826} INFO - Processing file /home/airflow/.local/lib/python3.7/site-packages/airflow/example_dags/example_branch_operator.py for tasks to queue
[2023-06-13T23:13:39.603+0000] {logging_mixin.py:149} INFO - [2023-06-13T23:13:39.603+0000] {dagbag.py:541} INFO - Filling up the DagBag from /home/airflow/.local/lib/python3.7/site-packages/airflow/example_dags/example_branch_operator.py
[2023-06-13T23:13:39.615+0000] {processor.py:836} INFO - DAG(s) dict_keys(['example_branch_operator']) retrieved from /home/airflow/.local/lib/python3.7/site-packages/airflow/example_dags/example_branch_operator.py
[2023-06-13T23:13:39.665+0000] {logging_mixin.py:149} INFO - [2023-06-13T23:13:39.665+0000] {dag.py:2726} INFO - Sync 1 DAGs
[2023-06-13T23:13:39.715+0000] {logging_mixin.py:149} INFO - [2023-06-13T23:13:39.715+0000] {dag.py:3490} INFO - Setting next_dagrun for example_branch_operator to 2023-06-12T00:00:00+00:00, run_after=2023-06-13T00:00:00+00:00
[2023-06-13T23:13:39.766+0000] {processor.py:179} INFO - Processing /home/airflow/.local/lib/python3.7/site-packages/airflow/example_dags/example_branch_operator.py took 0.173 seconds
[2023-06-13T23:14:10.218+0000] {processor.py:157} INFO - Started process (PID=9654) to work on /home/airflow/.local/lib/python3.7/site-packages/airflow/example_dags/example_branch_operator.py
[2023-06-13T23:14:10.225+0000] {processor.py:826} INFO - Processing file /home/airflow/.local/lib/python3.7/site-packages/airflow/example_dags/example_branch_operator.py for tasks to queue
[2023-06-13T23:14:10.227+0000] {logging_mixin.py:149} INFO - [2023-06-13T23:14:10.227+0000] {dagbag.py:541} INFO - Filling up the DagBag from /home/airflow/.local/lib/python3.7/site-packages/airflow/example_dags/example_branch_operator.py
[2023-06-13T23:14:10.244+0000] {processor.py:836} INFO - DAG(s) dict_keys(['example_branch_operator']) retrieved from /home/airflow/.local/lib/python3.7/site-packages/airflow/example_dags/example_branch_operator.py
[2023-06-13T23:14:10.311+0000] {logging_mixin.py:149} INFO - [2023-06-13T23:14:10.310+0000] {dag.py:2726} INFO - Sync 1 DAGs
[2023-06-13T23:14:10.374+0000] {logging_mixin.py:149} INFO - [2023-06-13T23:14:10.374+0000] {dag.py:3490} INFO - Setting next_dagrun for example_branch_operator to 2023-06-12T00:00:00+00:00, run_after=2023-06-13T00:00:00+00:00
[2023-06-13T23:14:10.425+0000] {processor.py:179} INFO - Processing /home/airflow/.local/lib/python3.7/site-packages/airflow/example_dags/example_branch_operator.py took 0.213 seconds
[2023-06-13T23:14:40.819+0000] {processor.py:157} INFO - Started process (PID=9893) to work on /home/airflow/.local/lib/python3.7/site-packages/airflow/example_dags/example_branch_operator.py
[2023-06-13T23:14:40.821+0000] {processor.py:826} INFO - Processing file /home/airflow/.local/lib/python3.7/site-packages/airflow/example_dags/example_branch_operator.py for tasks to queue
[2023-06-13T23:14:40.822+0000] {logging_mixin.py:149} INFO - [2023-06-13T23:14:40.822+0000] {dagbag.py:541} INFO - Filling up the DagBag from /home/airflow/.local/lib/python3.7/site-packages/airflow/example_dags/example_branch_operator.py
[2023-06-13T23:14:40.838+0000] {processor.py:836} INFO - DAG(s) dict_keys(['example_branch_operator']) retrieved from /home/airflow/.local/lib/python3.7/site-packages/airflow/example_dags/example_branch_operator.py
[2023-06-13T23:14:40.888+0000] {logging_mixin.py:149} INFO - [2023-06-13T23:14:40.888+0000] {dag.py:2726} INFO - Sync 1 DAGs
[2023-06-13T23:14:40.946+0000] {logging_mixin.py:149} INFO - [2023-06-13T23:14:40.945+0000] {dag.py:3490} INFO - Setting next_dagrun for example_branch_operator to 2023-06-12T00:00:00+00:00, run_after=2023-06-13T00:00:00+00:00
[2023-06-13T23:14:40.995+0000] {processor.py:179} INFO - Processing /home/airflow/.local/lib/python3.7/site-packages/airflow/example_dags/example_branch_operator.py took 0.181 seconds
[2023-06-13T23:15:11.643+0000] {processor.py:157} INFO - Started process (PID=10132) to work on /home/airflow/.local/lib/python3.7/site-packages/airflow/example_dags/example_branch_operator.py
[2023-06-13T23:15:11.645+0000] {processor.py:826} INFO - Processing file /home/airflow/.local/lib/python3.7/site-packages/airflow/example_dags/example_branch_operator.py for tasks to queue
[2023-06-13T23:15:11.646+0000] {logging_mixin.py:149} INFO - [2023-06-13T23:15:11.646+0000] {dagbag.py:541} INFO - Filling up the DagBag from /home/airflow/.local/lib/python3.7/site-packages/airflow/example_dags/example_branch_operator.py
[2023-06-13T23:15:11.666+0000] {processor.py:836} INFO - DAG(s) dict_keys(['example_branch_operator']) retrieved from /home/airflow/.local/lib/python3.7/site-packages/airflow/example_dags/example_branch_operator.py
[2023-06-13T23:15:11.710+0000] {logging_mixin.py:149} INFO - [2023-06-13T23:15:11.710+0000] {dag.py:2726} INFO - Sync 1 DAGs
[2023-06-13T23:15:11.758+0000] {logging_mixin.py:149} INFO - [2023-06-13T23:15:11.758+0000] {dag.py:3490} INFO - Setting next_dagrun for example_branch_operator to 2023-06-12T00:00:00+00:00, run_after=2023-06-13T00:00:00+00:00
[2023-06-13T23:15:11.812+0000] {processor.py:179} INFO - Processing /home/airflow/.local/lib/python3.7/site-packages/airflow/example_dags/example_branch_operator.py took 0.174 seconds
[2023-06-13T23:15:42.420+0000] {processor.py:157} INFO - Started process (PID=10372) to work on /home/airflow/.local/lib/python3.7/site-packages/airflow/example_dags/example_branch_operator.py
[2023-06-13T23:15:42.422+0000] {processor.py:826} INFO - Processing file /home/airflow/.local/lib/python3.7/site-packages/airflow/example_dags/example_branch_operator.py for tasks to queue
[2023-06-13T23:15:42.424+0000] {logging_mixin.py:149} INFO - [2023-06-13T23:15:42.424+0000] {dagbag.py:541} INFO - Filling up the DagBag from /home/airflow/.local/lib/python3.7/site-packages/airflow/example_dags/example_branch_operator.py
[2023-06-13T23:15:42.437+0000] {processor.py:836} INFO - DAG(s) dict_keys(['example_branch_operator']) retrieved from /home/airflow/.local/lib/python3.7/site-packages/airflow/example_dags/example_branch_operator.py
[2023-06-13T23:15:42.491+0000] {logging_mixin.py:149} INFO - [2023-06-13T23:15:42.490+0000] {dag.py:2726} INFO - Sync 1 DAGs
[2023-06-13T23:15:42.548+0000] {logging_mixin.py:149} INFO - [2023-06-13T23:15:42.547+0000] {dag.py:3490} INFO - Setting next_dagrun for example_branch_operator to 2023-06-12T00:00:00+00:00, run_after=2023-06-13T00:00:00+00:00
[2023-06-13T23:15:42.599+0000] {processor.py:179} INFO - Processing /home/airflow/.local/lib/python3.7/site-packages/airflow/example_dags/example_branch_operator.py took 0.185 seconds
[2023-06-13T23:16:12.878+0000] {processor.py:157} INFO - Started process (PID=10612) to work on /home/airflow/.local/lib/python3.7/site-packages/airflow/example_dags/example_branch_operator.py
[2023-06-13T23:16:12.880+0000] {processor.py:826} INFO - Processing file /home/airflow/.local/lib/python3.7/site-packages/airflow/example_dags/example_branch_operator.py for tasks to queue
[2023-06-13T23:16:12.881+0000] {logging_mixin.py:149} INFO - [2023-06-13T23:16:12.881+0000] {dagbag.py:541} INFO - Filling up the DagBag from /home/airflow/.local/lib/python3.7/site-packages/airflow/example_dags/example_branch_operator.py
[2023-06-13T23:16:12.895+0000] {processor.py:836} INFO - DAG(s) dict_keys(['example_branch_operator']) retrieved from /home/airflow/.local/lib/python3.7/site-packages/airflow/example_dags/example_branch_operator.py
[2023-06-13T23:16:12.961+0000] {logging_mixin.py:149} INFO - [2023-06-13T23:16:12.960+0000] {dag.py:2726} INFO - Sync 1 DAGs
[2023-06-13T23:16:13.006+0000] {logging_mixin.py:149} INFO - [2023-06-13T23:16:13.006+0000] {dag.py:3490} INFO - Setting next_dagrun for example_branch_operator to 2023-06-12T00:00:00+00:00, run_after=2023-06-13T00:00:00+00:00
[2023-06-13T23:16:13.056+0000] {processor.py:179} INFO - Processing /home/airflow/.local/lib/python3.7/site-packages/airflow/example_dags/example_branch_operator.py took 0.184 seconds
[2023-06-13T23:16:43.227+0000] {processor.py:157} INFO - Started process (PID=10852) to work on /home/airflow/.local/lib/python3.7/site-packages/airflow/example_dags/example_branch_operator.py
[2023-06-13T23:16:43.232+0000] {processor.py:826} INFO - Processing file /home/airflow/.local/lib/python3.7/site-packages/airflow/example_dags/example_branch_operator.py for tasks to queue
[2023-06-13T23:16:43.233+0000] {logging_mixin.py:149} INFO - [2023-06-13T23:16:43.233+0000] {dagbag.py:541} INFO - Filling up the DagBag from /home/airflow/.local/lib/python3.7/site-packages/airflow/example_dags/example_branch_operator.py
[2023-06-13T23:16:43.250+0000] {processor.py:836} INFO - DAG(s) dict_keys(['example_branch_operator']) retrieved from /home/airflow/.local/lib/python3.7/site-packages/airflow/example_dags/example_branch_operator.py
[2023-06-13T23:16:43.310+0000] {logging_mixin.py:149} INFO - [2023-06-13T23:16:43.310+0000] {dag.py:2726} INFO - Sync 1 DAGs
[2023-06-13T23:16:43.365+0000] {logging_mixin.py:149} INFO - [2023-06-13T23:16:43.365+0000] {dag.py:3490} INFO - Setting next_dagrun for example_branch_operator to 2023-06-12T00:00:00+00:00, run_after=2023-06-13T00:00:00+00:00
[2023-06-13T23:16:43.414+0000] {processor.py:179} INFO - Processing /home/airflow/.local/lib/python3.7/site-packages/airflow/example_dags/example_branch_operator.py took 0.191 seconds
[2023-06-13T23:17:13.745+0000] {processor.py:157} INFO - Started process (PID=11093) to work on /home/airflow/.local/lib/python3.7/site-packages/airflow/example_dags/example_branch_operator.py
[2023-06-13T23:17:13.747+0000] {processor.py:826} INFO - Processing file /home/airflow/.local/lib/python3.7/site-packages/airflow/example_dags/example_branch_operator.py for tasks to queue
[2023-06-13T23:17:13.748+0000] {logging_mixin.py:149} INFO - [2023-06-13T23:17:13.748+0000] {dagbag.py:541} INFO - Filling up the DagBag from /home/airflow/.local/lib/python3.7/site-packages/airflow/example_dags/example_branch_operator.py
[2023-06-13T23:17:13.761+0000] {processor.py:836} INFO - DAG(s) dict_keys(['example_branch_operator']) retrieved from /home/airflow/.local/lib/python3.7/site-packages/airflow/example_dags/example_branch_operator.py
[2023-06-13T23:17:13.807+0000] {logging_mixin.py:149} INFO - [2023-06-13T23:17:13.807+0000] {dag.py:2726} INFO - Sync 1 DAGs
[2023-06-13T23:17:13.859+0000] {logging_mixin.py:149} INFO - [2023-06-13T23:17:13.859+0000] {dag.py:3490} INFO - Setting next_dagrun for example_branch_operator to 2023-06-12T00:00:00+00:00, run_after=2023-06-13T00:00:00+00:00
[2023-06-13T23:17:13.910+0000] {processor.py:179} INFO - Processing /home/airflow/.local/lib/python3.7/site-packages/airflow/example_dags/example_branch_operator.py took 0.170 seconds
[2023-06-13T23:17:44.440+0000] {processor.py:157} INFO - Started process (PID=11333) to work on /home/airflow/.local/lib/python3.7/site-packages/airflow/example_dags/example_branch_operator.py
[2023-06-13T23:17:44.442+0000] {processor.py:826} INFO - Processing file /home/airflow/.local/lib/python3.7/site-packages/airflow/example_dags/example_branch_operator.py for tasks to queue
[2023-06-13T23:17:44.444+0000] {logging_mixin.py:149} INFO - [2023-06-13T23:17:44.443+0000] {dagbag.py:541} INFO - Filling up the DagBag from /home/airflow/.local/lib/python3.7/site-packages/airflow/example_dags/example_branch_operator.py
[2023-06-13T23:17:44.462+0000] {processor.py:836} INFO - DAG(s) dict_keys(['example_branch_operator']) retrieved from /home/airflow/.local/lib/python3.7/site-packages/airflow/example_dags/example_branch_operator.py
[2023-06-13T23:17:44.526+0000] {logging_mixin.py:149} INFO - [2023-06-13T23:17:44.526+0000] {dag.py:2726} INFO - Sync 1 DAGs
[2023-06-13T23:17:44.584+0000] {logging_mixin.py:149} INFO - [2023-06-13T23:17:44.584+0000] {dag.py:3490} INFO - Setting next_dagrun for example_branch_operator to 2023-06-12T00:00:00+00:00, run_after=2023-06-13T00:00:00+00:00
[2023-06-13T23:17:44.642+0000] {processor.py:179} INFO - Processing /home/airflow/.local/lib/python3.7/site-packages/airflow/example_dags/example_branch_operator.py took 0.208 seconds
[2023-06-13T23:18:14.888+0000] {processor.py:157} INFO - Started process (PID=11571) to work on /home/airflow/.local/lib/python3.7/site-packages/airflow/example_dags/example_branch_operator.py
[2023-06-13T23:18:14.892+0000] {processor.py:826} INFO - Processing file /home/airflow/.local/lib/python3.7/site-packages/airflow/example_dags/example_branch_operator.py for tasks to queue
[2023-06-13T23:18:14.894+0000] {logging_mixin.py:149} INFO - [2023-06-13T23:18:14.894+0000] {dagbag.py:541} INFO - Filling up the DagBag from /home/airflow/.local/lib/python3.7/site-packages/airflow/example_dags/example_branch_operator.py
[2023-06-13T23:18:14.915+0000] {processor.py:836} INFO - DAG(s) dict_keys(['example_branch_operator']) retrieved from /home/airflow/.local/lib/python3.7/site-packages/airflow/example_dags/example_branch_operator.py
[2023-06-13T23:18:14.993+0000] {logging_mixin.py:149} INFO - [2023-06-13T23:18:14.993+0000] {dag.py:2726} INFO - Sync 1 DAGs
[2023-06-13T23:18:15.056+0000] {logging_mixin.py:149} INFO - [2023-06-13T23:18:15.056+0000] {dag.py:3490} INFO - Setting next_dagrun for example_branch_operator to 2023-06-12T00:00:00+00:00, run_after=2023-06-13T00:00:00+00:00
[2023-06-13T23:18:15.115+0000] {processor.py:179} INFO - Processing /home/airflow/.local/lib/python3.7/site-packages/airflow/example_dags/example_branch_operator.py took 0.234 seconds
[2023-06-13T23:18:45.300+0000] {processor.py:157} INFO - Started process (PID=11800) to work on /home/airflow/.local/lib/python3.7/site-packages/airflow/example_dags/example_branch_operator.py
[2023-06-13T23:18:45.303+0000] {processor.py:826} INFO - Processing file /home/airflow/.local/lib/python3.7/site-packages/airflow/example_dags/example_branch_operator.py for tasks to queue
[2023-06-13T23:18:45.305+0000] {logging_mixin.py:149} INFO - [2023-06-13T23:18:45.305+0000] {dagbag.py:541} INFO - Filling up the DagBag from /home/airflow/.local/lib/python3.7/site-packages/airflow/example_dags/example_branch_operator.py
[2023-06-13T23:18:45.325+0000] {processor.py:836} INFO - DAG(s) dict_keys(['example_branch_operator']) retrieved from /home/airflow/.local/lib/python3.7/site-packages/airflow/example_dags/example_branch_operator.py
[2023-06-13T23:18:45.406+0000] {logging_mixin.py:149} INFO - [2023-06-13T23:18:45.406+0000] {dag.py:2726} INFO - Sync 1 DAGs
[2023-06-13T23:18:45.461+0000] {logging_mixin.py:149} INFO - [2023-06-13T23:18:45.461+0000] {dag.py:3490} INFO - Setting next_dagrun for example_branch_operator to 2023-06-12T00:00:00+00:00, run_after=2023-06-13T00:00:00+00:00
[2023-06-13T23:18:45.517+0000] {processor.py:179} INFO - Processing /home/airflow/.local/lib/python3.7/site-packages/airflow/example_dags/example_branch_operator.py took 0.224 seconds
[2023-06-13T23:19:15.706+0000] {processor.py:157} INFO - Started process (PID=12040) to work on /home/airflow/.local/lib/python3.7/site-packages/airflow/example_dags/example_branch_operator.py
[2023-06-13T23:19:15.707+0000] {processor.py:826} INFO - Processing file /home/airflow/.local/lib/python3.7/site-packages/airflow/example_dags/example_branch_operator.py for tasks to queue
[2023-06-13T23:19:15.709+0000] {logging_mixin.py:149} INFO - [2023-06-13T23:19:15.709+0000] {dagbag.py:541} INFO - Filling up the DagBag from /home/airflow/.local/lib/python3.7/site-packages/airflow/example_dags/example_branch_operator.py
[2023-06-13T23:19:15.729+0000] {processor.py:836} INFO - DAG(s) dict_keys(['example_branch_operator']) retrieved from /home/airflow/.local/lib/python3.7/site-packages/airflow/example_dags/example_branch_operator.py
[2023-06-13T23:19:15.815+0000] {logging_mixin.py:149} INFO - [2023-06-13T23:19:15.814+0000] {dag.py:2726} INFO - Sync 1 DAGs
[2023-06-13T23:19:15.888+0000] {logging_mixin.py:149} INFO - [2023-06-13T23:19:15.887+0000] {dag.py:3490} INFO - Setting next_dagrun for example_branch_operator to 2023-06-12T00:00:00+00:00, run_after=2023-06-13T00:00:00+00:00
[2023-06-13T23:19:15.961+0000] {processor.py:179} INFO - Processing /home/airflow/.local/lib/python3.7/site-packages/airflow/example_dags/example_branch_operator.py took 0.263 seconds
[2023-06-13T23:19:46.695+0000] {processor.py:157} INFO - Started process (PID=12280) to work on /home/airflow/.local/lib/python3.7/site-packages/airflow/example_dags/example_branch_operator.py
[2023-06-13T23:19:46.697+0000] {processor.py:826} INFO - Processing file /home/airflow/.local/lib/python3.7/site-packages/airflow/example_dags/example_branch_operator.py for tasks to queue
[2023-06-13T23:19:46.699+0000] {logging_mixin.py:149} INFO - [2023-06-13T23:19:46.698+0000] {dagbag.py:541} INFO - Filling up the DagBag from /home/airflow/.local/lib/python3.7/site-packages/airflow/example_dags/example_branch_operator.py
[2023-06-13T23:19:46.719+0000] {processor.py:836} INFO - DAG(s) dict_keys(['example_branch_operator']) retrieved from /home/airflow/.local/lib/python3.7/site-packages/airflow/example_dags/example_branch_operator.py
[2023-06-13T23:19:46.785+0000] {logging_mixin.py:149} INFO - [2023-06-13T23:19:46.785+0000] {dag.py:2726} INFO - Sync 1 DAGs
[2023-06-13T23:19:46.860+0000] {logging_mixin.py:149} INFO - [2023-06-13T23:19:46.860+0000] {dag.py:3490} INFO - Setting next_dagrun for example_branch_operator to 2023-06-12T00:00:00+00:00, run_after=2023-06-13T00:00:00+00:00
[2023-06-13T23:19:46.934+0000] {processor.py:179} INFO - Processing /home/airflow/.local/lib/python3.7/site-packages/airflow/example_dags/example_branch_operator.py took 0.247 seconds
[2023-06-13T23:20:17.867+0000] {processor.py:157} INFO - Started process (PID=12520) to work on /home/airflow/.local/lib/python3.7/site-packages/airflow/example_dags/example_branch_operator.py
[2023-06-13T23:20:17.869+0000] {processor.py:826} INFO - Processing file /home/airflow/.local/lib/python3.7/site-packages/airflow/example_dags/example_branch_operator.py for tasks to queue
[2023-06-13T23:20:17.870+0000] {logging_mixin.py:149} INFO - [2023-06-13T23:20:17.870+0000] {dagbag.py:541} INFO - Filling up the DagBag from /home/airflow/.local/lib/python3.7/site-packages/airflow/example_dags/example_branch_operator.py
[2023-06-13T23:20:17.890+0000] {processor.py:836} INFO - DAG(s) dict_keys(['example_branch_operator']) retrieved from /home/airflow/.local/lib/python3.7/site-packages/airflow/example_dags/example_branch_operator.py
[2023-06-13T23:20:17.982+0000] {logging_mixin.py:149} INFO - [2023-06-13T23:20:17.981+0000] {dag.py:2726} INFO - Sync 1 DAGs
[2023-06-13T23:20:18.052+0000] {logging_mixin.py:149} INFO - [2023-06-13T23:20:18.052+0000] {dag.py:3490} INFO - Setting next_dagrun for example_branch_operator to 2023-06-12T00:00:00+00:00, run_after=2023-06-13T00:00:00+00:00
[2023-06-13T23:20:18.110+0000] {processor.py:179} INFO - Processing /home/airflow/.local/lib/python3.7/site-packages/airflow/example_dags/example_branch_operator.py took 0.253 seconds
[2023-06-13T23:20:48.739+0000] {processor.py:157} INFO - Started process (PID=12760) to work on /home/airflow/.local/lib/python3.7/site-packages/airflow/example_dags/example_branch_operator.py
[2023-06-13T23:20:48.743+0000] {processor.py:826} INFO - Processing file /home/airflow/.local/lib/python3.7/site-packages/airflow/example_dags/example_branch_operator.py for tasks to queue
[2023-06-13T23:20:48.744+0000] {logging_mixin.py:149} INFO - [2023-06-13T23:20:48.744+0000] {dagbag.py:541} INFO - Filling up the DagBag from /home/airflow/.local/lib/python3.7/site-packages/airflow/example_dags/example_branch_operator.py
[2023-06-13T23:20:48.772+0000] {processor.py:836} INFO - DAG(s) dict_keys(['example_branch_operator']) retrieved from /home/airflow/.local/lib/python3.7/site-packages/airflow/example_dags/example_branch_operator.py
[2023-06-13T23:20:48.850+0000] {logging_mixin.py:149} INFO - [2023-06-13T23:20:48.849+0000] {dag.py:2726} INFO - Sync 1 DAGs
[2023-06-13T23:20:48.927+0000] {logging_mixin.py:149} INFO - [2023-06-13T23:20:48.926+0000] {dag.py:3490} INFO - Setting next_dagrun for example_branch_operator to 2023-06-12T00:00:00+00:00, run_after=2023-06-13T00:00:00+00:00
[2023-06-13T23:20:49.010+0000] {processor.py:179} INFO - Processing /home/airflow/.local/lib/python3.7/site-packages/airflow/example_dags/example_branch_operator.py took 0.277 seconds
[2023-06-13T23:21:19.310+0000] {processor.py:157} INFO - Started process (PID=12999) to work on /home/airflow/.local/lib/python3.7/site-packages/airflow/example_dags/example_branch_operator.py
[2023-06-13T23:21:19.312+0000] {processor.py:826} INFO - Processing file /home/airflow/.local/lib/python3.7/site-packages/airflow/example_dags/example_branch_operator.py for tasks to queue
[2023-06-13T23:21:19.314+0000] {logging_mixin.py:149} INFO - [2023-06-13T23:21:19.314+0000] {dagbag.py:541} INFO - Filling up the DagBag from /home/airflow/.local/lib/python3.7/site-packages/airflow/example_dags/example_branch_operator.py
[2023-06-13T23:21:19.337+0000] {processor.py:836} INFO - DAG(s) dict_keys(['example_branch_operator']) retrieved from /home/airflow/.local/lib/python3.7/site-packages/airflow/example_dags/example_branch_operator.py
[2023-06-13T23:21:19.404+0000] {logging_mixin.py:149} INFO - [2023-06-13T23:21:19.404+0000] {dag.py:2726} INFO - Sync 1 DAGs
[2023-06-13T23:21:19.503+0000] {logging_mixin.py:149} INFO - [2023-06-13T23:21:19.503+0000] {dag.py:3490} INFO - Setting next_dagrun for example_branch_operator to 2023-06-12T00:00:00+00:00, run_after=2023-06-13T00:00:00+00:00
[2023-06-13T23:21:19.576+0000] {processor.py:179} INFO - Processing /home/airflow/.local/lib/python3.7/site-packages/airflow/example_dags/example_branch_operator.py took 0.272 seconds
[2023-06-13T23:21:49.837+0000] {processor.py:157} INFO - Started process (PID=13238) to work on /home/airflow/.local/lib/python3.7/site-packages/airflow/example_dags/example_branch_operator.py
[2023-06-13T23:21:49.838+0000] {processor.py:826} INFO - Processing file /home/airflow/.local/lib/python3.7/site-packages/airflow/example_dags/example_branch_operator.py for tasks to queue
[2023-06-13T23:21:49.840+0000] {logging_mixin.py:149} INFO - [2023-06-13T23:21:49.839+0000] {dagbag.py:541} INFO - Filling up the DagBag from /home/airflow/.local/lib/python3.7/site-packages/airflow/example_dags/example_branch_operator.py
[2023-06-13T23:21:49.855+0000] {processor.py:836} INFO - DAG(s) dict_keys(['example_branch_operator']) retrieved from /home/airflow/.local/lib/python3.7/site-packages/airflow/example_dags/example_branch_operator.py
[2023-06-13T23:21:49.937+0000] {logging_mixin.py:149} INFO - [2023-06-13T23:21:49.937+0000] {dag.py:2726} INFO - Sync 1 DAGs
[2023-06-13T23:21:50.031+0000] {logging_mixin.py:149} INFO - [2023-06-13T23:21:50.030+0000] {dag.py:3490} INFO - Setting next_dagrun for example_branch_operator to 2023-06-12T00:00:00+00:00, run_after=2023-06-13T00:00:00+00:00
[2023-06-13T23:21:50.119+0000] {processor.py:179} INFO - Processing /home/airflow/.local/lib/python3.7/site-packages/airflow/example_dags/example_branch_operator.py took 0.286 seconds
[2023-06-13T23:22:20.805+0000] {processor.py:157} INFO - Started process (PID=13478) to work on /home/airflow/.local/lib/python3.7/site-packages/airflow/example_dags/example_branch_operator.py
[2023-06-13T23:22:20.806+0000] {processor.py:826} INFO - Processing file /home/airflow/.local/lib/python3.7/site-packages/airflow/example_dags/example_branch_operator.py for tasks to queue
[2023-06-13T23:22:20.807+0000] {logging_mixin.py:149} INFO - [2023-06-13T23:22:20.807+0000] {dagbag.py:541} INFO - Filling up the DagBag from /home/airflow/.local/lib/python3.7/site-packages/airflow/example_dags/example_branch_operator.py
[2023-06-13T23:22:20.822+0000] {processor.py:836} INFO - DAG(s) dict_keys(['example_branch_operator']) retrieved from /home/airflow/.local/lib/python3.7/site-packages/airflow/example_dags/example_branch_operator.py
[2023-06-13T23:22:20.870+0000] {logging_mixin.py:149} INFO - [2023-06-13T23:22:20.870+0000] {dag.py:2726} INFO - Sync 1 DAGs
[2023-06-13T23:22:20.917+0000] {logging_mixin.py:149} INFO - [2023-06-13T23:22:20.917+0000] {dag.py:3490} INFO - Setting next_dagrun for example_branch_operator to 2023-06-12T00:00:00+00:00, run_after=2023-06-13T00:00:00+00:00
[2023-06-13T23:22:20.965+0000] {processor.py:179} INFO - Processing /home/airflow/.local/lib/python3.7/site-packages/airflow/example_dags/example_branch_operator.py took 0.165 seconds
[2023-06-13T23:22:53.072+0000] {processor.py:157} INFO - Started process (PID=13716) to work on /home/airflow/.local/lib/python3.7/site-packages/airflow/example_dags/example_branch_operator.py
[2023-06-13T23:22:53.079+0000] {processor.py:826} INFO - Processing file /home/airflow/.local/lib/python3.7/site-packages/airflow/example_dags/example_branch_operator.py for tasks to queue
[2023-06-13T23:22:53.082+0000] {logging_mixin.py:149} INFO - [2023-06-13T23:22:53.081+0000] {dagbag.py:541} INFO - Filling up the DagBag from /home/airflow/.local/lib/python3.7/site-packages/airflow/example_dags/example_branch_operator.py
[2023-06-13T23:22:53.110+0000] {processor.py:836} INFO - DAG(s) dict_keys(['example_branch_operator']) retrieved from /home/airflow/.local/lib/python3.7/site-packages/airflow/example_dags/example_branch_operator.py
[2023-06-13T23:22:53.242+0000] {logging_mixin.py:149} INFO - [2023-06-13T23:22:53.242+0000] {dag.py:2726} INFO - Sync 1 DAGs
[2023-06-13T23:22:53.324+0000] {logging_mixin.py:149} INFO - [2023-06-13T23:22:53.324+0000] {dag.py:3490} INFO - Setting next_dagrun for example_branch_operator to 2023-06-12T00:00:00+00:00, run_after=2023-06-13T00:00:00+00:00
[2023-06-13T23:22:53.394+0000] {processor.py:179} INFO - Processing /home/airflow/.local/lib/python3.7/site-packages/airflow/example_dags/example_branch_operator.py took 0.351 seconds
[2023-06-13T23:23:23.625+0000] {processor.py:157} INFO - Started process (PID=13956) to work on /home/airflow/.local/lib/python3.7/site-packages/airflow/example_dags/example_branch_operator.py
[2023-06-13T23:23:23.627+0000] {processor.py:826} INFO - Processing file /home/airflow/.local/lib/python3.7/site-packages/airflow/example_dags/example_branch_operator.py for tasks to queue
[2023-06-13T23:23:23.627+0000] {logging_mixin.py:149} INFO - [2023-06-13T23:23:23.627+0000] {dagbag.py:541} INFO - Filling up the DagBag from /home/airflow/.local/lib/python3.7/site-packages/airflow/example_dags/example_branch_operator.py
[2023-06-13T23:23:23.643+0000] {processor.py:836} INFO - DAG(s) dict_keys(['example_branch_operator']) retrieved from /home/airflow/.local/lib/python3.7/site-packages/airflow/example_dags/example_branch_operator.py
[2023-06-13T23:23:23.690+0000] {logging_mixin.py:149} INFO - [2023-06-13T23:23:23.689+0000] {dag.py:2726} INFO - Sync 1 DAGs
[2023-06-13T23:23:23.738+0000] {logging_mixin.py:149} INFO - [2023-06-13T23:23:23.738+0000] {dag.py:3490} INFO - Setting next_dagrun for example_branch_operator to 2023-06-12T00:00:00+00:00, run_after=2023-06-13T00:00:00+00:00
[2023-06-13T23:23:23.784+0000] {processor.py:179} INFO - Processing /home/airflow/.local/lib/python3.7/site-packages/airflow/example_dags/example_branch_operator.py took 0.166 seconds
[2023-06-13T23:23:53.971+0000] {processor.py:157} INFO - Started process (PID=14196) to work on /home/airflow/.local/lib/python3.7/site-packages/airflow/example_dags/example_branch_operator.py
[2023-06-13T23:23:53.972+0000] {processor.py:826} INFO - Processing file /home/airflow/.local/lib/python3.7/site-packages/airflow/example_dags/example_branch_operator.py for tasks to queue
[2023-06-13T23:23:53.973+0000] {logging_mixin.py:149} INFO - [2023-06-13T23:23:53.973+0000] {dagbag.py:541} INFO - Filling up the DagBag from /home/airflow/.local/lib/python3.7/site-packages/airflow/example_dags/example_branch_operator.py
[2023-06-13T23:23:53.989+0000] {processor.py:836} INFO - DAG(s) dict_keys(['example_branch_operator']) retrieved from /home/airflow/.local/lib/python3.7/site-packages/airflow/example_dags/example_branch_operator.py
[2023-06-13T23:23:54.111+0000] {logging_mixin.py:149} INFO - [2023-06-13T23:23:54.111+0000] {dag.py:2726} INFO - Sync 1 DAGs
[2023-06-13T23:23:54.168+0000] {logging_mixin.py:149} INFO - [2023-06-13T23:23:54.168+0000] {dag.py:3490} INFO - Setting next_dagrun for example_branch_operator to 2023-06-12T00:00:00+00:00, run_after=2023-06-13T00:00:00+00:00
[2023-06-13T23:23:54.266+0000] {processor.py:179} INFO - Processing /home/airflow/.local/lib/python3.7/site-packages/airflow/example_dags/example_branch_operator.py took 0.300 seconds
[2023-06-13T23:24:24.360+0000] {processor.py:157} INFO - Started process (PID=14436) to work on /home/airflow/.local/lib/python3.7/site-packages/airflow/example_dags/example_branch_operator.py
[2023-06-13T23:24:24.362+0000] {processor.py:826} INFO - Processing file /home/airflow/.local/lib/python3.7/site-packages/airflow/example_dags/example_branch_operator.py for tasks to queue
[2023-06-13T23:24:24.363+0000] {logging_mixin.py:149} INFO - [2023-06-13T23:24:24.363+0000] {dagbag.py:541} INFO - Filling up the DagBag from /home/airflow/.local/lib/python3.7/site-packages/airflow/example_dags/example_branch_operator.py
[2023-06-13T23:24:24.379+0000] {processor.py:836} INFO - DAG(s) dict_keys(['example_branch_operator']) retrieved from /home/airflow/.local/lib/python3.7/site-packages/airflow/example_dags/example_branch_operator.py
[2023-06-13T23:24:24.442+0000] {logging_mixin.py:149} INFO - [2023-06-13T23:24:24.442+0000] {dag.py:2726} INFO - Sync 1 DAGs
[2023-06-13T23:24:24.496+0000] {logging_mixin.py:149} INFO - [2023-06-13T23:24:24.495+0000] {dag.py:3490} INFO - Setting next_dagrun for example_branch_operator to 2023-06-12T00:00:00+00:00, run_after=2023-06-13T00:00:00+00:00
[2023-06-13T23:24:24.552+0000] {processor.py:179} INFO - Processing /home/airflow/.local/lib/python3.7/site-packages/airflow/example_dags/example_branch_operator.py took 0.197 seconds
[2023-06-13T23:24:54.810+0000] {processor.py:157} INFO - Started process (PID=14676) to work on /home/airflow/.local/lib/python3.7/site-packages/airflow/example_dags/example_branch_operator.py
[2023-06-13T23:24:54.812+0000] {processor.py:826} INFO - Processing file /home/airflow/.local/lib/python3.7/site-packages/airflow/example_dags/example_branch_operator.py for tasks to queue
[2023-06-13T23:24:54.813+0000] {logging_mixin.py:149} INFO - [2023-06-13T23:24:54.813+0000] {dagbag.py:541} INFO - Filling up the DagBag from /home/airflow/.local/lib/python3.7/site-packages/airflow/example_dags/example_branch_operator.py
[2023-06-13T23:24:54.830+0000] {processor.py:836} INFO - DAG(s) dict_keys(['example_branch_operator']) retrieved from /home/airflow/.local/lib/python3.7/site-packages/airflow/example_dags/example_branch_operator.py
[2023-06-13T23:24:54.894+0000] {logging_mixin.py:149} INFO - [2023-06-13T23:24:54.893+0000] {dag.py:2726} INFO - Sync 1 DAGs
[2023-06-13T23:24:54.951+0000] {logging_mixin.py:149} INFO - [2023-06-13T23:24:54.951+0000] {dag.py:3490} INFO - Setting next_dagrun for example_branch_operator to 2023-06-12T00:00:00+00:00, run_after=2023-06-13T00:00:00+00:00
[2023-06-13T23:24:55.023+0000] {processor.py:179} INFO - Processing /home/airflow/.local/lib/python3.7/site-packages/airflow/example_dags/example_branch_operator.py took 0.217 seconds
[2023-06-13T23:25:25.231+0000] {processor.py:157} INFO - Started process (PID=14916) to work on /home/airflow/.local/lib/python3.7/site-packages/airflow/example_dags/example_branch_operator.py
[2023-06-13T23:25:25.233+0000] {processor.py:826} INFO - Processing file /home/airflow/.local/lib/python3.7/site-packages/airflow/example_dags/example_branch_operator.py for tasks to queue
[2023-06-13T23:25:25.234+0000] {logging_mixin.py:149} INFO - [2023-06-13T23:25:25.234+0000] {dagbag.py:541} INFO - Filling up the DagBag from /home/airflow/.local/lib/python3.7/site-packages/airflow/example_dags/example_branch_operator.py
[2023-06-13T23:25:25.255+0000] {processor.py:836} INFO - DAG(s) dict_keys(['example_branch_operator']) retrieved from /home/airflow/.local/lib/python3.7/site-packages/airflow/example_dags/example_branch_operator.py
[2023-06-13T23:25:25.314+0000] {logging_mixin.py:149} INFO - [2023-06-13T23:25:25.313+0000] {dag.py:2726} INFO - Sync 1 DAGs
[2023-06-13T23:25:25.370+0000] {logging_mixin.py:149} INFO - [2023-06-13T23:25:25.369+0000] {dag.py:3490} INFO - Setting next_dagrun for example_branch_operator to 2023-06-12T00:00:00+00:00, run_after=2023-06-13T00:00:00+00:00
[2023-06-13T23:25:25.428+0000] {processor.py:179} INFO - Processing /home/airflow/.local/lib/python3.7/site-packages/airflow/example_dags/example_branch_operator.py took 0.203 seconds
[2023-06-13T23:25:56.645+0000] {processor.py:157} INFO - Started process (PID=15219) to work on /home/airflow/.local/lib/python3.7/site-packages/airflow/example_dags/example_branch_operator.py
[2023-06-13T23:25:56.650+0000] {processor.py:826} INFO - Processing file /home/airflow/.local/lib/python3.7/site-packages/airflow/example_dags/example_branch_operator.py for tasks to queue
[2023-06-13T23:25:56.651+0000] {logging_mixin.py:149} INFO - [2023-06-13T23:25:56.650+0000] {dagbag.py:541} INFO - Filling up the DagBag from /home/airflow/.local/lib/python3.7/site-packages/airflow/example_dags/example_branch_operator.py
[2023-06-13T23:25:56.681+0000] {processor.py:836} INFO - DAG(s) dict_keys(['example_branch_operator']) retrieved from /home/airflow/.local/lib/python3.7/site-packages/airflow/example_dags/example_branch_operator.py
[2023-06-13T23:25:56.745+0000] {logging_mixin.py:149} INFO - [2023-06-13T23:25:56.745+0000] {dag.py:2726} INFO - Sync 1 DAGs
[2023-06-13T23:25:56.814+0000] {logging_mixin.py:149} INFO - [2023-06-13T23:25:56.813+0000] {dag.py:3490} INFO - Setting next_dagrun for example_branch_operator to 2023-06-12T00:00:00+00:00, run_after=2023-06-13T00:00:00+00:00
[2023-06-13T23:25:56.890+0000] {processor.py:179} INFO - Processing /home/airflow/.local/lib/python3.7/site-packages/airflow/example_dags/example_branch_operator.py took 0.250 seconds
