[2023-06-13T22:54:10.178+0000] {processor.py:157} INFO - Started process (PID=258) to work on /home/airflow/.local/lib/python3.7/site-packages/airflow/example_dags/example_kubernetes_executor.py
[2023-06-13T22:54:10.180+0000] {processor.py:826} INFO - Processing file /home/airflow/.local/lib/python3.7/site-packages/airflow/example_dags/example_kubernetes_executor.py for tasks to queue
[2023-06-13T22:54:10.181+0000] {logging_mixin.py:149} INFO - [2023-06-13T22:54:10.181+0000] {dagbag.py:541} INFO - Filling up the DagBag from /home/airflow/.local/lib/python3.7/site-packages/airflow/example_dags/example_kubernetes_executor.py
[2023-06-13T22:54:10.936+0000] {processor.py:836} INFO - DAG(s) dict_keys(['example_kubernetes_executor']) retrieved from /home/airflow/.local/lib/python3.7/site-packages/airflow/example_dags/example_kubernetes_executor.py
[2023-06-13T22:54:11.057+0000] {logging_mixin.py:149} INFO - [2023-06-13T22:54:11.057+0000] {dag.py:2726} INFO - Sync 1 DAGs
[2023-06-13T22:54:11.103+0000] {logging_mixin.py:149} INFO - [2023-06-13T22:54:11.103+0000] {dag.py:3490} INFO - Setting next_dagrun for example_kubernetes_executor to None, run_after=None
[2023-06-13T22:54:11.151+0000] {processor.py:179} INFO - Processing /home/airflow/.local/lib/python3.7/site-packages/airflow/example_dags/example_kubernetes_executor.py took 0.982 seconds
[2023-06-13T22:54:42.016+0000] {processor.py:157} INFO - Started process (PID=498) to work on /home/airflow/.local/lib/python3.7/site-packages/airflow/example_dags/example_kubernetes_executor.py
[2023-06-13T22:54:42.022+0000] {processor.py:826} INFO - Processing file /home/airflow/.local/lib/python3.7/site-packages/airflow/example_dags/example_kubernetes_executor.py for tasks to queue
[2023-06-13T22:54:42.023+0000] {logging_mixin.py:149} INFO - [2023-06-13T22:54:42.023+0000] {dagbag.py:541} INFO - Filling up the DagBag from /home/airflow/.local/lib/python3.7/site-packages/airflow/example_dags/example_kubernetes_executor.py
[2023-06-13T22:54:42.783+0000] {processor.py:836} INFO - DAG(s) dict_keys(['example_kubernetes_executor']) retrieved from /home/airflow/.local/lib/python3.7/site-packages/airflow/example_dags/example_kubernetes_executor.py
[2023-06-13T22:54:42.845+0000] {logging_mixin.py:149} INFO - [2023-06-13T22:54:42.845+0000] {dag.py:2726} INFO - Sync 1 DAGs
[2023-06-13T22:54:42.894+0000] {logging_mixin.py:149} INFO - [2023-06-13T22:54:42.894+0000] {dag.py:3490} INFO - Setting next_dagrun for example_kubernetes_executor to None, run_after=None
[2023-06-13T22:54:42.937+0000] {processor.py:179} INFO - Processing /home/airflow/.local/lib/python3.7/site-packages/airflow/example_dags/example_kubernetes_executor.py took 0.928 seconds
[2023-06-13T22:55:14.155+0000] {processor.py:157} INFO - Started process (PID=745) to work on /home/airflow/.local/lib/python3.7/site-packages/airflow/example_dags/example_kubernetes_executor.py
[2023-06-13T22:55:14.158+0000] {processor.py:826} INFO - Processing file /home/airflow/.local/lib/python3.7/site-packages/airflow/example_dags/example_kubernetes_executor.py for tasks to queue
[2023-06-13T22:55:14.160+0000] {logging_mixin.py:149} INFO - [2023-06-13T22:55:14.160+0000] {dagbag.py:541} INFO - Filling up the DagBag from /home/airflow/.local/lib/python3.7/site-packages/airflow/example_dags/example_kubernetes_executor.py
[2023-06-13T22:55:14.617+0000] {processor.py:836} INFO - DAG(s) dict_keys(['example_kubernetes_executor']) retrieved from /home/airflow/.local/lib/python3.7/site-packages/airflow/example_dags/example_kubernetes_executor.py
[2023-06-13T22:55:14.701+0000] {logging_mixin.py:149} INFO - [2023-06-13T22:55:14.700+0000] {dag.py:2726} INFO - Sync 1 DAGs
[2023-06-13T22:55:14.757+0000] {logging_mixin.py:149} INFO - [2023-06-13T22:55:14.756+0000] {dag.py:3490} INFO - Setting next_dagrun for example_kubernetes_executor to None, run_after=None
[2023-06-13T22:55:14.844+0000] {processor.py:179} INFO - Processing /home/airflow/.local/lib/python3.7/site-packages/airflow/example_dags/example_kubernetes_executor.py took 0.697 seconds
[2023-06-13T22:55:45.355+0000] {processor.py:157} INFO - Started process (PID=996) to work on /home/airflow/.local/lib/python3.7/site-packages/airflow/example_dags/example_kubernetes_executor.py
[2023-06-13T22:55:45.358+0000] {processor.py:826} INFO - Processing file /home/airflow/.local/lib/python3.7/site-packages/airflow/example_dags/example_kubernetes_executor.py for tasks to queue
[2023-06-13T22:55:45.361+0000] {logging_mixin.py:149} INFO - [2023-06-13T22:55:45.360+0000] {dagbag.py:541} INFO - Filling up the DagBag from /home/airflow/.local/lib/python3.7/site-packages/airflow/example_dags/example_kubernetes_executor.py
[2023-06-13T22:55:45.841+0000] {processor.py:836} INFO - DAG(s) dict_keys(['example_kubernetes_executor']) retrieved from /home/airflow/.local/lib/python3.7/site-packages/airflow/example_dags/example_kubernetes_executor.py
[2023-06-13T22:55:45.933+0000] {logging_mixin.py:149} INFO - [2023-06-13T22:55:45.932+0000] {dag.py:2726} INFO - Sync 1 DAGs
[2023-06-13T22:55:45.997+0000] {logging_mixin.py:149} INFO - [2023-06-13T22:55:45.997+0000] {dag.py:3490} INFO - Setting next_dagrun for example_kubernetes_executor to None, run_after=None
[2023-06-13T22:55:46.070+0000] {processor.py:179} INFO - Processing /home/airflow/.local/lib/python3.7/site-packages/airflow/example_dags/example_kubernetes_executor.py took 0.720 seconds
[2023-06-13T22:56:16.339+0000] {processor.py:157} INFO - Started process (PID=1246) to work on /home/airflow/.local/lib/python3.7/site-packages/airflow/example_dags/example_kubernetes_executor.py
[2023-06-13T22:56:16.342+0000] {processor.py:826} INFO - Processing file /home/airflow/.local/lib/python3.7/site-packages/airflow/example_dags/example_kubernetes_executor.py for tasks to queue
[2023-06-13T22:56:16.343+0000] {logging_mixin.py:149} INFO - [2023-06-13T22:56:16.343+0000] {dagbag.py:541} INFO - Filling up the DagBag from /home/airflow/.local/lib/python3.7/site-packages/airflow/example_dags/example_kubernetes_executor.py
[2023-06-13T22:56:16.833+0000] {processor.py:836} INFO - DAG(s) dict_keys(['example_kubernetes_executor']) retrieved from /home/airflow/.local/lib/python3.7/site-packages/airflow/example_dags/example_kubernetes_executor.py
[2023-06-13T22:56:16.904+0000] {logging_mixin.py:149} INFO - [2023-06-13T22:56:16.903+0000] {dag.py:2726} INFO - Sync 1 DAGs
[2023-06-13T22:56:16.958+0000] {logging_mixin.py:149} INFO - [2023-06-13T22:56:16.957+0000] {dag.py:3490} INFO - Setting next_dagrun for example_kubernetes_executor to None, run_after=None
[2023-06-13T22:56:17.003+0000] {processor.py:179} INFO - Processing /home/airflow/.local/lib/python3.7/site-packages/airflow/example_dags/example_kubernetes_executor.py took 0.671 seconds
[2023-06-13T22:56:47.398+0000] {processor.py:157} INFO - Started process (PID=1486) to work on /home/airflow/.local/lib/python3.7/site-packages/airflow/example_dags/example_kubernetes_executor.py
[2023-06-13T22:56:47.401+0000] {processor.py:826} INFO - Processing file /home/airflow/.local/lib/python3.7/site-packages/airflow/example_dags/example_kubernetes_executor.py for tasks to queue
[2023-06-13T22:56:47.402+0000] {logging_mixin.py:149} INFO - [2023-06-13T22:56:47.402+0000] {dagbag.py:541} INFO - Filling up the DagBag from /home/airflow/.local/lib/python3.7/site-packages/airflow/example_dags/example_kubernetes_executor.py
[2023-06-13T22:56:47.734+0000] {processor.py:836} INFO - DAG(s) dict_keys(['example_kubernetes_executor']) retrieved from /home/airflow/.local/lib/python3.7/site-packages/airflow/example_dags/example_kubernetes_executor.py
[2023-06-13T22:56:47.826+0000] {logging_mixin.py:149} INFO - [2023-06-13T22:56:47.826+0000] {dag.py:2726} INFO - Sync 1 DAGs
[2023-06-13T22:56:47.873+0000] {logging_mixin.py:149} INFO - [2023-06-13T22:56:47.873+0000] {dag.py:3490} INFO - Setting next_dagrun for example_kubernetes_executor to None, run_after=None
[2023-06-13T22:56:47.937+0000] {processor.py:179} INFO - Processing /home/airflow/.local/lib/python3.7/site-packages/airflow/example_dags/example_kubernetes_executor.py took 0.544 seconds
[2023-06-13T22:57:18.045+0000] {processor.py:157} INFO - Started process (PID=1730) to work on /home/airflow/.local/lib/python3.7/site-packages/airflow/example_dags/example_kubernetes_executor.py
[2023-06-13T22:57:18.047+0000] {processor.py:826} INFO - Processing file /home/airflow/.local/lib/python3.7/site-packages/airflow/example_dags/example_kubernetes_executor.py for tasks to queue
[2023-06-13T22:57:18.049+0000] {logging_mixin.py:149} INFO - [2023-06-13T22:57:18.048+0000] {dagbag.py:541} INFO - Filling up the DagBag from /home/airflow/.local/lib/python3.7/site-packages/airflow/example_dags/example_kubernetes_executor.py
[2023-06-13T22:57:18.530+0000] {processor.py:836} INFO - DAG(s) dict_keys(['example_kubernetes_executor']) retrieved from /home/airflow/.local/lib/python3.7/site-packages/airflow/example_dags/example_kubernetes_executor.py
[2023-06-13T22:57:18.640+0000] {logging_mixin.py:149} INFO - [2023-06-13T22:57:18.640+0000] {dag.py:2726} INFO - Sync 1 DAGs
[2023-06-13T22:57:18.695+0000] {logging_mixin.py:149} INFO - [2023-06-13T22:57:18.695+0000] {dag.py:3490} INFO - Setting next_dagrun for example_kubernetes_executor to None, run_after=None
[2023-06-13T22:57:18.762+0000] {processor.py:179} INFO - Processing /home/airflow/.local/lib/python3.7/site-packages/airflow/example_dags/example_kubernetes_executor.py took 0.720 seconds
[2023-06-13T22:57:48.937+0000] {processor.py:157} INFO - Started process (PID=1980) to work on /home/airflow/.local/lib/python3.7/site-packages/airflow/example_dags/example_kubernetes_executor.py
[2023-06-13T22:57:48.939+0000] {processor.py:826} INFO - Processing file /home/airflow/.local/lib/python3.7/site-packages/airflow/example_dags/example_kubernetes_executor.py for tasks to queue
[2023-06-13T22:57:48.941+0000] {logging_mixin.py:149} INFO - [2023-06-13T22:57:48.941+0000] {dagbag.py:541} INFO - Filling up the DagBag from /home/airflow/.local/lib/python3.7/site-packages/airflow/example_dags/example_kubernetes_executor.py
[2023-06-13T22:57:49.338+0000] {processor.py:836} INFO - DAG(s) dict_keys(['example_kubernetes_executor']) retrieved from /home/airflow/.local/lib/python3.7/site-packages/airflow/example_dags/example_kubernetes_executor.py
[2023-06-13T22:57:49.395+0000] {logging_mixin.py:149} INFO - [2023-06-13T22:57:49.394+0000] {dag.py:2726} INFO - Sync 1 DAGs
[2023-06-13T22:57:49.433+0000] {logging_mixin.py:149} INFO - [2023-06-13T22:57:49.432+0000] {dag.py:3490} INFO - Setting next_dagrun for example_kubernetes_executor to None, run_after=None
[2023-06-13T22:57:49.482+0000] {processor.py:179} INFO - Processing /home/airflow/.local/lib/python3.7/site-packages/airflow/example_dags/example_kubernetes_executor.py took 0.552 seconds
[2023-06-13T22:58:20.120+0000] {processor.py:157} INFO - Started process (PID=2220) to work on /home/airflow/.local/lib/python3.7/site-packages/airflow/example_dags/example_kubernetes_executor.py
[2023-06-13T22:58:20.124+0000] {processor.py:826} INFO - Processing file /home/airflow/.local/lib/python3.7/site-packages/airflow/example_dags/example_kubernetes_executor.py for tasks to queue
[2023-06-13T22:58:20.125+0000] {logging_mixin.py:149} INFO - [2023-06-13T22:58:20.125+0000] {dagbag.py:541} INFO - Filling up the DagBag from /home/airflow/.local/lib/python3.7/site-packages/airflow/example_dags/example_kubernetes_executor.py
[2023-06-13T22:58:20.585+0000] {processor.py:836} INFO - DAG(s) dict_keys(['example_kubernetes_executor']) retrieved from /home/airflow/.local/lib/python3.7/site-packages/airflow/example_dags/example_kubernetes_executor.py
[2023-06-13T22:58:20.646+0000] {logging_mixin.py:149} INFO - [2023-06-13T22:58:20.646+0000] {dag.py:2726} INFO - Sync 1 DAGs
[2023-06-13T22:58:20.705+0000] {logging_mixin.py:149} INFO - [2023-06-13T22:58:20.704+0000] {dag.py:3490} INFO - Setting next_dagrun for example_kubernetes_executor to None, run_after=None
[2023-06-13T22:58:20.768+0000] {processor.py:179} INFO - Processing /home/airflow/.local/lib/python3.7/site-packages/airflow/example_dags/example_kubernetes_executor.py took 0.651 seconds
[2023-06-13T22:58:51.109+0000] {processor.py:157} INFO - Started process (PID=2460) to work on /home/airflow/.local/lib/python3.7/site-packages/airflow/example_dags/example_kubernetes_executor.py
[2023-06-13T22:58:51.112+0000] {processor.py:826} INFO - Processing file /home/airflow/.local/lib/python3.7/site-packages/airflow/example_dags/example_kubernetes_executor.py for tasks to queue
[2023-06-13T22:58:51.114+0000] {logging_mixin.py:149} INFO - [2023-06-13T22:58:51.114+0000] {dagbag.py:541} INFO - Filling up the DagBag from /home/airflow/.local/lib/python3.7/site-packages/airflow/example_dags/example_kubernetes_executor.py
[2023-06-13T22:58:51.649+0000] {processor.py:836} INFO - DAG(s) dict_keys(['example_kubernetes_executor']) retrieved from /home/airflow/.local/lib/python3.7/site-packages/airflow/example_dags/example_kubernetes_executor.py
[2023-06-13T22:58:51.738+0000] {logging_mixin.py:149} INFO - [2023-06-13T22:58:51.738+0000] {dag.py:2726} INFO - Sync 1 DAGs
[2023-06-13T22:58:51.790+0000] {logging_mixin.py:149} INFO - [2023-06-13T22:58:51.789+0000] {dag.py:3490} INFO - Setting next_dagrun for example_kubernetes_executor to None, run_after=None
[2023-06-13T22:58:51.842+0000] {processor.py:179} INFO - Processing /home/airflow/.local/lib/python3.7/site-packages/airflow/example_dags/example_kubernetes_executor.py took 0.740 seconds
[2023-06-13T22:59:21.994+0000] {processor.py:157} INFO - Started process (PID=2710) to work on /home/airflow/.local/lib/python3.7/site-packages/airflow/example_dags/example_kubernetes_executor.py
[2023-06-13T22:59:21.996+0000] {processor.py:826} INFO - Processing file /home/airflow/.local/lib/python3.7/site-packages/airflow/example_dags/example_kubernetes_executor.py for tasks to queue
[2023-06-13T22:59:21.998+0000] {logging_mixin.py:149} INFO - [2023-06-13T22:59:21.997+0000] {dagbag.py:541} INFO - Filling up the DagBag from /home/airflow/.local/lib/python3.7/site-packages/airflow/example_dags/example_kubernetes_executor.py
[2023-06-13T22:59:22.400+0000] {processor.py:836} INFO - DAG(s) dict_keys(['example_kubernetes_executor']) retrieved from /home/airflow/.local/lib/python3.7/site-packages/airflow/example_dags/example_kubernetes_executor.py
[2023-06-13T22:59:22.492+0000] {logging_mixin.py:149} INFO - [2023-06-13T22:59:22.491+0000] {dag.py:2726} INFO - Sync 1 DAGs
[2023-06-13T22:59:22.549+0000] {logging_mixin.py:149} INFO - [2023-06-13T22:59:22.549+0000] {dag.py:3490} INFO - Setting next_dagrun for example_kubernetes_executor to None, run_after=None
[2023-06-13T22:59:22.603+0000] {processor.py:179} INFO - Processing /home/airflow/.local/lib/python3.7/site-packages/airflow/example_dags/example_kubernetes_executor.py took 0.617 seconds
[2023-06-13T22:59:52.810+0000] {processor.py:157} INFO - Started process (PID=2955) to work on /home/airflow/.local/lib/python3.7/site-packages/airflow/example_dags/example_kubernetes_executor.py
[2023-06-13T22:59:52.812+0000] {processor.py:826} INFO - Processing file /home/airflow/.local/lib/python3.7/site-packages/airflow/example_dags/example_kubernetes_executor.py for tasks to queue
[2023-06-13T22:59:52.813+0000] {logging_mixin.py:149} INFO - [2023-06-13T22:59:52.812+0000] {dagbag.py:541} INFO - Filling up the DagBag from /home/airflow/.local/lib/python3.7/site-packages/airflow/example_dags/example_kubernetes_executor.py
[2023-06-13T22:59:53.226+0000] {processor.py:836} INFO - DAG(s) dict_keys(['example_kubernetes_executor']) retrieved from /home/airflow/.local/lib/python3.7/site-packages/airflow/example_dags/example_kubernetes_executor.py
[2023-06-13T22:59:53.299+0000] {logging_mixin.py:149} INFO - [2023-06-13T22:59:53.299+0000] {dag.py:2726} INFO - Sync 1 DAGs
[2023-06-13T22:59:53.353+0000] {logging_mixin.py:149} INFO - [2023-06-13T22:59:53.353+0000] {dag.py:3490} INFO - Setting next_dagrun for example_kubernetes_executor to None, run_after=None
[2023-06-13T22:59:53.398+0000] {processor.py:179} INFO - Processing /home/airflow/.local/lib/python3.7/site-packages/airflow/example_dags/example_kubernetes_executor.py took 0.595 seconds
[2023-06-13T23:00:23.669+0000] {processor.py:157} INFO - Started process (PID=3195) to work on /home/airflow/.local/lib/python3.7/site-packages/airflow/example_dags/example_kubernetes_executor.py
[2023-06-13T23:00:23.672+0000] {processor.py:826} INFO - Processing file /home/airflow/.local/lib/python3.7/site-packages/airflow/example_dags/example_kubernetes_executor.py for tasks to queue
[2023-06-13T23:00:23.673+0000] {logging_mixin.py:149} INFO - [2023-06-13T23:00:23.672+0000] {dagbag.py:541} INFO - Filling up the DagBag from /home/airflow/.local/lib/python3.7/site-packages/airflow/example_dags/example_kubernetes_executor.py
[2023-06-13T23:00:24.221+0000] {processor.py:836} INFO - DAG(s) dict_keys(['example_kubernetes_executor']) retrieved from /home/airflow/.local/lib/python3.7/site-packages/airflow/example_dags/example_kubernetes_executor.py
[2023-06-13T23:00:24.311+0000] {logging_mixin.py:149} INFO - [2023-06-13T23:00:24.311+0000] {dag.py:2726} INFO - Sync 1 DAGs
[2023-06-13T23:00:24.374+0000] {logging_mixin.py:149} INFO - [2023-06-13T23:00:24.374+0000] {dag.py:3490} INFO - Setting next_dagrun for example_kubernetes_executor to None, run_after=None
[2023-06-13T23:00:24.439+0000] {processor.py:179} INFO - Processing /home/airflow/.local/lib/python3.7/site-packages/airflow/example_dags/example_kubernetes_executor.py took 0.777 seconds
[2023-06-13T23:00:54.645+0000] {processor.py:157} INFO - Started process (PID=3440) to work on /home/airflow/.local/lib/python3.7/site-packages/airflow/example_dags/example_kubernetes_executor.py
[2023-06-13T23:00:54.648+0000] {processor.py:826} INFO - Processing file /home/airflow/.local/lib/python3.7/site-packages/airflow/example_dags/example_kubernetes_executor.py for tasks to queue
[2023-06-13T23:00:54.650+0000] {logging_mixin.py:149} INFO - [2023-06-13T23:00:54.649+0000] {dagbag.py:541} INFO - Filling up the DagBag from /home/airflow/.local/lib/python3.7/site-packages/airflow/example_dags/example_kubernetes_executor.py
[2023-06-13T23:00:55.295+0000] {processor.py:836} INFO - DAG(s) dict_keys(['example_kubernetes_executor']) retrieved from /home/airflow/.local/lib/python3.7/site-packages/airflow/example_dags/example_kubernetes_executor.py
[2023-06-13T23:00:55.386+0000] {logging_mixin.py:149} INFO - [2023-06-13T23:00:55.385+0000] {dag.py:2726} INFO - Sync 1 DAGs
[2023-06-13T23:00:55.442+0000] {logging_mixin.py:149} INFO - [2023-06-13T23:00:55.441+0000] {dag.py:3490} INFO - Setting next_dagrun for example_kubernetes_executor to None, run_after=None
[2023-06-13T23:00:55.490+0000] {processor.py:179} INFO - Processing /home/airflow/.local/lib/python3.7/site-packages/airflow/example_dags/example_kubernetes_executor.py took 0.852 seconds
[2023-06-13T23:01:25.629+0000] {processor.py:157} INFO - Started process (PID=3695) to work on /home/airflow/.local/lib/python3.7/site-packages/airflow/example_dags/example_kubernetes_executor.py
[2023-06-13T23:01:25.631+0000] {processor.py:826} INFO - Processing file /home/airflow/.local/lib/python3.7/site-packages/airflow/example_dags/example_kubernetes_executor.py for tasks to queue
[2023-06-13T23:01:25.633+0000] {logging_mixin.py:149} INFO - [2023-06-13T23:01:25.632+0000] {dagbag.py:541} INFO - Filling up the DagBag from /home/airflow/.local/lib/python3.7/site-packages/airflow/example_dags/example_kubernetes_executor.py
[2023-06-13T23:01:26.157+0000] {processor.py:836} INFO - DAG(s) dict_keys(['example_kubernetes_executor']) retrieved from /home/airflow/.local/lib/python3.7/site-packages/airflow/example_dags/example_kubernetes_executor.py
[2023-06-13T23:01:26.265+0000] {logging_mixin.py:149} INFO - [2023-06-13T23:01:26.265+0000] {dag.py:2726} INFO - Sync 1 DAGs
[2023-06-13T23:01:26.329+0000] {logging_mixin.py:149} INFO - [2023-06-13T23:01:26.329+0000] {dag.py:3490} INFO - Setting next_dagrun for example_kubernetes_executor to None, run_after=None
[2023-06-13T23:01:26.403+0000] {processor.py:179} INFO - Processing /home/airflow/.local/lib/python3.7/site-packages/airflow/example_dags/example_kubernetes_executor.py took 0.783 seconds
[2023-06-13T23:01:56.774+0000] {processor.py:157} INFO - Started process (PID=3948) to work on /home/airflow/.local/lib/python3.7/site-packages/airflow/example_dags/example_kubernetes_executor.py
[2023-06-13T23:01:56.778+0000] {processor.py:826} INFO - Processing file /home/airflow/.local/lib/python3.7/site-packages/airflow/example_dags/example_kubernetes_executor.py for tasks to queue
[2023-06-13T23:01:56.780+0000] {logging_mixin.py:149} INFO - [2023-06-13T23:01:56.780+0000] {dagbag.py:541} INFO - Filling up the DagBag from /home/airflow/.local/lib/python3.7/site-packages/airflow/example_dags/example_kubernetes_executor.py
[2023-06-13T23:01:57.235+0000] {processor.py:836} INFO - DAG(s) dict_keys(['example_kubernetes_executor']) retrieved from /home/airflow/.local/lib/python3.7/site-packages/airflow/example_dags/example_kubernetes_executor.py
[2023-06-13T23:01:57.333+0000] {logging_mixin.py:149} INFO - [2023-06-13T23:01:57.333+0000] {dag.py:2726} INFO - Sync 1 DAGs
[2023-06-13T23:01:57.406+0000] {logging_mixin.py:149} INFO - [2023-06-13T23:01:57.406+0000] {dag.py:3490} INFO - Setting next_dagrun for example_kubernetes_executor to None, run_after=None
[2023-06-13T23:01:57.474+0000] {processor.py:179} INFO - Processing /home/airflow/.local/lib/python3.7/site-packages/airflow/example_dags/example_kubernetes_executor.py took 0.708 seconds
[2023-06-13T23:02:28.447+0000] {processor.py:157} INFO - Started process (PID=4188) to work on /home/airflow/.local/lib/python3.7/site-packages/airflow/example_dags/example_kubernetes_executor.py
[2023-06-13T23:02:28.450+0000] {processor.py:826} INFO - Processing file /home/airflow/.local/lib/python3.7/site-packages/airflow/example_dags/example_kubernetes_executor.py for tasks to queue
[2023-06-13T23:02:28.452+0000] {logging_mixin.py:149} INFO - [2023-06-13T23:02:28.451+0000] {dagbag.py:541} INFO - Filling up the DagBag from /home/airflow/.local/lib/python3.7/site-packages/airflow/example_dags/example_kubernetes_executor.py
[2023-06-13T23:02:28.927+0000] {processor.py:836} INFO - DAG(s) dict_keys(['example_kubernetes_executor']) retrieved from /home/airflow/.local/lib/python3.7/site-packages/airflow/example_dags/example_kubernetes_executor.py
[2023-06-13T23:02:29.019+0000] {logging_mixin.py:149} INFO - [2023-06-13T23:02:29.019+0000] {dag.py:2726} INFO - Sync 1 DAGs
[2023-06-13T23:02:29.074+0000] {logging_mixin.py:149} INFO - [2023-06-13T23:02:29.074+0000] {dag.py:3490} INFO - Setting next_dagrun for example_kubernetes_executor to None, run_after=None
[2023-06-13T23:02:29.132+0000] {processor.py:179} INFO - Processing /home/airflow/.local/lib/python3.7/site-packages/airflow/example_dags/example_kubernetes_executor.py took 0.691 seconds
[2023-06-13T23:02:59.492+0000] {processor.py:157} INFO - Started process (PID=4427) to work on /home/airflow/.local/lib/python3.7/site-packages/airflow/example_dags/example_kubernetes_executor.py
[2023-06-13T23:02:59.494+0000] {processor.py:826} INFO - Processing file /home/airflow/.local/lib/python3.7/site-packages/airflow/example_dags/example_kubernetes_executor.py for tasks to queue
[2023-06-13T23:02:59.496+0000] {logging_mixin.py:149} INFO - [2023-06-13T23:02:59.496+0000] {dagbag.py:541} INFO - Filling up the DagBag from /home/airflow/.local/lib/python3.7/site-packages/airflow/example_dags/example_kubernetes_executor.py
[2023-06-13T23:02:59.812+0000] {processor.py:836} INFO - DAG(s) dict_keys(['example_kubernetes_executor']) retrieved from /home/airflow/.local/lib/python3.7/site-packages/airflow/example_dags/example_kubernetes_executor.py
[2023-06-13T23:02:59.885+0000] {logging_mixin.py:149} INFO - [2023-06-13T23:02:59.884+0000] {dag.py:2726} INFO - Sync 1 DAGs
[2023-06-13T23:02:59.933+0000] {logging_mixin.py:149} INFO - [2023-06-13T23:02:59.933+0000] {dag.py:3490} INFO - Setting next_dagrun for example_kubernetes_executor to None, run_after=None
[2023-06-13T23:02:59.976+0000] {processor.py:179} INFO - Processing /home/airflow/.local/lib/python3.7/site-packages/airflow/example_dags/example_kubernetes_executor.py took 0.489 seconds
[2023-06-13T23:03:30.137+0000] {processor.py:157} INFO - Started process (PID=4672) to work on /home/airflow/.local/lib/python3.7/site-packages/airflow/example_dags/example_kubernetes_executor.py
[2023-06-13T23:03:30.139+0000] {processor.py:826} INFO - Processing file /home/airflow/.local/lib/python3.7/site-packages/airflow/example_dags/example_kubernetes_executor.py for tasks to queue
[2023-06-13T23:03:30.140+0000] {logging_mixin.py:149} INFO - [2023-06-13T23:03:30.140+0000] {dagbag.py:541} INFO - Filling up the DagBag from /home/airflow/.local/lib/python3.7/site-packages/airflow/example_dags/example_kubernetes_executor.py
[2023-06-13T23:03:30.453+0000] {processor.py:836} INFO - DAG(s) dict_keys(['example_kubernetes_executor']) retrieved from /home/airflow/.local/lib/python3.7/site-packages/airflow/example_dags/example_kubernetes_executor.py
[2023-06-13T23:03:30.515+0000] {logging_mixin.py:149} INFO - [2023-06-13T23:03:30.515+0000] {dag.py:2726} INFO - Sync 1 DAGs
[2023-06-13T23:03:30.564+0000] {logging_mixin.py:149} INFO - [2023-06-13T23:03:30.564+0000] {dag.py:3490} INFO - Setting next_dagrun for example_kubernetes_executor to None, run_after=None
[2023-06-13T23:03:30.600+0000] {processor.py:179} INFO - Processing /home/airflow/.local/lib/python3.7/site-packages/airflow/example_dags/example_kubernetes_executor.py took 0.467 seconds
[2023-06-13T23:04:00.745+0000] {processor.py:157} INFO - Started process (PID=4920) to work on /home/airflow/.local/lib/python3.7/site-packages/airflow/example_dags/example_kubernetes_executor.py
[2023-06-13T23:04:00.747+0000] {processor.py:826} INFO - Processing file /home/airflow/.local/lib/python3.7/site-packages/airflow/example_dags/example_kubernetes_executor.py for tasks to queue
[2023-06-13T23:04:00.749+0000] {logging_mixin.py:149} INFO - [2023-06-13T23:04:00.748+0000] {dagbag.py:541} INFO - Filling up the DagBag from /home/airflow/.local/lib/python3.7/site-packages/airflow/example_dags/example_kubernetes_executor.py
[2023-06-13T23:04:01.125+0000] {processor.py:836} INFO - DAG(s) dict_keys(['example_kubernetes_executor']) retrieved from /home/airflow/.local/lib/python3.7/site-packages/airflow/example_dags/example_kubernetes_executor.py
[2023-06-13T23:04:01.203+0000] {logging_mixin.py:149} INFO - [2023-06-13T23:04:01.203+0000] {dag.py:2726} INFO - Sync 1 DAGs
[2023-06-13T23:04:01.248+0000] {logging_mixin.py:149} INFO - [2023-06-13T23:04:01.247+0000] {dag.py:3490} INFO - Setting next_dagrun for example_kubernetes_executor to None, run_after=None
[2023-06-13T23:04:01.306+0000] {processor.py:179} INFO - Processing /home/airflow/.local/lib/python3.7/site-packages/airflow/example_dags/example_kubernetes_executor.py took 0.566 seconds
[2023-06-13T23:04:31.878+0000] {processor.py:157} INFO - Started process (PID=5162) to work on /home/airflow/.local/lib/python3.7/site-packages/airflow/example_dags/example_kubernetes_executor.py
[2023-06-13T23:04:31.880+0000] {processor.py:826} INFO - Processing file /home/airflow/.local/lib/python3.7/site-packages/airflow/example_dags/example_kubernetes_executor.py for tasks to queue
[2023-06-13T23:04:31.881+0000] {logging_mixin.py:149} INFO - [2023-06-13T23:04:31.880+0000] {dagbag.py:541} INFO - Filling up the DagBag from /home/airflow/.local/lib/python3.7/site-packages/airflow/example_dags/example_kubernetes_executor.py
[2023-06-13T23:04:32.192+0000] {processor.py:836} INFO - DAG(s) dict_keys(['example_kubernetes_executor']) retrieved from /home/airflow/.local/lib/python3.7/site-packages/airflow/example_dags/example_kubernetes_executor.py
[2023-06-13T23:04:32.251+0000] {logging_mixin.py:149} INFO - [2023-06-13T23:04:32.251+0000] {dag.py:2726} INFO - Sync 1 DAGs
[2023-06-13T23:04:32.307+0000] {logging_mixin.py:149} INFO - [2023-06-13T23:04:32.307+0000] {dag.py:3490} INFO - Setting next_dagrun for example_kubernetes_executor to None, run_after=None
[2023-06-13T23:04:32.359+0000] {processor.py:179} INFO - Processing /home/airflow/.local/lib/python3.7/site-packages/airflow/example_dags/example_kubernetes_executor.py took 0.486 seconds
[2023-06-13T23:05:02.451+0000] {processor.py:157} INFO - Started process (PID=5407) to work on /home/airflow/.local/lib/python3.7/site-packages/airflow/example_dags/example_kubernetes_executor.py
[2023-06-13T23:05:02.453+0000] {processor.py:826} INFO - Processing file /home/airflow/.local/lib/python3.7/site-packages/airflow/example_dags/example_kubernetes_executor.py for tasks to queue
[2023-06-13T23:05:02.455+0000] {logging_mixin.py:149} INFO - [2023-06-13T23:05:02.454+0000] {dagbag.py:541} INFO - Filling up the DagBag from /home/airflow/.local/lib/python3.7/site-packages/airflow/example_dags/example_kubernetes_executor.py
[2023-06-13T23:05:02.870+0000] {processor.py:836} INFO - DAG(s) dict_keys(['example_kubernetes_executor']) retrieved from /home/airflow/.local/lib/python3.7/site-packages/airflow/example_dags/example_kubernetes_executor.py
[2023-06-13T23:05:02.954+0000] {logging_mixin.py:149} INFO - [2023-06-13T23:05:02.954+0000] {dag.py:2726} INFO - Sync 1 DAGs
[2023-06-13T23:05:03.005+0000] {logging_mixin.py:149} INFO - [2023-06-13T23:05:03.005+0000] {dag.py:3490} INFO - Setting next_dagrun for example_kubernetes_executor to None, run_after=None
[2023-06-13T23:05:03.059+0000] {processor.py:179} INFO - Processing /home/airflow/.local/lib/python3.7/site-packages/airflow/example_dags/example_kubernetes_executor.py took 0.615 seconds
[2023-06-13T23:05:33.191+0000] {processor.py:157} INFO - Started process (PID=5645) to work on /home/airflow/.local/lib/python3.7/site-packages/airflow/example_dags/example_kubernetes_executor.py
[2023-06-13T23:05:33.193+0000] {processor.py:826} INFO - Processing file /home/airflow/.local/lib/python3.7/site-packages/airflow/example_dags/example_kubernetes_executor.py for tasks to queue
[2023-06-13T23:05:33.195+0000] {logging_mixin.py:149} INFO - [2023-06-13T23:05:33.194+0000] {dagbag.py:541} INFO - Filling up the DagBag from /home/airflow/.local/lib/python3.7/site-packages/airflow/example_dags/example_kubernetes_executor.py
[2023-06-13T23:05:33.664+0000] {processor.py:836} INFO - DAG(s) dict_keys(['example_kubernetes_executor']) retrieved from /home/airflow/.local/lib/python3.7/site-packages/airflow/example_dags/example_kubernetes_executor.py
[2023-06-13T23:05:33.753+0000] {logging_mixin.py:149} INFO - [2023-06-13T23:05:33.752+0000] {dag.py:2726} INFO - Sync 1 DAGs
[2023-06-13T23:05:33.803+0000] {logging_mixin.py:149} INFO - [2023-06-13T23:05:33.802+0000] {dag.py:3490} INFO - Setting next_dagrun for example_kubernetes_executor to None, run_after=None
[2023-06-13T23:05:33.861+0000] {processor.py:179} INFO - Processing /home/airflow/.local/lib/python3.7/site-packages/airflow/example_dags/example_kubernetes_executor.py took 0.676 seconds
[2023-06-13T23:06:04.134+0000] {processor.py:157} INFO - Started process (PID=5897) to work on /home/airflow/.local/lib/python3.7/site-packages/airflow/example_dags/example_kubernetes_executor.py
[2023-06-13T23:06:04.138+0000] {processor.py:826} INFO - Processing file /home/airflow/.local/lib/python3.7/site-packages/airflow/example_dags/example_kubernetes_executor.py for tasks to queue
[2023-06-13T23:06:04.140+0000] {logging_mixin.py:149} INFO - [2023-06-13T23:06:04.139+0000] {dagbag.py:541} INFO - Filling up the DagBag from /home/airflow/.local/lib/python3.7/site-packages/airflow/example_dags/example_kubernetes_executor.py
[2023-06-13T23:06:04.511+0000] {processor.py:836} INFO - DAG(s) dict_keys(['example_kubernetes_executor']) retrieved from /home/airflow/.local/lib/python3.7/site-packages/airflow/example_dags/example_kubernetes_executor.py
[2023-06-13T23:06:04.599+0000] {logging_mixin.py:149} INFO - [2023-06-13T23:06:04.599+0000] {dag.py:2726} INFO - Sync 1 DAGs
[2023-06-13T23:06:04.667+0000] {logging_mixin.py:149} INFO - [2023-06-13T23:06:04.667+0000] {dag.py:3490} INFO - Setting next_dagrun for example_kubernetes_executor to None, run_after=None
[2023-06-13T23:06:04.724+0000] {processor.py:179} INFO - Processing /home/airflow/.local/lib/python3.7/site-packages/airflow/example_dags/example_kubernetes_executor.py took 0.596 seconds
[2023-06-13T23:06:34.832+0000] {processor.py:157} INFO - Started process (PID=6152) to work on /home/airflow/.local/lib/python3.7/site-packages/airflow/example_dags/example_kubernetes_executor.py
[2023-06-13T23:06:34.834+0000] {processor.py:826} INFO - Processing file /home/airflow/.local/lib/python3.7/site-packages/airflow/example_dags/example_kubernetes_executor.py for tasks to queue
[2023-06-13T23:06:34.836+0000] {logging_mixin.py:149} INFO - [2023-06-13T23:06:34.835+0000] {dagbag.py:541} INFO - Filling up the DagBag from /home/airflow/.local/lib/python3.7/site-packages/airflow/example_dags/example_kubernetes_executor.py
[2023-06-13T23:06:35.241+0000] {processor.py:836} INFO - DAG(s) dict_keys(['example_kubernetes_executor']) retrieved from /home/airflow/.local/lib/python3.7/site-packages/airflow/example_dags/example_kubernetes_executor.py
[2023-06-13T23:06:35.336+0000] {logging_mixin.py:149} INFO - [2023-06-13T23:06:35.336+0000] {dag.py:2726} INFO - Sync 1 DAGs
[2023-06-13T23:06:35.382+0000] {logging_mixin.py:149} INFO - [2023-06-13T23:06:35.382+0000] {dag.py:3490} INFO - Setting next_dagrun for example_kubernetes_executor to None, run_after=None
[2023-06-13T23:06:35.423+0000] {processor.py:179} INFO - Processing /home/airflow/.local/lib/python3.7/site-packages/airflow/example_dags/example_kubernetes_executor.py took 0.597 seconds
[2023-06-13T23:07:05.633+0000] {processor.py:157} INFO - Started process (PID=6394) to work on /home/airflow/.local/lib/python3.7/site-packages/airflow/example_dags/example_kubernetes_executor.py
[2023-06-13T23:07:05.634+0000] {processor.py:826} INFO - Processing file /home/airflow/.local/lib/python3.7/site-packages/airflow/example_dags/example_kubernetes_executor.py for tasks to queue
[2023-06-13T23:07:05.635+0000] {logging_mixin.py:149} INFO - [2023-06-13T23:07:05.635+0000] {dagbag.py:541} INFO - Filling up the DagBag from /home/airflow/.local/lib/python3.7/site-packages/airflow/example_dags/example_kubernetes_executor.py
[2023-06-13T23:07:05.972+0000] {processor.py:836} INFO - DAG(s) dict_keys(['example_kubernetes_executor']) retrieved from /home/airflow/.local/lib/python3.7/site-packages/airflow/example_dags/example_kubernetes_executor.py
[2023-06-13T23:07:06.061+0000] {logging_mixin.py:149} INFO - [2023-06-13T23:07:06.061+0000] {dag.py:2726} INFO - Sync 1 DAGs
[2023-06-13T23:07:06.109+0000] {logging_mixin.py:149} INFO - [2023-06-13T23:07:06.109+0000] {dag.py:3490} INFO - Setting next_dagrun for example_kubernetes_executor to None, run_after=None
[2023-06-13T23:07:06.166+0000] {processor.py:179} INFO - Processing /home/airflow/.local/lib/python3.7/site-packages/airflow/example_dags/example_kubernetes_executor.py took 0.538 seconds
[2023-06-13T23:07:37.054+0000] {processor.py:157} INFO - Started process (PID=6637) to work on /home/airflow/.local/lib/python3.7/site-packages/airflow/example_dags/example_kubernetes_executor.py
[2023-06-13T23:07:37.056+0000] {processor.py:826} INFO - Processing file /home/airflow/.local/lib/python3.7/site-packages/airflow/example_dags/example_kubernetes_executor.py for tasks to queue
[2023-06-13T23:07:37.058+0000] {logging_mixin.py:149} INFO - [2023-06-13T23:07:37.057+0000] {dagbag.py:541} INFO - Filling up the DagBag from /home/airflow/.local/lib/python3.7/site-packages/airflow/example_dags/example_kubernetes_executor.py
[2023-06-13T23:07:37.389+0000] {processor.py:836} INFO - DAG(s) dict_keys(['example_kubernetes_executor']) retrieved from /home/airflow/.local/lib/python3.7/site-packages/airflow/example_dags/example_kubernetes_executor.py
[2023-06-13T23:07:37.466+0000] {logging_mixin.py:149} INFO - [2023-06-13T23:07:37.466+0000] {dag.py:2726} INFO - Sync 1 DAGs
[2023-06-13T23:07:37.519+0000] {logging_mixin.py:149} INFO - [2023-06-13T23:07:37.519+0000] {dag.py:3490} INFO - Setting next_dagrun for example_kubernetes_executor to None, run_after=None
[2023-06-13T23:07:37.589+0000] {processor.py:179} INFO - Processing /home/airflow/.local/lib/python3.7/site-packages/airflow/example_dags/example_kubernetes_executor.py took 0.541 seconds
[2023-06-13T23:08:08.480+0000] {processor.py:157} INFO - Started process (PID=6876) to work on /home/airflow/.local/lib/python3.7/site-packages/airflow/example_dags/example_kubernetes_executor.py
[2023-06-13T23:08:08.483+0000] {processor.py:826} INFO - Processing file /home/airflow/.local/lib/python3.7/site-packages/airflow/example_dags/example_kubernetes_executor.py for tasks to queue
[2023-06-13T23:08:08.485+0000] {logging_mixin.py:149} INFO - [2023-06-13T23:08:08.484+0000] {dagbag.py:541} INFO - Filling up the DagBag from /home/airflow/.local/lib/python3.7/site-packages/airflow/example_dags/example_kubernetes_executor.py
[2023-06-13T23:08:08.808+0000] {processor.py:836} INFO - DAG(s) dict_keys(['example_kubernetes_executor']) retrieved from /home/airflow/.local/lib/python3.7/site-packages/airflow/example_dags/example_kubernetes_executor.py
[2023-06-13T23:08:08.889+0000] {logging_mixin.py:149} INFO - [2023-06-13T23:08:08.888+0000] {dag.py:2726} INFO - Sync 1 DAGs
[2023-06-13T23:08:08.935+0000] {logging_mixin.py:149} INFO - [2023-06-13T23:08:08.934+0000] {dag.py:3490} INFO - Setting next_dagrun for example_kubernetes_executor to None, run_after=None
[2023-06-13T23:08:09.006+0000] {processor.py:179} INFO - Processing /home/airflow/.local/lib/python3.7/site-packages/airflow/example_dags/example_kubernetes_executor.py took 0.531 seconds
[2023-06-13T23:08:39.158+0000] {processor.py:157} INFO - Started process (PID=7115) to work on /home/airflow/.local/lib/python3.7/site-packages/airflow/example_dags/example_kubernetes_executor.py
[2023-06-13T23:08:39.159+0000] {processor.py:826} INFO - Processing file /home/airflow/.local/lib/python3.7/site-packages/airflow/example_dags/example_kubernetes_executor.py for tasks to queue
[2023-06-13T23:08:39.161+0000] {logging_mixin.py:149} INFO - [2023-06-13T23:08:39.161+0000] {dagbag.py:541} INFO - Filling up the DagBag from /home/airflow/.local/lib/python3.7/site-packages/airflow/example_dags/example_kubernetes_executor.py
[2023-06-13T23:08:39.429+0000] {processor.py:836} INFO - DAG(s) dict_keys(['example_kubernetes_executor']) retrieved from /home/airflow/.local/lib/python3.7/site-packages/airflow/example_dags/example_kubernetes_executor.py
[2023-06-13T23:08:39.490+0000] {logging_mixin.py:149} INFO - [2023-06-13T23:08:39.490+0000] {dag.py:2726} INFO - Sync 1 DAGs
[2023-06-13T23:08:39.534+0000] {logging_mixin.py:149} INFO - [2023-06-13T23:08:39.534+0000] {dag.py:3490} INFO - Setting next_dagrun for example_kubernetes_executor to None, run_after=None
[2023-06-13T23:08:39.580+0000] {processor.py:179} INFO - Processing /home/airflow/.local/lib/python3.7/site-packages/airflow/example_dags/example_kubernetes_executor.py took 0.426 seconds
[2023-06-13T23:09:09.757+0000] {processor.py:157} INFO - Started process (PID=7355) to work on /home/airflow/.local/lib/python3.7/site-packages/airflow/example_dags/example_kubernetes_executor.py
[2023-06-13T23:09:09.760+0000] {processor.py:826} INFO - Processing file /home/airflow/.local/lib/python3.7/site-packages/airflow/example_dags/example_kubernetes_executor.py for tasks to queue
[2023-06-13T23:09:09.761+0000] {logging_mixin.py:149} INFO - [2023-06-13T23:09:09.761+0000] {dagbag.py:541} INFO - Filling up the DagBag from /home/airflow/.local/lib/python3.7/site-packages/airflow/example_dags/example_kubernetes_executor.py
[2023-06-13T23:09:10.061+0000] {processor.py:836} INFO - DAG(s) dict_keys(['example_kubernetes_executor']) retrieved from /home/airflow/.local/lib/python3.7/site-packages/airflow/example_dags/example_kubernetes_executor.py
[2023-06-13T23:09:10.121+0000] {logging_mixin.py:149} INFO - [2023-06-13T23:09:10.121+0000] {dag.py:2726} INFO - Sync 1 DAGs
[2023-06-13T23:09:10.160+0000] {logging_mixin.py:149} INFO - [2023-06-13T23:09:10.160+0000] {dag.py:3490} INFO - Setting next_dagrun for example_kubernetes_executor to None, run_after=None
[2023-06-13T23:09:10.207+0000] {processor.py:179} INFO - Processing /home/airflow/.local/lib/python3.7/site-packages/airflow/example_dags/example_kubernetes_executor.py took 0.455 seconds
[2023-06-13T23:09:40.385+0000] {processor.py:157} INFO - Started process (PID=7595) to work on /home/airflow/.local/lib/python3.7/site-packages/airflow/example_dags/example_kubernetes_executor.py
[2023-06-13T23:09:40.387+0000] {processor.py:826} INFO - Processing file /home/airflow/.local/lib/python3.7/site-packages/airflow/example_dags/example_kubernetes_executor.py for tasks to queue
[2023-06-13T23:09:40.388+0000] {logging_mixin.py:149} INFO - [2023-06-13T23:09:40.388+0000] {dagbag.py:541} INFO - Filling up the DagBag from /home/airflow/.local/lib/python3.7/site-packages/airflow/example_dags/example_kubernetes_executor.py
[2023-06-13T23:09:40.690+0000] {processor.py:836} INFO - DAG(s) dict_keys(['example_kubernetes_executor']) retrieved from /home/airflow/.local/lib/python3.7/site-packages/airflow/example_dags/example_kubernetes_executor.py
[2023-06-13T23:09:40.761+0000] {logging_mixin.py:149} INFO - [2023-06-13T23:09:40.761+0000] {dag.py:2726} INFO - Sync 1 DAGs
[2023-06-13T23:09:40.807+0000] {logging_mixin.py:149} INFO - [2023-06-13T23:09:40.807+0000] {dag.py:3490} INFO - Setting next_dagrun for example_kubernetes_executor to None, run_after=None
[2023-06-13T23:09:40.857+0000] {processor.py:179} INFO - Processing /home/airflow/.local/lib/python3.7/site-packages/airflow/example_dags/example_kubernetes_executor.py took 0.477 seconds
[2023-06-13T23:10:10.911+0000] {processor.py:157} INFO - Started process (PID=7835) to work on /home/airflow/.local/lib/python3.7/site-packages/airflow/example_dags/example_kubernetes_executor.py
[2023-06-13T23:10:10.913+0000] {processor.py:826} INFO - Processing file /home/airflow/.local/lib/python3.7/site-packages/airflow/example_dags/example_kubernetes_executor.py for tasks to queue
[2023-06-13T23:10:10.915+0000] {logging_mixin.py:149} INFO - [2023-06-13T23:10:10.915+0000] {dagbag.py:541} INFO - Filling up the DagBag from /home/airflow/.local/lib/python3.7/site-packages/airflow/example_dags/example_kubernetes_executor.py
[2023-06-13T23:10:11.246+0000] {processor.py:836} INFO - DAG(s) dict_keys(['example_kubernetes_executor']) retrieved from /home/airflow/.local/lib/python3.7/site-packages/airflow/example_dags/example_kubernetes_executor.py
[2023-06-13T23:10:11.316+0000] {logging_mixin.py:149} INFO - [2023-06-13T23:10:11.316+0000] {dag.py:2726} INFO - Sync 1 DAGs
[2023-06-13T23:10:11.359+0000] {logging_mixin.py:149} INFO - [2023-06-13T23:10:11.359+0000] {dag.py:3490} INFO - Setting next_dagrun for example_kubernetes_executor to None, run_after=None
[2023-06-13T23:10:11.409+0000] {processor.py:179} INFO - Processing /home/airflow/.local/lib/python3.7/site-packages/airflow/example_dags/example_kubernetes_executor.py took 0.502 seconds
[2023-06-13T23:10:41.743+0000] {processor.py:157} INFO - Started process (PID=8075) to work on /home/airflow/.local/lib/python3.7/site-packages/airflow/example_dags/example_kubernetes_executor.py
[2023-06-13T23:10:41.745+0000] {processor.py:826} INFO - Processing file /home/airflow/.local/lib/python3.7/site-packages/airflow/example_dags/example_kubernetes_executor.py for tasks to queue
[2023-06-13T23:10:41.747+0000] {logging_mixin.py:149} INFO - [2023-06-13T23:10:41.746+0000] {dagbag.py:541} INFO - Filling up the DagBag from /home/airflow/.local/lib/python3.7/site-packages/airflow/example_dags/example_kubernetes_executor.py
[2023-06-13T23:10:42.124+0000] {processor.py:836} INFO - DAG(s) dict_keys(['example_kubernetes_executor']) retrieved from /home/airflow/.local/lib/python3.7/site-packages/airflow/example_dags/example_kubernetes_executor.py
[2023-06-13T23:10:42.192+0000] {logging_mixin.py:149} INFO - [2023-06-13T23:10:42.192+0000] {dag.py:2726} INFO - Sync 1 DAGs
[2023-06-13T23:10:42.241+0000] {logging_mixin.py:149} INFO - [2023-06-13T23:10:42.241+0000] {dag.py:3490} INFO - Setting next_dagrun for example_kubernetes_executor to None, run_after=None
[2023-06-13T23:10:42.301+0000] {processor.py:179} INFO - Processing /home/airflow/.local/lib/python3.7/site-packages/airflow/example_dags/example_kubernetes_executor.py took 0.564 seconds
[2023-06-13T23:11:13.234+0000] {processor.py:157} INFO - Started process (PID=8315) to work on /home/airflow/.local/lib/python3.7/site-packages/airflow/example_dags/example_kubernetes_executor.py
[2023-06-13T23:11:13.240+0000] {processor.py:826} INFO - Processing file /home/airflow/.local/lib/python3.7/site-packages/airflow/example_dags/example_kubernetes_executor.py for tasks to queue
[2023-06-13T23:11:13.242+0000] {logging_mixin.py:149} INFO - [2023-06-13T23:11:13.242+0000] {dagbag.py:541} INFO - Filling up the DagBag from /home/airflow/.local/lib/python3.7/site-packages/airflow/example_dags/example_kubernetes_executor.py
[2023-06-13T23:11:13.607+0000] {processor.py:836} INFO - DAG(s) dict_keys(['example_kubernetes_executor']) retrieved from /home/airflow/.local/lib/python3.7/site-packages/airflow/example_dags/example_kubernetes_executor.py
[2023-06-13T23:11:13.669+0000] {logging_mixin.py:149} INFO - [2023-06-13T23:11:13.669+0000] {dag.py:2726} INFO - Sync 1 DAGs
[2023-06-13T23:11:13.714+0000] {logging_mixin.py:149} INFO - [2023-06-13T23:11:13.714+0000] {dag.py:3490} INFO - Setting next_dagrun for example_kubernetes_executor to None, run_after=None
[2023-06-13T23:11:13.756+0000] {processor.py:179} INFO - Processing /home/airflow/.local/lib/python3.7/site-packages/airflow/example_dags/example_kubernetes_executor.py took 0.528 seconds
[2023-06-13T23:11:44.438+0000] {processor.py:157} INFO - Started process (PID=8555) to work on /home/airflow/.local/lib/python3.7/site-packages/airflow/example_dags/example_kubernetes_executor.py
[2023-06-13T23:11:44.440+0000] {processor.py:826} INFO - Processing file /home/airflow/.local/lib/python3.7/site-packages/airflow/example_dags/example_kubernetes_executor.py for tasks to queue
[2023-06-13T23:11:44.441+0000] {logging_mixin.py:149} INFO - [2023-06-13T23:11:44.441+0000] {dagbag.py:541} INFO - Filling up the DagBag from /home/airflow/.local/lib/python3.7/site-packages/airflow/example_dags/example_kubernetes_executor.py
[2023-06-13T23:11:44.799+0000] {processor.py:836} INFO - DAG(s) dict_keys(['example_kubernetes_executor']) retrieved from /home/airflow/.local/lib/python3.7/site-packages/airflow/example_dags/example_kubernetes_executor.py
[2023-06-13T23:11:44.873+0000] {logging_mixin.py:149} INFO - [2023-06-13T23:11:44.872+0000] {dag.py:2726} INFO - Sync 1 DAGs
[2023-06-13T23:11:44.919+0000] {logging_mixin.py:149} INFO - [2023-06-13T23:11:44.919+0000] {dag.py:3490} INFO - Setting next_dagrun for example_kubernetes_executor to None, run_after=None
[2023-06-13T23:11:44.970+0000] {processor.py:179} INFO - Processing /home/airflow/.local/lib/python3.7/site-packages/airflow/example_dags/example_kubernetes_executor.py took 0.535 seconds
[2023-06-13T23:12:15.386+0000] {processor.py:157} INFO - Started process (PID=8795) to work on /home/airflow/.local/lib/python3.7/site-packages/airflow/example_dags/example_kubernetes_executor.py
[2023-06-13T23:12:15.388+0000] {processor.py:826} INFO - Processing file /home/airflow/.local/lib/python3.7/site-packages/airflow/example_dags/example_kubernetes_executor.py for tasks to queue
[2023-06-13T23:12:15.390+0000] {logging_mixin.py:149} INFO - [2023-06-13T23:12:15.390+0000] {dagbag.py:541} INFO - Filling up the DagBag from /home/airflow/.local/lib/python3.7/site-packages/airflow/example_dags/example_kubernetes_executor.py
[2023-06-13T23:12:15.709+0000] {processor.py:836} INFO - DAG(s) dict_keys(['example_kubernetes_executor']) retrieved from /home/airflow/.local/lib/python3.7/site-packages/airflow/example_dags/example_kubernetes_executor.py
[2023-06-13T23:12:15.781+0000] {logging_mixin.py:149} INFO - [2023-06-13T23:12:15.781+0000] {dag.py:2726} INFO - Sync 1 DAGs
[2023-06-13T23:12:15.832+0000] {logging_mixin.py:149} INFO - [2023-06-13T23:12:15.832+0000] {dag.py:3490} INFO - Setting next_dagrun for example_kubernetes_executor to None, run_after=None
[2023-06-13T23:12:15.879+0000] {processor.py:179} INFO - Processing /home/airflow/.local/lib/python3.7/site-packages/airflow/example_dags/example_kubernetes_executor.py took 0.497 seconds
[2023-06-13T23:12:45.991+0000] {processor.py:157} INFO - Started process (PID=9035) to work on /home/airflow/.local/lib/python3.7/site-packages/airflow/example_dags/example_kubernetes_executor.py
[2023-06-13T23:12:45.995+0000] {processor.py:826} INFO - Processing file /home/airflow/.local/lib/python3.7/site-packages/airflow/example_dags/example_kubernetes_executor.py for tasks to queue
[2023-06-13T23:12:45.997+0000] {logging_mixin.py:149} INFO - [2023-06-13T23:12:45.997+0000] {dagbag.py:541} INFO - Filling up the DagBag from /home/airflow/.local/lib/python3.7/site-packages/airflow/example_dags/example_kubernetes_executor.py
[2023-06-13T23:12:46.336+0000] {processor.py:836} INFO - DAG(s) dict_keys(['example_kubernetes_executor']) retrieved from /home/airflow/.local/lib/python3.7/site-packages/airflow/example_dags/example_kubernetes_executor.py
[2023-06-13T23:12:46.399+0000] {logging_mixin.py:149} INFO - [2023-06-13T23:12:46.399+0000] {dag.py:2726} INFO - Sync 1 DAGs
[2023-06-13T23:12:46.449+0000] {logging_mixin.py:149} INFO - [2023-06-13T23:12:46.449+0000] {dag.py:3490} INFO - Setting next_dagrun for example_kubernetes_executor to None, run_after=None
[2023-06-13T23:12:46.515+0000] {processor.py:179} INFO - Processing /home/airflow/.local/lib/python3.7/site-packages/airflow/example_dags/example_kubernetes_executor.py took 0.532 seconds
[2023-06-13T23:13:17.217+0000] {processor.py:157} INFO - Started process (PID=9274) to work on /home/airflow/.local/lib/python3.7/site-packages/airflow/example_dags/example_kubernetes_executor.py
[2023-06-13T23:13:17.220+0000] {processor.py:826} INFO - Processing file /home/airflow/.local/lib/python3.7/site-packages/airflow/example_dags/example_kubernetes_executor.py for tasks to queue
[2023-06-13T23:13:17.221+0000] {logging_mixin.py:149} INFO - [2023-06-13T23:13:17.221+0000] {dagbag.py:541} INFO - Filling up the DagBag from /home/airflow/.local/lib/python3.7/site-packages/airflow/example_dags/example_kubernetes_executor.py
[2023-06-13T23:13:17.612+0000] {processor.py:836} INFO - DAG(s) dict_keys(['example_kubernetes_executor']) retrieved from /home/airflow/.local/lib/python3.7/site-packages/airflow/example_dags/example_kubernetes_executor.py
[2023-06-13T23:13:17.684+0000] {logging_mixin.py:149} INFO - [2023-06-13T23:13:17.684+0000] {dag.py:2726} INFO - Sync 1 DAGs
[2023-06-13T23:13:17.734+0000] {logging_mixin.py:149} INFO - [2023-06-13T23:13:17.734+0000] {dag.py:3490} INFO - Setting next_dagrun for example_kubernetes_executor to None, run_after=None
[2023-06-13T23:13:17.788+0000] {processor.py:179} INFO - Processing /home/airflow/.local/lib/python3.7/site-packages/airflow/example_dags/example_kubernetes_executor.py took 0.578 seconds
[2023-06-13T23:13:47.868+0000] {processor.py:157} INFO - Started process (PID=9514) to work on /home/airflow/.local/lib/python3.7/site-packages/airflow/example_dags/example_kubernetes_executor.py
[2023-06-13T23:13:47.871+0000] {processor.py:826} INFO - Processing file /home/airflow/.local/lib/python3.7/site-packages/airflow/example_dags/example_kubernetes_executor.py for tasks to queue
[2023-06-13T23:13:47.873+0000] {logging_mixin.py:149} INFO - [2023-06-13T23:13:47.872+0000] {dagbag.py:541} INFO - Filling up the DagBag from /home/airflow/.local/lib/python3.7/site-packages/airflow/example_dags/example_kubernetes_executor.py
[2023-06-13T23:13:48.229+0000] {processor.py:836} INFO - DAG(s) dict_keys(['example_kubernetes_executor']) retrieved from /home/airflow/.local/lib/python3.7/site-packages/airflow/example_dags/example_kubernetes_executor.py
[2023-06-13T23:13:48.299+0000] {logging_mixin.py:149} INFO - [2023-06-13T23:13:48.299+0000] {dag.py:2726} INFO - Sync 1 DAGs
[2023-06-13T23:13:48.343+0000] {logging_mixin.py:149} INFO - [2023-06-13T23:13:48.343+0000] {dag.py:3490} INFO - Setting next_dagrun for example_kubernetes_executor to None, run_after=None
[2023-06-13T23:13:48.392+0000] {processor.py:179} INFO - Processing /home/airflow/.local/lib/python3.7/site-packages/airflow/example_dags/example_kubernetes_executor.py took 0.531 seconds
[2023-06-13T23:14:18.456+0000] {processor.py:157} INFO - Started process (PID=9754) to work on /home/airflow/.local/lib/python3.7/site-packages/airflow/example_dags/example_kubernetes_executor.py
[2023-06-13T23:14:18.460+0000] {processor.py:826} INFO - Processing file /home/airflow/.local/lib/python3.7/site-packages/airflow/example_dags/example_kubernetes_executor.py for tasks to queue
[2023-06-13T23:14:18.461+0000] {logging_mixin.py:149} INFO - [2023-06-13T23:14:18.461+0000] {dagbag.py:541} INFO - Filling up the DagBag from /home/airflow/.local/lib/python3.7/site-packages/airflow/example_dags/example_kubernetes_executor.py
[2023-06-13T23:14:18.888+0000] {processor.py:836} INFO - DAG(s) dict_keys(['example_kubernetes_executor']) retrieved from /home/airflow/.local/lib/python3.7/site-packages/airflow/example_dags/example_kubernetes_executor.py
[2023-06-13T23:14:18.984+0000] {logging_mixin.py:149} INFO - [2023-06-13T23:14:18.984+0000] {dag.py:2726} INFO - Sync 1 DAGs
[2023-06-13T23:14:19.038+0000] {logging_mixin.py:149} INFO - [2023-06-13T23:14:19.037+0000] {dag.py:3490} INFO - Setting next_dagrun for example_kubernetes_executor to None, run_after=None
[2023-06-13T23:14:19.097+0000] {processor.py:179} INFO - Processing /home/airflow/.local/lib/python3.7/site-packages/airflow/example_dags/example_kubernetes_executor.py took 0.645 seconds
[2023-06-13T23:14:49.985+0000] {processor.py:157} INFO - Started process (PID=9993) to work on /home/airflow/.local/lib/python3.7/site-packages/airflow/example_dags/example_kubernetes_executor.py
[2023-06-13T23:14:49.988+0000] {processor.py:826} INFO - Processing file /home/airflow/.local/lib/python3.7/site-packages/airflow/example_dags/example_kubernetes_executor.py for tasks to queue
[2023-06-13T23:14:49.989+0000] {logging_mixin.py:149} INFO - [2023-06-13T23:14:49.989+0000] {dagbag.py:541} INFO - Filling up the DagBag from /home/airflow/.local/lib/python3.7/site-packages/airflow/example_dags/example_kubernetes_executor.py
[2023-06-13T23:14:50.303+0000] {processor.py:836} INFO - DAG(s) dict_keys(['example_kubernetes_executor']) retrieved from /home/airflow/.local/lib/python3.7/site-packages/airflow/example_dags/example_kubernetes_executor.py
[2023-06-13T23:14:50.370+0000] {logging_mixin.py:149} INFO - [2023-06-13T23:14:50.370+0000] {dag.py:2726} INFO - Sync 1 DAGs
[2023-06-13T23:14:50.417+0000] {logging_mixin.py:149} INFO - [2023-06-13T23:14:50.416+0000] {dag.py:3490} INFO - Setting next_dagrun for example_kubernetes_executor to None, run_after=None
[2023-06-13T23:14:50.467+0000] {processor.py:179} INFO - Processing /home/airflow/.local/lib/python3.7/site-packages/airflow/example_dags/example_kubernetes_executor.py took 0.486 seconds
[2023-06-13T23:15:20.825+0000] {processor.py:157} INFO - Started process (PID=10232) to work on /home/airflow/.local/lib/python3.7/site-packages/airflow/example_dags/example_kubernetes_executor.py
[2023-06-13T23:15:20.827+0000] {processor.py:826} INFO - Processing file /home/airflow/.local/lib/python3.7/site-packages/airflow/example_dags/example_kubernetes_executor.py for tasks to queue
[2023-06-13T23:15:20.829+0000] {logging_mixin.py:149} INFO - [2023-06-13T23:15:20.828+0000] {dagbag.py:541} INFO - Filling up the DagBag from /home/airflow/.local/lib/python3.7/site-packages/airflow/example_dags/example_kubernetes_executor.py
[2023-06-13T23:15:21.170+0000] {processor.py:836} INFO - DAG(s) dict_keys(['example_kubernetes_executor']) retrieved from /home/airflow/.local/lib/python3.7/site-packages/airflow/example_dags/example_kubernetes_executor.py
[2023-06-13T23:15:21.241+0000] {logging_mixin.py:149} INFO - [2023-06-13T23:15:21.241+0000] {dag.py:2726} INFO - Sync 1 DAGs
[2023-06-13T23:15:21.288+0000] {logging_mixin.py:149} INFO - [2023-06-13T23:15:21.287+0000] {dag.py:3490} INFO - Setting next_dagrun for example_kubernetes_executor to None, run_after=None
[2023-06-13T23:15:21.347+0000] {processor.py:179} INFO - Processing /home/airflow/.local/lib/python3.7/site-packages/airflow/example_dags/example_kubernetes_executor.py took 0.526 seconds
[2023-06-13T23:15:51.534+0000] {processor.py:157} INFO - Started process (PID=10472) to work on /home/airflow/.local/lib/python3.7/site-packages/airflow/example_dags/example_kubernetes_executor.py
[2023-06-13T23:15:51.536+0000] {processor.py:826} INFO - Processing file /home/airflow/.local/lib/python3.7/site-packages/airflow/example_dags/example_kubernetes_executor.py for tasks to queue
[2023-06-13T23:15:51.538+0000] {logging_mixin.py:149} INFO - [2023-06-13T23:15:51.538+0000] {dagbag.py:541} INFO - Filling up the DagBag from /home/airflow/.local/lib/python3.7/site-packages/airflow/example_dags/example_kubernetes_executor.py
[2023-06-13T23:15:51.871+0000] {processor.py:836} INFO - DAG(s) dict_keys(['example_kubernetes_executor']) retrieved from /home/airflow/.local/lib/python3.7/site-packages/airflow/example_dags/example_kubernetes_executor.py
[2023-06-13T23:15:51.948+0000] {logging_mixin.py:149} INFO - [2023-06-13T23:15:51.947+0000] {dag.py:2726} INFO - Sync 1 DAGs
[2023-06-13T23:15:51.987+0000] {logging_mixin.py:149} INFO - [2023-06-13T23:15:51.987+0000] {dag.py:3490} INFO - Setting next_dagrun for example_kubernetes_executor to None, run_after=None
[2023-06-13T23:15:52.038+0000] {processor.py:179} INFO - Processing /home/airflow/.local/lib/python3.7/site-packages/airflow/example_dags/example_kubernetes_executor.py took 0.509 seconds
[2023-06-13T23:16:22.537+0000] {processor.py:157} INFO - Started process (PID=10712) to work on /home/airflow/.local/lib/python3.7/site-packages/airflow/example_dags/example_kubernetes_executor.py
[2023-06-13T23:16:22.541+0000] {processor.py:826} INFO - Processing file /home/airflow/.local/lib/python3.7/site-packages/airflow/example_dags/example_kubernetes_executor.py for tasks to queue
[2023-06-13T23:16:22.542+0000] {logging_mixin.py:149} INFO - [2023-06-13T23:16:22.542+0000] {dagbag.py:541} INFO - Filling up the DagBag from /home/airflow/.local/lib/python3.7/site-packages/airflow/example_dags/example_kubernetes_executor.py
[2023-06-13T23:16:23.006+0000] {processor.py:836} INFO - DAG(s) dict_keys(['example_kubernetes_executor']) retrieved from /home/airflow/.local/lib/python3.7/site-packages/airflow/example_dags/example_kubernetes_executor.py
[2023-06-13T23:16:23.079+0000] {logging_mixin.py:149} INFO - [2023-06-13T23:16:23.078+0000] {dag.py:2726} INFO - Sync 1 DAGs
[2023-06-13T23:16:23.129+0000] {logging_mixin.py:149} INFO - [2023-06-13T23:16:23.128+0000] {dag.py:3490} INFO - Setting next_dagrun for example_kubernetes_executor to None, run_after=None
[2023-06-13T23:16:23.186+0000] {processor.py:179} INFO - Processing /home/airflow/.local/lib/python3.7/site-packages/airflow/example_dags/example_kubernetes_executor.py took 0.654 seconds
[2023-06-13T23:16:53.699+0000] {processor.py:157} INFO - Started process (PID=10952) to work on /home/airflow/.local/lib/python3.7/site-packages/airflow/example_dags/example_kubernetes_executor.py
[2023-06-13T23:16:53.700+0000] {processor.py:826} INFO - Processing file /home/airflow/.local/lib/python3.7/site-packages/airflow/example_dags/example_kubernetes_executor.py for tasks to queue
[2023-06-13T23:16:53.702+0000] {logging_mixin.py:149} INFO - [2023-06-13T23:16:53.701+0000] {dagbag.py:541} INFO - Filling up the DagBag from /home/airflow/.local/lib/python3.7/site-packages/airflow/example_dags/example_kubernetes_executor.py
[2023-06-13T23:16:53.961+0000] {processor.py:836} INFO - DAG(s) dict_keys(['example_kubernetes_executor']) retrieved from /home/airflow/.local/lib/python3.7/site-packages/airflow/example_dags/example_kubernetes_executor.py
[2023-06-13T23:16:54.023+0000] {logging_mixin.py:149} INFO - [2023-06-13T23:16:54.023+0000] {dag.py:2726} INFO - Sync 1 DAGs
[2023-06-13T23:16:54.067+0000] {logging_mixin.py:149} INFO - [2023-06-13T23:16:54.067+0000] {dag.py:3490} INFO - Setting next_dagrun for example_kubernetes_executor to None, run_after=None
[2023-06-13T23:16:54.108+0000] {processor.py:179} INFO - Processing /home/airflow/.local/lib/python3.7/site-packages/airflow/example_dags/example_kubernetes_executor.py took 0.413 seconds
[2023-06-13T23:17:24.285+0000] {processor.py:157} INFO - Started process (PID=11193) to work on /home/airflow/.local/lib/python3.7/site-packages/airflow/example_dags/example_kubernetes_executor.py
[2023-06-13T23:17:24.289+0000] {processor.py:826} INFO - Processing file /home/airflow/.local/lib/python3.7/site-packages/airflow/example_dags/example_kubernetes_executor.py for tasks to queue
[2023-06-13T23:17:24.290+0000] {logging_mixin.py:149} INFO - [2023-06-13T23:17:24.290+0000] {dagbag.py:541} INFO - Filling up the DagBag from /home/airflow/.local/lib/python3.7/site-packages/airflow/example_dags/example_kubernetes_executor.py
[2023-06-13T23:17:24.714+0000] {processor.py:836} INFO - DAG(s) dict_keys(['example_kubernetes_executor']) retrieved from /home/airflow/.local/lib/python3.7/site-packages/airflow/example_dags/example_kubernetes_executor.py
[2023-06-13T23:17:24.782+0000] {logging_mixin.py:149} INFO - [2023-06-13T23:17:24.782+0000] {dag.py:2726} INFO - Sync 1 DAGs
[2023-06-13T23:17:24.829+0000] {logging_mixin.py:149} INFO - [2023-06-13T23:17:24.828+0000] {dag.py:3490} INFO - Setting next_dagrun for example_kubernetes_executor to None, run_after=None
[2023-06-13T23:17:24.880+0000] {processor.py:179} INFO - Processing /home/airflow/.local/lib/python3.7/site-packages/airflow/example_dags/example_kubernetes_executor.py took 0.600 seconds
[2023-06-13T23:17:55.292+0000] {processor.py:157} INFO - Started process (PID=11433) to work on /home/airflow/.local/lib/python3.7/site-packages/airflow/example_dags/example_kubernetes_executor.py
[2023-06-13T23:17:55.295+0000] {processor.py:826} INFO - Processing file /home/airflow/.local/lib/python3.7/site-packages/airflow/example_dags/example_kubernetes_executor.py for tasks to queue
[2023-06-13T23:17:55.297+0000] {logging_mixin.py:149} INFO - [2023-06-13T23:17:55.297+0000] {dagbag.py:541} INFO - Filling up the DagBag from /home/airflow/.local/lib/python3.7/site-packages/airflow/example_dags/example_kubernetes_executor.py
[2023-06-13T23:17:55.747+0000] {processor.py:836} INFO - DAG(s) dict_keys(['example_kubernetes_executor']) retrieved from /home/airflow/.local/lib/python3.7/site-packages/airflow/example_dags/example_kubernetes_executor.py
[2023-06-13T23:17:55.850+0000] {logging_mixin.py:149} INFO - [2023-06-13T23:17:55.850+0000] {dag.py:2726} INFO - Sync 1 DAGs
[2023-06-13T23:17:55.920+0000] {logging_mixin.py:149} INFO - [2023-06-13T23:17:55.920+0000] {dag.py:3490} INFO - Setting next_dagrun for example_kubernetes_executor to None, run_after=None
[2023-06-13T23:17:56.005+0000] {processor.py:179} INFO - Processing /home/airflow/.local/lib/python3.7/site-packages/airflow/example_dags/example_kubernetes_executor.py took 0.718 seconds
[2023-06-13T23:18:26.914+0000] {processor.py:157} INFO - Started process (PID=11673) to work on /home/airflow/.local/lib/python3.7/site-packages/airflow/example_dags/example_kubernetes_executor.py
[2023-06-13T23:18:26.917+0000] {processor.py:826} INFO - Processing file /home/airflow/.local/lib/python3.7/site-packages/airflow/example_dags/example_kubernetes_executor.py for tasks to queue
[2023-06-13T23:18:26.918+0000] {logging_mixin.py:149} INFO - [2023-06-13T23:18:26.918+0000] {dagbag.py:541} INFO - Filling up the DagBag from /home/airflow/.local/lib/python3.7/site-packages/airflow/example_dags/example_kubernetes_executor.py
[2023-06-13T23:18:27.394+0000] {processor.py:836} INFO - DAG(s) dict_keys(['example_kubernetes_executor']) retrieved from /home/airflow/.local/lib/python3.7/site-packages/airflow/example_dags/example_kubernetes_executor.py
[2023-06-13T23:18:27.519+0000] {logging_mixin.py:149} INFO - [2023-06-13T23:18:27.519+0000] {dag.py:2726} INFO - Sync 1 DAGs
[2023-06-13T23:18:27.580+0000] {logging_mixin.py:149} INFO - [2023-06-13T23:18:27.580+0000] {dag.py:3490} INFO - Setting next_dagrun for example_kubernetes_executor to None, run_after=None
[2023-06-13T23:18:27.664+0000] {processor.py:179} INFO - Processing /home/airflow/.local/lib/python3.7/site-packages/airflow/example_dags/example_kubernetes_executor.py took 0.757 seconds
[2023-06-13T23:18:58.207+0000] {processor.py:157} INFO - Started process (PID=11913) to work on /home/airflow/.local/lib/python3.7/site-packages/airflow/example_dags/example_kubernetes_executor.py
[2023-06-13T23:18:58.210+0000] {processor.py:826} INFO - Processing file /home/airflow/.local/lib/python3.7/site-packages/airflow/example_dags/example_kubernetes_executor.py for tasks to queue
[2023-06-13T23:18:58.213+0000] {logging_mixin.py:149} INFO - [2023-06-13T23:18:58.212+0000] {dagbag.py:541} INFO - Filling up the DagBag from /home/airflow/.local/lib/python3.7/site-packages/airflow/example_dags/example_kubernetes_executor.py
[2023-06-13T23:18:58.807+0000] {processor.py:836} INFO - DAG(s) dict_keys(['example_kubernetes_executor']) retrieved from /home/airflow/.local/lib/python3.7/site-packages/airflow/example_dags/example_kubernetes_executor.py
[2023-06-13T23:18:58.893+0000] {logging_mixin.py:149} INFO - [2023-06-13T23:18:58.893+0000] {dag.py:2726} INFO - Sync 1 DAGs
[2023-06-13T23:18:58.958+0000] {logging_mixin.py:149} INFO - [2023-06-13T23:18:58.958+0000] {dag.py:3490} INFO - Setting next_dagrun for example_kubernetes_executor to None, run_after=None
[2023-06-13T23:18:59.013+0000] {processor.py:179} INFO - Processing /home/airflow/.local/lib/python3.7/site-packages/airflow/example_dags/example_kubernetes_executor.py took 0.824 seconds
[2023-06-13T23:19:29.080+0000] {processor.py:157} INFO - Started process (PID=12153) to work on /home/airflow/.local/lib/python3.7/site-packages/airflow/example_dags/example_kubernetes_executor.py
[2023-06-13T23:19:29.085+0000] {processor.py:826} INFO - Processing file /home/airflow/.local/lib/python3.7/site-packages/airflow/example_dags/example_kubernetes_executor.py for tasks to queue
[2023-06-13T23:19:29.087+0000] {logging_mixin.py:149} INFO - [2023-06-13T23:19:29.086+0000] {dagbag.py:541} INFO - Filling up the DagBag from /home/airflow/.local/lib/python3.7/site-packages/airflow/example_dags/example_kubernetes_executor.py
[2023-06-13T23:19:29.466+0000] {processor.py:836} INFO - DAG(s) dict_keys(['example_kubernetes_executor']) retrieved from /home/airflow/.local/lib/python3.7/site-packages/airflow/example_dags/example_kubernetes_executor.py
[2023-06-13T23:19:29.555+0000] {logging_mixin.py:149} INFO - [2023-06-13T23:19:29.554+0000] {dag.py:2726} INFO - Sync 1 DAGs
[2023-06-13T23:19:29.621+0000] {logging_mixin.py:149} INFO - [2023-06-13T23:19:29.621+0000] {dag.py:3490} INFO - Setting next_dagrun for example_kubernetes_executor to None, run_after=None
[2023-06-13T23:19:29.686+0000] {processor.py:179} INFO - Processing /home/airflow/.local/lib/python3.7/site-packages/airflow/example_dags/example_kubernetes_executor.py took 0.610 seconds
[2023-06-13T23:20:00.068+0000] {processor.py:157} INFO - Started process (PID=12393) to work on /home/airflow/.local/lib/python3.7/site-packages/airflow/example_dags/example_kubernetes_executor.py
[2023-06-13T23:20:00.069+0000] {processor.py:826} INFO - Processing file /home/airflow/.local/lib/python3.7/site-packages/airflow/example_dags/example_kubernetes_executor.py for tasks to queue
[2023-06-13T23:20:00.070+0000] {logging_mixin.py:149} INFO - [2023-06-13T23:20:00.070+0000] {dagbag.py:541} INFO - Filling up the DagBag from /home/airflow/.local/lib/python3.7/site-packages/airflow/example_dags/example_kubernetes_executor.py
[2023-06-13T23:20:00.555+0000] {processor.py:836} INFO - DAG(s) dict_keys(['example_kubernetes_executor']) retrieved from /home/airflow/.local/lib/python3.7/site-packages/airflow/example_dags/example_kubernetes_executor.py
[2023-06-13T23:20:00.695+0000] {logging_mixin.py:149} INFO - [2023-06-13T23:20:00.694+0000] {dag.py:2726} INFO - Sync 1 DAGs
[2023-06-13T23:20:00.756+0000] {logging_mixin.py:149} INFO - [2023-06-13T23:20:00.756+0000] {dag.py:3490} INFO - Setting next_dagrun for example_kubernetes_executor to None, run_after=None
[2023-06-13T23:20:00.814+0000] {processor.py:179} INFO - Processing /home/airflow/.local/lib/python3.7/site-packages/airflow/example_dags/example_kubernetes_executor.py took 0.753 seconds
[2023-06-13T23:20:31.438+0000] {processor.py:157} INFO - Started process (PID=12640) to work on /home/airflow/.local/lib/python3.7/site-packages/airflow/example_dags/example_kubernetes_executor.py
[2023-06-13T23:20:31.441+0000] {processor.py:826} INFO - Processing file /home/airflow/.local/lib/python3.7/site-packages/airflow/example_dags/example_kubernetes_executor.py for tasks to queue
[2023-06-13T23:20:31.442+0000] {logging_mixin.py:149} INFO - [2023-06-13T23:20:31.442+0000] {dagbag.py:541} INFO - Filling up the DagBag from /home/airflow/.local/lib/python3.7/site-packages/airflow/example_dags/example_kubernetes_executor.py
[2023-06-13T23:20:31.961+0000] {processor.py:836} INFO - DAG(s) dict_keys(['example_kubernetes_executor']) retrieved from /home/airflow/.local/lib/python3.7/site-packages/airflow/example_dags/example_kubernetes_executor.py
[2023-06-13T23:20:32.058+0000] {logging_mixin.py:149} INFO - [2023-06-13T23:20:32.057+0000] {dag.py:2726} INFO - Sync 1 DAGs
[2023-06-13T23:20:32.121+0000] {logging_mixin.py:149} INFO - [2023-06-13T23:20:32.121+0000] {dag.py:3490} INFO - Setting next_dagrun for example_kubernetes_executor to None, run_after=None
[2023-06-13T23:20:32.200+0000] {processor.py:179} INFO - Processing /home/airflow/.local/lib/python3.7/site-packages/airflow/example_dags/example_kubernetes_executor.py took 0.767 seconds
[2023-06-13T23:21:02.842+0000] {processor.py:157} INFO - Started process (PID=12879) to work on /home/airflow/.local/lib/python3.7/site-packages/airflow/example_dags/example_kubernetes_executor.py
[2023-06-13T23:21:02.845+0000] {processor.py:826} INFO - Processing file /home/airflow/.local/lib/python3.7/site-packages/airflow/example_dags/example_kubernetes_executor.py for tasks to queue
[2023-06-13T23:21:02.847+0000] {logging_mixin.py:149} INFO - [2023-06-13T23:21:02.846+0000] {dagbag.py:541} INFO - Filling up the DagBag from /home/airflow/.local/lib/python3.7/site-packages/airflow/example_dags/example_kubernetes_executor.py
[2023-06-13T23:21:03.448+0000] {processor.py:836} INFO - DAG(s) dict_keys(['example_kubernetes_executor']) retrieved from /home/airflow/.local/lib/python3.7/site-packages/airflow/example_dags/example_kubernetes_executor.py
[2023-06-13T23:21:03.537+0000] {logging_mixin.py:149} INFO - [2023-06-13T23:21:03.536+0000] {dag.py:2726} INFO - Sync 1 DAGs
[2023-06-13T23:21:03.603+0000] {logging_mixin.py:149} INFO - [2023-06-13T23:21:03.603+0000] {dag.py:3490} INFO - Setting next_dagrun for example_kubernetes_executor to None, run_after=None
[2023-06-13T23:21:03.669+0000] {processor.py:179} INFO - Processing /home/airflow/.local/lib/python3.7/site-packages/airflow/example_dags/example_kubernetes_executor.py took 0.834 seconds
[2023-06-13T23:21:33.850+0000] {processor.py:157} INFO - Started process (PID=13118) to work on /home/airflow/.local/lib/python3.7/site-packages/airflow/example_dags/example_kubernetes_executor.py
[2023-06-13T23:21:33.853+0000] {processor.py:826} INFO - Processing file /home/airflow/.local/lib/python3.7/site-packages/airflow/example_dags/example_kubernetes_executor.py for tasks to queue
[2023-06-13T23:21:33.853+0000] {logging_mixin.py:149} INFO - [2023-06-13T23:21:33.853+0000] {dagbag.py:541} INFO - Filling up the DagBag from /home/airflow/.local/lib/python3.7/site-packages/airflow/example_dags/example_kubernetes_executor.py
[2023-06-13T23:21:34.430+0000] {processor.py:836} INFO - DAG(s) dict_keys(['example_kubernetes_executor']) retrieved from /home/airflow/.local/lib/python3.7/site-packages/airflow/example_dags/example_kubernetes_executor.py
[2023-06-13T23:21:34.529+0000] {logging_mixin.py:149} INFO - [2023-06-13T23:21:34.528+0000] {dag.py:2726} INFO - Sync 1 DAGs
[2023-06-13T23:21:34.603+0000] {logging_mixin.py:149} INFO - [2023-06-13T23:21:34.602+0000] {dag.py:3490} INFO - Setting next_dagrun for example_kubernetes_executor to None, run_after=None
[2023-06-13T23:21:34.674+0000] {processor.py:179} INFO - Processing /home/airflow/.local/lib/python3.7/site-packages/airflow/example_dags/example_kubernetes_executor.py took 0.831 seconds
[2023-06-13T23:22:05.187+0000] {processor.py:157} INFO - Started process (PID=13358) to work on /home/airflow/.local/lib/python3.7/site-packages/airflow/example_dags/example_kubernetes_executor.py
[2023-06-13T23:22:05.192+0000] {processor.py:826} INFO - Processing file /home/airflow/.local/lib/python3.7/site-packages/airflow/example_dags/example_kubernetes_executor.py for tasks to queue
[2023-06-13T23:22:05.193+0000] {logging_mixin.py:149} INFO - [2023-06-13T23:22:05.193+0000] {dagbag.py:541} INFO - Filling up the DagBag from /home/airflow/.local/lib/python3.7/site-packages/airflow/example_dags/example_kubernetes_executor.py
[2023-06-13T23:22:05.539+0000] {processor.py:836} INFO - DAG(s) dict_keys(['example_kubernetes_executor']) retrieved from /home/airflow/.local/lib/python3.7/site-packages/airflow/example_dags/example_kubernetes_executor.py
[2023-06-13T23:22:05.601+0000] {logging_mixin.py:149} INFO - [2023-06-13T23:22:05.601+0000] {dag.py:2726} INFO - Sync 1 DAGs
[2023-06-13T23:22:05.641+0000] {logging_mixin.py:149} INFO - [2023-06-13T23:22:05.641+0000] {dag.py:3490} INFO - Setting next_dagrun for example_kubernetes_executor to None, run_after=None
[2023-06-13T23:22:05.685+0000] {processor.py:179} INFO - Processing /home/airflow/.local/lib/python3.7/site-packages/airflow/example_dags/example_kubernetes_executor.py took 0.502 seconds
[2023-06-13T23:22:36.235+0000] {processor.py:157} INFO - Started process (PID=13598) to work on /home/airflow/.local/lib/python3.7/site-packages/airflow/example_dags/example_kubernetes_executor.py
[2023-06-13T23:22:36.236+0000] {processor.py:826} INFO - Processing file /home/airflow/.local/lib/python3.7/site-packages/airflow/example_dags/example_kubernetes_executor.py for tasks to queue
[2023-06-13T23:22:36.238+0000] {logging_mixin.py:149} INFO - [2023-06-13T23:22:36.237+0000] {dagbag.py:541} INFO - Filling up the DagBag from /home/airflow/.local/lib/python3.7/site-packages/airflow/example_dags/example_kubernetes_executor.py
[2023-06-13T23:22:36.538+0000] {processor.py:836} INFO - DAG(s) dict_keys(['example_kubernetes_executor']) retrieved from /home/airflow/.local/lib/python3.7/site-packages/airflow/example_dags/example_kubernetes_executor.py
[2023-06-13T23:22:36.594+0000] {logging_mixin.py:149} INFO - [2023-06-13T23:22:36.594+0000] {dag.py:2726} INFO - Sync 1 DAGs
[2023-06-13T23:22:36.630+0000] {logging_mixin.py:149} INFO - [2023-06-13T23:22:36.630+0000] {dag.py:3490} INFO - Setting next_dagrun for example_kubernetes_executor to None, run_after=None
[2023-06-13T23:22:36.680+0000] {processor.py:179} INFO - Processing /home/airflow/.local/lib/python3.7/site-packages/airflow/example_dags/example_kubernetes_executor.py took 0.450 seconds
[2023-06-13T23:23:07.093+0000] {processor.py:157} INFO - Started process (PID=13838) to work on /home/airflow/.local/lib/python3.7/site-packages/airflow/example_dags/example_kubernetes_executor.py
[2023-06-13T23:23:07.095+0000] {processor.py:826} INFO - Processing file /home/airflow/.local/lib/python3.7/site-packages/airflow/example_dags/example_kubernetes_executor.py for tasks to queue
[2023-06-13T23:23:07.096+0000] {logging_mixin.py:149} INFO - [2023-06-13T23:23:07.096+0000] {dagbag.py:541} INFO - Filling up the DagBag from /home/airflow/.local/lib/python3.7/site-packages/airflow/example_dags/example_kubernetes_executor.py
[2023-06-13T23:23:07.448+0000] {processor.py:836} INFO - DAG(s) dict_keys(['example_kubernetes_executor']) retrieved from /home/airflow/.local/lib/python3.7/site-packages/airflow/example_dags/example_kubernetes_executor.py
[2023-06-13T23:23:07.506+0000] {logging_mixin.py:149} INFO - [2023-06-13T23:23:07.505+0000] {dag.py:2726} INFO - Sync 1 DAGs
[2023-06-13T23:23:07.562+0000] {logging_mixin.py:149} INFO - [2023-06-13T23:23:07.562+0000] {dag.py:3490} INFO - Setting next_dagrun for example_kubernetes_executor to None, run_after=None
[2023-06-13T23:23:07.619+0000] {processor.py:179} INFO - Processing /home/airflow/.local/lib/python3.7/site-packages/airflow/example_dags/example_kubernetes_executor.py took 0.531 seconds
[2023-06-13T23:23:38.075+0000] {processor.py:157} INFO - Started process (PID=14078) to work on /home/airflow/.local/lib/python3.7/site-packages/airflow/example_dags/example_kubernetes_executor.py
[2023-06-13T23:23:38.076+0000] {processor.py:826} INFO - Processing file /home/airflow/.local/lib/python3.7/site-packages/airflow/example_dags/example_kubernetes_executor.py for tasks to queue
[2023-06-13T23:23:38.078+0000] {logging_mixin.py:149} INFO - [2023-06-13T23:23:38.077+0000] {dagbag.py:541} INFO - Filling up the DagBag from /home/airflow/.local/lib/python3.7/site-packages/airflow/example_dags/example_kubernetes_executor.py
[2023-06-13T23:23:38.415+0000] {processor.py:836} INFO - DAG(s) dict_keys(['example_kubernetes_executor']) retrieved from /home/airflow/.local/lib/python3.7/site-packages/airflow/example_dags/example_kubernetes_executor.py
[2023-06-13T23:23:38.479+0000] {logging_mixin.py:149} INFO - [2023-06-13T23:23:38.479+0000] {dag.py:2726} INFO - Sync 1 DAGs
[2023-06-13T23:23:38.516+0000] {logging_mixin.py:149} INFO - [2023-06-13T23:23:38.515+0000] {dag.py:3490} INFO - Setting next_dagrun for example_kubernetes_executor to None, run_after=None
[2023-06-13T23:23:38.558+0000] {processor.py:179} INFO - Processing /home/airflow/.local/lib/python3.7/site-packages/airflow/example_dags/example_kubernetes_executor.py took 0.491 seconds
[2023-06-13T23:24:08.653+0000] {processor.py:157} INFO - Started process (PID=14318) to work on /home/airflow/.local/lib/python3.7/site-packages/airflow/example_dags/example_kubernetes_executor.py
[2023-06-13T23:24:08.657+0000] {processor.py:826} INFO - Processing file /home/airflow/.local/lib/python3.7/site-packages/airflow/example_dags/example_kubernetes_executor.py for tasks to queue
[2023-06-13T23:24:08.660+0000] {logging_mixin.py:149} INFO - [2023-06-13T23:24:08.659+0000] {dagbag.py:541} INFO - Filling up the DagBag from /home/airflow/.local/lib/python3.7/site-packages/airflow/example_dags/example_kubernetes_executor.py
[2023-06-13T23:24:09.029+0000] {processor.py:836} INFO - DAG(s) dict_keys(['example_kubernetes_executor']) retrieved from /home/airflow/.local/lib/python3.7/site-packages/airflow/example_dags/example_kubernetes_executor.py
[2023-06-13T23:24:09.113+0000] {logging_mixin.py:149} INFO - [2023-06-13T23:24:09.112+0000] {dag.py:2726} INFO - Sync 1 DAGs
[2023-06-13T23:24:09.162+0000] {logging_mixin.py:149} INFO - [2023-06-13T23:24:09.162+0000] {dag.py:3490} INFO - Setting next_dagrun for example_kubernetes_executor to None, run_after=None
[2023-06-13T23:24:09.229+0000] {processor.py:179} INFO - Processing /home/airflow/.local/lib/python3.7/site-packages/airflow/example_dags/example_kubernetes_executor.py took 0.583 seconds
[2023-06-13T23:24:39.330+0000] {processor.py:157} INFO - Started process (PID=14558) to work on /home/airflow/.local/lib/python3.7/site-packages/airflow/example_dags/example_kubernetes_executor.py
[2023-06-13T23:24:39.331+0000] {processor.py:826} INFO - Processing file /home/airflow/.local/lib/python3.7/site-packages/airflow/example_dags/example_kubernetes_executor.py for tasks to queue
[2023-06-13T23:24:39.332+0000] {logging_mixin.py:149} INFO - [2023-06-13T23:24:39.331+0000] {dagbag.py:541} INFO - Filling up the DagBag from /home/airflow/.local/lib/python3.7/site-packages/airflow/example_dags/example_kubernetes_executor.py
[2023-06-13T23:24:39.691+0000] {processor.py:836} INFO - DAG(s) dict_keys(['example_kubernetes_executor']) retrieved from /home/airflow/.local/lib/python3.7/site-packages/airflow/example_dags/example_kubernetes_executor.py
[2023-06-13T23:24:39.754+0000] {logging_mixin.py:149} INFO - [2023-06-13T23:24:39.754+0000] {dag.py:2726} INFO - Sync 1 DAGs
[2023-06-13T23:24:39.815+0000] {logging_mixin.py:149} INFO - [2023-06-13T23:24:39.815+0000] {dag.py:3490} INFO - Setting next_dagrun for example_kubernetes_executor to None, run_after=None
[2023-06-13T23:24:39.866+0000] {processor.py:179} INFO - Processing /home/airflow/.local/lib/python3.7/site-packages/airflow/example_dags/example_kubernetes_executor.py took 0.541 seconds
[2023-06-13T23:25:10.703+0000] {processor.py:157} INFO - Started process (PID=14808) to work on /home/airflow/.local/lib/python3.7/site-packages/airflow/example_dags/example_kubernetes_executor.py
[2023-06-13T23:25:10.706+0000] {processor.py:826} INFO - Processing file /home/airflow/.local/lib/python3.7/site-packages/airflow/example_dags/example_kubernetes_executor.py for tasks to queue
[2023-06-13T23:25:10.708+0000] {logging_mixin.py:149} INFO - [2023-06-13T23:25:10.708+0000] {dagbag.py:541} INFO - Filling up the DagBag from /home/airflow/.local/lib/python3.7/site-packages/airflow/example_dags/example_kubernetes_executor.py
[2023-06-13T23:25:11.167+0000] {processor.py:836} INFO - DAG(s) dict_keys(['example_kubernetes_executor']) retrieved from /home/airflow/.local/lib/python3.7/site-packages/airflow/example_dags/example_kubernetes_executor.py
[2023-06-13T23:25:11.259+0000] {logging_mixin.py:149} INFO - [2023-06-13T23:25:11.258+0000] {dag.py:2726} INFO - Sync 1 DAGs
[2023-06-13T23:25:11.304+0000] {logging_mixin.py:149} INFO - [2023-06-13T23:25:11.303+0000] {dag.py:3490} INFO - Setting next_dagrun for example_kubernetes_executor to None, run_after=None
[2023-06-13T23:25:11.372+0000] {processor.py:179} INFO - Processing /home/airflow/.local/lib/python3.7/site-packages/airflow/example_dags/example_kubernetes_executor.py took 0.677 seconds
[2023-06-13T23:25:42.267+0000] {processor.py:157} INFO - Started process (PID=15049) to work on /home/airflow/.local/lib/python3.7/site-packages/airflow/example_dags/example_kubernetes_executor.py
[2023-06-13T23:25:42.269+0000] {processor.py:826} INFO - Processing file /home/airflow/.local/lib/python3.7/site-packages/airflow/example_dags/example_kubernetes_executor.py for tasks to queue
[2023-06-13T23:25:42.272+0000] {logging_mixin.py:149} INFO - [2023-06-13T23:25:42.271+0000] {dagbag.py:541} INFO - Filling up the DagBag from /home/airflow/.local/lib/python3.7/site-packages/airflow/example_dags/example_kubernetes_executor.py
[2023-06-13T23:25:42.761+0000] {processor.py:836} INFO - DAG(s) dict_keys(['example_kubernetes_executor']) retrieved from /home/airflow/.local/lib/python3.7/site-packages/airflow/example_dags/example_kubernetes_executor.py
[2023-06-13T23:25:42.846+0000] {logging_mixin.py:149} INFO - [2023-06-13T23:25:42.845+0000] {dag.py:2726} INFO - Sync 1 DAGs
[2023-06-13T23:25:42.892+0000] {logging_mixin.py:149} INFO - [2023-06-13T23:25:42.892+0000] {dag.py:3490} INFO - Setting next_dagrun for example_kubernetes_executor to None, run_after=None
[2023-06-13T23:25:42.950+0000] {processor.py:179} INFO - Processing /home/airflow/.local/lib/python3.7/site-packages/airflow/example_dags/example_kubernetes_executor.py took 0.689 seconds
