[2023-06-13T22:54:09.007+0000] {processor.py:157} INFO - Started process (PID=223) to work on /home/airflow/.local/lib/python3.7/site-packages/airflow/example_dags/example_branch_day_of_week_operator.py
[2023-06-13T22:54:09.009+0000] {processor.py:826} INFO - Processing file /home/airflow/.local/lib/python3.7/site-packages/airflow/example_dags/example_branch_day_of_week_operator.py for tasks to queue
[2023-06-13T22:54:09.010+0000] {logging_mixin.py:149} INFO - [2023-06-13T22:54:09.009+0000] {dagbag.py:541} INFO - Filling up the DagBag from /home/airflow/.local/lib/python3.7/site-packages/airflow/example_dags/example_branch_day_of_week_operator.py
[2023-06-13T22:54:09.025+0000] {processor.py:836} INFO - DAG(s) dict_keys(['example_weekday_branch_operator']) retrieved from /home/airflow/.local/lib/python3.7/site-packages/airflow/example_dags/example_branch_day_of_week_operator.py
[2023-06-13T22:54:09.103+0000] {logging_mixin.py:149} INFO - [2023-06-13T22:54:09.103+0000] {dag.py:2726} INFO - Sync 1 DAGs
[2023-06-13T22:54:09.178+0000] {logging_mixin.py:149} INFO - [2023-06-13T22:54:09.178+0000] {dag.py:3490} INFO - Setting next_dagrun for example_weekday_branch_operator to 2023-06-12T00:00:00+00:00, run_after=2023-06-13T00:00:00+00:00
[2023-06-13T22:54:09.237+0000] {processor.py:179} INFO - Processing /home/airflow/.local/lib/python3.7/site-packages/airflow/example_dags/example_branch_day_of_week_operator.py took 0.235 seconds
[2023-06-13T22:54:40.129+0000] {processor.py:157} INFO - Started process (PID=463) to work on /home/airflow/.local/lib/python3.7/site-packages/airflow/example_dags/example_branch_day_of_week_operator.py
[2023-06-13T22:54:40.130+0000] {processor.py:826} INFO - Processing file /home/airflow/.local/lib/python3.7/site-packages/airflow/example_dags/example_branch_day_of_week_operator.py for tasks to queue
[2023-06-13T22:54:40.132+0000] {logging_mixin.py:149} INFO - [2023-06-13T22:54:40.131+0000] {dagbag.py:541} INFO - Filling up the DagBag from /home/airflow/.local/lib/python3.7/site-packages/airflow/example_dags/example_branch_day_of_week_operator.py
[2023-06-13T22:54:40.146+0000] {processor.py:836} INFO - DAG(s) dict_keys(['example_weekday_branch_operator']) retrieved from /home/airflow/.local/lib/python3.7/site-packages/airflow/example_dags/example_branch_day_of_week_operator.py
[2023-06-13T22:54:40.203+0000] {logging_mixin.py:149} INFO - [2023-06-13T22:54:40.202+0000] {dag.py:2726} INFO - Sync 1 DAGs
[2023-06-13T22:54:40.247+0000] {logging_mixin.py:149} INFO - [2023-06-13T22:54:40.247+0000] {dag.py:3490} INFO - Setting next_dagrun for example_weekday_branch_operator to 2023-06-12T00:00:00+00:00, run_after=2023-06-13T00:00:00+00:00
[2023-06-13T22:54:40.500+0000] {processor.py:179} INFO - Processing /home/airflow/.local/lib/python3.7/site-packages/airflow/example_dags/example_branch_day_of_week_operator.py took 0.378 seconds
[2023-06-13T22:55:11.783+0000] {processor.py:157} INFO - Started process (PID=703) to work on /home/airflow/.local/lib/python3.7/site-packages/airflow/example_dags/example_branch_day_of_week_operator.py
[2023-06-13T22:55:11.787+0000] {processor.py:826} INFO - Processing file /home/airflow/.local/lib/python3.7/site-packages/airflow/example_dags/example_branch_day_of_week_operator.py for tasks to queue
[2023-06-13T22:55:11.788+0000] {logging_mixin.py:149} INFO - [2023-06-13T22:55:11.788+0000] {dagbag.py:541} INFO - Filling up the DagBag from /home/airflow/.local/lib/python3.7/site-packages/airflow/example_dags/example_branch_day_of_week_operator.py
[2023-06-13T22:55:11.804+0000] {processor.py:836} INFO - DAG(s) dict_keys(['example_weekday_branch_operator']) retrieved from /home/airflow/.local/lib/python3.7/site-packages/airflow/example_dags/example_branch_day_of_week_operator.py
[2023-06-13T22:55:12.086+0000] {logging_mixin.py:149} INFO - [2023-06-13T22:55:12.085+0000] {dag.py:2726} INFO - Sync 1 DAGs
[2023-06-13T22:55:12.140+0000] {logging_mixin.py:149} INFO - [2023-06-13T22:55:12.140+0000] {dag.py:3490} INFO - Setting next_dagrun for example_weekday_branch_operator to 2023-06-12T00:00:00+00:00, run_after=2023-06-13T00:00:00+00:00
[2023-06-13T22:55:12.200+0000] {processor.py:179} INFO - Processing /home/airflow/.local/lib/python3.7/site-packages/airflow/example_dags/example_branch_day_of_week_operator.py took 0.422 seconds
[2023-06-13T22:55:42.693+0000] {processor.py:157} INFO - Started process (PID=956) to work on /home/airflow/.local/lib/python3.7/site-packages/airflow/example_dags/example_branch_day_of_week_operator.py
[2023-06-13T22:55:42.698+0000] {processor.py:826} INFO - Processing file /home/airflow/.local/lib/python3.7/site-packages/airflow/example_dags/example_branch_day_of_week_operator.py for tasks to queue
[2023-06-13T22:55:42.699+0000] {logging_mixin.py:149} INFO - [2023-06-13T22:55:42.699+0000] {dagbag.py:541} INFO - Filling up the DagBag from /home/airflow/.local/lib/python3.7/site-packages/airflow/example_dags/example_branch_day_of_week_operator.py
[2023-06-13T22:55:42.717+0000] {processor.py:836} INFO - DAG(s) dict_keys(['example_weekday_branch_operator']) retrieved from /home/airflow/.local/lib/python3.7/site-packages/airflow/example_dags/example_branch_day_of_week_operator.py
[2023-06-13T22:55:42.822+0000] {logging_mixin.py:149} INFO - [2023-06-13T22:55:42.821+0000] {dag.py:2726} INFO - Sync 1 DAGs
[2023-06-13T22:55:42.882+0000] {logging_mixin.py:149} INFO - [2023-06-13T22:55:42.882+0000] {dag.py:3490} INFO - Setting next_dagrun for example_weekday_branch_operator to 2023-06-12T00:00:00+00:00, run_after=2023-06-13T00:00:00+00:00
[2023-06-13T22:55:42.954+0000] {processor.py:179} INFO - Processing /home/airflow/.local/lib/python3.7/site-packages/airflow/example_dags/example_branch_day_of_week_operator.py took 0.267 seconds
[2023-06-13T22:56:13.242+0000] {processor.py:157} INFO - Started process (PID=1194) to work on /home/airflow/.local/lib/python3.7/site-packages/airflow/example_dags/example_branch_day_of_week_operator.py
[2023-06-13T22:56:13.245+0000] {processor.py:826} INFO - Processing file /home/airflow/.local/lib/python3.7/site-packages/airflow/example_dags/example_branch_day_of_week_operator.py for tasks to queue
[2023-06-13T22:56:13.246+0000] {logging_mixin.py:149} INFO - [2023-06-13T22:56:13.246+0000] {dagbag.py:541} INFO - Filling up the DagBag from /home/airflow/.local/lib/python3.7/site-packages/airflow/example_dags/example_branch_day_of_week_operator.py
[2023-06-13T22:56:13.263+0000] {processor.py:836} INFO - DAG(s) dict_keys(['example_weekday_branch_operator']) retrieved from /home/airflow/.local/lib/python3.7/site-packages/airflow/example_dags/example_branch_day_of_week_operator.py
[2023-06-13T22:56:13.327+0000] {logging_mixin.py:149} INFO - [2023-06-13T22:56:13.327+0000] {dag.py:2726} INFO - Sync 1 DAGs
[2023-06-13T22:56:13.401+0000] {logging_mixin.py:149} INFO - [2023-06-13T22:56:13.401+0000] {dag.py:3490} INFO - Setting next_dagrun for example_weekday_branch_operator to 2023-06-12T00:00:00+00:00, run_after=2023-06-13T00:00:00+00:00
[2023-06-13T22:56:13.469+0000] {processor.py:179} INFO - Processing /home/airflow/.local/lib/python3.7/site-packages/airflow/example_dags/example_branch_day_of_week_operator.py took 0.235 seconds
[2023-06-13T22:56:44.085+0000] {processor.py:157} INFO - Started process (PID=1434) to work on /home/airflow/.local/lib/python3.7/site-packages/airflow/example_dags/example_branch_day_of_week_operator.py
[2023-06-13T22:56:44.087+0000] {processor.py:826} INFO - Processing file /home/airflow/.local/lib/python3.7/site-packages/airflow/example_dags/example_branch_day_of_week_operator.py for tasks to queue
[2023-06-13T22:56:44.088+0000] {logging_mixin.py:149} INFO - [2023-06-13T22:56:44.088+0000] {dagbag.py:541} INFO - Filling up the DagBag from /home/airflow/.local/lib/python3.7/site-packages/airflow/example_dags/example_branch_day_of_week_operator.py
[2023-06-13T22:56:44.099+0000] {processor.py:836} INFO - DAG(s) dict_keys(['example_weekday_branch_operator']) retrieved from /home/airflow/.local/lib/python3.7/site-packages/airflow/example_dags/example_branch_day_of_week_operator.py
[2023-06-13T22:56:44.143+0000] {logging_mixin.py:149} INFO - [2023-06-13T22:56:44.143+0000] {dag.py:2726} INFO - Sync 1 DAGs
[2023-06-13T22:56:44.193+0000] {logging_mixin.py:149} INFO - [2023-06-13T22:56:44.193+0000] {dag.py:3490} INFO - Setting next_dagrun for example_weekday_branch_operator to 2023-06-12T00:00:00+00:00, run_after=2023-06-13T00:00:00+00:00
[2023-06-13T22:56:44.231+0000] {processor.py:179} INFO - Processing /home/airflow/.local/lib/python3.7/site-packages/airflow/example_dags/example_branch_day_of_week_operator.py took 0.152 seconds
[2023-06-13T22:57:14.702+0000] {processor.py:157} INFO - Started process (PID=1673) to work on /home/airflow/.local/lib/python3.7/site-packages/airflow/example_dags/example_branch_day_of_week_operator.py
[2023-06-13T22:57:14.704+0000] {processor.py:826} INFO - Processing file /home/airflow/.local/lib/python3.7/site-packages/airflow/example_dags/example_branch_day_of_week_operator.py for tasks to queue
[2023-06-13T22:57:14.705+0000] {logging_mixin.py:149} INFO - [2023-06-13T22:57:14.705+0000] {dagbag.py:541} INFO - Filling up the DagBag from /home/airflow/.local/lib/python3.7/site-packages/airflow/example_dags/example_branch_day_of_week_operator.py
[2023-06-13T22:57:14.719+0000] {processor.py:836} INFO - DAG(s) dict_keys(['example_weekday_branch_operator']) retrieved from /home/airflow/.local/lib/python3.7/site-packages/airflow/example_dags/example_branch_day_of_week_operator.py
[2023-06-13T22:57:14.768+0000] {logging_mixin.py:149} INFO - [2023-06-13T22:57:14.767+0000] {dag.py:2726} INFO - Sync 1 DAGs
[2023-06-13T22:57:14.803+0000] {logging_mixin.py:149} INFO - [2023-06-13T22:57:14.803+0000] {dag.py:3490} INFO - Setting next_dagrun for example_weekday_branch_operator to 2023-06-12T00:00:00+00:00, run_after=2023-06-13T00:00:00+00:00
[2023-06-13T22:57:14.834+0000] {processor.py:179} INFO - Processing /home/airflow/.local/lib/python3.7/site-packages/airflow/example_dags/example_branch_day_of_week_operator.py took 0.137 seconds
[2023-06-13T22:57:45.762+0000] {processor.py:157} INFO - Started process (PID=1913) to work on /home/airflow/.local/lib/python3.7/site-packages/airflow/example_dags/example_branch_day_of_week_operator.py
[2023-06-13T22:57:45.764+0000] {processor.py:826} INFO - Processing file /home/airflow/.local/lib/python3.7/site-packages/airflow/example_dags/example_branch_day_of_week_operator.py for tasks to queue
[2023-06-13T22:57:45.766+0000] {logging_mixin.py:149} INFO - [2023-06-13T22:57:45.766+0000] {dagbag.py:541} INFO - Filling up the DagBag from /home/airflow/.local/lib/python3.7/site-packages/airflow/example_dags/example_branch_day_of_week_operator.py
[2023-06-13T22:57:45.783+0000] {processor.py:836} INFO - DAG(s) dict_keys(['example_weekday_branch_operator']) retrieved from /home/airflow/.local/lib/python3.7/site-packages/airflow/example_dags/example_branch_day_of_week_operator.py
[2023-06-13T22:57:45.850+0000] {logging_mixin.py:149} INFO - [2023-06-13T22:57:45.849+0000] {dag.py:2726} INFO - Sync 1 DAGs
[2023-06-13T22:57:45.908+0000] {logging_mixin.py:149} INFO - [2023-06-13T22:57:45.908+0000] {dag.py:3490} INFO - Setting next_dagrun for example_weekday_branch_operator to 2023-06-12T00:00:00+00:00, run_after=2023-06-13T00:00:00+00:00
[2023-06-13T22:57:45.974+0000] {processor.py:179} INFO - Processing /home/airflow/.local/lib/python3.7/site-packages/airflow/example_dags/example_branch_day_of_week_operator.py took 0.219 seconds
[2023-06-13T22:58:16.600+0000] {processor.py:157} INFO - Started process (PID=2153) to work on /home/airflow/.local/lib/python3.7/site-packages/airflow/example_dags/example_branch_day_of_week_operator.py
[2023-06-13T22:58:16.602+0000] {processor.py:826} INFO - Processing file /home/airflow/.local/lib/python3.7/site-packages/airflow/example_dags/example_branch_day_of_week_operator.py for tasks to queue
[2023-06-13T22:58:16.604+0000] {logging_mixin.py:149} INFO - [2023-06-13T22:58:16.604+0000] {dagbag.py:541} INFO - Filling up the DagBag from /home/airflow/.local/lib/python3.7/site-packages/airflow/example_dags/example_branch_day_of_week_operator.py
[2023-06-13T22:58:16.621+0000] {processor.py:836} INFO - DAG(s) dict_keys(['example_weekday_branch_operator']) retrieved from /home/airflow/.local/lib/python3.7/site-packages/airflow/example_dags/example_branch_day_of_week_operator.py
[2023-06-13T22:58:16.673+0000] {logging_mixin.py:149} INFO - [2023-06-13T22:58:16.673+0000] {dag.py:2726} INFO - Sync 1 DAGs
[2023-06-13T22:58:16.728+0000] {logging_mixin.py:149} INFO - [2023-06-13T22:58:16.728+0000] {dag.py:3490} INFO - Setting next_dagrun for example_weekday_branch_operator to 2023-06-12T00:00:00+00:00, run_after=2023-06-13T00:00:00+00:00
[2023-06-13T22:58:16.781+0000] {processor.py:179} INFO - Processing /home/airflow/.local/lib/python3.7/site-packages/airflow/example_dags/example_branch_day_of_week_operator.py took 0.188 seconds
[2023-06-13T22:58:47.173+0000] {processor.py:157} INFO - Started process (PID=2393) to work on /home/airflow/.local/lib/python3.7/site-packages/airflow/example_dags/example_branch_day_of_week_operator.py
[2023-06-13T22:58:47.176+0000] {processor.py:826} INFO - Processing file /home/airflow/.local/lib/python3.7/site-packages/airflow/example_dags/example_branch_day_of_week_operator.py for tasks to queue
[2023-06-13T22:58:47.177+0000] {logging_mixin.py:149} INFO - [2023-06-13T22:58:47.177+0000] {dagbag.py:541} INFO - Filling up the DagBag from /home/airflow/.local/lib/python3.7/site-packages/airflow/example_dags/example_branch_day_of_week_operator.py
[2023-06-13T22:58:47.193+0000] {processor.py:836} INFO - DAG(s) dict_keys(['example_weekday_branch_operator']) retrieved from /home/airflow/.local/lib/python3.7/site-packages/airflow/example_dags/example_branch_day_of_week_operator.py
[2023-06-13T22:58:47.254+0000] {logging_mixin.py:149} INFO - [2023-06-13T22:58:47.253+0000] {dag.py:2726} INFO - Sync 1 DAGs
[2023-06-13T22:58:47.305+0000] {logging_mixin.py:149} INFO - [2023-06-13T22:58:47.305+0000] {dag.py:3490} INFO - Setting next_dagrun for example_weekday_branch_operator to 2023-06-12T00:00:00+00:00, run_after=2023-06-13T00:00:00+00:00
[2023-06-13T22:58:47.349+0000] {processor.py:179} INFO - Processing /home/airflow/.local/lib/python3.7/site-packages/airflow/example_dags/example_branch_day_of_week_operator.py took 0.183 seconds
[2023-06-13T22:59:17.959+0000] {processor.py:157} INFO - Started process (PID=2633) to work on /home/airflow/.local/lib/python3.7/site-packages/airflow/example_dags/example_branch_day_of_week_operator.py
[2023-06-13T22:59:17.962+0000] {processor.py:826} INFO - Processing file /home/airflow/.local/lib/python3.7/site-packages/airflow/example_dags/example_branch_day_of_week_operator.py for tasks to queue
[2023-06-13T22:59:17.964+0000] {logging_mixin.py:149} INFO - [2023-06-13T22:59:17.964+0000] {dagbag.py:541} INFO - Filling up the DagBag from /home/airflow/.local/lib/python3.7/site-packages/airflow/example_dags/example_branch_day_of_week_operator.py
[2023-06-13T22:59:17.984+0000] {processor.py:836} INFO - DAG(s) dict_keys(['example_weekday_branch_operator']) retrieved from /home/airflow/.local/lib/python3.7/site-packages/airflow/example_dags/example_branch_day_of_week_operator.py
[2023-06-13T22:59:18.057+0000] {logging_mixin.py:149} INFO - [2023-06-13T22:59:18.057+0000] {dag.py:2726} INFO - Sync 1 DAGs
[2023-06-13T22:59:18.126+0000] {logging_mixin.py:149} INFO - [2023-06-13T22:59:18.126+0000] {dag.py:3490} INFO - Setting next_dagrun for example_weekday_branch_operator to 2023-06-12T00:00:00+00:00, run_after=2023-06-13T00:00:00+00:00
[2023-06-13T22:59:18.186+0000] {processor.py:179} INFO - Processing /home/airflow/.local/lib/python3.7/site-packages/airflow/example_dags/example_branch_day_of_week_operator.py took 0.234 seconds
[2023-06-13T22:59:48.345+0000] {processor.py:157} INFO - Started process (PID=2873) to work on /home/airflow/.local/lib/python3.7/site-packages/airflow/example_dags/example_branch_day_of_week_operator.py
[2023-06-13T22:59:48.347+0000] {processor.py:826} INFO - Processing file /home/airflow/.local/lib/python3.7/site-packages/airflow/example_dags/example_branch_day_of_week_operator.py for tasks to queue
[2023-06-13T22:59:48.349+0000] {logging_mixin.py:149} INFO - [2023-06-13T22:59:48.348+0000] {dagbag.py:541} INFO - Filling up the DagBag from /home/airflow/.local/lib/python3.7/site-packages/airflow/example_dags/example_branch_day_of_week_operator.py
[2023-06-13T22:59:48.362+0000] {processor.py:836} INFO - DAG(s) dict_keys(['example_weekday_branch_operator']) retrieved from /home/airflow/.local/lib/python3.7/site-packages/airflow/example_dags/example_branch_day_of_week_operator.py
[2023-06-13T22:59:48.423+0000] {logging_mixin.py:149} INFO - [2023-06-13T22:59:48.422+0000] {dag.py:2726} INFO - Sync 1 DAGs
[2023-06-13T22:59:48.482+0000] {logging_mixin.py:149} INFO - [2023-06-13T22:59:48.481+0000] {dag.py:3490} INFO - Setting next_dagrun for example_weekday_branch_operator to 2023-06-12T00:00:00+00:00, run_after=2023-06-13T00:00:00+00:00
[2023-06-13T22:59:48.564+0000] {processor.py:179} INFO - Processing /home/airflow/.local/lib/python3.7/site-packages/airflow/example_dags/example_branch_day_of_week_operator.py took 0.226 seconds
[2023-06-13T23:00:18.678+0000] {processor.py:157} INFO - Started process (PID=3108) to work on /home/airflow/.local/lib/python3.7/site-packages/airflow/example_dags/example_branch_day_of_week_operator.py
[2023-06-13T23:00:18.681+0000] {processor.py:826} INFO - Processing file /home/airflow/.local/lib/python3.7/site-packages/airflow/example_dags/example_branch_day_of_week_operator.py for tasks to queue
[2023-06-13T23:00:18.684+0000] {logging_mixin.py:149} INFO - [2023-06-13T23:00:18.683+0000] {dagbag.py:541} INFO - Filling up the DagBag from /home/airflow/.local/lib/python3.7/site-packages/airflow/example_dags/example_branch_day_of_week_operator.py
[2023-06-13T23:00:18.704+0000] {processor.py:836} INFO - DAG(s) dict_keys(['example_weekday_branch_operator']) retrieved from /home/airflow/.local/lib/python3.7/site-packages/airflow/example_dags/example_branch_day_of_week_operator.py
[2023-06-13T23:00:18.761+0000] {logging_mixin.py:149} INFO - [2023-06-13T23:00:18.761+0000] {dag.py:2726} INFO - Sync 1 DAGs
[2023-06-13T23:00:18.821+0000] {logging_mixin.py:149} INFO - [2023-06-13T23:00:18.820+0000] {dag.py:3490} INFO - Setting next_dagrun for example_weekday_branch_operator to 2023-06-12T00:00:00+00:00, run_after=2023-06-13T00:00:00+00:00
[2023-06-13T23:00:18.878+0000] {processor.py:179} INFO - Processing /home/airflow/.local/lib/python3.7/site-packages/airflow/example_dags/example_branch_day_of_week_operator.py took 0.208 seconds
[2023-06-13T23:00:49.384+0000] {processor.py:157} INFO - Started process (PID=3348) to work on /home/airflow/.local/lib/python3.7/site-packages/airflow/example_dags/example_branch_day_of_week_operator.py
[2023-06-13T23:00:49.387+0000] {processor.py:826} INFO - Processing file /home/airflow/.local/lib/python3.7/site-packages/airflow/example_dags/example_branch_day_of_week_operator.py for tasks to queue
[2023-06-13T23:00:49.388+0000] {logging_mixin.py:149} INFO - [2023-06-13T23:00:49.388+0000] {dagbag.py:541} INFO - Filling up the DagBag from /home/airflow/.local/lib/python3.7/site-packages/airflow/example_dags/example_branch_day_of_week_operator.py
[2023-06-13T23:00:49.402+0000] {processor.py:836} INFO - DAG(s) dict_keys(['example_weekday_branch_operator']) retrieved from /home/airflow/.local/lib/python3.7/site-packages/airflow/example_dags/example_branch_day_of_week_operator.py
[2023-06-13T23:00:49.468+0000] {logging_mixin.py:149} INFO - [2023-06-13T23:00:49.467+0000] {dag.py:2726} INFO - Sync 1 DAGs
[2023-06-13T23:00:49.543+0000] {logging_mixin.py:149} INFO - [2023-06-13T23:00:49.543+0000] {dag.py:3490} INFO - Setting next_dagrun for example_weekday_branch_operator to 2023-06-12T00:00:00+00:00, run_after=2023-06-13T00:00:00+00:00
[2023-06-13T23:00:49.608+0000] {processor.py:179} INFO - Processing /home/airflow/.local/lib/python3.7/site-packages/airflow/example_dags/example_branch_day_of_week_operator.py took 0.232 seconds
[2023-06-13T23:01:20.001+0000] {processor.py:157} INFO - Started process (PID=3588) to work on /home/airflow/.local/lib/python3.7/site-packages/airflow/example_dags/example_branch_day_of_week_operator.py
[2023-06-13T23:01:20.002+0000] {processor.py:826} INFO - Processing file /home/airflow/.local/lib/python3.7/site-packages/airflow/example_dags/example_branch_day_of_week_operator.py for tasks to queue
[2023-06-13T23:01:20.003+0000] {logging_mixin.py:149} INFO - [2023-06-13T23:01:20.003+0000] {dagbag.py:541} INFO - Filling up the DagBag from /home/airflow/.local/lib/python3.7/site-packages/airflow/example_dags/example_branch_day_of_week_operator.py
[2023-06-13T23:01:20.020+0000] {processor.py:836} INFO - DAG(s) dict_keys(['example_weekday_branch_operator']) retrieved from /home/airflow/.local/lib/python3.7/site-packages/airflow/example_dags/example_branch_day_of_week_operator.py
[2023-06-13T23:01:20.082+0000] {logging_mixin.py:149} INFO - [2023-06-13T23:01:20.081+0000] {dag.py:2726} INFO - Sync 1 DAGs
[2023-06-13T23:01:20.152+0000] {logging_mixin.py:149} INFO - [2023-06-13T23:01:20.151+0000] {dag.py:3490} INFO - Setting next_dagrun for example_weekday_branch_operator to 2023-06-12T00:00:00+00:00, run_after=2023-06-13T00:00:00+00:00
[2023-06-13T23:01:20.211+0000] {processor.py:179} INFO - Processing /home/airflow/.local/lib/python3.7/site-packages/airflow/example_dags/example_branch_day_of_week_operator.py took 0.217 seconds
[2023-06-13T23:01:50.334+0000] {processor.py:157} INFO - Started process (PID=3828) to work on /home/airflow/.local/lib/python3.7/site-packages/airflow/example_dags/example_branch_day_of_week_operator.py
[2023-06-13T23:01:50.337+0000] {processor.py:826} INFO - Processing file /home/airflow/.local/lib/python3.7/site-packages/airflow/example_dags/example_branch_day_of_week_operator.py for tasks to queue
[2023-06-13T23:01:50.338+0000] {logging_mixin.py:149} INFO - [2023-06-13T23:01:50.338+0000] {dagbag.py:541} INFO - Filling up the DagBag from /home/airflow/.local/lib/python3.7/site-packages/airflow/example_dags/example_branch_day_of_week_operator.py
[2023-06-13T23:01:50.353+0000] {processor.py:836} INFO - DAG(s) dict_keys(['example_weekday_branch_operator']) retrieved from /home/airflow/.local/lib/python3.7/site-packages/airflow/example_dags/example_branch_day_of_week_operator.py
[2023-06-13T23:01:50.418+0000] {logging_mixin.py:149} INFO - [2023-06-13T23:01:50.417+0000] {dag.py:2726} INFO - Sync 1 DAGs
[2023-06-13T23:01:50.475+0000] {logging_mixin.py:149} INFO - [2023-06-13T23:01:50.474+0000] {dag.py:3490} INFO - Setting next_dagrun for example_weekday_branch_operator to 2023-06-12T00:00:00+00:00, run_after=2023-06-13T00:00:00+00:00
[2023-06-13T23:01:50.533+0000] {processor.py:179} INFO - Processing /home/airflow/.local/lib/python3.7/site-packages/airflow/example_dags/example_branch_day_of_week_operator.py took 0.205 seconds
[2023-06-13T23:02:21.425+0000] {processor.py:157} INFO - Started process (PID=4069) to work on /home/airflow/.local/lib/python3.7/site-packages/airflow/example_dags/example_branch_day_of_week_operator.py
[2023-06-13T23:02:21.427+0000] {processor.py:826} INFO - Processing file /home/airflow/.local/lib/python3.7/site-packages/airflow/example_dags/example_branch_day_of_week_operator.py for tasks to queue
[2023-06-13T23:02:21.429+0000] {logging_mixin.py:149} INFO - [2023-06-13T23:02:21.429+0000] {dagbag.py:541} INFO - Filling up the DagBag from /home/airflow/.local/lib/python3.7/site-packages/airflow/example_dags/example_branch_day_of_week_operator.py
[2023-06-13T23:02:21.445+0000] {processor.py:836} INFO - DAG(s) dict_keys(['example_weekday_branch_operator']) retrieved from /home/airflow/.local/lib/python3.7/site-packages/airflow/example_dags/example_branch_day_of_week_operator.py
[2023-06-13T23:02:21.503+0000] {logging_mixin.py:149} INFO - [2023-06-13T23:02:21.503+0000] {dag.py:2726} INFO - Sync 1 DAGs
[2023-06-13T23:02:21.563+0000] {logging_mixin.py:149} INFO - [2023-06-13T23:02:21.562+0000] {dag.py:3490} INFO - Setting next_dagrun for example_weekday_branch_operator to 2023-06-12T00:00:00+00:00, run_after=2023-06-13T00:00:00+00:00
[2023-06-13T23:02:21.609+0000] {processor.py:179} INFO - Processing /home/airflow/.local/lib/python3.7/site-packages/airflow/example_dags/example_branch_day_of_week_operator.py took 0.190 seconds
[2023-06-13T23:02:51.978+0000] {processor.py:157} INFO - Started process (PID=4309) to work on /home/airflow/.local/lib/python3.7/site-packages/airflow/example_dags/example_branch_day_of_week_operator.py
[2023-06-13T23:02:51.980+0000] {processor.py:826} INFO - Processing file /home/airflow/.local/lib/python3.7/site-packages/airflow/example_dags/example_branch_day_of_week_operator.py for tasks to queue
[2023-06-13T23:02:51.981+0000] {logging_mixin.py:149} INFO - [2023-06-13T23:02:51.981+0000] {dagbag.py:541} INFO - Filling up the DagBag from /home/airflow/.local/lib/python3.7/site-packages/airflow/example_dags/example_branch_day_of_week_operator.py
[2023-06-13T23:02:51.994+0000] {processor.py:836} INFO - DAG(s) dict_keys(['example_weekday_branch_operator']) retrieved from /home/airflow/.local/lib/python3.7/site-packages/airflow/example_dags/example_branch_day_of_week_operator.py
[2023-06-13T23:02:52.038+0000] {logging_mixin.py:149} INFO - [2023-06-13T23:02:52.038+0000] {dag.py:2726} INFO - Sync 1 DAGs
[2023-06-13T23:02:52.081+0000] {logging_mixin.py:149} INFO - [2023-06-13T23:02:52.081+0000] {dag.py:3490} INFO - Setting next_dagrun for example_weekday_branch_operator to 2023-06-12T00:00:00+00:00, run_after=2023-06-13T00:00:00+00:00
[2023-06-13T23:02:52.119+0000] {processor.py:179} INFO - Processing /home/airflow/.local/lib/python3.7/site-packages/airflow/example_dags/example_branch_day_of_week_operator.py took 0.146 seconds
[2023-06-13T23:03:22.518+0000] {processor.py:157} INFO - Started process (PID=4548) to work on /home/airflow/.local/lib/python3.7/site-packages/airflow/example_dags/example_branch_day_of_week_operator.py
[2023-06-13T23:03:22.520+0000] {processor.py:826} INFO - Processing file /home/airflow/.local/lib/python3.7/site-packages/airflow/example_dags/example_branch_day_of_week_operator.py for tasks to queue
[2023-06-13T23:03:22.521+0000] {logging_mixin.py:149} INFO - [2023-06-13T23:03:22.521+0000] {dagbag.py:541} INFO - Filling up the DagBag from /home/airflow/.local/lib/python3.7/site-packages/airflow/example_dags/example_branch_day_of_week_operator.py
[2023-06-13T23:03:22.535+0000] {processor.py:836} INFO - DAG(s) dict_keys(['example_weekday_branch_operator']) retrieved from /home/airflow/.local/lib/python3.7/site-packages/airflow/example_dags/example_branch_day_of_week_operator.py
[2023-06-13T23:03:22.573+0000] {logging_mixin.py:149} INFO - [2023-06-13T23:03:22.572+0000] {dag.py:2726} INFO - Sync 1 DAGs
[2023-06-13T23:03:22.610+0000] {logging_mixin.py:149} INFO - [2023-06-13T23:03:22.610+0000] {dag.py:3490} INFO - Setting next_dagrun for example_weekday_branch_operator to 2023-06-12T00:00:00+00:00, run_after=2023-06-13T00:00:00+00:00
[2023-06-13T23:03:22.648+0000] {processor.py:179} INFO - Processing /home/airflow/.local/lib/python3.7/site-packages/airflow/example_dags/example_branch_day_of_week_operator.py took 0.134 seconds
[2023-06-13T23:03:52.998+0000] {processor.py:157} INFO - Started process (PID=4788) to work on /home/airflow/.local/lib/python3.7/site-packages/airflow/example_dags/example_branch_day_of_week_operator.py
[2023-06-13T23:03:53.001+0000] {processor.py:826} INFO - Processing file /home/airflow/.local/lib/python3.7/site-packages/airflow/example_dags/example_branch_day_of_week_operator.py for tasks to queue
[2023-06-13T23:03:53.002+0000] {logging_mixin.py:149} INFO - [2023-06-13T23:03:53.002+0000] {dagbag.py:541} INFO - Filling up the DagBag from /home/airflow/.local/lib/python3.7/site-packages/airflow/example_dags/example_branch_day_of_week_operator.py
[2023-06-13T23:03:53.014+0000] {processor.py:836} INFO - DAG(s) dict_keys(['example_weekday_branch_operator']) retrieved from /home/airflow/.local/lib/python3.7/site-packages/airflow/example_dags/example_branch_day_of_week_operator.py
[2023-06-13T23:03:53.068+0000] {logging_mixin.py:149} INFO - [2023-06-13T23:03:53.068+0000] {dag.py:2726} INFO - Sync 1 DAGs
[2023-06-13T23:03:53.106+0000] {logging_mixin.py:149} INFO - [2023-06-13T23:03:53.105+0000] {dag.py:3490} INFO - Setting next_dagrun for example_weekday_branch_operator to 2023-06-12T00:00:00+00:00, run_after=2023-06-13T00:00:00+00:00
[2023-06-13T23:03:53.152+0000] {processor.py:179} INFO - Processing /home/airflow/.local/lib/python3.7/site-packages/airflow/example_dags/example_branch_day_of_week_operator.py took 0.160 seconds
[2023-06-13T23:04:24.046+0000] {processor.py:157} INFO - Started process (PID=5028) to work on /home/airflow/.local/lib/python3.7/site-packages/airflow/example_dags/example_branch_day_of_week_operator.py
[2023-06-13T23:04:24.048+0000] {processor.py:826} INFO - Processing file /home/airflow/.local/lib/python3.7/site-packages/airflow/example_dags/example_branch_day_of_week_operator.py for tasks to queue
[2023-06-13T23:04:24.049+0000] {logging_mixin.py:149} INFO - [2023-06-13T23:04:24.049+0000] {dagbag.py:541} INFO - Filling up the DagBag from /home/airflow/.local/lib/python3.7/site-packages/airflow/example_dags/example_branch_day_of_week_operator.py
[2023-06-13T23:04:24.060+0000] {processor.py:836} INFO - DAG(s) dict_keys(['example_weekday_branch_operator']) retrieved from /home/airflow/.local/lib/python3.7/site-packages/airflow/example_dags/example_branch_day_of_week_operator.py
[2023-06-13T23:04:24.110+0000] {logging_mixin.py:149} INFO - [2023-06-13T23:04:24.110+0000] {dag.py:2726} INFO - Sync 1 DAGs
[2023-06-13T23:04:24.160+0000] {logging_mixin.py:149} INFO - [2023-06-13T23:04:24.159+0000] {dag.py:3490} INFO - Setting next_dagrun for example_weekday_branch_operator to 2023-06-12T00:00:00+00:00, run_after=2023-06-13T00:00:00+00:00
[2023-06-13T23:04:24.198+0000] {processor.py:179} INFO - Processing /home/airflow/.local/lib/python3.7/site-packages/airflow/example_dags/example_branch_day_of_week_operator.py took 0.159 seconds
[2023-06-13T23:04:54.938+0000] {processor.py:157} INFO - Started process (PID=5268) to work on /home/airflow/.local/lib/python3.7/site-packages/airflow/example_dags/example_branch_day_of_week_operator.py
[2023-06-13T23:04:54.940+0000] {processor.py:826} INFO - Processing file /home/airflow/.local/lib/python3.7/site-packages/airflow/example_dags/example_branch_day_of_week_operator.py for tasks to queue
[2023-06-13T23:04:54.941+0000] {logging_mixin.py:149} INFO - [2023-06-13T23:04:54.941+0000] {dagbag.py:541} INFO - Filling up the DagBag from /home/airflow/.local/lib/python3.7/site-packages/airflow/example_dags/example_branch_day_of_week_operator.py
[2023-06-13T23:04:54.956+0000] {processor.py:836} INFO - DAG(s) dict_keys(['example_weekday_branch_operator']) retrieved from /home/airflow/.local/lib/python3.7/site-packages/airflow/example_dags/example_branch_day_of_week_operator.py
[2023-06-13T23:04:55.013+0000] {logging_mixin.py:149} INFO - [2023-06-13T23:04:55.012+0000] {dag.py:2726} INFO - Sync 1 DAGs
[2023-06-13T23:04:55.066+0000] {logging_mixin.py:149} INFO - [2023-06-13T23:04:55.066+0000] {dag.py:3490} INFO - Setting next_dagrun for example_weekday_branch_operator to 2023-06-12T00:00:00+00:00, run_after=2023-06-13T00:00:00+00:00
[2023-06-13T23:04:55.113+0000] {processor.py:179} INFO - Processing /home/airflow/.local/lib/python3.7/site-packages/airflow/example_dags/example_branch_day_of_week_operator.py took 0.181 seconds
[2023-06-13T23:05:25.597+0000] {processor.py:157} INFO - Started process (PID=5508) to work on /home/airflow/.local/lib/python3.7/site-packages/airflow/example_dags/example_branch_day_of_week_operator.py
[2023-06-13T23:05:25.600+0000] {processor.py:826} INFO - Processing file /home/airflow/.local/lib/python3.7/site-packages/airflow/example_dags/example_branch_day_of_week_operator.py for tasks to queue
[2023-06-13T23:05:25.603+0000] {logging_mixin.py:149} INFO - [2023-06-13T23:05:25.602+0000] {dagbag.py:541} INFO - Filling up the DagBag from /home/airflow/.local/lib/python3.7/site-packages/airflow/example_dags/example_branch_day_of_week_operator.py
[2023-06-13T23:05:25.618+0000] {processor.py:836} INFO - DAG(s) dict_keys(['example_weekday_branch_operator']) retrieved from /home/airflow/.local/lib/python3.7/site-packages/airflow/example_dags/example_branch_day_of_week_operator.py
[2023-06-13T23:05:25.686+0000] {logging_mixin.py:149} INFO - [2023-06-13T23:05:25.686+0000] {dag.py:2726} INFO - Sync 1 DAGs
[2023-06-13T23:05:25.745+0000] {logging_mixin.py:149} INFO - [2023-06-13T23:05:25.745+0000] {dag.py:3490} INFO - Setting next_dagrun for example_weekday_branch_operator to 2023-06-12T00:00:00+00:00, run_after=2023-06-13T00:00:00+00:00
[2023-06-13T23:05:25.792+0000] {processor.py:179} INFO - Processing /home/airflow/.local/lib/python3.7/site-packages/airflow/example_dags/example_branch_day_of_week_operator.py took 0.201 seconds
[2023-06-13T23:05:56.421+0000] {processor.py:157} INFO - Started process (PID=5748) to work on /home/airflow/.local/lib/python3.7/site-packages/airflow/example_dags/example_branch_day_of_week_operator.py
[2023-06-13T23:05:56.427+0000] {processor.py:826} INFO - Processing file /home/airflow/.local/lib/python3.7/site-packages/airflow/example_dags/example_branch_day_of_week_operator.py for tasks to queue
[2023-06-13T23:05:56.429+0000] {logging_mixin.py:149} INFO - [2023-06-13T23:05:56.428+0000] {dagbag.py:541} INFO - Filling up the DagBag from /home/airflow/.local/lib/python3.7/site-packages/airflow/example_dags/example_branch_day_of_week_operator.py
[2023-06-13T23:05:56.447+0000] {processor.py:836} INFO - DAG(s) dict_keys(['example_weekday_branch_operator']) retrieved from /home/airflow/.local/lib/python3.7/site-packages/airflow/example_dags/example_branch_day_of_week_operator.py
[2023-06-13T23:05:56.509+0000] {logging_mixin.py:149} INFO - [2023-06-13T23:05:56.508+0000] {dag.py:2726} INFO - Sync 1 DAGs
[2023-06-13T23:05:56.574+0000] {logging_mixin.py:149} INFO - [2023-06-13T23:05:56.573+0000] {dag.py:3490} INFO - Setting next_dagrun for example_weekday_branch_operator to 2023-06-12T00:00:00+00:00, run_after=2023-06-13T00:00:00+00:00
[2023-06-13T23:05:56.631+0000] {processor.py:179} INFO - Processing /home/airflow/.local/lib/python3.7/site-packages/airflow/example_dags/example_branch_day_of_week_operator.py took 0.214 seconds
[2023-06-13T23:06:26.828+0000] {processor.py:157} INFO - Started process (PID=5995) to work on /home/airflow/.local/lib/python3.7/site-packages/airflow/example_dags/example_branch_day_of_week_operator.py
[2023-06-13T23:06:26.829+0000] {processor.py:826} INFO - Processing file /home/airflow/.local/lib/python3.7/site-packages/airflow/example_dags/example_branch_day_of_week_operator.py for tasks to queue
[2023-06-13T23:06:26.830+0000] {logging_mixin.py:149} INFO - [2023-06-13T23:06:26.830+0000] {dagbag.py:541} INFO - Filling up the DagBag from /home/airflow/.local/lib/python3.7/site-packages/airflow/example_dags/example_branch_day_of_week_operator.py
[2023-06-13T23:06:26.842+0000] {processor.py:836} INFO - DAG(s) dict_keys(['example_weekday_branch_operator']) retrieved from /home/airflow/.local/lib/python3.7/site-packages/airflow/example_dags/example_branch_day_of_week_operator.py
[2023-06-13T23:06:26.888+0000] {logging_mixin.py:149} INFO - [2023-06-13T23:06:26.887+0000] {dag.py:2726} INFO - Sync 1 DAGs
[2023-06-13T23:06:26.933+0000] {logging_mixin.py:149} INFO - [2023-06-13T23:06:26.932+0000] {dag.py:3490} INFO - Setting next_dagrun for example_weekday_branch_operator to 2023-06-12T00:00:00+00:00, run_after=2023-06-13T00:00:00+00:00
[2023-06-13T23:06:26.974+0000] {processor.py:179} INFO - Processing /home/airflow/.local/lib/python3.7/site-packages/airflow/example_dags/example_branch_day_of_week_operator.py took 0.151 seconds
[2023-06-13T23:06:57.438+0000] {processor.py:157} INFO - Started process (PID=6234) to work on /home/airflow/.local/lib/python3.7/site-packages/airflow/example_dags/example_branch_day_of_week_operator.py
[2023-06-13T23:06:57.441+0000] {processor.py:826} INFO - Processing file /home/airflow/.local/lib/python3.7/site-packages/airflow/example_dags/example_branch_day_of_week_operator.py for tasks to queue
[2023-06-13T23:06:57.441+0000] {logging_mixin.py:149} INFO - [2023-06-13T23:06:57.441+0000] {dagbag.py:541} INFO - Filling up the DagBag from /home/airflow/.local/lib/python3.7/site-packages/airflow/example_dags/example_branch_day_of_week_operator.py
[2023-06-13T23:06:57.458+0000] {processor.py:836} INFO - DAG(s) dict_keys(['example_weekday_branch_operator']) retrieved from /home/airflow/.local/lib/python3.7/site-packages/airflow/example_dags/example_branch_day_of_week_operator.py
[2023-06-13T23:06:57.536+0000] {logging_mixin.py:149} INFO - [2023-06-13T23:06:57.536+0000] {dag.py:2726} INFO - Sync 1 DAGs
[2023-06-13T23:06:57.595+0000] {logging_mixin.py:149} INFO - [2023-06-13T23:06:57.595+0000] {dag.py:3490} INFO - Setting next_dagrun for example_weekday_branch_operator to 2023-06-12T00:00:00+00:00, run_after=2023-06-13T00:00:00+00:00
[2023-06-13T23:06:57.676+0000] {processor.py:179} INFO - Processing /home/airflow/.local/lib/python3.7/site-packages/airflow/example_dags/example_branch_day_of_week_operator.py took 0.246 seconds
[2023-06-13T23:07:27.769+0000] {processor.py:157} INFO - Started process (PID=6475) to work on /home/airflow/.local/lib/python3.7/site-packages/airflow/example_dags/example_branch_day_of_week_operator.py
[2023-06-13T23:07:27.772+0000] {processor.py:826} INFO - Processing file /home/airflow/.local/lib/python3.7/site-packages/airflow/example_dags/example_branch_day_of_week_operator.py for tasks to queue
[2023-06-13T23:07:27.774+0000] {logging_mixin.py:149} INFO - [2023-06-13T23:07:27.773+0000] {dagbag.py:541} INFO - Filling up the DagBag from /home/airflow/.local/lib/python3.7/site-packages/airflow/example_dags/example_branch_day_of_week_operator.py
[2023-06-13T23:07:27.788+0000] {processor.py:836} INFO - DAG(s) dict_keys(['example_weekday_branch_operator']) retrieved from /home/airflow/.local/lib/python3.7/site-packages/airflow/example_dags/example_branch_day_of_week_operator.py
[2023-06-13T23:07:27.859+0000] {logging_mixin.py:149} INFO - [2023-06-13T23:07:27.859+0000] {dag.py:2726} INFO - Sync 1 DAGs
[2023-06-13T23:07:27.910+0000] {logging_mixin.py:149} INFO - [2023-06-13T23:07:27.909+0000] {dag.py:3490} INFO - Setting next_dagrun for example_weekday_branch_operator to 2023-06-12T00:00:00+00:00, run_after=2023-06-13T00:00:00+00:00
[2023-06-13T23:07:27.960+0000] {processor.py:179} INFO - Processing /home/airflow/.local/lib/python3.7/site-packages/airflow/example_dags/example_branch_day_of_week_operator.py took 0.195 seconds
[2023-06-13T23:07:58.222+0000] {processor.py:157} INFO - Started process (PID=6714) to work on /home/airflow/.local/lib/python3.7/site-packages/airflow/example_dags/example_branch_day_of_week_operator.py
[2023-06-13T23:07:58.224+0000] {processor.py:826} INFO - Processing file /home/airflow/.local/lib/python3.7/site-packages/airflow/example_dags/example_branch_day_of_week_operator.py for tasks to queue
[2023-06-13T23:07:58.225+0000] {logging_mixin.py:149} INFO - [2023-06-13T23:07:58.225+0000] {dagbag.py:541} INFO - Filling up the DagBag from /home/airflow/.local/lib/python3.7/site-packages/airflow/example_dags/example_branch_day_of_week_operator.py
[2023-06-13T23:07:58.240+0000] {processor.py:836} INFO - DAG(s) dict_keys(['example_weekday_branch_operator']) retrieved from /home/airflow/.local/lib/python3.7/site-packages/airflow/example_dags/example_branch_day_of_week_operator.py
[2023-06-13T23:07:58.297+0000] {logging_mixin.py:149} INFO - [2023-06-13T23:07:58.297+0000] {dag.py:2726} INFO - Sync 1 DAGs
[2023-06-13T23:07:58.364+0000] {logging_mixin.py:149} INFO - [2023-06-13T23:07:58.363+0000] {dag.py:3490} INFO - Setting next_dagrun for example_weekday_branch_operator to 2023-06-12T00:00:00+00:00, run_after=2023-06-13T00:00:00+00:00
[2023-06-13T23:07:58.424+0000] {processor.py:179} INFO - Processing /home/airflow/.local/lib/python3.7/site-packages/airflow/example_dags/example_branch_day_of_week_operator.py took 0.206 seconds
[2023-06-13T23:08:28.750+0000] {processor.py:157} INFO - Started process (PID=6953) to work on /home/airflow/.local/lib/python3.7/site-packages/airflow/example_dags/example_branch_day_of_week_operator.py
[2023-06-13T23:08:28.755+0000] {processor.py:826} INFO - Processing file /home/airflow/.local/lib/python3.7/site-packages/airflow/example_dags/example_branch_day_of_week_operator.py for tasks to queue
[2023-06-13T23:08:28.756+0000] {logging_mixin.py:149} INFO - [2023-06-13T23:08:28.756+0000] {dagbag.py:541} INFO - Filling up the DagBag from /home/airflow/.local/lib/python3.7/site-packages/airflow/example_dags/example_branch_day_of_week_operator.py
[2023-06-13T23:08:28.773+0000] {processor.py:836} INFO - DAG(s) dict_keys(['example_weekday_branch_operator']) retrieved from /home/airflow/.local/lib/python3.7/site-packages/airflow/example_dags/example_branch_day_of_week_operator.py
[2023-06-13T23:08:28.842+0000] {logging_mixin.py:149} INFO - [2023-06-13T23:08:28.842+0000] {dag.py:2726} INFO - Sync 1 DAGs
[2023-06-13T23:08:28.904+0000] {logging_mixin.py:149} INFO - [2023-06-13T23:08:28.903+0000] {dag.py:3490} INFO - Setting next_dagrun for example_weekday_branch_operator to 2023-06-12T00:00:00+00:00, run_after=2023-06-13T00:00:00+00:00
[2023-06-13T23:08:28.947+0000] {processor.py:179} INFO - Processing /home/airflow/.local/lib/python3.7/site-packages/airflow/example_dags/example_branch_day_of_week_operator.py took 0.202 seconds
[2023-06-13T23:08:59.315+0000] {processor.py:157} INFO - Started process (PID=7193) to work on /home/airflow/.local/lib/python3.7/site-packages/airflow/example_dags/example_branch_day_of_week_operator.py
[2023-06-13T23:08:59.317+0000] {processor.py:826} INFO - Processing file /home/airflow/.local/lib/python3.7/site-packages/airflow/example_dags/example_branch_day_of_week_operator.py for tasks to queue
[2023-06-13T23:08:59.319+0000] {logging_mixin.py:149} INFO - [2023-06-13T23:08:59.319+0000] {dagbag.py:541} INFO - Filling up the DagBag from /home/airflow/.local/lib/python3.7/site-packages/airflow/example_dags/example_branch_day_of_week_operator.py
[2023-06-13T23:08:59.334+0000] {processor.py:836} INFO - DAG(s) dict_keys(['example_weekday_branch_operator']) retrieved from /home/airflow/.local/lib/python3.7/site-packages/airflow/example_dags/example_branch_day_of_week_operator.py
[2023-06-13T23:08:59.382+0000] {logging_mixin.py:149} INFO - [2023-06-13T23:08:59.382+0000] {dag.py:2726} INFO - Sync 1 DAGs
[2023-06-13T23:08:59.429+0000] {logging_mixin.py:149} INFO - [2023-06-13T23:08:59.429+0000] {dag.py:3490} INFO - Setting next_dagrun for example_weekday_branch_operator to 2023-06-12T00:00:00+00:00, run_after=2023-06-13T00:00:00+00:00
[2023-06-13T23:08:59.482+0000] {processor.py:179} INFO - Processing /home/airflow/.local/lib/python3.7/site-packages/airflow/example_dags/example_branch_day_of_week_operator.py took 0.174 seconds
[2023-06-13T23:09:29.780+0000] {processor.py:157} INFO - Started process (PID=7433) to work on /home/airflow/.local/lib/python3.7/site-packages/airflow/example_dags/example_branch_day_of_week_operator.py
[2023-06-13T23:09:29.783+0000] {processor.py:826} INFO - Processing file /home/airflow/.local/lib/python3.7/site-packages/airflow/example_dags/example_branch_day_of_week_operator.py for tasks to queue
[2023-06-13T23:09:29.784+0000] {logging_mixin.py:149} INFO - [2023-06-13T23:09:29.783+0000] {dagbag.py:541} INFO - Filling up the DagBag from /home/airflow/.local/lib/python3.7/site-packages/airflow/example_dags/example_branch_day_of_week_operator.py
[2023-06-13T23:09:29.803+0000] {processor.py:836} INFO - DAG(s) dict_keys(['example_weekday_branch_operator']) retrieved from /home/airflow/.local/lib/python3.7/site-packages/airflow/example_dags/example_branch_day_of_week_operator.py
[2023-06-13T23:09:29.852+0000] {logging_mixin.py:149} INFO - [2023-06-13T23:09:29.852+0000] {dag.py:2726} INFO - Sync 1 DAGs
[2023-06-13T23:09:29.901+0000] {logging_mixin.py:149} INFO - [2023-06-13T23:09:29.901+0000] {dag.py:3490} INFO - Setting next_dagrun for example_weekday_branch_operator to 2023-06-12T00:00:00+00:00, run_after=2023-06-13T00:00:00+00:00
[2023-06-13T23:09:29.947+0000] {processor.py:179} INFO - Processing /home/airflow/.local/lib/python3.7/site-packages/airflow/example_dags/example_branch_day_of_week_operator.py took 0.172 seconds
[2023-06-13T23:10:00.166+0000] {processor.py:157} INFO - Started process (PID=7673) to work on /home/airflow/.local/lib/python3.7/site-packages/airflow/example_dags/example_branch_day_of_week_operator.py
[2023-06-13T23:10:00.168+0000] {processor.py:826} INFO - Processing file /home/airflow/.local/lib/python3.7/site-packages/airflow/example_dags/example_branch_day_of_week_operator.py for tasks to queue
[2023-06-13T23:10:00.169+0000] {logging_mixin.py:149} INFO - [2023-06-13T23:10:00.169+0000] {dagbag.py:541} INFO - Filling up the DagBag from /home/airflow/.local/lib/python3.7/site-packages/airflow/example_dags/example_branch_day_of_week_operator.py
[2023-06-13T23:10:00.186+0000] {processor.py:836} INFO - DAG(s) dict_keys(['example_weekday_branch_operator']) retrieved from /home/airflow/.local/lib/python3.7/site-packages/airflow/example_dags/example_branch_day_of_week_operator.py
[2023-06-13T23:10:00.256+0000] {logging_mixin.py:149} INFO - [2023-06-13T23:10:00.256+0000] {dag.py:2726} INFO - Sync 1 DAGs
[2023-06-13T23:10:00.333+0000] {logging_mixin.py:149} INFO - [2023-06-13T23:10:00.332+0000] {dag.py:3490} INFO - Setting next_dagrun for example_weekday_branch_operator to 2023-06-12T00:00:00+00:00, run_after=2023-06-13T00:00:00+00:00
[2023-06-13T23:10:00.380+0000] {processor.py:179} INFO - Processing /home/airflow/.local/lib/python3.7/site-packages/airflow/example_dags/example_branch_day_of_week_operator.py took 0.219 seconds
[2023-06-13T23:10:30.769+0000] {processor.py:157} INFO - Started process (PID=7913) to work on /home/airflow/.local/lib/python3.7/site-packages/airflow/example_dags/example_branch_day_of_week_operator.py
[2023-06-13T23:10:30.772+0000] {processor.py:826} INFO - Processing file /home/airflow/.local/lib/python3.7/site-packages/airflow/example_dags/example_branch_day_of_week_operator.py for tasks to queue
[2023-06-13T23:10:30.774+0000] {logging_mixin.py:149} INFO - [2023-06-13T23:10:30.773+0000] {dagbag.py:541} INFO - Filling up the DagBag from /home/airflow/.local/lib/python3.7/site-packages/airflow/example_dags/example_branch_day_of_week_operator.py
[2023-06-13T23:10:30.788+0000] {processor.py:836} INFO - DAG(s) dict_keys(['example_weekday_branch_operator']) retrieved from /home/airflow/.local/lib/python3.7/site-packages/airflow/example_dags/example_branch_day_of_week_operator.py
[2023-06-13T23:10:30.843+0000] {logging_mixin.py:149} INFO - [2023-06-13T23:10:30.843+0000] {dag.py:2726} INFO - Sync 1 DAGs
[2023-06-13T23:10:30.910+0000] {logging_mixin.py:149} INFO - [2023-06-13T23:10:30.910+0000] {dag.py:3490} INFO - Setting next_dagrun for example_weekday_branch_operator to 2023-06-12T00:00:00+00:00, run_after=2023-06-13T00:00:00+00:00
[2023-06-13T23:10:30.969+0000] {processor.py:179} INFO - Processing /home/airflow/.local/lib/python3.7/site-packages/airflow/example_dags/example_branch_day_of_week_operator.py took 0.205 seconds
[2023-06-13T23:11:01.525+0000] {processor.py:157} INFO - Started process (PID=8153) to work on /home/airflow/.local/lib/python3.7/site-packages/airflow/example_dags/example_branch_day_of_week_operator.py
[2023-06-13T23:11:01.527+0000] {processor.py:826} INFO - Processing file /home/airflow/.local/lib/python3.7/site-packages/airflow/example_dags/example_branch_day_of_week_operator.py for tasks to queue
[2023-06-13T23:11:01.529+0000] {logging_mixin.py:149} INFO - [2023-06-13T23:11:01.528+0000] {dagbag.py:541} INFO - Filling up the DagBag from /home/airflow/.local/lib/python3.7/site-packages/airflow/example_dags/example_branch_day_of_week_operator.py
[2023-06-13T23:11:01.540+0000] {processor.py:836} INFO - DAG(s) dict_keys(['example_weekday_branch_operator']) retrieved from /home/airflow/.local/lib/python3.7/site-packages/airflow/example_dags/example_branch_day_of_week_operator.py
[2023-06-13T23:11:01.594+0000] {logging_mixin.py:149} INFO - [2023-06-13T23:11:01.594+0000] {dag.py:2726} INFO - Sync 1 DAGs
[2023-06-13T23:11:01.646+0000] {logging_mixin.py:149} INFO - [2023-06-13T23:11:01.645+0000] {dag.py:3490} INFO - Setting next_dagrun for example_weekday_branch_operator to 2023-06-12T00:00:00+00:00, run_after=2023-06-13T00:00:00+00:00
[2023-06-13T23:11:01.695+0000] {processor.py:179} INFO - Processing /home/airflow/.local/lib/python3.7/site-packages/airflow/example_dags/example_branch_day_of_week_operator.py took 0.174 seconds
[2023-06-13T23:11:31.857+0000] {processor.py:157} INFO - Started process (PID=8393) to work on /home/airflow/.local/lib/python3.7/site-packages/airflow/example_dags/example_branch_day_of_week_operator.py
[2023-06-13T23:11:31.859+0000] {processor.py:826} INFO - Processing file /home/airflow/.local/lib/python3.7/site-packages/airflow/example_dags/example_branch_day_of_week_operator.py for tasks to queue
[2023-06-13T23:11:31.861+0000] {logging_mixin.py:149} INFO - [2023-06-13T23:11:31.860+0000] {dagbag.py:541} INFO - Filling up the DagBag from /home/airflow/.local/lib/python3.7/site-packages/airflow/example_dags/example_branch_day_of_week_operator.py
[2023-06-13T23:11:31.877+0000] {processor.py:836} INFO - DAG(s) dict_keys(['example_weekday_branch_operator']) retrieved from /home/airflow/.local/lib/python3.7/site-packages/airflow/example_dags/example_branch_day_of_week_operator.py
[2023-06-13T23:11:31.933+0000] {logging_mixin.py:149} INFO - [2023-06-13T23:11:31.933+0000] {dag.py:2726} INFO - Sync 1 DAGs
[2023-06-13T23:11:31.988+0000] {logging_mixin.py:149} INFO - [2023-06-13T23:11:31.988+0000] {dag.py:3490} INFO - Setting next_dagrun for example_weekday_branch_operator to 2023-06-12T00:00:00+00:00, run_after=2023-06-13T00:00:00+00:00
[2023-06-13T23:11:32.044+0000] {processor.py:179} INFO - Processing /home/airflow/.local/lib/python3.7/site-packages/airflow/example_dags/example_branch_day_of_week_operator.py took 0.194 seconds
[2023-06-13T23:12:02.403+0000] {processor.py:157} INFO - Started process (PID=8633) to work on /home/airflow/.local/lib/python3.7/site-packages/airflow/example_dags/example_branch_day_of_week_operator.py
[2023-06-13T23:12:02.405+0000] {processor.py:826} INFO - Processing file /home/airflow/.local/lib/python3.7/site-packages/airflow/example_dags/example_branch_day_of_week_operator.py for tasks to queue
[2023-06-13T23:12:02.407+0000] {logging_mixin.py:149} INFO - [2023-06-13T23:12:02.406+0000] {dagbag.py:541} INFO - Filling up the DagBag from /home/airflow/.local/lib/python3.7/site-packages/airflow/example_dags/example_branch_day_of_week_operator.py
[2023-06-13T23:12:02.420+0000] {processor.py:836} INFO - DAG(s) dict_keys(['example_weekday_branch_operator']) retrieved from /home/airflow/.local/lib/python3.7/site-packages/airflow/example_dags/example_branch_day_of_week_operator.py
[2023-06-13T23:12:02.488+0000] {logging_mixin.py:149} INFO - [2023-06-13T23:12:02.487+0000] {dag.py:2726} INFO - Sync 1 DAGs
[2023-06-13T23:12:02.548+0000] {logging_mixin.py:149} INFO - [2023-06-13T23:12:02.548+0000] {dag.py:3490} INFO - Setting next_dagrun for example_weekday_branch_operator to 2023-06-12T00:00:00+00:00, run_after=2023-06-13T00:00:00+00:00
[2023-06-13T23:12:02.598+0000] {processor.py:179} INFO - Processing /home/airflow/.local/lib/python3.7/site-packages/airflow/example_dags/example_branch_day_of_week_operator.py took 0.201 seconds
[2023-06-13T23:12:32.899+0000] {processor.py:157} INFO - Started process (PID=8873) to work on /home/airflow/.local/lib/python3.7/site-packages/airflow/example_dags/example_branch_day_of_week_operator.py
[2023-06-13T23:12:32.901+0000] {processor.py:826} INFO - Processing file /home/airflow/.local/lib/python3.7/site-packages/airflow/example_dags/example_branch_day_of_week_operator.py for tasks to queue
[2023-06-13T23:12:32.902+0000] {logging_mixin.py:149} INFO - [2023-06-13T23:12:32.902+0000] {dagbag.py:541} INFO - Filling up the DagBag from /home/airflow/.local/lib/python3.7/site-packages/airflow/example_dags/example_branch_day_of_week_operator.py
[2023-06-13T23:12:32.915+0000] {processor.py:836} INFO - DAG(s) dict_keys(['example_weekday_branch_operator']) retrieved from /home/airflow/.local/lib/python3.7/site-packages/airflow/example_dags/example_branch_day_of_week_operator.py
[2023-06-13T23:12:32.972+0000] {logging_mixin.py:149} INFO - [2023-06-13T23:12:32.972+0000] {dag.py:2726} INFO - Sync 1 DAGs
[2023-06-13T23:12:33.027+0000] {logging_mixin.py:149} INFO - [2023-06-13T23:12:33.027+0000] {dag.py:3490} INFO - Setting next_dagrun for example_weekday_branch_operator to 2023-06-12T00:00:00+00:00, run_after=2023-06-13T00:00:00+00:00
[2023-06-13T23:12:33.079+0000] {processor.py:179} INFO - Processing /home/airflow/.local/lib/python3.7/site-packages/airflow/example_dags/example_branch_day_of_week_operator.py took 0.185 seconds
[2023-06-13T23:13:03.450+0000] {processor.py:157} INFO - Started process (PID=9112) to work on /home/airflow/.local/lib/python3.7/site-packages/airflow/example_dags/example_branch_day_of_week_operator.py
[2023-06-13T23:13:03.452+0000] {processor.py:826} INFO - Processing file /home/airflow/.local/lib/python3.7/site-packages/airflow/example_dags/example_branch_day_of_week_operator.py for tasks to queue
[2023-06-13T23:13:03.454+0000] {logging_mixin.py:149} INFO - [2023-06-13T23:13:03.453+0000] {dagbag.py:541} INFO - Filling up the DagBag from /home/airflow/.local/lib/python3.7/site-packages/airflow/example_dags/example_branch_day_of_week_operator.py
[2023-06-13T23:13:03.465+0000] {processor.py:836} INFO - DAG(s) dict_keys(['example_weekday_branch_operator']) retrieved from /home/airflow/.local/lib/python3.7/site-packages/airflow/example_dags/example_branch_day_of_week_operator.py
[2023-06-13T23:13:03.524+0000] {logging_mixin.py:149} INFO - [2023-06-13T23:13:03.524+0000] {dag.py:2726} INFO - Sync 1 DAGs
[2023-06-13T23:13:03.574+0000] {logging_mixin.py:149} INFO - [2023-06-13T23:13:03.574+0000] {dag.py:3490} INFO - Setting next_dagrun for example_weekday_branch_operator to 2023-06-12T00:00:00+00:00, run_after=2023-06-13T00:00:00+00:00
[2023-06-13T23:13:03.629+0000] {processor.py:179} INFO - Processing /home/airflow/.local/lib/python3.7/site-packages/airflow/example_dags/example_branch_day_of_week_operator.py took 0.183 seconds
[2023-06-13T23:13:33.713+0000] {processor.py:157} INFO - Started process (PID=9341) to work on /home/airflow/.local/lib/python3.7/site-packages/airflow/example_dags/example_branch_day_of_week_operator.py
[2023-06-13T23:13:33.715+0000] {processor.py:826} INFO - Processing file /home/airflow/.local/lib/python3.7/site-packages/airflow/example_dags/example_branch_day_of_week_operator.py for tasks to queue
[2023-06-13T23:13:33.716+0000] {logging_mixin.py:149} INFO - [2023-06-13T23:13:33.716+0000] {dagbag.py:541} INFO - Filling up the DagBag from /home/airflow/.local/lib/python3.7/site-packages/airflow/example_dags/example_branch_day_of_week_operator.py
[2023-06-13T23:13:33.730+0000] {processor.py:836} INFO - DAG(s) dict_keys(['example_weekday_branch_operator']) retrieved from /home/airflow/.local/lib/python3.7/site-packages/airflow/example_dags/example_branch_day_of_week_operator.py
[2023-06-13T23:13:33.776+0000] {logging_mixin.py:149} INFO - [2023-06-13T23:13:33.776+0000] {dag.py:2726} INFO - Sync 1 DAGs
[2023-06-13T23:13:33.824+0000] {logging_mixin.py:149} INFO - [2023-06-13T23:13:33.823+0000] {dag.py:3490} INFO - Setting next_dagrun for example_weekday_branch_operator to 2023-06-12T00:00:00+00:00, run_after=2023-06-13T00:00:00+00:00
[2023-06-13T23:13:33.876+0000] {processor.py:179} INFO - Processing /home/airflow/.local/lib/python3.7/site-packages/airflow/example_dags/example_branch_day_of_week_operator.py took 0.168 seconds
[2023-06-13T23:14:04.034+0000] {processor.py:157} INFO - Started process (PID=9581) to work on /home/airflow/.local/lib/python3.7/site-packages/airflow/example_dags/example_branch_day_of_week_operator.py
[2023-06-13T23:14:04.037+0000] {processor.py:826} INFO - Processing file /home/airflow/.local/lib/python3.7/site-packages/airflow/example_dags/example_branch_day_of_week_operator.py for tasks to queue
[2023-06-13T23:14:04.038+0000] {logging_mixin.py:149} INFO - [2023-06-13T23:14:04.038+0000] {dagbag.py:541} INFO - Filling up the DagBag from /home/airflow/.local/lib/python3.7/site-packages/airflow/example_dags/example_branch_day_of_week_operator.py
[2023-06-13T23:14:04.051+0000] {processor.py:836} INFO - DAG(s) dict_keys(['example_weekday_branch_operator']) retrieved from /home/airflow/.local/lib/python3.7/site-packages/airflow/example_dags/example_branch_day_of_week_operator.py
[2023-06-13T23:14:04.097+0000] {logging_mixin.py:149} INFO - [2023-06-13T23:14:04.096+0000] {dag.py:2726} INFO - Sync 1 DAGs
[2023-06-13T23:14:04.139+0000] {logging_mixin.py:149} INFO - [2023-06-13T23:14:04.138+0000] {dag.py:3490} INFO - Setting next_dagrun for example_weekday_branch_operator to 2023-06-12T00:00:00+00:00, run_after=2023-06-13T00:00:00+00:00
[2023-06-13T23:14:04.183+0000] {processor.py:179} INFO - Processing /home/airflow/.local/lib/python3.7/site-packages/airflow/example_dags/example_branch_day_of_week_operator.py took 0.152 seconds
[2023-06-13T23:14:34.280+0000] {processor.py:157} INFO - Started process (PID=9818) to work on /home/airflow/.local/lib/python3.7/site-packages/airflow/example_dags/example_branch_day_of_week_operator.py
[2023-06-13T23:14:34.283+0000] {processor.py:826} INFO - Processing file /home/airflow/.local/lib/python3.7/site-packages/airflow/example_dags/example_branch_day_of_week_operator.py for tasks to queue
[2023-06-13T23:14:34.285+0000] {logging_mixin.py:149} INFO - [2023-06-13T23:14:34.284+0000] {dagbag.py:541} INFO - Filling up the DagBag from /home/airflow/.local/lib/python3.7/site-packages/airflow/example_dags/example_branch_day_of_week_operator.py
[2023-06-13T23:14:34.295+0000] {processor.py:836} INFO - DAG(s) dict_keys(['example_weekday_branch_operator']) retrieved from /home/airflow/.local/lib/python3.7/site-packages/airflow/example_dags/example_branch_day_of_week_operator.py
[2023-06-13T23:14:34.361+0000] {logging_mixin.py:149} INFO - [2023-06-13T23:14:34.361+0000] {dag.py:2726} INFO - Sync 1 DAGs
[2023-06-13T23:14:34.418+0000] {logging_mixin.py:149} INFO - [2023-06-13T23:14:34.417+0000] {dag.py:3490} INFO - Setting next_dagrun for example_weekday_branch_operator to 2023-06-12T00:00:00+00:00, run_after=2023-06-13T00:00:00+00:00
[2023-06-13T23:14:34.474+0000] {processor.py:179} INFO - Processing /home/airflow/.local/lib/python3.7/site-packages/airflow/example_dags/example_branch_day_of_week_operator.py took 0.199 seconds
[2023-06-13T23:15:04.697+0000] {processor.py:157} INFO - Started process (PID=10057) to work on /home/airflow/.local/lib/python3.7/site-packages/airflow/example_dags/example_branch_day_of_week_operator.py
[2023-06-13T23:15:04.699+0000] {processor.py:826} INFO - Processing file /home/airflow/.local/lib/python3.7/site-packages/airflow/example_dags/example_branch_day_of_week_operator.py for tasks to queue
[2023-06-13T23:15:04.701+0000] {logging_mixin.py:149} INFO - [2023-06-13T23:15:04.700+0000] {dagbag.py:541} INFO - Filling up the DagBag from /home/airflow/.local/lib/python3.7/site-packages/airflow/example_dags/example_branch_day_of_week_operator.py
[2023-06-13T23:15:04.714+0000] {processor.py:836} INFO - DAG(s) dict_keys(['example_weekday_branch_operator']) retrieved from /home/airflow/.local/lib/python3.7/site-packages/airflow/example_dags/example_branch_day_of_week_operator.py
[2023-06-13T23:15:04.771+0000] {logging_mixin.py:149} INFO - [2023-06-13T23:15:04.771+0000] {dag.py:2726} INFO - Sync 1 DAGs
[2023-06-13T23:15:04.834+0000] {logging_mixin.py:149} INFO - [2023-06-13T23:15:04.834+0000] {dag.py:3490} INFO - Setting next_dagrun for example_weekday_branch_operator to 2023-06-12T00:00:00+00:00, run_after=2023-06-13T00:00:00+00:00
[2023-06-13T23:15:04.882+0000] {processor.py:179} INFO - Processing /home/airflow/.local/lib/python3.7/site-packages/airflow/example_dags/example_branch_day_of_week_operator.py took 0.190 seconds
[2023-06-13T23:15:35.072+0000] {processor.py:157} INFO - Started process (PID=10297) to work on /home/airflow/.local/lib/python3.7/site-packages/airflow/example_dags/example_branch_day_of_week_operator.py
[2023-06-13T23:15:35.074+0000] {processor.py:826} INFO - Processing file /home/airflow/.local/lib/python3.7/site-packages/airflow/example_dags/example_branch_day_of_week_operator.py for tasks to queue
[2023-06-13T23:15:35.076+0000] {logging_mixin.py:149} INFO - [2023-06-13T23:15:35.076+0000] {dagbag.py:541} INFO - Filling up the DagBag from /home/airflow/.local/lib/python3.7/site-packages/airflow/example_dags/example_branch_day_of_week_operator.py
[2023-06-13T23:15:35.090+0000] {processor.py:836} INFO - DAG(s) dict_keys(['example_weekday_branch_operator']) retrieved from /home/airflow/.local/lib/python3.7/site-packages/airflow/example_dags/example_branch_day_of_week_operator.py
[2023-06-13T23:15:35.148+0000] {logging_mixin.py:149} INFO - [2023-06-13T23:15:35.148+0000] {dag.py:2726} INFO - Sync 1 DAGs
[2023-06-13T23:15:35.202+0000] {logging_mixin.py:149} INFO - [2023-06-13T23:15:35.202+0000] {dag.py:3490} INFO - Setting next_dagrun for example_weekday_branch_operator to 2023-06-12T00:00:00+00:00, run_after=2023-06-13T00:00:00+00:00
[2023-06-13T23:15:35.253+0000] {processor.py:179} INFO - Processing /home/airflow/.local/lib/python3.7/site-packages/airflow/example_dags/example_branch_day_of_week_operator.py took 0.186 seconds
[2023-06-13T23:16:06.011+0000] {processor.py:157} INFO - Started process (PID=10539) to work on /home/airflow/.local/lib/python3.7/site-packages/airflow/example_dags/example_branch_day_of_week_operator.py
[2023-06-13T23:16:06.014+0000] {processor.py:826} INFO - Processing file /home/airflow/.local/lib/python3.7/site-packages/airflow/example_dags/example_branch_day_of_week_operator.py for tasks to queue
[2023-06-13T23:16:06.015+0000] {logging_mixin.py:149} INFO - [2023-06-13T23:16:06.015+0000] {dagbag.py:541} INFO - Filling up the DagBag from /home/airflow/.local/lib/python3.7/site-packages/airflow/example_dags/example_branch_day_of_week_operator.py
[2023-06-13T23:16:06.027+0000] {processor.py:836} INFO - DAG(s) dict_keys(['example_weekday_branch_operator']) retrieved from /home/airflow/.local/lib/python3.7/site-packages/airflow/example_dags/example_branch_day_of_week_operator.py
[2023-06-13T23:16:06.083+0000] {logging_mixin.py:149} INFO - [2023-06-13T23:16:06.083+0000] {dag.py:2726} INFO - Sync 1 DAGs
[2023-06-13T23:16:06.137+0000] {logging_mixin.py:149} INFO - [2023-06-13T23:16:06.137+0000] {dag.py:3490} INFO - Setting next_dagrun for example_weekday_branch_operator to 2023-06-12T00:00:00+00:00, run_after=2023-06-13T00:00:00+00:00
[2023-06-13T23:16:06.192+0000] {processor.py:179} INFO - Processing /home/airflow/.local/lib/python3.7/site-packages/airflow/example_dags/example_branch_day_of_week_operator.py took 0.186 seconds
[2023-06-13T23:16:36.426+0000] {processor.py:157} INFO - Started process (PID=10777) to work on /home/airflow/.local/lib/python3.7/site-packages/airflow/example_dags/example_branch_day_of_week_operator.py
[2023-06-13T23:16:36.429+0000] {processor.py:826} INFO - Processing file /home/airflow/.local/lib/python3.7/site-packages/airflow/example_dags/example_branch_day_of_week_operator.py for tasks to queue
[2023-06-13T23:16:36.430+0000] {logging_mixin.py:149} INFO - [2023-06-13T23:16:36.430+0000] {dagbag.py:541} INFO - Filling up the DagBag from /home/airflow/.local/lib/python3.7/site-packages/airflow/example_dags/example_branch_day_of_week_operator.py
[2023-06-13T23:16:36.446+0000] {processor.py:836} INFO - DAG(s) dict_keys(['example_weekday_branch_operator']) retrieved from /home/airflow/.local/lib/python3.7/site-packages/airflow/example_dags/example_branch_day_of_week_operator.py
[2023-06-13T23:16:36.528+0000] {logging_mixin.py:149} INFO - [2023-06-13T23:16:36.528+0000] {dag.py:2726} INFO - Sync 1 DAGs
[2023-06-13T23:16:36.607+0000] {logging_mixin.py:149} INFO - [2023-06-13T23:16:36.606+0000] {dag.py:3490} INFO - Setting next_dagrun for example_weekday_branch_operator to 2023-06-12T00:00:00+00:00, run_after=2023-06-13T00:00:00+00:00
[2023-06-13T23:16:36.677+0000] {processor.py:179} INFO - Processing /home/airflow/.local/lib/python3.7/site-packages/airflow/example_dags/example_branch_day_of_week_operator.py took 0.255 seconds
[2023-06-13T23:17:06.857+0000] {processor.py:157} INFO - Started process (PID=11018) to work on /home/airflow/.local/lib/python3.7/site-packages/airflow/example_dags/example_branch_day_of_week_operator.py
[2023-06-13T23:17:06.860+0000] {processor.py:826} INFO - Processing file /home/airflow/.local/lib/python3.7/site-packages/airflow/example_dags/example_branch_day_of_week_operator.py for tasks to queue
[2023-06-13T23:17:06.862+0000] {logging_mixin.py:149} INFO - [2023-06-13T23:17:06.861+0000] {dagbag.py:541} INFO - Filling up the DagBag from /home/airflow/.local/lib/python3.7/site-packages/airflow/example_dags/example_branch_day_of_week_operator.py
[2023-06-13T23:17:06.877+0000] {processor.py:836} INFO - DAG(s) dict_keys(['example_weekday_branch_operator']) retrieved from /home/airflow/.local/lib/python3.7/site-packages/airflow/example_dags/example_branch_day_of_week_operator.py
[2023-06-13T23:17:06.936+0000] {logging_mixin.py:149} INFO - [2023-06-13T23:17:06.935+0000] {dag.py:2726} INFO - Sync 1 DAGs
[2023-06-13T23:17:06.985+0000] {logging_mixin.py:149} INFO - [2023-06-13T23:17:06.985+0000] {dag.py:3490} INFO - Setting next_dagrun for example_weekday_branch_operator to 2023-06-12T00:00:00+00:00, run_after=2023-06-13T00:00:00+00:00
[2023-06-13T23:17:07.019+0000] {processor.py:179} INFO - Processing /home/airflow/.local/lib/python3.7/site-packages/airflow/example_dags/example_branch_day_of_week_operator.py took 0.170 seconds
[2023-06-13T23:17:37.504+0000] {processor.py:157} INFO - Started process (PID=11258) to work on /home/airflow/.local/lib/python3.7/site-packages/airflow/example_dags/example_branch_day_of_week_operator.py
[2023-06-13T23:17:37.506+0000] {processor.py:826} INFO - Processing file /home/airflow/.local/lib/python3.7/site-packages/airflow/example_dags/example_branch_day_of_week_operator.py for tasks to queue
[2023-06-13T23:17:37.508+0000] {logging_mixin.py:149} INFO - [2023-06-13T23:17:37.508+0000] {dagbag.py:541} INFO - Filling up the DagBag from /home/airflow/.local/lib/python3.7/site-packages/airflow/example_dags/example_branch_day_of_week_operator.py
[2023-06-13T23:17:37.531+0000] {processor.py:836} INFO - DAG(s) dict_keys(['example_weekday_branch_operator']) retrieved from /home/airflow/.local/lib/python3.7/site-packages/airflow/example_dags/example_branch_day_of_week_operator.py
[2023-06-13T23:17:37.586+0000] {logging_mixin.py:149} INFO - [2023-06-13T23:17:37.586+0000] {dag.py:2726} INFO - Sync 1 DAGs
[2023-06-13T23:17:37.642+0000] {logging_mixin.py:149} INFO - [2023-06-13T23:17:37.642+0000] {dag.py:3490} INFO - Setting next_dagrun for example_weekday_branch_operator to 2023-06-12T00:00:00+00:00, run_after=2023-06-13T00:00:00+00:00
[2023-06-13T23:17:37.696+0000] {processor.py:179} INFO - Processing /home/airflow/.local/lib/python3.7/site-packages/airflow/example_dags/example_branch_day_of_week_operator.py took 0.200 seconds
[2023-06-13T23:18:07.945+0000] {processor.py:157} INFO - Started process (PID=11498) to work on /home/airflow/.local/lib/python3.7/site-packages/airflow/example_dags/example_branch_day_of_week_operator.py
[2023-06-13T23:18:07.947+0000] {processor.py:826} INFO - Processing file /home/airflow/.local/lib/python3.7/site-packages/airflow/example_dags/example_branch_day_of_week_operator.py for tasks to queue
[2023-06-13T23:18:07.949+0000] {logging_mixin.py:149} INFO - [2023-06-13T23:18:07.948+0000] {dagbag.py:541} INFO - Filling up the DagBag from /home/airflow/.local/lib/python3.7/site-packages/airflow/example_dags/example_branch_day_of_week_operator.py
[2023-06-13T23:18:07.966+0000] {processor.py:836} INFO - DAG(s) dict_keys(['example_weekday_branch_operator']) retrieved from /home/airflow/.local/lib/python3.7/site-packages/airflow/example_dags/example_branch_day_of_week_operator.py
[2023-06-13T23:18:08.028+0000] {logging_mixin.py:149} INFO - [2023-06-13T23:18:08.027+0000] {dag.py:2726} INFO - Sync 1 DAGs
[2023-06-13T23:18:08.086+0000] {logging_mixin.py:149} INFO - [2023-06-13T23:18:08.086+0000] {dag.py:3490} INFO - Setting next_dagrun for example_weekday_branch_operator to 2023-06-12T00:00:00+00:00, run_after=2023-06-13T00:00:00+00:00
[2023-06-13T23:18:08.156+0000] {processor.py:179} INFO - Processing /home/airflow/.local/lib/python3.7/site-packages/airflow/example_dags/example_branch_day_of_week_operator.py took 0.221 seconds
[2023-06-13T23:18:38.573+0000] {processor.py:157} INFO - Started process (PID=11738) to work on /home/airflow/.local/lib/python3.7/site-packages/airflow/example_dags/example_branch_day_of_week_operator.py
[2023-06-13T23:18:38.576+0000] {processor.py:826} INFO - Processing file /home/airflow/.local/lib/python3.7/site-packages/airflow/example_dags/example_branch_day_of_week_operator.py for tasks to queue
[2023-06-13T23:18:38.578+0000] {logging_mixin.py:149} INFO - [2023-06-13T23:18:38.577+0000] {dagbag.py:541} INFO - Filling up the DagBag from /home/airflow/.local/lib/python3.7/site-packages/airflow/example_dags/example_branch_day_of_week_operator.py
[2023-06-13T23:18:38.598+0000] {processor.py:836} INFO - DAG(s) dict_keys(['example_weekday_branch_operator']) retrieved from /home/airflow/.local/lib/python3.7/site-packages/airflow/example_dags/example_branch_day_of_week_operator.py
[2023-06-13T23:18:38.675+0000] {logging_mixin.py:149} INFO - [2023-06-13T23:18:38.675+0000] {dag.py:2726} INFO - Sync 1 DAGs
[2023-06-13T23:18:38.749+0000] {logging_mixin.py:149} INFO - [2023-06-13T23:18:38.748+0000] {dag.py:3490} INFO - Setting next_dagrun for example_weekday_branch_operator to 2023-06-12T00:00:00+00:00, run_after=2023-06-13T00:00:00+00:00
[2023-06-13T23:18:38.813+0000] {processor.py:179} INFO - Processing /home/airflow/.local/lib/python3.7/site-packages/airflow/example_dags/example_branch_day_of_week_operator.py took 0.247 seconds
[2023-06-13T23:19:09.152+0000] {processor.py:157} INFO - Started process (PID=11978) to work on /home/airflow/.local/lib/python3.7/site-packages/airflow/example_dags/example_branch_day_of_week_operator.py
[2023-06-13T23:19:09.155+0000] {processor.py:826} INFO - Processing file /home/airflow/.local/lib/python3.7/site-packages/airflow/example_dags/example_branch_day_of_week_operator.py for tasks to queue
[2023-06-13T23:19:09.157+0000] {logging_mixin.py:149} INFO - [2023-06-13T23:19:09.156+0000] {dagbag.py:541} INFO - Filling up the DagBag from /home/airflow/.local/lib/python3.7/site-packages/airflow/example_dags/example_branch_day_of_week_operator.py
[2023-06-13T23:19:09.167+0000] {processor.py:836} INFO - DAG(s) dict_keys(['example_weekday_branch_operator']) retrieved from /home/airflow/.local/lib/python3.7/site-packages/airflow/example_dags/example_branch_day_of_week_operator.py
[2023-06-13T23:19:09.234+0000] {logging_mixin.py:149} INFO - [2023-06-13T23:19:09.233+0000] {dag.py:2726} INFO - Sync 1 DAGs
[2023-06-13T23:19:09.298+0000] {logging_mixin.py:149} INFO - [2023-06-13T23:19:09.298+0000] {dag.py:3490} INFO - Setting next_dagrun for example_weekday_branch_operator to 2023-06-12T00:00:00+00:00, run_after=2023-06-13T00:00:00+00:00
[2023-06-13T23:19:09.354+0000] {processor.py:179} INFO - Processing /home/airflow/.local/lib/python3.7/site-packages/airflow/example_dags/example_branch_day_of_week_operator.py took 0.206 seconds
[2023-06-13T23:19:39.953+0000] {processor.py:157} INFO - Started process (PID=12220) to work on /home/airflow/.local/lib/python3.7/site-packages/airflow/example_dags/example_branch_day_of_week_operator.py
[2023-06-13T23:19:39.956+0000] {processor.py:826} INFO - Processing file /home/airflow/.local/lib/python3.7/site-packages/airflow/example_dags/example_branch_day_of_week_operator.py for tasks to queue
[2023-06-13T23:19:39.959+0000] {logging_mixin.py:149} INFO - [2023-06-13T23:19:39.958+0000] {dagbag.py:541} INFO - Filling up the DagBag from /home/airflow/.local/lib/python3.7/site-packages/airflow/example_dags/example_branch_day_of_week_operator.py
[2023-06-13T23:19:39.981+0000] {processor.py:836} INFO - DAG(s) dict_keys(['example_weekday_branch_operator']) retrieved from /home/airflow/.local/lib/python3.7/site-packages/airflow/example_dags/example_branch_day_of_week_operator.py
[2023-06-13T23:19:40.043+0000] {logging_mixin.py:149} INFO - [2023-06-13T23:19:40.043+0000] {dag.py:2726} INFO - Sync 1 DAGs
[2023-06-13T23:19:40.110+0000] {logging_mixin.py:149} INFO - [2023-06-13T23:19:40.109+0000] {dag.py:3490} INFO - Setting next_dagrun for example_weekday_branch_operator to 2023-06-12T00:00:00+00:00, run_after=2023-06-13T00:00:00+00:00
[2023-06-13T23:19:40.173+0000] {processor.py:179} INFO - Processing /home/airflow/.local/lib/python3.7/site-packages/airflow/example_dags/example_branch_day_of_week_operator.py took 0.226 seconds
[2023-06-13T23:20:10.443+0000] {processor.py:157} INFO - Started process (PID=12458) to work on /home/airflow/.local/lib/python3.7/site-packages/airflow/example_dags/example_branch_day_of_week_operator.py
[2023-06-13T23:20:10.446+0000] {processor.py:826} INFO - Processing file /home/airflow/.local/lib/python3.7/site-packages/airflow/example_dags/example_branch_day_of_week_operator.py for tasks to queue
[2023-06-13T23:20:10.451+0000] {logging_mixin.py:149} INFO - [2023-06-13T23:20:10.449+0000] {dagbag.py:541} INFO - Filling up the DagBag from /home/airflow/.local/lib/python3.7/site-packages/airflow/example_dags/example_branch_day_of_week_operator.py
[2023-06-13T23:20:10.485+0000] {processor.py:836} INFO - DAG(s) dict_keys(['example_weekday_branch_operator']) retrieved from /home/airflow/.local/lib/python3.7/site-packages/airflow/example_dags/example_branch_day_of_week_operator.py
[2023-06-13T23:20:10.626+0000] {logging_mixin.py:149} INFO - [2023-06-13T23:20:10.626+0000] {dag.py:2726} INFO - Sync 1 DAGs
[2023-06-13T23:20:10.753+0000] {logging_mixin.py:149} INFO - [2023-06-13T23:20:10.751+0000] {dag.py:3490} INFO - Setting next_dagrun for example_weekday_branch_operator to 2023-06-12T00:00:00+00:00, run_after=2023-06-13T00:00:00+00:00
[2023-06-13T23:20:10.845+0000] {processor.py:179} INFO - Processing /home/airflow/.local/lib/python3.7/site-packages/airflow/example_dags/example_branch_day_of_week_operator.py took 0.412 seconds
[2023-06-13T23:20:41.199+0000] {processor.py:157} INFO - Started process (PID=12698) to work on /home/airflow/.local/lib/python3.7/site-packages/airflow/example_dags/example_branch_day_of_week_operator.py
[2023-06-13T23:20:41.201+0000] {processor.py:826} INFO - Processing file /home/airflow/.local/lib/python3.7/site-packages/airflow/example_dags/example_branch_day_of_week_operator.py for tasks to queue
[2023-06-13T23:20:41.203+0000] {logging_mixin.py:149} INFO - [2023-06-13T23:20:41.202+0000] {dagbag.py:541} INFO - Filling up the DagBag from /home/airflow/.local/lib/python3.7/site-packages/airflow/example_dags/example_branch_day_of_week_operator.py
[2023-06-13T23:20:41.217+0000] {processor.py:836} INFO - DAG(s) dict_keys(['example_weekday_branch_operator']) retrieved from /home/airflow/.local/lib/python3.7/site-packages/airflow/example_dags/example_branch_day_of_week_operator.py
[2023-06-13T23:20:41.290+0000] {logging_mixin.py:149} INFO - [2023-06-13T23:20:41.290+0000] {dag.py:2726} INFO - Sync 1 DAGs
[2023-06-13T23:20:41.350+0000] {logging_mixin.py:149} INFO - [2023-06-13T23:20:41.349+0000] {dag.py:3490} INFO - Setting next_dagrun for example_weekday_branch_operator to 2023-06-12T00:00:00+00:00, run_after=2023-06-13T00:00:00+00:00
[2023-06-13T23:20:41.403+0000] {processor.py:179} INFO - Processing /home/airflow/.local/lib/python3.7/site-packages/airflow/example_dags/example_branch_day_of_week_operator.py took 0.211 seconds
[2023-06-13T23:21:11.968+0000] {processor.py:157} INFO - Started process (PID=12937) to work on /home/airflow/.local/lib/python3.7/site-packages/airflow/example_dags/example_branch_day_of_week_operator.py
[2023-06-13T23:21:11.971+0000] {processor.py:826} INFO - Processing file /home/airflow/.local/lib/python3.7/site-packages/airflow/example_dags/example_branch_day_of_week_operator.py for tasks to queue
[2023-06-13T23:21:11.973+0000] {logging_mixin.py:149} INFO - [2023-06-13T23:21:11.972+0000] {dagbag.py:541} INFO - Filling up the DagBag from /home/airflow/.local/lib/python3.7/site-packages/airflow/example_dags/example_branch_day_of_week_operator.py
[2023-06-13T23:21:11.988+0000] {processor.py:836} INFO - DAG(s) dict_keys(['example_weekday_branch_operator']) retrieved from /home/airflow/.local/lib/python3.7/site-packages/airflow/example_dags/example_branch_day_of_week_operator.py
[2023-06-13T23:21:12.054+0000] {logging_mixin.py:149} INFO - [2023-06-13T23:21:12.053+0000] {dag.py:2726} INFO - Sync 1 DAGs
[2023-06-13T23:21:12.113+0000] {logging_mixin.py:149} INFO - [2023-06-13T23:21:12.113+0000] {dag.py:3490} INFO - Setting next_dagrun for example_weekday_branch_operator to 2023-06-12T00:00:00+00:00, run_after=2023-06-13T00:00:00+00:00
[2023-06-13T23:21:12.166+0000] {processor.py:179} INFO - Processing /home/airflow/.local/lib/python3.7/site-packages/airflow/example_dags/example_branch_day_of_week_operator.py took 0.205 seconds
[2023-06-13T23:21:42.379+0000] {processor.py:157} INFO - Started process (PID=13176) to work on /home/airflow/.local/lib/python3.7/site-packages/airflow/example_dags/example_branch_day_of_week_operator.py
[2023-06-13T23:21:42.381+0000] {processor.py:826} INFO - Processing file /home/airflow/.local/lib/python3.7/site-packages/airflow/example_dags/example_branch_day_of_week_operator.py for tasks to queue
[2023-06-13T23:21:42.384+0000] {logging_mixin.py:149} INFO - [2023-06-13T23:21:42.383+0000] {dagbag.py:541} INFO - Filling up the DagBag from /home/airflow/.local/lib/python3.7/site-packages/airflow/example_dags/example_branch_day_of_week_operator.py
[2023-06-13T23:21:42.402+0000] {processor.py:836} INFO - DAG(s) dict_keys(['example_weekday_branch_operator']) retrieved from /home/airflow/.local/lib/python3.7/site-packages/airflow/example_dags/example_branch_day_of_week_operator.py
[2023-06-13T23:21:42.457+0000] {logging_mixin.py:149} INFO - [2023-06-13T23:21:42.457+0000] {dag.py:2726} INFO - Sync 1 DAGs
[2023-06-13T23:21:42.522+0000] {logging_mixin.py:149} INFO - [2023-06-13T23:21:42.521+0000] {dag.py:3490} INFO - Setting next_dagrun for example_weekday_branch_operator to 2023-06-12T00:00:00+00:00, run_after=2023-06-13T00:00:00+00:00
[2023-06-13T23:21:42.581+0000] {processor.py:179} INFO - Processing /home/airflow/.local/lib/python3.7/site-packages/airflow/example_dags/example_branch_day_of_week_operator.py took 0.208 seconds
[2023-06-13T23:22:12.684+0000] {processor.py:157} INFO - Started process (PID=13416) to work on /home/airflow/.local/lib/python3.7/site-packages/airflow/example_dags/example_branch_day_of_week_operator.py
[2023-06-13T23:22:12.686+0000] {processor.py:826} INFO - Processing file /home/airflow/.local/lib/python3.7/site-packages/airflow/example_dags/example_branch_day_of_week_operator.py for tasks to queue
[2023-06-13T23:22:12.687+0000] {logging_mixin.py:149} INFO - [2023-06-13T23:22:12.687+0000] {dagbag.py:541} INFO - Filling up the DagBag from /home/airflow/.local/lib/python3.7/site-packages/airflow/example_dags/example_branch_day_of_week_operator.py
[2023-06-13T23:22:12.698+0000] {processor.py:836} INFO - DAG(s) dict_keys(['example_weekday_branch_operator']) retrieved from /home/airflow/.local/lib/python3.7/site-packages/airflow/example_dags/example_branch_day_of_week_operator.py
[2023-06-13T23:22:12.737+0000] {logging_mixin.py:149} INFO - [2023-06-13T23:22:12.737+0000] {dag.py:2726} INFO - Sync 1 DAGs
[2023-06-13T23:22:12.777+0000] {logging_mixin.py:149} INFO - [2023-06-13T23:22:12.776+0000] {dag.py:3490} INFO - Setting next_dagrun for example_weekday_branch_operator to 2023-06-12T00:00:00+00:00, run_after=2023-06-13T00:00:00+00:00
[2023-06-13T23:22:12.819+0000] {processor.py:179} INFO - Processing /home/airflow/.local/lib/python3.7/site-packages/airflow/example_dags/example_branch_day_of_week_operator.py took 0.140 seconds
[2023-06-13T23:22:42.977+0000] {processor.py:157} INFO - Started process (PID=13656) to work on /home/airflow/.local/lib/python3.7/site-packages/airflow/example_dags/example_branch_day_of_week_operator.py
[2023-06-13T23:22:42.978+0000] {processor.py:826} INFO - Processing file /home/airflow/.local/lib/python3.7/site-packages/airflow/example_dags/example_branch_day_of_week_operator.py for tasks to queue
[2023-06-13T23:22:42.979+0000] {logging_mixin.py:149} INFO - [2023-06-13T23:22:42.979+0000] {dagbag.py:541} INFO - Filling up the DagBag from /home/airflow/.local/lib/python3.7/site-packages/airflow/example_dags/example_branch_day_of_week_operator.py
[2023-06-13T23:22:42.993+0000] {processor.py:836} INFO - DAG(s) dict_keys(['example_weekday_branch_operator']) retrieved from /home/airflow/.local/lib/python3.7/site-packages/airflow/example_dags/example_branch_day_of_week_operator.py
[2023-06-13T23:22:43.096+0000] {logging_mixin.py:149} INFO - [2023-06-13T23:22:43.096+0000] {dag.py:2726} INFO - Sync 1 DAGs
[2023-06-13T23:22:43.141+0000] {logging_mixin.py:149} INFO - [2023-06-13T23:22:43.141+0000] {dag.py:3490} INFO - Setting next_dagrun for example_weekday_branch_operator to 2023-06-12T00:00:00+00:00, run_after=2023-06-13T00:00:00+00:00
[2023-06-13T23:22:43.177+0000] {processor.py:179} INFO - Processing /home/airflow/.local/lib/python3.7/site-packages/airflow/example_dags/example_branch_day_of_week_operator.py took 0.205 seconds
[2023-06-13T23:23:13.529+0000] {processor.py:157} INFO - Started process (PID=13896) to work on /home/airflow/.local/lib/python3.7/site-packages/airflow/example_dags/example_branch_day_of_week_operator.py
[2023-06-13T23:23:13.531+0000] {processor.py:826} INFO - Processing file /home/airflow/.local/lib/python3.7/site-packages/airflow/example_dags/example_branch_day_of_week_operator.py for tasks to queue
[2023-06-13T23:23:13.532+0000] {logging_mixin.py:149} INFO - [2023-06-13T23:23:13.532+0000] {dagbag.py:541} INFO - Filling up the DagBag from /home/airflow/.local/lib/python3.7/site-packages/airflow/example_dags/example_branch_day_of_week_operator.py
[2023-06-13T23:23:13.547+0000] {processor.py:836} INFO - DAG(s) dict_keys(['example_weekday_branch_operator']) retrieved from /home/airflow/.local/lib/python3.7/site-packages/airflow/example_dags/example_branch_day_of_week_operator.py
[2023-06-13T23:23:13.594+0000] {logging_mixin.py:149} INFO - [2023-06-13T23:23:13.594+0000] {dag.py:2726} INFO - Sync 1 DAGs
[2023-06-13T23:23:13.640+0000] {logging_mixin.py:149} INFO - [2023-06-13T23:23:13.640+0000] {dag.py:3490} INFO - Setting next_dagrun for example_weekday_branch_operator to 2023-06-12T00:00:00+00:00, run_after=2023-06-13T00:00:00+00:00
[2023-06-13T23:23:13.683+0000] {processor.py:179} INFO - Processing /home/airflow/.local/lib/python3.7/site-packages/airflow/example_dags/example_branch_day_of_week_operator.py took 0.160 seconds
[2023-06-13T23:23:43.846+0000] {processor.py:157} INFO - Started process (PID=14136) to work on /home/airflow/.local/lib/python3.7/site-packages/airflow/example_dags/example_branch_day_of_week_operator.py
[2023-06-13T23:23:43.848+0000] {processor.py:826} INFO - Processing file /home/airflow/.local/lib/python3.7/site-packages/airflow/example_dags/example_branch_day_of_week_operator.py for tasks to queue
[2023-06-13T23:23:43.849+0000] {logging_mixin.py:149} INFO - [2023-06-13T23:23:43.849+0000] {dagbag.py:541} INFO - Filling up the DagBag from /home/airflow/.local/lib/python3.7/site-packages/airflow/example_dags/example_branch_day_of_week_operator.py
[2023-06-13T23:23:43.865+0000] {processor.py:836} INFO - DAG(s) dict_keys(['example_weekday_branch_operator']) retrieved from /home/airflow/.local/lib/python3.7/site-packages/airflow/example_dags/example_branch_day_of_week_operator.py
[2023-06-13T23:23:43.913+0000] {logging_mixin.py:149} INFO - [2023-06-13T23:23:43.913+0000] {dag.py:2726} INFO - Sync 1 DAGs
[2023-06-13T23:23:43.958+0000] {logging_mixin.py:149} INFO - [2023-06-13T23:23:43.958+0000] {dag.py:3490} INFO - Setting next_dagrun for example_weekday_branch_operator to 2023-06-12T00:00:00+00:00, run_after=2023-06-13T00:00:00+00:00
[2023-06-13T23:23:44.013+0000] {processor.py:179} INFO - Processing /home/airflow/.local/lib/python3.7/site-packages/airflow/example_dags/example_branch_day_of_week_operator.py took 0.172 seconds
[2023-06-13T23:24:14.714+0000] {processor.py:157} INFO - Started process (PID=14376) to work on /home/airflow/.local/lib/python3.7/site-packages/airflow/example_dags/example_branch_day_of_week_operator.py
[2023-06-13T23:24:14.718+0000] {processor.py:826} INFO - Processing file /home/airflow/.local/lib/python3.7/site-packages/airflow/example_dags/example_branch_day_of_week_operator.py for tasks to queue
[2023-06-13T23:24:14.723+0000] {logging_mixin.py:149} INFO - [2023-06-13T23:24:14.722+0000] {dagbag.py:541} INFO - Filling up the DagBag from /home/airflow/.local/lib/python3.7/site-packages/airflow/example_dags/example_branch_day_of_week_operator.py
[2023-06-13T23:24:14.738+0000] {processor.py:836} INFO - DAG(s) dict_keys(['example_weekday_branch_operator']) retrieved from /home/airflow/.local/lib/python3.7/site-packages/airflow/example_dags/example_branch_day_of_week_operator.py
[2023-06-13T23:24:14.796+0000] {logging_mixin.py:149} INFO - [2023-06-13T23:24:14.796+0000] {dag.py:2726} INFO - Sync 1 DAGs
[2023-06-13T23:24:14.844+0000] {logging_mixin.py:149} INFO - [2023-06-13T23:24:14.844+0000] {dag.py:3490} INFO - Setting next_dagrun for example_weekday_branch_operator to 2023-06-12T00:00:00+00:00, run_after=2023-06-13T00:00:00+00:00
[2023-06-13T23:24:14.906+0000] {processor.py:179} INFO - Processing /home/airflow/.local/lib/python3.7/site-packages/airflow/example_dags/example_branch_day_of_week_operator.py took 0.196 seconds
[2023-06-13T23:24:45.311+0000] {processor.py:157} INFO - Started process (PID=14616) to work on /home/airflow/.local/lib/python3.7/site-packages/airflow/example_dags/example_branch_day_of_week_operator.py
[2023-06-13T23:24:45.312+0000] {processor.py:826} INFO - Processing file /home/airflow/.local/lib/python3.7/site-packages/airflow/example_dags/example_branch_day_of_week_operator.py for tasks to queue
[2023-06-13T23:24:45.313+0000] {logging_mixin.py:149} INFO - [2023-06-13T23:24:45.312+0000] {dagbag.py:541} INFO - Filling up the DagBag from /home/airflow/.local/lib/python3.7/site-packages/airflow/example_dags/example_branch_day_of_week_operator.py
[2023-06-13T23:24:45.326+0000] {processor.py:836} INFO - DAG(s) dict_keys(['example_weekday_branch_operator']) retrieved from /home/airflow/.local/lib/python3.7/site-packages/airflow/example_dags/example_branch_day_of_week_operator.py
[2023-06-13T23:24:45.385+0000] {logging_mixin.py:149} INFO - [2023-06-13T23:24:45.384+0000] {dag.py:2726} INFO - Sync 1 DAGs
[2023-06-13T23:24:45.435+0000] {logging_mixin.py:149} INFO - [2023-06-13T23:24:45.435+0000] {dag.py:3490} INFO - Setting next_dagrun for example_weekday_branch_operator to 2023-06-12T00:00:00+00:00, run_after=2023-06-13T00:00:00+00:00
[2023-06-13T23:24:45.484+0000] {processor.py:179} INFO - Processing /home/airflow/.local/lib/python3.7/site-packages/airflow/example_dags/example_branch_day_of_week_operator.py took 0.179 seconds
[2023-06-13T23:25:15.868+0000] {processor.py:157} INFO - Started process (PID=14856) to work on /home/airflow/.local/lib/python3.7/site-packages/airflow/example_dags/example_branch_day_of_week_operator.py
[2023-06-13T23:25:15.872+0000] {processor.py:826} INFO - Processing file /home/airflow/.local/lib/python3.7/site-packages/airflow/example_dags/example_branch_day_of_week_operator.py for tasks to queue
[2023-06-13T23:25:15.873+0000] {logging_mixin.py:149} INFO - [2023-06-13T23:25:15.872+0000] {dagbag.py:541} INFO - Filling up the DagBag from /home/airflow/.local/lib/python3.7/site-packages/airflow/example_dags/example_branch_day_of_week_operator.py
[2023-06-13T23:25:15.886+0000] {processor.py:836} INFO - DAG(s) dict_keys(['example_weekday_branch_operator']) retrieved from /home/airflow/.local/lib/python3.7/site-packages/airflow/example_dags/example_branch_day_of_week_operator.py
[2023-06-13T23:25:15.980+0000] {logging_mixin.py:149} INFO - [2023-06-13T23:25:15.980+0000] {dag.py:2726} INFO - Sync 1 DAGs
[2023-06-13T23:25:16.048+0000] {logging_mixin.py:149} INFO - [2023-06-13T23:25:16.047+0000] {dag.py:3490} INFO - Setting next_dagrun for example_weekday_branch_operator to 2023-06-12T00:00:00+00:00, run_after=2023-06-13T00:00:00+00:00
[2023-06-13T23:25:16.109+0000] {processor.py:179} INFO - Processing /home/airflow/.local/lib/python3.7/site-packages/airflow/example_dags/example_branch_day_of_week_operator.py took 0.247 seconds
[2023-06-13T23:25:46.720+0000] {processor.py:157} INFO - Started process (PID=15095) to work on /home/airflow/.local/lib/python3.7/site-packages/airflow/example_dags/example_branch_day_of_week_operator.py
[2023-06-13T23:25:46.722+0000] {processor.py:826} INFO - Processing file /home/airflow/.local/lib/python3.7/site-packages/airflow/example_dags/example_branch_day_of_week_operator.py for tasks to queue
[2023-06-13T23:25:46.723+0000] {logging_mixin.py:149} INFO - [2023-06-13T23:25:46.723+0000] {dagbag.py:541} INFO - Filling up the DagBag from /home/airflow/.local/lib/python3.7/site-packages/airflow/example_dags/example_branch_day_of_week_operator.py
[2023-06-13T23:25:46.741+0000] {processor.py:836} INFO - DAG(s) dict_keys(['example_weekday_branch_operator']) retrieved from /home/airflow/.local/lib/python3.7/site-packages/airflow/example_dags/example_branch_day_of_week_operator.py
[2023-06-13T23:25:46.808+0000] {logging_mixin.py:149} INFO - [2023-06-13T23:25:46.807+0000] {dag.py:2726} INFO - Sync 1 DAGs
[2023-06-13T23:25:46.885+0000] {logging_mixin.py:149} INFO - [2023-06-13T23:25:46.884+0000] {dag.py:3490} INFO - Setting next_dagrun for example_weekday_branch_operator to 2023-06-12T00:00:00+00:00, run_after=2023-06-13T00:00:00+00:00
[2023-06-13T23:25:46.965+0000] {processor.py:179} INFO - Processing /home/airflow/.local/lib/python3.7/site-packages/airflow/example_dags/example_branch_day_of_week_operator.py took 0.251 seconds
