[2023-06-13T22:54:08.543+0000] {processor.py:157} INFO - Started process (PID=208) to work on /home/airflow/.local/lib/python3.7/site-packages/airflow/example_dags/example_short_circuit_operator.py
[2023-06-13T22:54:08.545+0000] {processor.py:826} INFO - Processing file /home/airflow/.local/lib/python3.7/site-packages/airflow/example_dags/example_short_circuit_operator.py for tasks to queue
[2023-06-13T22:54:08.547+0000] {logging_mixin.py:149} INFO - [2023-06-13T22:54:08.546+0000] {dagbag.py:541} INFO - Filling up the DagBag from /home/airflow/.local/lib/python3.7/site-packages/airflow/example_dags/example_short_circuit_operator.py
[2023-06-13T22:54:08.578+0000] {processor.py:836} INFO - DAG(s) dict_keys(['example_short_circuit_operator']) retrieved from /home/airflow/.local/lib/python3.7/site-packages/airflow/example_dags/example_short_circuit_operator.py
[2023-06-13T22:54:08.649+0000] {logging_mixin.py:149} INFO - [2023-06-13T22:54:08.648+0000] {dag.py:2726} INFO - Sync 1 DAGs
[2023-06-13T22:54:08.711+0000] {logging_mixin.py:149} INFO - [2023-06-13T22:54:08.711+0000] {dag.py:3490} INFO - Setting next_dagrun for example_short_circuit_operator to 2023-06-12T22:54:08.710830+00:00, run_after=2023-06-13T22:54:08.710830+00:00
[2023-06-13T22:54:08.794+0000] {processor.py:179} INFO - Processing /home/airflow/.local/lib/python3.7/site-packages/airflow/example_dags/example_short_circuit_operator.py took 0.257 seconds
[2023-06-13T22:54:39.336+0000] {processor.py:157} INFO - Started process (PID=448) to work on /home/airflow/.local/lib/python3.7/site-packages/airflow/example_dags/example_short_circuit_operator.py
[2023-06-13T22:54:39.338+0000] {processor.py:826} INFO - Processing file /home/airflow/.local/lib/python3.7/site-packages/airflow/example_dags/example_short_circuit_operator.py for tasks to queue
[2023-06-13T22:54:39.339+0000] {logging_mixin.py:149} INFO - [2023-06-13T22:54:39.338+0000] {dagbag.py:541} INFO - Filling up the DagBag from /home/airflow/.local/lib/python3.7/site-packages/airflow/example_dags/example_short_circuit_operator.py
[2023-06-13T22:54:39.352+0000] {processor.py:836} INFO - DAG(s) dict_keys(['example_short_circuit_operator']) retrieved from /home/airflow/.local/lib/python3.7/site-packages/airflow/example_dags/example_short_circuit_operator.py
[2023-06-13T22:54:39.422+0000] {logging_mixin.py:149} INFO - [2023-06-13T22:54:39.422+0000] {dag.py:2726} INFO - Sync 1 DAGs
[2023-06-13T22:54:39.480+0000] {logging_mixin.py:149} INFO - [2023-06-13T22:54:39.480+0000] {dag.py:3490} INFO - Setting next_dagrun for example_short_circuit_operator to 2023-06-12T22:54:39.480197+00:00, run_after=2023-06-13T22:54:39.480197+00:00
[2023-06-13T22:54:39.800+0000] {processor.py:179} INFO - Processing /home/airflow/.local/lib/python3.7/site-packages/airflow/example_dags/example_short_circuit_operator.py took 0.471 seconds
[2023-06-13T22:55:10.613+0000] {processor.py:157} INFO - Started process (PID=688) to work on /home/airflow/.local/lib/python3.7/site-packages/airflow/example_dags/example_short_circuit_operator.py
[2023-06-13T22:55:10.618+0000] {processor.py:826} INFO - Processing file /home/airflow/.local/lib/python3.7/site-packages/airflow/example_dags/example_short_circuit_operator.py for tasks to queue
[2023-06-13T22:55:10.619+0000] {logging_mixin.py:149} INFO - [2023-06-13T22:55:10.619+0000] {dagbag.py:541} INFO - Filling up the DagBag from /home/airflow/.local/lib/python3.7/site-packages/airflow/example_dags/example_short_circuit_operator.py
[2023-06-13T22:55:10.636+0000] {processor.py:836} INFO - DAG(s) dict_keys(['example_short_circuit_operator']) retrieved from /home/airflow/.local/lib/python3.7/site-packages/airflow/example_dags/example_short_circuit_operator.py
[2023-06-13T22:55:11.148+0000] {logging_mixin.py:149} INFO - [2023-06-13T22:55:11.148+0000] {dag.py:2726} INFO - Sync 1 DAGs
[2023-06-13T22:55:11.207+0000] {logging_mixin.py:149} INFO - [2023-06-13T22:55:11.206+0000] {dag.py:3490} INFO - Setting next_dagrun for example_short_circuit_operator to 2023-06-12T22:55:11.206470+00:00, run_after=2023-06-13T22:55:11.206470+00:00
[2023-06-13T22:55:11.300+0000] {processor.py:179} INFO - Processing /home/airflow/.local/lib/python3.7/site-packages/airflow/example_dags/example_short_circuit_operator.py took 0.698 seconds
[2023-06-13T22:55:41.739+0000] {processor.py:157} INFO - Started process (PID=939) to work on /home/airflow/.local/lib/python3.7/site-packages/airflow/example_dags/example_short_circuit_operator.py
[2023-06-13T22:55:41.744+0000] {processor.py:826} INFO - Processing file /home/airflow/.local/lib/python3.7/site-packages/airflow/example_dags/example_short_circuit_operator.py for tasks to queue
[2023-06-13T22:55:41.745+0000] {logging_mixin.py:149} INFO - [2023-06-13T22:55:41.745+0000] {dagbag.py:541} INFO - Filling up the DagBag from /home/airflow/.local/lib/python3.7/site-packages/airflow/example_dags/example_short_circuit_operator.py
[2023-06-13T22:55:41.763+0000] {processor.py:836} INFO - DAG(s) dict_keys(['example_short_circuit_operator']) retrieved from /home/airflow/.local/lib/python3.7/site-packages/airflow/example_dags/example_short_circuit_operator.py
[2023-06-13T22:55:41.847+0000] {logging_mixin.py:149} INFO - [2023-06-13T22:55:41.846+0000] {dag.py:2726} INFO - Sync 1 DAGs
[2023-06-13T22:55:41.905+0000] {logging_mixin.py:149} INFO - [2023-06-13T22:55:41.905+0000] {dag.py:3490} INFO - Setting next_dagrun for example_short_circuit_operator to 2023-06-12T22:55:41.905156+00:00, run_after=2023-06-13T22:55:41.905156+00:00
[2023-06-13T22:55:41.991+0000] {processor.py:179} INFO - Processing /home/airflow/.local/lib/python3.7/site-packages/airflow/example_dags/example_short_circuit_operator.py took 0.257 seconds
[2023-06-13T22:56:12.579+0000] {processor.py:157} INFO - Started process (PID=1179) to work on /home/airflow/.local/lib/python3.7/site-packages/airflow/example_dags/example_short_circuit_operator.py
[2023-06-13T22:56:12.581+0000] {processor.py:826} INFO - Processing file /home/airflow/.local/lib/python3.7/site-packages/airflow/example_dags/example_short_circuit_operator.py for tasks to queue
[2023-06-13T22:56:12.583+0000] {logging_mixin.py:149} INFO - [2023-06-13T22:56:12.583+0000] {dagbag.py:541} INFO - Filling up the DagBag from /home/airflow/.local/lib/python3.7/site-packages/airflow/example_dags/example_short_circuit_operator.py
[2023-06-13T22:56:12.602+0000] {processor.py:836} INFO - DAG(s) dict_keys(['example_short_circuit_operator']) retrieved from /home/airflow/.local/lib/python3.7/site-packages/airflow/example_dags/example_short_circuit_operator.py
[2023-06-13T22:56:12.682+0000] {logging_mixin.py:149} INFO - [2023-06-13T22:56:12.681+0000] {dag.py:2726} INFO - Sync 1 DAGs
[2023-06-13T22:56:12.760+0000] {logging_mixin.py:149} INFO - [2023-06-13T22:56:12.759+0000] {dag.py:3490} INFO - Setting next_dagrun for example_short_circuit_operator to 2023-06-12T22:56:12.758701+00:00, run_after=2023-06-13T22:56:12.758701+00:00
[2023-06-13T22:56:12.831+0000] {processor.py:179} INFO - Processing /home/airflow/.local/lib/python3.7/site-packages/airflow/example_dags/example_short_circuit_operator.py took 0.262 seconds
[2023-06-13T22:56:43.593+0000] {processor.py:157} INFO - Started process (PID=1419) to work on /home/airflow/.local/lib/python3.7/site-packages/airflow/example_dags/example_short_circuit_operator.py
[2023-06-13T22:56:43.601+0000] {processor.py:826} INFO - Processing file /home/airflow/.local/lib/python3.7/site-packages/airflow/example_dags/example_short_circuit_operator.py for tasks to queue
[2023-06-13T22:56:43.603+0000] {logging_mixin.py:149} INFO - [2023-06-13T22:56:43.603+0000] {dagbag.py:541} INFO - Filling up the DagBag from /home/airflow/.local/lib/python3.7/site-packages/airflow/example_dags/example_short_circuit_operator.py
[2023-06-13T22:56:43.618+0000] {processor.py:836} INFO - DAG(s) dict_keys(['example_short_circuit_operator']) retrieved from /home/airflow/.local/lib/python3.7/site-packages/airflow/example_dags/example_short_circuit_operator.py
[2023-06-13T22:56:43.692+0000] {logging_mixin.py:149} INFO - [2023-06-13T22:56:43.692+0000] {dag.py:2726} INFO - Sync 1 DAGs
[2023-06-13T22:56:43.753+0000] {logging_mixin.py:149} INFO - [2023-06-13T22:56:43.752+0000] {dag.py:3490} INFO - Setting next_dagrun for example_short_circuit_operator to 2023-06-12T22:56:43.752085+00:00, run_after=2023-06-13T22:56:43.752085+00:00
[2023-06-13T22:56:43.822+0000] {processor.py:179} INFO - Processing /home/airflow/.local/lib/python3.7/site-packages/airflow/example_dags/example_short_circuit_operator.py took 0.237 seconds
[2023-06-13T22:57:14.313+0000] {processor.py:157} INFO - Started process (PID=1658) to work on /home/airflow/.local/lib/python3.7/site-packages/airflow/example_dags/example_short_circuit_operator.py
[2023-06-13T22:57:14.315+0000] {processor.py:826} INFO - Processing file /home/airflow/.local/lib/python3.7/site-packages/airflow/example_dags/example_short_circuit_operator.py for tasks to queue
[2023-06-13T22:57:14.317+0000] {logging_mixin.py:149} INFO - [2023-06-13T22:57:14.317+0000] {dagbag.py:541} INFO - Filling up the DagBag from /home/airflow/.local/lib/python3.7/site-packages/airflow/example_dags/example_short_circuit_operator.py
[2023-06-13T22:57:14.332+0000] {processor.py:836} INFO - DAG(s) dict_keys(['example_short_circuit_operator']) retrieved from /home/airflow/.local/lib/python3.7/site-packages/airflow/example_dags/example_short_circuit_operator.py
[2023-06-13T22:57:14.378+0000] {logging_mixin.py:149} INFO - [2023-06-13T22:57:14.378+0000] {dag.py:2726} INFO - Sync 1 DAGs
[2023-06-13T22:57:14.414+0000] {logging_mixin.py:149} INFO - [2023-06-13T22:57:14.414+0000] {dag.py:3490} INFO - Setting next_dagrun for example_short_circuit_operator to 2023-06-12T22:57:14.414237+00:00, run_after=2023-06-13T22:57:14.414237+00:00
[2023-06-13T22:57:14.452+0000] {processor.py:179} INFO - Processing /home/airflow/.local/lib/python3.7/site-packages/airflow/example_dags/example_short_circuit_operator.py took 0.145 seconds
[2023-06-13T22:57:45.184+0000] {processor.py:157} INFO - Started process (PID=1898) to work on /home/airflow/.local/lib/python3.7/site-packages/airflow/example_dags/example_short_circuit_operator.py
[2023-06-13T22:57:45.187+0000] {processor.py:826} INFO - Processing file /home/airflow/.local/lib/python3.7/site-packages/airflow/example_dags/example_short_circuit_operator.py for tasks to queue
[2023-06-13T22:57:45.190+0000] {logging_mixin.py:149} INFO - [2023-06-13T22:57:45.189+0000] {dagbag.py:541} INFO - Filling up the DagBag from /home/airflow/.local/lib/python3.7/site-packages/airflow/example_dags/example_short_circuit_operator.py
[2023-06-13T22:57:45.208+0000] {processor.py:836} INFO - DAG(s) dict_keys(['example_short_circuit_operator']) retrieved from /home/airflow/.local/lib/python3.7/site-packages/airflow/example_dags/example_short_circuit_operator.py
[2023-06-13T22:57:45.278+0000] {logging_mixin.py:149} INFO - [2023-06-13T22:57:45.278+0000] {dag.py:2726} INFO - Sync 1 DAGs
[2023-06-13T22:57:45.337+0000] {logging_mixin.py:149} INFO - [2023-06-13T22:57:45.336+0000] {dag.py:3490} INFO - Setting next_dagrun for example_short_circuit_operator to 2023-06-12T22:57:45.335268+00:00, run_after=2023-06-13T22:57:45.335268+00:00
[2023-06-13T22:57:45.399+0000] {processor.py:179} INFO - Processing /home/airflow/.local/lib/python3.7/site-packages/airflow/example_dags/example_short_circuit_operator.py took 0.223 seconds
[2023-06-13T22:58:16.072+0000] {processor.py:157} INFO - Started process (PID=2138) to work on /home/airflow/.local/lib/python3.7/site-packages/airflow/example_dags/example_short_circuit_operator.py
[2023-06-13T22:58:16.074+0000] {processor.py:826} INFO - Processing file /home/airflow/.local/lib/python3.7/site-packages/airflow/example_dags/example_short_circuit_operator.py for tasks to queue
[2023-06-13T22:58:16.076+0000] {logging_mixin.py:149} INFO - [2023-06-13T22:58:16.075+0000] {dagbag.py:541} INFO - Filling up the DagBag from /home/airflow/.local/lib/python3.7/site-packages/airflow/example_dags/example_short_circuit_operator.py
[2023-06-13T22:58:16.092+0000] {processor.py:836} INFO - DAG(s) dict_keys(['example_short_circuit_operator']) retrieved from /home/airflow/.local/lib/python3.7/site-packages/airflow/example_dags/example_short_circuit_operator.py
[2023-06-13T22:58:16.157+0000] {logging_mixin.py:149} INFO - [2023-06-13T22:58:16.157+0000] {dag.py:2726} INFO - Sync 1 DAGs
[2023-06-13T22:58:16.211+0000] {logging_mixin.py:149} INFO - [2023-06-13T22:58:16.211+0000] {dag.py:3490} INFO - Setting next_dagrun for example_short_circuit_operator to 2023-06-12T22:58:16.210871+00:00, run_after=2023-06-13T22:58:16.210871+00:00
[2023-06-13T22:58:16.265+0000] {processor.py:179} INFO - Processing /home/airflow/.local/lib/python3.7/site-packages/airflow/example_dags/example_short_circuit_operator.py took 0.200 seconds
[2023-06-13T22:58:46.516+0000] {processor.py:157} INFO - Started process (PID=2378) to work on /home/airflow/.local/lib/python3.7/site-packages/airflow/example_dags/example_short_circuit_operator.py
[2023-06-13T22:58:46.520+0000] {processor.py:826} INFO - Processing file /home/airflow/.local/lib/python3.7/site-packages/airflow/example_dags/example_short_circuit_operator.py for tasks to queue
[2023-06-13T22:58:46.522+0000] {logging_mixin.py:149} INFO - [2023-06-13T22:58:46.522+0000] {dagbag.py:541} INFO - Filling up the DagBag from /home/airflow/.local/lib/python3.7/site-packages/airflow/example_dags/example_short_circuit_operator.py
[2023-06-13T22:58:46.543+0000] {processor.py:836} INFO - DAG(s) dict_keys(['example_short_circuit_operator']) retrieved from /home/airflow/.local/lib/python3.7/site-packages/airflow/example_dags/example_short_circuit_operator.py
[2023-06-13T22:58:46.622+0000] {logging_mixin.py:149} INFO - [2023-06-13T22:58:46.621+0000] {dag.py:2726} INFO - Sync 1 DAGs
[2023-06-13T22:58:46.695+0000] {logging_mixin.py:149} INFO - [2023-06-13T22:58:46.694+0000] {dag.py:3490} INFO - Setting next_dagrun for example_short_circuit_operator to 2023-06-12T22:58:46.694151+00:00, run_after=2023-06-13T22:58:46.694151+00:00
[2023-06-13T22:58:46.773+0000] {processor.py:179} INFO - Processing /home/airflow/.local/lib/python3.7/site-packages/airflow/example_dags/example_short_circuit_operator.py took 0.262 seconds
[2023-06-13T22:59:16.953+0000] {processor.py:157} INFO - Started process (PID=2613) to work on /home/airflow/.local/lib/python3.7/site-packages/airflow/example_dags/example_short_circuit_operator.py
[2023-06-13T22:59:16.955+0000] {processor.py:826} INFO - Processing file /home/airflow/.local/lib/python3.7/site-packages/airflow/example_dags/example_short_circuit_operator.py for tasks to queue
[2023-06-13T22:59:16.957+0000] {logging_mixin.py:149} INFO - [2023-06-13T22:59:16.957+0000] {dagbag.py:541} INFO - Filling up the DagBag from /home/airflow/.local/lib/python3.7/site-packages/airflow/example_dags/example_short_circuit_operator.py
[2023-06-13T22:59:16.974+0000] {processor.py:836} INFO - DAG(s) dict_keys(['example_short_circuit_operator']) retrieved from /home/airflow/.local/lib/python3.7/site-packages/airflow/example_dags/example_short_circuit_operator.py
[2023-06-13T22:59:17.041+0000] {logging_mixin.py:149} INFO - [2023-06-13T22:59:17.041+0000] {dag.py:2726} INFO - Sync 1 DAGs
[2023-06-13T22:59:17.103+0000] {logging_mixin.py:149} INFO - [2023-06-13T22:59:17.102+0000] {dag.py:3490} INFO - Setting next_dagrun for example_short_circuit_operator to 2023-06-12T22:59:17.102380+00:00, run_after=2023-06-13T22:59:17.102380+00:00
[2023-06-13T22:59:17.167+0000] {processor.py:179} INFO - Processing /home/airflow/.local/lib/python3.7/site-packages/airflow/example_dags/example_short_circuit_operator.py took 0.220 seconds
[2023-06-13T22:59:47.491+0000] {processor.py:157} INFO - Started process (PID=2853) to work on /home/airflow/.local/lib/python3.7/site-packages/airflow/example_dags/example_short_circuit_operator.py
[2023-06-13T22:59:47.492+0000] {processor.py:826} INFO - Processing file /home/airflow/.local/lib/python3.7/site-packages/airflow/example_dags/example_short_circuit_operator.py for tasks to queue
[2023-06-13T22:59:47.493+0000] {logging_mixin.py:149} INFO - [2023-06-13T22:59:47.493+0000] {dagbag.py:541} INFO - Filling up the DagBag from /home/airflow/.local/lib/python3.7/site-packages/airflow/example_dags/example_short_circuit_operator.py
[2023-06-13T22:59:47.511+0000] {processor.py:836} INFO - DAG(s) dict_keys(['example_short_circuit_operator']) retrieved from /home/airflow/.local/lib/python3.7/site-packages/airflow/example_dags/example_short_circuit_operator.py
[2023-06-13T22:59:47.578+0000] {logging_mixin.py:149} INFO - [2023-06-13T22:59:47.577+0000] {dag.py:2726} INFO - Sync 1 DAGs
[2023-06-13T22:59:47.630+0000] {logging_mixin.py:149} INFO - [2023-06-13T22:59:47.630+0000] {dag.py:3490} INFO - Setting next_dagrun for example_short_circuit_operator to 2023-06-12T22:59:47.630137+00:00, run_after=2023-06-13T22:59:47.630137+00:00
[2023-06-13T22:59:47.689+0000] {processor.py:179} INFO - Processing /home/airflow/.local/lib/python3.7/site-packages/airflow/example_dags/example_short_circuit_operator.py took 0.204 seconds
[2023-06-13T23:00:18.002+0000] {processor.py:157} INFO - Started process (PID=3093) to work on /home/airflow/.local/lib/python3.7/site-packages/airflow/example_dags/example_short_circuit_operator.py
[2023-06-13T23:00:18.006+0000] {processor.py:826} INFO - Processing file /home/airflow/.local/lib/python3.7/site-packages/airflow/example_dags/example_short_circuit_operator.py for tasks to queue
[2023-06-13T23:00:18.009+0000] {logging_mixin.py:149} INFO - [2023-06-13T23:00:18.008+0000] {dagbag.py:541} INFO - Filling up the DagBag from /home/airflow/.local/lib/python3.7/site-packages/airflow/example_dags/example_short_circuit_operator.py
[2023-06-13T23:00:18.029+0000] {processor.py:836} INFO - DAG(s) dict_keys(['example_short_circuit_operator']) retrieved from /home/airflow/.local/lib/python3.7/site-packages/airflow/example_dags/example_short_circuit_operator.py
[2023-06-13T23:00:18.092+0000] {logging_mixin.py:149} INFO - [2023-06-13T23:00:18.091+0000] {dag.py:2726} INFO - Sync 1 DAGs
[2023-06-13T23:00:18.158+0000] {logging_mixin.py:149} INFO - [2023-06-13T23:00:18.157+0000] {dag.py:3490} INFO - Setting next_dagrun for example_short_circuit_operator to 2023-06-12T23:00:18.157241+00:00, run_after=2023-06-13T23:00:18.157241+00:00
[2023-06-13T23:00:18.244+0000] {processor.py:179} INFO - Processing /home/airflow/.local/lib/python3.7/site-packages/airflow/example_dags/example_short_circuit_operator.py took 0.253 seconds
[2023-06-13T23:00:48.873+0000] {processor.py:157} INFO - Started process (PID=3333) to work on /home/airflow/.local/lib/python3.7/site-packages/airflow/example_dags/example_short_circuit_operator.py
[2023-06-13T23:00:48.876+0000] {processor.py:826} INFO - Processing file /home/airflow/.local/lib/python3.7/site-packages/airflow/example_dags/example_short_circuit_operator.py for tasks to queue
[2023-06-13T23:00:48.877+0000] {logging_mixin.py:149} INFO - [2023-06-13T23:00:48.877+0000] {dagbag.py:541} INFO - Filling up the DagBag from /home/airflow/.local/lib/python3.7/site-packages/airflow/example_dags/example_short_circuit_operator.py
[2023-06-13T23:00:48.892+0000] {processor.py:836} INFO - DAG(s) dict_keys(['example_short_circuit_operator']) retrieved from /home/airflow/.local/lib/python3.7/site-packages/airflow/example_dags/example_short_circuit_operator.py
[2023-06-13T23:00:48.965+0000] {logging_mixin.py:149} INFO - [2023-06-13T23:00:48.965+0000] {dag.py:2726} INFO - Sync 1 DAGs
[2023-06-13T23:00:49.019+0000] {logging_mixin.py:149} INFO - [2023-06-13T23:00:49.019+0000] {dag.py:3490} INFO - Setting next_dagrun for example_short_circuit_operator to 2023-06-12T23:00:49.018488+00:00, run_after=2023-06-13T23:00:49.018488+00:00
[2023-06-13T23:00:49.080+0000] {processor.py:179} INFO - Processing /home/airflow/.local/lib/python3.7/site-packages/airflow/example_dags/example_short_circuit_operator.py took 0.214 seconds
[2023-06-13T23:01:19.441+0000] {processor.py:157} INFO - Started process (PID=3573) to work on /home/airflow/.local/lib/python3.7/site-packages/airflow/example_dags/example_short_circuit_operator.py
[2023-06-13T23:01:19.444+0000] {processor.py:826} INFO - Processing file /home/airflow/.local/lib/python3.7/site-packages/airflow/example_dags/example_short_circuit_operator.py for tasks to queue
[2023-06-13T23:01:19.446+0000] {logging_mixin.py:149} INFO - [2023-06-13T23:01:19.445+0000] {dagbag.py:541} INFO - Filling up the DagBag from /home/airflow/.local/lib/python3.7/site-packages/airflow/example_dags/example_short_circuit_operator.py
[2023-06-13T23:01:19.461+0000] {processor.py:836} INFO - DAG(s) dict_keys(['example_short_circuit_operator']) retrieved from /home/airflow/.local/lib/python3.7/site-packages/airflow/example_dags/example_short_circuit_operator.py
[2023-06-13T23:01:19.521+0000] {logging_mixin.py:149} INFO - [2023-06-13T23:01:19.521+0000] {dag.py:2726} INFO - Sync 1 DAGs
[2023-06-13T23:01:19.593+0000] {logging_mixin.py:149} INFO - [2023-06-13T23:01:19.593+0000] {dag.py:3490} INFO - Setting next_dagrun for example_short_circuit_operator to 2023-06-12T23:01:19.593301+00:00, run_after=2023-06-13T23:01:19.593301+00:00
[2023-06-13T23:01:19.648+0000] {processor.py:179} INFO - Processing /home/airflow/.local/lib/python3.7/site-packages/airflow/example_dags/example_short_circuit_operator.py took 0.214 seconds
[2023-06-13T23:01:49.759+0000] {processor.py:157} INFO - Started process (PID=3810) to work on /home/airflow/.local/lib/python3.7/site-packages/airflow/example_dags/example_short_circuit_operator.py
[2023-06-13T23:01:49.762+0000] {processor.py:826} INFO - Processing file /home/airflow/.local/lib/python3.7/site-packages/airflow/example_dags/example_short_circuit_operator.py for tasks to queue
[2023-06-13T23:01:49.764+0000] {logging_mixin.py:149} INFO - [2023-06-13T23:01:49.763+0000] {dagbag.py:541} INFO - Filling up the DagBag from /home/airflow/.local/lib/python3.7/site-packages/airflow/example_dags/example_short_circuit_operator.py
[2023-06-13T23:01:49.784+0000] {processor.py:836} INFO - DAG(s) dict_keys(['example_short_circuit_operator']) retrieved from /home/airflow/.local/lib/python3.7/site-packages/airflow/example_dags/example_short_circuit_operator.py
[2023-06-13T23:01:49.839+0000] {logging_mixin.py:149} INFO - [2023-06-13T23:01:49.838+0000] {dag.py:2726} INFO - Sync 1 DAGs
[2023-06-13T23:01:49.895+0000] {logging_mixin.py:149} INFO - [2023-06-13T23:01:49.894+0000] {dag.py:3490} INFO - Setting next_dagrun for example_short_circuit_operator to 2023-06-12T23:01:49.894311+00:00, run_after=2023-06-13T23:01:49.894311+00:00
[2023-06-13T23:01:49.966+0000] {processor.py:179} INFO - Processing /home/airflow/.local/lib/python3.7/site-packages/airflow/example_dags/example_short_circuit_operator.py took 0.213 seconds
[2023-06-13T23:02:20.963+0000] {processor.py:157} INFO - Started process (PID=4054) to work on /home/airflow/.local/lib/python3.7/site-packages/airflow/example_dags/example_short_circuit_operator.py
[2023-06-13T23:02:20.966+0000] {processor.py:826} INFO - Processing file /home/airflow/.local/lib/python3.7/site-packages/airflow/example_dags/example_short_circuit_operator.py for tasks to queue
[2023-06-13T23:02:20.967+0000] {logging_mixin.py:149} INFO - [2023-06-13T23:02:20.966+0000] {dagbag.py:541} INFO - Filling up the DagBag from /home/airflow/.local/lib/python3.7/site-packages/airflow/example_dags/example_short_circuit_operator.py
[2023-06-13T23:02:20.981+0000] {processor.py:836} INFO - DAG(s) dict_keys(['example_short_circuit_operator']) retrieved from /home/airflow/.local/lib/python3.7/site-packages/airflow/example_dags/example_short_circuit_operator.py
[2023-06-13T23:02:21.040+0000] {logging_mixin.py:149} INFO - [2023-06-13T23:02:21.039+0000] {dag.py:2726} INFO - Sync 1 DAGs
[2023-06-13T23:02:21.091+0000] {logging_mixin.py:149} INFO - [2023-06-13T23:02:21.091+0000] {dag.py:3490} INFO - Setting next_dagrun for example_short_circuit_operator to 2023-06-12T23:02:21.090799+00:00, run_after=2023-06-13T23:02:21.090799+00:00
[2023-06-13T23:02:21.146+0000] {processor.py:179} INFO - Processing /home/airflow/.local/lib/python3.7/site-packages/airflow/example_dags/example_short_circuit_operator.py took 0.189 seconds
[2023-06-13T23:02:51.607+0000] {processor.py:157} INFO - Started process (PID=4294) to work on /home/airflow/.local/lib/python3.7/site-packages/airflow/example_dags/example_short_circuit_operator.py
[2023-06-13T23:02:51.609+0000] {processor.py:826} INFO - Processing file /home/airflow/.local/lib/python3.7/site-packages/airflow/example_dags/example_short_circuit_operator.py for tasks to queue
[2023-06-13T23:02:51.611+0000] {logging_mixin.py:149} INFO - [2023-06-13T23:02:51.610+0000] {dagbag.py:541} INFO - Filling up the DagBag from /home/airflow/.local/lib/python3.7/site-packages/airflow/example_dags/example_short_circuit_operator.py
[2023-06-13T23:02:51.622+0000] {processor.py:836} INFO - DAG(s) dict_keys(['example_short_circuit_operator']) retrieved from /home/airflow/.local/lib/python3.7/site-packages/airflow/example_dags/example_short_circuit_operator.py
[2023-06-13T23:02:51.665+0000] {logging_mixin.py:149} INFO - [2023-06-13T23:02:51.665+0000] {dag.py:2726} INFO - Sync 1 DAGs
[2023-06-13T23:02:51.710+0000] {logging_mixin.py:149} INFO - [2023-06-13T23:02:51.710+0000] {dag.py:3490} INFO - Setting next_dagrun for example_short_circuit_operator to 2023-06-12T23:02:51.709768+00:00, run_after=2023-06-13T23:02:51.709768+00:00
[2023-06-13T23:02:51.742+0000] {processor.py:179} INFO - Processing /home/airflow/.local/lib/python3.7/site-packages/airflow/example_dags/example_short_circuit_operator.py took 0.139 seconds
[2023-06-13T23:03:22.149+0000] {processor.py:157} INFO - Started process (PID=4533) to work on /home/airflow/.local/lib/python3.7/site-packages/airflow/example_dags/example_short_circuit_operator.py
[2023-06-13T23:03:22.151+0000] {processor.py:826} INFO - Processing file /home/airflow/.local/lib/python3.7/site-packages/airflow/example_dags/example_short_circuit_operator.py for tasks to queue
[2023-06-13T23:03:22.151+0000] {logging_mixin.py:149} INFO - [2023-06-13T23:03:22.151+0000] {dagbag.py:541} INFO - Filling up the DagBag from /home/airflow/.local/lib/python3.7/site-packages/airflow/example_dags/example_short_circuit_operator.py
[2023-06-13T23:03:22.161+0000] {processor.py:836} INFO - DAG(s) dict_keys(['example_short_circuit_operator']) retrieved from /home/airflow/.local/lib/python3.7/site-packages/airflow/example_dags/example_short_circuit_operator.py
[2023-06-13T23:03:22.200+0000] {logging_mixin.py:149} INFO - [2023-06-13T23:03:22.200+0000] {dag.py:2726} INFO - Sync 1 DAGs
[2023-06-13T23:03:22.232+0000] {logging_mixin.py:149} INFO - [2023-06-13T23:03:22.231+0000] {dag.py:3490} INFO - Setting next_dagrun for example_short_circuit_operator to 2023-06-12T23:03:22.231691+00:00, run_after=2023-06-13T23:03:22.231691+00:00
[2023-06-13T23:03:22.271+0000] {processor.py:179} INFO - Processing /home/airflow/.local/lib/python3.7/site-packages/airflow/example_dags/example_short_circuit_operator.py took 0.124 seconds
[2023-06-13T23:03:52.557+0000] {processor.py:157} INFO - Started process (PID=4773) to work on /home/airflow/.local/lib/python3.7/site-packages/airflow/example_dags/example_short_circuit_operator.py
[2023-06-13T23:03:52.559+0000] {processor.py:826} INFO - Processing file /home/airflow/.local/lib/python3.7/site-packages/airflow/example_dags/example_short_circuit_operator.py for tasks to queue
[2023-06-13T23:03:52.561+0000] {logging_mixin.py:149} INFO - [2023-06-13T23:03:52.560+0000] {dagbag.py:541} INFO - Filling up the DagBag from /home/airflow/.local/lib/python3.7/site-packages/airflow/example_dags/example_short_circuit_operator.py
[2023-06-13T23:03:52.570+0000] {processor.py:836} INFO - DAG(s) dict_keys(['example_short_circuit_operator']) retrieved from /home/airflow/.local/lib/python3.7/site-packages/airflow/example_dags/example_short_circuit_operator.py
[2023-06-13T23:03:52.620+0000] {logging_mixin.py:149} INFO - [2023-06-13T23:03:52.619+0000] {dag.py:2726} INFO - Sync 1 DAGs
[2023-06-13T23:03:52.662+0000] {logging_mixin.py:149} INFO - [2023-06-13T23:03:52.662+0000] {dag.py:3490} INFO - Setting next_dagrun for example_short_circuit_operator to 2023-06-12T23:03:52.661713+00:00, run_after=2023-06-13T23:03:52.661713+00:00
[2023-06-13T23:03:52.705+0000] {processor.py:179} INFO - Processing /home/airflow/.local/lib/python3.7/site-packages/airflow/example_dags/example_short_circuit_operator.py took 0.151 seconds
[2023-06-13T23:04:23.607+0000] {processor.py:157} INFO - Started process (PID=5013) to work on /home/airflow/.local/lib/python3.7/site-packages/airflow/example_dags/example_short_circuit_operator.py
[2023-06-13T23:04:23.611+0000] {processor.py:826} INFO - Processing file /home/airflow/.local/lib/python3.7/site-packages/airflow/example_dags/example_short_circuit_operator.py for tasks to queue
[2023-06-13T23:04:23.612+0000] {logging_mixin.py:149} INFO - [2023-06-13T23:04:23.612+0000] {dagbag.py:541} INFO - Filling up the DagBag from /home/airflow/.local/lib/python3.7/site-packages/airflow/example_dags/example_short_circuit_operator.py
[2023-06-13T23:04:23.625+0000] {processor.py:836} INFO - DAG(s) dict_keys(['example_short_circuit_operator']) retrieved from /home/airflow/.local/lib/python3.7/site-packages/airflow/example_dags/example_short_circuit_operator.py
[2023-06-13T23:04:23.672+0000] {logging_mixin.py:149} INFO - [2023-06-13T23:04:23.672+0000] {dag.py:2726} INFO - Sync 1 DAGs
[2023-06-13T23:04:23.711+0000] {logging_mixin.py:149} INFO - [2023-06-13T23:04:23.711+0000] {dag.py:3490} INFO - Setting next_dagrun for example_short_circuit_operator to 2023-06-12T23:04:23.711147+00:00, run_after=2023-06-13T23:04:23.711147+00:00
[2023-06-13T23:04:23.755+0000] {processor.py:179} INFO - Processing /home/airflow/.local/lib/python3.7/site-packages/airflow/example_dags/example_short_circuit_operator.py took 0.153 seconds
[2023-06-13T23:04:54.490+0000] {processor.py:157} INFO - Started process (PID=5253) to work on /home/airflow/.local/lib/python3.7/site-packages/airflow/example_dags/example_short_circuit_operator.py
[2023-06-13T23:04:54.492+0000] {processor.py:826} INFO - Processing file /home/airflow/.local/lib/python3.7/site-packages/airflow/example_dags/example_short_circuit_operator.py for tasks to queue
[2023-06-13T23:04:54.493+0000] {logging_mixin.py:149} INFO - [2023-06-13T23:04:54.492+0000] {dagbag.py:541} INFO - Filling up the DagBag from /home/airflow/.local/lib/python3.7/site-packages/airflow/example_dags/example_short_circuit_operator.py
[2023-06-13T23:04:54.502+0000] {processor.py:836} INFO - DAG(s) dict_keys(['example_short_circuit_operator']) retrieved from /home/airflow/.local/lib/python3.7/site-packages/airflow/example_dags/example_short_circuit_operator.py
[2023-06-13T23:04:54.568+0000] {logging_mixin.py:149} INFO - [2023-06-13T23:04:54.568+0000] {dag.py:2726} INFO - Sync 1 DAGs
[2023-06-13T23:04:54.621+0000] {logging_mixin.py:149} INFO - [2023-06-13T23:04:54.620+0000] {dag.py:3490} INFO - Setting next_dagrun for example_short_circuit_operator to 2023-06-12T23:04:54.620580+00:00, run_after=2023-06-13T23:04:54.620580+00:00
[2023-06-13T23:04:54.661+0000] {processor.py:179} INFO - Processing /home/airflow/.local/lib/python3.7/site-packages/airflow/example_dags/example_short_circuit_operator.py took 0.175 seconds
[2023-06-13T23:05:25.059+0000] {processor.py:157} INFO - Started process (PID=5493) to work on /home/airflow/.local/lib/python3.7/site-packages/airflow/example_dags/example_short_circuit_operator.py
[2023-06-13T23:05:25.062+0000] {processor.py:826} INFO - Processing file /home/airflow/.local/lib/python3.7/site-packages/airflow/example_dags/example_short_circuit_operator.py for tasks to queue
[2023-06-13T23:05:25.063+0000] {logging_mixin.py:149} INFO - [2023-06-13T23:05:25.063+0000] {dagbag.py:541} INFO - Filling up the DagBag from /home/airflow/.local/lib/python3.7/site-packages/airflow/example_dags/example_short_circuit_operator.py
[2023-06-13T23:05:25.079+0000] {processor.py:836} INFO - DAG(s) dict_keys(['example_short_circuit_operator']) retrieved from /home/airflow/.local/lib/python3.7/site-packages/airflow/example_dags/example_short_circuit_operator.py
[2023-06-13T23:05:25.141+0000] {logging_mixin.py:149} INFO - [2023-06-13T23:05:25.141+0000] {dag.py:2726} INFO - Sync 1 DAGs
[2023-06-13T23:05:25.192+0000] {logging_mixin.py:149} INFO - [2023-06-13T23:05:25.192+0000] {dag.py:3490} INFO - Setting next_dagrun for example_short_circuit_operator to 2023-06-12T23:05:25.191885+00:00, run_after=2023-06-13T23:05:25.191885+00:00
[2023-06-13T23:05:25.249+0000] {processor.py:179} INFO - Processing /home/airflow/.local/lib/python3.7/site-packages/airflow/example_dags/example_short_circuit_operator.py took 0.197 seconds
[2023-06-13T23:05:55.814+0000] {processor.py:157} INFO - Started process (PID=5733) to work on /home/airflow/.local/lib/python3.7/site-packages/airflow/example_dags/example_short_circuit_operator.py
[2023-06-13T23:05:55.816+0000] {processor.py:826} INFO - Processing file /home/airflow/.local/lib/python3.7/site-packages/airflow/example_dags/example_short_circuit_operator.py for tasks to queue
[2023-06-13T23:05:55.818+0000] {logging_mixin.py:149} INFO - [2023-06-13T23:05:55.818+0000] {dagbag.py:541} INFO - Filling up the DagBag from /home/airflow/.local/lib/python3.7/site-packages/airflow/example_dags/example_short_circuit_operator.py
[2023-06-13T23:05:55.833+0000] {processor.py:836} INFO - DAG(s) dict_keys(['example_short_circuit_operator']) retrieved from /home/airflow/.local/lib/python3.7/site-packages/airflow/example_dags/example_short_circuit_operator.py
[2023-06-13T23:05:55.895+0000] {logging_mixin.py:149} INFO - [2023-06-13T23:05:55.894+0000] {dag.py:2726} INFO - Sync 1 DAGs
[2023-06-13T23:05:55.955+0000] {logging_mixin.py:149} INFO - [2023-06-13T23:05:55.955+0000] {dag.py:3490} INFO - Setting next_dagrun for example_short_circuit_operator to 2023-06-12T23:05:55.954555+00:00, run_after=2023-06-13T23:05:55.954555+00:00
[2023-06-13T23:05:56.010+0000] {processor.py:179} INFO - Processing /home/airflow/.local/lib/python3.7/site-packages/airflow/example_dags/example_short_circuit_operator.py took 0.203 seconds
[2023-06-13T23:06:26.338+0000] {processor.py:157} INFO - Started process (PID=5973) to work on /home/airflow/.local/lib/python3.7/site-packages/airflow/example_dags/example_short_circuit_operator.py
[2023-06-13T23:06:26.340+0000] {processor.py:826} INFO - Processing file /home/airflow/.local/lib/python3.7/site-packages/airflow/example_dags/example_short_circuit_operator.py for tasks to queue
[2023-06-13T23:06:26.341+0000] {logging_mixin.py:149} INFO - [2023-06-13T23:06:26.340+0000] {dagbag.py:541} INFO - Filling up the DagBag from /home/airflow/.local/lib/python3.7/site-packages/airflow/example_dags/example_short_circuit_operator.py
[2023-06-13T23:06:26.354+0000] {processor.py:836} INFO - DAG(s) dict_keys(['example_short_circuit_operator']) retrieved from /home/airflow/.local/lib/python3.7/site-packages/airflow/example_dags/example_short_circuit_operator.py
[2023-06-13T23:06:26.417+0000] {logging_mixin.py:149} INFO - [2023-06-13T23:06:26.417+0000] {dag.py:2726} INFO - Sync 1 DAGs
[2023-06-13T23:06:26.468+0000] {logging_mixin.py:149} INFO - [2023-06-13T23:06:26.468+0000] {dag.py:3490} INFO - Setting next_dagrun for example_short_circuit_operator to 2023-06-12T23:06:26.468064+00:00, run_after=2023-06-13T23:06:26.468064+00:00
[2023-06-13T23:06:26.524+0000] {processor.py:179} INFO - Processing /home/airflow/.local/lib/python3.7/site-packages/airflow/example_dags/example_short_circuit_operator.py took 0.191 seconds
[2023-06-13T23:06:56.812+0000] {processor.py:157} INFO - Started process (PID=6213) to work on /home/airflow/.local/lib/python3.7/site-packages/airflow/example_dags/example_short_circuit_operator.py
[2023-06-13T23:06:56.820+0000] {processor.py:826} INFO - Processing file /home/airflow/.local/lib/python3.7/site-packages/airflow/example_dags/example_short_circuit_operator.py for tasks to queue
[2023-06-13T23:06:56.822+0000] {logging_mixin.py:149} INFO - [2023-06-13T23:06:56.821+0000] {dagbag.py:541} INFO - Filling up the DagBag from /home/airflow/.local/lib/python3.7/site-packages/airflow/example_dags/example_short_circuit_operator.py
[2023-06-13T23:06:56.835+0000] {processor.py:836} INFO - DAG(s) dict_keys(['example_short_circuit_operator']) retrieved from /home/airflow/.local/lib/python3.7/site-packages/airflow/example_dags/example_short_circuit_operator.py
[2023-06-13T23:06:56.906+0000] {logging_mixin.py:149} INFO - [2023-06-13T23:06:56.906+0000] {dag.py:2726} INFO - Sync 1 DAGs
[2023-06-13T23:06:56.972+0000] {logging_mixin.py:149} INFO - [2023-06-13T23:06:56.972+0000] {dag.py:3490} INFO - Setting next_dagrun for example_short_circuit_operator to 2023-06-12T23:06:56.972188+00:00, run_after=2023-06-13T23:06:56.972188+00:00
[2023-06-13T23:06:57.050+0000] {processor.py:179} INFO - Processing /home/airflow/.local/lib/python3.7/site-packages/airflow/example_dags/example_short_circuit_operator.py took 0.243 seconds
[2023-06-13T23:07:27.289+0000] {processor.py:157} INFO - Started process (PID=6460) to work on /home/airflow/.local/lib/python3.7/site-packages/airflow/example_dags/example_short_circuit_operator.py
[2023-06-13T23:07:27.292+0000] {processor.py:826} INFO - Processing file /home/airflow/.local/lib/python3.7/site-packages/airflow/example_dags/example_short_circuit_operator.py for tasks to queue
[2023-06-13T23:07:27.294+0000] {logging_mixin.py:149} INFO - [2023-06-13T23:07:27.293+0000] {dagbag.py:541} INFO - Filling up the DagBag from /home/airflow/.local/lib/python3.7/site-packages/airflow/example_dags/example_short_circuit_operator.py
[2023-06-13T23:07:27.309+0000] {processor.py:836} INFO - DAG(s) dict_keys(['example_short_circuit_operator']) retrieved from /home/airflow/.local/lib/python3.7/site-packages/airflow/example_dags/example_short_circuit_operator.py
[2023-06-13T23:07:27.364+0000] {logging_mixin.py:149} INFO - [2023-06-13T23:07:27.364+0000] {dag.py:2726} INFO - Sync 1 DAGs
[2023-06-13T23:07:27.407+0000] {logging_mixin.py:149} INFO - [2023-06-13T23:07:27.407+0000] {dag.py:3490} INFO - Setting next_dagrun for example_short_circuit_operator to 2023-06-12T23:07:27.407137+00:00, run_after=2023-06-13T23:07:27.407137+00:00
[2023-06-13T23:07:27.457+0000] {processor.py:179} INFO - Processing /home/airflow/.local/lib/python3.7/site-packages/airflow/example_dags/example_short_circuit_operator.py took 0.172 seconds
[2023-06-13T23:07:57.709+0000] {processor.py:157} INFO - Started process (PID=6699) to work on /home/airflow/.local/lib/python3.7/site-packages/airflow/example_dags/example_short_circuit_operator.py
[2023-06-13T23:07:57.712+0000] {processor.py:826} INFO - Processing file /home/airflow/.local/lib/python3.7/site-packages/airflow/example_dags/example_short_circuit_operator.py for tasks to queue
[2023-06-13T23:07:57.714+0000] {logging_mixin.py:149} INFO - [2023-06-13T23:07:57.713+0000] {dagbag.py:541} INFO - Filling up the DagBag from /home/airflow/.local/lib/python3.7/site-packages/airflow/example_dags/example_short_circuit_operator.py
[2023-06-13T23:07:57.731+0000] {processor.py:836} INFO - DAG(s) dict_keys(['example_short_circuit_operator']) retrieved from /home/airflow/.local/lib/python3.7/site-packages/airflow/example_dags/example_short_circuit_operator.py
[2023-06-13T23:07:57.799+0000] {logging_mixin.py:149} INFO - [2023-06-13T23:07:57.799+0000] {dag.py:2726} INFO - Sync 1 DAGs
[2023-06-13T23:07:57.854+0000] {logging_mixin.py:149} INFO - [2023-06-13T23:07:57.854+0000] {dag.py:3490} INFO - Setting next_dagrun for example_short_circuit_operator to 2023-06-12T23:07:57.854018+00:00, run_after=2023-06-13T23:07:57.854018+00:00
[2023-06-13T23:07:57.912+0000] {processor.py:179} INFO - Processing /home/airflow/.local/lib/python3.7/site-packages/airflow/example_dags/example_short_circuit_operator.py took 0.209 seconds
[2023-06-13T23:08:28.243+0000] {processor.py:157} INFO - Started process (PID=6938) to work on /home/airflow/.local/lib/python3.7/site-packages/airflow/example_dags/example_short_circuit_operator.py
[2023-06-13T23:08:28.246+0000] {processor.py:826} INFO - Processing file /home/airflow/.local/lib/python3.7/site-packages/airflow/example_dags/example_short_circuit_operator.py for tasks to queue
[2023-06-13T23:08:28.247+0000] {logging_mixin.py:149} INFO - [2023-06-13T23:08:28.247+0000] {dagbag.py:541} INFO - Filling up the DagBag from /home/airflow/.local/lib/python3.7/site-packages/airflow/example_dags/example_short_circuit_operator.py
[2023-06-13T23:08:28.261+0000] {processor.py:836} INFO - DAG(s) dict_keys(['example_short_circuit_operator']) retrieved from /home/airflow/.local/lib/python3.7/site-packages/airflow/example_dags/example_short_circuit_operator.py
[2023-06-13T23:08:28.329+0000] {logging_mixin.py:149} INFO - [2023-06-13T23:08:28.329+0000] {dag.py:2726} INFO - Sync 1 DAGs
[2023-06-13T23:08:28.379+0000] {logging_mixin.py:149} INFO - [2023-06-13T23:08:28.379+0000] {dag.py:3490} INFO - Setting next_dagrun for example_short_circuit_operator to 2023-06-12T23:08:28.378996+00:00, run_after=2023-06-13T23:08:28.378996+00:00
[2023-06-13T23:08:28.444+0000] {processor.py:179} INFO - Processing /home/airflow/.local/lib/python3.7/site-packages/airflow/example_dags/example_short_circuit_operator.py took 0.207 seconds
[2023-06-13T23:08:58.830+0000] {processor.py:157} INFO - Started process (PID=7178) to work on /home/airflow/.local/lib/python3.7/site-packages/airflow/example_dags/example_short_circuit_operator.py
[2023-06-13T23:08:58.832+0000] {processor.py:826} INFO - Processing file /home/airflow/.local/lib/python3.7/site-packages/airflow/example_dags/example_short_circuit_operator.py for tasks to queue
[2023-06-13T23:08:58.835+0000] {logging_mixin.py:149} INFO - [2023-06-13T23:08:58.835+0000] {dagbag.py:541} INFO - Filling up the DagBag from /home/airflow/.local/lib/python3.7/site-packages/airflow/example_dags/example_short_circuit_operator.py
[2023-06-13T23:08:58.852+0000] {processor.py:836} INFO - DAG(s) dict_keys(['example_short_circuit_operator']) retrieved from /home/airflow/.local/lib/python3.7/site-packages/airflow/example_dags/example_short_circuit_operator.py
[2023-06-13T23:08:58.908+0000] {logging_mixin.py:149} INFO - [2023-06-13T23:08:58.907+0000] {dag.py:2726} INFO - Sync 1 DAGs
[2023-06-13T23:08:58.954+0000] {logging_mixin.py:149} INFO - [2023-06-13T23:08:58.954+0000] {dag.py:3490} INFO - Setting next_dagrun for example_short_circuit_operator to 2023-06-12T23:08:58.953817+00:00, run_after=2023-06-13T23:08:58.953817+00:00
[2023-06-13T23:08:59.017+0000] {processor.py:179} INFO - Processing /home/airflow/.local/lib/python3.7/site-packages/airflow/example_dags/example_short_circuit_operator.py took 0.192 seconds
[2023-06-13T23:09:29.293+0000] {processor.py:157} INFO - Started process (PID=7418) to work on /home/airflow/.local/lib/python3.7/site-packages/airflow/example_dags/example_short_circuit_operator.py
[2023-06-13T23:09:29.296+0000] {processor.py:826} INFO - Processing file /home/airflow/.local/lib/python3.7/site-packages/airflow/example_dags/example_short_circuit_operator.py for tasks to queue
[2023-06-13T23:09:29.298+0000] {logging_mixin.py:149} INFO - [2023-06-13T23:09:29.297+0000] {dagbag.py:541} INFO - Filling up the DagBag from /home/airflow/.local/lib/python3.7/site-packages/airflow/example_dags/example_short_circuit_operator.py
[2023-06-13T23:09:29.313+0000] {processor.py:836} INFO - DAG(s) dict_keys(['example_short_circuit_operator']) retrieved from /home/airflow/.local/lib/python3.7/site-packages/airflow/example_dags/example_short_circuit_operator.py
[2023-06-13T23:09:29.367+0000] {logging_mixin.py:149} INFO - [2023-06-13T23:09:29.367+0000] {dag.py:2726} INFO - Sync 1 DAGs
[2023-06-13T23:09:29.417+0000] {logging_mixin.py:149} INFO - [2023-06-13T23:09:29.417+0000] {dag.py:3490} INFO - Setting next_dagrun for example_short_circuit_operator to 2023-06-12T23:09:29.416786+00:00, run_after=2023-06-13T23:09:29.416786+00:00
[2023-06-13T23:09:29.472+0000] {processor.py:179} INFO - Processing /home/airflow/.local/lib/python3.7/site-packages/airflow/example_dags/example_short_circuit_operator.py took 0.185 seconds
[2023-06-13T23:09:59.654+0000] {processor.py:157} INFO - Started process (PID=7658) to work on /home/airflow/.local/lib/python3.7/site-packages/airflow/example_dags/example_short_circuit_operator.py
[2023-06-13T23:09:59.658+0000] {processor.py:826} INFO - Processing file /home/airflow/.local/lib/python3.7/site-packages/airflow/example_dags/example_short_circuit_operator.py for tasks to queue
[2023-06-13T23:09:59.660+0000] {logging_mixin.py:149} INFO - [2023-06-13T23:09:59.659+0000] {dagbag.py:541} INFO - Filling up the DagBag from /home/airflow/.local/lib/python3.7/site-packages/airflow/example_dags/example_short_circuit_operator.py
[2023-06-13T23:09:59.675+0000] {processor.py:836} INFO - DAG(s) dict_keys(['example_short_circuit_operator']) retrieved from /home/airflow/.local/lib/python3.7/site-packages/airflow/example_dags/example_short_circuit_operator.py
[2023-06-13T23:09:59.741+0000] {logging_mixin.py:149} INFO - [2023-06-13T23:09:59.740+0000] {dag.py:2726} INFO - Sync 1 DAGs
[2023-06-13T23:09:59.793+0000] {logging_mixin.py:149} INFO - [2023-06-13T23:09:59.793+0000] {dag.py:3490} INFO - Setting next_dagrun for example_short_circuit_operator to 2023-06-12T23:09:59.793010+00:00, run_after=2023-06-13T23:09:59.793010+00:00
[2023-06-13T23:09:59.849+0000] {processor.py:179} INFO - Processing /home/airflow/.local/lib/python3.7/site-packages/airflow/example_dags/example_short_circuit_operator.py took 0.199 seconds
[2023-06-13T23:10:30.278+0000] {processor.py:157} INFO - Started process (PID=7898) to work on /home/airflow/.local/lib/python3.7/site-packages/airflow/example_dags/example_short_circuit_operator.py
[2023-06-13T23:10:30.281+0000] {processor.py:826} INFO - Processing file /home/airflow/.local/lib/python3.7/site-packages/airflow/example_dags/example_short_circuit_operator.py for tasks to queue
[2023-06-13T23:10:30.282+0000] {logging_mixin.py:149} INFO - [2023-06-13T23:10:30.281+0000] {dagbag.py:541} INFO - Filling up the DagBag from /home/airflow/.local/lib/python3.7/site-packages/airflow/example_dags/example_short_circuit_operator.py
[2023-06-13T23:10:30.292+0000] {processor.py:836} INFO - DAG(s) dict_keys(['example_short_circuit_operator']) retrieved from /home/airflow/.local/lib/python3.7/site-packages/airflow/example_dags/example_short_circuit_operator.py
[2023-06-13T23:10:30.358+0000] {logging_mixin.py:149} INFO - [2023-06-13T23:10:30.358+0000] {dag.py:2726} INFO - Sync 1 DAGs
[2023-06-13T23:10:30.397+0000] {logging_mixin.py:149} INFO - [2023-06-13T23:10:30.397+0000] {dag.py:3490} INFO - Setting next_dagrun for example_short_circuit_operator to 2023-06-12T23:10:30.396914+00:00, run_after=2023-06-13T23:10:30.396914+00:00
[2023-06-13T23:10:30.445+0000] {processor.py:179} INFO - Processing /home/airflow/.local/lib/python3.7/site-packages/airflow/example_dags/example_short_circuit_operator.py took 0.174 seconds
[2023-06-13T23:11:01.006+0000] {processor.py:157} INFO - Started process (PID=8138) to work on /home/airflow/.local/lib/python3.7/site-packages/airflow/example_dags/example_short_circuit_operator.py
[2023-06-13T23:11:01.009+0000] {processor.py:826} INFO - Processing file /home/airflow/.local/lib/python3.7/site-packages/airflow/example_dags/example_short_circuit_operator.py for tasks to queue
[2023-06-13T23:11:01.010+0000] {logging_mixin.py:149} INFO - [2023-06-13T23:11:01.010+0000] {dagbag.py:541} INFO - Filling up the DagBag from /home/airflow/.local/lib/python3.7/site-packages/airflow/example_dags/example_short_circuit_operator.py
[2023-06-13T23:11:01.025+0000] {processor.py:836} INFO - DAG(s) dict_keys(['example_short_circuit_operator']) retrieved from /home/airflow/.local/lib/python3.7/site-packages/airflow/example_dags/example_short_circuit_operator.py
[2023-06-13T23:11:01.081+0000] {logging_mixin.py:149} INFO - [2023-06-13T23:11:01.080+0000] {dag.py:2726} INFO - Sync 1 DAGs
[2023-06-13T23:11:01.131+0000] {logging_mixin.py:149} INFO - [2023-06-13T23:11:01.131+0000] {dag.py:3490} INFO - Setting next_dagrun for example_short_circuit_operator to 2023-06-12T23:11:01.131307+00:00, run_after=2023-06-13T23:11:01.131307+00:00
[2023-06-13T23:11:01.195+0000] {processor.py:179} INFO - Processing /home/airflow/.local/lib/python3.7/site-packages/airflow/example_dags/example_short_circuit_operator.py took 0.195 seconds
[2023-06-13T23:11:31.371+0000] {processor.py:157} INFO - Started process (PID=8378) to work on /home/airflow/.local/lib/python3.7/site-packages/airflow/example_dags/example_short_circuit_operator.py
[2023-06-13T23:11:31.373+0000] {processor.py:826} INFO - Processing file /home/airflow/.local/lib/python3.7/site-packages/airflow/example_dags/example_short_circuit_operator.py for tasks to queue
[2023-06-13T23:11:31.374+0000] {logging_mixin.py:149} INFO - [2023-06-13T23:11:31.374+0000] {dagbag.py:541} INFO - Filling up the DagBag from /home/airflow/.local/lib/python3.7/site-packages/airflow/example_dags/example_short_circuit_operator.py
[2023-06-13T23:11:31.386+0000] {processor.py:836} INFO - DAG(s) dict_keys(['example_short_circuit_operator']) retrieved from /home/airflow/.local/lib/python3.7/site-packages/airflow/example_dags/example_short_circuit_operator.py
[2023-06-13T23:11:31.451+0000] {logging_mixin.py:149} INFO - [2023-06-13T23:11:31.450+0000] {dag.py:2726} INFO - Sync 1 DAGs
[2023-06-13T23:11:31.501+0000] {logging_mixin.py:149} INFO - [2023-06-13T23:11:31.501+0000] {dag.py:3490} INFO - Setting next_dagrun for example_short_circuit_operator to 2023-06-12T23:11:31.500885+00:00, run_after=2023-06-13T23:11:31.500885+00:00
[2023-06-13T23:11:31.560+0000] {processor.py:179} INFO - Processing /home/airflow/.local/lib/python3.7/site-packages/airflow/example_dags/example_short_circuit_operator.py took 0.194 seconds
[2023-06-13T23:12:01.880+0000] {processor.py:157} INFO - Started process (PID=8618) to work on /home/airflow/.local/lib/python3.7/site-packages/airflow/example_dags/example_short_circuit_operator.py
[2023-06-13T23:12:01.882+0000] {processor.py:826} INFO - Processing file /home/airflow/.local/lib/python3.7/site-packages/airflow/example_dags/example_short_circuit_operator.py for tasks to queue
[2023-06-13T23:12:01.884+0000] {logging_mixin.py:149} INFO - [2023-06-13T23:12:01.883+0000] {dagbag.py:541} INFO - Filling up the DagBag from /home/airflow/.local/lib/python3.7/site-packages/airflow/example_dags/example_short_circuit_operator.py
[2023-06-13T23:12:01.900+0000] {processor.py:836} INFO - DAG(s) dict_keys(['example_short_circuit_operator']) retrieved from /home/airflow/.local/lib/python3.7/site-packages/airflow/example_dags/example_short_circuit_operator.py
[2023-06-13T23:12:01.958+0000] {logging_mixin.py:149} INFO - [2023-06-13T23:12:01.958+0000] {dag.py:2726} INFO - Sync 1 DAGs
[2023-06-13T23:12:02.003+0000] {logging_mixin.py:149} INFO - [2023-06-13T23:12:02.003+0000] {dag.py:3490} INFO - Setting next_dagrun for example_short_circuit_operator to 2023-06-12T23:12:02.003005+00:00, run_after=2023-06-13T23:12:02.003005+00:00
[2023-06-13T23:12:02.063+0000] {processor.py:179} INFO - Processing /home/airflow/.local/lib/python3.7/site-packages/airflow/example_dags/example_short_circuit_operator.py took 0.188 seconds
[2023-06-13T23:12:32.142+0000] {processor.py:157} INFO - Started process (PID=8842) to work on /home/airflow/.local/lib/python3.7/site-packages/airflow/example_dags/example_short_circuit_operator.py
[2023-06-13T23:12:32.145+0000] {processor.py:826} INFO - Processing file /home/airflow/.local/lib/python3.7/site-packages/airflow/example_dags/example_short_circuit_operator.py for tasks to queue
[2023-06-13T23:12:32.146+0000] {logging_mixin.py:149} INFO - [2023-06-13T23:12:32.145+0000] {dagbag.py:541} INFO - Filling up the DagBag from /home/airflow/.local/lib/python3.7/site-packages/airflow/example_dags/example_short_circuit_operator.py
[2023-06-13T23:12:32.154+0000] {processor.py:836} INFO - DAG(s) dict_keys(['example_short_circuit_operator']) retrieved from /home/airflow/.local/lib/python3.7/site-packages/airflow/example_dags/example_short_circuit_operator.py
[2023-06-13T23:12:32.199+0000] {logging_mixin.py:149} INFO - [2023-06-13T23:12:32.199+0000] {dag.py:2726} INFO - Sync 1 DAGs
[2023-06-13T23:12:32.283+0000] {logging_mixin.py:149} INFO - [2023-06-13T23:12:32.283+0000] {dag.py:3490} INFO - Setting next_dagrun for example_short_circuit_operator to 2023-06-12T23:12:32.282635+00:00, run_after=2023-06-13T23:12:32.282635+00:00
[2023-06-13T23:12:32.335+0000] {processor.py:179} INFO - Processing /home/airflow/.local/lib/python3.7/site-packages/airflow/example_dags/example_short_circuit_operator.py took 0.198 seconds
[2023-06-13T23:13:02.727+0000] {processor.py:157} INFO - Started process (PID=9084) to work on /home/airflow/.local/lib/python3.7/site-packages/airflow/example_dags/example_short_circuit_operator.py
[2023-06-13T23:13:02.729+0000] {processor.py:826} INFO - Processing file /home/airflow/.local/lib/python3.7/site-packages/airflow/example_dags/example_short_circuit_operator.py for tasks to queue
[2023-06-13T23:13:02.730+0000] {logging_mixin.py:149} INFO - [2023-06-13T23:13:02.730+0000] {dagbag.py:541} INFO - Filling up the DagBag from /home/airflow/.local/lib/python3.7/site-packages/airflow/example_dags/example_short_circuit_operator.py
[2023-06-13T23:13:02.740+0000] {processor.py:836} INFO - DAG(s) dict_keys(['example_short_circuit_operator']) retrieved from /home/airflow/.local/lib/python3.7/site-packages/airflow/example_dags/example_short_circuit_operator.py
[2023-06-13T23:13:02.785+0000] {logging_mixin.py:149} INFO - [2023-06-13T23:13:02.785+0000] {dag.py:2726} INFO - Sync 1 DAGs
[2023-06-13T23:13:02.831+0000] {logging_mixin.py:149} INFO - [2023-06-13T23:13:02.830+0000] {dag.py:3490} INFO - Setting next_dagrun for example_short_circuit_operator to 2023-06-12T23:13:02.830686+00:00, run_after=2023-06-13T23:13:02.830686+00:00
[2023-06-13T23:13:02.876+0000] {processor.py:179} INFO - Processing /home/airflow/.local/lib/python3.7/site-packages/airflow/example_dags/example_short_circuit_operator.py took 0.152 seconds
[2023-06-13T23:13:33.034+0000] {processor.py:157} INFO - Started process (PID=9324) to work on /home/airflow/.local/lib/python3.7/site-packages/airflow/example_dags/example_short_circuit_operator.py
[2023-06-13T23:13:33.035+0000] {processor.py:826} INFO - Processing file /home/airflow/.local/lib/python3.7/site-packages/airflow/example_dags/example_short_circuit_operator.py for tasks to queue
[2023-06-13T23:13:33.037+0000] {logging_mixin.py:149} INFO - [2023-06-13T23:13:33.036+0000] {dagbag.py:541} INFO - Filling up the DagBag from /home/airflow/.local/lib/python3.7/site-packages/airflow/example_dags/example_short_circuit_operator.py
[2023-06-13T23:13:33.050+0000] {processor.py:836} INFO - DAG(s) dict_keys(['example_short_circuit_operator']) retrieved from /home/airflow/.local/lib/python3.7/site-packages/airflow/example_dags/example_short_circuit_operator.py
[2023-06-13T23:13:33.102+0000] {logging_mixin.py:149} INFO - [2023-06-13T23:13:33.101+0000] {dag.py:2726} INFO - Sync 1 DAGs
[2023-06-13T23:13:33.148+0000] {logging_mixin.py:149} INFO - [2023-06-13T23:13:33.147+0000] {dag.py:3490} INFO - Setting next_dagrun for example_short_circuit_operator to 2023-06-12T23:13:33.147265+00:00, run_after=2023-06-13T23:13:33.147265+00:00
[2023-06-13T23:13:33.196+0000] {processor.py:179} INFO - Processing /home/airflow/.local/lib/python3.7/site-packages/airflow/example_dags/example_short_circuit_operator.py took 0.169 seconds
[2023-06-13T23:14:03.430+0000] {processor.py:157} INFO - Started process (PID=9564) to work on /home/airflow/.local/lib/python3.7/site-packages/airflow/example_dags/example_short_circuit_operator.py
[2023-06-13T23:14:03.431+0000] {processor.py:826} INFO - Processing file /home/airflow/.local/lib/python3.7/site-packages/airflow/example_dags/example_short_circuit_operator.py for tasks to queue
[2023-06-13T23:14:03.432+0000] {logging_mixin.py:149} INFO - [2023-06-13T23:14:03.432+0000] {dagbag.py:541} INFO - Filling up the DagBag from /home/airflow/.local/lib/python3.7/site-packages/airflow/example_dags/example_short_circuit_operator.py
[2023-06-13T23:14:03.445+0000] {processor.py:836} INFO - DAG(s) dict_keys(['example_short_circuit_operator']) retrieved from /home/airflow/.local/lib/python3.7/site-packages/airflow/example_dags/example_short_circuit_operator.py
[2023-06-13T23:14:03.501+0000] {logging_mixin.py:149} INFO - [2023-06-13T23:14:03.501+0000] {dag.py:2726} INFO - Sync 1 DAGs
[2023-06-13T23:14:03.551+0000] {logging_mixin.py:149} INFO - [2023-06-13T23:14:03.550+0000] {dag.py:3490} INFO - Setting next_dagrun for example_short_circuit_operator to 2023-06-12T23:14:03.550430+00:00, run_after=2023-06-13T23:14:03.550430+00:00
[2023-06-13T23:14:03.596+0000] {processor.py:179} INFO - Processing /home/airflow/.local/lib/python3.7/site-packages/airflow/example_dags/example_short_circuit_operator.py took 0.170 seconds
[2023-06-13T23:14:33.841+0000] {processor.py:157} INFO - Started process (PID=9802) to work on /home/airflow/.local/lib/python3.7/site-packages/airflow/example_dags/example_short_circuit_operator.py
[2023-06-13T23:14:33.843+0000] {processor.py:826} INFO - Processing file /home/airflow/.local/lib/python3.7/site-packages/airflow/example_dags/example_short_circuit_operator.py for tasks to queue
[2023-06-13T23:14:33.845+0000] {logging_mixin.py:149} INFO - [2023-06-13T23:14:33.845+0000] {dagbag.py:541} INFO - Filling up the DagBag from /home/airflow/.local/lib/python3.7/site-packages/airflow/example_dags/example_short_circuit_operator.py
[2023-06-13T23:14:33.858+0000] {processor.py:836} INFO - DAG(s) dict_keys(['example_short_circuit_operator']) retrieved from /home/airflow/.local/lib/python3.7/site-packages/airflow/example_dags/example_short_circuit_operator.py
[2023-06-13T23:14:33.901+0000] {logging_mixin.py:149} INFO - [2023-06-13T23:14:33.901+0000] {dag.py:2726} INFO - Sync 1 DAGs
[2023-06-13T23:14:33.943+0000] {logging_mixin.py:149} INFO - [2023-06-13T23:14:33.942+0000] {dag.py:3490} INFO - Setting next_dagrun for example_short_circuit_operator to 2023-06-12T23:14:33.942295+00:00, run_after=2023-06-13T23:14:33.942295+00:00
[2023-06-13T23:14:33.987+0000] {processor.py:179} INFO - Processing /home/airflow/.local/lib/python3.7/site-packages/airflow/example_dags/example_short_circuit_operator.py took 0.152 seconds
[2023-06-13T23:15:04.248+0000] {processor.py:157} INFO - Started process (PID=10042) to work on /home/airflow/.local/lib/python3.7/site-packages/airflow/example_dags/example_short_circuit_operator.py
[2023-06-13T23:15:04.251+0000] {processor.py:826} INFO - Processing file /home/airflow/.local/lib/python3.7/site-packages/airflow/example_dags/example_short_circuit_operator.py for tasks to queue
[2023-06-13T23:15:04.253+0000] {logging_mixin.py:149} INFO - [2023-06-13T23:15:04.252+0000] {dagbag.py:541} INFO - Filling up the DagBag from /home/airflow/.local/lib/python3.7/site-packages/airflow/example_dags/example_short_circuit_operator.py
[2023-06-13T23:15:04.266+0000] {processor.py:836} INFO - DAG(s) dict_keys(['example_short_circuit_operator']) retrieved from /home/airflow/.local/lib/python3.7/site-packages/airflow/example_dags/example_short_circuit_operator.py
[2023-06-13T23:15:04.309+0000] {logging_mixin.py:149} INFO - [2023-06-13T23:15:04.309+0000] {dag.py:2726} INFO - Sync 1 DAGs
[2023-06-13T23:15:04.363+0000] {logging_mixin.py:149} INFO - [2023-06-13T23:15:04.363+0000] {dag.py:3490} INFO - Setting next_dagrun for example_short_circuit_operator to 2023-06-12T23:15:04.362573+00:00, run_after=2023-06-13T23:15:04.362573+00:00
[2023-06-13T23:15:04.405+0000] {processor.py:179} INFO - Processing /home/airflow/.local/lib/python3.7/site-packages/airflow/example_dags/example_short_circuit_operator.py took 0.163 seconds
[2023-06-13T23:15:34.615+0000] {processor.py:157} INFO - Started process (PID=10282) to work on /home/airflow/.local/lib/python3.7/site-packages/airflow/example_dags/example_short_circuit_operator.py
[2023-06-13T23:15:34.617+0000] {processor.py:826} INFO - Processing file /home/airflow/.local/lib/python3.7/site-packages/airflow/example_dags/example_short_circuit_operator.py for tasks to queue
[2023-06-13T23:15:34.617+0000] {logging_mixin.py:149} INFO - [2023-06-13T23:15:34.617+0000] {dagbag.py:541} INFO - Filling up the DagBag from /home/airflow/.local/lib/python3.7/site-packages/airflow/example_dags/example_short_circuit_operator.py
[2023-06-13T23:15:34.628+0000] {processor.py:836} INFO - DAG(s) dict_keys(['example_short_circuit_operator']) retrieved from /home/airflow/.local/lib/python3.7/site-packages/airflow/example_dags/example_short_circuit_operator.py
[2023-06-13T23:15:34.683+0000] {logging_mixin.py:149} INFO - [2023-06-13T23:15:34.682+0000] {dag.py:2726} INFO - Sync 1 DAGs
[2023-06-13T23:15:34.727+0000] {logging_mixin.py:149} INFO - [2023-06-13T23:15:34.727+0000] {dag.py:3490} INFO - Setting next_dagrun for example_short_circuit_operator to 2023-06-12T23:15:34.726907+00:00, run_after=2023-06-13T23:15:34.726907+00:00
[2023-06-13T23:15:34.772+0000] {processor.py:179} INFO - Processing /home/airflow/.local/lib/python3.7/site-packages/airflow/example_dags/example_short_circuit_operator.py took 0.163 seconds
[2023-06-13T23:16:05.305+0000] {processor.py:157} INFO - Started process (PID=10522) to work on /home/airflow/.local/lib/python3.7/site-packages/airflow/example_dags/example_short_circuit_operator.py
[2023-06-13T23:16:05.306+0000] {processor.py:826} INFO - Processing file /home/airflow/.local/lib/python3.7/site-packages/airflow/example_dags/example_short_circuit_operator.py for tasks to queue
[2023-06-13T23:16:05.308+0000] {logging_mixin.py:149} INFO - [2023-06-13T23:16:05.307+0000] {dagbag.py:541} INFO - Filling up the DagBag from /home/airflow/.local/lib/python3.7/site-packages/airflow/example_dags/example_short_circuit_operator.py
[2023-06-13T23:16:05.322+0000] {processor.py:836} INFO - DAG(s) dict_keys(['example_short_circuit_operator']) retrieved from /home/airflow/.local/lib/python3.7/site-packages/airflow/example_dags/example_short_circuit_operator.py
[2023-06-13T23:16:05.380+0000] {logging_mixin.py:149} INFO - [2023-06-13T23:16:05.380+0000] {dag.py:2726} INFO - Sync 1 DAGs
[2023-06-13T23:16:05.432+0000] {logging_mixin.py:149} INFO - [2023-06-13T23:16:05.431+0000] {dag.py:3490} INFO - Setting next_dagrun for example_short_circuit_operator to 2023-06-12T23:16:05.431166+00:00, run_after=2023-06-13T23:16:05.431166+00:00
[2023-06-13T23:16:05.488+0000] {processor.py:179} INFO - Processing /home/airflow/.local/lib/python3.7/site-packages/airflow/example_dags/example_short_circuit_operator.py took 0.193 seconds
[2023-06-13T23:16:35.890+0000] {processor.py:157} INFO - Started process (PID=10762) to work on /home/airflow/.local/lib/python3.7/site-packages/airflow/example_dags/example_short_circuit_operator.py
[2023-06-13T23:16:35.892+0000] {processor.py:826} INFO - Processing file /home/airflow/.local/lib/python3.7/site-packages/airflow/example_dags/example_short_circuit_operator.py for tasks to queue
[2023-06-13T23:16:35.893+0000] {logging_mixin.py:149} INFO - [2023-06-13T23:16:35.893+0000] {dagbag.py:541} INFO - Filling up the DagBag from /home/airflow/.local/lib/python3.7/site-packages/airflow/example_dags/example_short_circuit_operator.py
[2023-06-13T23:16:35.903+0000] {processor.py:836} INFO - DAG(s) dict_keys(['example_short_circuit_operator']) retrieved from /home/airflow/.local/lib/python3.7/site-packages/airflow/example_dags/example_short_circuit_operator.py
[2023-06-13T23:16:35.953+0000] {logging_mixin.py:149} INFO - [2023-06-13T23:16:35.953+0000] {dag.py:2726} INFO - Sync 1 DAGs
[2023-06-13T23:16:36.003+0000] {logging_mixin.py:149} INFO - [2023-06-13T23:16:36.003+0000] {dag.py:3490} INFO - Setting next_dagrun for example_short_circuit_operator to 2023-06-12T23:16:36.002630+00:00, run_after=2023-06-13T23:16:36.002630+00:00
[2023-06-13T23:16:36.054+0000] {processor.py:179} INFO - Processing /home/airflow/.local/lib/python3.7/site-packages/airflow/example_dags/example_short_circuit_operator.py took 0.169 seconds
[2023-06-13T23:17:06.408+0000] {processor.py:157} INFO - Started process (PID=11003) to work on /home/airflow/.local/lib/python3.7/site-packages/airflow/example_dags/example_short_circuit_operator.py
[2023-06-13T23:17:06.410+0000] {processor.py:826} INFO - Processing file /home/airflow/.local/lib/python3.7/site-packages/airflow/example_dags/example_short_circuit_operator.py for tasks to queue
[2023-06-13T23:17:06.411+0000] {logging_mixin.py:149} INFO - [2023-06-13T23:17:06.411+0000] {dagbag.py:541} INFO - Filling up the DagBag from /home/airflow/.local/lib/python3.7/site-packages/airflow/example_dags/example_short_circuit_operator.py
[2023-06-13T23:17:06.424+0000] {processor.py:836} INFO - DAG(s) dict_keys(['example_short_circuit_operator']) retrieved from /home/airflow/.local/lib/python3.7/site-packages/airflow/example_dags/example_short_circuit_operator.py
[2023-06-13T23:17:06.465+0000] {logging_mixin.py:149} INFO - [2023-06-13T23:17:06.465+0000] {dag.py:2726} INFO - Sync 1 DAGs
[2023-06-13T23:17:06.507+0000] {logging_mixin.py:149} INFO - [2023-06-13T23:17:06.506+0000] {dag.py:3490} INFO - Setting next_dagrun for example_short_circuit_operator to 2023-06-12T23:17:06.506311+00:00, run_after=2023-06-13T23:17:06.506311+00:00
[2023-06-13T23:17:06.553+0000] {processor.py:179} INFO - Processing /home/airflow/.local/lib/python3.7/site-packages/airflow/example_dags/example_short_circuit_operator.py took 0.151 seconds
[2023-06-13T23:17:36.959+0000] {processor.py:157} INFO - Started process (PID=11243) to work on /home/airflow/.local/lib/python3.7/site-packages/airflow/example_dags/example_short_circuit_operator.py
[2023-06-13T23:17:36.962+0000] {processor.py:826} INFO - Processing file /home/airflow/.local/lib/python3.7/site-packages/airflow/example_dags/example_short_circuit_operator.py for tasks to queue
[2023-06-13T23:17:36.964+0000] {logging_mixin.py:149} INFO - [2023-06-13T23:17:36.964+0000] {dagbag.py:541} INFO - Filling up the DagBag from /home/airflow/.local/lib/python3.7/site-packages/airflow/example_dags/example_short_circuit_operator.py
[2023-06-13T23:17:36.979+0000] {processor.py:836} INFO - DAG(s) dict_keys(['example_short_circuit_operator']) retrieved from /home/airflow/.local/lib/python3.7/site-packages/airflow/example_dags/example_short_circuit_operator.py
[2023-06-13T23:17:37.045+0000] {logging_mixin.py:149} INFO - [2023-06-13T23:17:37.044+0000] {dag.py:2726} INFO - Sync 1 DAGs
[2023-06-13T23:17:37.104+0000] {logging_mixin.py:149} INFO - [2023-06-13T23:17:37.104+0000] {dag.py:3490} INFO - Setting next_dagrun for example_short_circuit_operator to 2023-06-12T23:17:37.104098+00:00, run_after=2023-06-13T23:17:37.104098+00:00
[2023-06-13T23:17:37.165+0000] {processor.py:179} INFO - Processing /home/airflow/.local/lib/python3.7/site-packages/airflow/example_dags/example_short_circuit_operator.py took 0.212 seconds
[2023-06-13T23:18:07.440+0000] {processor.py:157} INFO - Started process (PID=11483) to work on /home/airflow/.local/lib/python3.7/site-packages/airflow/example_dags/example_short_circuit_operator.py
[2023-06-13T23:18:07.442+0000] {processor.py:826} INFO - Processing file /home/airflow/.local/lib/python3.7/site-packages/airflow/example_dags/example_short_circuit_operator.py for tasks to queue
[2023-06-13T23:18:07.444+0000] {logging_mixin.py:149} INFO - [2023-06-13T23:18:07.444+0000] {dagbag.py:541} INFO - Filling up the DagBag from /home/airflow/.local/lib/python3.7/site-packages/airflow/example_dags/example_short_circuit_operator.py
[2023-06-13T23:18:07.459+0000] {processor.py:836} INFO - DAG(s) dict_keys(['example_short_circuit_operator']) retrieved from /home/airflow/.local/lib/python3.7/site-packages/airflow/example_dags/example_short_circuit_operator.py
[2023-06-13T23:18:07.515+0000] {logging_mixin.py:149} INFO - [2023-06-13T23:18:07.515+0000] {dag.py:2726} INFO - Sync 1 DAGs
[2023-06-13T23:18:07.571+0000] {logging_mixin.py:149} INFO - [2023-06-13T23:18:07.570+0000] {dag.py:3490} INFO - Setting next_dagrun for example_short_circuit_operator to 2023-06-12T23:18:07.570448+00:00, run_after=2023-06-13T23:18:07.570448+00:00
[2023-06-13T23:18:07.621+0000] {processor.py:179} INFO - Processing /home/airflow/.local/lib/python3.7/site-packages/airflow/example_dags/example_short_circuit_operator.py took 0.187 seconds
[2023-06-13T23:18:37.912+0000] {processor.py:157} INFO - Started process (PID=11723) to work on /home/airflow/.local/lib/python3.7/site-packages/airflow/example_dags/example_short_circuit_operator.py
[2023-06-13T23:18:37.914+0000] {processor.py:826} INFO - Processing file /home/airflow/.local/lib/python3.7/site-packages/airflow/example_dags/example_short_circuit_operator.py for tasks to queue
[2023-06-13T23:18:37.915+0000] {logging_mixin.py:149} INFO - [2023-06-13T23:18:37.915+0000] {dagbag.py:541} INFO - Filling up the DagBag from /home/airflow/.local/lib/python3.7/site-packages/airflow/example_dags/example_short_circuit_operator.py
[2023-06-13T23:18:37.935+0000] {processor.py:836} INFO - DAG(s) dict_keys(['example_short_circuit_operator']) retrieved from /home/airflow/.local/lib/python3.7/site-packages/airflow/example_dags/example_short_circuit_operator.py
[2023-06-13T23:18:38.012+0000] {logging_mixin.py:149} INFO - [2023-06-13T23:18:38.011+0000] {dag.py:2726} INFO - Sync 1 DAGs
[2023-06-13T23:18:38.087+0000] {logging_mixin.py:149} INFO - [2023-06-13T23:18:38.087+0000] {dag.py:3490} INFO - Setting next_dagrun for example_short_circuit_operator to 2023-06-12T23:18:38.086161+00:00, run_after=2023-06-13T23:18:38.086161+00:00
[2023-06-13T23:18:38.160+0000] {processor.py:179} INFO - Processing /home/airflow/.local/lib/python3.7/site-packages/airflow/example_dags/example_short_circuit_operator.py took 0.256 seconds
[2023-06-13T23:19:08.249+0000] {processor.py:157} INFO - Started process (PID=11960) to work on /home/airflow/.local/lib/python3.7/site-packages/airflow/example_dags/example_short_circuit_operator.py
[2023-06-13T23:19:08.252+0000] {processor.py:826} INFO - Processing file /home/airflow/.local/lib/python3.7/site-packages/airflow/example_dags/example_short_circuit_operator.py for tasks to queue
[2023-06-13T23:19:08.253+0000] {logging_mixin.py:149} INFO - [2023-06-13T23:19:08.253+0000] {dagbag.py:541} INFO - Filling up the DagBag from /home/airflow/.local/lib/python3.7/site-packages/airflow/example_dags/example_short_circuit_operator.py
[2023-06-13T23:19:08.270+0000] {processor.py:836} INFO - DAG(s) dict_keys(['example_short_circuit_operator']) retrieved from /home/airflow/.local/lib/python3.7/site-packages/airflow/example_dags/example_short_circuit_operator.py
[2023-06-13T23:19:08.335+0000] {logging_mixin.py:149} INFO - [2023-06-13T23:19:08.335+0000] {dag.py:2726} INFO - Sync 1 DAGs
[2023-06-13T23:19:08.404+0000] {logging_mixin.py:149} INFO - [2023-06-13T23:19:08.403+0000] {dag.py:3490} INFO - Setting next_dagrun for example_short_circuit_operator to 2023-06-12T23:19:08.402722+00:00, run_after=2023-06-13T23:19:08.402722+00:00
[2023-06-13T23:19:08.470+0000] {processor.py:179} INFO - Processing /home/airflow/.local/lib/python3.7/site-packages/airflow/example_dags/example_short_circuit_operator.py took 0.228 seconds
[2023-06-13T23:19:38.821+0000] {processor.py:157} INFO - Started process (PID=12200) to work on /home/airflow/.local/lib/python3.7/site-packages/airflow/example_dags/example_short_circuit_operator.py
[2023-06-13T23:19:38.825+0000] {processor.py:826} INFO - Processing file /home/airflow/.local/lib/python3.7/site-packages/airflow/example_dags/example_short_circuit_operator.py for tasks to queue
[2023-06-13T23:19:38.826+0000] {logging_mixin.py:149} INFO - [2023-06-13T23:19:38.826+0000] {dagbag.py:541} INFO - Filling up the DagBag from /home/airflow/.local/lib/python3.7/site-packages/airflow/example_dags/example_short_circuit_operator.py
[2023-06-13T23:19:38.846+0000] {processor.py:836} INFO - DAG(s) dict_keys(['example_short_circuit_operator']) retrieved from /home/airflow/.local/lib/python3.7/site-packages/airflow/example_dags/example_short_circuit_operator.py
[2023-06-13T23:19:38.926+0000] {logging_mixin.py:149} INFO - [2023-06-13T23:19:38.926+0000] {dag.py:2726} INFO - Sync 1 DAGs
[2023-06-13T23:19:39.008+0000] {logging_mixin.py:149} INFO - [2023-06-13T23:19:39.008+0000] {dag.py:3490} INFO - Setting next_dagrun for example_short_circuit_operator to 2023-06-12T23:19:39.007954+00:00, run_after=2023-06-13T23:19:39.007954+00:00
[2023-06-13T23:19:39.095+0000] {processor.py:179} INFO - Processing /home/airflow/.local/lib/python3.7/site-packages/airflow/example_dags/example_short_circuit_operator.py took 0.280 seconds
[2023-06-13T23:20:09.515+0000] {processor.py:157} INFO - Started process (PID=12440) to work on /home/airflow/.local/lib/python3.7/site-packages/airflow/example_dags/example_short_circuit_operator.py
[2023-06-13T23:20:09.518+0000] {processor.py:826} INFO - Processing file /home/airflow/.local/lib/python3.7/site-packages/airflow/example_dags/example_short_circuit_operator.py for tasks to queue
[2023-06-13T23:20:09.520+0000] {logging_mixin.py:149} INFO - [2023-06-13T23:20:09.519+0000] {dagbag.py:541} INFO - Filling up the DagBag from /home/airflow/.local/lib/python3.7/site-packages/airflow/example_dags/example_short_circuit_operator.py
[2023-06-13T23:20:09.538+0000] {processor.py:836} INFO - DAG(s) dict_keys(['example_short_circuit_operator']) retrieved from /home/airflow/.local/lib/python3.7/site-packages/airflow/example_dags/example_short_circuit_operator.py
[2023-06-13T23:20:09.632+0000] {logging_mixin.py:149} INFO - [2023-06-13T23:20:09.631+0000] {dag.py:2726} INFO - Sync 1 DAGs
[2023-06-13T23:20:09.698+0000] {logging_mixin.py:149} INFO - [2023-06-13T23:20:09.698+0000] {dag.py:3490} INFO - Setting next_dagrun for example_short_circuit_operator to 2023-06-12T23:20:09.697981+00:00, run_after=2023-06-13T23:20:09.697981+00:00
[2023-06-13T23:20:09.770+0000] {processor.py:179} INFO - Processing /home/airflow/.local/lib/python3.7/site-packages/airflow/example_dags/example_short_circuit_operator.py took 0.261 seconds
[2023-06-13T23:20:40.616+0000] {processor.py:157} INFO - Started process (PID=12683) to work on /home/airflow/.local/lib/python3.7/site-packages/airflow/example_dags/example_short_circuit_operator.py
[2023-06-13T23:20:40.618+0000] {processor.py:826} INFO - Processing file /home/airflow/.local/lib/python3.7/site-packages/airflow/example_dags/example_short_circuit_operator.py for tasks to queue
[2023-06-13T23:20:40.619+0000] {logging_mixin.py:149} INFO - [2023-06-13T23:20:40.619+0000] {dagbag.py:541} INFO - Filling up the DagBag from /home/airflow/.local/lib/python3.7/site-packages/airflow/example_dags/example_short_circuit_operator.py
[2023-06-13T23:20:40.634+0000] {processor.py:836} INFO - DAG(s) dict_keys(['example_short_circuit_operator']) retrieved from /home/airflow/.local/lib/python3.7/site-packages/airflow/example_dags/example_short_circuit_operator.py
[2023-06-13T23:20:40.725+0000] {logging_mixin.py:149} INFO - [2023-06-13T23:20:40.723+0000] {dag.py:2726} INFO - Sync 1 DAGs
[2023-06-13T23:20:40.795+0000] {logging_mixin.py:149} INFO - [2023-06-13T23:20:40.794+0000] {dag.py:3490} INFO - Setting next_dagrun for example_short_circuit_operator to 2023-06-12T23:20:40.794107+00:00, run_after=2023-06-13T23:20:40.794107+00:00
[2023-06-13T23:20:40.862+0000] {processor.py:179} INFO - Processing /home/airflow/.local/lib/python3.7/site-packages/airflow/example_dags/example_short_circuit_operator.py took 0.254 seconds
[2023-06-13T23:21:11.324+0000] {processor.py:157} INFO - Started process (PID=12922) to work on /home/airflow/.local/lib/python3.7/site-packages/airflow/example_dags/example_short_circuit_operator.py
[2023-06-13T23:21:11.327+0000] {processor.py:826} INFO - Processing file /home/airflow/.local/lib/python3.7/site-packages/airflow/example_dags/example_short_circuit_operator.py for tasks to queue
[2023-06-13T23:21:11.329+0000] {logging_mixin.py:149} INFO - [2023-06-13T23:21:11.328+0000] {dagbag.py:541} INFO - Filling up the DagBag from /home/airflow/.local/lib/python3.7/site-packages/airflow/example_dags/example_short_circuit_operator.py
[2023-06-13T23:21:11.346+0000] {processor.py:836} INFO - DAG(s) dict_keys(['example_short_circuit_operator']) retrieved from /home/airflow/.local/lib/python3.7/site-packages/airflow/example_dags/example_short_circuit_operator.py
[2023-06-13T23:21:11.421+0000] {logging_mixin.py:149} INFO - [2023-06-13T23:21:11.420+0000] {dag.py:2726} INFO - Sync 1 DAGs
[2023-06-13T23:21:11.486+0000] {logging_mixin.py:149} INFO - [2023-06-13T23:21:11.485+0000] {dag.py:3490} INFO - Setting next_dagrun for example_short_circuit_operator to 2023-06-12T23:21:11.485213+00:00, run_after=2023-06-13T23:21:11.485213+00:00
[2023-06-13T23:21:11.551+0000] {processor.py:179} INFO - Processing /home/airflow/.local/lib/python3.7/site-packages/airflow/example_dags/example_short_circuit_operator.py took 0.233 seconds
[2023-06-13T23:21:41.808+0000] {processor.py:157} INFO - Started process (PID=13161) to work on /home/airflow/.local/lib/python3.7/site-packages/airflow/example_dags/example_short_circuit_operator.py
[2023-06-13T23:21:41.811+0000] {processor.py:826} INFO - Processing file /home/airflow/.local/lib/python3.7/site-packages/airflow/example_dags/example_short_circuit_operator.py for tasks to queue
[2023-06-13T23:21:41.812+0000] {logging_mixin.py:149} INFO - [2023-06-13T23:21:41.812+0000] {dagbag.py:541} INFO - Filling up the DagBag from /home/airflow/.local/lib/python3.7/site-packages/airflow/example_dags/example_short_circuit_operator.py
[2023-06-13T23:21:41.839+0000] {processor.py:836} INFO - DAG(s) dict_keys(['example_short_circuit_operator']) retrieved from /home/airflow/.local/lib/python3.7/site-packages/airflow/example_dags/example_short_circuit_operator.py
[2023-06-13T23:21:41.906+0000] {logging_mixin.py:149} INFO - [2023-06-13T23:21:41.906+0000] {dag.py:2726} INFO - Sync 1 DAGs
[2023-06-13T23:21:41.981+0000] {logging_mixin.py:149} INFO - [2023-06-13T23:21:41.980+0000] {dag.py:3490} INFO - Setting next_dagrun for example_short_circuit_operator to 2023-06-12T23:21:41.980208+00:00, run_after=2023-06-13T23:21:41.980208+00:00
[2023-06-13T23:21:42.037+0000] {processor.py:179} INFO - Processing /home/airflow/.local/lib/python3.7/site-packages/airflow/example_dags/example_short_circuit_operator.py took 0.238 seconds
[2023-06-13T23:22:12.276+0000] {processor.py:157} INFO - Started process (PID=13401) to work on /home/airflow/.local/lib/python3.7/site-packages/airflow/example_dags/example_short_circuit_operator.py
[2023-06-13T23:22:12.278+0000] {processor.py:826} INFO - Processing file /home/airflow/.local/lib/python3.7/site-packages/airflow/example_dags/example_short_circuit_operator.py for tasks to queue
[2023-06-13T23:22:12.279+0000] {logging_mixin.py:149} INFO - [2023-06-13T23:22:12.279+0000] {dagbag.py:541} INFO - Filling up the DagBag from /home/airflow/.local/lib/python3.7/site-packages/airflow/example_dags/example_short_circuit_operator.py
[2023-06-13T23:22:12.291+0000] {processor.py:836} INFO - DAG(s) dict_keys(['example_short_circuit_operator']) retrieved from /home/airflow/.local/lib/python3.7/site-packages/airflow/example_dags/example_short_circuit_operator.py
[2023-06-13T23:22:12.344+0000] {logging_mixin.py:149} INFO - [2023-06-13T23:22:12.344+0000] {dag.py:2726} INFO - Sync 1 DAGs
[2023-06-13T23:22:12.394+0000] {logging_mixin.py:149} INFO - [2023-06-13T23:22:12.393+0000] {dag.py:3490} INFO - Setting next_dagrun for example_short_circuit_operator to 2023-06-12T23:22:12.393473+00:00, run_after=2023-06-13T23:22:12.393473+00:00
[2023-06-13T23:22:12.439+0000] {processor.py:179} INFO - Processing /home/airflow/.local/lib/python3.7/site-packages/airflow/example_dags/example_short_circuit_operator.py took 0.167 seconds
[2023-06-13T23:22:42.532+0000] {processor.py:157} INFO - Started process (PID=13641) to work on /home/airflow/.local/lib/python3.7/site-packages/airflow/example_dags/example_short_circuit_operator.py
[2023-06-13T23:22:42.533+0000] {processor.py:826} INFO - Processing file /home/airflow/.local/lib/python3.7/site-packages/airflow/example_dags/example_short_circuit_operator.py for tasks to queue
[2023-06-13T23:22:42.534+0000] {logging_mixin.py:149} INFO - [2023-06-13T23:22:42.534+0000] {dagbag.py:541} INFO - Filling up the DagBag from /home/airflow/.local/lib/python3.7/site-packages/airflow/example_dags/example_short_circuit_operator.py
[2023-06-13T23:22:42.547+0000] {processor.py:836} INFO - DAG(s) dict_keys(['example_short_circuit_operator']) retrieved from /home/airflow/.local/lib/python3.7/site-packages/airflow/example_dags/example_short_circuit_operator.py
[2023-06-13T23:22:42.595+0000] {logging_mixin.py:149} INFO - [2023-06-13T23:22:42.595+0000] {dag.py:2726} INFO - Sync 1 DAGs
[2023-06-13T23:22:42.643+0000] {logging_mixin.py:149} INFO - [2023-06-13T23:22:42.643+0000] {dag.py:3490} INFO - Setting next_dagrun for example_short_circuit_operator to 2023-06-12T23:22:42.642752+00:00, run_after=2023-06-13T23:22:42.642752+00:00
[2023-06-13T23:22:42.692+0000] {processor.py:179} INFO - Processing /home/airflow/.local/lib/python3.7/site-packages/airflow/example_dags/example_short_circuit_operator.py took 0.165 seconds
[2023-06-13T23:23:13.086+0000] {processor.py:157} INFO - Started process (PID=13881) to work on /home/airflow/.local/lib/python3.7/site-packages/airflow/example_dags/example_short_circuit_operator.py
[2023-06-13T23:23:13.088+0000] {processor.py:826} INFO - Processing file /home/airflow/.local/lib/python3.7/site-packages/airflow/example_dags/example_short_circuit_operator.py for tasks to queue
[2023-06-13T23:23:13.088+0000] {logging_mixin.py:149} INFO - [2023-06-13T23:23:13.088+0000] {dagbag.py:541} INFO - Filling up the DagBag from /home/airflow/.local/lib/python3.7/site-packages/airflow/example_dags/example_short_circuit_operator.py
[2023-06-13T23:23:13.104+0000] {processor.py:836} INFO - DAG(s) dict_keys(['example_short_circuit_operator']) retrieved from /home/airflow/.local/lib/python3.7/site-packages/airflow/example_dags/example_short_circuit_operator.py
[2023-06-13T23:23:13.158+0000] {logging_mixin.py:149} INFO - [2023-06-13T23:23:13.158+0000] {dag.py:2726} INFO - Sync 1 DAGs
[2023-06-13T23:23:13.211+0000] {logging_mixin.py:149} INFO - [2023-06-13T23:23:13.210+0000] {dag.py:3490} INFO - Setting next_dagrun for example_short_circuit_operator to 2023-06-12T23:23:13.210630+00:00, run_after=2023-06-13T23:23:13.210630+00:00
[2023-06-13T23:23:13.258+0000] {processor.py:179} INFO - Processing /home/airflow/.local/lib/python3.7/site-packages/airflow/example_dags/example_short_circuit_operator.py took 0.177 seconds
[2023-06-13T23:23:43.407+0000] {processor.py:157} INFO - Started process (PID=14121) to work on /home/airflow/.local/lib/python3.7/site-packages/airflow/example_dags/example_short_circuit_operator.py
[2023-06-13T23:23:43.408+0000] {processor.py:826} INFO - Processing file /home/airflow/.local/lib/python3.7/site-packages/airflow/example_dags/example_short_circuit_operator.py for tasks to queue
[2023-06-13T23:23:43.409+0000] {logging_mixin.py:149} INFO - [2023-06-13T23:23:43.409+0000] {dagbag.py:541} INFO - Filling up the DagBag from /home/airflow/.local/lib/python3.7/site-packages/airflow/example_dags/example_short_circuit_operator.py
[2023-06-13T23:23:43.426+0000] {processor.py:836} INFO - DAG(s) dict_keys(['example_short_circuit_operator']) retrieved from /home/airflow/.local/lib/python3.7/site-packages/airflow/example_dags/example_short_circuit_operator.py
[2023-06-13T23:23:43.475+0000] {logging_mixin.py:149} INFO - [2023-06-13T23:23:43.475+0000] {dag.py:2726} INFO - Sync 1 DAGs
[2023-06-13T23:23:43.530+0000] {logging_mixin.py:149} INFO - [2023-06-13T23:23:43.530+0000] {dag.py:3490} INFO - Setting next_dagrun for example_short_circuit_operator to 2023-06-12T23:23:43.529646+00:00, run_after=2023-06-13T23:23:43.529646+00:00
[2023-06-13T23:23:43.576+0000] {processor.py:179} INFO - Processing /home/airflow/.local/lib/python3.7/site-packages/airflow/example_dags/example_short_circuit_operator.py took 0.173 seconds
[2023-06-13T23:24:14.214+0000] {processor.py:157} INFO - Started process (PID=14361) to work on /home/airflow/.local/lib/python3.7/site-packages/airflow/example_dags/example_short_circuit_operator.py
[2023-06-13T23:24:14.220+0000] {processor.py:826} INFO - Processing file /home/airflow/.local/lib/python3.7/site-packages/airflow/example_dags/example_short_circuit_operator.py for tasks to queue
[2023-06-13T23:24:14.222+0000] {logging_mixin.py:149} INFO - [2023-06-13T23:24:14.221+0000] {dagbag.py:541} INFO - Filling up the DagBag from /home/airflow/.local/lib/python3.7/site-packages/airflow/example_dags/example_short_circuit_operator.py
[2023-06-13T23:24:14.240+0000] {processor.py:836} INFO - DAG(s) dict_keys(['example_short_circuit_operator']) retrieved from /home/airflow/.local/lib/python3.7/site-packages/airflow/example_dags/example_short_circuit_operator.py
[2023-06-13T23:24:14.298+0000] {logging_mixin.py:149} INFO - [2023-06-13T23:24:14.297+0000] {dag.py:2726} INFO - Sync 1 DAGs
[2023-06-13T23:24:14.349+0000] {logging_mixin.py:149} INFO - [2023-06-13T23:24:14.348+0000] {dag.py:3490} INFO - Setting next_dagrun for example_short_circuit_operator to 2023-06-12T23:24:14.348586+00:00, run_after=2023-06-13T23:24:14.348586+00:00
[2023-06-13T23:24:14.401+0000] {processor.py:179} INFO - Processing /home/airflow/.local/lib/python3.7/site-packages/airflow/example_dags/example_short_circuit_operator.py took 0.197 seconds
[2023-06-13T23:24:44.788+0000] {processor.py:157} INFO - Started process (PID=14601) to work on /home/airflow/.local/lib/python3.7/site-packages/airflow/example_dags/example_short_circuit_operator.py
[2023-06-13T23:24:44.790+0000] {processor.py:826} INFO - Processing file /home/airflow/.local/lib/python3.7/site-packages/airflow/example_dags/example_short_circuit_operator.py for tasks to queue
[2023-06-13T23:24:44.791+0000] {logging_mixin.py:149} INFO - [2023-06-13T23:24:44.791+0000] {dagbag.py:541} INFO - Filling up the DagBag from /home/airflow/.local/lib/python3.7/site-packages/airflow/example_dags/example_short_circuit_operator.py
[2023-06-13T23:24:44.804+0000] {processor.py:836} INFO - DAG(s) dict_keys(['example_short_circuit_operator']) retrieved from /home/airflow/.local/lib/python3.7/site-packages/airflow/example_dags/example_short_circuit_operator.py
[2023-06-13T23:24:44.870+0000] {logging_mixin.py:149} INFO - [2023-06-13T23:24:44.870+0000] {dag.py:2726} INFO - Sync 1 DAGs
[2023-06-13T23:24:44.919+0000] {logging_mixin.py:149} INFO - [2023-06-13T23:24:44.918+0000] {dag.py:3490} INFO - Setting next_dagrun for example_short_circuit_operator to 2023-06-12T23:24:44.917660+00:00, run_after=2023-06-13T23:24:44.917660+00:00
[2023-06-13T23:24:44.958+0000] {processor.py:179} INFO - Processing /home/airflow/.local/lib/python3.7/site-packages/airflow/example_dags/example_short_circuit_operator.py took 0.177 seconds
[2023-06-13T23:25:15.317+0000] {processor.py:157} INFO - Started process (PID=14841) to work on /home/airflow/.local/lib/python3.7/site-packages/airflow/example_dags/example_short_circuit_operator.py
[2023-06-13T23:25:15.321+0000] {processor.py:826} INFO - Processing file /home/airflow/.local/lib/python3.7/site-packages/airflow/example_dags/example_short_circuit_operator.py for tasks to queue
[2023-06-13T23:25:15.322+0000] {logging_mixin.py:149} INFO - [2023-06-13T23:25:15.322+0000] {dagbag.py:541} INFO - Filling up the DagBag from /home/airflow/.local/lib/python3.7/site-packages/airflow/example_dags/example_short_circuit_operator.py
[2023-06-13T23:25:15.342+0000] {processor.py:836} INFO - DAG(s) dict_keys(['example_short_circuit_operator']) retrieved from /home/airflow/.local/lib/python3.7/site-packages/airflow/example_dags/example_short_circuit_operator.py
[2023-06-13T23:25:15.405+0000] {logging_mixin.py:149} INFO - [2023-06-13T23:25:15.404+0000] {dag.py:2726} INFO - Sync 1 DAGs
[2023-06-13T23:25:15.461+0000] {logging_mixin.py:149} INFO - [2023-06-13T23:25:15.460+0000] {dag.py:3490} INFO - Setting next_dagrun for example_short_circuit_operator to 2023-06-12T23:25:15.460314+00:00, run_after=2023-06-13T23:25:15.460314+00:00
[2023-06-13T23:25:15.516+0000] {processor.py:179} INFO - Processing /home/airflow/.local/lib/python3.7/site-packages/airflow/example_dags/example_short_circuit_operator.py took 0.206 seconds
[2023-06-13T23:25:46.153+0000] {processor.py:157} INFO - Started process (PID=15080) to work on /home/airflow/.local/lib/python3.7/site-packages/airflow/example_dags/example_short_circuit_operator.py
[2023-06-13T23:25:46.156+0000] {processor.py:826} INFO - Processing file /home/airflow/.local/lib/python3.7/site-packages/airflow/example_dags/example_short_circuit_operator.py for tasks to queue
[2023-06-13T23:25:46.157+0000] {logging_mixin.py:149} INFO - [2023-06-13T23:25:46.157+0000] {dagbag.py:541} INFO - Filling up the DagBag from /home/airflow/.local/lib/python3.7/site-packages/airflow/example_dags/example_short_circuit_operator.py
[2023-06-13T23:25:46.178+0000] {processor.py:836} INFO - DAG(s) dict_keys(['example_short_circuit_operator']) retrieved from /home/airflow/.local/lib/python3.7/site-packages/airflow/example_dags/example_short_circuit_operator.py
[2023-06-13T23:25:46.234+0000] {logging_mixin.py:149} INFO - [2023-06-13T23:25:46.233+0000] {dag.py:2726} INFO - Sync 1 DAGs
[2023-06-13T23:25:46.283+0000] {logging_mixin.py:149} INFO - [2023-06-13T23:25:46.283+0000] {dag.py:3490} INFO - Setting next_dagrun for example_short_circuit_operator to 2023-06-12T23:25:46.282694+00:00, run_after=2023-06-13T23:25:46.282694+00:00
[2023-06-13T23:25:46.325+0000] {processor.py:179} INFO - Processing /home/airflow/.local/lib/python3.7/site-packages/airflow/example_dags/example_short_circuit_operator.py took 0.176 seconds
