[2023-06-13T22:54:14.264+0000] {processor.py:157} INFO - Started process (PID=358) to work on /home/airflow/.local/lib/python3.7/site-packages/airflow/example_dags/example_sla_dag.py
[2023-06-13T22:54:14.265+0000] {processor.py:826} INFO - Processing file /home/airflow/.local/lib/python3.7/site-packages/airflow/example_dags/example_sla_dag.py for tasks to queue
[2023-06-13T22:54:14.267+0000] {logging_mixin.py:149} INFO - [2023-06-13T22:54:14.266+0000] {dagbag.py:541} INFO - Filling up the DagBag from /home/airflow/.local/lib/python3.7/site-packages/airflow/example_dags/example_sla_dag.py
[2023-06-13T22:54:14.292+0000] {processor.py:836} INFO - DAG(s) dict_keys(['example_sla_dag']) retrieved from /home/airflow/.local/lib/python3.7/site-packages/airflow/example_dags/example_sla_dag.py
[2023-06-13T22:54:14.356+0000] {logging_mixin.py:149} INFO - [2023-06-13T22:54:14.356+0000] {dag.py:2726} INFO - Sync 1 DAGs
[2023-06-13T22:54:14.428+0000] {logging_mixin.py:149} INFO - [2023-06-13T22:54:14.428+0000] {dag.py:3490} INFO - Setting next_dagrun for example_sla_dag to 2023-06-13T22:52:00+00:00, run_after=2023-06-13T22:54:00+00:00
[2023-06-13T22:54:14.475+0000] {processor.py:179} INFO - Processing /home/airflow/.local/lib/python3.7/site-packages/airflow/example_dags/example_sla_dag.py took 0.219 seconds
[2023-06-13T22:54:47.410+0000] {processor.py:157} INFO - Started process (PID=600) to work on /home/airflow/.local/lib/python3.7/site-packages/airflow/example_dags/example_sla_dag.py
[2023-06-13T22:54:47.414+0000] {processor.py:826} INFO - Processing file /home/airflow/.local/lib/python3.7/site-packages/airflow/example_dags/example_sla_dag.py for tasks to queue
[2023-06-13T22:54:47.416+0000] {logging_mixin.py:149} INFO - [2023-06-13T22:54:47.416+0000] {dagbag.py:541} INFO - Filling up the DagBag from /home/airflow/.local/lib/python3.7/site-packages/airflow/example_dags/example_sla_dag.py
[2023-06-13T22:54:47.431+0000] {processor.py:836} INFO - DAG(s) dict_keys(['example_sla_dag']) retrieved from /home/airflow/.local/lib/python3.7/site-packages/airflow/example_dags/example_sla_dag.py
[2023-06-13T22:54:47.481+0000] {logging_mixin.py:149} INFO - [2023-06-13T22:54:47.481+0000] {dag.py:2726} INFO - Sync 1 DAGs
[2023-06-13T22:54:47.727+0000] {logging_mixin.py:149} INFO - [2023-06-13T22:54:47.726+0000] {dag.py:3490} INFO - Setting next_dagrun for example_sla_dag to 2023-06-13T22:52:00+00:00, run_after=2023-06-13T22:54:00+00:00
[2023-06-13T22:54:47.788+0000] {processor.py:179} INFO - Processing /home/airflow/.local/lib/python3.7/site-packages/airflow/example_dags/example_sla_dag.py took 0.384 seconds
[2023-06-13T22:55:17.907+0000] {processor.py:157} INFO - Started process (PID=840) to work on /home/airflow/.local/lib/python3.7/site-packages/airflow/example_dags/example_sla_dag.py
[2023-06-13T22:55:17.911+0000] {processor.py:826} INFO - Processing file /home/airflow/.local/lib/python3.7/site-packages/airflow/example_dags/example_sla_dag.py for tasks to queue
[2023-06-13T22:55:17.912+0000] {logging_mixin.py:149} INFO - [2023-06-13T22:55:17.912+0000] {dagbag.py:541} INFO - Filling up the DagBag from /home/airflow/.local/lib/python3.7/site-packages/airflow/example_dags/example_sla_dag.py
[2023-06-13T22:55:17.923+0000] {processor.py:836} INFO - DAG(s) dict_keys(['example_sla_dag']) retrieved from /home/airflow/.local/lib/python3.7/site-packages/airflow/example_dags/example_sla_dag.py
[2023-06-13T22:55:17.973+0000] {logging_mixin.py:149} INFO - [2023-06-13T22:55:17.972+0000] {dag.py:2726} INFO - Sync 1 DAGs
[2023-06-13T22:55:18.029+0000] {logging_mixin.py:149} INFO - [2023-06-13T22:55:18.029+0000] {dag.py:3490} INFO - Setting next_dagrun for example_sla_dag to 2023-06-13T22:52:00+00:00, run_after=2023-06-13T22:54:00+00:00
[2023-06-13T22:55:18.078+0000] {processor.py:179} INFO - Processing /home/airflow/.local/lib/python3.7/site-packages/airflow/example_dags/example_sla_dag.py took 0.175 seconds
[2023-06-13T22:55:48.530+0000] {processor.py:157} INFO - Started process (PID=1089) to work on /home/airflow/.local/lib/python3.7/site-packages/airflow/example_dags/example_sla_dag.py
[2023-06-13T22:55:48.532+0000] {processor.py:826} INFO - Processing file /home/airflow/.local/lib/python3.7/site-packages/airflow/example_dags/example_sla_dag.py for tasks to queue
[2023-06-13T22:55:48.533+0000] {logging_mixin.py:149} INFO - [2023-06-13T22:55:48.533+0000] {dagbag.py:541} INFO - Filling up the DagBag from /home/airflow/.local/lib/python3.7/site-packages/airflow/example_dags/example_sla_dag.py
[2023-06-13T22:55:48.548+0000] {processor.py:836} INFO - DAG(s) dict_keys(['example_sla_dag']) retrieved from /home/airflow/.local/lib/python3.7/site-packages/airflow/example_dags/example_sla_dag.py
[2023-06-13T22:55:48.612+0000] {logging_mixin.py:149} INFO - [2023-06-13T22:55:48.612+0000] {dag.py:2726} INFO - Sync 1 DAGs
[2023-06-13T22:55:48.672+0000] {logging_mixin.py:149} INFO - [2023-06-13T22:55:48.671+0000] {dag.py:3490} INFO - Setting next_dagrun for example_sla_dag to 2023-06-13T22:52:00+00:00, run_after=2023-06-13T22:54:00+00:00
[2023-06-13T22:55:48.727+0000] {processor.py:179} INFO - Processing /home/airflow/.local/lib/python3.7/site-packages/airflow/example_dags/example_sla_dag.py took 0.202 seconds
[2023-06-13T22:56:19.062+0000] {processor.py:157} INFO - Started process (PID=1329) to work on /home/airflow/.local/lib/python3.7/site-packages/airflow/example_dags/example_sla_dag.py
[2023-06-13T22:56:19.064+0000] {processor.py:826} INFO - Processing file /home/airflow/.local/lib/python3.7/site-packages/airflow/example_dags/example_sla_dag.py for tasks to queue
[2023-06-13T22:56:19.066+0000] {logging_mixin.py:149} INFO - [2023-06-13T22:56:19.065+0000] {dagbag.py:541} INFO - Filling up the DagBag from /home/airflow/.local/lib/python3.7/site-packages/airflow/example_dags/example_sla_dag.py
[2023-06-13T22:56:19.078+0000] {processor.py:836} INFO - DAG(s) dict_keys(['example_sla_dag']) retrieved from /home/airflow/.local/lib/python3.7/site-packages/airflow/example_dags/example_sla_dag.py
[2023-06-13T22:56:19.131+0000] {logging_mixin.py:149} INFO - [2023-06-13T22:56:19.131+0000] {dag.py:2726} INFO - Sync 1 DAGs
[2023-06-13T22:56:19.194+0000] {logging_mixin.py:149} INFO - [2023-06-13T22:56:19.194+0000] {dag.py:3490} INFO - Setting next_dagrun for example_sla_dag to 2023-06-13T22:54:00+00:00, run_after=2023-06-13T22:56:00+00:00
[2023-06-13T22:56:19.232+0000] {processor.py:179} INFO - Processing /home/airflow/.local/lib/python3.7/site-packages/airflow/example_dags/example_sla_dag.py took 0.176 seconds
[2023-06-13T22:56:49.556+0000] {processor.py:157} INFO - Started process (PID=1569) to work on /home/airflow/.local/lib/python3.7/site-packages/airflow/example_dags/example_sla_dag.py
[2023-06-13T22:56:49.558+0000] {processor.py:826} INFO - Processing file /home/airflow/.local/lib/python3.7/site-packages/airflow/example_dags/example_sla_dag.py for tasks to queue
[2023-06-13T22:56:49.560+0000] {logging_mixin.py:149} INFO - [2023-06-13T22:56:49.559+0000] {dagbag.py:541} INFO - Filling up the DagBag from /home/airflow/.local/lib/python3.7/site-packages/airflow/example_dags/example_sla_dag.py
[2023-06-13T22:56:49.576+0000] {processor.py:836} INFO - DAG(s) dict_keys(['example_sla_dag']) retrieved from /home/airflow/.local/lib/python3.7/site-packages/airflow/example_dags/example_sla_dag.py
[2023-06-13T22:56:49.627+0000] {logging_mixin.py:149} INFO - [2023-06-13T22:56:49.626+0000] {dag.py:2726} INFO - Sync 1 DAGs
[2023-06-13T22:56:49.687+0000] {logging_mixin.py:149} INFO - [2023-06-13T22:56:49.687+0000] {dag.py:3490} INFO - Setting next_dagrun for example_sla_dag to 2023-06-13T22:54:00+00:00, run_after=2023-06-13T22:56:00+00:00
[2023-06-13T22:56:49.738+0000] {processor.py:179} INFO - Processing /home/airflow/.local/lib/python3.7/site-packages/airflow/example_dags/example_sla_dag.py took 0.187 seconds
[2023-06-13T22:57:21.188+0000] {processor.py:157} INFO - Started process (PID=1810) to work on /home/airflow/.local/lib/python3.7/site-packages/airflow/example_dags/example_sla_dag.py
[2023-06-13T22:57:21.191+0000] {processor.py:826} INFO - Processing file /home/airflow/.local/lib/python3.7/site-packages/airflow/example_dags/example_sla_dag.py for tasks to queue
[2023-06-13T22:57:21.193+0000] {logging_mixin.py:149} INFO - [2023-06-13T22:57:21.192+0000] {dagbag.py:541} INFO - Filling up the DagBag from /home/airflow/.local/lib/python3.7/site-packages/airflow/example_dags/example_sla_dag.py
[2023-06-13T22:57:21.213+0000] {processor.py:836} INFO - DAG(s) dict_keys(['example_sla_dag']) retrieved from /home/airflow/.local/lib/python3.7/site-packages/airflow/example_dags/example_sla_dag.py
[2023-06-13T22:57:21.260+0000] {logging_mixin.py:149} INFO - [2023-06-13T22:57:21.260+0000] {dag.py:2726} INFO - Sync 1 DAGs
[2023-06-13T22:57:21.324+0000] {logging_mixin.py:149} INFO - [2023-06-13T22:57:21.323+0000] {dag.py:3490} INFO - Setting next_dagrun for example_sla_dag to 2023-06-13T22:54:00+00:00, run_after=2023-06-13T22:56:00+00:00
[2023-06-13T22:57:21.373+0000] {processor.py:179} INFO - Processing /home/airflow/.local/lib/python3.7/site-packages/airflow/example_dags/example_sla_dag.py took 0.192 seconds
[2023-06-13T22:57:51.732+0000] {processor.py:157} INFO - Started process (PID=2050) to work on /home/airflow/.local/lib/python3.7/site-packages/airflow/example_dags/example_sla_dag.py
[2023-06-13T22:57:51.739+0000] {processor.py:826} INFO - Processing file /home/airflow/.local/lib/python3.7/site-packages/airflow/example_dags/example_sla_dag.py for tasks to queue
[2023-06-13T22:57:51.746+0000] {logging_mixin.py:149} INFO - [2023-06-13T22:57:51.745+0000] {dagbag.py:541} INFO - Filling up the DagBag from /home/airflow/.local/lib/python3.7/site-packages/airflow/example_dags/example_sla_dag.py
[2023-06-13T22:57:51.777+0000] {processor.py:836} INFO - DAG(s) dict_keys(['example_sla_dag']) retrieved from /home/airflow/.local/lib/python3.7/site-packages/airflow/example_dags/example_sla_dag.py
[2023-06-13T22:57:51.900+0000] {logging_mixin.py:149} INFO - [2023-06-13T22:57:51.899+0000] {dag.py:2726} INFO - Sync 1 DAGs
[2023-06-13T22:57:52.006+0000] {logging_mixin.py:149} INFO - [2023-06-13T22:57:52.005+0000] {dag.py:3490} INFO - Setting next_dagrun for example_sla_dag to 2023-06-13T22:54:00+00:00, run_after=2023-06-13T22:56:00+00:00
[2023-06-13T22:57:52.101+0000] {processor.py:179} INFO - Processing /home/airflow/.local/lib/python3.7/site-packages/airflow/example_dags/example_sla_dag.py took 0.379 seconds
[2023-06-13T22:58:22.270+0000] {processor.py:157} INFO - Started process (PID=2290) to work on /home/airflow/.local/lib/python3.7/site-packages/airflow/example_dags/example_sla_dag.py
[2023-06-13T22:58:22.273+0000] {processor.py:826} INFO - Processing file /home/airflow/.local/lib/python3.7/site-packages/airflow/example_dags/example_sla_dag.py for tasks to queue
[2023-06-13T22:58:22.274+0000] {logging_mixin.py:149} INFO - [2023-06-13T22:58:22.274+0000] {dagbag.py:541} INFO - Filling up the DagBag from /home/airflow/.local/lib/python3.7/site-packages/airflow/example_dags/example_sla_dag.py
[2023-06-13T22:58:22.293+0000] {processor.py:836} INFO - DAG(s) dict_keys(['example_sla_dag']) retrieved from /home/airflow/.local/lib/python3.7/site-packages/airflow/example_dags/example_sla_dag.py
[2023-06-13T22:58:22.366+0000] {logging_mixin.py:149} INFO - [2023-06-13T22:58:22.365+0000] {dag.py:2726} INFO - Sync 1 DAGs
[2023-06-13T22:58:22.431+0000] {logging_mixin.py:149} INFO - [2023-06-13T22:58:22.430+0000] {dag.py:3490} INFO - Setting next_dagrun for example_sla_dag to 2023-06-13T22:56:00+00:00, run_after=2023-06-13T22:58:00+00:00
[2023-06-13T22:58:22.493+0000] {processor.py:179} INFO - Processing /home/airflow/.local/lib/python3.7/site-packages/airflow/example_dags/example_sla_dag.py took 0.229 seconds
[2023-06-13T22:58:53.429+0000] {processor.py:157} INFO - Started process (PID=2528) to work on /home/airflow/.local/lib/python3.7/site-packages/airflow/example_dags/example_sla_dag.py
[2023-06-13T22:58:53.430+0000] {processor.py:826} INFO - Processing file /home/airflow/.local/lib/python3.7/site-packages/airflow/example_dags/example_sla_dag.py for tasks to queue
[2023-06-13T22:58:53.432+0000] {logging_mixin.py:149} INFO - [2023-06-13T22:58:53.431+0000] {dagbag.py:541} INFO - Filling up the DagBag from /home/airflow/.local/lib/python3.7/site-packages/airflow/example_dags/example_sla_dag.py
[2023-06-13T22:58:53.441+0000] {processor.py:836} INFO - DAG(s) dict_keys(['example_sla_dag']) retrieved from /home/airflow/.local/lib/python3.7/site-packages/airflow/example_dags/example_sla_dag.py
[2023-06-13T22:58:53.506+0000] {logging_mixin.py:149} INFO - [2023-06-13T22:58:53.506+0000] {dag.py:2726} INFO - Sync 1 DAGs
[2023-06-13T22:58:53.602+0000] {logging_mixin.py:149} INFO - [2023-06-13T22:58:53.601+0000] {dag.py:3490} INFO - Setting next_dagrun for example_sla_dag to 2023-06-13T22:56:00+00:00, run_after=2023-06-13T22:58:00+00:00
[2023-06-13T22:58:53.675+0000] {processor.py:179} INFO - Processing /home/airflow/.local/lib/python3.7/site-packages/airflow/example_dags/example_sla_dag.py took 0.250 seconds
[2023-06-13T22:59:24.075+0000] {processor.py:157} INFO - Started process (PID=2770) to work on /home/airflow/.local/lib/python3.7/site-packages/airflow/example_dags/example_sla_dag.py
[2023-06-13T22:59:24.078+0000] {processor.py:826} INFO - Processing file /home/airflow/.local/lib/python3.7/site-packages/airflow/example_dags/example_sla_dag.py for tasks to queue
[2023-06-13T22:59:24.080+0000] {logging_mixin.py:149} INFO - [2023-06-13T22:59:24.080+0000] {dagbag.py:541} INFO - Filling up the DagBag from /home/airflow/.local/lib/python3.7/site-packages/airflow/example_dags/example_sla_dag.py
[2023-06-13T22:59:24.095+0000] {processor.py:836} INFO - DAG(s) dict_keys(['example_sla_dag']) retrieved from /home/airflow/.local/lib/python3.7/site-packages/airflow/example_dags/example_sla_dag.py
[2023-06-13T22:59:24.157+0000] {logging_mixin.py:149} INFO - [2023-06-13T22:59:24.157+0000] {dag.py:2726} INFO - Sync 1 DAGs
[2023-06-13T22:59:24.213+0000] {logging_mixin.py:149} INFO - [2023-06-13T22:59:24.213+0000] {dag.py:3490} INFO - Setting next_dagrun for example_sla_dag to 2023-06-13T22:56:00+00:00, run_after=2023-06-13T22:58:00+00:00
[2023-06-13T22:59:24.266+0000] {processor.py:179} INFO - Processing /home/airflow/.local/lib/python3.7/site-packages/airflow/example_dags/example_sla_dag.py took 0.198 seconds
[2023-06-13T22:59:54.346+0000] {processor.py:157} INFO - Started process (PID=3008) to work on /home/airflow/.local/lib/python3.7/site-packages/airflow/example_dags/example_sla_dag.py
[2023-06-13T22:59:54.349+0000] {processor.py:826} INFO - Processing file /home/airflow/.local/lib/python3.7/site-packages/airflow/example_dags/example_sla_dag.py for tasks to queue
[2023-06-13T22:59:54.350+0000] {logging_mixin.py:149} INFO - [2023-06-13T22:59:54.350+0000] {dagbag.py:541} INFO - Filling up the DagBag from /home/airflow/.local/lib/python3.7/site-packages/airflow/example_dags/example_sla_dag.py
[2023-06-13T22:59:54.365+0000] {processor.py:836} INFO - DAG(s) dict_keys(['example_sla_dag']) retrieved from /home/airflow/.local/lib/python3.7/site-packages/airflow/example_dags/example_sla_dag.py
[2023-06-13T22:59:54.429+0000] {logging_mixin.py:149} INFO - [2023-06-13T22:59:54.428+0000] {dag.py:2726} INFO - Sync 1 DAGs
[2023-06-13T22:59:54.487+0000] {logging_mixin.py:149} INFO - [2023-06-13T22:59:54.486+0000] {dag.py:3490} INFO - Setting next_dagrun for example_sla_dag to 2023-06-13T22:56:00+00:00, run_after=2023-06-13T22:58:00+00:00
[2023-06-13T22:59:54.558+0000] {processor.py:179} INFO - Processing /home/airflow/.local/lib/python3.7/site-packages/airflow/example_dags/example_sla_dag.py took 0.217 seconds
[2023-06-13T23:00:25.398+0000] {processor.py:157} INFO - Started process (PID=3255) to work on /home/airflow/.local/lib/python3.7/site-packages/airflow/example_dags/example_sla_dag.py
[2023-06-13T23:00:25.401+0000] {processor.py:826} INFO - Processing file /home/airflow/.local/lib/python3.7/site-packages/airflow/example_dags/example_sla_dag.py for tasks to queue
[2023-06-13T23:00:25.403+0000] {logging_mixin.py:149} INFO - [2023-06-13T23:00:25.402+0000] {dagbag.py:541} INFO - Filling up the DagBag from /home/airflow/.local/lib/python3.7/site-packages/airflow/example_dags/example_sla_dag.py
[2023-06-13T23:00:25.423+0000] {processor.py:836} INFO - DAG(s) dict_keys(['example_sla_dag']) retrieved from /home/airflow/.local/lib/python3.7/site-packages/airflow/example_dags/example_sla_dag.py
[2023-06-13T23:00:25.486+0000] {logging_mixin.py:149} INFO - [2023-06-13T23:00:25.485+0000] {dag.py:2726} INFO - Sync 1 DAGs
[2023-06-13T23:00:25.549+0000] {logging_mixin.py:149} INFO - [2023-06-13T23:00:25.549+0000] {dag.py:3490} INFO - Setting next_dagrun for example_sla_dag to 2023-06-13T22:58:00+00:00, run_after=2023-06-13T23:00:00+00:00
[2023-06-13T23:00:25.615+0000] {processor.py:179} INFO - Processing /home/airflow/.local/lib/python3.7/site-packages/airflow/example_dags/example_sla_dag.py took 0.222 seconds
[2023-06-13T23:00:56.360+0000] {processor.py:157} INFO - Started process (PID=3495) to work on /home/airflow/.local/lib/python3.7/site-packages/airflow/example_dags/example_sla_dag.py
[2023-06-13T23:00:56.363+0000] {processor.py:826} INFO - Processing file /home/airflow/.local/lib/python3.7/site-packages/airflow/example_dags/example_sla_dag.py for tasks to queue
[2023-06-13T23:00:56.365+0000] {logging_mixin.py:149} INFO - [2023-06-13T23:00:56.365+0000] {dagbag.py:541} INFO - Filling up the DagBag from /home/airflow/.local/lib/python3.7/site-packages/airflow/example_dags/example_sla_dag.py
[2023-06-13T23:00:56.385+0000] {processor.py:836} INFO - DAG(s) dict_keys(['example_sla_dag']) retrieved from /home/airflow/.local/lib/python3.7/site-packages/airflow/example_dags/example_sla_dag.py
[2023-06-13T23:00:56.453+0000] {logging_mixin.py:149} INFO - [2023-06-13T23:00:56.452+0000] {dag.py:2726} INFO - Sync 1 DAGs
[2023-06-13T23:00:56.513+0000] {logging_mixin.py:149} INFO - [2023-06-13T23:00:56.512+0000] {dag.py:3490} INFO - Setting next_dagrun for example_sla_dag to 2023-06-13T22:58:00+00:00, run_after=2023-06-13T23:00:00+00:00
[2023-06-13T23:00:56.573+0000] {processor.py:179} INFO - Processing /home/airflow/.local/lib/python3.7/site-packages/airflow/example_dags/example_sla_dag.py took 0.218 seconds
[2023-06-13T23:01:27.078+0000] {processor.py:157} INFO - Started process (PID=3735) to work on /home/airflow/.local/lib/python3.7/site-packages/airflow/example_dags/example_sla_dag.py
[2023-06-13T23:01:27.080+0000] {processor.py:826} INFO - Processing file /home/airflow/.local/lib/python3.7/site-packages/airflow/example_dags/example_sla_dag.py for tasks to queue
[2023-06-13T23:01:27.082+0000] {logging_mixin.py:149} INFO - [2023-06-13T23:01:27.081+0000] {dagbag.py:541} INFO - Filling up the DagBag from /home/airflow/.local/lib/python3.7/site-packages/airflow/example_dags/example_sla_dag.py
[2023-06-13T23:01:27.112+0000] {processor.py:836} INFO - DAG(s) dict_keys(['example_sla_dag']) retrieved from /home/airflow/.local/lib/python3.7/site-packages/airflow/example_dags/example_sla_dag.py
[2023-06-13T23:01:27.196+0000] {logging_mixin.py:149} INFO - [2023-06-13T23:01:27.196+0000] {dag.py:2726} INFO - Sync 1 DAGs
[2023-06-13T23:01:27.267+0000] {logging_mixin.py:149} INFO - [2023-06-13T23:01:27.267+0000] {dag.py:3490} INFO - Setting next_dagrun for example_sla_dag to 2023-06-13T22:58:00+00:00, run_after=2023-06-13T23:00:00+00:00
[2023-06-13T23:01:27.320+0000] {processor.py:179} INFO - Processing /home/airflow/.local/lib/python3.7/site-packages/airflow/example_dags/example_sla_dag.py took 0.248 seconds
[2023-06-13T23:01:58.345+0000] {processor.py:157} INFO - Started process (PID=3976) to work on /home/airflow/.local/lib/python3.7/site-packages/airflow/example_dags/example_sla_dag.py
[2023-06-13T23:01:58.349+0000] {processor.py:826} INFO - Processing file /home/airflow/.local/lib/python3.7/site-packages/airflow/example_dags/example_sla_dag.py for tasks to queue
[2023-06-13T23:01:58.351+0000] {logging_mixin.py:149} INFO - [2023-06-13T23:01:58.350+0000] {dagbag.py:541} INFO - Filling up the DagBag from /home/airflow/.local/lib/python3.7/site-packages/airflow/example_dags/example_sla_dag.py
[2023-06-13T23:01:58.368+0000] {processor.py:836} INFO - DAG(s) dict_keys(['example_sla_dag']) retrieved from /home/airflow/.local/lib/python3.7/site-packages/airflow/example_dags/example_sla_dag.py
[2023-06-13T23:01:58.430+0000] {logging_mixin.py:149} INFO - [2023-06-13T23:01:58.430+0000] {dag.py:2726} INFO - Sync 1 DAGs
[2023-06-13T23:01:58.501+0000] {logging_mixin.py:149} INFO - [2023-06-13T23:01:58.501+0000] {dag.py:3490} INFO - Setting next_dagrun for example_sla_dag to 2023-06-13T22:58:00+00:00, run_after=2023-06-13T23:00:00+00:00
[2023-06-13T23:01:58.551+0000] {processor.py:179} INFO - Processing /home/airflow/.local/lib/python3.7/site-packages/airflow/example_dags/example_sla_dag.py took 0.212 seconds
[2023-06-13T23:02:29.749+0000] {processor.py:157} INFO - Started process (PID=4216) to work on /home/airflow/.local/lib/python3.7/site-packages/airflow/example_dags/example_sla_dag.py
[2023-06-13T23:02:29.752+0000] {processor.py:826} INFO - Processing file /home/airflow/.local/lib/python3.7/site-packages/airflow/example_dags/example_sla_dag.py for tasks to queue
[2023-06-13T23:02:29.753+0000] {logging_mixin.py:149} INFO - [2023-06-13T23:02:29.753+0000] {dagbag.py:541} INFO - Filling up the DagBag from /home/airflow/.local/lib/python3.7/site-packages/airflow/example_dags/example_sla_dag.py
[2023-06-13T23:02:29.770+0000] {processor.py:836} INFO - DAG(s) dict_keys(['example_sla_dag']) retrieved from /home/airflow/.local/lib/python3.7/site-packages/airflow/example_dags/example_sla_dag.py
[2023-06-13T23:02:29.851+0000] {logging_mixin.py:149} INFO - [2023-06-13T23:02:29.851+0000] {dag.py:2726} INFO - Sync 1 DAGs
[2023-06-13T23:02:29.922+0000] {logging_mixin.py:149} INFO - [2023-06-13T23:02:29.922+0000] {dag.py:3490} INFO - Setting next_dagrun for example_sla_dag to 2023-06-13T23:00:00+00:00, run_after=2023-06-13T23:02:00+00:00
[2023-06-13T23:02:29.990+0000] {processor.py:179} INFO - Processing /home/airflow/.local/lib/python3.7/site-packages/airflow/example_dags/example_sla_dag.py took 0.246 seconds
[2023-06-13T23:03:00.294+0000] {processor.py:157} INFO - Started process (PID=4455) to work on /home/airflow/.local/lib/python3.7/site-packages/airflow/example_dags/example_sla_dag.py
[2023-06-13T23:03:00.297+0000] {processor.py:826} INFO - Processing file /home/airflow/.local/lib/python3.7/site-packages/airflow/example_dags/example_sla_dag.py for tasks to queue
[2023-06-13T23:03:00.312+0000] {logging_mixin.py:149} INFO - [2023-06-13T23:03:00.311+0000] {dagbag.py:541} INFO - Filling up the DagBag from /home/airflow/.local/lib/python3.7/site-packages/airflow/example_dags/example_sla_dag.py
[2023-06-13T23:03:00.328+0000] {processor.py:836} INFO - DAG(s) dict_keys(['example_sla_dag']) retrieved from /home/airflow/.local/lib/python3.7/site-packages/airflow/example_dags/example_sla_dag.py
[2023-06-13T23:03:00.380+0000] {logging_mixin.py:149} INFO - [2023-06-13T23:03:00.380+0000] {dag.py:2726} INFO - Sync 1 DAGs
[2023-06-13T23:03:00.437+0000] {logging_mixin.py:149} INFO - [2023-06-13T23:03:00.437+0000] {dag.py:3490} INFO - Setting next_dagrun for example_sla_dag to 2023-06-13T23:00:00+00:00, run_after=2023-06-13T23:02:00+00:00
[2023-06-13T23:03:00.474+0000] {processor.py:179} INFO - Processing /home/airflow/.local/lib/python3.7/site-packages/airflow/example_dags/example_sla_dag.py took 0.185 seconds
[2023-06-13T23:03:30.767+0000] {processor.py:157} INFO - Started process (PID=4695) to work on /home/airflow/.local/lib/python3.7/site-packages/airflow/example_dags/example_sla_dag.py
[2023-06-13T23:03:30.769+0000] {processor.py:826} INFO - Processing file /home/airflow/.local/lib/python3.7/site-packages/airflow/example_dags/example_sla_dag.py for tasks to queue
[2023-06-13T23:03:30.770+0000] {logging_mixin.py:149} INFO - [2023-06-13T23:03:30.770+0000] {dagbag.py:541} INFO - Filling up the DagBag from /home/airflow/.local/lib/python3.7/site-packages/airflow/example_dags/example_sla_dag.py
[2023-06-13T23:03:30.783+0000] {processor.py:836} INFO - DAG(s) dict_keys(['example_sla_dag']) retrieved from /home/airflow/.local/lib/python3.7/site-packages/airflow/example_dags/example_sla_dag.py
[2023-06-13T23:03:30.823+0000] {logging_mixin.py:149} INFO - [2023-06-13T23:03:30.823+0000] {dag.py:2726} INFO - Sync 1 DAGs
[2023-06-13T23:03:30.874+0000] {logging_mixin.py:149} INFO - [2023-06-13T23:03:30.873+0000] {dag.py:3490} INFO - Setting next_dagrun for example_sla_dag to 2023-06-13T23:00:00+00:00, run_after=2023-06-13T23:02:00+00:00
[2023-06-13T23:03:30.908+0000] {processor.py:179} INFO - Processing /home/airflow/.local/lib/python3.7/site-packages/airflow/example_dags/example_sla_dag.py took 0.146 seconds
[2023-06-13T23:04:01.353+0000] {processor.py:157} INFO - Started process (PID=4937) to work on /home/airflow/.local/lib/python3.7/site-packages/airflow/example_dags/example_sla_dag.py
[2023-06-13T23:04:01.355+0000] {processor.py:826} INFO - Processing file /home/airflow/.local/lib/python3.7/site-packages/airflow/example_dags/example_sla_dag.py for tasks to queue
[2023-06-13T23:04:01.356+0000] {logging_mixin.py:149} INFO - [2023-06-13T23:04:01.356+0000] {dagbag.py:541} INFO - Filling up the DagBag from /home/airflow/.local/lib/python3.7/site-packages/airflow/example_dags/example_sla_dag.py
[2023-06-13T23:04:01.369+0000] {processor.py:836} INFO - DAG(s) dict_keys(['example_sla_dag']) retrieved from /home/airflow/.local/lib/python3.7/site-packages/airflow/example_dags/example_sla_dag.py
[2023-06-13T23:04:01.414+0000] {logging_mixin.py:149} INFO - [2023-06-13T23:04:01.414+0000] {dag.py:2726} INFO - Sync 1 DAGs
[2023-06-13T23:04:01.471+0000] {logging_mixin.py:149} INFO - [2023-06-13T23:04:01.471+0000] {dag.py:3490} INFO - Setting next_dagrun for example_sla_dag to 2023-06-13T23:02:00+00:00, run_after=2023-06-13T23:04:00+00:00
[2023-06-13T23:04:01.521+0000] {processor.py:179} INFO - Processing /home/airflow/.local/lib/python3.7/site-packages/airflow/example_dags/example_sla_dag.py took 0.173 seconds
[2023-06-13T23:04:32.339+0000] {processor.py:157} INFO - Started process (PID=5175) to work on /home/airflow/.local/lib/python3.7/site-packages/airflow/example_dags/example_sla_dag.py
[2023-06-13T23:04:32.342+0000] {processor.py:826} INFO - Processing file /home/airflow/.local/lib/python3.7/site-packages/airflow/example_dags/example_sla_dag.py for tasks to queue
[2023-06-13T23:04:32.343+0000] {logging_mixin.py:149} INFO - [2023-06-13T23:04:32.343+0000] {dagbag.py:541} INFO - Filling up the DagBag from /home/airflow/.local/lib/python3.7/site-packages/airflow/example_dags/example_sla_dag.py
[2023-06-13T23:04:32.356+0000] {processor.py:836} INFO - DAG(s) dict_keys(['example_sla_dag']) retrieved from /home/airflow/.local/lib/python3.7/site-packages/airflow/example_dags/example_sla_dag.py
[2023-06-13T23:04:32.396+0000] {logging_mixin.py:149} INFO - [2023-06-13T23:04:32.396+0000] {dag.py:2726} INFO - Sync 1 DAGs
[2023-06-13T23:04:32.454+0000] {logging_mixin.py:149} INFO - [2023-06-13T23:04:32.453+0000] {dag.py:3490} INFO - Setting next_dagrun for example_sla_dag to 2023-06-13T23:02:00+00:00, run_after=2023-06-13T23:04:00+00:00
[2023-06-13T23:04:32.508+0000] {processor.py:179} INFO - Processing /home/airflow/.local/lib/python3.7/site-packages/airflow/example_dags/example_sla_dag.py took 0.175 seconds
[2023-06-13T23:05:02.767+0000] {processor.py:157} INFO - Started process (PID=5415) to work on /home/airflow/.local/lib/python3.7/site-packages/airflow/example_dags/example_sla_dag.py
[2023-06-13T23:05:02.769+0000] {processor.py:826} INFO - Processing file /home/airflow/.local/lib/python3.7/site-packages/airflow/example_dags/example_sla_dag.py for tasks to queue
[2023-06-13T23:05:02.770+0000] {logging_mixin.py:149} INFO - [2023-06-13T23:05:02.770+0000] {dagbag.py:541} INFO - Filling up the DagBag from /home/airflow/.local/lib/python3.7/site-packages/airflow/example_dags/example_sla_dag.py
[2023-06-13T23:05:02.787+0000] {processor.py:836} INFO - DAG(s) dict_keys(['example_sla_dag']) retrieved from /home/airflow/.local/lib/python3.7/site-packages/airflow/example_dags/example_sla_dag.py
[2023-06-13T23:05:02.857+0000] {logging_mixin.py:149} INFO - [2023-06-13T23:05:02.857+0000] {dag.py:2726} INFO - Sync 1 DAGs
[2023-06-13T23:05:02.916+0000] {logging_mixin.py:149} INFO - [2023-06-13T23:05:02.916+0000] {dag.py:3490} INFO - Setting next_dagrun for example_sla_dag to 2023-06-13T23:02:00+00:00, run_after=2023-06-13T23:04:00+00:00
[2023-06-13T23:05:02.969+0000] {processor.py:179} INFO - Processing /home/airflow/.local/lib/python3.7/site-packages/airflow/example_dags/example_sla_dag.py took 0.208 seconds
[2023-06-13T23:05:33.617+0000] {processor.py:157} INFO - Started process (PID=5655) to work on /home/airflow/.local/lib/python3.7/site-packages/airflow/example_dags/example_sla_dag.py
[2023-06-13T23:05:33.620+0000] {processor.py:826} INFO - Processing file /home/airflow/.local/lib/python3.7/site-packages/airflow/example_dags/example_sla_dag.py for tasks to queue
[2023-06-13T23:05:33.622+0000] {logging_mixin.py:149} INFO - [2023-06-13T23:05:33.622+0000] {dagbag.py:541} INFO - Filling up the DagBag from /home/airflow/.local/lib/python3.7/site-packages/airflow/example_dags/example_sla_dag.py
[2023-06-13T23:05:33.637+0000] {processor.py:836} INFO - DAG(s) dict_keys(['example_sla_dag']) retrieved from /home/airflow/.local/lib/python3.7/site-packages/airflow/example_dags/example_sla_dag.py
[2023-06-13T23:05:33.691+0000] {logging_mixin.py:149} INFO - [2023-06-13T23:05:33.690+0000] {dag.py:2726} INFO - Sync 1 DAGs
[2023-06-13T23:05:33.756+0000] {logging_mixin.py:149} INFO - [2023-06-13T23:05:33.756+0000] {dag.py:3490} INFO - Setting next_dagrun for example_sla_dag to 2023-06-13T23:02:00+00:00, run_after=2023-06-13T23:04:00+00:00
[2023-06-13T23:05:33.800+0000] {processor.py:179} INFO - Processing /home/airflow/.local/lib/python3.7/site-packages/airflow/example_dags/example_sla_dag.py took 0.189 seconds
[2023-06-13T23:06:03.900+0000] {processor.py:157} INFO - Started process (PID=5892) to work on /home/airflow/.local/lib/python3.7/site-packages/airflow/example_dags/example_sla_dag.py
[2023-06-13T23:06:03.902+0000] {processor.py:826} INFO - Processing file /home/airflow/.local/lib/python3.7/site-packages/airflow/example_dags/example_sla_dag.py for tasks to queue
[2023-06-13T23:06:03.904+0000] {logging_mixin.py:149} INFO - [2023-06-13T23:06:03.904+0000] {dagbag.py:541} INFO - Filling up the DagBag from /home/airflow/.local/lib/python3.7/site-packages/airflow/example_dags/example_sla_dag.py
[2023-06-13T23:06:03.919+0000] {processor.py:836} INFO - DAG(s) dict_keys(['example_sla_dag']) retrieved from /home/airflow/.local/lib/python3.7/site-packages/airflow/example_dags/example_sla_dag.py
[2023-06-13T23:06:03.977+0000] {logging_mixin.py:149} INFO - [2023-06-13T23:06:03.977+0000] {dag.py:2726} INFO - Sync 1 DAGs
[2023-06-13T23:06:04.033+0000] {logging_mixin.py:149} INFO - [2023-06-13T23:06:04.033+0000] {dag.py:3490} INFO - Setting next_dagrun for example_sla_dag to 2023-06-13T23:04:00+00:00, run_after=2023-06-13T23:06:00+00:00
[2023-06-13T23:06:04.081+0000] {processor.py:179} INFO - Processing /home/airflow/.local/lib/python3.7/site-packages/airflow/example_dags/example_sla_dag.py took 0.187 seconds
[2023-06-13T23:06:34.354+0000] {processor.py:157} INFO - Started process (PID=6130) to work on /home/airflow/.local/lib/python3.7/site-packages/airflow/example_dags/example_sla_dag.py
[2023-06-13T23:06:34.359+0000] {processor.py:826} INFO - Processing file /home/airflow/.local/lib/python3.7/site-packages/airflow/example_dags/example_sla_dag.py for tasks to queue
[2023-06-13T23:06:34.361+0000] {logging_mixin.py:149} INFO - [2023-06-13T23:06:34.360+0000] {dagbag.py:541} INFO - Filling up the DagBag from /home/airflow/.local/lib/python3.7/site-packages/airflow/example_dags/example_sla_dag.py
[2023-06-13T23:06:34.374+0000] {processor.py:836} INFO - DAG(s) dict_keys(['example_sla_dag']) retrieved from /home/airflow/.local/lib/python3.7/site-packages/airflow/example_dags/example_sla_dag.py
[2023-06-13T23:06:34.430+0000] {logging_mixin.py:149} INFO - [2023-06-13T23:06:34.430+0000] {dag.py:2726} INFO - Sync 1 DAGs
[2023-06-13T23:06:34.494+0000] {logging_mixin.py:149} INFO - [2023-06-13T23:06:34.493+0000] {dag.py:3490} INFO - Setting next_dagrun for example_sla_dag to 2023-06-13T23:04:00+00:00, run_after=2023-06-13T23:06:00+00:00
[2023-06-13T23:06:34.547+0000] {processor.py:179} INFO - Processing /home/airflow/.local/lib/python3.7/site-packages/airflow/example_dags/example_sla_dag.py took 0.198 seconds
[2023-06-13T23:07:05.151+0000] {processor.py:157} INFO - Started process (PID=6369) to work on /home/airflow/.local/lib/python3.7/site-packages/airflow/example_dags/example_sla_dag.py
[2023-06-13T23:07:05.157+0000] {processor.py:826} INFO - Processing file /home/airflow/.local/lib/python3.7/site-packages/airflow/example_dags/example_sla_dag.py for tasks to queue
[2023-06-13T23:07:05.159+0000] {logging_mixin.py:149} INFO - [2023-06-13T23:07:05.158+0000] {dagbag.py:541} INFO - Filling up the DagBag from /home/airflow/.local/lib/python3.7/site-packages/airflow/example_dags/example_sla_dag.py
[2023-06-13T23:07:05.174+0000] {processor.py:836} INFO - DAG(s) dict_keys(['example_sla_dag']) retrieved from /home/airflow/.local/lib/python3.7/site-packages/airflow/example_dags/example_sla_dag.py
[2023-06-13T23:07:05.231+0000] {logging_mixin.py:149} INFO - [2023-06-13T23:07:05.230+0000] {dag.py:2726} INFO - Sync 1 DAGs
[2023-06-13T23:07:05.304+0000] {logging_mixin.py:149} INFO - [2023-06-13T23:07:05.303+0000] {dag.py:3490} INFO - Setting next_dagrun for example_sla_dag to 2023-06-13T23:04:00+00:00, run_after=2023-06-13T23:06:00+00:00
[2023-06-13T23:07:05.349+0000] {processor.py:179} INFO - Processing /home/airflow/.local/lib/python3.7/site-packages/airflow/example_dags/example_sla_dag.py took 0.204 seconds
[2023-06-13T23:07:35.635+0000] {processor.py:157} INFO - Started process (PID=6612) to work on /home/airflow/.local/lib/python3.7/site-packages/airflow/example_dags/example_sla_dag.py
[2023-06-13T23:07:35.636+0000] {processor.py:826} INFO - Processing file /home/airflow/.local/lib/python3.7/site-packages/airflow/example_dags/example_sla_dag.py for tasks to queue
[2023-06-13T23:07:35.637+0000] {logging_mixin.py:149} INFO - [2023-06-13T23:07:35.637+0000] {dagbag.py:541} INFO - Filling up the DagBag from /home/airflow/.local/lib/python3.7/site-packages/airflow/example_dags/example_sla_dag.py
[2023-06-13T23:07:35.651+0000] {processor.py:836} INFO - DAG(s) dict_keys(['example_sla_dag']) retrieved from /home/airflow/.local/lib/python3.7/site-packages/airflow/example_dags/example_sla_dag.py
[2023-06-13T23:07:35.695+0000] {logging_mixin.py:149} INFO - [2023-06-13T23:07:35.694+0000] {dag.py:2726} INFO - Sync 1 DAGs
[2023-06-13T23:07:35.736+0000] {logging_mixin.py:149} INFO - [2023-06-13T23:07:35.736+0000] {dag.py:3490} INFO - Setting next_dagrun for example_sla_dag to 2023-06-13T23:04:00+00:00, run_after=2023-06-13T23:06:00+00:00
[2023-06-13T23:07:35.775+0000] {processor.py:179} INFO - Processing /home/airflow/.local/lib/python3.7/site-packages/airflow/example_dags/example_sla_dag.py took 0.144 seconds
[2023-06-13T23:08:06.120+0000] {processor.py:157} INFO - Started process (PID=6851) to work on /home/airflow/.local/lib/python3.7/site-packages/airflow/example_dags/example_sla_dag.py
[2023-06-13T23:08:06.123+0000] {processor.py:826} INFO - Processing file /home/airflow/.local/lib/python3.7/site-packages/airflow/example_dags/example_sla_dag.py for tasks to queue
[2023-06-13T23:08:06.125+0000] {logging_mixin.py:149} INFO - [2023-06-13T23:08:06.124+0000] {dagbag.py:541} INFO - Filling up the DagBag from /home/airflow/.local/lib/python3.7/site-packages/airflow/example_dags/example_sla_dag.py
[2023-06-13T23:08:06.136+0000] {processor.py:836} INFO - DAG(s) dict_keys(['example_sla_dag']) retrieved from /home/airflow/.local/lib/python3.7/site-packages/airflow/example_dags/example_sla_dag.py
[2023-06-13T23:08:06.190+0000] {logging_mixin.py:149} INFO - [2023-06-13T23:08:06.190+0000] {dag.py:2726} INFO - Sync 1 DAGs
[2023-06-13T23:08:06.240+0000] {logging_mixin.py:149} INFO - [2023-06-13T23:08:06.240+0000] {dag.py:3490} INFO - Setting next_dagrun for example_sla_dag to 2023-06-13T23:06:00+00:00, run_after=2023-06-13T23:08:00+00:00
[2023-06-13T23:08:06.287+0000] {processor.py:179} INFO - Processing /home/airflow/.local/lib/python3.7/site-packages/airflow/example_dags/example_sla_dag.py took 0.172 seconds
[2023-06-13T23:08:36.480+0000] {processor.py:157} INFO - Started process (PID=7088) to work on /home/airflow/.local/lib/python3.7/site-packages/airflow/example_dags/example_sla_dag.py
[2023-06-13T23:08:36.482+0000] {processor.py:826} INFO - Processing file /home/airflow/.local/lib/python3.7/site-packages/airflow/example_dags/example_sla_dag.py for tasks to queue
[2023-06-13T23:08:36.483+0000] {logging_mixin.py:149} INFO - [2023-06-13T23:08:36.483+0000] {dagbag.py:541} INFO - Filling up the DagBag from /home/airflow/.local/lib/python3.7/site-packages/airflow/example_dags/example_sla_dag.py
[2023-06-13T23:08:36.498+0000] {processor.py:836} INFO - DAG(s) dict_keys(['example_sla_dag']) retrieved from /home/airflow/.local/lib/python3.7/site-packages/airflow/example_dags/example_sla_dag.py
[2023-06-13T23:08:36.561+0000] {logging_mixin.py:149} INFO - [2023-06-13T23:08:36.561+0000] {dag.py:2726} INFO - Sync 1 DAGs
[2023-06-13T23:08:36.614+0000] {logging_mixin.py:149} INFO - [2023-06-13T23:08:36.613+0000] {dag.py:3490} INFO - Setting next_dagrun for example_sla_dag to 2023-06-13T23:06:00+00:00, run_after=2023-06-13T23:08:00+00:00
[2023-06-13T23:08:36.660+0000] {processor.py:179} INFO - Processing /home/airflow/.local/lib/python3.7/site-packages/airflow/example_dags/example_sla_dag.py took 0.186 seconds
[2023-06-13T23:09:07.278+0000] {processor.py:157} INFO - Started process (PID=7328) to work on /home/airflow/.local/lib/python3.7/site-packages/airflow/example_dags/example_sla_dag.py
[2023-06-13T23:09:07.280+0000] {processor.py:826} INFO - Processing file /home/airflow/.local/lib/python3.7/site-packages/airflow/example_dags/example_sla_dag.py for tasks to queue
[2023-06-13T23:09:07.282+0000] {logging_mixin.py:149} INFO - [2023-06-13T23:09:07.282+0000] {dagbag.py:541} INFO - Filling up the DagBag from /home/airflow/.local/lib/python3.7/site-packages/airflow/example_dags/example_sla_dag.py
[2023-06-13T23:09:07.299+0000] {processor.py:836} INFO - DAG(s) dict_keys(['example_sla_dag']) retrieved from /home/airflow/.local/lib/python3.7/site-packages/airflow/example_dags/example_sla_dag.py
[2023-06-13T23:09:07.352+0000] {logging_mixin.py:149} INFO - [2023-06-13T23:09:07.351+0000] {dag.py:2726} INFO - Sync 1 DAGs
[2023-06-13T23:09:07.419+0000] {logging_mixin.py:149} INFO - [2023-06-13T23:09:07.419+0000] {dag.py:3490} INFO - Setting next_dagrun for example_sla_dag to 2023-06-13T23:06:00+00:00, run_after=2023-06-13T23:08:00+00:00
[2023-06-13T23:09:07.476+0000] {processor.py:179} INFO - Processing /home/airflow/.local/lib/python3.7/site-packages/airflow/example_dags/example_sla_dag.py took 0.204 seconds
[2023-06-13T23:09:38.002+0000] {processor.py:157} INFO - Started process (PID=7570) to work on /home/airflow/.local/lib/python3.7/site-packages/airflow/example_dags/example_sla_dag.py
[2023-06-13T23:09:38.003+0000] {processor.py:826} INFO - Processing file /home/airflow/.local/lib/python3.7/site-packages/airflow/example_dags/example_sla_dag.py for tasks to queue
[2023-06-13T23:09:38.004+0000] {logging_mixin.py:149} INFO - [2023-06-13T23:09:38.004+0000] {dagbag.py:541} INFO - Filling up the DagBag from /home/airflow/.local/lib/python3.7/site-packages/airflow/example_dags/example_sla_dag.py
[2023-06-13T23:09:38.015+0000] {processor.py:836} INFO - DAG(s) dict_keys(['example_sla_dag']) retrieved from /home/airflow/.local/lib/python3.7/site-packages/airflow/example_dags/example_sla_dag.py
[2023-06-13T23:09:38.067+0000] {logging_mixin.py:149} INFO - [2023-06-13T23:09:38.067+0000] {dag.py:2726} INFO - Sync 1 DAGs
[2023-06-13T23:09:38.120+0000] {logging_mixin.py:149} INFO - [2023-06-13T23:09:38.120+0000] {dag.py:3490} INFO - Setting next_dagrun for example_sla_dag to 2023-06-13T23:06:00+00:00, run_after=2023-06-13T23:08:00+00:00
[2023-06-13T23:09:38.169+0000] {processor.py:179} INFO - Processing /home/airflow/.local/lib/python3.7/site-packages/airflow/example_dags/example_sla_dag.py took 0.170 seconds
[2023-06-13T23:10:08.490+0000] {processor.py:157} INFO - Started process (PID=7808) to work on /home/airflow/.local/lib/python3.7/site-packages/airflow/example_dags/example_sla_dag.py
[2023-06-13T23:10:08.495+0000] {processor.py:826} INFO - Processing file /home/airflow/.local/lib/python3.7/site-packages/airflow/example_dags/example_sla_dag.py for tasks to queue
[2023-06-13T23:10:08.497+0000] {logging_mixin.py:149} INFO - [2023-06-13T23:10:08.497+0000] {dagbag.py:541} INFO - Filling up the DagBag from /home/airflow/.local/lib/python3.7/site-packages/airflow/example_dags/example_sla_dag.py
[2023-06-13T23:10:08.511+0000] {processor.py:836} INFO - DAG(s) dict_keys(['example_sla_dag']) retrieved from /home/airflow/.local/lib/python3.7/site-packages/airflow/example_dags/example_sla_dag.py
[2023-06-13T23:10:08.565+0000] {logging_mixin.py:149} INFO - [2023-06-13T23:10:08.565+0000] {dag.py:2726} INFO - Sync 1 DAGs
[2023-06-13T23:10:08.624+0000] {logging_mixin.py:149} INFO - [2023-06-13T23:10:08.623+0000] {dag.py:3490} INFO - Setting next_dagrun for example_sla_dag to 2023-06-13T23:08:00+00:00, run_after=2023-06-13T23:10:00+00:00
[2023-06-13T23:10:08.686+0000] {processor.py:179} INFO - Processing /home/airflow/.local/lib/python3.7/site-packages/airflow/example_dags/example_sla_dag.py took 0.202 seconds
[2023-06-13T23:10:39.219+0000] {processor.py:157} INFO - Started process (PID=8048) to work on /home/airflow/.local/lib/python3.7/site-packages/airflow/example_dags/example_sla_dag.py
[2023-06-13T23:10:39.222+0000] {processor.py:826} INFO - Processing file /home/airflow/.local/lib/python3.7/site-packages/airflow/example_dags/example_sla_dag.py for tasks to queue
[2023-06-13T23:10:39.223+0000] {logging_mixin.py:149} INFO - [2023-06-13T23:10:39.223+0000] {dagbag.py:541} INFO - Filling up the DagBag from /home/airflow/.local/lib/python3.7/site-packages/airflow/example_dags/example_sla_dag.py
[2023-06-13T23:10:39.238+0000] {processor.py:836} INFO - DAG(s) dict_keys(['example_sla_dag']) retrieved from /home/airflow/.local/lib/python3.7/site-packages/airflow/example_dags/example_sla_dag.py
[2023-06-13T23:10:39.319+0000] {logging_mixin.py:149} INFO - [2023-06-13T23:10:39.318+0000] {dag.py:2726} INFO - Sync 1 DAGs
[2023-06-13T23:10:39.375+0000] {logging_mixin.py:149} INFO - [2023-06-13T23:10:39.375+0000] {dag.py:3490} INFO - Setting next_dagrun for example_sla_dag to 2023-06-13T23:08:00+00:00, run_after=2023-06-13T23:10:00+00:00
[2023-06-13T23:10:39.422+0000] {processor.py:179} INFO - Processing /home/airflow/.local/lib/python3.7/site-packages/airflow/example_dags/example_sla_dag.py took 0.211 seconds
[2023-06-13T23:11:09.830+0000] {processor.py:157} INFO - Started process (PID=8288) to work on /home/airflow/.local/lib/python3.7/site-packages/airflow/example_dags/example_sla_dag.py
[2023-06-13T23:11:09.833+0000] {processor.py:826} INFO - Processing file /home/airflow/.local/lib/python3.7/site-packages/airflow/example_dags/example_sla_dag.py for tasks to queue
[2023-06-13T23:11:09.834+0000] {logging_mixin.py:149} INFO - [2023-06-13T23:11:09.834+0000] {dagbag.py:541} INFO - Filling up the DagBag from /home/airflow/.local/lib/python3.7/site-packages/airflow/example_dags/example_sla_dag.py
[2023-06-13T23:11:09.848+0000] {processor.py:836} INFO - DAG(s) dict_keys(['example_sla_dag']) retrieved from /home/airflow/.local/lib/python3.7/site-packages/airflow/example_dags/example_sla_dag.py
[2023-06-13T23:11:09.899+0000] {logging_mixin.py:149} INFO - [2023-06-13T23:11:09.898+0000] {dag.py:2726} INFO - Sync 1 DAGs
[2023-06-13T23:11:09.952+0000] {logging_mixin.py:149} INFO - [2023-06-13T23:11:09.952+0000] {dag.py:3490} INFO - Setting next_dagrun for example_sla_dag to 2023-06-13T23:08:00+00:00, run_after=2023-06-13T23:10:00+00:00
[2023-06-13T23:11:10.005+0000] {processor.py:179} INFO - Processing /home/airflow/.local/lib/python3.7/site-packages/airflow/example_dags/example_sla_dag.py took 0.182 seconds
[2023-06-13T23:11:40.937+0000] {processor.py:157} INFO - Started process (PID=8528) to work on /home/airflow/.local/lib/python3.7/site-packages/airflow/example_dags/example_sla_dag.py
[2023-06-13T23:11:40.938+0000] {processor.py:826} INFO - Processing file /home/airflow/.local/lib/python3.7/site-packages/airflow/example_dags/example_sla_dag.py for tasks to queue
[2023-06-13T23:11:40.939+0000] {logging_mixin.py:149} INFO - [2023-06-13T23:11:40.939+0000] {dagbag.py:541} INFO - Filling up the DagBag from /home/airflow/.local/lib/python3.7/site-packages/airflow/example_dags/example_sla_dag.py
[2023-06-13T23:11:40.952+0000] {processor.py:836} INFO - DAG(s) dict_keys(['example_sla_dag']) retrieved from /home/airflow/.local/lib/python3.7/site-packages/airflow/example_dags/example_sla_dag.py
[2023-06-13T23:11:40.998+0000] {logging_mixin.py:149} INFO - [2023-06-13T23:11:40.998+0000] {dag.py:2726} INFO - Sync 1 DAGs
[2023-06-13T23:11:41.046+0000] {logging_mixin.py:149} INFO - [2023-06-13T23:11:41.045+0000] {dag.py:3490} INFO - Setting next_dagrun for example_sla_dag to 2023-06-13T23:08:00+00:00, run_after=2023-06-13T23:10:00+00:00
[2023-06-13T23:11:41.091+0000] {processor.py:179} INFO - Processing /home/airflow/.local/lib/python3.7/site-packages/airflow/example_dags/example_sla_dag.py took 0.157 seconds
[2023-06-13T23:12:11.955+0000] {processor.py:157} INFO - Started process (PID=8768) to work on /home/airflow/.local/lib/python3.7/site-packages/airflow/example_dags/example_sla_dag.py
[2023-06-13T23:12:11.958+0000] {processor.py:826} INFO - Processing file /home/airflow/.local/lib/python3.7/site-packages/airflow/example_dags/example_sla_dag.py for tasks to queue
[2023-06-13T23:12:11.959+0000] {logging_mixin.py:149} INFO - [2023-06-13T23:12:11.959+0000] {dagbag.py:541} INFO - Filling up the DagBag from /home/airflow/.local/lib/python3.7/site-packages/airflow/example_dags/example_sla_dag.py
[2023-06-13T23:12:11.970+0000] {processor.py:836} INFO - DAG(s) dict_keys(['example_sla_dag']) retrieved from /home/airflow/.local/lib/python3.7/site-packages/airflow/example_dags/example_sla_dag.py
[2023-06-13T23:12:12.030+0000] {logging_mixin.py:149} INFO - [2023-06-13T23:12:12.030+0000] {dag.py:2726} INFO - Sync 1 DAGs
[2023-06-13T23:12:12.086+0000] {logging_mixin.py:149} INFO - [2023-06-13T23:12:12.086+0000] {dag.py:3490} INFO - Setting next_dagrun for example_sla_dag to 2023-06-13T23:10:00+00:00, run_after=2023-06-13T23:12:00+00:00
[2023-06-13T23:12:12.141+0000] {processor.py:179} INFO - Processing /home/airflow/.local/lib/python3.7/site-packages/airflow/example_dags/example_sla_dag.py took 0.190 seconds
[2023-06-13T23:12:42.558+0000] {processor.py:157} INFO - Started process (PID=9008) to work on /home/airflow/.local/lib/python3.7/site-packages/airflow/example_dags/example_sla_dag.py
[2023-06-13T23:12:42.559+0000] {processor.py:826} INFO - Processing file /home/airflow/.local/lib/python3.7/site-packages/airflow/example_dags/example_sla_dag.py for tasks to queue
[2023-06-13T23:12:42.561+0000] {logging_mixin.py:149} INFO - [2023-06-13T23:12:42.561+0000] {dagbag.py:541} INFO - Filling up the DagBag from /home/airflow/.local/lib/python3.7/site-packages/airflow/example_dags/example_sla_dag.py
[2023-06-13T23:12:42.582+0000] {processor.py:836} INFO - DAG(s) dict_keys(['example_sla_dag']) retrieved from /home/airflow/.local/lib/python3.7/site-packages/airflow/example_dags/example_sla_dag.py
[2023-06-13T23:12:42.634+0000] {logging_mixin.py:149} INFO - [2023-06-13T23:12:42.633+0000] {dag.py:2726} INFO - Sync 1 DAGs
[2023-06-13T23:12:42.700+0000] {logging_mixin.py:149} INFO - [2023-06-13T23:12:42.700+0000] {dag.py:3490} INFO - Setting next_dagrun for example_sla_dag to 2023-06-13T23:10:00+00:00, run_after=2023-06-13T23:12:00+00:00
[2023-06-13T23:12:42.754+0000] {processor.py:179} INFO - Processing /home/airflow/.local/lib/python3.7/site-packages/airflow/example_dags/example_sla_dag.py took 0.203 seconds
[2023-06-13T23:13:13.775+0000] {processor.py:157} INFO - Started process (PID=9249) to work on /home/airflow/.local/lib/python3.7/site-packages/airflow/example_dags/example_sla_dag.py
[2023-06-13T23:13:13.777+0000] {processor.py:826} INFO - Processing file /home/airflow/.local/lib/python3.7/site-packages/airflow/example_dags/example_sla_dag.py for tasks to queue
[2023-06-13T23:13:13.779+0000] {logging_mixin.py:149} INFO - [2023-06-13T23:13:13.778+0000] {dagbag.py:541} INFO - Filling up the DagBag from /home/airflow/.local/lib/python3.7/site-packages/airflow/example_dags/example_sla_dag.py
[2023-06-13T23:13:13.791+0000] {processor.py:836} INFO - DAG(s) dict_keys(['example_sla_dag']) retrieved from /home/airflow/.local/lib/python3.7/site-packages/airflow/example_dags/example_sla_dag.py
[2023-06-13T23:13:13.837+0000] {logging_mixin.py:149} INFO - [2023-06-13T23:13:13.836+0000] {dag.py:2726} INFO - Sync 1 DAGs
[2023-06-13T23:13:13.888+0000] {logging_mixin.py:149} INFO - [2023-06-13T23:13:13.887+0000] {dag.py:3490} INFO - Setting next_dagrun for example_sla_dag to 2023-06-13T23:10:00+00:00, run_after=2023-06-13T23:12:00+00:00
[2023-06-13T23:13:13.940+0000] {processor.py:179} INFO - Processing /home/airflow/.local/lib/python3.7/site-packages/airflow/example_dags/example_sla_dag.py took 0.171 seconds
[2023-06-13T23:13:44.300+0000] {processor.py:157} INFO - Started process (PID=9487) to work on /home/airflow/.local/lib/python3.7/site-packages/airflow/example_dags/example_sla_dag.py
[2023-06-13T23:13:44.302+0000] {processor.py:826} INFO - Processing file /home/airflow/.local/lib/python3.7/site-packages/airflow/example_dags/example_sla_dag.py for tasks to queue
[2023-06-13T23:13:44.303+0000] {logging_mixin.py:149} INFO - [2023-06-13T23:13:44.303+0000] {dagbag.py:541} INFO - Filling up the DagBag from /home/airflow/.local/lib/python3.7/site-packages/airflow/example_dags/example_sla_dag.py
[2023-06-13T23:13:44.318+0000] {processor.py:836} INFO - DAG(s) dict_keys(['example_sla_dag']) retrieved from /home/airflow/.local/lib/python3.7/site-packages/airflow/example_dags/example_sla_dag.py
[2023-06-13T23:13:44.382+0000] {logging_mixin.py:149} INFO - [2023-06-13T23:13:44.381+0000] {dag.py:2726} INFO - Sync 1 DAGs
[2023-06-13T23:13:44.444+0000] {logging_mixin.py:149} INFO - [2023-06-13T23:13:44.444+0000] {dag.py:3490} INFO - Setting next_dagrun for example_sla_dag to 2023-06-13T23:10:00+00:00, run_after=2023-06-13T23:12:00+00:00
[2023-06-13T23:13:44.484+0000] {processor.py:179} INFO - Processing /home/airflow/.local/lib/python3.7/site-packages/airflow/example_dags/example_sla_dag.py took 0.190 seconds
[2023-06-13T23:14:15.027+0000] {processor.py:157} INFO - Started process (PID=9729) to work on /home/airflow/.local/lib/python3.7/site-packages/airflow/example_dags/example_sla_dag.py
[2023-06-13T23:14:15.030+0000] {processor.py:826} INFO - Processing file /home/airflow/.local/lib/python3.7/site-packages/airflow/example_dags/example_sla_dag.py for tasks to queue
[2023-06-13T23:14:15.031+0000] {logging_mixin.py:149} INFO - [2023-06-13T23:14:15.031+0000] {dagbag.py:541} INFO - Filling up the DagBag from /home/airflow/.local/lib/python3.7/site-packages/airflow/example_dags/example_sla_dag.py
[2023-06-13T23:14:15.044+0000] {processor.py:836} INFO - DAG(s) dict_keys(['example_sla_dag']) retrieved from /home/airflow/.local/lib/python3.7/site-packages/airflow/example_dags/example_sla_dag.py
[2023-06-13T23:14:15.094+0000] {logging_mixin.py:149} INFO - [2023-06-13T23:14:15.093+0000] {dag.py:2726} INFO - Sync 1 DAGs
[2023-06-13T23:14:15.146+0000] {logging_mixin.py:149} INFO - [2023-06-13T23:14:15.146+0000] {dag.py:3490} INFO - Setting next_dagrun for example_sla_dag to 2023-06-13T23:12:00+00:00, run_after=2023-06-13T23:14:00+00:00
[2023-06-13T23:14:15.198+0000] {processor.py:179} INFO - Processing /home/airflow/.local/lib/python3.7/site-packages/airflow/example_dags/example_sla_dag.py took 0.176 seconds
[2023-06-13T23:14:45.593+0000] {processor.py:157} INFO - Started process (PID=9968) to work on /home/airflow/.local/lib/python3.7/site-packages/airflow/example_dags/example_sla_dag.py
[2023-06-13T23:14:45.595+0000] {processor.py:826} INFO - Processing file /home/airflow/.local/lib/python3.7/site-packages/airflow/example_dags/example_sla_dag.py for tasks to queue
[2023-06-13T23:14:45.597+0000] {logging_mixin.py:149} INFO - [2023-06-13T23:14:45.596+0000] {dagbag.py:541} INFO - Filling up the DagBag from /home/airflow/.local/lib/python3.7/site-packages/airflow/example_dags/example_sla_dag.py
[2023-06-13T23:14:45.609+0000] {processor.py:836} INFO - DAG(s) dict_keys(['example_sla_dag']) retrieved from /home/airflow/.local/lib/python3.7/site-packages/airflow/example_dags/example_sla_dag.py
[2023-06-13T23:14:45.659+0000] {logging_mixin.py:149} INFO - [2023-06-13T23:14:45.659+0000] {dag.py:2726} INFO - Sync 1 DAGs
[2023-06-13T23:14:45.719+0000] {logging_mixin.py:149} INFO - [2023-06-13T23:14:45.719+0000] {dag.py:3490} INFO - Setting next_dagrun for example_sla_dag to 2023-06-13T23:12:00+00:00, run_after=2023-06-13T23:14:00+00:00
[2023-06-13T23:14:45.758+0000] {processor.py:179} INFO - Processing /home/airflow/.local/lib/python3.7/site-packages/airflow/example_dags/example_sla_dag.py took 0.169 seconds
[2023-06-13T23:15:16.388+0000] {processor.py:157} INFO - Started process (PID=10205) to work on /home/airflow/.local/lib/python3.7/site-packages/airflow/example_dags/example_sla_dag.py
[2023-06-13T23:15:16.390+0000] {processor.py:826} INFO - Processing file /home/airflow/.local/lib/python3.7/site-packages/airflow/example_dags/example_sla_dag.py for tasks to queue
[2023-06-13T23:15:16.391+0000] {logging_mixin.py:149} INFO - [2023-06-13T23:15:16.391+0000] {dagbag.py:541} INFO - Filling up the DagBag from /home/airflow/.local/lib/python3.7/site-packages/airflow/example_dags/example_sla_dag.py
[2023-06-13T23:15:16.407+0000] {processor.py:836} INFO - DAG(s) dict_keys(['example_sla_dag']) retrieved from /home/airflow/.local/lib/python3.7/site-packages/airflow/example_dags/example_sla_dag.py
[2023-06-13T23:15:16.457+0000] {logging_mixin.py:149} INFO - [2023-06-13T23:15:16.456+0000] {dag.py:2726} INFO - Sync 1 DAGs
[2023-06-13T23:15:16.516+0000] {logging_mixin.py:149} INFO - [2023-06-13T23:15:16.515+0000] {dag.py:3490} INFO - Setting next_dagrun for example_sla_dag to 2023-06-13T23:12:00+00:00, run_after=2023-06-13T23:14:00+00:00
[2023-06-13T23:15:16.563+0000] {processor.py:179} INFO - Processing /home/airflow/.local/lib/python3.7/site-packages/airflow/example_dags/example_sla_dag.py took 0.179 seconds
[2023-06-13T23:15:47.048+0000] {processor.py:157} INFO - Started process (PID=10445) to work on /home/airflow/.local/lib/python3.7/site-packages/airflow/example_dags/example_sla_dag.py
[2023-06-13T23:15:47.053+0000] {processor.py:826} INFO - Processing file /home/airflow/.local/lib/python3.7/site-packages/airflow/example_dags/example_sla_dag.py for tasks to queue
[2023-06-13T23:15:47.055+0000] {logging_mixin.py:149} INFO - [2023-06-13T23:15:47.055+0000] {dagbag.py:541} INFO - Filling up the DagBag from /home/airflow/.local/lib/python3.7/site-packages/airflow/example_dags/example_sla_dag.py
[2023-06-13T23:15:47.070+0000] {processor.py:836} INFO - DAG(s) dict_keys(['example_sla_dag']) retrieved from /home/airflow/.local/lib/python3.7/site-packages/airflow/example_dags/example_sla_dag.py
[2023-06-13T23:15:47.127+0000] {logging_mixin.py:149} INFO - [2023-06-13T23:15:47.127+0000] {dag.py:2726} INFO - Sync 1 DAGs
[2023-06-13T23:15:47.187+0000] {logging_mixin.py:149} INFO - [2023-06-13T23:15:47.186+0000] {dag.py:3490} INFO - Setting next_dagrun for example_sla_dag to 2023-06-13T23:12:00+00:00, run_after=2023-06-13T23:14:00+00:00
[2023-06-13T23:15:47.235+0000] {processor.py:179} INFO - Processing /home/airflow/.local/lib/python3.7/site-packages/airflow/example_dags/example_sla_dag.py took 0.193 seconds
[2023-06-13T23:16:17.686+0000] {processor.py:157} INFO - Started process (PID=10685) to work on /home/airflow/.local/lib/python3.7/site-packages/airflow/example_dags/example_sla_dag.py
[2023-06-13T23:16:17.690+0000] {processor.py:826} INFO - Processing file /home/airflow/.local/lib/python3.7/site-packages/airflow/example_dags/example_sla_dag.py for tasks to queue
[2023-06-13T23:16:17.692+0000] {logging_mixin.py:149} INFO - [2023-06-13T23:16:17.692+0000] {dagbag.py:541} INFO - Filling up the DagBag from /home/airflow/.local/lib/python3.7/site-packages/airflow/example_dags/example_sla_dag.py
[2023-06-13T23:16:17.712+0000] {processor.py:836} INFO - DAG(s) dict_keys(['example_sla_dag']) retrieved from /home/airflow/.local/lib/python3.7/site-packages/airflow/example_dags/example_sla_dag.py
[2023-06-13T23:16:17.787+0000] {logging_mixin.py:149} INFO - [2023-06-13T23:16:17.787+0000] {dag.py:2726} INFO - Sync 1 DAGs
[2023-06-13T23:16:17.872+0000] {logging_mixin.py:149} INFO - [2023-06-13T23:16:17.871+0000] {dag.py:3490} INFO - Setting next_dagrun for example_sla_dag to 2023-06-13T23:14:00+00:00, run_after=2023-06-13T23:16:00+00:00
[2023-06-13T23:16:17.965+0000] {processor.py:179} INFO - Processing /home/airflow/.local/lib/python3.7/site-packages/airflow/example_dags/example_sla_dag.py took 0.291 seconds
[2023-06-13T23:16:48.025+0000] {processor.py:157} INFO - Started process (PID=10922) to work on /home/airflow/.local/lib/python3.7/site-packages/airflow/example_dags/example_sla_dag.py
[2023-06-13T23:16:48.026+0000] {processor.py:826} INFO - Processing file /home/airflow/.local/lib/python3.7/site-packages/airflow/example_dags/example_sla_dag.py for tasks to queue
[2023-06-13T23:16:48.027+0000] {logging_mixin.py:149} INFO - [2023-06-13T23:16:48.027+0000] {dagbag.py:541} INFO - Filling up the DagBag from /home/airflow/.local/lib/python3.7/site-packages/airflow/example_dags/example_sla_dag.py
[2023-06-13T23:16:48.040+0000] {processor.py:836} INFO - DAG(s) dict_keys(['example_sla_dag']) retrieved from /home/airflow/.local/lib/python3.7/site-packages/airflow/example_dags/example_sla_dag.py
[2023-06-13T23:16:48.084+0000] {logging_mixin.py:149} INFO - [2023-06-13T23:16:48.083+0000] {dag.py:2726} INFO - Sync 1 DAGs
[2023-06-13T23:16:48.126+0000] {logging_mixin.py:149} INFO - [2023-06-13T23:16:48.126+0000] {dag.py:3490} INFO - Setting next_dagrun for example_sla_dag to 2023-06-13T23:14:00+00:00, run_after=2023-06-13T23:16:00+00:00
[2023-06-13T23:16:48.177+0000] {processor.py:179} INFO - Processing /home/airflow/.local/lib/python3.7/site-packages/airflow/example_dags/example_sla_dag.py took 0.158 seconds
[2023-06-13T23:17:19.414+0000] {processor.py:157} INFO - Started process (PID=11166) to work on /home/airflow/.local/lib/python3.7/site-packages/airflow/example_dags/example_sla_dag.py
[2023-06-13T23:17:19.416+0000] {processor.py:826} INFO - Processing file /home/airflow/.local/lib/python3.7/site-packages/airflow/example_dags/example_sla_dag.py for tasks to queue
[2023-06-13T23:17:19.418+0000] {logging_mixin.py:149} INFO - [2023-06-13T23:17:19.418+0000] {dagbag.py:541} INFO - Filling up the DagBag from /home/airflow/.local/lib/python3.7/site-packages/airflow/example_dags/example_sla_dag.py
[2023-06-13T23:17:19.433+0000] {processor.py:836} INFO - DAG(s) dict_keys(['example_sla_dag']) retrieved from /home/airflow/.local/lib/python3.7/site-packages/airflow/example_dags/example_sla_dag.py
[2023-06-13T23:17:19.487+0000] {logging_mixin.py:149} INFO - [2023-06-13T23:17:19.487+0000] {dag.py:2726} INFO - Sync 1 DAGs
[2023-06-13T23:17:19.553+0000] {logging_mixin.py:149} INFO - [2023-06-13T23:17:19.552+0000] {dag.py:3490} INFO - Setting next_dagrun for example_sla_dag to 2023-06-13T23:14:00+00:00, run_after=2023-06-13T23:16:00+00:00
[2023-06-13T23:17:19.605+0000] {processor.py:179} INFO - Processing /home/airflow/.local/lib/python3.7/site-packages/airflow/example_dags/example_sla_dag.py took 0.195 seconds
[2023-06-13T23:17:50.667+0000] {processor.py:157} INFO - Started process (PID=11406) to work on /home/airflow/.local/lib/python3.7/site-packages/airflow/example_dags/example_sla_dag.py
[2023-06-13T23:17:50.669+0000] {processor.py:826} INFO - Processing file /home/airflow/.local/lib/python3.7/site-packages/airflow/example_dags/example_sla_dag.py for tasks to queue
[2023-06-13T23:17:50.671+0000] {logging_mixin.py:149} INFO - [2023-06-13T23:17:50.670+0000] {dagbag.py:541} INFO - Filling up the DagBag from /home/airflow/.local/lib/python3.7/site-packages/airflow/example_dags/example_sla_dag.py
[2023-06-13T23:17:50.689+0000] {processor.py:836} INFO - DAG(s) dict_keys(['example_sla_dag']) retrieved from /home/airflow/.local/lib/python3.7/site-packages/airflow/example_dags/example_sla_dag.py
[2023-06-13T23:17:50.757+0000] {logging_mixin.py:149} INFO - [2023-06-13T23:17:50.757+0000] {dag.py:2726} INFO - Sync 1 DAGs
[2023-06-13T23:17:50.824+0000] {logging_mixin.py:149} INFO - [2023-06-13T23:17:50.823+0000] {dag.py:3490} INFO - Setting next_dagrun for example_sla_dag to 2023-06-13T23:14:00+00:00, run_after=2023-06-13T23:16:00+00:00
[2023-06-13T23:17:50.899+0000] {processor.py:179} INFO - Processing /home/airflow/.local/lib/python3.7/site-packages/airflow/example_dags/example_sla_dag.py took 0.239 seconds
[2023-06-13T23:18:21.366+0000] {processor.py:157} INFO - Started process (PID=11646) to work on /home/airflow/.local/lib/python3.7/site-packages/airflow/example_dags/example_sla_dag.py
[2023-06-13T23:18:21.368+0000] {processor.py:826} INFO - Processing file /home/airflow/.local/lib/python3.7/site-packages/airflow/example_dags/example_sla_dag.py for tasks to queue
[2023-06-13T23:18:21.369+0000] {logging_mixin.py:149} INFO - [2023-06-13T23:18:21.369+0000] {dagbag.py:541} INFO - Filling up the DagBag from /home/airflow/.local/lib/python3.7/site-packages/airflow/example_dags/example_sla_dag.py
[2023-06-13T23:18:21.385+0000] {processor.py:836} INFO - DAG(s) dict_keys(['example_sla_dag']) retrieved from /home/airflow/.local/lib/python3.7/site-packages/airflow/example_dags/example_sla_dag.py
[2023-06-13T23:18:21.445+0000] {logging_mixin.py:149} INFO - [2023-06-13T23:18:21.444+0000] {dag.py:2726} INFO - Sync 1 DAGs
[2023-06-13T23:18:21.507+0000] {logging_mixin.py:149} INFO - [2023-06-13T23:18:21.507+0000] {dag.py:3490} INFO - Setting next_dagrun for example_sla_dag to 2023-06-13T23:16:00+00:00, run_after=2023-06-13T23:18:00+00:00
[2023-06-13T23:18:21.554+0000] {processor.py:179} INFO - Processing /home/airflow/.local/lib/python3.7/site-packages/airflow/example_dags/example_sla_dag.py took 0.193 seconds
[2023-06-13T23:18:52.596+0000] {processor.py:157} INFO - Started process (PID=11886) to work on /home/airflow/.local/lib/python3.7/site-packages/airflow/example_dags/example_sla_dag.py
[2023-06-13T23:18:52.598+0000] {processor.py:826} INFO - Processing file /home/airflow/.local/lib/python3.7/site-packages/airflow/example_dags/example_sla_dag.py for tasks to queue
[2023-06-13T23:18:52.601+0000] {logging_mixin.py:149} INFO - [2023-06-13T23:18:52.600+0000] {dagbag.py:541} INFO - Filling up the DagBag from /home/airflow/.local/lib/python3.7/site-packages/airflow/example_dags/example_sla_dag.py
[2023-06-13T23:18:52.621+0000] {processor.py:836} INFO - DAG(s) dict_keys(['example_sla_dag']) retrieved from /home/airflow/.local/lib/python3.7/site-packages/airflow/example_dags/example_sla_dag.py
[2023-06-13T23:18:52.688+0000] {logging_mixin.py:149} INFO - [2023-06-13T23:18:52.687+0000] {dag.py:2726} INFO - Sync 1 DAGs
[2023-06-13T23:18:52.755+0000] {logging_mixin.py:149} INFO - [2023-06-13T23:18:52.754+0000] {dag.py:3490} INFO - Setting next_dagrun for example_sla_dag to 2023-06-13T23:16:00+00:00, run_after=2023-06-13T23:18:00+00:00
[2023-06-13T23:18:52.821+0000] {processor.py:179} INFO - Processing /home/airflow/.local/lib/python3.7/site-packages/airflow/example_dags/example_sla_dag.py took 0.234 seconds
[2023-06-13T23:19:23.476+0000] {processor.py:157} INFO - Started process (PID=12126) to work on /home/airflow/.local/lib/python3.7/site-packages/airflow/example_dags/example_sla_dag.py
[2023-06-13T23:19:23.478+0000] {processor.py:826} INFO - Processing file /home/airflow/.local/lib/python3.7/site-packages/airflow/example_dags/example_sla_dag.py for tasks to queue
[2023-06-13T23:19:23.480+0000] {logging_mixin.py:149} INFO - [2023-06-13T23:19:23.480+0000] {dagbag.py:541} INFO - Filling up the DagBag from /home/airflow/.local/lib/python3.7/site-packages/airflow/example_dags/example_sla_dag.py
[2023-06-13T23:19:23.499+0000] {processor.py:836} INFO - DAG(s) dict_keys(['example_sla_dag']) retrieved from /home/airflow/.local/lib/python3.7/site-packages/airflow/example_dags/example_sla_dag.py
[2023-06-13T23:19:23.574+0000] {logging_mixin.py:149} INFO - [2023-06-13T23:19:23.574+0000] {dag.py:2726} INFO - Sync 1 DAGs
[2023-06-13T23:19:23.647+0000] {logging_mixin.py:149} INFO - [2023-06-13T23:19:23.647+0000] {dag.py:3490} INFO - Setting next_dagrun for example_sla_dag to 2023-06-13T23:16:00+00:00, run_after=2023-06-13T23:18:00+00:00
[2023-06-13T23:19:23.704+0000] {processor.py:179} INFO - Processing /home/airflow/.local/lib/python3.7/site-packages/airflow/example_dags/example_sla_dag.py took 0.237 seconds
[2023-06-13T23:19:54.340+0000] {processor.py:157} INFO - Started process (PID=12368) to work on /home/airflow/.local/lib/python3.7/site-packages/airflow/example_dags/example_sla_dag.py
[2023-06-13T23:19:54.342+0000] {processor.py:826} INFO - Processing file /home/airflow/.local/lib/python3.7/site-packages/airflow/example_dags/example_sla_dag.py for tasks to queue
[2023-06-13T23:19:54.345+0000] {logging_mixin.py:149} INFO - [2023-06-13T23:19:54.344+0000] {dagbag.py:541} INFO - Filling up the DagBag from /home/airflow/.local/lib/python3.7/site-packages/airflow/example_dags/example_sla_dag.py
[2023-06-13T23:19:54.361+0000] {processor.py:836} INFO - DAG(s) dict_keys(['example_sla_dag']) retrieved from /home/airflow/.local/lib/python3.7/site-packages/airflow/example_dags/example_sla_dag.py
[2023-06-13T23:19:54.466+0000] {logging_mixin.py:149} INFO - [2023-06-13T23:19:54.466+0000] {dag.py:2726} INFO - Sync 1 DAGs
[2023-06-13T23:19:54.558+0000] {logging_mixin.py:149} INFO - [2023-06-13T23:19:54.558+0000] {dag.py:3490} INFO - Setting next_dagrun for example_sla_dag to 2023-06-13T23:16:00+00:00, run_after=2023-06-13T23:18:00+00:00
[2023-06-13T23:19:54.635+0000] {processor.py:179} INFO - Processing /home/airflow/.local/lib/python3.7/site-packages/airflow/example_dags/example_sla_dag.py took 0.300 seconds
[2023-06-13T23:20:25.724+0000] {processor.py:157} INFO - Started process (PID=12607) to work on /home/airflow/.local/lib/python3.7/site-packages/airflow/example_dags/example_sla_dag.py
[2023-06-13T23:20:25.728+0000] {processor.py:826} INFO - Processing file /home/airflow/.local/lib/python3.7/site-packages/airflow/example_dags/example_sla_dag.py for tasks to queue
[2023-06-13T23:20:25.734+0000] {logging_mixin.py:149} INFO - [2023-06-13T23:20:25.733+0000] {dagbag.py:541} INFO - Filling up the DagBag from /home/airflow/.local/lib/python3.7/site-packages/airflow/example_dags/example_sla_dag.py
[2023-06-13T23:20:25.757+0000] {processor.py:836} INFO - DAG(s) dict_keys(['example_sla_dag']) retrieved from /home/airflow/.local/lib/python3.7/site-packages/airflow/example_dags/example_sla_dag.py
[2023-06-13T23:20:25.833+0000] {logging_mixin.py:149} INFO - [2023-06-13T23:20:25.833+0000] {dag.py:2726} INFO - Sync 1 DAGs
[2023-06-13T23:20:25.932+0000] {logging_mixin.py:149} INFO - [2023-06-13T23:20:25.932+0000] {dag.py:3490} INFO - Setting next_dagrun for example_sla_dag to 2023-06-13T23:18:00+00:00, run_after=2023-06-13T23:20:00+00:00
[2023-06-13T23:20:26.012+0000] {processor.py:179} INFO - Processing /home/airflow/.local/lib/python3.7/site-packages/airflow/example_dags/example_sla_dag.py took 0.296 seconds
[2023-06-13T23:20:56.244+0000] {processor.py:157} INFO - Started process (PID=12846) to work on /home/airflow/.local/lib/python3.7/site-packages/airflow/example_dags/example_sla_dag.py
[2023-06-13T23:20:56.247+0000] {processor.py:826} INFO - Processing file /home/airflow/.local/lib/python3.7/site-packages/airflow/example_dags/example_sla_dag.py for tasks to queue
[2023-06-13T23:20:56.248+0000] {logging_mixin.py:149} INFO - [2023-06-13T23:20:56.248+0000] {dagbag.py:541} INFO - Filling up the DagBag from /home/airflow/.local/lib/python3.7/site-packages/airflow/example_dags/example_sla_dag.py
[2023-06-13T23:20:56.263+0000] {processor.py:836} INFO - DAG(s) dict_keys(['example_sla_dag']) retrieved from /home/airflow/.local/lib/python3.7/site-packages/airflow/example_dags/example_sla_dag.py
[2023-06-13T23:20:56.314+0000] {logging_mixin.py:149} INFO - [2023-06-13T23:20:56.314+0000] {dag.py:2726} INFO - Sync 1 DAGs
[2023-06-13T23:20:56.375+0000] {logging_mixin.py:149} INFO - [2023-06-13T23:20:56.375+0000] {dag.py:3490} INFO - Setting next_dagrun for example_sla_dag to 2023-06-13T23:18:00+00:00, run_after=2023-06-13T23:20:00+00:00
[2023-06-13T23:20:56.430+0000] {processor.py:179} INFO - Processing /home/airflow/.local/lib/python3.7/site-packages/airflow/example_dags/example_sla_dag.py took 0.191 seconds
[2023-06-13T23:21:27.038+0000] {processor.py:157} INFO - Started process (PID=13085) to work on /home/airflow/.local/lib/python3.7/site-packages/airflow/example_dags/example_sla_dag.py
[2023-06-13T23:21:27.045+0000] {processor.py:826} INFO - Processing file /home/airflow/.local/lib/python3.7/site-packages/airflow/example_dags/example_sla_dag.py for tasks to queue
[2023-06-13T23:21:27.046+0000] {logging_mixin.py:149} INFO - [2023-06-13T23:21:27.046+0000] {dagbag.py:541} INFO - Filling up the DagBag from /home/airflow/.local/lib/python3.7/site-packages/airflow/example_dags/example_sla_dag.py
[2023-06-13T23:21:27.068+0000] {processor.py:836} INFO - DAG(s) dict_keys(['example_sla_dag']) retrieved from /home/airflow/.local/lib/python3.7/site-packages/airflow/example_dags/example_sla_dag.py
[2023-06-13T23:21:27.142+0000] {logging_mixin.py:149} INFO - [2023-06-13T23:21:27.141+0000] {dag.py:2726} INFO - Sync 1 DAGs
[2023-06-13T23:21:27.229+0000] {logging_mixin.py:149} INFO - [2023-06-13T23:21:27.228+0000] {dag.py:3490} INFO - Setting next_dagrun for example_sla_dag to 2023-06-13T23:18:00+00:00, run_after=2023-06-13T23:20:00+00:00
[2023-06-13T23:21:27.295+0000] {processor.py:179} INFO - Processing /home/airflow/.local/lib/python3.7/site-packages/airflow/example_dags/example_sla_dag.py took 0.266 seconds
[2023-06-13T23:21:59.367+0000] {processor.py:157} INFO - Started process (PID=13324) to work on /home/airflow/.local/lib/python3.7/site-packages/airflow/example_dags/example_sla_dag.py
[2023-06-13T23:21:59.370+0000] {processor.py:826} INFO - Processing file /home/airflow/.local/lib/python3.7/site-packages/airflow/example_dags/example_sla_dag.py for tasks to queue
[2023-06-13T23:21:59.371+0000] {logging_mixin.py:149} INFO - [2023-06-13T23:21:59.371+0000] {dagbag.py:541} INFO - Filling up the DagBag from /home/airflow/.local/lib/python3.7/site-packages/airflow/example_dags/example_sla_dag.py
[2023-06-13T23:21:59.389+0000] {processor.py:836} INFO - DAG(s) dict_keys(['example_sla_dag']) retrieved from /home/airflow/.local/lib/python3.7/site-packages/airflow/example_dags/example_sla_dag.py
[2023-06-13T23:21:59.445+0000] {logging_mixin.py:149} INFO - [2023-06-13T23:21:59.445+0000] {dag.py:2726} INFO - Sync 1 DAGs
[2023-06-13T23:21:59.521+0000] {logging_mixin.py:149} INFO - [2023-06-13T23:21:59.521+0000] {dag.py:3490} INFO - Setting next_dagrun for example_sla_dag to 2023-06-13T23:18:00+00:00, run_after=2023-06-13T23:20:00+00:00
[2023-06-13T23:21:59.601+0000] {processor.py:179} INFO - Processing /home/airflow/.local/lib/python3.7/site-packages/airflow/example_dags/example_sla_dag.py took 0.242 seconds
[2023-06-13T23:22:30.454+0000] {processor.py:157} INFO - Started process (PID=13551) to work on /home/airflow/.local/lib/python3.7/site-packages/airflow/example_dags/example_sla_dag.py
[2023-06-13T23:22:30.456+0000] {processor.py:826} INFO - Processing file /home/airflow/.local/lib/python3.7/site-packages/airflow/example_dags/example_sla_dag.py for tasks to queue
[2023-06-13T23:22:30.457+0000] {logging_mixin.py:149} INFO - [2023-06-13T23:22:30.457+0000] {dagbag.py:541} INFO - Filling up the DagBag from /home/airflow/.local/lib/python3.7/site-packages/airflow/example_dags/example_sla_dag.py
[2023-06-13T23:22:30.471+0000] {processor.py:836} INFO - DAG(s) dict_keys(['example_sla_dag']) retrieved from /home/airflow/.local/lib/python3.7/site-packages/airflow/example_dags/example_sla_dag.py
[2023-06-13T23:22:30.517+0000] {logging_mixin.py:149} INFO - [2023-06-13T23:22:30.517+0000] {dag.py:2726} INFO - Sync 1 DAGs
[2023-06-13T23:22:30.559+0000] {logging_mixin.py:149} INFO - [2023-06-13T23:22:30.558+0000] {dag.py:3490} INFO - Setting next_dagrun for example_sla_dag to 2023-06-13T23:20:00+00:00, run_after=2023-06-13T23:22:00+00:00
[2023-06-13T23:22:30.621+0000] {processor.py:179} INFO - Processing /home/airflow/.local/lib/python3.7/site-packages/airflow/example_dags/example_sla_dag.py took 0.171 seconds
[2023-06-13T23:23:00.894+0000] {processor.py:157} INFO - Started process (PID=13791) to work on /home/airflow/.local/lib/python3.7/site-packages/airflow/example_dags/example_sla_dag.py
[2023-06-13T23:23:00.894+0000] {processor.py:826} INFO - Processing file /home/airflow/.local/lib/python3.7/site-packages/airflow/example_dags/example_sla_dag.py for tasks to queue
[2023-06-13T23:23:00.895+0000] {logging_mixin.py:149} INFO - [2023-06-13T23:23:00.895+0000] {dagbag.py:541} INFO - Filling up the DagBag from /home/airflow/.local/lib/python3.7/site-packages/airflow/example_dags/example_sla_dag.py
[2023-06-13T23:23:00.907+0000] {processor.py:836} INFO - DAG(s) dict_keys(['example_sla_dag']) retrieved from /home/airflow/.local/lib/python3.7/site-packages/airflow/example_dags/example_sla_dag.py
[2023-06-13T23:23:00.965+0000] {logging_mixin.py:149} INFO - [2023-06-13T23:23:00.965+0000] {dag.py:2726} INFO - Sync 1 DAGs
[2023-06-13T23:23:01.011+0000] {logging_mixin.py:149} INFO - [2023-06-13T23:23:01.011+0000] {dag.py:3490} INFO - Setting next_dagrun for example_sla_dag to 2023-06-13T23:20:00+00:00, run_after=2023-06-13T23:22:00+00:00
[2023-06-13T23:23:01.052+0000] {processor.py:179} INFO - Processing /home/airflow/.local/lib/python3.7/site-packages/airflow/example_dags/example_sla_dag.py took 0.162 seconds
[2023-06-13T23:23:31.616+0000] {processor.py:157} INFO - Started process (PID=14031) to work on /home/airflow/.local/lib/python3.7/site-packages/airflow/example_dags/example_sla_dag.py
[2023-06-13T23:23:31.618+0000] {processor.py:826} INFO - Processing file /home/airflow/.local/lib/python3.7/site-packages/airflow/example_dags/example_sla_dag.py for tasks to queue
[2023-06-13T23:23:31.619+0000] {logging_mixin.py:149} INFO - [2023-06-13T23:23:31.619+0000] {dagbag.py:541} INFO - Filling up the DagBag from /home/airflow/.local/lib/python3.7/site-packages/airflow/example_dags/example_sla_dag.py
[2023-06-13T23:23:31.638+0000] {processor.py:836} INFO - DAG(s) dict_keys(['example_sla_dag']) retrieved from /home/airflow/.local/lib/python3.7/site-packages/airflow/example_dags/example_sla_dag.py
[2023-06-13T23:23:31.698+0000] {logging_mixin.py:149} INFO - [2023-06-13T23:23:31.697+0000] {dag.py:2726} INFO - Sync 1 DAGs
[2023-06-13T23:23:31.748+0000] {logging_mixin.py:149} INFO - [2023-06-13T23:23:31.748+0000] {dag.py:3490} INFO - Setting next_dagrun for example_sla_dag to 2023-06-13T23:20:00+00:00, run_after=2023-06-13T23:22:00+00:00
[2023-06-13T23:23:31.800+0000] {processor.py:179} INFO - Processing /home/airflow/.local/lib/python3.7/site-packages/airflow/example_dags/example_sla_dag.py took 0.190 seconds
[2023-06-13T23:24:02.002+0000] {processor.py:157} INFO - Started process (PID=14278) to work on /home/airflow/.local/lib/python3.7/site-packages/airflow/example_dags/example_sla_dag.py
[2023-06-13T23:24:02.006+0000] {processor.py:826} INFO - Processing file /home/airflow/.local/lib/python3.7/site-packages/airflow/example_dags/example_sla_dag.py for tasks to queue
[2023-06-13T23:24:02.012+0000] {logging_mixin.py:149} INFO - [2023-06-13T23:24:02.011+0000] {dagbag.py:541} INFO - Filling up the DagBag from /home/airflow/.local/lib/python3.7/site-packages/airflow/example_dags/example_sla_dag.py
[2023-06-13T23:24:02.029+0000] {processor.py:836} INFO - DAG(s) dict_keys(['example_sla_dag']) retrieved from /home/airflow/.local/lib/python3.7/site-packages/airflow/example_dags/example_sla_dag.py
[2023-06-13T23:24:02.101+0000] {logging_mixin.py:149} INFO - [2023-06-13T23:24:02.101+0000] {dag.py:2726} INFO - Sync 1 DAGs
[2023-06-13T23:24:02.164+0000] {logging_mixin.py:149} INFO - [2023-06-13T23:24:02.163+0000] {dag.py:3490} INFO - Setting next_dagrun for example_sla_dag to 2023-06-13T23:22:00+00:00, run_after=2023-06-13T23:24:00+00:00
[2023-06-13T23:24:02.226+0000] {processor.py:179} INFO - Processing /home/airflow/.local/lib/python3.7/site-packages/airflow/example_dags/example_sla_dag.py took 0.231 seconds
[2023-06-13T23:24:32.300+0000] {processor.py:157} INFO - Started process (PID=14515) to work on /home/airflow/.local/lib/python3.7/site-packages/airflow/example_dags/example_sla_dag.py
[2023-06-13T23:24:32.302+0000] {processor.py:826} INFO - Processing file /home/airflow/.local/lib/python3.7/site-packages/airflow/example_dags/example_sla_dag.py for tasks to queue
[2023-06-13T23:24:32.304+0000] {logging_mixin.py:149} INFO - [2023-06-13T23:24:32.303+0000] {dagbag.py:541} INFO - Filling up the DagBag from /home/airflow/.local/lib/python3.7/site-packages/airflow/example_dags/example_sla_dag.py
[2023-06-13T23:24:32.321+0000] {processor.py:836} INFO - DAG(s) dict_keys(['example_sla_dag']) retrieved from /home/airflow/.local/lib/python3.7/site-packages/airflow/example_dags/example_sla_dag.py
[2023-06-13T23:24:32.379+0000] {logging_mixin.py:149} INFO - [2023-06-13T23:24:32.379+0000] {dag.py:2726} INFO - Sync 1 DAGs
[2023-06-13T23:24:32.442+0000] {logging_mixin.py:149} INFO - [2023-06-13T23:24:32.442+0000] {dag.py:3490} INFO - Setting next_dagrun for example_sla_dag to 2023-06-13T23:22:00+00:00, run_after=2023-06-13T23:24:00+00:00
[2023-06-13T23:24:32.502+0000] {processor.py:179} INFO - Processing /home/airflow/.local/lib/python3.7/site-packages/airflow/example_dags/example_sla_dag.py took 0.208 seconds
[2023-06-13T23:25:02.722+0000] {processor.py:157} INFO - Started process (PID=14755) to work on /home/airflow/.local/lib/python3.7/site-packages/airflow/example_dags/example_sla_dag.py
[2023-06-13T23:25:02.725+0000] {processor.py:826} INFO - Processing file /home/airflow/.local/lib/python3.7/site-packages/airflow/example_dags/example_sla_dag.py for tasks to queue
[2023-06-13T23:25:02.726+0000] {logging_mixin.py:149} INFO - [2023-06-13T23:25:02.726+0000] {dagbag.py:541} INFO - Filling up the DagBag from /home/airflow/.local/lib/python3.7/site-packages/airflow/example_dags/example_sla_dag.py
[2023-06-13T23:25:02.744+0000] {processor.py:836} INFO - DAG(s) dict_keys(['example_sla_dag']) retrieved from /home/airflow/.local/lib/python3.7/site-packages/airflow/example_dags/example_sla_dag.py
[2023-06-13T23:25:02.794+0000] {logging_mixin.py:149} INFO - [2023-06-13T23:25:02.794+0000] {dag.py:2726} INFO - Sync 1 DAGs
[2023-06-13T23:25:02.847+0000] {logging_mixin.py:149} INFO - [2023-06-13T23:25:02.846+0000] {dag.py:3490} INFO - Setting next_dagrun for example_sla_dag to 2023-06-13T23:22:00+00:00, run_after=2023-06-13T23:24:00+00:00
[2023-06-13T23:25:02.899+0000] {processor.py:179} INFO - Processing /home/airflow/.local/lib/python3.7/site-packages/airflow/example_dags/example_sla_dag.py took 0.184 seconds
[2023-06-13T23:25:33.260+0000] {processor.py:157} INFO - Started process (PID=14994) to work on /home/airflow/.local/lib/python3.7/site-packages/airflow/example_dags/example_sla_dag.py
[2023-06-13T23:25:33.261+0000] {processor.py:826} INFO - Processing file /home/airflow/.local/lib/python3.7/site-packages/airflow/example_dags/example_sla_dag.py for tasks to queue
[2023-06-13T23:25:33.262+0000] {logging_mixin.py:149} INFO - [2023-06-13T23:25:33.262+0000] {dagbag.py:541} INFO - Filling up the DagBag from /home/airflow/.local/lib/python3.7/site-packages/airflow/example_dags/example_sla_dag.py
[2023-06-13T23:25:33.282+0000] {processor.py:836} INFO - DAG(s) dict_keys(['example_sla_dag']) retrieved from /home/airflow/.local/lib/python3.7/site-packages/airflow/example_dags/example_sla_dag.py
[2023-06-13T23:25:33.343+0000] {logging_mixin.py:149} INFO - [2023-06-13T23:25:33.343+0000] {dag.py:2726} INFO - Sync 1 DAGs
[2023-06-13T23:25:33.406+0000] {logging_mixin.py:149} INFO - [2023-06-13T23:25:33.405+0000] {dag.py:3490} INFO - Setting next_dagrun for example_sla_dag to 2023-06-13T23:22:00+00:00, run_after=2023-06-13T23:24:00+00:00
[2023-06-13T23:25:33.463+0000] {processor.py:179} INFO - Processing /home/airflow/.local/lib/python3.7/site-packages/airflow/example_dags/example_sla_dag.py took 0.209 seconds
