[2023-06-13T22:54:10.523+0000] {processor.py:157} INFO - Started process (PID=263) to work on /home/airflow/.local/lib/python3.7/site-packages/airflow/example_dags/example_branch_python_dop_operator_3.py
[2023-06-13T22:54:10.524+0000] {processor.py:826} INFO - Processing file /home/airflow/.local/lib/python3.7/site-packages/airflow/example_dags/example_branch_python_dop_operator_3.py for tasks to queue
[2023-06-13T22:54:10.526+0000] {logging_mixin.py:149} INFO - [2023-06-13T22:54:10.526+0000] {dagbag.py:541} INFO - Filling up the DagBag from /home/airflow/.local/lib/python3.7/site-packages/airflow/example_dags/example_branch_python_dop_operator_3.py
[2023-06-13T22:54:10.551+0000] {processor.py:836} INFO - DAG(s) dict_keys(['example_branch_dop_operator_v3']) retrieved from /home/airflow/.local/lib/python3.7/site-packages/airflow/example_dags/example_branch_python_dop_operator_3.py
[2023-06-13T22:54:10.646+0000] {logging_mixin.py:149} INFO - [2023-06-13T22:54:10.646+0000] {dag.py:2726} INFO - Sync 1 DAGs
[2023-06-13T22:54:10.718+0000] {logging_mixin.py:149} INFO - [2023-06-13T22:54:10.717+0000] {dag.py:3490} INFO - Setting next_dagrun for example_branch_dop_operator_v3 to 2023-06-13T22:53:00+00:00, run_after=2023-06-13T22:54:00+00:00
[2023-06-13T22:54:10.791+0000] {processor.py:179} INFO - Processing /home/airflow/.local/lib/python3.7/site-packages/airflow/example_dags/example_branch_python_dop_operator_3.py took 0.275 seconds
[2023-06-13T22:54:42.461+0000] {processor.py:157} INFO - Started process (PID=503) to work on /home/airflow/.local/lib/python3.7/site-packages/airflow/example_dags/example_branch_python_dop_operator_3.py
[2023-06-13T22:54:42.463+0000] {processor.py:826} INFO - Processing file /home/airflow/.local/lib/python3.7/site-packages/airflow/example_dags/example_branch_python_dop_operator_3.py for tasks to queue
[2023-06-13T22:54:42.465+0000] {logging_mixin.py:149} INFO - [2023-06-13T22:54:42.465+0000] {dagbag.py:541} INFO - Filling up the DagBag from /home/airflow/.local/lib/python3.7/site-packages/airflow/example_dags/example_branch_python_dop_operator_3.py
[2023-06-13T22:54:42.479+0000] {processor.py:836} INFO - DAG(s) dict_keys(['example_branch_dop_operator_v3']) retrieved from /home/airflow/.local/lib/python3.7/site-packages/airflow/example_dags/example_branch_python_dop_operator_3.py
[2023-06-13T22:54:42.559+0000] {logging_mixin.py:149} INFO - [2023-06-13T22:54:42.558+0000] {dag.py:2726} INFO - Sync 1 DAGs
[2023-06-13T22:54:42.806+0000] {logging_mixin.py:149} INFO - [2023-06-13T22:54:42.806+0000] {dag.py:3490} INFO - Setting next_dagrun for example_branch_dop_operator_v3 to 2023-06-13T22:53:00+00:00, run_after=2023-06-13T22:54:00+00:00
[2023-06-13T22:54:42.854+0000] {processor.py:179} INFO - Processing /home/airflow/.local/lib/python3.7/site-packages/airflow/example_dags/example_branch_python_dop_operator_3.py took 0.400 seconds
[2023-06-13T22:55:13.487+0000] {processor.py:157} INFO - Started process (PID=738) to work on /home/airflow/.local/lib/python3.7/site-packages/airflow/example_dags/example_branch_python_dop_operator_3.py
[2023-06-13T22:55:13.503+0000] {processor.py:826} INFO - Processing file /home/airflow/.local/lib/python3.7/site-packages/airflow/example_dags/example_branch_python_dop_operator_3.py for tasks to queue
[2023-06-13T22:55:13.509+0000] {logging_mixin.py:149} INFO - [2023-06-13T22:55:13.508+0000] {dagbag.py:541} INFO - Filling up the DagBag from /home/airflow/.local/lib/python3.7/site-packages/airflow/example_dags/example_branch_python_dop_operator_3.py
[2023-06-13T22:55:13.536+0000] {processor.py:836} INFO - DAG(s) dict_keys(['example_branch_dop_operator_v3']) retrieved from /home/airflow/.local/lib/python3.7/site-packages/airflow/example_dags/example_branch_python_dop_operator_3.py
[2023-06-13T22:55:13.831+0000] {logging_mixin.py:149} INFO - [2023-06-13T22:55:13.830+0000] {dag.py:2726} INFO - Sync 1 DAGs
[2023-06-13T22:55:13.894+0000] {logging_mixin.py:149} INFO - [2023-06-13T22:55:13.893+0000] {dag.py:3490} INFO - Setting next_dagrun for example_branch_dop_operator_v3 to 2023-06-13T22:54:00+00:00, run_after=2023-06-13T22:55:00+00:00
[2023-06-13T22:55:13.958+0000] {processor.py:179} INFO - Processing /home/airflow/.local/lib/python3.7/site-packages/airflow/example_dags/example_branch_python_dop_operator_3.py took 0.479 seconds
[2023-06-13T22:55:44.332+0000] {processor.py:157} INFO - Started process (PID=991) to work on /home/airflow/.local/lib/python3.7/site-packages/airflow/example_dags/example_branch_python_dop_operator_3.py
[2023-06-13T22:55:44.336+0000] {processor.py:826} INFO - Processing file /home/airflow/.local/lib/python3.7/site-packages/airflow/example_dags/example_branch_python_dop_operator_3.py for tasks to queue
[2023-06-13T22:55:44.337+0000] {logging_mixin.py:149} INFO - [2023-06-13T22:55:44.336+0000] {dagbag.py:541} INFO - Filling up the DagBag from /home/airflow/.local/lib/python3.7/site-packages/airflow/example_dags/example_branch_python_dop_operator_3.py
[2023-06-13T22:55:44.351+0000] {processor.py:836} INFO - DAG(s) dict_keys(['example_branch_dop_operator_v3']) retrieved from /home/airflow/.local/lib/python3.7/site-packages/airflow/example_dags/example_branch_python_dop_operator_3.py
[2023-06-13T22:55:44.411+0000] {logging_mixin.py:149} INFO - [2023-06-13T22:55:44.410+0000] {dag.py:2726} INFO - Sync 1 DAGs
[2023-06-13T22:55:44.485+0000] {logging_mixin.py:149} INFO - [2023-06-13T22:55:44.485+0000] {dag.py:3490} INFO - Setting next_dagrun for example_branch_dop_operator_v3 to 2023-06-13T22:54:00+00:00, run_after=2023-06-13T22:55:00+00:00
[2023-06-13T22:55:44.551+0000] {processor.py:179} INFO - Processing /home/airflow/.local/lib/python3.7/site-packages/airflow/example_dags/example_branch_python_dop_operator_3.py took 0.225 seconds
[2023-06-13T22:56:14.659+0000] {processor.py:157} INFO - Started process (PID=1231) to work on /home/airflow/.local/lib/python3.7/site-packages/airflow/example_dags/example_branch_python_dop_operator_3.py
[2023-06-13T22:56:14.662+0000] {processor.py:826} INFO - Processing file /home/airflow/.local/lib/python3.7/site-packages/airflow/example_dags/example_branch_python_dop_operator_3.py for tasks to queue
[2023-06-13T22:56:14.663+0000] {logging_mixin.py:149} INFO - [2023-06-13T22:56:14.663+0000] {dagbag.py:541} INFO - Filling up the DagBag from /home/airflow/.local/lib/python3.7/site-packages/airflow/example_dags/example_branch_python_dop_operator_3.py
[2023-06-13T22:56:14.681+0000] {processor.py:836} INFO - DAG(s) dict_keys(['example_branch_dop_operator_v3']) retrieved from /home/airflow/.local/lib/python3.7/site-packages/airflow/example_dags/example_branch_python_dop_operator_3.py
[2023-06-13T22:56:14.747+0000] {logging_mixin.py:149} INFO - [2023-06-13T22:56:14.747+0000] {dag.py:2726} INFO - Sync 1 DAGs
[2023-06-13T22:56:14.805+0000] {logging_mixin.py:149} INFO - [2023-06-13T22:56:14.805+0000] {dag.py:3490} INFO - Setting next_dagrun for example_branch_dop_operator_v3 to 2023-06-13T22:55:00+00:00, run_after=2023-06-13T22:56:00+00:00
[2023-06-13T22:56:14.858+0000] {processor.py:179} INFO - Processing /home/airflow/.local/lib/python3.7/site-packages/airflow/example_dags/example_branch_python_dop_operator_3.py took 0.205 seconds
[2023-06-13T22:56:44.977+0000] {processor.py:157} INFO - Started process (PID=1471) to work on /home/airflow/.local/lib/python3.7/site-packages/airflow/example_dags/example_branch_python_dop_operator_3.py
[2023-06-13T22:56:44.978+0000] {processor.py:826} INFO - Processing file /home/airflow/.local/lib/python3.7/site-packages/airflow/example_dags/example_branch_python_dop_operator_3.py for tasks to queue
[2023-06-13T22:56:44.980+0000] {logging_mixin.py:149} INFO - [2023-06-13T22:56:44.979+0000] {dagbag.py:541} INFO - Filling up the DagBag from /home/airflow/.local/lib/python3.7/site-packages/airflow/example_dags/example_branch_python_dop_operator_3.py
[2023-06-13T22:56:44.991+0000] {processor.py:836} INFO - DAG(s) dict_keys(['example_branch_dop_operator_v3']) retrieved from /home/airflow/.local/lib/python3.7/site-packages/airflow/example_dags/example_branch_python_dop_operator_3.py
[2023-06-13T22:56:45.035+0000] {logging_mixin.py:149} INFO - [2023-06-13T22:56:45.035+0000] {dag.py:2726} INFO - Sync 1 DAGs
[2023-06-13T22:56:45.085+0000] {logging_mixin.py:149} INFO - [2023-06-13T22:56:45.085+0000] {dag.py:3490} INFO - Setting next_dagrun for example_branch_dop_operator_v3 to 2023-06-13T22:55:00+00:00, run_after=2023-06-13T22:56:00+00:00
[2023-06-13T22:56:45.131+0000] {processor.py:179} INFO - Processing /home/airflow/.local/lib/python3.7/site-packages/airflow/example_dags/example_branch_python_dop_operator_3.py took 0.157 seconds
[2023-06-13T22:57:15.456+0000] {processor.py:157} INFO - Started process (PID=1708) to work on /home/airflow/.local/lib/python3.7/site-packages/airflow/example_dags/example_branch_python_dop_operator_3.py
[2023-06-13T22:57:15.457+0000] {processor.py:826} INFO - Processing file /home/airflow/.local/lib/python3.7/site-packages/airflow/example_dags/example_branch_python_dop_operator_3.py for tasks to queue
[2023-06-13T22:57:15.458+0000] {logging_mixin.py:149} INFO - [2023-06-13T22:57:15.458+0000] {dagbag.py:541} INFO - Filling up the DagBag from /home/airflow/.local/lib/python3.7/site-packages/airflow/example_dags/example_branch_python_dop_operator_3.py
[2023-06-13T22:57:15.469+0000] {processor.py:836} INFO - DAG(s) dict_keys(['example_branch_dop_operator_v3']) retrieved from /home/airflow/.local/lib/python3.7/site-packages/airflow/example_dags/example_branch_python_dop_operator_3.py
[2023-06-13T22:57:15.509+0000] {logging_mixin.py:149} INFO - [2023-06-13T22:57:15.509+0000] {dag.py:2726} INFO - Sync 1 DAGs
[2023-06-13T22:57:15.550+0000] {logging_mixin.py:149} INFO - [2023-06-13T22:57:15.550+0000] {dag.py:3490} INFO - Setting next_dagrun for example_branch_dop_operator_v3 to 2023-06-13T22:56:00+00:00, run_after=2023-06-13T22:57:00+00:00
[2023-06-13T22:57:15.604+0000] {processor.py:179} INFO - Processing /home/airflow/.local/lib/python3.7/site-packages/airflow/example_dags/example_branch_python_dop_operator_3.py took 0.151 seconds
[2023-06-13T22:57:46.657+0000] {processor.py:157} INFO - Started process (PID=1948) to work on /home/airflow/.local/lib/python3.7/site-packages/airflow/example_dags/example_branch_python_dop_operator_3.py
[2023-06-13T22:57:46.659+0000] {processor.py:826} INFO - Processing file /home/airflow/.local/lib/python3.7/site-packages/airflow/example_dags/example_branch_python_dop_operator_3.py for tasks to queue
[2023-06-13T22:57:46.660+0000] {logging_mixin.py:149} INFO - [2023-06-13T22:57:46.660+0000] {dagbag.py:541} INFO - Filling up the DagBag from /home/airflow/.local/lib/python3.7/site-packages/airflow/example_dags/example_branch_python_dop_operator_3.py
[2023-06-13T22:57:46.673+0000] {processor.py:836} INFO - DAG(s) dict_keys(['example_branch_dop_operator_v3']) retrieved from /home/airflow/.local/lib/python3.7/site-packages/airflow/example_dags/example_branch_python_dop_operator_3.py
[2023-06-13T22:57:46.730+0000] {logging_mixin.py:149} INFO - [2023-06-13T22:57:46.730+0000] {dag.py:2726} INFO - Sync 1 DAGs
[2023-06-13T22:57:46.805+0000] {logging_mixin.py:149} INFO - [2023-06-13T22:57:46.804+0000] {dag.py:3490} INFO - Setting next_dagrun for example_branch_dop_operator_v3 to 2023-06-13T22:56:00+00:00, run_after=2023-06-13T22:57:00+00:00
[2023-06-13T22:57:46.864+0000] {processor.py:179} INFO - Processing /home/airflow/.local/lib/python3.7/site-packages/airflow/example_dags/example_branch_python_dop_operator_3.py took 0.213 seconds
[2023-06-13T22:58:17.494+0000] {processor.py:157} INFO - Started process (PID=2188) to work on /home/airflow/.local/lib/python3.7/site-packages/airflow/example_dags/example_branch_python_dop_operator_3.py
[2023-06-13T22:58:17.496+0000] {processor.py:826} INFO - Processing file /home/airflow/.local/lib/python3.7/site-packages/airflow/example_dags/example_branch_python_dop_operator_3.py for tasks to queue
[2023-06-13T22:58:17.498+0000] {logging_mixin.py:149} INFO - [2023-06-13T22:58:17.498+0000] {dagbag.py:541} INFO - Filling up the DagBag from /home/airflow/.local/lib/python3.7/site-packages/airflow/example_dags/example_branch_python_dop_operator_3.py
[2023-06-13T22:58:17.511+0000] {processor.py:836} INFO - DAG(s) dict_keys(['example_branch_dop_operator_v3']) retrieved from /home/airflow/.local/lib/python3.7/site-packages/airflow/example_dags/example_branch_python_dop_operator_3.py
[2023-06-13T22:58:17.572+0000] {logging_mixin.py:149} INFO - [2023-06-13T22:58:17.571+0000] {dag.py:2726} INFO - Sync 1 DAGs
[2023-06-13T22:58:17.634+0000] {logging_mixin.py:149} INFO - [2023-06-13T22:58:17.633+0000] {dag.py:3490} INFO - Setting next_dagrun for example_branch_dop_operator_v3 to 2023-06-13T22:57:00+00:00, run_after=2023-06-13T22:58:00+00:00
[2023-06-13T22:58:17.682+0000] {processor.py:179} INFO - Processing /home/airflow/.local/lib/python3.7/site-packages/airflow/example_dags/example_branch_python_dop_operator_3.py took 0.194 seconds
[2023-06-13T22:58:48.387+0000] {processor.py:157} INFO - Started process (PID=2428) to work on /home/airflow/.local/lib/python3.7/site-packages/airflow/example_dags/example_branch_python_dop_operator_3.py
[2023-06-13T22:58:48.390+0000] {processor.py:826} INFO - Processing file /home/airflow/.local/lib/python3.7/site-packages/airflow/example_dags/example_branch_python_dop_operator_3.py for tasks to queue
[2023-06-13T22:58:48.392+0000] {logging_mixin.py:149} INFO - [2023-06-13T22:58:48.392+0000] {dagbag.py:541} INFO - Filling up the DagBag from /home/airflow/.local/lib/python3.7/site-packages/airflow/example_dags/example_branch_python_dop_operator_3.py
[2023-06-13T22:58:48.406+0000] {processor.py:836} INFO - DAG(s) dict_keys(['example_branch_dop_operator_v3']) retrieved from /home/airflow/.local/lib/python3.7/site-packages/airflow/example_dags/example_branch_python_dop_operator_3.py
[2023-06-13T22:58:48.479+0000] {logging_mixin.py:149} INFO - [2023-06-13T22:58:48.479+0000] {dag.py:2726} INFO - Sync 1 DAGs
[2023-06-13T22:58:48.547+0000] {logging_mixin.py:149} INFO - [2023-06-13T22:58:48.547+0000] {dag.py:3490} INFO - Setting next_dagrun for example_branch_dop_operator_v3 to 2023-06-13T22:57:00+00:00, run_after=2023-06-13T22:58:00+00:00
[2023-06-13T22:58:48.629+0000] {processor.py:179} INFO - Processing /home/airflow/.local/lib/python3.7/site-packages/airflow/example_dags/example_branch_python_dop_operator_3.py took 0.247 seconds
[2023-06-13T22:59:18.797+0000] {processor.py:157} INFO - Started process (PID=2668) to work on /home/airflow/.local/lib/python3.7/site-packages/airflow/example_dags/example_branch_python_dop_operator_3.py
[2023-06-13T22:59:18.799+0000] {processor.py:826} INFO - Processing file /home/airflow/.local/lib/python3.7/site-packages/airflow/example_dags/example_branch_python_dop_operator_3.py for tasks to queue
[2023-06-13T22:59:18.801+0000] {logging_mixin.py:149} INFO - [2023-06-13T22:59:18.801+0000] {dagbag.py:541} INFO - Filling up the DagBag from /home/airflow/.local/lib/python3.7/site-packages/airflow/example_dags/example_branch_python_dop_operator_3.py
[2023-06-13T22:59:18.816+0000] {processor.py:836} INFO - DAG(s) dict_keys(['example_branch_dop_operator_v3']) retrieved from /home/airflow/.local/lib/python3.7/site-packages/airflow/example_dags/example_branch_python_dop_operator_3.py
[2023-06-13T22:59:18.869+0000] {logging_mixin.py:149} INFO - [2023-06-13T22:59:18.868+0000] {dag.py:2726} INFO - Sync 1 DAGs
[2023-06-13T22:59:18.925+0000] {logging_mixin.py:149} INFO - [2023-06-13T22:59:18.925+0000] {dag.py:3490} INFO - Setting next_dagrun for example_branch_dop_operator_v3 to 2023-06-13T22:58:00+00:00, run_after=2023-06-13T22:59:00+00:00
[2023-06-13T22:59:18.972+0000] {processor.py:179} INFO - Processing /home/airflow/.local/lib/python3.7/site-packages/airflow/example_dags/example_branch_python_dop_operator_3.py took 0.179 seconds
[2023-06-13T22:59:49.613+0000] {processor.py:157} INFO - Started process (PID=2908) to work on /home/airflow/.local/lib/python3.7/site-packages/airflow/example_dags/example_branch_python_dop_operator_3.py
[2023-06-13T22:59:49.617+0000] {processor.py:826} INFO - Processing file /home/airflow/.local/lib/python3.7/site-packages/airflow/example_dags/example_branch_python_dop_operator_3.py for tasks to queue
[2023-06-13T22:59:49.618+0000] {logging_mixin.py:149} INFO - [2023-06-13T22:59:49.618+0000] {dagbag.py:541} INFO - Filling up the DagBag from /home/airflow/.local/lib/python3.7/site-packages/airflow/example_dags/example_branch_python_dop_operator_3.py
[2023-06-13T22:59:49.635+0000] {processor.py:836} INFO - DAG(s) dict_keys(['example_branch_dop_operator_v3']) retrieved from /home/airflow/.local/lib/python3.7/site-packages/airflow/example_dags/example_branch_python_dop_operator_3.py
[2023-06-13T22:59:49.701+0000] {logging_mixin.py:149} INFO - [2023-06-13T22:59:49.701+0000] {dag.py:2726} INFO - Sync 1 DAGs
[2023-06-13T22:59:49.766+0000] {logging_mixin.py:149} INFO - [2023-06-13T22:59:49.765+0000] {dag.py:3490} INFO - Setting next_dagrun for example_branch_dop_operator_v3 to 2023-06-13T22:58:00+00:00, run_after=2023-06-13T22:59:00+00:00
[2023-06-13T22:59:49.827+0000] {processor.py:179} INFO - Processing /home/airflow/.local/lib/python3.7/site-packages/airflow/example_dags/example_branch_python_dop_operator_3.py took 0.219 seconds
[2023-06-13T23:00:20.208+0000] {processor.py:157} INFO - Started process (PID=3148) to work on /home/airflow/.local/lib/python3.7/site-packages/airflow/example_dags/example_branch_python_dop_operator_3.py
[2023-06-13T23:00:20.209+0000] {processor.py:826} INFO - Processing file /home/airflow/.local/lib/python3.7/site-packages/airflow/example_dags/example_branch_python_dop_operator_3.py for tasks to queue
[2023-06-13T23:00:20.211+0000] {logging_mixin.py:149} INFO - [2023-06-13T23:00:20.210+0000] {dagbag.py:541} INFO - Filling up the DagBag from /home/airflow/.local/lib/python3.7/site-packages/airflow/example_dags/example_branch_python_dop_operator_3.py
[2023-06-13T23:00:20.227+0000] {processor.py:836} INFO - DAG(s) dict_keys(['example_branch_dop_operator_v3']) retrieved from /home/airflow/.local/lib/python3.7/site-packages/airflow/example_dags/example_branch_python_dop_operator_3.py
[2023-06-13T23:00:20.281+0000] {logging_mixin.py:149} INFO - [2023-06-13T23:00:20.281+0000] {dag.py:2726} INFO - Sync 1 DAGs
[2023-06-13T23:00:20.350+0000] {logging_mixin.py:149} INFO - [2023-06-13T23:00:20.349+0000] {dag.py:3490} INFO - Setting next_dagrun for example_branch_dop_operator_v3 to 2023-06-13T22:59:00+00:00, run_after=2023-06-13T23:00:00+00:00
[2023-06-13T23:00:20.418+0000] {processor.py:179} INFO - Processing /home/airflow/.local/lib/python3.7/site-packages/airflow/example_dags/example_branch_python_dop_operator_3.py took 0.217 seconds
[2023-06-13T23:00:50.886+0000] {processor.py:157} INFO - Started process (PID=3388) to work on /home/airflow/.local/lib/python3.7/site-packages/airflow/example_dags/example_branch_python_dop_operator_3.py
[2023-06-13T23:00:50.889+0000] {processor.py:826} INFO - Processing file /home/airflow/.local/lib/python3.7/site-packages/airflow/example_dags/example_branch_python_dop_operator_3.py for tasks to queue
[2023-06-13T23:00:50.893+0000] {logging_mixin.py:149} INFO - [2023-06-13T23:00:50.893+0000] {dagbag.py:541} INFO - Filling up the DagBag from /home/airflow/.local/lib/python3.7/site-packages/airflow/example_dags/example_branch_python_dop_operator_3.py
[2023-06-13T23:00:50.909+0000] {processor.py:836} INFO - DAG(s) dict_keys(['example_branch_dop_operator_v3']) retrieved from /home/airflow/.local/lib/python3.7/site-packages/airflow/example_dags/example_branch_python_dop_operator_3.py
[2023-06-13T23:00:50.980+0000] {logging_mixin.py:149} INFO - [2023-06-13T23:00:50.980+0000] {dag.py:2726} INFO - Sync 1 DAGs
[2023-06-13T23:00:51.058+0000] {logging_mixin.py:149} INFO - [2023-06-13T23:00:51.058+0000] {dag.py:3490} INFO - Setting next_dagrun for example_branch_dop_operator_v3 to 2023-06-13T22:59:00+00:00, run_after=2023-06-13T23:00:00+00:00
[2023-06-13T23:00:51.128+0000] {processor.py:179} INFO - Processing /home/airflow/.local/lib/python3.7/site-packages/airflow/example_dags/example_branch_python_dop_operator_3.py took 0.249 seconds
[2023-06-13T23:01:21.710+0000] {processor.py:157} INFO - Started process (PID=3628) to work on /home/airflow/.local/lib/python3.7/site-packages/airflow/example_dags/example_branch_python_dop_operator_3.py
[2023-06-13T23:01:21.715+0000] {processor.py:826} INFO - Processing file /home/airflow/.local/lib/python3.7/site-packages/airflow/example_dags/example_branch_python_dop_operator_3.py for tasks to queue
[2023-06-13T23:01:21.717+0000] {logging_mixin.py:149} INFO - [2023-06-13T23:01:21.716+0000] {dagbag.py:541} INFO - Filling up the DagBag from /home/airflow/.local/lib/python3.7/site-packages/airflow/example_dags/example_branch_python_dop_operator_3.py
[2023-06-13T23:01:21.735+0000] {processor.py:836} INFO - DAG(s) dict_keys(['example_branch_dop_operator_v3']) retrieved from /home/airflow/.local/lib/python3.7/site-packages/airflow/example_dags/example_branch_python_dop_operator_3.py
[2023-06-13T23:01:21.797+0000] {logging_mixin.py:149} INFO - [2023-06-13T23:01:21.797+0000] {dag.py:2726} INFO - Sync 1 DAGs
[2023-06-13T23:01:21.875+0000] {logging_mixin.py:149} INFO - [2023-06-13T23:01:21.874+0000] {dag.py:3490} INFO - Setting next_dagrun for example_branch_dop_operator_v3 to 2023-06-13T23:00:00+00:00, run_after=2023-06-13T23:01:00+00:00
[2023-06-13T23:01:21.938+0000] {processor.py:179} INFO - Processing /home/airflow/.local/lib/python3.7/site-packages/airflow/example_dags/example_branch_python_dop_operator_3.py took 0.235 seconds
[2023-06-13T23:01:52.897+0000] {processor.py:157} INFO - Started process (PID=3868) to work on /home/airflow/.local/lib/python3.7/site-packages/airflow/example_dags/example_branch_python_dop_operator_3.py
[2023-06-13T23:01:52.900+0000] {processor.py:826} INFO - Processing file /home/airflow/.local/lib/python3.7/site-packages/airflow/example_dags/example_branch_python_dop_operator_3.py for tasks to queue
[2023-06-13T23:01:52.902+0000] {logging_mixin.py:149} INFO - [2023-06-13T23:01:52.901+0000] {dagbag.py:541} INFO - Filling up the DagBag from /home/airflow/.local/lib/python3.7/site-packages/airflow/example_dags/example_branch_python_dop_operator_3.py
[2023-06-13T23:01:52.922+0000] {processor.py:836} INFO - DAG(s) dict_keys(['example_branch_dop_operator_v3']) retrieved from /home/airflow/.local/lib/python3.7/site-packages/airflow/example_dags/example_branch_python_dop_operator_3.py
[2023-06-13T23:01:52.995+0000] {logging_mixin.py:149} INFO - [2023-06-13T23:01:52.994+0000] {dag.py:2726} INFO - Sync 1 DAGs
[2023-06-13T23:01:53.051+0000] {logging_mixin.py:149} INFO - [2023-06-13T23:01:53.051+0000] {dag.py:3490} INFO - Setting next_dagrun for example_branch_dop_operator_v3 to 2023-06-13T23:00:00+00:00, run_after=2023-06-13T23:01:00+00:00
[2023-06-13T23:01:53.114+0000] {processor.py:179} INFO - Processing /home/airflow/.local/lib/python3.7/site-packages/airflow/example_dags/example_branch_python_dop_operator_3.py took 0.223 seconds
[2023-06-13T23:02:23.983+0000] {processor.py:157} INFO - Started process (PID=4109) to work on /home/airflow/.local/lib/python3.7/site-packages/airflow/example_dags/example_branch_python_dop_operator_3.py
[2023-06-13T23:02:23.986+0000] {processor.py:826} INFO - Processing file /home/airflow/.local/lib/python3.7/site-packages/airflow/example_dags/example_branch_python_dop_operator_3.py for tasks to queue
[2023-06-13T23:02:23.988+0000] {logging_mixin.py:149} INFO - [2023-06-13T23:02:23.987+0000] {dagbag.py:541} INFO - Filling up the DagBag from /home/airflow/.local/lib/python3.7/site-packages/airflow/example_dags/example_branch_python_dop_operator_3.py
[2023-06-13T23:02:24.006+0000] {processor.py:836} INFO - DAG(s) dict_keys(['example_branch_dop_operator_v3']) retrieved from /home/airflow/.local/lib/python3.7/site-packages/airflow/example_dags/example_branch_python_dop_operator_3.py
[2023-06-13T23:02:24.070+0000] {logging_mixin.py:149} INFO - [2023-06-13T23:02:24.070+0000] {dag.py:2726} INFO - Sync 1 DAGs
[2023-06-13T23:02:24.121+0000] {logging_mixin.py:149} INFO - [2023-06-13T23:02:24.120+0000] {dag.py:3490} INFO - Setting next_dagrun for example_branch_dop_operator_v3 to 2023-06-13T23:01:00+00:00, run_after=2023-06-13T23:02:00+00:00
[2023-06-13T23:02:24.175+0000] {processor.py:179} INFO - Processing /home/airflow/.local/lib/python3.7/site-packages/airflow/example_dags/example_branch_python_dop_operator_3.py took 0.198 seconds
[2023-06-13T23:02:55.049+0000] {processor.py:157} INFO - Started process (PID=4349) to work on /home/airflow/.local/lib/python3.7/site-packages/airflow/example_dags/example_branch_python_dop_operator_3.py
[2023-06-13T23:02:55.051+0000] {processor.py:826} INFO - Processing file /home/airflow/.local/lib/python3.7/site-packages/airflow/example_dags/example_branch_python_dop_operator_3.py for tasks to queue
[2023-06-13T23:02:55.052+0000] {logging_mixin.py:149} INFO - [2023-06-13T23:02:55.052+0000] {dagbag.py:541} INFO - Filling up the DagBag from /home/airflow/.local/lib/python3.7/site-packages/airflow/example_dags/example_branch_python_dop_operator_3.py
[2023-06-13T23:02:55.070+0000] {processor.py:836} INFO - DAG(s) dict_keys(['example_branch_dop_operator_v3']) retrieved from /home/airflow/.local/lib/python3.7/site-packages/airflow/example_dags/example_branch_python_dop_operator_3.py
[2023-06-13T23:02:55.119+0000] {logging_mixin.py:149} INFO - [2023-06-13T23:02:55.119+0000] {dag.py:2726} INFO - Sync 1 DAGs
[2023-06-13T23:02:55.175+0000] {logging_mixin.py:149} INFO - [2023-06-13T23:02:55.174+0000] {dag.py:3490} INFO - Setting next_dagrun for example_branch_dop_operator_v3 to 2023-06-13T23:01:00+00:00, run_after=2023-06-13T23:02:00+00:00
[2023-06-13T23:02:55.223+0000] {processor.py:179} INFO - Processing /home/airflow/.local/lib/python3.7/site-packages/airflow/example_dags/example_branch_python_dop_operator_3.py took 0.180 seconds
[2023-06-13T23:03:25.523+0000] {processor.py:157} INFO - Started process (PID=4588) to work on /home/airflow/.local/lib/python3.7/site-packages/airflow/example_dags/example_branch_python_dop_operator_3.py
[2023-06-13T23:03:25.525+0000] {processor.py:826} INFO - Processing file /home/airflow/.local/lib/python3.7/site-packages/airflow/example_dags/example_branch_python_dop_operator_3.py for tasks to queue
[2023-06-13T23:03:25.528+0000] {logging_mixin.py:149} INFO - [2023-06-13T23:03:25.528+0000] {dagbag.py:541} INFO - Filling up the DagBag from /home/airflow/.local/lib/python3.7/site-packages/airflow/example_dags/example_branch_python_dop_operator_3.py
[2023-06-13T23:03:25.540+0000] {processor.py:836} INFO - DAG(s) dict_keys(['example_branch_dop_operator_v3']) retrieved from /home/airflow/.local/lib/python3.7/site-packages/airflow/example_dags/example_branch_python_dop_operator_3.py
[2023-06-13T23:03:25.600+0000] {logging_mixin.py:149} INFO - [2023-06-13T23:03:25.599+0000] {dag.py:2726} INFO - Sync 1 DAGs
[2023-06-13T23:03:25.650+0000] {logging_mixin.py:149} INFO - [2023-06-13T23:03:25.650+0000] {dag.py:3490} INFO - Setting next_dagrun for example_branch_dop_operator_v3 to 2023-06-13T23:02:00+00:00, run_after=2023-06-13T23:03:00+00:00
[2023-06-13T23:03:25.684+0000] {processor.py:179} INFO - Processing /home/airflow/.local/lib/python3.7/site-packages/airflow/example_dags/example_branch_python_dop_operator_3.py took 0.166 seconds
[2023-06-13T23:03:55.850+0000] {processor.py:157} INFO - Started process (PID=4828) to work on /home/airflow/.local/lib/python3.7/site-packages/airflow/example_dags/example_branch_python_dop_operator_3.py
[2023-06-13T23:03:55.852+0000] {processor.py:826} INFO - Processing file /home/airflow/.local/lib/python3.7/site-packages/airflow/example_dags/example_branch_python_dop_operator_3.py for tasks to queue
[2023-06-13T23:03:55.853+0000] {logging_mixin.py:149} INFO - [2023-06-13T23:03:55.853+0000] {dagbag.py:541} INFO - Filling up the DagBag from /home/airflow/.local/lib/python3.7/site-packages/airflow/example_dags/example_branch_python_dop_operator_3.py
[2023-06-13T23:03:55.867+0000] {processor.py:836} INFO - DAG(s) dict_keys(['example_branch_dop_operator_v3']) retrieved from /home/airflow/.local/lib/python3.7/site-packages/airflow/example_dags/example_branch_python_dop_operator_3.py
[2023-06-13T23:03:55.918+0000] {logging_mixin.py:149} INFO - [2023-06-13T23:03:55.918+0000] {dag.py:2726} INFO - Sync 1 DAGs
[2023-06-13T23:03:55.975+0000] {logging_mixin.py:149} INFO - [2023-06-13T23:03:55.975+0000] {dag.py:3490} INFO - Setting next_dagrun for example_branch_dop_operator_v3 to 2023-06-13T23:02:00+00:00, run_after=2023-06-13T23:03:00+00:00
[2023-06-13T23:03:56.044+0000] {processor.py:179} INFO - Processing /home/airflow/.local/lib/python3.7/site-packages/airflow/example_dags/example_branch_python_dop_operator_3.py took 0.199 seconds
[2023-06-13T23:04:26.863+0000] {processor.py:157} INFO - Started process (PID=5075) to work on /home/airflow/.local/lib/python3.7/site-packages/airflow/example_dags/example_branch_python_dop_operator_3.py
[2023-06-13T23:04:26.865+0000] {processor.py:826} INFO - Processing file /home/airflow/.local/lib/python3.7/site-packages/airflow/example_dags/example_branch_python_dop_operator_3.py for tasks to queue
[2023-06-13T23:04:26.866+0000] {logging_mixin.py:149} INFO - [2023-06-13T23:04:26.866+0000] {dagbag.py:541} INFO - Filling up the DagBag from /home/airflow/.local/lib/python3.7/site-packages/airflow/example_dags/example_branch_python_dop_operator_3.py
[2023-06-13T23:04:26.880+0000] {processor.py:836} INFO - DAG(s) dict_keys(['example_branch_dop_operator_v3']) retrieved from /home/airflow/.local/lib/python3.7/site-packages/airflow/example_dags/example_branch_python_dop_operator_3.py
[2023-06-13T23:04:26.926+0000] {logging_mixin.py:149} INFO - [2023-06-13T23:04:26.925+0000] {dag.py:2726} INFO - Sync 1 DAGs
[2023-06-13T23:04:26.978+0000] {logging_mixin.py:149} INFO - [2023-06-13T23:04:26.977+0000] {dag.py:3490} INFO - Setting next_dagrun for example_branch_dop_operator_v3 to 2023-06-13T23:03:00+00:00, run_after=2023-06-13T23:04:00+00:00
[2023-06-13T23:04:27.021+0000] {processor.py:179} INFO - Processing /home/airflow/.local/lib/python3.7/site-packages/airflow/example_dags/example_branch_python_dop_operator_3.py took 0.163 seconds
[2023-06-13T23:04:57.628+0000] {processor.py:157} INFO - Started process (PID=5315) to work on /home/airflow/.local/lib/python3.7/site-packages/airflow/example_dags/example_branch_python_dop_operator_3.py
[2023-06-13T23:04:57.630+0000] {processor.py:826} INFO - Processing file /home/airflow/.local/lib/python3.7/site-packages/airflow/example_dags/example_branch_python_dop_operator_3.py for tasks to queue
[2023-06-13T23:04:57.632+0000] {logging_mixin.py:149} INFO - [2023-06-13T23:04:57.632+0000] {dagbag.py:541} INFO - Filling up the DagBag from /home/airflow/.local/lib/python3.7/site-packages/airflow/example_dags/example_branch_python_dop_operator_3.py
[2023-06-13T23:04:57.649+0000] {processor.py:836} INFO - DAG(s) dict_keys(['example_branch_dop_operator_v3']) retrieved from /home/airflow/.local/lib/python3.7/site-packages/airflow/example_dags/example_branch_python_dop_operator_3.py
[2023-06-13T23:04:57.727+0000] {logging_mixin.py:149} INFO - [2023-06-13T23:04:57.726+0000] {dag.py:2726} INFO - Sync 1 DAGs
[2023-06-13T23:04:57.814+0000] {logging_mixin.py:149} INFO - [2023-06-13T23:04:57.813+0000] {dag.py:3490} INFO - Setting next_dagrun for example_branch_dop_operator_v3 to 2023-06-13T23:03:00+00:00, run_after=2023-06-13T23:04:00+00:00
[2023-06-13T23:04:57.883+0000] {processor.py:179} INFO - Processing /home/airflow/.local/lib/python3.7/site-packages/airflow/example_dags/example_branch_python_dop_operator_3.py took 0.261 seconds
[2023-06-13T23:05:28.440+0000] {processor.py:157} INFO - Started process (PID=5555) to work on /home/airflow/.local/lib/python3.7/site-packages/airflow/example_dags/example_branch_python_dop_operator_3.py
[2023-06-13T23:05:28.443+0000] {processor.py:826} INFO - Processing file /home/airflow/.local/lib/python3.7/site-packages/airflow/example_dags/example_branch_python_dop_operator_3.py for tasks to queue
[2023-06-13T23:05:28.445+0000] {logging_mixin.py:149} INFO - [2023-06-13T23:05:28.445+0000] {dagbag.py:541} INFO - Filling up the DagBag from /home/airflow/.local/lib/python3.7/site-packages/airflow/example_dags/example_branch_python_dop_operator_3.py
[2023-06-13T23:05:28.461+0000] {processor.py:836} INFO - DAG(s) dict_keys(['example_branch_dop_operator_v3']) retrieved from /home/airflow/.local/lib/python3.7/site-packages/airflow/example_dags/example_branch_python_dop_operator_3.py
[2023-06-13T23:05:28.520+0000] {logging_mixin.py:149} INFO - [2023-06-13T23:05:28.520+0000] {dag.py:2726} INFO - Sync 1 DAGs
[2023-06-13T23:05:28.589+0000] {logging_mixin.py:149} INFO - [2023-06-13T23:05:28.589+0000] {dag.py:3490} INFO - Setting next_dagrun for example_branch_dop_operator_v3 to 2023-06-13T23:04:00+00:00, run_after=2023-06-13T23:05:00+00:00
[2023-06-13T23:05:28.648+0000] {processor.py:179} INFO - Processing /home/airflow/.local/lib/python3.7/site-packages/airflow/example_dags/example_branch_python_dop_operator_3.py took 0.215 seconds
[2023-06-13T23:05:59.295+0000] {processor.py:157} INFO - Started process (PID=5795) to work on /home/airflow/.local/lib/python3.7/site-packages/airflow/example_dags/example_branch_python_dop_operator_3.py
[2023-06-13T23:05:59.297+0000] {processor.py:826} INFO - Processing file /home/airflow/.local/lib/python3.7/site-packages/airflow/example_dags/example_branch_python_dop_operator_3.py for tasks to queue
[2023-06-13T23:05:59.298+0000] {logging_mixin.py:149} INFO - [2023-06-13T23:05:59.298+0000] {dagbag.py:541} INFO - Filling up the DagBag from /home/airflow/.local/lib/python3.7/site-packages/airflow/example_dags/example_branch_python_dop_operator_3.py
[2023-06-13T23:05:59.314+0000] {processor.py:836} INFO - DAG(s) dict_keys(['example_branch_dop_operator_v3']) retrieved from /home/airflow/.local/lib/python3.7/site-packages/airflow/example_dags/example_branch_python_dop_operator_3.py
[2023-06-13T23:05:59.360+0000] {logging_mixin.py:149} INFO - [2023-06-13T23:05:59.359+0000] {dag.py:2726} INFO - Sync 1 DAGs
[2023-06-13T23:05:59.415+0000] {logging_mixin.py:149} INFO - [2023-06-13T23:05:59.414+0000] {dag.py:3490} INFO - Setting next_dagrun for example_branch_dop_operator_v3 to 2023-06-13T23:04:00+00:00, run_after=2023-06-13T23:05:00+00:00
[2023-06-13T23:05:59.465+0000] {processor.py:179} INFO - Processing /home/airflow/.local/lib/python3.7/site-packages/airflow/example_dags/example_branch_python_dop_operator_3.py took 0.176 seconds
[2023-06-13T23:06:29.599+0000] {processor.py:157} INFO - Started process (PID=6032) to work on /home/airflow/.local/lib/python3.7/site-packages/airflow/example_dags/example_branch_python_dop_operator_3.py
[2023-06-13T23:06:29.601+0000] {processor.py:826} INFO - Processing file /home/airflow/.local/lib/python3.7/site-packages/airflow/example_dags/example_branch_python_dop_operator_3.py for tasks to queue
[2023-06-13T23:06:29.602+0000] {logging_mixin.py:149} INFO - [2023-06-13T23:06:29.602+0000] {dagbag.py:541} INFO - Filling up the DagBag from /home/airflow/.local/lib/python3.7/site-packages/airflow/example_dags/example_branch_python_dop_operator_3.py
[2023-06-13T23:06:29.617+0000] {processor.py:836} INFO - DAG(s) dict_keys(['example_branch_dop_operator_v3']) retrieved from /home/airflow/.local/lib/python3.7/site-packages/airflow/example_dags/example_branch_python_dop_operator_3.py
[2023-06-13T23:06:29.667+0000] {logging_mixin.py:149} INFO - [2023-06-13T23:06:29.667+0000] {dag.py:2726} INFO - Sync 1 DAGs
[2023-06-13T23:06:29.718+0000] {logging_mixin.py:149} INFO - [2023-06-13T23:06:29.718+0000] {dag.py:3490} INFO - Setting next_dagrun for example_branch_dop_operator_v3 to 2023-06-13T23:05:00+00:00, run_after=2023-06-13T23:06:00+00:00
[2023-06-13T23:06:29.768+0000] {processor.py:179} INFO - Processing /home/airflow/.local/lib/python3.7/site-packages/airflow/example_dags/example_branch_python_dop_operator_3.py took 0.174 seconds
[2023-06-13T23:07:00.404+0000] {processor.py:157} INFO - Started process (PID=6271) to work on /home/airflow/.local/lib/python3.7/site-packages/airflow/example_dags/example_branch_python_dop_operator_3.py
[2023-06-13T23:07:00.407+0000] {processor.py:826} INFO - Processing file /home/airflow/.local/lib/python3.7/site-packages/airflow/example_dags/example_branch_python_dop_operator_3.py for tasks to queue
[2023-06-13T23:07:00.408+0000] {logging_mixin.py:149} INFO - [2023-06-13T23:07:00.408+0000] {dagbag.py:541} INFO - Filling up the DagBag from /home/airflow/.local/lib/python3.7/site-packages/airflow/example_dags/example_branch_python_dop_operator_3.py
[2023-06-13T23:07:00.419+0000] {processor.py:836} INFO - DAG(s) dict_keys(['example_branch_dop_operator_v3']) retrieved from /home/airflow/.local/lib/python3.7/site-packages/airflow/example_dags/example_branch_python_dop_operator_3.py
[2023-06-13T23:07:00.466+0000] {logging_mixin.py:149} INFO - [2023-06-13T23:07:00.466+0000] {dag.py:2726} INFO - Sync 1 DAGs
[2023-06-13T23:07:00.524+0000] {logging_mixin.py:149} INFO - [2023-06-13T23:07:00.523+0000] {dag.py:3490} INFO - Setting next_dagrun for example_branch_dop_operator_v3 to 2023-06-13T23:06:00+00:00, run_after=2023-06-13T23:07:00+00:00
[2023-06-13T23:07:00.570+0000] {processor.py:179} INFO - Processing /home/airflow/.local/lib/python3.7/site-packages/airflow/example_dags/example_branch_python_dop_operator_3.py took 0.171 seconds
[2023-06-13T23:07:30.743+0000] {processor.py:157} INFO - Started process (PID=6512) to work on /home/airflow/.local/lib/python3.7/site-packages/airflow/example_dags/example_branch_python_dop_operator_3.py
[2023-06-13T23:07:30.745+0000] {processor.py:826} INFO - Processing file /home/airflow/.local/lib/python3.7/site-packages/airflow/example_dags/example_branch_python_dop_operator_3.py for tasks to queue
[2023-06-13T23:07:30.746+0000] {logging_mixin.py:149} INFO - [2023-06-13T23:07:30.746+0000] {dagbag.py:541} INFO - Filling up the DagBag from /home/airflow/.local/lib/python3.7/site-packages/airflow/example_dags/example_branch_python_dop_operator_3.py
[2023-06-13T23:07:30.757+0000] {processor.py:836} INFO - DAG(s) dict_keys(['example_branch_dop_operator_v3']) retrieved from /home/airflow/.local/lib/python3.7/site-packages/airflow/example_dags/example_branch_python_dop_operator_3.py
[2023-06-13T23:07:30.814+0000] {logging_mixin.py:149} INFO - [2023-06-13T23:07:30.814+0000] {dag.py:2726} INFO - Sync 1 DAGs
[2023-06-13T23:07:30.881+0000] {logging_mixin.py:149} INFO - [2023-06-13T23:07:30.881+0000] {dag.py:3490} INFO - Setting next_dagrun for example_branch_dop_operator_v3 to 2023-06-13T23:06:00+00:00, run_after=2023-06-13T23:07:00+00:00
[2023-06-13T23:07:30.935+0000] {processor.py:179} INFO - Processing /home/airflow/.local/lib/python3.7/site-packages/airflow/example_dags/example_branch_python_dop_operator_3.py took 0.198 seconds
[2023-06-13T23:08:00.997+0000] {processor.py:157} INFO - Started process (PID=6751) to work on /home/airflow/.local/lib/python3.7/site-packages/airflow/example_dags/example_branch_python_dop_operator_3.py
[2023-06-13T23:08:00.998+0000] {processor.py:826} INFO - Processing file /home/airflow/.local/lib/python3.7/site-packages/airflow/example_dags/example_branch_python_dop_operator_3.py for tasks to queue
[2023-06-13T23:08:01.001+0000] {logging_mixin.py:149} INFO - [2023-06-13T23:08:01.000+0000] {dagbag.py:541} INFO - Filling up the DagBag from /home/airflow/.local/lib/python3.7/site-packages/airflow/example_dags/example_branch_python_dop_operator_3.py
[2023-06-13T23:08:01.017+0000] {processor.py:836} INFO - DAG(s) dict_keys(['example_branch_dop_operator_v3']) retrieved from /home/airflow/.local/lib/python3.7/site-packages/airflow/example_dags/example_branch_python_dop_operator_3.py
[2023-06-13T23:08:01.080+0000] {logging_mixin.py:149} INFO - [2023-06-13T23:08:01.080+0000] {dag.py:2726} INFO - Sync 1 DAGs
[2023-06-13T23:08:01.137+0000] {logging_mixin.py:149} INFO - [2023-06-13T23:08:01.137+0000] {dag.py:3490} INFO - Setting next_dagrun for example_branch_dop_operator_v3 to 2023-06-13T23:07:00+00:00, run_after=2023-06-13T23:08:00+00:00
[2023-06-13T23:08:01.197+0000] {processor.py:179} INFO - Processing /home/airflow/.local/lib/python3.7/site-packages/airflow/example_dags/example_branch_python_dop_operator_3.py took 0.205 seconds
[2023-06-13T23:08:31.539+0000] {processor.py:157} INFO - Started process (PID=6990) to work on /home/airflow/.local/lib/python3.7/site-packages/airflow/example_dags/example_branch_python_dop_operator_3.py
[2023-06-13T23:08:31.541+0000] {processor.py:826} INFO - Processing file /home/airflow/.local/lib/python3.7/site-packages/airflow/example_dags/example_branch_python_dop_operator_3.py for tasks to queue
[2023-06-13T23:08:31.542+0000] {logging_mixin.py:149} INFO - [2023-06-13T23:08:31.542+0000] {dagbag.py:541} INFO - Filling up the DagBag from /home/airflow/.local/lib/python3.7/site-packages/airflow/example_dags/example_branch_python_dop_operator_3.py
[2023-06-13T23:08:31.557+0000] {processor.py:836} INFO - DAG(s) dict_keys(['example_branch_dop_operator_v3']) retrieved from /home/airflow/.local/lib/python3.7/site-packages/airflow/example_dags/example_branch_python_dop_operator_3.py
[2023-06-13T23:08:31.612+0000] {logging_mixin.py:149} INFO - [2023-06-13T23:08:31.612+0000] {dag.py:2726} INFO - Sync 1 DAGs
[2023-06-13T23:08:31.676+0000] {logging_mixin.py:149} INFO - [2023-06-13T23:08:31.675+0000] {dag.py:3490} INFO - Setting next_dagrun for example_branch_dop_operator_v3 to 2023-06-13T23:07:00+00:00, run_after=2023-06-13T23:08:00+00:00
[2023-06-13T23:08:31.730+0000] {processor.py:179} INFO - Processing /home/airflow/.local/lib/python3.7/site-packages/airflow/example_dags/example_branch_python_dop_operator_3.py took 0.196 seconds
[2023-06-13T23:09:02.016+0000] {processor.py:157} INFO - Started process (PID=7230) to work on /home/airflow/.local/lib/python3.7/site-packages/airflow/example_dags/example_branch_python_dop_operator_3.py
[2023-06-13T23:09:02.018+0000] {processor.py:826} INFO - Processing file /home/airflow/.local/lib/python3.7/site-packages/airflow/example_dags/example_branch_python_dop_operator_3.py for tasks to queue
[2023-06-13T23:09:02.020+0000] {logging_mixin.py:149} INFO - [2023-06-13T23:09:02.019+0000] {dagbag.py:541} INFO - Filling up the DagBag from /home/airflow/.local/lib/python3.7/site-packages/airflow/example_dags/example_branch_python_dop_operator_3.py
[2023-06-13T23:09:02.032+0000] {processor.py:836} INFO - DAG(s) dict_keys(['example_branch_dop_operator_v3']) retrieved from /home/airflow/.local/lib/python3.7/site-packages/airflow/example_dags/example_branch_python_dop_operator_3.py
[2023-06-13T23:09:02.084+0000] {logging_mixin.py:149} INFO - [2023-06-13T23:09:02.083+0000] {dag.py:2726} INFO - Sync 1 DAGs
[2023-06-13T23:09:02.143+0000] {logging_mixin.py:149} INFO - [2023-06-13T23:09:02.143+0000] {dag.py:3490} INFO - Setting next_dagrun for example_branch_dop_operator_v3 to 2023-06-13T23:08:00+00:00, run_after=2023-06-13T23:09:00+00:00
[2023-06-13T23:09:02.198+0000] {processor.py:179} INFO - Processing /home/airflow/.local/lib/python3.7/site-packages/airflow/example_dags/example_branch_python_dop_operator_3.py took 0.189 seconds
[2023-06-13T23:09:32.502+0000] {processor.py:157} INFO - Started process (PID=7470) to work on /home/airflow/.local/lib/python3.7/site-packages/airflow/example_dags/example_branch_python_dop_operator_3.py
[2023-06-13T23:09:32.504+0000] {processor.py:826} INFO - Processing file /home/airflow/.local/lib/python3.7/site-packages/airflow/example_dags/example_branch_python_dop_operator_3.py for tasks to queue
[2023-06-13T23:09:32.505+0000] {logging_mixin.py:149} INFO - [2023-06-13T23:09:32.505+0000] {dagbag.py:541} INFO - Filling up the DagBag from /home/airflow/.local/lib/python3.7/site-packages/airflow/example_dags/example_branch_python_dop_operator_3.py
[2023-06-13T23:09:32.522+0000] {processor.py:836} INFO - DAG(s) dict_keys(['example_branch_dop_operator_v3']) retrieved from /home/airflow/.local/lib/python3.7/site-packages/airflow/example_dags/example_branch_python_dop_operator_3.py
[2023-06-13T23:09:32.580+0000] {logging_mixin.py:149} INFO - [2023-06-13T23:09:32.579+0000] {dag.py:2726} INFO - Sync 1 DAGs
[2023-06-13T23:09:32.638+0000] {logging_mixin.py:149} INFO - [2023-06-13T23:09:32.638+0000] {dag.py:3490} INFO - Setting next_dagrun for example_branch_dop_operator_v3 to 2023-06-13T23:08:00+00:00, run_after=2023-06-13T23:09:00+00:00
[2023-06-13T23:09:32.684+0000] {processor.py:179} INFO - Processing /home/airflow/.local/lib/python3.7/site-packages/airflow/example_dags/example_branch_python_dop_operator_3.py took 0.187 seconds
[2023-06-13T23:10:02.949+0000] {processor.py:157} INFO - Started process (PID=7710) to work on /home/airflow/.local/lib/python3.7/site-packages/airflow/example_dags/example_branch_python_dop_operator_3.py
[2023-06-13T23:10:02.952+0000] {processor.py:826} INFO - Processing file /home/airflow/.local/lib/python3.7/site-packages/airflow/example_dags/example_branch_python_dop_operator_3.py for tasks to queue
[2023-06-13T23:10:02.953+0000] {logging_mixin.py:149} INFO - [2023-06-13T23:10:02.953+0000] {dagbag.py:541} INFO - Filling up the DagBag from /home/airflow/.local/lib/python3.7/site-packages/airflow/example_dags/example_branch_python_dop_operator_3.py
[2023-06-13T23:10:02.965+0000] {processor.py:836} INFO - DAG(s) dict_keys(['example_branch_dop_operator_v3']) retrieved from /home/airflow/.local/lib/python3.7/site-packages/airflow/example_dags/example_branch_python_dop_operator_3.py
[2023-06-13T23:10:03.021+0000] {logging_mixin.py:149} INFO - [2023-06-13T23:10:03.020+0000] {dag.py:2726} INFO - Sync 1 DAGs
[2023-06-13T23:10:03.073+0000] {logging_mixin.py:149} INFO - [2023-06-13T23:10:03.073+0000] {dag.py:3490} INFO - Setting next_dagrun for example_branch_dop_operator_v3 to 2023-06-13T23:09:00+00:00, run_after=2023-06-13T23:10:00+00:00
[2023-06-13T23:10:03.120+0000] {processor.py:179} INFO - Processing /home/airflow/.local/lib/python3.7/site-packages/airflow/example_dags/example_branch_python_dop_operator_3.py took 0.177 seconds
[2023-06-13T23:10:33.638+0000] {processor.py:157} INFO - Started process (PID=7950) to work on /home/airflow/.local/lib/python3.7/site-packages/airflow/example_dags/example_branch_python_dop_operator_3.py
[2023-06-13T23:10:33.645+0000] {processor.py:826} INFO - Processing file /home/airflow/.local/lib/python3.7/site-packages/airflow/example_dags/example_branch_python_dop_operator_3.py for tasks to queue
[2023-06-13T23:10:33.647+0000] {logging_mixin.py:149} INFO - [2023-06-13T23:10:33.646+0000] {dagbag.py:541} INFO - Filling up the DagBag from /home/airflow/.local/lib/python3.7/site-packages/airflow/example_dags/example_branch_python_dop_operator_3.py
[2023-06-13T23:10:33.659+0000] {processor.py:836} INFO - DAG(s) dict_keys(['example_branch_dop_operator_v3']) retrieved from /home/airflow/.local/lib/python3.7/site-packages/airflow/example_dags/example_branch_python_dop_operator_3.py
[2023-06-13T23:10:33.745+0000] {logging_mixin.py:149} INFO - [2023-06-13T23:10:33.745+0000] {dag.py:2726} INFO - Sync 1 DAGs
[2023-06-13T23:10:33.821+0000] {logging_mixin.py:149} INFO - [2023-06-13T23:10:33.821+0000] {dag.py:3490} INFO - Setting next_dagrun for example_branch_dop_operator_v3 to 2023-06-13T23:09:00+00:00, run_after=2023-06-13T23:10:00+00:00
[2023-06-13T23:10:33.872+0000] {processor.py:179} INFO - Processing /home/airflow/.local/lib/python3.7/site-packages/airflow/example_dags/example_branch_python_dop_operator_3.py took 0.242 seconds
[2023-06-13T23:11:04.340+0000] {processor.py:157} INFO - Started process (PID=8190) to work on /home/airflow/.local/lib/python3.7/site-packages/airflow/example_dags/example_branch_python_dop_operator_3.py
[2023-06-13T23:11:04.345+0000] {processor.py:826} INFO - Processing file /home/airflow/.local/lib/python3.7/site-packages/airflow/example_dags/example_branch_python_dop_operator_3.py for tasks to queue
[2023-06-13T23:11:04.347+0000] {logging_mixin.py:149} INFO - [2023-06-13T23:11:04.347+0000] {dagbag.py:541} INFO - Filling up the DagBag from /home/airflow/.local/lib/python3.7/site-packages/airflow/example_dags/example_branch_python_dop_operator_3.py
[2023-06-13T23:11:04.359+0000] {processor.py:836} INFO - DAG(s) dict_keys(['example_branch_dop_operator_v3']) retrieved from /home/airflow/.local/lib/python3.7/site-packages/airflow/example_dags/example_branch_python_dop_operator_3.py
[2023-06-13T23:11:04.418+0000] {logging_mixin.py:149} INFO - [2023-06-13T23:11:04.418+0000] {dag.py:2726} INFO - Sync 1 DAGs
[2023-06-13T23:11:04.483+0000] {logging_mixin.py:149} INFO - [2023-06-13T23:11:04.483+0000] {dag.py:3490} INFO - Setting next_dagrun for example_branch_dop_operator_v3 to 2023-06-13T23:10:00+00:00, run_after=2023-06-13T23:11:00+00:00
[2023-06-13T23:11:04.536+0000] {processor.py:179} INFO - Processing /home/airflow/.local/lib/python3.7/site-packages/airflow/example_dags/example_branch_python_dop_operator_3.py took 0.201 seconds
[2023-06-13T23:11:34.612+0000] {processor.py:157} INFO - Started process (PID=8430) to work on /home/airflow/.local/lib/python3.7/site-packages/airflow/example_dags/example_branch_python_dop_operator_3.py
[2023-06-13T23:11:34.614+0000] {processor.py:826} INFO - Processing file /home/airflow/.local/lib/python3.7/site-packages/airflow/example_dags/example_branch_python_dop_operator_3.py for tasks to queue
[2023-06-13T23:11:34.616+0000] {logging_mixin.py:149} INFO - [2023-06-13T23:11:34.615+0000] {dagbag.py:541} INFO - Filling up the DagBag from /home/airflow/.local/lib/python3.7/site-packages/airflow/example_dags/example_branch_python_dop_operator_3.py
[2023-06-13T23:11:34.634+0000] {processor.py:836} INFO - DAG(s) dict_keys(['example_branch_dop_operator_v3']) retrieved from /home/airflow/.local/lib/python3.7/site-packages/airflow/example_dags/example_branch_python_dop_operator_3.py
[2023-06-13T23:11:34.680+0000] {logging_mixin.py:149} INFO - [2023-06-13T23:11:34.680+0000] {dag.py:2726} INFO - Sync 1 DAGs
[2023-06-13T23:11:34.741+0000] {logging_mixin.py:149} INFO - [2023-06-13T23:11:34.740+0000] {dag.py:3490} INFO - Setting next_dagrun for example_branch_dop_operator_v3 to 2023-06-13T23:10:00+00:00, run_after=2023-06-13T23:11:00+00:00
[2023-06-13T23:11:34.794+0000] {processor.py:179} INFO - Processing /home/airflow/.local/lib/python3.7/site-packages/airflow/example_dags/example_branch_python_dop_operator_3.py took 0.188 seconds
[2023-06-13T23:12:05.186+0000] {processor.py:157} INFO - Started process (PID=8670) to work on /home/airflow/.local/lib/python3.7/site-packages/airflow/example_dags/example_branch_python_dop_operator_3.py
[2023-06-13T23:12:05.188+0000] {processor.py:826} INFO - Processing file /home/airflow/.local/lib/python3.7/site-packages/airflow/example_dags/example_branch_python_dop_operator_3.py for tasks to queue
[2023-06-13T23:12:05.189+0000] {logging_mixin.py:149} INFO - [2023-06-13T23:12:05.189+0000] {dagbag.py:541} INFO - Filling up the DagBag from /home/airflow/.local/lib/python3.7/site-packages/airflow/example_dags/example_branch_python_dop_operator_3.py
[2023-06-13T23:12:05.202+0000] {processor.py:836} INFO - DAG(s) dict_keys(['example_branch_dop_operator_v3']) retrieved from /home/airflow/.local/lib/python3.7/site-packages/airflow/example_dags/example_branch_python_dop_operator_3.py
[2023-06-13T23:12:05.249+0000] {logging_mixin.py:149} INFO - [2023-06-13T23:12:05.249+0000] {dag.py:2726} INFO - Sync 1 DAGs
[2023-06-13T23:12:05.303+0000] {logging_mixin.py:149} INFO - [2023-06-13T23:12:05.303+0000] {dag.py:3490} INFO - Setting next_dagrun for example_branch_dop_operator_v3 to 2023-06-13T23:11:00+00:00, run_after=2023-06-13T23:12:00+00:00
[2023-06-13T23:12:05.348+0000] {processor.py:179} INFO - Processing /home/airflow/.local/lib/python3.7/site-packages/airflow/example_dags/example_branch_python_dop_operator_3.py took 0.166 seconds
[2023-06-13T23:12:35.858+0000] {processor.py:157} INFO - Started process (PID=8910) to work on /home/airflow/.local/lib/python3.7/site-packages/airflow/example_dags/example_branch_python_dop_operator_3.py
[2023-06-13T23:12:35.861+0000] {processor.py:826} INFO - Processing file /home/airflow/.local/lib/python3.7/site-packages/airflow/example_dags/example_branch_python_dop_operator_3.py for tasks to queue
[2023-06-13T23:12:35.862+0000] {logging_mixin.py:149} INFO - [2023-06-13T23:12:35.862+0000] {dagbag.py:541} INFO - Filling up the DagBag from /home/airflow/.local/lib/python3.7/site-packages/airflow/example_dags/example_branch_python_dop_operator_3.py
[2023-06-13T23:12:35.877+0000] {processor.py:836} INFO - DAG(s) dict_keys(['example_branch_dop_operator_v3']) retrieved from /home/airflow/.local/lib/python3.7/site-packages/airflow/example_dags/example_branch_python_dop_operator_3.py
[2023-06-13T23:12:35.931+0000] {logging_mixin.py:149} INFO - [2023-06-13T23:12:35.930+0000] {dag.py:2726} INFO - Sync 1 DAGs
[2023-06-13T23:12:35.983+0000] {logging_mixin.py:149} INFO - [2023-06-13T23:12:35.983+0000] {dag.py:3490} INFO - Setting next_dagrun for example_branch_dop_operator_v3 to 2023-06-13T23:11:00+00:00, run_after=2023-06-13T23:12:00+00:00
[2023-06-13T23:12:36.032+0000] {processor.py:179} INFO - Processing /home/airflow/.local/lib/python3.7/site-packages/airflow/example_dags/example_branch_python_dop_operator_3.py took 0.179 seconds
[2023-06-13T23:13:06.253+0000] {processor.py:157} INFO - Started process (PID=9149) to work on /home/airflow/.local/lib/python3.7/site-packages/airflow/example_dags/example_branch_python_dop_operator_3.py
[2023-06-13T23:13:06.254+0000] {processor.py:826} INFO - Processing file /home/airflow/.local/lib/python3.7/site-packages/airflow/example_dags/example_branch_python_dop_operator_3.py for tasks to queue
[2023-06-13T23:13:06.256+0000] {logging_mixin.py:149} INFO - [2023-06-13T23:13:06.255+0000] {dagbag.py:541} INFO - Filling up the DagBag from /home/airflow/.local/lib/python3.7/site-packages/airflow/example_dags/example_branch_python_dop_operator_3.py
[2023-06-13T23:13:06.269+0000] {processor.py:836} INFO - DAG(s) dict_keys(['example_branch_dop_operator_v3']) retrieved from /home/airflow/.local/lib/python3.7/site-packages/airflow/example_dags/example_branch_python_dop_operator_3.py
[2023-06-13T23:13:06.319+0000] {logging_mixin.py:149} INFO - [2023-06-13T23:13:06.318+0000] {dag.py:2726} INFO - Sync 1 DAGs
[2023-06-13T23:13:06.374+0000] {logging_mixin.py:149} INFO - [2023-06-13T23:13:06.374+0000] {dag.py:3490} INFO - Setting next_dagrun for example_branch_dop_operator_v3 to 2023-06-13T23:12:00+00:00, run_after=2023-06-13T23:13:00+00:00
[2023-06-13T23:13:06.418+0000] {processor.py:179} INFO - Processing /home/airflow/.local/lib/python3.7/site-packages/airflow/example_dags/example_branch_python_dop_operator_3.py took 0.170 seconds
[2023-06-13T23:13:37.133+0000] {processor.py:157} INFO - Started process (PID=9389) to work on /home/airflow/.local/lib/python3.7/site-packages/airflow/example_dags/example_branch_python_dop_operator_3.py
[2023-06-13T23:13:37.136+0000] {processor.py:826} INFO - Processing file /home/airflow/.local/lib/python3.7/site-packages/airflow/example_dags/example_branch_python_dop_operator_3.py for tasks to queue
[2023-06-13T23:13:37.137+0000] {logging_mixin.py:149} INFO - [2023-06-13T23:13:37.137+0000] {dagbag.py:541} INFO - Filling up the DagBag from /home/airflow/.local/lib/python3.7/site-packages/airflow/example_dags/example_branch_python_dop_operator_3.py
[2023-06-13T23:13:37.153+0000] {processor.py:836} INFO - DAG(s) dict_keys(['example_branch_dop_operator_v3']) retrieved from /home/airflow/.local/lib/python3.7/site-packages/airflow/example_dags/example_branch_python_dop_operator_3.py
[2023-06-13T23:13:37.215+0000] {logging_mixin.py:149} INFO - [2023-06-13T23:13:37.215+0000] {dag.py:2726} INFO - Sync 1 DAGs
[2023-06-13T23:13:37.269+0000] {logging_mixin.py:149} INFO - [2023-06-13T23:13:37.269+0000] {dag.py:3490} INFO - Setting next_dagrun for example_branch_dop_operator_v3 to 2023-06-13T23:12:00+00:00, run_after=2023-06-13T23:13:00+00:00
[2023-06-13T23:13:37.319+0000] {processor.py:179} INFO - Processing /home/airflow/.local/lib/python3.7/site-packages/airflow/example_dags/example_branch_python_dop_operator_3.py took 0.192 seconds
[2023-06-13T23:14:07.747+0000] {processor.py:157} INFO - Started process (PID=9629) to work on /home/airflow/.local/lib/python3.7/site-packages/airflow/example_dags/example_branch_python_dop_operator_3.py
[2023-06-13T23:14:07.749+0000] {processor.py:826} INFO - Processing file /home/airflow/.local/lib/python3.7/site-packages/airflow/example_dags/example_branch_python_dop_operator_3.py for tasks to queue
[2023-06-13T23:14:07.750+0000] {logging_mixin.py:149} INFO - [2023-06-13T23:14:07.750+0000] {dagbag.py:541} INFO - Filling up the DagBag from /home/airflow/.local/lib/python3.7/site-packages/airflow/example_dags/example_branch_python_dop_operator_3.py
[2023-06-13T23:14:07.763+0000] {processor.py:836} INFO - DAG(s) dict_keys(['example_branch_dop_operator_v3']) retrieved from /home/airflow/.local/lib/python3.7/site-packages/airflow/example_dags/example_branch_python_dop_operator_3.py
[2023-06-13T23:14:07.817+0000] {logging_mixin.py:149} INFO - [2023-06-13T23:14:07.817+0000] {dag.py:2726} INFO - Sync 1 DAGs
[2023-06-13T23:14:07.880+0000] {logging_mixin.py:149} INFO - [2023-06-13T23:14:07.879+0000] {dag.py:3490} INFO - Setting next_dagrun for example_branch_dop_operator_v3 to 2023-06-13T23:13:00+00:00, run_after=2023-06-13T23:14:00+00:00
[2023-06-13T23:14:07.928+0000] {processor.py:179} INFO - Processing /home/airflow/.local/lib/python3.7/site-packages/airflow/example_dags/example_branch_python_dop_operator_3.py took 0.187 seconds
[2023-06-13T23:14:38.350+0000] {processor.py:157} INFO - Started process (PID=9868) to work on /home/airflow/.local/lib/python3.7/site-packages/airflow/example_dags/example_branch_python_dop_operator_3.py
[2023-06-13T23:14:38.353+0000] {processor.py:826} INFO - Processing file /home/airflow/.local/lib/python3.7/site-packages/airflow/example_dags/example_branch_python_dop_operator_3.py for tasks to queue
[2023-06-13T23:14:38.354+0000] {logging_mixin.py:149} INFO - [2023-06-13T23:14:38.354+0000] {dagbag.py:541} INFO - Filling up the DagBag from /home/airflow/.local/lib/python3.7/site-packages/airflow/example_dags/example_branch_python_dop_operator_3.py
[2023-06-13T23:14:38.366+0000] {processor.py:836} INFO - DAG(s) dict_keys(['example_branch_dop_operator_v3']) retrieved from /home/airflow/.local/lib/python3.7/site-packages/airflow/example_dags/example_branch_python_dop_operator_3.py
[2023-06-13T23:14:38.429+0000] {logging_mixin.py:149} INFO - [2023-06-13T23:14:38.429+0000] {dag.py:2726} INFO - Sync 1 DAGs
[2023-06-13T23:14:38.486+0000] {logging_mixin.py:149} INFO - [2023-06-13T23:14:38.486+0000] {dag.py:3490} INFO - Setting next_dagrun for example_branch_dop_operator_v3 to 2023-06-13T23:13:00+00:00, run_after=2023-06-13T23:14:00+00:00
[2023-06-13T23:14:38.537+0000] {processor.py:179} INFO - Processing /home/airflow/.local/lib/python3.7/site-packages/airflow/example_dags/example_branch_python_dop_operator_3.py took 0.193 seconds
[2023-06-13T23:15:09.168+0000] {processor.py:157} INFO - Started process (PID=10107) to work on /home/airflow/.local/lib/python3.7/site-packages/airflow/example_dags/example_branch_python_dop_operator_3.py
[2023-06-13T23:15:09.170+0000] {processor.py:826} INFO - Processing file /home/airflow/.local/lib/python3.7/site-packages/airflow/example_dags/example_branch_python_dop_operator_3.py for tasks to queue
[2023-06-13T23:15:09.171+0000] {logging_mixin.py:149} INFO - [2023-06-13T23:15:09.171+0000] {dagbag.py:541} INFO - Filling up the DagBag from /home/airflow/.local/lib/python3.7/site-packages/airflow/example_dags/example_branch_python_dop_operator_3.py
[2023-06-13T23:15:09.186+0000] {processor.py:836} INFO - DAG(s) dict_keys(['example_branch_dop_operator_v3']) retrieved from /home/airflow/.local/lib/python3.7/site-packages/airflow/example_dags/example_branch_python_dop_operator_3.py
[2023-06-13T23:15:09.241+0000] {logging_mixin.py:149} INFO - [2023-06-13T23:15:09.240+0000] {dag.py:2726} INFO - Sync 1 DAGs
[2023-06-13T23:15:09.289+0000] {logging_mixin.py:149} INFO - [2023-06-13T23:15:09.288+0000] {dag.py:3490} INFO - Setting next_dagrun for example_branch_dop_operator_v3 to 2023-06-13T23:14:00+00:00, run_after=2023-06-13T23:15:00+00:00
[2023-06-13T23:15:09.341+0000] {processor.py:179} INFO - Processing /home/airflow/.local/lib/python3.7/site-packages/airflow/example_dags/example_branch_python_dop_operator_3.py took 0.176 seconds
[2023-06-13T23:15:39.981+0000] {processor.py:157} INFO - Started process (PID=10347) to work on /home/airflow/.local/lib/python3.7/site-packages/airflow/example_dags/example_branch_python_dop_operator_3.py
[2023-06-13T23:15:39.983+0000] {processor.py:826} INFO - Processing file /home/airflow/.local/lib/python3.7/site-packages/airflow/example_dags/example_branch_python_dop_operator_3.py for tasks to queue
[2023-06-13T23:15:39.984+0000] {logging_mixin.py:149} INFO - [2023-06-13T23:15:39.984+0000] {dagbag.py:541} INFO - Filling up the DagBag from /home/airflow/.local/lib/python3.7/site-packages/airflow/example_dags/example_branch_python_dop_operator_3.py
[2023-06-13T23:15:39.994+0000] {processor.py:836} INFO - DAG(s) dict_keys(['example_branch_dop_operator_v3']) retrieved from /home/airflow/.local/lib/python3.7/site-packages/airflow/example_dags/example_branch_python_dop_operator_3.py
[2023-06-13T23:15:40.036+0000] {logging_mixin.py:149} INFO - [2023-06-13T23:15:40.035+0000] {dag.py:2726} INFO - Sync 1 DAGs
[2023-06-13T23:15:40.081+0000] {logging_mixin.py:149} INFO - [2023-06-13T23:15:40.081+0000] {dag.py:3490} INFO - Setting next_dagrun for example_branch_dop_operator_v3 to 2023-06-13T23:14:00+00:00, run_after=2023-06-13T23:15:00+00:00
[2023-06-13T23:15:40.121+0000] {processor.py:179} INFO - Processing /home/airflow/.local/lib/python3.7/site-packages/airflow/example_dags/example_branch_python_dop_operator_3.py took 0.145 seconds
[2023-06-13T23:16:10.379+0000] {processor.py:157} INFO - Started process (PID=10587) to work on /home/airflow/.local/lib/python3.7/site-packages/airflow/example_dags/example_branch_python_dop_operator_3.py
[2023-06-13T23:16:10.381+0000] {processor.py:826} INFO - Processing file /home/airflow/.local/lib/python3.7/site-packages/airflow/example_dags/example_branch_python_dop_operator_3.py for tasks to queue
[2023-06-13T23:16:10.383+0000] {logging_mixin.py:149} INFO - [2023-06-13T23:16:10.382+0000] {dagbag.py:541} INFO - Filling up the DagBag from /home/airflow/.local/lib/python3.7/site-packages/airflow/example_dags/example_branch_python_dop_operator_3.py
[2023-06-13T23:16:10.407+0000] {processor.py:836} INFO - DAG(s) dict_keys(['example_branch_dop_operator_v3']) retrieved from /home/airflow/.local/lib/python3.7/site-packages/airflow/example_dags/example_branch_python_dop_operator_3.py
[2023-06-13T23:16:10.467+0000] {logging_mixin.py:149} INFO - [2023-06-13T23:16:10.467+0000] {dag.py:2726} INFO - Sync 1 DAGs
[2023-06-13T23:16:10.532+0000] {logging_mixin.py:149} INFO - [2023-06-13T23:16:10.531+0000] {dag.py:3490} INFO - Setting next_dagrun for example_branch_dop_operator_v3 to 2023-06-13T23:15:00+00:00, run_after=2023-06-13T23:16:00+00:00
[2023-06-13T23:16:10.570+0000] {processor.py:179} INFO - Processing /home/airflow/.local/lib/python3.7/site-packages/airflow/example_dags/example_branch_python_dop_operator_3.py took 0.199 seconds
[2023-06-13T23:16:40.972+0000] {processor.py:157} INFO - Started process (PID=10829) to work on /home/airflow/.local/lib/python3.7/site-packages/airflow/example_dags/example_branch_python_dop_operator_3.py
[2023-06-13T23:16:40.975+0000] {processor.py:826} INFO - Processing file /home/airflow/.local/lib/python3.7/site-packages/airflow/example_dags/example_branch_python_dop_operator_3.py for tasks to queue
[2023-06-13T23:16:40.977+0000] {logging_mixin.py:149} INFO - [2023-06-13T23:16:40.976+0000] {dagbag.py:541} INFO - Filling up the DagBag from /home/airflow/.local/lib/python3.7/site-packages/airflow/example_dags/example_branch_python_dop_operator_3.py
[2023-06-13T23:16:40.991+0000] {processor.py:836} INFO - DAG(s) dict_keys(['example_branch_dop_operator_v3']) retrieved from /home/airflow/.local/lib/python3.7/site-packages/airflow/example_dags/example_branch_python_dop_operator_3.py
[2023-06-13T23:16:41.042+0000] {logging_mixin.py:149} INFO - [2023-06-13T23:16:41.041+0000] {dag.py:2726} INFO - Sync 1 DAGs
[2023-06-13T23:16:41.095+0000] {logging_mixin.py:149} INFO - [2023-06-13T23:16:41.095+0000] {dag.py:3490} INFO - Setting next_dagrun for example_branch_dop_operator_v3 to 2023-06-13T23:15:00+00:00, run_after=2023-06-13T23:16:00+00:00
[2023-06-13T23:16:41.132+0000] {processor.py:179} INFO - Processing /home/airflow/.local/lib/python3.7/site-packages/airflow/example_dags/example_branch_python_dop_operator_3.py took 0.168 seconds
[2023-06-13T23:17:11.178+0000] {processor.py:157} INFO - Started process (PID=11060) to work on /home/airflow/.local/lib/python3.7/site-packages/airflow/example_dags/example_branch_python_dop_operator_3.py
[2023-06-13T23:17:11.182+0000] {processor.py:826} INFO - Processing file /home/airflow/.local/lib/python3.7/site-packages/airflow/example_dags/example_branch_python_dop_operator_3.py for tasks to queue
[2023-06-13T23:17:11.184+0000] {logging_mixin.py:149} INFO - [2023-06-13T23:17:11.183+0000] {dagbag.py:541} INFO - Filling up the DagBag from /home/airflow/.local/lib/python3.7/site-packages/airflow/example_dags/example_branch_python_dop_operator_3.py
[2023-06-13T23:17:11.195+0000] {processor.py:836} INFO - DAG(s) dict_keys(['example_branch_dop_operator_v3']) retrieved from /home/airflow/.local/lib/python3.7/site-packages/airflow/example_dags/example_branch_python_dop_operator_3.py
[2023-06-13T23:17:11.258+0000] {logging_mixin.py:149} INFO - [2023-06-13T23:17:11.258+0000] {dag.py:2726} INFO - Sync 1 DAGs
[2023-06-13T23:17:11.310+0000] {logging_mixin.py:149} INFO - [2023-06-13T23:17:11.310+0000] {dag.py:3490} INFO - Setting next_dagrun for example_branch_dop_operator_v3 to 2023-06-13T23:16:00+00:00, run_after=2023-06-13T23:17:00+00:00
[2023-06-13T23:17:11.365+0000] {processor.py:179} INFO - Processing /home/airflow/.local/lib/python3.7/site-packages/airflow/example_dags/example_branch_python_dop_operator_3.py took 0.191 seconds
[2023-06-13T23:17:42.096+0000] {processor.py:157} INFO - Started process (PID=11300) to work on /home/airflow/.local/lib/python3.7/site-packages/airflow/example_dags/example_branch_python_dop_operator_3.py
[2023-06-13T23:17:42.100+0000] {processor.py:826} INFO - Processing file /home/airflow/.local/lib/python3.7/site-packages/airflow/example_dags/example_branch_python_dop_operator_3.py for tasks to queue
[2023-06-13T23:17:42.102+0000] {logging_mixin.py:149} INFO - [2023-06-13T23:17:42.101+0000] {dagbag.py:541} INFO - Filling up the DagBag from /home/airflow/.local/lib/python3.7/site-packages/airflow/example_dags/example_branch_python_dop_operator_3.py
[2023-06-13T23:17:42.118+0000] {processor.py:836} INFO - DAG(s) dict_keys(['example_branch_dop_operator_v3']) retrieved from /home/airflow/.local/lib/python3.7/site-packages/airflow/example_dags/example_branch_python_dop_operator_3.py
[2023-06-13T23:17:42.190+0000] {logging_mixin.py:149} INFO - [2023-06-13T23:17:42.189+0000] {dag.py:2726} INFO - Sync 1 DAGs
[2023-06-13T23:17:42.266+0000] {logging_mixin.py:149} INFO - [2023-06-13T23:17:42.266+0000] {dag.py:3490} INFO - Setting next_dagrun for example_branch_dop_operator_v3 to 2023-06-13T23:16:00+00:00, run_after=2023-06-13T23:17:00+00:00
[2023-06-13T23:17:42.324+0000] {processor.py:179} INFO - Processing /home/airflow/.local/lib/python3.7/site-packages/airflow/example_dags/example_branch_python_dop_operator_3.py took 0.234 seconds
[2023-06-13T23:18:12.582+0000] {processor.py:157} INFO - Started process (PID=11540) to work on /home/airflow/.local/lib/python3.7/site-packages/airflow/example_dags/example_branch_python_dop_operator_3.py
[2023-06-13T23:18:12.584+0000] {processor.py:826} INFO - Processing file /home/airflow/.local/lib/python3.7/site-packages/airflow/example_dags/example_branch_python_dop_operator_3.py for tasks to queue
[2023-06-13T23:18:12.586+0000] {logging_mixin.py:149} INFO - [2023-06-13T23:18:12.586+0000] {dagbag.py:541} INFO - Filling up the DagBag from /home/airflow/.local/lib/python3.7/site-packages/airflow/example_dags/example_branch_python_dop_operator_3.py
[2023-06-13T23:18:12.602+0000] {processor.py:836} INFO - DAG(s) dict_keys(['example_branch_dop_operator_v3']) retrieved from /home/airflow/.local/lib/python3.7/site-packages/airflow/example_dags/example_branch_python_dop_operator_3.py
[2023-06-13T23:18:12.664+0000] {logging_mixin.py:149} INFO - [2023-06-13T23:18:12.663+0000] {dag.py:2726} INFO - Sync 1 DAGs
[2023-06-13T23:18:12.723+0000] {logging_mixin.py:149} INFO - [2023-06-13T23:18:12.722+0000] {dag.py:3490} INFO - Setting next_dagrun for example_branch_dop_operator_v3 to 2023-06-13T23:17:00+00:00, run_after=2023-06-13T23:18:00+00:00
[2023-06-13T23:18:12.788+0000] {processor.py:179} INFO - Processing /home/airflow/.local/lib/python3.7/site-packages/airflow/example_dags/example_branch_python_dop_operator_3.py took 0.212 seconds
[2023-06-13T23:18:42.953+0000] {processor.py:157} INFO - Started process (PID=11780) to work on /home/airflow/.local/lib/python3.7/site-packages/airflow/example_dags/example_branch_python_dop_operator_3.py
[2023-06-13T23:18:42.957+0000] {processor.py:826} INFO - Processing file /home/airflow/.local/lib/python3.7/site-packages/airflow/example_dags/example_branch_python_dop_operator_3.py for tasks to queue
[2023-06-13T23:18:42.959+0000] {logging_mixin.py:149} INFO - [2023-06-13T23:18:42.959+0000] {dagbag.py:541} INFO - Filling up the DagBag from /home/airflow/.local/lib/python3.7/site-packages/airflow/example_dags/example_branch_python_dop_operator_3.py
[2023-06-13T23:18:42.977+0000] {processor.py:836} INFO - DAG(s) dict_keys(['example_branch_dop_operator_v3']) retrieved from /home/airflow/.local/lib/python3.7/site-packages/airflow/example_dags/example_branch_python_dop_operator_3.py
[2023-06-13T23:18:43.046+0000] {logging_mixin.py:149} INFO - [2023-06-13T23:18:43.045+0000] {dag.py:2726} INFO - Sync 1 DAGs
[2023-06-13T23:18:43.124+0000] {logging_mixin.py:149} INFO - [2023-06-13T23:18:43.124+0000] {dag.py:3490} INFO - Setting next_dagrun for example_branch_dop_operator_v3 to 2023-06-13T23:17:00+00:00, run_after=2023-06-13T23:18:00+00:00
[2023-06-13T23:18:43.188+0000] {processor.py:179} INFO - Processing /home/airflow/.local/lib/python3.7/site-packages/airflow/example_dags/example_branch_python_dop_operator_3.py took 0.243 seconds
[2023-06-13T23:19:13.271+0000] {processor.py:157} INFO - Started process (PID=12018) to work on /home/airflow/.local/lib/python3.7/site-packages/airflow/example_dags/example_branch_python_dop_operator_3.py
[2023-06-13T23:19:13.273+0000] {processor.py:826} INFO - Processing file /home/airflow/.local/lib/python3.7/site-packages/airflow/example_dags/example_branch_python_dop_operator_3.py for tasks to queue
[2023-06-13T23:19:13.274+0000] {logging_mixin.py:149} INFO - [2023-06-13T23:19:13.274+0000] {dagbag.py:541} INFO - Filling up the DagBag from /home/airflow/.local/lib/python3.7/site-packages/airflow/example_dags/example_branch_python_dop_operator_3.py
[2023-06-13T23:19:13.295+0000] {processor.py:836} INFO - DAG(s) dict_keys(['example_branch_dop_operator_v3']) retrieved from /home/airflow/.local/lib/python3.7/site-packages/airflow/example_dags/example_branch_python_dop_operator_3.py
[2023-06-13T23:19:13.373+0000] {logging_mixin.py:149} INFO - [2023-06-13T23:19:13.372+0000] {dag.py:2726} INFO - Sync 1 DAGs
[2023-06-13T23:19:13.440+0000] {logging_mixin.py:149} INFO - [2023-06-13T23:19:13.439+0000] {dag.py:3490} INFO - Setting next_dagrun for example_branch_dop_operator_v3 to 2023-06-13T23:18:00+00:00, run_after=2023-06-13T23:19:00+00:00
[2023-06-13T23:19:13.498+0000] {processor.py:179} INFO - Processing /home/airflow/.local/lib/python3.7/site-packages/airflow/example_dags/example_branch_python_dop_operator_3.py took 0.232 seconds
[2023-06-13T23:19:44.127+0000] {processor.py:157} INFO - Started process (PID=12253) to work on /home/airflow/.local/lib/python3.7/site-packages/airflow/example_dags/example_branch_python_dop_operator_3.py
[2023-06-13T23:19:44.129+0000] {processor.py:826} INFO - Processing file /home/airflow/.local/lib/python3.7/site-packages/airflow/example_dags/example_branch_python_dop_operator_3.py for tasks to queue
[2023-06-13T23:19:44.131+0000] {logging_mixin.py:149} INFO - [2023-06-13T23:19:44.130+0000] {dagbag.py:541} INFO - Filling up the DagBag from /home/airflow/.local/lib/python3.7/site-packages/airflow/example_dags/example_branch_python_dop_operator_3.py
[2023-06-13T23:19:44.147+0000] {processor.py:836} INFO - DAG(s) dict_keys(['example_branch_dop_operator_v3']) retrieved from /home/airflow/.local/lib/python3.7/site-packages/airflow/example_dags/example_branch_python_dop_operator_3.py
[2023-06-13T23:19:44.210+0000] {logging_mixin.py:149} INFO - [2023-06-13T23:19:44.209+0000] {dag.py:2726} INFO - Sync 1 DAGs
[2023-06-13T23:19:44.272+0000] {logging_mixin.py:149} INFO - [2023-06-13T23:19:44.272+0000] {dag.py:3490} INFO - Setting next_dagrun for example_branch_dop_operator_v3 to 2023-06-13T23:18:00+00:00, run_after=2023-06-13T23:19:00+00:00
[2023-06-13T23:19:44.339+0000] {processor.py:179} INFO - Processing /home/airflow/.local/lib/python3.7/site-packages/airflow/example_dags/example_branch_python_dop_operator_3.py took 0.219 seconds
[2023-06-13T23:20:15.221+0000] {processor.py:157} INFO - Started process (PID=12493) to work on /home/airflow/.local/lib/python3.7/site-packages/airflow/example_dags/example_branch_python_dop_operator_3.py
[2023-06-13T23:20:15.224+0000] {processor.py:826} INFO - Processing file /home/airflow/.local/lib/python3.7/site-packages/airflow/example_dags/example_branch_python_dop_operator_3.py for tasks to queue
[2023-06-13T23:20:15.225+0000] {logging_mixin.py:149} INFO - [2023-06-13T23:20:15.225+0000] {dagbag.py:541} INFO - Filling up the DagBag from /home/airflow/.local/lib/python3.7/site-packages/airflow/example_dags/example_branch_python_dop_operator_3.py
[2023-06-13T23:20:15.239+0000] {processor.py:836} INFO - DAG(s) dict_keys(['example_branch_dop_operator_v3']) retrieved from /home/airflow/.local/lib/python3.7/site-packages/airflow/example_dags/example_branch_python_dop_operator_3.py
[2023-06-13T23:20:15.295+0000] {logging_mixin.py:149} INFO - [2023-06-13T23:20:15.294+0000] {dag.py:2726} INFO - Sync 1 DAGs
[2023-06-13T23:20:15.365+0000] {logging_mixin.py:149} INFO - [2023-06-13T23:20:15.365+0000] {dag.py:3490} INFO - Setting next_dagrun for example_branch_dop_operator_v3 to 2023-06-13T23:19:00+00:00, run_after=2023-06-13T23:20:00+00:00
[2023-06-13T23:20:15.432+0000] {processor.py:179} INFO - Processing /home/airflow/.local/lib/python3.7/site-packages/airflow/example_dags/example_branch_python_dop_operator_3.py took 0.217 seconds
[2023-06-13T23:20:46.051+0000] {processor.py:157} INFO - Started process (PID=12735) to work on /home/airflow/.local/lib/python3.7/site-packages/airflow/example_dags/example_branch_python_dop_operator_3.py
[2023-06-13T23:20:46.054+0000] {processor.py:826} INFO - Processing file /home/airflow/.local/lib/python3.7/site-packages/airflow/example_dags/example_branch_python_dop_operator_3.py for tasks to queue
[2023-06-13T23:20:46.056+0000] {logging_mixin.py:149} INFO - [2023-06-13T23:20:46.056+0000] {dagbag.py:541} INFO - Filling up the DagBag from /home/airflow/.local/lib/python3.7/site-packages/airflow/example_dags/example_branch_python_dop_operator_3.py
[2023-06-13T23:20:46.075+0000] {processor.py:836} INFO - DAG(s) dict_keys(['example_branch_dop_operator_v3']) retrieved from /home/airflow/.local/lib/python3.7/site-packages/airflow/example_dags/example_branch_python_dop_operator_3.py
[2023-06-13T23:20:46.150+0000] {logging_mixin.py:149} INFO - [2023-06-13T23:20:46.149+0000] {dag.py:2726} INFO - Sync 1 DAGs
[2023-06-13T23:20:46.238+0000] {logging_mixin.py:149} INFO - [2023-06-13T23:20:46.237+0000] {dag.py:3490} INFO - Setting next_dagrun for example_branch_dop_operator_v3 to 2023-06-13T23:19:00+00:00, run_after=2023-06-13T23:20:00+00:00
[2023-06-13T23:20:46.320+0000] {processor.py:179} INFO - Processing /home/airflow/.local/lib/python3.7/site-packages/airflow/example_dags/example_branch_python_dop_operator_3.py took 0.279 seconds
[2023-06-13T23:21:16.566+0000] {processor.py:157} INFO - Started process (PID=12974) to work on /home/airflow/.local/lib/python3.7/site-packages/airflow/example_dags/example_branch_python_dop_operator_3.py
[2023-06-13T23:21:16.567+0000] {processor.py:826} INFO - Processing file /home/airflow/.local/lib/python3.7/site-packages/airflow/example_dags/example_branch_python_dop_operator_3.py for tasks to queue
[2023-06-13T23:21:16.568+0000] {logging_mixin.py:149} INFO - [2023-06-13T23:21:16.568+0000] {dagbag.py:541} INFO - Filling up the DagBag from /home/airflow/.local/lib/python3.7/site-packages/airflow/example_dags/example_branch_python_dop_operator_3.py
[2023-06-13T23:21:16.589+0000] {processor.py:836} INFO - DAG(s) dict_keys(['example_branch_dop_operator_v3']) retrieved from /home/airflow/.local/lib/python3.7/site-packages/airflow/example_dags/example_branch_python_dop_operator_3.py
[2023-06-13T23:21:16.709+0000] {logging_mixin.py:149} INFO - [2023-06-13T23:21:16.709+0000] {dag.py:2726} INFO - Sync 1 DAGs
[2023-06-13T23:21:16.801+0000] {logging_mixin.py:149} INFO - [2023-06-13T23:21:16.800+0000] {dag.py:3490} INFO - Setting next_dagrun for example_branch_dop_operator_v3 to 2023-06-13T23:20:00+00:00, run_after=2023-06-13T23:21:00+00:00
[2023-06-13T23:21:16.890+0000] {processor.py:179} INFO - Processing /home/airflow/.local/lib/python3.7/site-packages/airflow/example_dags/example_branch_python_dop_operator_3.py took 0.333 seconds
[2023-06-13T23:21:47.254+0000] {processor.py:157} INFO - Started process (PID=13211) to work on /home/airflow/.local/lib/python3.7/site-packages/airflow/example_dags/example_branch_python_dop_operator_3.py
[2023-06-13T23:21:47.256+0000] {processor.py:826} INFO - Processing file /home/airflow/.local/lib/python3.7/site-packages/airflow/example_dags/example_branch_python_dop_operator_3.py for tasks to queue
[2023-06-13T23:21:47.258+0000] {logging_mixin.py:149} INFO - [2023-06-13T23:21:47.258+0000] {dagbag.py:541} INFO - Filling up the DagBag from /home/airflow/.local/lib/python3.7/site-packages/airflow/example_dags/example_branch_python_dop_operator_3.py
[2023-06-13T23:21:47.277+0000] {processor.py:836} INFO - DAG(s) dict_keys(['example_branch_dop_operator_v3']) retrieved from /home/airflow/.local/lib/python3.7/site-packages/airflow/example_dags/example_branch_python_dop_operator_3.py
[2023-06-13T23:21:47.343+0000] {logging_mixin.py:149} INFO - [2023-06-13T23:21:47.343+0000] {dag.py:2726} INFO - Sync 1 DAGs
[2023-06-13T23:21:47.417+0000] {logging_mixin.py:149} INFO - [2023-06-13T23:21:47.417+0000] {dag.py:3490} INFO - Setting next_dagrun for example_branch_dop_operator_v3 to 2023-06-13T23:20:00+00:00, run_after=2023-06-13T23:21:00+00:00
[2023-06-13T23:21:47.479+0000] {processor.py:179} INFO - Processing /home/airflow/.local/lib/python3.7/site-packages/airflow/example_dags/example_branch_python_dop_operator_3.py took 0.233 seconds
[2023-06-13T23:22:17.546+0000] {processor.py:157} INFO - Started process (PID=13451) to work on /home/airflow/.local/lib/python3.7/site-packages/airflow/example_dags/example_branch_python_dop_operator_3.py
[2023-06-13T23:22:17.548+0000] {processor.py:826} INFO - Processing file /home/airflow/.local/lib/python3.7/site-packages/airflow/example_dags/example_branch_python_dop_operator_3.py for tasks to queue
[2023-06-13T23:22:17.549+0000] {logging_mixin.py:149} INFO - [2023-06-13T23:22:17.549+0000] {dagbag.py:541} INFO - Filling up the DagBag from /home/airflow/.local/lib/python3.7/site-packages/airflow/example_dags/example_branch_python_dop_operator_3.py
[2023-06-13T23:22:17.558+0000] {processor.py:836} INFO - DAG(s) dict_keys(['example_branch_dop_operator_v3']) retrieved from /home/airflow/.local/lib/python3.7/site-packages/airflow/example_dags/example_branch_python_dop_operator_3.py
[2023-06-13T23:22:17.599+0000] {logging_mixin.py:149} INFO - [2023-06-13T23:22:17.598+0000] {dag.py:2726} INFO - Sync 1 DAGs
[2023-06-13T23:22:17.649+0000] {logging_mixin.py:149} INFO - [2023-06-13T23:22:17.649+0000] {dag.py:3490} INFO - Setting next_dagrun for example_branch_dop_operator_v3 to 2023-06-13T23:21:00+00:00, run_after=2023-06-13T23:22:00+00:00
[2023-06-13T23:22:17.690+0000] {processor.py:179} INFO - Processing /home/airflow/.local/lib/python3.7/site-packages/airflow/example_dags/example_branch_python_dop_operator_3.py took 0.147 seconds
[2023-06-13T23:22:48.086+0000] {processor.py:157} INFO - Started process (PID=13693) to work on /home/airflow/.local/lib/python3.7/site-packages/airflow/example_dags/example_branch_python_dop_operator_3.py
[2023-06-13T23:22:48.087+0000] {processor.py:826} INFO - Processing file /home/airflow/.local/lib/python3.7/site-packages/airflow/example_dags/example_branch_python_dop_operator_3.py for tasks to queue
[2023-06-13T23:22:48.089+0000] {logging_mixin.py:149} INFO - [2023-06-13T23:22:48.088+0000] {dagbag.py:541} INFO - Filling up the DagBag from /home/airflow/.local/lib/python3.7/site-packages/airflow/example_dags/example_branch_python_dop_operator_3.py
[2023-06-13T23:22:48.103+0000] {processor.py:836} INFO - DAG(s) dict_keys(['example_branch_dop_operator_v3']) retrieved from /home/airflow/.local/lib/python3.7/site-packages/airflow/example_dags/example_branch_python_dop_operator_3.py
[2023-06-13T23:22:48.180+0000] {logging_mixin.py:149} INFO - [2023-06-13T23:22:48.180+0000] {dag.py:2726} INFO - Sync 1 DAGs
[2023-06-13T23:22:48.260+0000] {logging_mixin.py:149} INFO - [2023-06-13T23:22:48.260+0000] {dag.py:3490} INFO - Setting next_dagrun for example_branch_dop_operator_v3 to 2023-06-13T23:21:00+00:00, run_after=2023-06-13T23:22:00+00:00
[2023-06-13T23:22:48.324+0000] {processor.py:179} INFO - Processing /home/airflow/.local/lib/python3.7/site-packages/airflow/example_dags/example_branch_python_dop_operator_3.py took 0.252 seconds
[2023-06-13T23:23:19.162+0000] {processor.py:157} INFO - Started process (PID=13933) to work on /home/airflow/.local/lib/python3.7/site-packages/airflow/example_dags/example_branch_python_dop_operator_3.py
[2023-06-13T23:23:19.164+0000] {processor.py:826} INFO - Processing file /home/airflow/.local/lib/python3.7/site-packages/airflow/example_dags/example_branch_python_dop_operator_3.py for tasks to queue
[2023-06-13T23:23:19.165+0000] {logging_mixin.py:149} INFO - [2023-06-13T23:23:19.165+0000] {dagbag.py:541} INFO - Filling up the DagBag from /home/airflow/.local/lib/python3.7/site-packages/airflow/example_dags/example_branch_python_dop_operator_3.py
[2023-06-13T23:23:19.175+0000] {processor.py:836} INFO - DAG(s) dict_keys(['example_branch_dop_operator_v3']) retrieved from /home/airflow/.local/lib/python3.7/site-packages/airflow/example_dags/example_branch_python_dop_operator_3.py
[2023-06-13T23:23:19.231+0000] {logging_mixin.py:149} INFO - [2023-06-13T23:23:19.231+0000] {dag.py:2726} INFO - Sync 1 DAGs
[2023-06-13T23:23:19.281+0000] {logging_mixin.py:149} INFO - [2023-06-13T23:23:19.281+0000] {dag.py:3490} INFO - Setting next_dagrun for example_branch_dop_operator_v3 to 2023-06-13T23:22:00+00:00, run_after=2023-06-13T23:23:00+00:00
[2023-06-13T23:23:19.323+0000] {processor.py:179} INFO - Processing /home/airflow/.local/lib/python3.7/site-packages/airflow/example_dags/example_branch_python_dop_operator_3.py took 0.165 seconds
[2023-06-13T23:23:49.541+0000] {processor.py:157} INFO - Started process (PID=14173) to work on /home/airflow/.local/lib/python3.7/site-packages/airflow/example_dags/example_branch_python_dop_operator_3.py
[2023-06-13T23:23:49.543+0000] {processor.py:826} INFO - Processing file /home/airflow/.local/lib/python3.7/site-packages/airflow/example_dags/example_branch_python_dop_operator_3.py for tasks to queue
[2023-06-13T23:23:49.544+0000] {logging_mixin.py:149} INFO - [2023-06-13T23:23:49.544+0000] {dagbag.py:541} INFO - Filling up the DagBag from /home/airflow/.local/lib/python3.7/site-packages/airflow/example_dags/example_branch_python_dop_operator_3.py
[2023-06-13T23:23:49.556+0000] {processor.py:836} INFO - DAG(s) dict_keys(['example_branch_dop_operator_v3']) retrieved from /home/airflow/.local/lib/python3.7/site-packages/airflow/example_dags/example_branch_python_dop_operator_3.py
[2023-06-13T23:23:49.601+0000] {logging_mixin.py:149} INFO - [2023-06-13T23:23:49.601+0000] {dag.py:2726} INFO - Sync 1 DAGs
[2023-06-13T23:23:49.650+0000] {logging_mixin.py:149} INFO - [2023-06-13T23:23:49.649+0000] {dag.py:3490} INFO - Setting next_dagrun for example_branch_dop_operator_v3 to 2023-06-13T23:22:00+00:00, run_after=2023-06-13T23:23:00+00:00
[2023-06-13T23:23:49.697+0000] {processor.py:179} INFO - Processing /home/airflow/.local/lib/python3.7/site-packages/airflow/example_dags/example_branch_python_dop_operator_3.py took 0.161 seconds
[2023-06-13T23:24:19.818+0000] {processor.py:157} INFO - Started process (PID=14413) to work on /home/airflow/.local/lib/python3.7/site-packages/airflow/example_dags/example_branch_python_dop_operator_3.py
[2023-06-13T23:24:19.822+0000] {processor.py:826} INFO - Processing file /home/airflow/.local/lib/python3.7/site-packages/airflow/example_dags/example_branch_python_dop_operator_3.py for tasks to queue
[2023-06-13T23:24:19.824+0000] {logging_mixin.py:149} INFO - [2023-06-13T23:24:19.824+0000] {dagbag.py:541} INFO - Filling up the DagBag from /home/airflow/.local/lib/python3.7/site-packages/airflow/example_dags/example_branch_python_dop_operator_3.py
[2023-06-13T23:24:19.839+0000] {processor.py:836} INFO - DAG(s) dict_keys(['example_branch_dop_operator_v3']) retrieved from /home/airflow/.local/lib/python3.7/site-packages/airflow/example_dags/example_branch_python_dop_operator_3.py
[2023-06-13T23:24:19.908+0000] {logging_mixin.py:149} INFO - [2023-06-13T23:24:19.907+0000] {dag.py:2726} INFO - Sync 1 DAGs
[2023-06-13T23:24:19.966+0000] {logging_mixin.py:149} INFO - [2023-06-13T23:24:19.965+0000] {dag.py:3490} INFO - Setting next_dagrun for example_branch_dop_operator_v3 to 2023-06-13T23:23:00+00:00, run_after=2023-06-13T23:24:00+00:00
[2023-06-13T23:24:20.026+0000] {processor.py:179} INFO - Processing /home/airflow/.local/lib/python3.7/site-packages/airflow/example_dags/example_branch_python_dop_operator_3.py took 0.215 seconds
[2023-06-13T23:24:50.184+0000] {processor.py:157} INFO - Started process (PID=14651) to work on /home/airflow/.local/lib/python3.7/site-packages/airflow/example_dags/example_branch_python_dop_operator_3.py
[2023-06-13T23:24:50.185+0000] {processor.py:826} INFO - Processing file /home/airflow/.local/lib/python3.7/site-packages/airflow/example_dags/example_branch_python_dop_operator_3.py for tasks to queue
[2023-06-13T23:24:50.186+0000] {logging_mixin.py:149} INFO - [2023-06-13T23:24:50.186+0000] {dagbag.py:541} INFO - Filling up the DagBag from /home/airflow/.local/lib/python3.7/site-packages/airflow/example_dags/example_branch_python_dop_operator_3.py
[2023-06-13T23:24:50.200+0000] {processor.py:836} INFO - DAG(s) dict_keys(['example_branch_dop_operator_v3']) retrieved from /home/airflow/.local/lib/python3.7/site-packages/airflow/example_dags/example_branch_python_dop_operator_3.py
[2023-06-13T23:24:50.265+0000] {logging_mixin.py:149} INFO - [2023-06-13T23:24:50.265+0000] {dag.py:2726} INFO - Sync 1 DAGs
[2023-06-13T23:24:50.322+0000] {logging_mixin.py:149} INFO - [2023-06-13T23:24:50.322+0000] {dag.py:3490} INFO - Setting next_dagrun for example_branch_dop_operator_v3 to 2023-06-13T23:23:00+00:00, run_after=2023-06-13T23:24:00+00:00
[2023-06-13T23:24:50.384+0000] {processor.py:179} INFO - Processing /home/airflow/.local/lib/python3.7/site-packages/airflow/example_dags/example_branch_python_dop_operator_3.py took 0.205 seconds
[2023-06-13T23:25:20.897+0000] {processor.py:157} INFO - Started process (PID=14893) to work on /home/airflow/.local/lib/python3.7/site-packages/airflow/example_dags/example_branch_python_dop_operator_3.py
[2023-06-13T23:25:20.900+0000] {processor.py:826} INFO - Processing file /home/airflow/.local/lib/python3.7/site-packages/airflow/example_dags/example_branch_python_dop_operator_3.py for tasks to queue
[2023-06-13T23:25:20.902+0000] {logging_mixin.py:149} INFO - [2023-06-13T23:25:20.901+0000] {dagbag.py:541} INFO - Filling up the DagBag from /home/airflow/.local/lib/python3.7/site-packages/airflow/example_dags/example_branch_python_dop_operator_3.py
[2023-06-13T23:25:20.913+0000] {processor.py:836} INFO - DAG(s) dict_keys(['example_branch_dop_operator_v3']) retrieved from /home/airflow/.local/lib/python3.7/site-packages/airflow/example_dags/example_branch_python_dop_operator_3.py
[2023-06-13T23:25:20.973+0000] {logging_mixin.py:149} INFO - [2023-06-13T23:25:20.972+0000] {dag.py:2726} INFO - Sync 1 DAGs
[2023-06-13T23:25:21.038+0000] {logging_mixin.py:149} INFO - [2023-06-13T23:25:21.038+0000] {dag.py:3490} INFO - Setting next_dagrun for example_branch_dop_operator_v3 to 2023-06-13T23:24:00+00:00, run_after=2023-06-13T23:25:00+00:00
[2023-06-13T23:25:21.083+0000] {processor.py:179} INFO - Processing /home/airflow/.local/lib/python3.7/site-packages/airflow/example_dags/example_branch_python_dop_operator_3.py took 0.191 seconds
[2023-06-13T23:25:51.568+0000] {processor.py:157} INFO - Started process (PID=15130) to work on /home/airflow/.local/lib/python3.7/site-packages/airflow/example_dags/example_branch_python_dop_operator_3.py
[2023-06-13T23:25:51.571+0000] {processor.py:826} INFO - Processing file /home/airflow/.local/lib/python3.7/site-packages/airflow/example_dags/example_branch_python_dop_operator_3.py for tasks to queue
[2023-06-13T23:25:51.573+0000] {logging_mixin.py:149} INFO - [2023-06-13T23:25:51.573+0000] {dagbag.py:541} INFO - Filling up the DagBag from /home/airflow/.local/lib/python3.7/site-packages/airflow/example_dags/example_branch_python_dop_operator_3.py
[2023-06-13T23:25:51.588+0000] {processor.py:836} INFO - DAG(s) dict_keys(['example_branch_dop_operator_v3']) retrieved from /home/airflow/.local/lib/python3.7/site-packages/airflow/example_dags/example_branch_python_dop_operator_3.py
[2023-06-13T23:25:51.650+0000] {logging_mixin.py:149} INFO - [2023-06-13T23:25:51.650+0000] {dag.py:2726} INFO - Sync 1 DAGs
[2023-06-13T23:25:51.717+0000] {logging_mixin.py:149} INFO - [2023-06-13T23:25:51.717+0000] {dag.py:3490} INFO - Setting next_dagrun for example_branch_dop_operator_v3 to 2023-06-13T23:24:00+00:00, run_after=2023-06-13T23:25:00+00:00
[2023-06-13T23:25:51.774+0000] {processor.py:179} INFO - Processing /home/airflow/.local/lib/python3.7/site-packages/airflow/example_dags/example_branch_python_dop_operator_3.py took 0.212 seconds
