[2023-06-13T22:54:07.828+0000] {processor.py:157} INFO - Started process (PID=198) to work on /home/airflow/.local/lib/python3.7/site-packages/airflow/example_dags/example_sensors.py
[2023-06-13T22:54:07.830+0000] {processor.py:826} INFO - Processing file /home/airflow/.local/lib/python3.7/site-packages/airflow/example_dags/example_sensors.py for tasks to queue
[2023-06-13T22:54:07.831+0000] {logging_mixin.py:149} INFO - [2023-06-13T22:54:07.831+0000] {dagbag.py:541} INFO - Filling up the DagBag from /home/airflow/.local/lib/python3.7/site-packages/airflow/example_dags/example_sensors.py
[2023-06-13T22:54:07.861+0000] {processor.py:836} INFO - DAG(s) dict_keys(['example_sensors']) retrieved from /home/airflow/.local/lib/python3.7/site-packages/airflow/example_dags/example_sensors.py
[2023-06-13T22:54:07.943+0000] {logging_mixin.py:149} INFO - [2023-06-13T22:54:07.943+0000] {dag.py:2726} INFO - Sync 1 DAGs
[2023-06-13T22:54:07.993+0000] {logging_mixin.py:149} INFO - [2023-06-13T22:54:07.993+0000] {dag.py:3490} INFO - Setting next_dagrun for example_sensors to None, run_after=None
[2023-06-13T22:54:08.042+0000] {processor.py:179} INFO - Processing /home/airflow/.local/lib/python3.7/site-packages/airflow/example_dags/example_sensors.py took 0.220 seconds
[2023-06-13T22:54:38.222+0000] {processor.py:157} INFO - Started process (PID=433) to work on /home/airflow/.local/lib/python3.7/site-packages/airflow/example_dags/example_sensors.py
[2023-06-13T22:54:38.225+0000] {processor.py:826} INFO - Processing file /home/airflow/.local/lib/python3.7/site-packages/airflow/example_dags/example_sensors.py for tasks to queue
[2023-06-13T22:54:38.226+0000] {logging_mixin.py:149} INFO - [2023-06-13T22:54:38.226+0000] {dagbag.py:541} INFO - Filling up the DagBag from /home/airflow/.local/lib/python3.7/site-packages/airflow/example_dags/example_sensors.py
[2023-06-13T22:54:38.241+0000] {processor.py:836} INFO - DAG(s) dict_keys(['example_sensors']) retrieved from /home/airflow/.local/lib/python3.7/site-packages/airflow/example_dags/example_sensors.py
[2023-06-13T22:54:38.303+0000] {logging_mixin.py:149} INFO - [2023-06-13T22:54:38.303+0000] {dag.py:2726} INFO - Sync 1 DAGs
[2023-06-13T22:54:38.347+0000] {logging_mixin.py:149} INFO - [2023-06-13T22:54:38.347+0000] {dag.py:3490} INFO - Setting next_dagrun for example_sensors to None, run_after=None
[2023-06-13T22:54:38.657+0000] {processor.py:179} INFO - Processing /home/airflow/.local/lib/python3.7/site-packages/airflow/example_dags/example_sensors.py took 0.441 seconds
[2023-06-13T22:55:09.128+0000] {processor.py:157} INFO - Started process (PID=673) to work on /home/airflow/.local/lib/python3.7/site-packages/airflow/example_dags/example_sensors.py
[2023-06-13T22:55:09.130+0000] {processor.py:826} INFO - Processing file /home/airflow/.local/lib/python3.7/site-packages/airflow/example_dags/example_sensors.py for tasks to queue
[2023-06-13T22:55:09.131+0000] {logging_mixin.py:149} INFO - [2023-06-13T22:55:09.131+0000] {dagbag.py:541} INFO - Filling up the DagBag from /home/airflow/.local/lib/python3.7/site-packages/airflow/example_dags/example_sensors.py
[2023-06-13T22:55:09.151+0000] {processor.py:836} INFO - DAG(s) dict_keys(['example_sensors']) retrieved from /home/airflow/.local/lib/python3.7/site-packages/airflow/example_dags/example_sensors.py
[2023-06-13T22:55:09.563+0000] {logging_mixin.py:149} INFO - [2023-06-13T22:55:09.562+0000] {dag.py:2726} INFO - Sync 1 DAGs
[2023-06-13T22:55:09.628+0000] {logging_mixin.py:149} INFO - [2023-06-13T22:55:09.628+0000] {dag.py:3490} INFO - Setting next_dagrun for example_sensors to None, run_after=None
[2023-06-13T22:55:09.690+0000] {processor.py:179} INFO - Processing /home/airflow/.local/lib/python3.7/site-packages/airflow/example_dags/example_sensors.py took 0.568 seconds
[2023-06-13T22:55:40.272+0000] {processor.py:157} INFO - Started process (PID=926) to work on /home/airflow/.local/lib/python3.7/site-packages/airflow/example_dags/example_sensors.py
[2023-06-13T22:55:40.274+0000] {processor.py:826} INFO - Processing file /home/airflow/.local/lib/python3.7/site-packages/airflow/example_dags/example_sensors.py for tasks to queue
[2023-06-13T22:55:40.276+0000] {logging_mixin.py:149} INFO - [2023-06-13T22:55:40.275+0000] {dagbag.py:541} INFO - Filling up the DagBag from /home/airflow/.local/lib/python3.7/site-packages/airflow/example_dags/example_sensors.py
[2023-06-13T22:55:40.293+0000] {processor.py:836} INFO - DAG(s) dict_keys(['example_sensors']) retrieved from /home/airflow/.local/lib/python3.7/site-packages/airflow/example_dags/example_sensors.py
[2023-06-13T22:55:40.379+0000] {logging_mixin.py:149} INFO - [2023-06-13T22:55:40.379+0000] {dag.py:2726} INFO - Sync 1 DAGs
[2023-06-13T22:55:40.444+0000] {logging_mixin.py:149} INFO - [2023-06-13T22:55:40.443+0000] {dag.py:3490} INFO - Setting next_dagrun for example_sensors to None, run_after=None
[2023-06-13T22:55:40.506+0000] {processor.py:179} INFO - Processing /home/airflow/.local/lib/python3.7/site-packages/airflow/example_dags/example_sensors.py took 0.239 seconds
[2023-06-13T22:56:10.991+0000] {processor.py:157} INFO - Started process (PID=1164) to work on /home/airflow/.local/lib/python3.7/site-packages/airflow/example_dags/example_sensors.py
[2023-06-13T22:56:10.994+0000] {processor.py:826} INFO - Processing file /home/airflow/.local/lib/python3.7/site-packages/airflow/example_dags/example_sensors.py for tasks to queue
[2023-06-13T22:56:10.996+0000] {logging_mixin.py:149} INFO - [2023-06-13T22:56:10.996+0000] {dagbag.py:541} INFO - Filling up the DagBag from /home/airflow/.local/lib/python3.7/site-packages/airflow/example_dags/example_sensors.py
[2023-06-13T22:56:11.019+0000] {processor.py:836} INFO - DAG(s) dict_keys(['example_sensors']) retrieved from /home/airflow/.local/lib/python3.7/site-packages/airflow/example_dags/example_sensors.py
[2023-06-13T22:56:11.086+0000] {logging_mixin.py:149} INFO - [2023-06-13T22:56:11.086+0000] {dag.py:2726} INFO - Sync 1 DAGs
[2023-06-13T22:56:11.155+0000] {logging_mixin.py:149} INFO - [2023-06-13T22:56:11.154+0000] {dag.py:3490} INFO - Setting next_dagrun for example_sensors to None, run_after=None
[2023-06-13T22:56:11.200+0000] {processor.py:179} INFO - Processing /home/airflow/.local/lib/python3.7/site-packages/airflow/example_dags/example_sensors.py took 0.216 seconds
[2023-06-13T22:56:41.284+0000] {processor.py:157} INFO - Started process (PID=1406) to work on /home/airflow/.local/lib/python3.7/site-packages/airflow/example_dags/example_sensors.py
[2023-06-13T22:56:41.286+0000] {processor.py:826} INFO - Processing file /home/airflow/.local/lib/python3.7/site-packages/airflow/example_dags/example_sensors.py for tasks to queue
[2023-06-13T22:56:41.287+0000] {logging_mixin.py:149} INFO - [2023-06-13T22:56:41.287+0000] {dagbag.py:541} INFO - Filling up the DagBag from /home/airflow/.local/lib/python3.7/site-packages/airflow/example_dags/example_sensors.py
[2023-06-13T22:56:41.302+0000] {processor.py:836} INFO - DAG(s) dict_keys(['example_sensors']) retrieved from /home/airflow/.local/lib/python3.7/site-packages/airflow/example_dags/example_sensors.py
[2023-06-13T22:56:41.356+0000] {logging_mixin.py:149} INFO - [2023-06-13T22:56:41.355+0000] {dag.py:2726} INFO - Sync 1 DAGs
[2023-06-13T22:56:41.394+0000] {logging_mixin.py:149} INFO - [2023-06-13T22:56:41.394+0000] {dag.py:3490} INFO - Setting next_dagrun for example_sensors to None, run_after=None
[2023-06-13T22:56:41.434+0000] {processor.py:179} INFO - Processing /home/airflow/.local/lib/python3.7/site-packages/airflow/example_dags/example_sensors.py took 0.155 seconds
[2023-06-13T22:57:11.896+0000] {processor.py:157} INFO - Started process (PID=1643) to work on /home/airflow/.local/lib/python3.7/site-packages/airflow/example_dags/example_sensors.py
[2023-06-13T22:57:11.898+0000] {processor.py:826} INFO - Processing file /home/airflow/.local/lib/python3.7/site-packages/airflow/example_dags/example_sensors.py for tasks to queue
[2023-06-13T22:57:11.899+0000] {logging_mixin.py:149} INFO - [2023-06-13T22:57:11.899+0000] {dagbag.py:541} INFO - Filling up the DagBag from /home/airflow/.local/lib/python3.7/site-packages/airflow/example_dags/example_sensors.py
[2023-06-13T22:57:11.914+0000] {processor.py:836} INFO - DAG(s) dict_keys(['example_sensors']) retrieved from /home/airflow/.local/lib/python3.7/site-packages/airflow/example_dags/example_sensors.py
[2023-06-13T22:57:11.980+0000] {logging_mixin.py:149} INFO - [2023-06-13T22:57:11.980+0000] {dag.py:2726} INFO - Sync 1 DAGs
[2023-06-13T22:57:12.029+0000] {logging_mixin.py:149} INFO - [2023-06-13T22:57:12.029+0000] {dag.py:3490} INFO - Setting next_dagrun for example_sensors to None, run_after=None
[2023-06-13T22:57:12.106+0000] {processor.py:179} INFO - Processing /home/airflow/.local/lib/python3.7/site-packages/airflow/example_dags/example_sensors.py took 0.215 seconds
[2023-06-13T22:57:42.743+0000] {processor.py:157} INFO - Started process (PID=1885) to work on /home/airflow/.local/lib/python3.7/site-packages/airflow/example_dags/example_sensors.py
[2023-06-13T22:57:42.744+0000] {processor.py:826} INFO - Processing file /home/airflow/.local/lib/python3.7/site-packages/airflow/example_dags/example_sensors.py for tasks to queue
[2023-06-13T22:57:42.745+0000] {logging_mixin.py:149} INFO - [2023-06-13T22:57:42.745+0000] {dagbag.py:541} INFO - Filling up the DagBag from /home/airflow/.local/lib/python3.7/site-packages/airflow/example_dags/example_sensors.py
[2023-06-13T22:57:42.758+0000] {processor.py:836} INFO - DAG(s) dict_keys(['example_sensors']) retrieved from /home/airflow/.local/lib/python3.7/site-packages/airflow/example_dags/example_sensors.py
[2023-06-13T22:57:42.826+0000] {logging_mixin.py:149} INFO - [2023-06-13T22:57:42.826+0000] {dag.py:2726} INFO - Sync 1 DAGs
[2023-06-13T22:57:42.886+0000] {logging_mixin.py:149} INFO - [2023-06-13T22:57:42.886+0000] {dag.py:3490} INFO - Setting next_dagrun for example_sensors to None, run_after=None
[2023-06-13T22:57:42.946+0000] {processor.py:179} INFO - Processing /home/airflow/.local/lib/python3.7/site-packages/airflow/example_dags/example_sensors.py took 0.207 seconds
[2023-06-13T22:58:13.669+0000] {processor.py:157} INFO - Started process (PID=2125) to work on /home/airflow/.local/lib/python3.7/site-packages/airflow/example_dags/example_sensors.py
[2023-06-13T22:58:13.672+0000] {processor.py:826} INFO - Processing file /home/airflow/.local/lib/python3.7/site-packages/airflow/example_dags/example_sensors.py for tasks to queue
[2023-06-13T22:58:13.673+0000] {logging_mixin.py:149} INFO - [2023-06-13T22:58:13.673+0000] {dagbag.py:541} INFO - Filling up the DagBag from /home/airflow/.local/lib/python3.7/site-packages/airflow/example_dags/example_sensors.py
[2023-06-13T22:58:13.693+0000] {processor.py:836} INFO - DAG(s) dict_keys(['example_sensors']) retrieved from /home/airflow/.local/lib/python3.7/site-packages/airflow/example_dags/example_sensors.py
[2023-06-13T22:58:13.749+0000] {logging_mixin.py:149} INFO - [2023-06-13T22:58:13.749+0000] {dag.py:2726} INFO - Sync 1 DAGs
[2023-06-13T22:58:13.802+0000] {logging_mixin.py:149} INFO - [2023-06-13T22:58:13.801+0000] {dag.py:3490} INFO - Setting next_dagrun for example_sensors to None, run_after=None
[2023-06-13T22:58:13.858+0000] {processor.py:179} INFO - Processing /home/airflow/.local/lib/python3.7/site-packages/airflow/example_dags/example_sensors.py took 0.195 seconds
[2023-06-13T22:58:44.125+0000] {processor.py:157} INFO - Started process (PID=2365) to work on /home/airflow/.local/lib/python3.7/site-packages/airflow/example_dags/example_sensors.py
[2023-06-13T22:58:44.128+0000] {processor.py:826} INFO - Processing file /home/airflow/.local/lib/python3.7/site-packages/airflow/example_dags/example_sensors.py for tasks to queue
[2023-06-13T22:58:44.130+0000] {logging_mixin.py:149} INFO - [2023-06-13T22:58:44.129+0000] {dagbag.py:541} INFO - Filling up the DagBag from /home/airflow/.local/lib/python3.7/site-packages/airflow/example_dags/example_sensors.py
[2023-06-13T22:58:44.152+0000] {processor.py:836} INFO - DAG(s) dict_keys(['example_sensors']) retrieved from /home/airflow/.local/lib/python3.7/site-packages/airflow/example_dags/example_sensors.py
[2023-06-13T22:58:44.228+0000] {logging_mixin.py:149} INFO - [2023-06-13T22:58:44.227+0000] {dag.py:2726} INFO - Sync 1 DAGs
[2023-06-13T22:58:44.290+0000] {logging_mixin.py:149} INFO - [2023-06-13T22:58:44.289+0000] {dag.py:3490} INFO - Setting next_dagrun for example_sensors to None, run_after=None
[2023-06-13T22:58:44.346+0000] {processor.py:179} INFO - Processing /home/airflow/.local/lib/python3.7/site-packages/airflow/example_dags/example_sensors.py took 0.231 seconds
[2023-06-13T22:59:14.892+0000] {processor.py:157} INFO - Started process (PID=2605) to work on /home/airflow/.local/lib/python3.7/site-packages/airflow/example_dags/example_sensors.py
[2023-06-13T22:59:14.894+0000] {processor.py:826} INFO - Processing file /home/airflow/.local/lib/python3.7/site-packages/airflow/example_dags/example_sensors.py for tasks to queue
[2023-06-13T22:59:14.896+0000] {logging_mixin.py:149} INFO - [2023-06-13T22:59:14.896+0000] {dagbag.py:541} INFO - Filling up the DagBag from /home/airflow/.local/lib/python3.7/site-packages/airflow/example_dags/example_sensors.py
[2023-06-13T22:59:14.919+0000] {processor.py:836} INFO - DAG(s) dict_keys(['example_sensors']) retrieved from /home/airflow/.local/lib/python3.7/site-packages/airflow/example_dags/example_sensors.py
[2023-06-13T22:59:14.987+0000] {logging_mixin.py:149} INFO - [2023-06-13T22:59:14.987+0000] {dag.py:2726} INFO - Sync 1 DAGs
[2023-06-13T22:59:15.052+0000] {logging_mixin.py:149} INFO - [2023-06-13T22:59:15.052+0000] {dag.py:3490} INFO - Setting next_dagrun for example_sensors to None, run_after=None
[2023-06-13T22:59:15.123+0000] {processor.py:179} INFO - Processing /home/airflow/.local/lib/python3.7/site-packages/airflow/example_dags/example_sensors.py took 0.238 seconds
[2023-06-13T22:59:45.455+0000] {processor.py:157} INFO - Started process (PID=2845) to work on /home/airflow/.local/lib/python3.7/site-packages/airflow/example_dags/example_sensors.py
[2023-06-13T22:59:45.458+0000] {processor.py:826} INFO - Processing file /home/airflow/.local/lib/python3.7/site-packages/airflow/example_dags/example_sensors.py for tasks to queue
[2023-06-13T22:59:45.459+0000] {logging_mixin.py:149} INFO - [2023-06-13T22:59:45.459+0000] {dagbag.py:541} INFO - Filling up the DagBag from /home/airflow/.local/lib/python3.7/site-packages/airflow/example_dags/example_sensors.py
[2023-06-13T22:59:45.486+0000] {processor.py:836} INFO - DAG(s) dict_keys(['example_sensors']) retrieved from /home/airflow/.local/lib/python3.7/site-packages/airflow/example_dags/example_sensors.py
[2023-06-13T22:59:45.572+0000] {logging_mixin.py:149} INFO - [2023-06-13T22:59:45.571+0000] {dag.py:2726} INFO - Sync 1 DAGs
[2023-06-13T22:59:45.637+0000] {logging_mixin.py:149} INFO - [2023-06-13T22:59:45.637+0000] {dag.py:3490} INFO - Setting next_dagrun for example_sensors to None, run_after=None
[2023-06-13T22:59:45.695+0000] {processor.py:179} INFO - Processing /home/airflow/.local/lib/python3.7/site-packages/airflow/example_dags/example_sensors.py took 0.250 seconds
[2023-06-13T23:00:15.931+0000] {processor.py:157} INFO - Started process (PID=3085) to work on /home/airflow/.local/lib/python3.7/site-packages/airflow/example_dags/example_sensors.py
[2023-06-13T23:00:15.933+0000] {processor.py:826} INFO - Processing file /home/airflow/.local/lib/python3.7/site-packages/airflow/example_dags/example_sensors.py for tasks to queue
[2023-06-13T23:00:15.936+0000] {logging_mixin.py:149} INFO - [2023-06-13T23:00:15.935+0000] {dagbag.py:541} INFO - Filling up the DagBag from /home/airflow/.local/lib/python3.7/site-packages/airflow/example_dags/example_sensors.py
[2023-06-13T23:00:15.958+0000] {processor.py:836} INFO - DAG(s) dict_keys(['example_sensors']) retrieved from /home/airflow/.local/lib/python3.7/site-packages/airflow/example_dags/example_sensors.py
[2023-06-13T23:00:16.027+0000] {logging_mixin.py:149} INFO - [2023-06-13T23:00:16.027+0000] {dag.py:2726} INFO - Sync 1 DAGs
[2023-06-13T23:00:16.083+0000] {logging_mixin.py:149} INFO - [2023-06-13T23:00:16.082+0000] {dag.py:3490} INFO - Setting next_dagrun for example_sensors to None, run_after=None
[2023-06-13T23:00:16.151+0000] {processor.py:179} INFO - Processing /home/airflow/.local/lib/python3.7/site-packages/airflow/example_dags/example_sensors.py took 0.228 seconds
[2023-06-13T23:00:46.831+0000] {processor.py:157} INFO - Started process (PID=3325) to work on /home/airflow/.local/lib/python3.7/site-packages/airflow/example_dags/example_sensors.py
[2023-06-13T23:00:46.835+0000] {processor.py:826} INFO - Processing file /home/airflow/.local/lib/python3.7/site-packages/airflow/example_dags/example_sensors.py for tasks to queue
[2023-06-13T23:00:46.837+0000] {logging_mixin.py:149} INFO - [2023-06-13T23:00:46.836+0000] {dagbag.py:541} INFO - Filling up the DagBag from /home/airflow/.local/lib/python3.7/site-packages/airflow/example_dags/example_sensors.py
[2023-06-13T23:00:46.853+0000] {processor.py:836} INFO - DAG(s) dict_keys(['example_sensors']) retrieved from /home/airflow/.local/lib/python3.7/site-packages/airflow/example_dags/example_sensors.py
[2023-06-13T23:00:46.928+0000] {logging_mixin.py:149} INFO - [2023-06-13T23:00:46.928+0000] {dag.py:2726} INFO - Sync 1 DAGs
[2023-06-13T23:00:46.982+0000] {logging_mixin.py:149} INFO - [2023-06-13T23:00:46.982+0000] {dag.py:3490} INFO - Setting next_dagrun for example_sensors to None, run_after=None
[2023-06-13T23:00:47.031+0000] {processor.py:179} INFO - Processing /home/airflow/.local/lib/python3.7/site-packages/airflow/example_dags/example_sensors.py took 0.206 seconds
[2023-06-13T23:01:17.162+0000] {processor.py:157} INFO - Started process (PID=3563) to work on /home/airflow/.local/lib/python3.7/site-packages/airflow/example_dags/example_sensors.py
[2023-06-13T23:01:17.166+0000] {processor.py:826} INFO - Processing file /home/airflow/.local/lib/python3.7/site-packages/airflow/example_dags/example_sensors.py for tasks to queue
[2023-06-13T23:01:17.167+0000] {logging_mixin.py:149} INFO - [2023-06-13T23:01:17.166+0000] {dagbag.py:541} INFO - Filling up the DagBag from /home/airflow/.local/lib/python3.7/site-packages/airflow/example_dags/example_sensors.py
[2023-06-13T23:01:17.190+0000] {processor.py:836} INFO - DAG(s) dict_keys(['example_sensors']) retrieved from /home/airflow/.local/lib/python3.7/site-packages/airflow/example_dags/example_sensors.py
[2023-06-13T23:01:17.261+0000] {logging_mixin.py:149} INFO - [2023-06-13T23:01:17.260+0000] {dag.py:2726} INFO - Sync 1 DAGs
[2023-06-13T23:01:17.333+0000] {logging_mixin.py:149} INFO - [2023-06-13T23:01:17.333+0000] {dag.py:3490} INFO - Setting next_dagrun for example_sensors to None, run_after=None
[2023-06-13T23:01:17.395+0000] {processor.py:179} INFO - Processing /home/airflow/.local/lib/python3.7/site-packages/airflow/example_dags/example_sensors.py took 0.241 seconds
[2023-06-13T23:01:47.728+0000] {processor.py:157} INFO - Started process (PID=3805) to work on /home/airflow/.local/lib/python3.7/site-packages/airflow/example_dags/example_sensors.py
[2023-06-13T23:01:47.730+0000] {processor.py:826} INFO - Processing file /home/airflow/.local/lib/python3.7/site-packages/airflow/example_dags/example_sensors.py for tasks to queue
[2023-06-13T23:01:47.732+0000] {logging_mixin.py:149} INFO - [2023-06-13T23:01:47.731+0000] {dagbag.py:541} INFO - Filling up the DagBag from /home/airflow/.local/lib/python3.7/site-packages/airflow/example_dags/example_sensors.py
[2023-06-13T23:01:47.750+0000] {processor.py:836} INFO - DAG(s) dict_keys(['example_sensors']) retrieved from /home/airflow/.local/lib/python3.7/site-packages/airflow/example_dags/example_sensors.py
[2023-06-13T23:01:47.813+0000] {logging_mixin.py:149} INFO - [2023-06-13T23:01:47.813+0000] {dag.py:2726} INFO - Sync 1 DAGs
[2023-06-13T23:01:47.857+0000] {logging_mixin.py:149} INFO - [2023-06-13T23:01:47.857+0000] {dag.py:3490} INFO - Setting next_dagrun for example_sensors to None, run_after=None
[2023-06-13T23:01:47.901+0000] {processor.py:179} INFO - Processing /home/airflow/.local/lib/python3.7/site-packages/airflow/example_dags/example_sensors.py took 0.181 seconds
[2023-06-13T23:02:18.637+0000] {processor.py:157} INFO - Started process (PID=4044) to work on /home/airflow/.local/lib/python3.7/site-packages/airflow/example_dags/example_sensors.py
[2023-06-13T23:02:18.640+0000] {processor.py:826} INFO - Processing file /home/airflow/.local/lib/python3.7/site-packages/airflow/example_dags/example_sensors.py for tasks to queue
[2023-06-13T23:02:18.642+0000] {logging_mixin.py:149} INFO - [2023-06-13T23:02:18.642+0000] {dagbag.py:541} INFO - Filling up the DagBag from /home/airflow/.local/lib/python3.7/site-packages/airflow/example_dags/example_sensors.py
[2023-06-13T23:02:18.665+0000] {processor.py:836} INFO - DAG(s) dict_keys(['example_sensors']) retrieved from /home/airflow/.local/lib/python3.7/site-packages/airflow/example_dags/example_sensors.py
[2023-06-13T23:02:18.748+0000] {logging_mixin.py:149} INFO - [2023-06-13T23:02:18.748+0000] {dag.py:2726} INFO - Sync 1 DAGs
[2023-06-13T23:02:18.814+0000] {logging_mixin.py:149} INFO - [2023-06-13T23:02:18.814+0000] {dag.py:3490} INFO - Setting next_dagrun for example_sensors to None, run_after=None
[2023-06-13T23:02:18.884+0000] {processor.py:179} INFO - Processing /home/airflow/.local/lib/python3.7/site-packages/airflow/example_dags/example_sensors.py took 0.255 seconds
[2023-06-13T23:02:49.403+0000] {processor.py:157} INFO - Started process (PID=4284) to work on /home/airflow/.local/lib/python3.7/site-packages/airflow/example_dags/example_sensors.py
[2023-06-13T23:02:49.405+0000] {processor.py:826} INFO - Processing file /home/airflow/.local/lib/python3.7/site-packages/airflow/example_dags/example_sensors.py for tasks to queue
[2023-06-13T23:02:49.407+0000] {logging_mixin.py:149} INFO - [2023-06-13T23:02:49.406+0000] {dagbag.py:541} INFO - Filling up the DagBag from /home/airflow/.local/lib/python3.7/site-packages/airflow/example_dags/example_sensors.py
[2023-06-13T23:02:49.425+0000] {processor.py:836} INFO - DAG(s) dict_keys(['example_sensors']) retrieved from /home/airflow/.local/lib/python3.7/site-packages/airflow/example_dags/example_sensors.py
[2023-06-13T23:02:49.473+0000] {logging_mixin.py:149} INFO - [2023-06-13T23:02:49.473+0000] {dag.py:2726} INFO - Sync 1 DAGs
[2023-06-13T23:02:49.506+0000] {logging_mixin.py:149} INFO - [2023-06-13T23:02:49.505+0000] {dag.py:3490} INFO - Setting next_dagrun for example_sensors to None, run_after=None
[2023-06-13T23:02:49.548+0000] {processor.py:179} INFO - Processing /home/airflow/.local/lib/python3.7/site-packages/airflow/example_dags/example_sensors.py took 0.150 seconds
[2023-06-13T23:03:19.956+0000] {processor.py:157} INFO - Started process (PID=4523) to work on /home/airflow/.local/lib/python3.7/site-packages/airflow/example_dags/example_sensors.py
[2023-06-13T23:03:19.958+0000] {processor.py:826} INFO - Processing file /home/airflow/.local/lib/python3.7/site-packages/airflow/example_dags/example_sensors.py for tasks to queue
[2023-06-13T23:03:19.959+0000] {logging_mixin.py:149} INFO - [2023-06-13T23:03:19.959+0000] {dagbag.py:541} INFO - Filling up the DagBag from /home/airflow/.local/lib/python3.7/site-packages/airflow/example_dags/example_sensors.py
[2023-06-13T23:03:19.974+0000] {processor.py:836} INFO - DAG(s) dict_keys(['example_sensors']) retrieved from /home/airflow/.local/lib/python3.7/site-packages/airflow/example_dags/example_sensors.py
[2023-06-13T23:03:20.021+0000] {logging_mixin.py:149} INFO - [2023-06-13T23:03:20.021+0000] {dag.py:2726} INFO - Sync 1 DAGs
[2023-06-13T23:03:20.066+0000] {logging_mixin.py:149} INFO - [2023-06-13T23:03:20.065+0000] {dag.py:3490} INFO - Setting next_dagrun for example_sensors to None, run_after=None
[2023-06-13T23:03:20.114+0000] {processor.py:179} INFO - Processing /home/airflow/.local/lib/python3.7/site-packages/airflow/example_dags/example_sensors.py took 0.162 seconds
[2023-06-13T23:03:50.526+0000] {processor.py:157} INFO - Started process (PID=4763) to work on /home/airflow/.local/lib/python3.7/site-packages/airflow/example_dags/example_sensors.py
[2023-06-13T23:03:50.528+0000] {processor.py:826} INFO - Processing file /home/airflow/.local/lib/python3.7/site-packages/airflow/example_dags/example_sensors.py for tasks to queue
[2023-06-13T23:03:50.529+0000] {logging_mixin.py:149} INFO - [2023-06-13T23:03:50.529+0000] {dagbag.py:541} INFO - Filling up the DagBag from /home/airflow/.local/lib/python3.7/site-packages/airflow/example_dags/example_sensors.py
[2023-06-13T23:03:50.545+0000] {processor.py:836} INFO - DAG(s) dict_keys(['example_sensors']) retrieved from /home/airflow/.local/lib/python3.7/site-packages/airflow/example_dags/example_sensors.py
[2023-06-13T23:03:50.598+0000] {logging_mixin.py:149} INFO - [2023-06-13T23:03:50.598+0000] {dag.py:2726} INFO - Sync 1 DAGs
[2023-06-13T23:03:50.638+0000] {logging_mixin.py:149} INFO - [2023-06-13T23:03:50.638+0000] {dag.py:3490} INFO - Setting next_dagrun for example_sensors to None, run_after=None
[2023-06-13T23:03:50.680+0000] {processor.py:179} INFO - Processing /home/airflow/.local/lib/python3.7/site-packages/airflow/example_dags/example_sensors.py took 0.157 seconds
[2023-06-13T23:04:21.411+0000] {processor.py:157} INFO - Started process (PID=5003) to work on /home/airflow/.local/lib/python3.7/site-packages/airflow/example_dags/example_sensors.py
[2023-06-13T23:04:21.413+0000] {processor.py:826} INFO - Processing file /home/airflow/.local/lib/python3.7/site-packages/airflow/example_dags/example_sensors.py for tasks to queue
[2023-06-13T23:04:21.415+0000] {logging_mixin.py:149} INFO - [2023-06-13T23:04:21.414+0000] {dagbag.py:541} INFO - Filling up the DagBag from /home/airflow/.local/lib/python3.7/site-packages/airflow/example_dags/example_sensors.py
[2023-06-13T23:04:21.429+0000] {processor.py:836} INFO - DAG(s) dict_keys(['example_sensors']) retrieved from /home/airflow/.local/lib/python3.7/site-packages/airflow/example_dags/example_sensors.py
[2023-06-13T23:04:21.485+0000] {logging_mixin.py:149} INFO - [2023-06-13T23:04:21.485+0000] {dag.py:2726} INFO - Sync 1 DAGs
[2023-06-13T23:04:21.529+0000] {logging_mixin.py:149} INFO - [2023-06-13T23:04:21.529+0000] {dag.py:3490} INFO - Setting next_dagrun for example_sensors to None, run_after=None
[2023-06-13T23:04:21.582+0000] {processor.py:179} INFO - Processing /home/airflow/.local/lib/python3.7/site-packages/airflow/example_dags/example_sensors.py took 0.177 seconds
[2023-06-13T23:04:52.231+0000] {processor.py:157} INFO - Started process (PID=5243) to work on /home/airflow/.local/lib/python3.7/site-packages/airflow/example_dags/example_sensors.py
[2023-06-13T23:04:52.234+0000] {processor.py:826} INFO - Processing file /home/airflow/.local/lib/python3.7/site-packages/airflow/example_dags/example_sensors.py for tasks to queue
[2023-06-13T23:04:52.235+0000] {logging_mixin.py:149} INFO - [2023-06-13T23:04:52.235+0000] {dagbag.py:541} INFO - Filling up the DagBag from /home/airflow/.local/lib/python3.7/site-packages/airflow/example_dags/example_sensors.py
[2023-06-13T23:04:52.254+0000] {processor.py:836} INFO - DAG(s) dict_keys(['example_sensors']) retrieved from /home/airflow/.local/lib/python3.7/site-packages/airflow/example_dags/example_sensors.py
[2023-06-13T23:04:52.330+0000] {logging_mixin.py:149} INFO - [2023-06-13T23:04:52.330+0000] {dag.py:2726} INFO - Sync 1 DAGs
[2023-06-13T23:04:52.378+0000] {logging_mixin.py:149} INFO - [2023-06-13T23:04:52.378+0000] {dag.py:3490} INFO - Setting next_dagrun for example_sensors to None, run_after=None
[2023-06-13T23:04:52.418+0000] {processor.py:179} INFO - Processing /home/airflow/.local/lib/python3.7/site-packages/airflow/example_dags/example_sensors.py took 0.193 seconds
[2023-06-13T23:05:22.798+0000] {processor.py:157} INFO - Started process (PID=5483) to work on /home/airflow/.local/lib/python3.7/site-packages/airflow/example_dags/example_sensors.py
[2023-06-13T23:05:22.801+0000] {processor.py:826} INFO - Processing file /home/airflow/.local/lib/python3.7/site-packages/airflow/example_dags/example_sensors.py for tasks to queue
[2023-06-13T23:05:22.802+0000] {logging_mixin.py:149} INFO - [2023-06-13T23:05:22.802+0000] {dagbag.py:541} INFO - Filling up the DagBag from /home/airflow/.local/lib/python3.7/site-packages/airflow/example_dags/example_sensors.py
[2023-06-13T23:05:22.822+0000] {processor.py:836} INFO - DAG(s) dict_keys(['example_sensors']) retrieved from /home/airflow/.local/lib/python3.7/site-packages/airflow/example_dags/example_sensors.py
[2023-06-13T23:05:22.896+0000] {logging_mixin.py:149} INFO - [2023-06-13T23:05:22.896+0000] {dag.py:2726} INFO - Sync 1 DAGs
[2023-06-13T23:05:22.957+0000] {logging_mixin.py:149} INFO - [2023-06-13T23:05:22.957+0000] {dag.py:3490} INFO - Setting next_dagrun for example_sensors to None, run_after=None
[2023-06-13T23:05:23.015+0000] {processor.py:179} INFO - Processing /home/airflow/.local/lib/python3.7/site-packages/airflow/example_dags/example_sensors.py took 0.222 seconds
[2023-06-13T23:05:53.575+0000] {processor.py:157} INFO - Started process (PID=5723) to work on /home/airflow/.local/lib/python3.7/site-packages/airflow/example_dags/example_sensors.py
[2023-06-13T23:05:53.577+0000] {processor.py:826} INFO - Processing file /home/airflow/.local/lib/python3.7/site-packages/airflow/example_dags/example_sensors.py for tasks to queue
[2023-06-13T23:05:53.578+0000] {logging_mixin.py:149} INFO - [2023-06-13T23:05:53.578+0000] {dagbag.py:541} INFO - Filling up the DagBag from /home/airflow/.local/lib/python3.7/site-packages/airflow/example_dags/example_sensors.py
[2023-06-13T23:05:53.597+0000] {processor.py:836} INFO - DAG(s) dict_keys(['example_sensors']) retrieved from /home/airflow/.local/lib/python3.7/site-packages/airflow/example_dags/example_sensors.py
[2023-06-13T23:05:53.669+0000] {logging_mixin.py:149} INFO - [2023-06-13T23:05:53.669+0000] {dag.py:2726} INFO - Sync 1 DAGs
[2023-06-13T23:05:53.711+0000] {logging_mixin.py:149} INFO - [2023-06-13T23:05:53.710+0000] {dag.py:3490} INFO - Setting next_dagrun for example_sensors to None, run_after=None
[2023-06-13T23:05:53.770+0000] {processor.py:179} INFO - Processing /home/airflow/.local/lib/python3.7/site-packages/airflow/example_dags/example_sensors.py took 0.199 seconds
[2023-06-13T23:06:24.084+0000] {processor.py:157} INFO - Started process (PID=5963) to work on /home/airflow/.local/lib/python3.7/site-packages/airflow/example_dags/example_sensors.py
[2023-06-13T23:06:24.086+0000] {processor.py:826} INFO - Processing file /home/airflow/.local/lib/python3.7/site-packages/airflow/example_dags/example_sensors.py for tasks to queue
[2023-06-13T23:06:24.087+0000] {logging_mixin.py:149} INFO - [2023-06-13T23:06:24.087+0000] {dagbag.py:541} INFO - Filling up the DagBag from /home/airflow/.local/lib/python3.7/site-packages/airflow/example_dags/example_sensors.py
[2023-06-13T23:06:24.104+0000] {processor.py:836} INFO - DAG(s) dict_keys(['example_sensors']) retrieved from /home/airflow/.local/lib/python3.7/site-packages/airflow/example_dags/example_sensors.py
[2023-06-13T23:06:24.173+0000] {logging_mixin.py:149} INFO - [2023-06-13T23:06:24.172+0000] {dag.py:2726} INFO - Sync 1 DAGs
[2023-06-13T23:06:24.234+0000] {logging_mixin.py:149} INFO - [2023-06-13T23:06:24.234+0000] {dag.py:3490} INFO - Setting next_dagrun for example_sensors to None, run_after=None
[2023-06-13T23:06:24.276+0000] {processor.py:179} INFO - Processing /home/airflow/.local/lib/python3.7/site-packages/airflow/example_dags/example_sensors.py took 0.196 seconds
[2023-06-13T23:06:54.551+0000] {processor.py:157} INFO - Started process (PID=6203) to work on /home/airflow/.local/lib/python3.7/site-packages/airflow/example_dags/example_sensors.py
[2023-06-13T23:06:54.553+0000] {processor.py:826} INFO - Processing file /home/airflow/.local/lib/python3.7/site-packages/airflow/example_dags/example_sensors.py for tasks to queue
[2023-06-13T23:06:54.554+0000] {logging_mixin.py:149} INFO - [2023-06-13T23:06:54.553+0000] {dagbag.py:541} INFO - Filling up the DagBag from /home/airflow/.local/lib/python3.7/site-packages/airflow/example_dags/example_sensors.py
[2023-06-13T23:06:54.568+0000] {processor.py:836} INFO - DAG(s) dict_keys(['example_sensors']) retrieved from /home/airflow/.local/lib/python3.7/site-packages/airflow/example_dags/example_sensors.py
[2023-06-13T23:06:54.632+0000] {logging_mixin.py:149} INFO - [2023-06-13T23:06:54.631+0000] {dag.py:2726} INFO - Sync 1 DAGs
[2023-06-13T23:06:54.682+0000] {logging_mixin.py:149} INFO - [2023-06-13T23:06:54.681+0000] {dag.py:3490} INFO - Setting next_dagrun for example_sensors to None, run_after=None
[2023-06-13T23:06:54.733+0000] {processor.py:179} INFO - Processing /home/airflow/.local/lib/python3.7/site-packages/airflow/example_dags/example_sensors.py took 0.187 seconds
[2023-06-13T23:07:24.998+0000] {processor.py:157} INFO - Started process (PID=6444) to work on /home/airflow/.local/lib/python3.7/site-packages/airflow/example_dags/example_sensors.py
[2023-06-13T23:07:25.003+0000] {processor.py:826} INFO - Processing file /home/airflow/.local/lib/python3.7/site-packages/airflow/example_dags/example_sensors.py for tasks to queue
[2023-06-13T23:07:25.005+0000] {logging_mixin.py:149} INFO - [2023-06-13T23:07:25.005+0000] {dagbag.py:541} INFO - Filling up the DagBag from /home/airflow/.local/lib/python3.7/site-packages/airflow/example_dags/example_sensors.py
[2023-06-13T23:07:25.024+0000] {processor.py:836} INFO - DAG(s) dict_keys(['example_sensors']) retrieved from /home/airflow/.local/lib/python3.7/site-packages/airflow/example_dags/example_sensors.py
[2023-06-13T23:07:25.090+0000] {logging_mixin.py:149} INFO - [2023-06-13T23:07:25.090+0000] {dag.py:2726} INFO - Sync 1 DAGs
[2023-06-13T23:07:25.139+0000] {logging_mixin.py:149} INFO - [2023-06-13T23:07:25.138+0000] {dag.py:3490} INFO - Setting next_dagrun for example_sensors to None, run_after=None
[2023-06-13T23:07:25.184+0000] {processor.py:179} INFO - Processing /home/airflow/.local/lib/python3.7/site-packages/airflow/example_dags/example_sensors.py took 0.194 seconds
[2023-06-13T23:07:55.458+0000] {processor.py:157} INFO - Started process (PID=6683) to work on /home/airflow/.local/lib/python3.7/site-packages/airflow/example_dags/example_sensors.py
[2023-06-13T23:07:55.460+0000] {processor.py:826} INFO - Processing file /home/airflow/.local/lib/python3.7/site-packages/airflow/example_dags/example_sensors.py for tasks to queue
[2023-06-13T23:07:55.461+0000] {logging_mixin.py:149} INFO - [2023-06-13T23:07:55.461+0000] {dagbag.py:541} INFO - Filling up the DagBag from /home/airflow/.local/lib/python3.7/site-packages/airflow/example_dags/example_sensors.py
[2023-06-13T23:07:55.483+0000] {processor.py:836} INFO - DAG(s) dict_keys(['example_sensors']) retrieved from /home/airflow/.local/lib/python3.7/site-packages/airflow/example_dags/example_sensors.py
[2023-06-13T23:07:55.536+0000] {logging_mixin.py:149} INFO - [2023-06-13T23:07:55.535+0000] {dag.py:2726} INFO - Sync 1 DAGs
[2023-06-13T23:07:55.585+0000] {logging_mixin.py:149} INFO - [2023-06-13T23:07:55.585+0000] {dag.py:3490} INFO - Setting next_dagrun for example_sensors to None, run_after=None
[2023-06-13T23:07:55.628+0000] {processor.py:179} INFO - Processing /home/airflow/.local/lib/python3.7/site-packages/airflow/example_dags/example_sensors.py took 0.175 seconds
[2023-06-13T23:08:26.200+0000] {processor.py:157} INFO - Started process (PID=6922) to work on /home/airflow/.local/lib/python3.7/site-packages/airflow/example_dags/example_sensors.py
[2023-06-13T23:08:26.202+0000] {processor.py:826} INFO - Processing file /home/airflow/.local/lib/python3.7/site-packages/airflow/example_dags/example_sensors.py for tasks to queue
[2023-06-13T23:08:26.204+0000] {logging_mixin.py:149} INFO - [2023-06-13T23:08:26.203+0000] {dagbag.py:541} INFO - Filling up the DagBag from /home/airflow/.local/lib/python3.7/site-packages/airflow/example_dags/example_sensors.py
[2023-06-13T23:08:26.221+0000] {processor.py:836} INFO - DAG(s) dict_keys(['example_sensors']) retrieved from /home/airflow/.local/lib/python3.7/site-packages/airflow/example_dags/example_sensors.py
[2023-06-13T23:08:26.277+0000] {logging_mixin.py:149} INFO - [2023-06-13T23:08:26.277+0000] {dag.py:2726} INFO - Sync 1 DAGs
[2023-06-13T23:08:26.333+0000] {logging_mixin.py:149} INFO - [2023-06-13T23:08:26.333+0000] {dag.py:3490} INFO - Setting next_dagrun for example_sensors to None, run_after=None
[2023-06-13T23:08:26.381+0000] {processor.py:179} INFO - Processing /home/airflow/.local/lib/python3.7/site-packages/airflow/example_dags/example_sensors.py took 0.184 seconds
[2023-06-13T23:08:56.686+0000] {processor.py:157} INFO - Started process (PID=7161) to work on /home/airflow/.local/lib/python3.7/site-packages/airflow/example_dags/example_sensors.py
[2023-06-13T23:08:56.688+0000] {processor.py:826} INFO - Processing file /home/airflow/.local/lib/python3.7/site-packages/airflow/example_dags/example_sensors.py for tasks to queue
[2023-06-13T23:08:56.690+0000] {logging_mixin.py:149} INFO - [2023-06-13T23:08:56.689+0000] {dagbag.py:541} INFO - Filling up the DagBag from /home/airflow/.local/lib/python3.7/site-packages/airflow/example_dags/example_sensors.py
[2023-06-13T23:08:56.707+0000] {processor.py:836} INFO - DAG(s) dict_keys(['example_sensors']) retrieved from /home/airflow/.local/lib/python3.7/site-packages/airflow/example_dags/example_sensors.py
[2023-06-13T23:08:56.766+0000] {logging_mixin.py:149} INFO - [2023-06-13T23:08:56.765+0000] {dag.py:2726} INFO - Sync 1 DAGs
[2023-06-13T23:08:56.818+0000] {logging_mixin.py:149} INFO - [2023-06-13T23:08:56.818+0000] {dag.py:3490} INFO - Setting next_dagrun for example_sensors to None, run_after=None
[2023-06-13T23:08:56.881+0000] {processor.py:179} INFO - Processing /home/airflow/.local/lib/python3.7/site-packages/airflow/example_dags/example_sensors.py took 0.202 seconds
[2023-06-13T23:09:27.162+0000] {processor.py:157} INFO - Started process (PID=7401) to work on /home/airflow/.local/lib/python3.7/site-packages/airflow/example_dags/example_sensors.py
[2023-06-13T23:09:27.166+0000] {processor.py:826} INFO - Processing file /home/airflow/.local/lib/python3.7/site-packages/airflow/example_dags/example_sensors.py for tasks to queue
[2023-06-13T23:09:27.167+0000] {logging_mixin.py:149} INFO - [2023-06-13T23:09:27.167+0000] {dagbag.py:541} INFO - Filling up the DagBag from /home/airflow/.local/lib/python3.7/site-packages/airflow/example_dags/example_sensors.py
[2023-06-13T23:09:27.182+0000] {processor.py:836} INFO - DAG(s) dict_keys(['example_sensors']) retrieved from /home/airflow/.local/lib/python3.7/site-packages/airflow/example_dags/example_sensors.py
[2023-06-13T23:09:27.249+0000] {logging_mixin.py:149} INFO - [2023-06-13T23:09:27.249+0000] {dag.py:2726} INFO - Sync 1 DAGs
[2023-06-13T23:09:27.293+0000] {logging_mixin.py:149} INFO - [2023-06-13T23:09:27.292+0000] {dag.py:3490} INFO - Setting next_dagrun for example_sensors to None, run_after=None
[2023-06-13T23:09:27.336+0000] {processor.py:179} INFO - Processing /home/airflow/.local/lib/python3.7/site-packages/airflow/example_dags/example_sensors.py took 0.179 seconds
[2023-06-13T23:09:57.531+0000] {processor.py:157} INFO - Started process (PID=7641) to work on /home/airflow/.local/lib/python3.7/site-packages/airflow/example_dags/example_sensors.py
[2023-06-13T23:09:57.533+0000] {processor.py:826} INFO - Processing file /home/airflow/.local/lib/python3.7/site-packages/airflow/example_dags/example_sensors.py for tasks to queue
[2023-06-13T23:09:57.535+0000] {logging_mixin.py:149} INFO - [2023-06-13T23:09:57.534+0000] {dagbag.py:541} INFO - Filling up the DagBag from /home/airflow/.local/lib/python3.7/site-packages/airflow/example_dags/example_sensors.py
[2023-06-13T23:09:57.552+0000] {processor.py:836} INFO - DAG(s) dict_keys(['example_sensors']) retrieved from /home/airflow/.local/lib/python3.7/site-packages/airflow/example_dags/example_sensors.py
[2023-06-13T23:09:57.621+0000] {logging_mixin.py:149} INFO - [2023-06-13T23:09:57.620+0000] {dag.py:2726} INFO - Sync 1 DAGs
[2023-06-13T23:09:57.665+0000] {logging_mixin.py:149} INFO - [2023-06-13T23:09:57.665+0000] {dag.py:3490} INFO - Setting next_dagrun for example_sensors to None, run_after=None
[2023-06-13T23:09:57.721+0000] {processor.py:179} INFO - Processing /home/airflow/.local/lib/python3.7/site-packages/airflow/example_dags/example_sensors.py took 0.196 seconds
[2023-06-13T23:10:28.149+0000] {processor.py:157} INFO - Started process (PID=7888) to work on /home/airflow/.local/lib/python3.7/site-packages/airflow/example_dags/example_sensors.py
[2023-06-13T23:10:28.151+0000] {processor.py:826} INFO - Processing file /home/airflow/.local/lib/python3.7/site-packages/airflow/example_dags/example_sensors.py for tasks to queue
[2023-06-13T23:10:28.153+0000] {logging_mixin.py:149} INFO - [2023-06-13T23:10:28.152+0000] {dagbag.py:541} INFO - Filling up the DagBag from /home/airflow/.local/lib/python3.7/site-packages/airflow/example_dags/example_sensors.py
[2023-06-13T23:10:28.170+0000] {processor.py:836} INFO - DAG(s) dict_keys(['example_sensors']) retrieved from /home/airflow/.local/lib/python3.7/site-packages/airflow/example_dags/example_sensors.py
[2023-06-13T23:10:28.241+0000] {logging_mixin.py:149} INFO - [2023-06-13T23:10:28.239+0000] {dag.py:2726} INFO - Sync 1 DAGs
[2023-06-13T23:10:28.293+0000] {logging_mixin.py:149} INFO - [2023-06-13T23:10:28.292+0000] {dag.py:3490} INFO - Setting next_dagrun for example_sensors to None, run_after=None
[2023-06-13T23:10:28.349+0000] {processor.py:179} INFO - Processing /home/airflow/.local/lib/python3.7/site-packages/airflow/example_dags/example_sensors.py took 0.206 seconds
[2023-06-13T23:10:58.769+0000] {processor.py:157} INFO - Started process (PID=8128) to work on /home/airflow/.local/lib/python3.7/site-packages/airflow/example_dags/example_sensors.py
[2023-06-13T23:10:58.771+0000] {processor.py:826} INFO - Processing file /home/airflow/.local/lib/python3.7/site-packages/airflow/example_dags/example_sensors.py for tasks to queue
[2023-06-13T23:10:58.773+0000] {logging_mixin.py:149} INFO - [2023-06-13T23:10:58.772+0000] {dagbag.py:541} INFO - Filling up the DagBag from /home/airflow/.local/lib/python3.7/site-packages/airflow/example_dags/example_sensors.py
[2023-06-13T23:10:58.794+0000] {processor.py:836} INFO - DAG(s) dict_keys(['example_sensors']) retrieved from /home/airflow/.local/lib/python3.7/site-packages/airflow/example_dags/example_sensors.py
[2023-06-13T23:10:58.851+0000] {logging_mixin.py:149} INFO - [2023-06-13T23:10:58.851+0000] {dag.py:2726} INFO - Sync 1 DAGs
[2023-06-13T23:10:58.899+0000] {logging_mixin.py:149} INFO - [2023-06-13T23:10:58.898+0000] {dag.py:3490} INFO - Setting next_dagrun for example_sensors to None, run_after=None
[2023-06-13T23:10:58.964+0000] {processor.py:179} INFO - Processing /home/airflow/.local/lib/python3.7/site-packages/airflow/example_dags/example_sensors.py took 0.199 seconds
[2023-06-13T23:11:29.128+0000] {processor.py:157} INFO - Started process (PID=8357) to work on /home/airflow/.local/lib/python3.7/site-packages/airflow/example_dags/example_sensors.py
[2023-06-13T23:11:29.130+0000] {processor.py:826} INFO - Processing file /home/airflow/.local/lib/python3.7/site-packages/airflow/example_dags/example_sensors.py for tasks to queue
[2023-06-13T23:11:29.132+0000] {logging_mixin.py:149} INFO - [2023-06-13T23:11:29.131+0000] {dagbag.py:541} INFO - Filling up the DagBag from /home/airflow/.local/lib/python3.7/site-packages/airflow/example_dags/example_sensors.py
[2023-06-13T23:11:29.151+0000] {processor.py:836} INFO - DAG(s) dict_keys(['example_sensors']) retrieved from /home/airflow/.local/lib/python3.7/site-packages/airflow/example_dags/example_sensors.py
[2023-06-13T23:11:29.207+0000] {logging_mixin.py:149} INFO - [2023-06-13T23:11:29.206+0000] {dag.py:2726} INFO - Sync 1 DAGs
[2023-06-13T23:11:29.247+0000] {logging_mixin.py:149} INFO - [2023-06-13T23:11:29.246+0000] {dag.py:3490} INFO - Setting next_dagrun for example_sensors to None, run_after=None
[2023-06-13T23:11:29.286+0000] {processor.py:179} INFO - Processing /home/airflow/.local/lib/python3.7/site-packages/airflow/example_dags/example_sensors.py took 0.164 seconds
[2023-06-13T23:11:59.603+0000] {processor.py:157} INFO - Started process (PID=8595) to work on /home/airflow/.local/lib/python3.7/site-packages/airflow/example_dags/example_sensors.py
[2023-06-13T23:11:59.604+0000] {processor.py:826} INFO - Processing file /home/airflow/.local/lib/python3.7/site-packages/airflow/example_dags/example_sensors.py for tasks to queue
[2023-06-13T23:11:59.605+0000] {logging_mixin.py:149} INFO - [2023-06-13T23:11:59.605+0000] {dagbag.py:541} INFO - Filling up the DagBag from /home/airflow/.local/lib/python3.7/site-packages/airflow/example_dags/example_sensors.py
[2023-06-13T23:11:59.619+0000] {processor.py:836} INFO - DAG(s) dict_keys(['example_sensors']) retrieved from /home/airflow/.local/lib/python3.7/site-packages/airflow/example_dags/example_sensors.py
[2023-06-13T23:11:59.691+0000] {logging_mixin.py:149} INFO - [2023-06-13T23:11:59.691+0000] {dag.py:2726} INFO - Sync 1 DAGs
[2023-06-13T23:11:59.737+0000] {logging_mixin.py:149} INFO - [2023-06-13T23:11:59.737+0000] {dag.py:3490} INFO - Setting next_dagrun for example_sensors to None, run_after=None
[2023-06-13T23:11:59.798+0000] {processor.py:179} INFO - Processing /home/airflow/.local/lib/python3.7/site-packages/airflow/example_dags/example_sensors.py took 0.199 seconds
[2023-06-13T23:12:30.011+0000] {processor.py:157} INFO - Started process (PID=8835) to work on /home/airflow/.local/lib/python3.7/site-packages/airflow/example_dags/example_sensors.py
[2023-06-13T23:12:30.013+0000] {processor.py:826} INFO - Processing file /home/airflow/.local/lib/python3.7/site-packages/airflow/example_dags/example_sensors.py for tasks to queue
[2023-06-13T23:12:30.014+0000] {logging_mixin.py:149} INFO - [2023-06-13T23:12:30.014+0000] {dagbag.py:541} INFO - Filling up the DagBag from /home/airflow/.local/lib/python3.7/site-packages/airflow/example_dags/example_sensors.py
[2023-06-13T23:12:30.033+0000] {processor.py:836} INFO - DAG(s) dict_keys(['example_sensors']) retrieved from /home/airflow/.local/lib/python3.7/site-packages/airflow/example_dags/example_sensors.py
[2023-06-13T23:12:30.088+0000] {logging_mixin.py:149} INFO - [2023-06-13T23:12:30.088+0000] {dag.py:2726} INFO - Sync 1 DAGs
[2023-06-13T23:12:30.135+0000] {logging_mixin.py:149} INFO - [2023-06-13T23:12:30.135+0000] {dag.py:3490} INFO - Setting next_dagrun for example_sensors to None, run_after=None
[2023-06-13T23:12:30.190+0000] {processor.py:179} INFO - Processing /home/airflow/.local/lib/python3.7/site-packages/airflow/example_dags/example_sensors.py took 0.184 seconds
[2023-06-13T23:13:00.611+0000] {processor.py:157} INFO - Started process (PID=9074) to work on /home/airflow/.local/lib/python3.7/site-packages/airflow/example_dags/example_sensors.py
[2023-06-13T23:13:00.615+0000] {processor.py:826} INFO - Processing file /home/airflow/.local/lib/python3.7/site-packages/airflow/example_dags/example_sensors.py for tasks to queue
[2023-06-13T23:13:00.616+0000] {logging_mixin.py:149} INFO - [2023-06-13T23:13:00.616+0000] {dagbag.py:541} INFO - Filling up the DagBag from /home/airflow/.local/lib/python3.7/site-packages/airflow/example_dags/example_sensors.py
[2023-06-13T23:13:00.638+0000] {processor.py:836} INFO - DAG(s) dict_keys(['example_sensors']) retrieved from /home/airflow/.local/lib/python3.7/site-packages/airflow/example_dags/example_sensors.py
[2023-06-13T23:13:00.704+0000] {logging_mixin.py:149} INFO - [2023-06-13T23:13:00.704+0000] {dag.py:2726} INFO - Sync 1 DAGs
[2023-06-13T23:13:00.756+0000] {logging_mixin.py:149} INFO - [2023-06-13T23:13:00.756+0000] {dag.py:3490} INFO - Setting next_dagrun for example_sensors to None, run_after=None
[2023-06-13T23:13:00.811+0000] {processor.py:179} INFO - Processing /home/airflow/.local/lib/python3.7/site-packages/airflow/example_dags/example_sensors.py took 0.207 seconds
[2023-06-13T23:13:30.928+0000] {processor.py:157} INFO - Started process (PID=9314) to work on /home/airflow/.local/lib/python3.7/site-packages/airflow/example_dags/example_sensors.py
[2023-06-13T23:13:30.930+0000] {processor.py:826} INFO - Processing file /home/airflow/.local/lib/python3.7/site-packages/airflow/example_dags/example_sensors.py for tasks to queue
[2023-06-13T23:13:30.931+0000] {logging_mixin.py:149} INFO - [2023-06-13T23:13:30.931+0000] {dagbag.py:541} INFO - Filling up the DagBag from /home/airflow/.local/lib/python3.7/site-packages/airflow/example_dags/example_sensors.py
[2023-06-13T23:13:30.944+0000] {processor.py:836} INFO - DAG(s) dict_keys(['example_sensors']) retrieved from /home/airflow/.local/lib/python3.7/site-packages/airflow/example_dags/example_sensors.py
[2023-06-13T23:13:30.999+0000] {logging_mixin.py:149} INFO - [2023-06-13T23:13:30.999+0000] {dag.py:2726} INFO - Sync 1 DAGs
[2023-06-13T23:13:31.039+0000] {logging_mixin.py:149} INFO - [2023-06-13T23:13:31.038+0000] {dag.py:3490} INFO - Setting next_dagrun for example_sensors to None, run_after=None
[2023-06-13T23:13:31.084+0000] {processor.py:179} INFO - Processing /home/airflow/.local/lib/python3.7/site-packages/airflow/example_dags/example_sensors.py took 0.161 seconds
[2023-06-13T23:14:01.191+0000] {processor.py:157} INFO - Started process (PID=9554) to work on /home/airflow/.local/lib/python3.7/site-packages/airflow/example_dags/example_sensors.py
[2023-06-13T23:14:01.196+0000] {processor.py:826} INFO - Processing file /home/airflow/.local/lib/python3.7/site-packages/airflow/example_dags/example_sensors.py for tasks to queue
[2023-06-13T23:14:01.198+0000] {logging_mixin.py:149} INFO - [2023-06-13T23:14:01.197+0000] {dagbag.py:541} INFO - Filling up the DagBag from /home/airflow/.local/lib/python3.7/site-packages/airflow/example_dags/example_sensors.py
[2023-06-13T23:14:01.216+0000] {processor.py:836} INFO - DAG(s) dict_keys(['example_sensors']) retrieved from /home/airflow/.local/lib/python3.7/site-packages/airflow/example_dags/example_sensors.py
[2023-06-13T23:14:01.270+0000] {logging_mixin.py:149} INFO - [2023-06-13T23:14:01.270+0000] {dag.py:2726} INFO - Sync 1 DAGs
[2023-06-13T23:14:01.315+0000] {logging_mixin.py:149} INFO - [2023-06-13T23:14:01.315+0000] {dag.py:3490} INFO - Setting next_dagrun for example_sensors to None, run_after=None
[2023-06-13T23:14:01.354+0000] {processor.py:179} INFO - Processing /home/airflow/.local/lib/python3.7/site-packages/airflow/example_dags/example_sensors.py took 0.169 seconds
[2023-06-13T23:14:31.736+0000] {processor.py:157} INFO - Started process (PID=9793) to work on /home/airflow/.local/lib/python3.7/site-packages/airflow/example_dags/example_sensors.py
[2023-06-13T23:14:31.737+0000] {processor.py:826} INFO - Processing file /home/airflow/.local/lib/python3.7/site-packages/airflow/example_dags/example_sensors.py for tasks to queue
[2023-06-13T23:14:31.739+0000] {logging_mixin.py:149} INFO - [2023-06-13T23:14:31.739+0000] {dagbag.py:541} INFO - Filling up the DagBag from /home/airflow/.local/lib/python3.7/site-packages/airflow/example_dags/example_sensors.py
[2023-06-13T23:14:31.758+0000] {processor.py:836} INFO - DAG(s) dict_keys(['example_sensors']) retrieved from /home/airflow/.local/lib/python3.7/site-packages/airflow/example_dags/example_sensors.py
[2023-06-13T23:14:31.810+0000] {logging_mixin.py:149} INFO - [2023-06-13T23:14:31.809+0000] {dag.py:2726} INFO - Sync 1 DAGs
[2023-06-13T23:14:31.848+0000] {logging_mixin.py:149} INFO - [2023-06-13T23:14:31.847+0000] {dag.py:3490} INFO - Setting next_dagrun for example_sensors to None, run_after=None
[2023-06-13T23:14:31.905+0000] {processor.py:179} INFO - Processing /home/airflow/.local/lib/python3.7/site-packages/airflow/example_dags/example_sensors.py took 0.173 seconds
[2023-06-13T23:15:02.214+0000] {processor.py:157} INFO - Started process (PID=10034) to work on /home/airflow/.local/lib/python3.7/site-packages/airflow/example_dags/example_sensors.py
[2023-06-13T23:15:02.216+0000] {processor.py:826} INFO - Processing file /home/airflow/.local/lib/python3.7/site-packages/airflow/example_dags/example_sensors.py for tasks to queue
[2023-06-13T23:15:02.218+0000] {logging_mixin.py:149} INFO - [2023-06-13T23:15:02.217+0000] {dagbag.py:541} INFO - Filling up the DagBag from /home/airflow/.local/lib/python3.7/site-packages/airflow/example_dags/example_sensors.py
[2023-06-13T23:15:02.234+0000] {processor.py:836} INFO - DAG(s) dict_keys(['example_sensors']) retrieved from /home/airflow/.local/lib/python3.7/site-packages/airflow/example_dags/example_sensors.py
[2023-06-13T23:15:02.300+0000] {logging_mixin.py:149} INFO - [2023-06-13T23:15:02.300+0000] {dag.py:2726} INFO - Sync 1 DAGs
[2023-06-13T23:15:02.342+0000] {logging_mixin.py:149} INFO - [2023-06-13T23:15:02.341+0000] {dag.py:3490} INFO - Setting next_dagrun for example_sensors to None, run_after=None
[2023-06-13T23:15:02.401+0000] {processor.py:179} INFO - Processing /home/airflow/.local/lib/python3.7/site-packages/airflow/example_dags/example_sensors.py took 0.193 seconds
[2023-06-13T23:15:32.481+0000] {processor.py:157} INFO - Started process (PID=10272) to work on /home/airflow/.local/lib/python3.7/site-packages/airflow/example_dags/example_sensors.py
[2023-06-13T23:15:32.483+0000] {processor.py:826} INFO - Processing file /home/airflow/.local/lib/python3.7/site-packages/airflow/example_dags/example_sensors.py for tasks to queue
[2023-06-13T23:15:32.486+0000] {logging_mixin.py:149} INFO - [2023-06-13T23:15:32.486+0000] {dagbag.py:541} INFO - Filling up the DagBag from /home/airflow/.local/lib/python3.7/site-packages/airflow/example_dags/example_sensors.py
[2023-06-13T23:15:32.506+0000] {processor.py:836} INFO - DAG(s) dict_keys(['example_sensors']) retrieved from /home/airflow/.local/lib/python3.7/site-packages/airflow/example_dags/example_sensors.py
[2023-06-13T23:15:32.554+0000] {logging_mixin.py:149} INFO - [2023-06-13T23:15:32.553+0000] {dag.py:2726} INFO - Sync 1 DAGs
[2023-06-13T23:15:32.601+0000] {logging_mixin.py:149} INFO - [2023-06-13T23:15:32.601+0000] {dag.py:3490} INFO - Setting next_dagrun for example_sensors to None, run_after=None
[2023-06-13T23:15:32.647+0000] {processor.py:179} INFO - Processing /home/airflow/.local/lib/python3.7/site-packages/airflow/example_dags/example_sensors.py took 0.173 seconds
[2023-06-13T23:16:03.198+0000] {processor.py:157} INFO - Started process (PID=10512) to work on /home/airflow/.local/lib/python3.7/site-packages/airflow/example_dags/example_sensors.py
[2023-06-13T23:16:03.200+0000] {processor.py:826} INFO - Processing file /home/airflow/.local/lib/python3.7/site-packages/airflow/example_dags/example_sensors.py for tasks to queue
[2023-06-13T23:16:03.202+0000] {logging_mixin.py:149} INFO - [2023-06-13T23:16:03.201+0000] {dagbag.py:541} INFO - Filling up the DagBag from /home/airflow/.local/lib/python3.7/site-packages/airflow/example_dags/example_sensors.py
[2023-06-13T23:16:03.224+0000] {processor.py:836} INFO - DAG(s) dict_keys(['example_sensors']) retrieved from /home/airflow/.local/lib/python3.7/site-packages/airflow/example_dags/example_sensors.py
[2023-06-13T23:16:03.281+0000] {logging_mixin.py:149} INFO - [2023-06-13T23:16:03.281+0000] {dag.py:2726} INFO - Sync 1 DAGs
[2023-06-13T23:16:03.328+0000] {logging_mixin.py:149} INFO - [2023-06-13T23:16:03.328+0000] {dag.py:3490} INFO - Setting next_dagrun for example_sensors to None, run_after=None
[2023-06-13T23:16:03.381+0000] {processor.py:179} INFO - Processing /home/airflow/.local/lib/python3.7/site-packages/airflow/example_dags/example_sensors.py took 0.188 seconds
[2023-06-13T23:16:33.858+0000] {processor.py:157} INFO - Started process (PID=10754) to work on /home/airflow/.local/lib/python3.7/site-packages/airflow/example_dags/example_sensors.py
[2023-06-13T23:16:33.860+0000] {processor.py:826} INFO - Processing file /home/airflow/.local/lib/python3.7/site-packages/airflow/example_dags/example_sensors.py for tasks to queue
[2023-06-13T23:16:33.861+0000] {logging_mixin.py:149} INFO - [2023-06-13T23:16:33.861+0000] {dagbag.py:541} INFO - Filling up the DagBag from /home/airflow/.local/lib/python3.7/site-packages/airflow/example_dags/example_sensors.py
[2023-06-13T23:16:33.874+0000] {processor.py:836} INFO - DAG(s) dict_keys(['example_sensors']) retrieved from /home/airflow/.local/lib/python3.7/site-packages/airflow/example_dags/example_sensors.py
[2023-06-13T23:16:33.958+0000] {logging_mixin.py:149} INFO - [2023-06-13T23:16:33.958+0000] {dag.py:2726} INFO - Sync 1 DAGs
[2023-06-13T23:16:34.010+0000] {logging_mixin.py:149} INFO - [2023-06-13T23:16:34.010+0000] {dag.py:3490} INFO - Setting next_dagrun for example_sensors to None, run_after=None
[2023-06-13T23:16:34.063+0000] {processor.py:179} INFO - Processing /home/airflow/.local/lib/python3.7/site-packages/airflow/example_dags/example_sensors.py took 0.212 seconds
[2023-06-13T23:17:04.301+0000] {processor.py:157} INFO - Started process (PID=10993) to work on /home/airflow/.local/lib/python3.7/site-packages/airflow/example_dags/example_sensors.py
[2023-06-13T23:17:04.303+0000] {processor.py:826} INFO - Processing file /home/airflow/.local/lib/python3.7/site-packages/airflow/example_dags/example_sensors.py for tasks to queue
[2023-06-13T23:17:04.305+0000] {logging_mixin.py:149} INFO - [2023-06-13T23:17:04.304+0000] {dagbag.py:541} INFO - Filling up the DagBag from /home/airflow/.local/lib/python3.7/site-packages/airflow/example_dags/example_sensors.py
[2023-06-13T23:17:04.327+0000] {processor.py:836} INFO - DAG(s) dict_keys(['example_sensors']) retrieved from /home/airflow/.local/lib/python3.7/site-packages/airflow/example_dags/example_sensors.py
[2023-06-13T23:17:04.389+0000] {logging_mixin.py:149} INFO - [2023-06-13T23:17:04.389+0000] {dag.py:2726} INFO - Sync 1 DAGs
[2023-06-13T23:17:04.435+0000] {logging_mixin.py:149} INFO - [2023-06-13T23:17:04.435+0000] {dag.py:3490} INFO - Setting next_dagrun for example_sensors to None, run_after=None
[2023-06-13T23:17:04.481+0000] {processor.py:179} INFO - Processing /home/airflow/.local/lib/python3.7/site-packages/airflow/example_dags/example_sensors.py took 0.187 seconds
[2023-06-13T23:17:34.813+0000] {processor.py:157} INFO - Started process (PID=11233) to work on /home/airflow/.local/lib/python3.7/site-packages/airflow/example_dags/example_sensors.py
[2023-06-13T23:17:34.815+0000] {processor.py:826} INFO - Processing file /home/airflow/.local/lib/python3.7/site-packages/airflow/example_dags/example_sensors.py for tasks to queue
[2023-06-13T23:17:34.817+0000] {logging_mixin.py:149} INFO - [2023-06-13T23:17:34.816+0000] {dagbag.py:541} INFO - Filling up the DagBag from /home/airflow/.local/lib/python3.7/site-packages/airflow/example_dags/example_sensors.py
[2023-06-13T23:17:34.839+0000] {processor.py:836} INFO - DAG(s) dict_keys(['example_sensors']) retrieved from /home/airflow/.local/lib/python3.7/site-packages/airflow/example_dags/example_sensors.py
[2023-06-13T23:17:34.903+0000] {logging_mixin.py:149} INFO - [2023-06-13T23:17:34.903+0000] {dag.py:2726} INFO - Sync 1 DAGs
[2023-06-13T23:17:34.957+0000] {logging_mixin.py:149} INFO - [2023-06-13T23:17:34.956+0000] {dag.py:3490} INFO - Setting next_dagrun for example_sensors to None, run_after=None
[2023-06-13T23:17:35.013+0000] {processor.py:179} INFO - Processing /home/airflow/.local/lib/python3.7/site-packages/airflow/example_dags/example_sensors.py took 0.207 seconds
[2023-06-13T23:18:05.286+0000] {processor.py:157} INFO - Started process (PID=11473) to work on /home/airflow/.local/lib/python3.7/site-packages/airflow/example_dags/example_sensors.py
[2023-06-13T23:18:05.289+0000] {processor.py:826} INFO - Processing file /home/airflow/.local/lib/python3.7/site-packages/airflow/example_dags/example_sensors.py for tasks to queue
[2023-06-13T23:18:05.291+0000] {logging_mixin.py:149} INFO - [2023-06-13T23:18:05.290+0000] {dagbag.py:541} INFO - Filling up the DagBag from /home/airflow/.local/lib/python3.7/site-packages/airflow/example_dags/example_sensors.py
[2023-06-13T23:18:05.311+0000] {processor.py:836} INFO - DAG(s) dict_keys(['example_sensors']) retrieved from /home/airflow/.local/lib/python3.7/site-packages/airflow/example_dags/example_sensors.py
[2023-06-13T23:18:05.388+0000] {logging_mixin.py:149} INFO - [2023-06-13T23:18:05.387+0000] {dag.py:2726} INFO - Sync 1 DAGs
[2023-06-13T23:18:05.445+0000] {logging_mixin.py:149} INFO - [2023-06-13T23:18:05.445+0000] {dag.py:3490} INFO - Setting next_dagrun for example_sensors to None, run_after=None
[2023-06-13T23:18:05.506+0000] {processor.py:179} INFO - Processing /home/airflow/.local/lib/python3.7/site-packages/airflow/example_dags/example_sensors.py took 0.228 seconds
[2023-06-13T23:18:35.600+0000] {processor.py:157} INFO - Started process (PID=11713) to work on /home/airflow/.local/lib/python3.7/site-packages/airflow/example_dags/example_sensors.py
[2023-06-13T23:18:35.602+0000] {processor.py:826} INFO - Processing file /home/airflow/.local/lib/python3.7/site-packages/airflow/example_dags/example_sensors.py for tasks to queue
[2023-06-13T23:18:35.603+0000] {logging_mixin.py:149} INFO - [2023-06-13T23:18:35.603+0000] {dagbag.py:541} INFO - Filling up the DagBag from /home/airflow/.local/lib/python3.7/site-packages/airflow/example_dags/example_sensors.py
[2023-06-13T23:18:35.625+0000] {processor.py:836} INFO - DAG(s) dict_keys(['example_sensors']) retrieved from /home/airflow/.local/lib/python3.7/site-packages/airflow/example_dags/example_sensors.py
[2023-06-13T23:18:35.697+0000] {logging_mixin.py:149} INFO - [2023-06-13T23:18:35.696+0000] {dag.py:2726} INFO - Sync 1 DAGs
[2023-06-13T23:18:35.756+0000] {logging_mixin.py:149} INFO - [2023-06-13T23:18:35.755+0000] {dag.py:3490} INFO - Setting next_dagrun for example_sensors to None, run_after=None
[2023-06-13T23:18:35.814+0000] {processor.py:179} INFO - Processing /home/airflow/.local/lib/python3.7/site-packages/airflow/example_dags/example_sensors.py took 0.221 seconds
[2023-06-13T23:19:05.885+0000] {processor.py:157} INFO - Started process (PID=11950) to work on /home/airflow/.local/lib/python3.7/site-packages/airflow/example_dags/example_sensors.py
[2023-06-13T23:19:05.888+0000] {processor.py:826} INFO - Processing file /home/airflow/.local/lib/python3.7/site-packages/airflow/example_dags/example_sensors.py for tasks to queue
[2023-06-13T23:19:05.890+0000] {logging_mixin.py:149} INFO - [2023-06-13T23:19:05.889+0000] {dagbag.py:541} INFO - Filling up the DagBag from /home/airflow/.local/lib/python3.7/site-packages/airflow/example_dags/example_sensors.py
[2023-06-13T23:19:05.906+0000] {processor.py:836} INFO - DAG(s) dict_keys(['example_sensors']) retrieved from /home/airflow/.local/lib/python3.7/site-packages/airflow/example_dags/example_sensors.py
[2023-06-13T23:19:05.977+0000] {logging_mixin.py:149} INFO - [2023-06-13T23:19:05.977+0000] {dag.py:2726} INFO - Sync 1 DAGs
[2023-06-13T23:19:06.031+0000] {logging_mixin.py:149} INFO - [2023-06-13T23:19:06.030+0000] {dag.py:3490} INFO - Setting next_dagrun for example_sensors to None, run_after=None
[2023-06-13T23:19:06.087+0000] {processor.py:179} INFO - Processing /home/airflow/.local/lib/python3.7/site-packages/airflow/example_dags/example_sensors.py took 0.208 seconds
[2023-06-13T23:19:36.455+0000] {processor.py:157} INFO - Started process (PID=12190) to work on /home/airflow/.local/lib/python3.7/site-packages/airflow/example_dags/example_sensors.py
[2023-06-13T23:19:36.459+0000] {processor.py:826} INFO - Processing file /home/airflow/.local/lib/python3.7/site-packages/airflow/example_dags/example_sensors.py for tasks to queue
[2023-06-13T23:19:36.461+0000] {logging_mixin.py:149} INFO - [2023-06-13T23:19:36.461+0000] {dagbag.py:541} INFO - Filling up the DagBag from /home/airflow/.local/lib/python3.7/site-packages/airflow/example_dags/example_sensors.py
[2023-06-13T23:19:36.483+0000] {processor.py:836} INFO - DAG(s) dict_keys(['example_sensors']) retrieved from /home/airflow/.local/lib/python3.7/site-packages/airflow/example_dags/example_sensors.py
[2023-06-13T23:19:36.573+0000] {logging_mixin.py:149} INFO - [2023-06-13T23:19:36.573+0000] {dag.py:2726} INFO - Sync 1 DAGs
[2023-06-13T23:19:36.633+0000] {logging_mixin.py:149} INFO - [2023-06-13T23:19:36.632+0000] {dag.py:3490} INFO - Setting next_dagrun for example_sensors to None, run_after=None
[2023-06-13T23:19:36.701+0000] {processor.py:179} INFO - Processing /home/airflow/.local/lib/python3.7/site-packages/airflow/example_dags/example_sensors.py took 0.251 seconds
[2023-06-13T23:20:07.130+0000] {processor.py:157} INFO - Started process (PID=12430) to work on /home/airflow/.local/lib/python3.7/site-packages/airflow/example_dags/example_sensors.py
[2023-06-13T23:20:07.133+0000] {processor.py:826} INFO - Processing file /home/airflow/.local/lib/python3.7/site-packages/airflow/example_dags/example_sensors.py for tasks to queue
[2023-06-13T23:20:07.134+0000] {logging_mixin.py:149} INFO - [2023-06-13T23:20:07.134+0000] {dagbag.py:541} INFO - Filling up the DagBag from /home/airflow/.local/lib/python3.7/site-packages/airflow/example_dags/example_sensors.py
[2023-06-13T23:20:07.155+0000] {processor.py:836} INFO - DAG(s) dict_keys(['example_sensors']) retrieved from /home/airflow/.local/lib/python3.7/site-packages/airflow/example_dags/example_sensors.py
[2023-06-13T23:20:07.253+0000] {logging_mixin.py:149} INFO - [2023-06-13T23:20:07.253+0000] {dag.py:2726} INFO - Sync 1 DAGs
[2023-06-13T23:20:07.324+0000] {logging_mixin.py:149} INFO - [2023-06-13T23:20:07.324+0000] {dag.py:3490} INFO - Setting next_dagrun for example_sensors to None, run_after=None
[2023-06-13T23:20:07.386+0000] {processor.py:179} INFO - Processing /home/airflow/.local/lib/python3.7/site-packages/airflow/example_dags/example_sensors.py took 0.265 seconds
[2023-06-13T23:20:38.432+0000] {processor.py:157} INFO - Started process (PID=12673) to work on /home/airflow/.local/lib/python3.7/site-packages/airflow/example_dags/example_sensors.py
[2023-06-13T23:20:38.436+0000] {processor.py:826} INFO - Processing file /home/airflow/.local/lib/python3.7/site-packages/airflow/example_dags/example_sensors.py for tasks to queue
[2023-06-13T23:20:38.437+0000] {logging_mixin.py:149} INFO - [2023-06-13T23:20:38.437+0000] {dagbag.py:541} INFO - Filling up the DagBag from /home/airflow/.local/lib/python3.7/site-packages/airflow/example_dags/example_sensors.py
[2023-06-13T23:20:38.458+0000] {processor.py:836} INFO - DAG(s) dict_keys(['example_sensors']) retrieved from /home/airflow/.local/lib/python3.7/site-packages/airflow/example_dags/example_sensors.py
[2023-06-13T23:20:38.526+0000] {logging_mixin.py:149} INFO - [2023-06-13T23:20:38.526+0000] {dag.py:2726} INFO - Sync 1 DAGs
[2023-06-13T23:20:38.593+0000] {logging_mixin.py:149} INFO - [2023-06-13T23:20:38.593+0000] {dag.py:3490} INFO - Setting next_dagrun for example_sensors to None, run_after=None
[2023-06-13T23:20:38.666+0000] {processor.py:179} INFO - Processing /home/airflow/.local/lib/python3.7/site-packages/airflow/example_dags/example_sensors.py took 0.240 seconds
[2023-06-13T23:21:09.101+0000] {processor.py:157} INFO - Started process (PID=12912) to work on /home/airflow/.local/lib/python3.7/site-packages/airflow/example_dags/example_sensors.py
[2023-06-13T23:21:09.102+0000] {processor.py:826} INFO - Processing file /home/airflow/.local/lib/python3.7/site-packages/airflow/example_dags/example_sensors.py for tasks to queue
[2023-06-13T23:21:09.104+0000] {logging_mixin.py:149} INFO - [2023-06-13T23:21:09.104+0000] {dagbag.py:541} INFO - Filling up the DagBag from /home/airflow/.local/lib/python3.7/site-packages/airflow/example_dags/example_sensors.py
[2023-06-13T23:21:09.131+0000] {processor.py:836} INFO - DAG(s) dict_keys(['example_sensors']) retrieved from /home/airflow/.local/lib/python3.7/site-packages/airflow/example_dags/example_sensors.py
[2023-06-13T23:21:09.246+0000] {logging_mixin.py:149} INFO - [2023-06-13T23:21:09.246+0000] {dag.py:2726} INFO - Sync 1 DAGs
[2023-06-13T23:21:09.329+0000] {logging_mixin.py:149} INFO - [2023-06-13T23:21:09.329+0000] {dag.py:3490} INFO - Setting next_dagrun for example_sensors to None, run_after=None
[2023-06-13T23:21:09.408+0000] {processor.py:179} INFO - Processing /home/airflow/.local/lib/python3.7/site-packages/airflow/example_dags/example_sensors.py took 0.320 seconds
[2023-06-13T23:21:39.547+0000] {processor.py:157} INFO - Started process (PID=13151) to work on /home/airflow/.local/lib/python3.7/site-packages/airflow/example_dags/example_sensors.py
[2023-06-13T23:21:39.550+0000] {processor.py:826} INFO - Processing file /home/airflow/.local/lib/python3.7/site-packages/airflow/example_dags/example_sensors.py for tasks to queue
[2023-06-13T23:21:39.551+0000] {logging_mixin.py:149} INFO - [2023-06-13T23:21:39.551+0000] {dagbag.py:541} INFO - Filling up the DagBag from /home/airflow/.local/lib/python3.7/site-packages/airflow/example_dags/example_sensors.py
[2023-06-13T23:21:39.576+0000] {processor.py:836} INFO - DAG(s) dict_keys(['example_sensors']) retrieved from /home/airflow/.local/lib/python3.7/site-packages/airflow/example_dags/example_sensors.py
[2023-06-13T23:21:39.653+0000] {logging_mixin.py:149} INFO - [2023-06-13T23:21:39.652+0000] {dag.py:2726} INFO - Sync 1 DAGs
[2023-06-13T23:21:39.709+0000] {logging_mixin.py:149} INFO - [2023-06-13T23:21:39.709+0000] {dag.py:3490} INFO - Setting next_dagrun for example_sensors to None, run_after=None
[2023-06-13T23:21:39.770+0000] {processor.py:179} INFO - Processing /home/airflow/.local/lib/python3.7/site-packages/airflow/example_dags/example_sensors.py took 0.228 seconds
[2023-06-13T23:22:10.019+0000] {processor.py:157} INFO - Started process (PID=13391) to work on /home/airflow/.local/lib/python3.7/site-packages/airflow/example_dags/example_sensors.py
[2023-06-13T23:22:10.021+0000] {processor.py:826} INFO - Processing file /home/airflow/.local/lib/python3.7/site-packages/airflow/example_dags/example_sensors.py for tasks to queue
[2023-06-13T23:22:10.022+0000] {logging_mixin.py:149} INFO - [2023-06-13T23:22:10.022+0000] {dagbag.py:541} INFO - Filling up the DagBag from /home/airflow/.local/lib/python3.7/site-packages/airflow/example_dags/example_sensors.py
[2023-06-13T23:22:10.044+0000] {processor.py:836} INFO - DAG(s) dict_keys(['example_sensors']) retrieved from /home/airflow/.local/lib/python3.7/site-packages/airflow/example_dags/example_sensors.py
[2023-06-13T23:22:10.097+0000] {logging_mixin.py:149} INFO - [2023-06-13T23:22:10.097+0000] {dag.py:2726} INFO - Sync 1 DAGs
[2023-06-13T23:22:10.158+0000] {logging_mixin.py:149} INFO - [2023-06-13T23:22:10.158+0000] {dag.py:3490} INFO - Setting next_dagrun for example_sensors to None, run_after=None
[2023-06-13T23:22:10.209+0000] {processor.py:179} INFO - Processing /home/airflow/.local/lib/python3.7/site-packages/airflow/example_dags/example_sensors.py took 0.195 seconds
[2023-06-13T23:22:40.409+0000] {processor.py:157} INFO - Started process (PID=13631) to work on /home/airflow/.local/lib/python3.7/site-packages/airflow/example_dags/example_sensors.py
[2023-06-13T23:22:40.410+0000] {processor.py:826} INFO - Processing file /home/airflow/.local/lib/python3.7/site-packages/airflow/example_dags/example_sensors.py for tasks to queue
[2023-06-13T23:22:40.411+0000] {logging_mixin.py:149} INFO - [2023-06-13T23:22:40.411+0000] {dagbag.py:541} INFO - Filling up the DagBag from /home/airflow/.local/lib/python3.7/site-packages/airflow/example_dags/example_sensors.py
[2023-06-13T23:22:40.427+0000] {processor.py:836} INFO - DAG(s) dict_keys(['example_sensors']) retrieved from /home/airflow/.local/lib/python3.7/site-packages/airflow/example_dags/example_sensors.py
[2023-06-13T23:22:40.479+0000] {logging_mixin.py:149} INFO - [2023-06-13T23:22:40.478+0000] {dag.py:2726} INFO - Sync 1 DAGs
[2023-06-13T23:22:40.524+0000] {logging_mixin.py:149} INFO - [2023-06-13T23:22:40.524+0000] {dag.py:3490} INFO - Setting next_dagrun for example_sensors to None, run_after=None
[2023-06-13T23:22:40.566+0000] {processor.py:179} INFO - Processing /home/airflow/.local/lib/python3.7/site-packages/airflow/example_dags/example_sensors.py took 0.162 seconds
[2023-06-13T23:23:10.905+0000] {processor.py:157} INFO - Started process (PID=13871) to work on /home/airflow/.local/lib/python3.7/site-packages/airflow/example_dags/example_sensors.py
[2023-06-13T23:23:10.906+0000] {processor.py:826} INFO - Processing file /home/airflow/.local/lib/python3.7/site-packages/airflow/example_dags/example_sensors.py for tasks to queue
[2023-06-13T23:23:10.908+0000] {logging_mixin.py:149} INFO - [2023-06-13T23:23:10.907+0000] {dagbag.py:541} INFO - Filling up the DagBag from /home/airflow/.local/lib/python3.7/site-packages/airflow/example_dags/example_sensors.py
[2023-06-13T23:23:10.924+0000] {processor.py:836} INFO - DAG(s) dict_keys(['example_sensors']) retrieved from /home/airflow/.local/lib/python3.7/site-packages/airflow/example_dags/example_sensors.py
[2023-06-13T23:23:10.999+0000] {logging_mixin.py:149} INFO - [2023-06-13T23:23:10.998+0000] {dag.py:2726} INFO - Sync 1 DAGs
[2023-06-13T23:23:11.049+0000] {logging_mixin.py:149} INFO - [2023-06-13T23:23:11.048+0000] {dag.py:3490} INFO - Setting next_dagrun for example_sensors to None, run_after=None
[2023-06-13T23:23:11.090+0000] {processor.py:179} INFO - Processing /home/airflow/.local/lib/python3.7/site-packages/airflow/example_dags/example_sensors.py took 0.189 seconds
[2023-06-13T23:23:41.303+0000] {processor.py:157} INFO - Started process (PID=14111) to work on /home/airflow/.local/lib/python3.7/site-packages/airflow/example_dags/example_sensors.py
[2023-06-13T23:23:41.305+0000] {processor.py:826} INFO - Processing file /home/airflow/.local/lib/python3.7/site-packages/airflow/example_dags/example_sensors.py for tasks to queue
[2023-06-13T23:23:41.306+0000] {logging_mixin.py:149} INFO - [2023-06-13T23:23:41.306+0000] {dagbag.py:541} INFO - Filling up the DagBag from /home/airflow/.local/lib/python3.7/site-packages/airflow/example_dags/example_sensors.py
[2023-06-13T23:23:41.326+0000] {processor.py:836} INFO - DAG(s) dict_keys(['example_sensors']) retrieved from /home/airflow/.local/lib/python3.7/site-packages/airflow/example_dags/example_sensors.py
[2023-06-13T23:23:41.383+0000] {logging_mixin.py:149} INFO - [2023-06-13T23:23:41.383+0000] {dag.py:2726} INFO - Sync 1 DAGs
[2023-06-13T23:23:41.440+0000] {logging_mixin.py:149} INFO - [2023-06-13T23:23:41.440+0000] {dag.py:3490} INFO - Setting next_dagrun for example_sensors to None, run_after=None
[2023-06-13T23:23:41.487+0000] {processor.py:179} INFO - Processing /home/airflow/.local/lib/python3.7/site-packages/airflow/example_dags/example_sensors.py took 0.191 seconds
[2023-06-13T23:24:12.012+0000] {processor.py:157} INFO - Started process (PID=14351) to work on /home/airflow/.local/lib/python3.7/site-packages/airflow/example_dags/example_sensors.py
[2023-06-13T23:24:12.013+0000] {processor.py:826} INFO - Processing file /home/airflow/.local/lib/python3.7/site-packages/airflow/example_dags/example_sensors.py for tasks to queue
[2023-06-13T23:24:12.014+0000] {logging_mixin.py:149} INFO - [2023-06-13T23:24:12.014+0000] {dagbag.py:541} INFO - Filling up the DagBag from /home/airflow/.local/lib/python3.7/site-packages/airflow/example_dags/example_sensors.py
[2023-06-13T23:24:12.031+0000] {processor.py:836} INFO - DAG(s) dict_keys(['example_sensors']) retrieved from /home/airflow/.local/lib/python3.7/site-packages/airflow/example_dags/example_sensors.py
[2023-06-13T23:24:12.101+0000] {logging_mixin.py:149} INFO - [2023-06-13T23:24:12.100+0000] {dag.py:2726} INFO - Sync 1 DAGs
[2023-06-13T23:24:12.156+0000] {logging_mixin.py:149} INFO - [2023-06-13T23:24:12.156+0000] {dag.py:3490} INFO - Setting next_dagrun for example_sensors to None, run_after=None
[2023-06-13T23:24:12.209+0000] {processor.py:179} INFO - Processing /home/airflow/.local/lib/python3.7/site-packages/airflow/example_dags/example_sensors.py took 0.204 seconds
[2023-06-13T23:24:42.571+0000] {processor.py:157} INFO - Started process (PID=14591) to work on /home/airflow/.local/lib/python3.7/site-packages/airflow/example_dags/example_sensors.py
[2023-06-13T23:24:42.573+0000] {processor.py:826} INFO - Processing file /home/airflow/.local/lib/python3.7/site-packages/airflow/example_dags/example_sensors.py for tasks to queue
[2023-06-13T23:24:42.574+0000] {logging_mixin.py:149} INFO - [2023-06-13T23:24:42.574+0000] {dagbag.py:541} INFO - Filling up the DagBag from /home/airflow/.local/lib/python3.7/site-packages/airflow/example_dags/example_sensors.py
[2023-06-13T23:24:42.598+0000] {processor.py:836} INFO - DAG(s) dict_keys(['example_sensors']) retrieved from /home/airflow/.local/lib/python3.7/site-packages/airflow/example_dags/example_sensors.py
[2023-06-13T23:24:42.692+0000] {logging_mixin.py:149} INFO - [2023-06-13T23:24:42.691+0000] {dag.py:2726} INFO - Sync 1 DAGs
[2023-06-13T23:24:42.753+0000] {logging_mixin.py:149} INFO - [2023-06-13T23:24:42.753+0000] {dag.py:3490} INFO - Setting next_dagrun for example_sensors to None, run_after=None
[2023-06-13T23:24:42.811+0000] {processor.py:179} INFO - Processing /home/airflow/.local/lib/python3.7/site-packages/airflow/example_dags/example_sensors.py took 0.247 seconds
[2023-06-13T23:25:13.116+0000] {processor.py:157} INFO - Started process (PID=14831) to work on /home/airflow/.local/lib/python3.7/site-packages/airflow/example_dags/example_sensors.py
[2023-06-13T23:25:13.118+0000] {processor.py:826} INFO - Processing file /home/airflow/.local/lib/python3.7/site-packages/airflow/example_dags/example_sensors.py for tasks to queue
[2023-06-13T23:25:13.120+0000] {logging_mixin.py:149} INFO - [2023-06-13T23:25:13.119+0000] {dagbag.py:541} INFO - Filling up the DagBag from /home/airflow/.local/lib/python3.7/site-packages/airflow/example_dags/example_sensors.py
[2023-06-13T23:25:13.136+0000] {processor.py:836} INFO - DAG(s) dict_keys(['example_sensors']) retrieved from /home/airflow/.local/lib/python3.7/site-packages/airflow/example_dags/example_sensors.py
[2023-06-13T23:25:13.211+0000] {logging_mixin.py:149} INFO - [2023-06-13T23:25:13.211+0000] {dag.py:2726} INFO - Sync 1 DAGs
[2023-06-13T23:25:13.261+0000] {logging_mixin.py:149} INFO - [2023-06-13T23:25:13.261+0000] {dag.py:3490} INFO - Setting next_dagrun for example_sensors to None, run_after=None
[2023-06-13T23:25:13.316+0000] {processor.py:179} INFO - Processing /home/airflow/.local/lib/python3.7/site-packages/airflow/example_dags/example_sensors.py took 0.204 seconds
[2023-06-13T23:25:44.006+0000] {processor.py:157} INFO - Started process (PID=15070) to work on /home/airflow/.local/lib/python3.7/site-packages/airflow/example_dags/example_sensors.py
[2023-06-13T23:25:44.008+0000] {processor.py:826} INFO - Processing file /home/airflow/.local/lib/python3.7/site-packages/airflow/example_dags/example_sensors.py for tasks to queue
[2023-06-13T23:25:44.009+0000] {logging_mixin.py:149} INFO - [2023-06-13T23:25:44.009+0000] {dagbag.py:541} INFO - Filling up the DagBag from /home/airflow/.local/lib/python3.7/site-packages/airflow/example_dags/example_sensors.py
[2023-06-13T23:25:44.027+0000] {processor.py:836} INFO - DAG(s) dict_keys(['example_sensors']) retrieved from /home/airflow/.local/lib/python3.7/site-packages/airflow/example_dags/example_sensors.py
[2023-06-13T23:25:44.067+0000] {logging_mixin.py:149} INFO - [2023-06-13T23:25:44.067+0000] {dag.py:2726} INFO - Sync 1 DAGs
[2023-06-13T23:25:44.113+0000] {logging_mixin.py:149} INFO - [2023-06-13T23:25:44.113+0000] {dag.py:3490} INFO - Setting next_dagrun for example_sensors to None, run_after=None
[2023-06-13T23:25:44.165+0000] {processor.py:179} INFO - Processing /home/airflow/.local/lib/python3.7/site-packages/airflow/example_dags/example_sensors.py took 0.164 seconds
