[2023-06-13T22:54:13.369+0000] {processor.py:157} INFO - Started process (PID=338) to work on /home/airflow/.local/lib/python3.7/site-packages/airflow/example_dags/example_short_circuit_decorator.py
[2023-06-13T22:54:13.370+0000] {processor.py:826} INFO - Processing file /home/airflow/.local/lib/python3.7/site-packages/airflow/example_dags/example_short_circuit_decorator.py for tasks to queue
[2023-06-13T22:54:13.372+0000] {logging_mixin.py:149} INFO - [2023-06-13T22:54:13.371+0000] {dagbag.py:541} INFO - Filling up the DagBag from /home/airflow/.local/lib/python3.7/site-packages/airflow/example_dags/example_short_circuit_decorator.py
[2023-06-13T22:54:13.391+0000] {processor.py:836} INFO - DAG(s) dict_keys(['example_short_circuit_decorator']) retrieved from /home/airflow/.local/lib/python3.7/site-packages/airflow/example_dags/example_short_circuit_decorator.py
[2023-06-13T22:54:13.457+0000] {logging_mixin.py:149} INFO - [2023-06-13T22:54:13.456+0000] {dag.py:2726} INFO - Sync 1 DAGs
[2023-06-13T22:54:13.518+0000] {logging_mixin.py:149} INFO - [2023-06-13T22:54:13.518+0000] {dag.py:3490} INFO - Setting next_dagrun for example_short_circuit_decorator to 2023-06-12T22:54:13.517833+00:00, run_after=2023-06-13T22:54:13.517833+00:00
[2023-06-13T22:54:13.580+0000] {processor.py:179} INFO - Processing /home/airflow/.local/lib/python3.7/site-packages/airflow/example_dags/example_short_circuit_decorator.py took 0.216 seconds
[2023-06-13T22:54:46.087+0000] {processor.py:157} INFO - Started process (PID=578) to work on /home/airflow/.local/lib/python3.7/site-packages/airflow/example_dags/example_short_circuit_decorator.py
[2023-06-13T22:54:46.095+0000] {processor.py:826} INFO - Processing file /home/airflow/.local/lib/python3.7/site-packages/airflow/example_dags/example_short_circuit_decorator.py for tasks to queue
[2023-06-13T22:54:46.096+0000] {logging_mixin.py:149} INFO - [2023-06-13T22:54:46.096+0000] {dagbag.py:541} INFO - Filling up the DagBag from /home/airflow/.local/lib/python3.7/site-packages/airflow/example_dags/example_short_circuit_decorator.py
[2023-06-13T22:54:46.120+0000] {processor.py:836} INFO - DAG(s) dict_keys(['example_short_circuit_decorator']) retrieved from /home/airflow/.local/lib/python3.7/site-packages/airflow/example_dags/example_short_circuit_decorator.py
[2023-06-13T22:54:46.193+0000] {logging_mixin.py:149} INFO - [2023-06-13T22:54:46.193+0000] {dag.py:2726} INFO - Sync 1 DAGs
[2023-06-13T22:54:46.421+0000] {logging_mixin.py:149} INFO - [2023-06-13T22:54:46.421+0000] {dag.py:3490} INFO - Setting next_dagrun for example_short_circuit_decorator to 2023-06-12T22:54:46.421336+00:00, run_after=2023-06-13T22:54:46.421336+00:00
[2023-06-13T22:54:46.470+0000] {processor.py:179} INFO - Processing /home/airflow/.local/lib/python3.7/site-packages/airflow/example_dags/example_short_circuit_decorator.py took 0.392 seconds
[2023-06-13T22:55:16.888+0000] {processor.py:157} INFO - Started process (PID=818) to work on /home/airflow/.local/lib/python3.7/site-packages/airflow/example_dags/example_short_circuit_decorator.py
[2023-06-13T22:55:16.894+0000] {processor.py:826} INFO - Processing file /home/airflow/.local/lib/python3.7/site-packages/airflow/example_dags/example_short_circuit_decorator.py for tasks to queue
[2023-06-13T22:55:16.896+0000] {logging_mixin.py:149} INFO - [2023-06-13T22:55:16.896+0000] {dagbag.py:541} INFO - Filling up the DagBag from /home/airflow/.local/lib/python3.7/site-packages/airflow/example_dags/example_short_circuit_decorator.py
[2023-06-13T22:55:16.918+0000] {processor.py:836} INFO - DAG(s) dict_keys(['example_short_circuit_decorator']) retrieved from /home/airflow/.local/lib/python3.7/site-packages/airflow/example_dags/example_short_circuit_decorator.py
[2023-06-13T22:55:17.014+0000] {logging_mixin.py:149} INFO - [2023-06-13T22:55:17.013+0000] {dag.py:2726} INFO - Sync 1 DAGs
[2023-06-13T22:55:17.073+0000] {logging_mixin.py:149} INFO - [2023-06-13T22:55:17.073+0000] {dag.py:3490} INFO - Setting next_dagrun for example_short_circuit_decorator to 2023-06-12T22:55:17.072873+00:00, run_after=2023-06-13T22:55:17.072873+00:00
[2023-06-13T22:55:17.165+0000] {processor.py:179} INFO - Processing /home/airflow/.local/lib/python3.7/site-packages/airflow/example_dags/example_short_circuit_decorator.py took 0.284 seconds
[2023-06-13T22:55:47.738+0000] {processor.py:157} INFO - Started process (PID=1069) to work on /home/airflow/.local/lib/python3.7/site-packages/airflow/example_dags/example_short_circuit_decorator.py
[2023-06-13T22:55:47.740+0000] {processor.py:826} INFO - Processing file /home/airflow/.local/lib/python3.7/site-packages/airflow/example_dags/example_short_circuit_decorator.py for tasks to queue
[2023-06-13T22:55:47.742+0000] {logging_mixin.py:149} INFO - [2023-06-13T22:55:47.741+0000] {dagbag.py:541} INFO - Filling up the DagBag from /home/airflow/.local/lib/python3.7/site-packages/airflow/example_dags/example_short_circuit_decorator.py
[2023-06-13T22:55:47.764+0000] {processor.py:836} INFO - DAG(s) dict_keys(['example_short_circuit_decorator']) retrieved from /home/airflow/.local/lib/python3.7/site-packages/airflow/example_dags/example_short_circuit_decorator.py
[2023-06-13T22:55:47.869+0000] {logging_mixin.py:149} INFO - [2023-06-13T22:55:47.869+0000] {dag.py:2726} INFO - Sync 1 DAGs
[2023-06-13T22:55:47.931+0000] {logging_mixin.py:149} INFO - [2023-06-13T22:55:47.930+0000] {dag.py:3490} INFO - Setting next_dagrun for example_short_circuit_decorator to 2023-06-12T22:55:47.930497+00:00, run_after=2023-06-13T22:55:47.930497+00:00
[2023-06-13T22:55:48.009+0000] {processor.py:179} INFO - Processing /home/airflow/.local/lib/python3.7/site-packages/airflow/example_dags/example_short_circuit_decorator.py took 0.278 seconds
[2023-06-13T22:56:18.477+0000] {processor.py:157} INFO - Started process (PID=1309) to work on /home/airflow/.local/lib/python3.7/site-packages/airflow/example_dags/example_short_circuit_decorator.py
[2023-06-13T22:56:18.479+0000] {processor.py:826} INFO - Processing file /home/airflow/.local/lib/python3.7/site-packages/airflow/example_dags/example_short_circuit_decorator.py for tasks to queue
[2023-06-13T22:56:18.481+0000] {logging_mixin.py:149} INFO - [2023-06-13T22:56:18.480+0000] {dagbag.py:541} INFO - Filling up the DagBag from /home/airflow/.local/lib/python3.7/site-packages/airflow/example_dags/example_short_circuit_decorator.py
[2023-06-13T22:56:18.495+0000] {processor.py:836} INFO - DAG(s) dict_keys(['example_short_circuit_decorator']) retrieved from /home/airflow/.local/lib/python3.7/site-packages/airflow/example_dags/example_short_circuit_decorator.py
[2023-06-13T22:56:18.552+0000] {logging_mixin.py:149} INFO - [2023-06-13T22:56:18.551+0000] {dag.py:2726} INFO - Sync 1 DAGs
[2023-06-13T22:56:18.605+0000] {logging_mixin.py:149} INFO - [2023-06-13T22:56:18.605+0000] {dag.py:3490} INFO - Setting next_dagrun for example_short_circuit_decorator to 2023-06-12T22:56:18.604674+00:00, run_after=2023-06-13T22:56:18.604674+00:00
[2023-06-13T22:56:18.653+0000] {processor.py:179} INFO - Processing /home/airflow/.local/lib/python3.7/site-packages/airflow/example_dags/example_short_circuit_decorator.py took 0.183 seconds
[2023-06-13T22:56:48.827+0000] {processor.py:157} INFO - Started process (PID=1546) to work on /home/airflow/.local/lib/python3.7/site-packages/airflow/example_dags/example_short_circuit_decorator.py
[2023-06-13T22:56:48.832+0000] {processor.py:826} INFO - Processing file /home/airflow/.local/lib/python3.7/site-packages/airflow/example_dags/example_short_circuit_decorator.py for tasks to queue
[2023-06-13T22:56:48.833+0000] {logging_mixin.py:149} INFO - [2023-06-13T22:56:48.833+0000] {dagbag.py:541} INFO - Filling up the DagBag from /home/airflow/.local/lib/python3.7/site-packages/airflow/example_dags/example_short_circuit_decorator.py
[2023-06-13T22:56:48.851+0000] {processor.py:836} INFO - DAG(s) dict_keys(['example_short_circuit_decorator']) retrieved from /home/airflow/.local/lib/python3.7/site-packages/airflow/example_dags/example_short_circuit_decorator.py
[2023-06-13T22:56:48.900+0000] {logging_mixin.py:149} INFO - [2023-06-13T22:56:48.900+0000] {dag.py:2726} INFO - Sync 1 DAGs
[2023-06-13T22:56:48.943+0000] {logging_mixin.py:149} INFO - [2023-06-13T22:56:48.943+0000] {dag.py:3490} INFO - Setting next_dagrun for example_short_circuit_decorator to 2023-06-12T22:56:48.942892+00:00, run_after=2023-06-13T22:56:48.942892+00:00
[2023-06-13T22:56:48.993+0000] {processor.py:179} INFO - Processing /home/airflow/.local/lib/python3.7/site-packages/airflow/example_dags/example_short_circuit_decorator.py took 0.171 seconds
[2023-06-13T22:57:20.054+0000] {processor.py:157} INFO - Started process (PID=1784) to work on /home/airflow/.local/lib/python3.7/site-packages/airflow/example_dags/example_short_circuit_decorator.py
[2023-06-13T22:57:20.056+0000] {processor.py:826} INFO - Processing file /home/airflow/.local/lib/python3.7/site-packages/airflow/example_dags/example_short_circuit_decorator.py for tasks to queue
[2023-06-13T22:57:20.058+0000] {logging_mixin.py:149} INFO - [2023-06-13T22:57:20.057+0000] {dagbag.py:541} INFO - Filling up the DagBag from /home/airflow/.local/lib/python3.7/site-packages/airflow/example_dags/example_short_circuit_decorator.py
[2023-06-13T22:57:20.083+0000] {processor.py:836} INFO - DAG(s) dict_keys(['example_short_circuit_decorator']) retrieved from /home/airflow/.local/lib/python3.7/site-packages/airflow/example_dags/example_short_circuit_decorator.py
[2023-06-13T22:57:20.159+0000] {logging_mixin.py:149} INFO - [2023-06-13T22:57:20.158+0000] {dag.py:2726} INFO - Sync 1 DAGs
[2023-06-13T22:57:20.229+0000] {logging_mixin.py:149} INFO - [2023-06-13T22:57:20.228+0000] {dag.py:3490} INFO - Setting next_dagrun for example_short_circuit_decorator to 2023-06-12T22:57:20.227709+00:00, run_after=2023-06-13T22:57:20.227709+00:00
[2023-06-13T22:57:20.292+0000] {processor.py:179} INFO - Processing /home/airflow/.local/lib/python3.7/site-packages/airflow/example_dags/example_short_circuit_decorator.py took 0.247 seconds
[2023-06-13T22:57:50.624+0000] {processor.py:157} INFO - Started process (PID=2025) to work on /home/airflow/.local/lib/python3.7/site-packages/airflow/example_dags/example_short_circuit_decorator.py
[2023-06-13T22:57:50.626+0000] {processor.py:826} INFO - Processing file /home/airflow/.local/lib/python3.7/site-packages/airflow/example_dags/example_short_circuit_decorator.py for tasks to queue
[2023-06-13T22:57:50.628+0000] {logging_mixin.py:149} INFO - [2023-06-13T22:57:50.627+0000] {dagbag.py:541} INFO - Filling up the DagBag from /home/airflow/.local/lib/python3.7/site-packages/airflow/example_dags/example_short_circuit_decorator.py
[2023-06-13T22:57:50.649+0000] {processor.py:836} INFO - DAG(s) dict_keys(['example_short_circuit_decorator']) retrieved from /home/airflow/.local/lib/python3.7/site-packages/airflow/example_dags/example_short_circuit_decorator.py
[2023-06-13T22:57:50.712+0000] {logging_mixin.py:149} INFO - [2023-06-13T22:57:50.712+0000] {dag.py:2726} INFO - Sync 1 DAGs
[2023-06-13T22:57:50.771+0000] {logging_mixin.py:149} INFO - [2023-06-13T22:57:50.770+0000] {dag.py:3490} INFO - Setting next_dagrun for example_short_circuit_decorator to 2023-06-12T22:57:50.770448+00:00, run_after=2023-06-13T22:57:50.770448+00:00
[2023-06-13T22:57:50.830+0000] {processor.py:179} INFO - Processing /home/airflow/.local/lib/python3.7/site-packages/airflow/example_dags/example_short_circuit_decorator.py took 0.215 seconds
[2023-06-13T22:58:21.518+0000] {processor.py:157} INFO - Started process (PID=2268) to work on /home/airflow/.local/lib/python3.7/site-packages/airflow/example_dags/example_short_circuit_decorator.py
[2023-06-13T22:58:21.520+0000] {processor.py:826} INFO - Processing file /home/airflow/.local/lib/python3.7/site-packages/airflow/example_dags/example_short_circuit_decorator.py for tasks to queue
[2023-06-13T22:58:21.521+0000] {logging_mixin.py:149} INFO - [2023-06-13T22:58:21.521+0000] {dagbag.py:541} INFO - Filling up the DagBag from /home/airflow/.local/lib/python3.7/site-packages/airflow/example_dags/example_short_circuit_decorator.py
[2023-06-13T22:58:21.543+0000] {processor.py:836} INFO - DAG(s) dict_keys(['example_short_circuit_decorator']) retrieved from /home/airflow/.local/lib/python3.7/site-packages/airflow/example_dags/example_short_circuit_decorator.py
[2023-06-13T22:58:21.609+0000] {logging_mixin.py:149} INFO - [2023-06-13T22:58:21.609+0000] {dag.py:2726} INFO - Sync 1 DAGs
[2023-06-13T22:58:21.667+0000] {logging_mixin.py:149} INFO - [2023-06-13T22:58:21.666+0000] {dag.py:3490} INFO - Setting next_dagrun for example_short_circuit_decorator to 2023-06-12T22:58:21.666320+00:00, run_after=2023-06-13T22:58:21.666320+00:00
[2023-06-13T22:58:21.735+0000] {processor.py:179} INFO - Processing /home/airflow/.local/lib/python3.7/site-packages/airflow/example_dags/example_short_circuit_decorator.py took 0.224 seconds
[2023-06-13T22:58:52.549+0000] {processor.py:157} INFO - Started process (PID=2503) to work on /home/airflow/.local/lib/python3.7/site-packages/airflow/example_dags/example_short_circuit_decorator.py
[2023-06-13T22:58:52.552+0000] {processor.py:826} INFO - Processing file /home/airflow/.local/lib/python3.7/site-packages/airflow/example_dags/example_short_circuit_decorator.py for tasks to queue
[2023-06-13T22:58:52.553+0000] {logging_mixin.py:149} INFO - [2023-06-13T22:58:52.553+0000] {dagbag.py:541} INFO - Filling up the DagBag from /home/airflow/.local/lib/python3.7/site-packages/airflow/example_dags/example_short_circuit_decorator.py
[2023-06-13T22:58:52.577+0000] {processor.py:836} INFO - DAG(s) dict_keys(['example_short_circuit_decorator']) retrieved from /home/airflow/.local/lib/python3.7/site-packages/airflow/example_dags/example_short_circuit_decorator.py
[2023-06-13T22:58:52.678+0000] {logging_mixin.py:149} INFO - [2023-06-13T22:58:52.678+0000] {dag.py:2726} INFO - Sync 1 DAGs
[2023-06-13T22:58:52.744+0000] {logging_mixin.py:149} INFO - [2023-06-13T22:58:52.743+0000] {dag.py:3490} INFO - Setting next_dagrun for example_short_circuit_decorator to 2023-06-12T22:58:52.742821+00:00, run_after=2023-06-13T22:58:52.742821+00:00
[2023-06-13T22:58:52.814+0000] {processor.py:179} INFO - Processing /home/airflow/.local/lib/python3.7/site-packages/airflow/example_dags/example_short_circuit_decorator.py took 0.273 seconds
[2023-06-13T22:59:23.074+0000] {processor.py:157} INFO - Started process (PID=2743) to work on /home/airflow/.local/lib/python3.7/site-packages/airflow/example_dags/example_short_circuit_decorator.py
[2023-06-13T22:59:23.077+0000] {processor.py:826} INFO - Processing file /home/airflow/.local/lib/python3.7/site-packages/airflow/example_dags/example_short_circuit_decorator.py for tasks to queue
[2023-06-13T22:59:23.079+0000] {logging_mixin.py:149} INFO - [2023-06-13T22:59:23.078+0000] {dagbag.py:541} INFO - Filling up the DagBag from /home/airflow/.local/lib/python3.7/site-packages/airflow/example_dags/example_short_circuit_decorator.py
[2023-06-13T22:59:23.095+0000] {processor.py:836} INFO - DAG(s) dict_keys(['example_short_circuit_decorator']) retrieved from /home/airflow/.local/lib/python3.7/site-packages/airflow/example_dags/example_short_circuit_decorator.py
[2023-06-13T22:59:23.148+0000] {logging_mixin.py:149} INFO - [2023-06-13T22:59:23.148+0000] {dag.py:2726} INFO - Sync 1 DAGs
[2023-06-13T22:59:23.208+0000] {logging_mixin.py:149} INFO - [2023-06-13T22:59:23.207+0000] {dag.py:3490} INFO - Setting next_dagrun for example_short_circuit_decorator to 2023-06-12T22:59:23.207158+00:00, run_after=2023-06-13T22:59:23.207158+00:00
[2023-06-13T22:59:23.266+0000] {processor.py:179} INFO - Processing /home/airflow/.local/lib/python3.7/site-packages/airflow/example_dags/example_short_circuit_decorator.py took 0.199 seconds
[2023-06-13T22:59:53.780+0000] {processor.py:157} INFO - Started process (PID=2988) to work on /home/airflow/.local/lib/python3.7/site-packages/airflow/example_dags/example_short_circuit_decorator.py
[2023-06-13T22:59:53.783+0000] {processor.py:826} INFO - Processing file /home/airflow/.local/lib/python3.7/site-packages/airflow/example_dags/example_short_circuit_decorator.py for tasks to queue
[2023-06-13T22:59:53.784+0000] {logging_mixin.py:149} INFO - [2023-06-13T22:59:53.783+0000] {dagbag.py:541} INFO - Filling up the DagBag from /home/airflow/.local/lib/python3.7/site-packages/airflow/example_dags/example_short_circuit_decorator.py
[2023-06-13T22:59:53.803+0000] {processor.py:836} INFO - DAG(s) dict_keys(['example_short_circuit_decorator']) retrieved from /home/airflow/.local/lib/python3.7/site-packages/airflow/example_dags/example_short_circuit_decorator.py
[2023-06-13T22:59:53.879+0000] {logging_mixin.py:149} INFO - [2023-06-13T22:59:53.878+0000] {dag.py:2726} INFO - Sync 1 DAGs
[2023-06-13T22:59:53.937+0000] {logging_mixin.py:149} INFO - [2023-06-13T22:59:53.936+0000] {dag.py:3490} INFO - Setting next_dagrun for example_short_circuit_decorator to 2023-06-12T22:59:53.936215+00:00, run_after=2023-06-13T22:59:53.936215+00:00
[2023-06-13T22:59:53.990+0000] {processor.py:179} INFO - Processing /home/airflow/.local/lib/python3.7/site-packages/airflow/example_dags/example_short_circuit_decorator.py took 0.215 seconds
[2023-06-13T23:00:24.823+0000] {processor.py:157} INFO - Started process (PID=3228) to work on /home/airflow/.local/lib/python3.7/site-packages/airflow/example_dags/example_short_circuit_decorator.py
[2023-06-13T23:00:24.824+0000] {processor.py:826} INFO - Processing file /home/airflow/.local/lib/python3.7/site-packages/airflow/example_dags/example_short_circuit_decorator.py for tasks to queue
[2023-06-13T23:00:24.825+0000] {logging_mixin.py:149} INFO - [2023-06-13T23:00:24.825+0000] {dagbag.py:541} INFO - Filling up the DagBag from /home/airflow/.local/lib/python3.7/site-packages/airflow/example_dags/example_short_circuit_decorator.py
[2023-06-13T23:00:24.843+0000] {processor.py:836} INFO - DAG(s) dict_keys(['example_short_circuit_decorator']) retrieved from /home/airflow/.local/lib/python3.7/site-packages/airflow/example_dags/example_short_circuit_decorator.py
[2023-06-13T23:00:24.922+0000] {logging_mixin.py:149} INFO - [2023-06-13T23:00:24.921+0000] {dag.py:2726} INFO - Sync 1 DAGs
[2023-06-13T23:00:25.000+0000] {logging_mixin.py:149} INFO - [2023-06-13T23:00:24.999+0000] {dag.py:3490} INFO - Setting next_dagrun for example_short_circuit_decorator to 2023-06-12T23:00:24.999481+00:00, run_after=2023-06-13T23:00:24.999481+00:00
[2023-06-13T23:00:25.074+0000] {processor.py:179} INFO - Processing /home/airflow/.local/lib/python3.7/site-packages/airflow/example_dags/example_short_circuit_decorator.py took 0.258 seconds
[2023-06-13T23:00:55.785+0000] {processor.py:157} INFO - Started process (PID=3475) to work on /home/airflow/.local/lib/python3.7/site-packages/airflow/example_dags/example_short_circuit_decorator.py
[2023-06-13T23:00:55.787+0000] {processor.py:826} INFO - Processing file /home/airflow/.local/lib/python3.7/site-packages/airflow/example_dags/example_short_circuit_decorator.py for tasks to queue
[2023-06-13T23:00:55.789+0000] {logging_mixin.py:149} INFO - [2023-06-13T23:00:55.788+0000] {dagbag.py:541} INFO - Filling up the DagBag from /home/airflow/.local/lib/python3.7/site-packages/airflow/example_dags/example_short_circuit_decorator.py
[2023-06-13T23:00:55.808+0000] {processor.py:836} INFO - DAG(s) dict_keys(['example_short_circuit_decorator']) retrieved from /home/airflow/.local/lib/python3.7/site-packages/airflow/example_dags/example_short_circuit_decorator.py
[2023-06-13T23:00:55.866+0000] {logging_mixin.py:149} INFO - [2023-06-13T23:00:55.865+0000] {dag.py:2726} INFO - Sync 1 DAGs
[2023-06-13T23:00:55.920+0000] {logging_mixin.py:149} INFO - [2023-06-13T23:00:55.920+0000] {dag.py:3490} INFO - Setting next_dagrun for example_short_circuit_decorator to 2023-06-12T23:00:55.919669+00:00, run_after=2023-06-13T23:00:55.919669+00:00
[2023-06-13T23:00:55.979+0000] {processor.py:179} INFO - Processing /home/airflow/.local/lib/python3.7/site-packages/airflow/example_dags/example_short_circuit_decorator.py took 0.202 seconds
[2023-06-13T23:01:26.470+0000] {processor.py:157} INFO - Started process (PID=3715) to work on /home/airflow/.local/lib/python3.7/site-packages/airflow/example_dags/example_short_circuit_decorator.py
[2023-06-13T23:01:26.473+0000] {processor.py:826} INFO - Processing file /home/airflow/.local/lib/python3.7/site-packages/airflow/example_dags/example_short_circuit_decorator.py for tasks to queue
[2023-06-13T23:01:26.474+0000] {logging_mixin.py:149} INFO - [2023-06-13T23:01:26.474+0000] {dagbag.py:541} INFO - Filling up the DagBag from /home/airflow/.local/lib/python3.7/site-packages/airflow/example_dags/example_short_circuit_decorator.py
[2023-06-13T23:01:26.493+0000] {processor.py:836} INFO - DAG(s) dict_keys(['example_short_circuit_decorator']) retrieved from /home/airflow/.local/lib/python3.7/site-packages/airflow/example_dags/example_short_circuit_decorator.py
[2023-06-13T23:01:26.565+0000] {logging_mixin.py:149} INFO - [2023-06-13T23:01:26.565+0000] {dag.py:2726} INFO - Sync 1 DAGs
[2023-06-13T23:01:26.625+0000] {logging_mixin.py:149} INFO - [2023-06-13T23:01:26.625+0000] {dag.py:3490} INFO - Setting next_dagrun for example_short_circuit_decorator to 2023-06-12T23:01:26.625101+00:00, run_after=2023-06-13T23:01:26.625101+00:00
[2023-06-13T23:01:26.681+0000] {processor.py:179} INFO - Processing /home/airflow/.local/lib/python3.7/site-packages/airflow/example_dags/example_short_circuit_decorator.py took 0.218 seconds
[2023-06-13T23:01:57.608+0000] {processor.py:157} INFO - Started process (PID=3955) to work on /home/airflow/.local/lib/python3.7/site-packages/airflow/example_dags/example_short_circuit_decorator.py
[2023-06-13T23:01:57.611+0000] {processor.py:826} INFO - Processing file /home/airflow/.local/lib/python3.7/site-packages/airflow/example_dags/example_short_circuit_decorator.py for tasks to queue
[2023-06-13T23:01:57.612+0000] {logging_mixin.py:149} INFO - [2023-06-13T23:01:57.612+0000] {dagbag.py:541} INFO - Filling up the DagBag from /home/airflow/.local/lib/python3.7/site-packages/airflow/example_dags/example_short_circuit_decorator.py
[2023-06-13T23:01:57.635+0000] {processor.py:836} INFO - DAG(s) dict_keys(['example_short_circuit_decorator']) retrieved from /home/airflow/.local/lib/python3.7/site-packages/airflow/example_dags/example_short_circuit_decorator.py
[2023-06-13T23:01:57.711+0000] {logging_mixin.py:149} INFO - [2023-06-13T23:01:57.710+0000] {dag.py:2726} INFO - Sync 1 DAGs
[2023-06-13T23:01:57.780+0000] {logging_mixin.py:149} INFO - [2023-06-13T23:01:57.779+0000] {dag.py:3490} INFO - Setting next_dagrun for example_short_circuit_decorator to 2023-06-12T23:01:57.779271+00:00, run_after=2023-06-13T23:01:57.779271+00:00
[2023-06-13T23:01:57.856+0000] {processor.py:179} INFO - Processing /home/airflow/.local/lib/python3.7/site-packages/airflow/example_dags/example_short_circuit_decorator.py took 0.278 seconds
[2023-06-13T23:02:28.900+0000] {processor.py:157} INFO - Started process (PID=4196) to work on /home/airflow/.local/lib/python3.7/site-packages/airflow/example_dags/example_short_circuit_decorator.py
[2023-06-13T23:02:28.904+0000] {processor.py:826} INFO - Processing file /home/airflow/.local/lib/python3.7/site-packages/airflow/example_dags/example_short_circuit_decorator.py for tasks to queue
[2023-06-13T23:02:28.906+0000] {logging_mixin.py:149} INFO - [2023-06-13T23:02:28.905+0000] {dagbag.py:541} INFO - Filling up the DagBag from /home/airflow/.local/lib/python3.7/site-packages/airflow/example_dags/example_short_circuit_decorator.py
[2023-06-13T23:02:28.927+0000] {processor.py:836} INFO - DAG(s) dict_keys(['example_short_circuit_decorator']) retrieved from /home/airflow/.local/lib/python3.7/site-packages/airflow/example_dags/example_short_circuit_decorator.py
[2023-06-13T23:02:28.994+0000] {logging_mixin.py:149} INFO - [2023-06-13T23:02:28.993+0000] {dag.py:2726} INFO - Sync 1 DAGs
[2023-06-13T23:02:29.052+0000] {logging_mixin.py:149} INFO - [2023-06-13T23:02:29.051+0000] {dag.py:3490} INFO - Setting next_dagrun for example_short_circuit_decorator to 2023-06-12T23:02:29.051074+00:00, run_after=2023-06-13T23:02:29.051074+00:00
[2023-06-13T23:02:29.120+0000] {processor.py:179} INFO - Processing /home/airflow/.local/lib/python3.7/site-packages/airflow/example_dags/example_short_circuit_decorator.py took 0.225 seconds
[2023-06-13T23:02:59.778+0000] {processor.py:157} INFO - Started process (PID=4435) to work on /home/airflow/.local/lib/python3.7/site-packages/airflow/example_dags/example_short_circuit_decorator.py
[2023-06-13T23:02:59.780+0000] {processor.py:826} INFO - Processing file /home/airflow/.local/lib/python3.7/site-packages/airflow/example_dags/example_short_circuit_decorator.py for tasks to queue
[2023-06-13T23:02:59.781+0000] {logging_mixin.py:149} INFO - [2023-06-13T23:02:59.781+0000] {dagbag.py:541} INFO - Filling up the DagBag from /home/airflow/.local/lib/python3.7/site-packages/airflow/example_dags/example_short_circuit_decorator.py
[2023-06-13T23:02:59.795+0000] {processor.py:836} INFO - DAG(s) dict_keys(['example_short_circuit_decorator']) retrieved from /home/airflow/.local/lib/python3.7/site-packages/airflow/example_dags/example_short_circuit_decorator.py
[2023-06-13T23:02:59.841+0000] {logging_mixin.py:149} INFO - [2023-06-13T23:02:59.841+0000] {dag.py:2726} INFO - Sync 1 DAGs
[2023-06-13T23:02:59.880+0000] {logging_mixin.py:149} INFO - [2023-06-13T23:02:59.880+0000] {dag.py:3490} INFO - Setting next_dagrun for example_short_circuit_decorator to 2023-06-12T23:02:59.879662+00:00, run_after=2023-06-13T23:02:59.879662+00:00
[2023-06-13T23:02:59.923+0000] {processor.py:179} INFO - Processing /home/airflow/.local/lib/python3.7/site-packages/airflow/example_dags/example_short_circuit_decorator.py took 0.148 seconds
[2023-06-13T23:03:30.153+0000] {processor.py:157} INFO - Started process (PID=4675) to work on /home/airflow/.local/lib/python3.7/site-packages/airflow/example_dags/example_short_circuit_decorator.py
[2023-06-13T23:03:30.154+0000] {processor.py:826} INFO - Processing file /home/airflow/.local/lib/python3.7/site-packages/airflow/example_dags/example_short_circuit_decorator.py for tasks to queue
[2023-06-13T23:03:30.155+0000] {logging_mixin.py:149} INFO - [2023-06-13T23:03:30.155+0000] {dagbag.py:541} INFO - Filling up the DagBag from /home/airflow/.local/lib/python3.7/site-packages/airflow/example_dags/example_short_circuit_decorator.py
[2023-06-13T23:03:30.171+0000] {processor.py:836} INFO - DAG(s) dict_keys(['example_short_circuit_decorator']) retrieved from /home/airflow/.local/lib/python3.7/site-packages/airflow/example_dags/example_short_circuit_decorator.py
[2023-06-13T23:03:30.227+0000] {logging_mixin.py:149} INFO - [2023-06-13T23:03:30.227+0000] {dag.py:2726} INFO - Sync 1 DAGs
[2023-06-13T23:03:30.272+0000] {logging_mixin.py:149} INFO - [2023-06-13T23:03:30.271+0000] {dag.py:3490} INFO - Setting next_dagrun for example_short_circuit_decorator to 2023-06-12T23:03:30.271329+00:00, run_after=2023-06-13T23:03:30.271329+00:00
[2023-06-13T23:03:30.316+0000] {processor.py:179} INFO - Processing /home/airflow/.local/lib/python3.7/site-packages/airflow/example_dags/example_short_circuit_decorator.py took 0.168 seconds
[2023-06-13T23:04:00.427+0000] {processor.py:157} INFO - Started process (PID=4910) to work on /home/airflow/.local/lib/python3.7/site-packages/airflow/example_dags/example_short_circuit_decorator.py
[2023-06-13T23:04:00.430+0000] {processor.py:826} INFO - Processing file /home/airflow/.local/lib/python3.7/site-packages/airflow/example_dags/example_short_circuit_decorator.py for tasks to queue
[2023-06-13T23:04:00.432+0000] {logging_mixin.py:149} INFO - [2023-06-13T23:04:00.432+0000] {dagbag.py:541} INFO - Filling up the DagBag from /home/airflow/.local/lib/python3.7/site-packages/airflow/example_dags/example_short_circuit_decorator.py
[2023-06-13T23:04:00.447+0000] {processor.py:836} INFO - DAG(s) dict_keys(['example_short_circuit_decorator']) retrieved from /home/airflow/.local/lib/python3.7/site-packages/airflow/example_dags/example_short_circuit_decorator.py
[2023-06-13T23:04:00.492+0000] {logging_mixin.py:149} INFO - [2023-06-13T23:04:00.491+0000] {dag.py:2726} INFO - Sync 1 DAGs
[2023-06-13T23:04:00.542+0000] {logging_mixin.py:149} INFO - [2023-06-13T23:04:00.542+0000] {dag.py:3490} INFO - Setting next_dagrun for example_short_circuit_decorator to 2023-06-12T23:04:00.541882+00:00, run_after=2023-06-13T23:04:00.541882+00:00
[2023-06-13T23:04:00.593+0000] {processor.py:179} INFO - Processing /home/airflow/.local/lib/python3.7/site-packages/airflow/example_dags/example_short_circuit_decorator.py took 0.172 seconds
[2023-06-13T23:04:30.656+0000] {processor.py:157} INFO - Started process (PID=5147) to work on /home/airflow/.local/lib/python3.7/site-packages/airflow/example_dags/example_short_circuit_decorator.py
[2023-06-13T23:04:30.659+0000] {processor.py:826} INFO - Processing file /home/airflow/.local/lib/python3.7/site-packages/airflow/example_dags/example_short_circuit_decorator.py for tasks to queue
[2023-06-13T23:04:30.660+0000] {logging_mixin.py:149} INFO - [2023-06-13T23:04:30.660+0000] {dagbag.py:541} INFO - Filling up the DagBag from /home/airflow/.local/lib/python3.7/site-packages/airflow/example_dags/example_short_circuit_decorator.py
[2023-06-13T23:04:30.673+0000] {processor.py:836} INFO - DAG(s) dict_keys(['example_short_circuit_decorator']) retrieved from /home/airflow/.local/lib/python3.7/site-packages/airflow/example_dags/example_short_circuit_decorator.py
[2023-06-13T23:04:30.715+0000] {logging_mixin.py:149} INFO - [2023-06-13T23:04:30.714+0000] {dag.py:2726} INFO - Sync 1 DAGs
[2023-06-13T23:04:30.761+0000] {logging_mixin.py:149} INFO - [2023-06-13T23:04:30.760+0000] {dag.py:3490} INFO - Setting next_dagrun for example_short_circuit_decorator to 2023-06-12T23:04:30.760265+00:00, run_after=2023-06-13T23:04:30.760265+00:00
[2023-06-13T23:04:30.811+0000] {processor.py:179} INFO - Processing /home/airflow/.local/lib/python3.7/site-packages/airflow/example_dags/example_short_circuit_decorator.py took 0.160 seconds
[2023-06-13T23:05:01.634+0000] {processor.py:157} INFO - Started process (PID=5390) to work on /home/airflow/.local/lib/python3.7/site-packages/airflow/example_dags/example_short_circuit_decorator.py
[2023-06-13T23:05:01.637+0000] {processor.py:826} INFO - Processing file /home/airflow/.local/lib/python3.7/site-packages/airflow/example_dags/example_short_circuit_decorator.py for tasks to queue
[2023-06-13T23:05:01.639+0000] {logging_mixin.py:149} INFO - [2023-06-13T23:05:01.639+0000] {dagbag.py:541} INFO - Filling up the DagBag from /home/airflow/.local/lib/python3.7/site-packages/airflow/example_dags/example_short_circuit_decorator.py
[2023-06-13T23:05:01.662+0000] {processor.py:836} INFO - DAG(s) dict_keys(['example_short_circuit_decorator']) retrieved from /home/airflow/.local/lib/python3.7/site-packages/airflow/example_dags/example_short_circuit_decorator.py
[2023-06-13T23:05:01.746+0000] {logging_mixin.py:149} INFO - [2023-06-13T23:05:01.746+0000] {dag.py:2726} INFO - Sync 1 DAGs
[2023-06-13T23:05:01.809+0000] {logging_mixin.py:149} INFO - [2023-06-13T23:05:01.809+0000] {dag.py:3490} INFO - Setting next_dagrun for example_short_circuit_decorator to 2023-06-12T23:05:01.808753+00:00, run_after=2023-06-13T23:05:01.808753+00:00
[2023-06-13T23:05:01.893+0000] {processor.py:179} INFO - Processing /home/airflow/.local/lib/python3.7/site-packages/airflow/example_dags/example_short_circuit_decorator.py took 0.266 seconds
[2023-06-13T23:05:32.666+0000] {processor.py:157} INFO - Started process (PID=5630) to work on /home/airflow/.local/lib/python3.7/site-packages/airflow/example_dags/example_short_circuit_decorator.py
[2023-06-13T23:05:32.670+0000] {processor.py:826} INFO - Processing file /home/airflow/.local/lib/python3.7/site-packages/airflow/example_dags/example_short_circuit_decorator.py for tasks to queue
[2023-06-13T23:05:32.673+0000] {logging_mixin.py:149} INFO - [2023-06-13T23:05:32.672+0000] {dagbag.py:541} INFO - Filling up the DagBag from /home/airflow/.local/lib/python3.7/site-packages/airflow/example_dags/example_short_circuit_decorator.py
[2023-06-13T23:05:32.690+0000] {processor.py:836} INFO - DAG(s) dict_keys(['example_short_circuit_decorator']) retrieved from /home/airflow/.local/lib/python3.7/site-packages/airflow/example_dags/example_short_circuit_decorator.py
[2023-06-13T23:05:32.742+0000] {logging_mixin.py:149} INFO - [2023-06-13T23:05:32.741+0000] {dag.py:2726} INFO - Sync 1 DAGs
[2023-06-13T23:05:32.791+0000] {logging_mixin.py:149} INFO - [2023-06-13T23:05:32.791+0000] {dag.py:3490} INFO - Setting next_dagrun for example_short_circuit_decorator to 2023-06-12T23:05:32.791118+00:00, run_after=2023-06-13T23:05:32.791118+00:00
[2023-06-13T23:05:32.849+0000] {processor.py:179} INFO - Processing /home/airflow/.local/lib/python3.7/site-packages/airflow/example_dags/example_short_circuit_decorator.py took 0.189 seconds
[2023-06-13T23:06:03.125+0000] {processor.py:157} INFO - Started process (PID=5870) to work on /home/airflow/.local/lib/python3.7/site-packages/airflow/example_dags/example_short_circuit_decorator.py
[2023-06-13T23:06:03.126+0000] {processor.py:826} INFO - Processing file /home/airflow/.local/lib/python3.7/site-packages/airflow/example_dags/example_short_circuit_decorator.py for tasks to queue
[2023-06-13T23:06:03.128+0000] {logging_mixin.py:149} INFO - [2023-06-13T23:06:03.128+0000] {dagbag.py:541} INFO - Filling up the DagBag from /home/airflow/.local/lib/python3.7/site-packages/airflow/example_dags/example_short_circuit_decorator.py
[2023-06-13T23:06:03.146+0000] {processor.py:836} INFO - DAG(s) dict_keys(['example_short_circuit_decorator']) retrieved from /home/airflow/.local/lib/python3.7/site-packages/airflow/example_dags/example_short_circuit_decorator.py
[2023-06-13T23:06:03.203+0000] {logging_mixin.py:149} INFO - [2023-06-13T23:06:03.203+0000] {dag.py:2726} INFO - Sync 1 DAGs
[2023-06-13T23:06:03.248+0000] {logging_mixin.py:149} INFO - [2023-06-13T23:06:03.248+0000] {dag.py:3490} INFO - Setting next_dagrun for example_short_circuit_decorator to 2023-06-12T23:06:03.247816+00:00, run_after=2023-06-13T23:06:03.247816+00:00
[2023-06-13T23:06:03.310+0000] {processor.py:179} INFO - Processing /home/airflow/.local/lib/python3.7/site-packages/airflow/example_dags/example_short_circuit_decorator.py took 0.191 seconds
[2023-06-13T23:06:33.666+0000] {processor.py:157} INFO - Started process (PID=6110) to work on /home/airflow/.local/lib/python3.7/site-packages/airflow/example_dags/example_short_circuit_decorator.py
[2023-06-13T23:06:33.668+0000] {processor.py:826} INFO - Processing file /home/airflow/.local/lib/python3.7/site-packages/airflow/example_dags/example_short_circuit_decorator.py for tasks to queue
[2023-06-13T23:06:33.669+0000] {logging_mixin.py:149} INFO - [2023-06-13T23:06:33.669+0000] {dagbag.py:541} INFO - Filling up the DagBag from /home/airflow/.local/lib/python3.7/site-packages/airflow/example_dags/example_short_circuit_decorator.py
[2023-06-13T23:06:33.683+0000] {processor.py:836} INFO - DAG(s) dict_keys(['example_short_circuit_decorator']) retrieved from /home/airflow/.local/lib/python3.7/site-packages/airflow/example_dags/example_short_circuit_decorator.py
[2023-06-13T23:06:33.735+0000] {logging_mixin.py:149} INFO - [2023-06-13T23:06:33.735+0000] {dag.py:2726} INFO - Sync 1 DAGs
[2023-06-13T23:06:33.781+0000] {logging_mixin.py:149} INFO - [2023-06-13T23:06:33.781+0000] {dag.py:3490} INFO - Setting next_dagrun for example_short_circuit_decorator to 2023-06-12T23:06:33.780621+00:00, run_after=2023-06-13T23:06:33.780621+00:00
[2023-06-13T23:06:33.841+0000] {processor.py:179} INFO - Processing /home/airflow/.local/lib/python3.7/site-packages/airflow/example_dags/example_short_circuit_decorator.py took 0.181 seconds
[2023-06-13T23:07:04.489+0000] {processor.py:157} INFO - Started process (PID=6349) to work on /home/airflow/.local/lib/python3.7/site-packages/airflow/example_dags/example_short_circuit_decorator.py
[2023-06-13T23:07:04.491+0000] {processor.py:826} INFO - Processing file /home/airflow/.local/lib/python3.7/site-packages/airflow/example_dags/example_short_circuit_decorator.py for tasks to queue
[2023-06-13T23:07:04.493+0000] {logging_mixin.py:149} INFO - [2023-06-13T23:07:04.492+0000] {dagbag.py:541} INFO - Filling up the DagBag from /home/airflow/.local/lib/python3.7/site-packages/airflow/example_dags/example_short_circuit_decorator.py
[2023-06-13T23:07:04.515+0000] {processor.py:836} INFO - DAG(s) dict_keys(['example_short_circuit_decorator']) retrieved from /home/airflow/.local/lib/python3.7/site-packages/airflow/example_dags/example_short_circuit_decorator.py
[2023-06-13T23:07:04.584+0000] {logging_mixin.py:149} INFO - [2023-06-13T23:07:04.583+0000] {dag.py:2726} INFO - Sync 1 DAGs
[2023-06-13T23:07:04.636+0000] {logging_mixin.py:149} INFO - [2023-06-13T23:07:04.636+0000] {dag.py:3490} INFO - Setting next_dagrun for example_short_circuit_decorator to 2023-06-12T23:07:04.636393+00:00, run_after=2023-06-13T23:07:04.636393+00:00
[2023-06-13T23:07:04.687+0000] {processor.py:179} INFO - Processing /home/airflow/.local/lib/python3.7/site-packages/airflow/example_dags/example_short_circuit_decorator.py took 0.204 seconds
[2023-06-13T23:07:34.762+0000] {processor.py:157} INFO - Started process (PID=6587) to work on /home/airflow/.local/lib/python3.7/site-packages/airflow/example_dags/example_short_circuit_decorator.py
[2023-06-13T23:07:34.764+0000] {processor.py:826} INFO - Processing file /home/airflow/.local/lib/python3.7/site-packages/airflow/example_dags/example_short_circuit_decorator.py for tasks to queue
[2023-06-13T23:07:34.766+0000] {logging_mixin.py:149} INFO - [2023-06-13T23:07:34.765+0000] {dagbag.py:541} INFO - Filling up the DagBag from /home/airflow/.local/lib/python3.7/site-packages/airflow/example_dags/example_short_circuit_decorator.py
[2023-06-13T23:07:34.779+0000] {processor.py:836} INFO - DAG(s) dict_keys(['example_short_circuit_decorator']) retrieved from /home/airflow/.local/lib/python3.7/site-packages/airflow/example_dags/example_short_circuit_decorator.py
[2023-06-13T23:07:34.832+0000] {logging_mixin.py:149} INFO - [2023-06-13T23:07:34.831+0000] {dag.py:2726} INFO - Sync 1 DAGs
[2023-06-13T23:07:34.870+0000] {logging_mixin.py:149} INFO - [2023-06-13T23:07:34.870+0000] {dag.py:3490} INFO - Setting next_dagrun for example_short_circuit_decorator to 2023-06-12T23:07:34.869995+00:00, run_after=2023-06-13T23:07:34.869995+00:00
[2023-06-13T23:07:34.920+0000] {processor.py:179} INFO - Processing /home/airflow/.local/lib/python3.7/site-packages/airflow/example_dags/example_short_circuit_decorator.py took 0.163 seconds
[2023-06-13T23:08:05.172+0000] {processor.py:157} INFO - Started process (PID=6826) to work on /home/airflow/.local/lib/python3.7/site-packages/airflow/example_dags/example_short_circuit_decorator.py
[2023-06-13T23:08:05.175+0000] {processor.py:826} INFO - Processing file /home/airflow/.local/lib/python3.7/site-packages/airflow/example_dags/example_short_circuit_decorator.py for tasks to queue
[2023-06-13T23:08:05.176+0000] {logging_mixin.py:149} INFO - [2023-06-13T23:08:05.176+0000] {dagbag.py:541} INFO - Filling up the DagBag from /home/airflow/.local/lib/python3.7/site-packages/airflow/example_dags/example_short_circuit_decorator.py
[2023-06-13T23:08:05.186+0000] {processor.py:836} INFO - DAG(s) dict_keys(['example_short_circuit_decorator']) retrieved from /home/airflow/.local/lib/python3.7/site-packages/airflow/example_dags/example_short_circuit_decorator.py
[2023-06-13T23:08:05.232+0000] {logging_mixin.py:149} INFO - [2023-06-13T23:08:05.232+0000] {dag.py:2726} INFO - Sync 1 DAGs
[2023-06-13T23:08:05.268+0000] {logging_mixin.py:149} INFO - [2023-06-13T23:08:05.268+0000] {dag.py:3490} INFO - Setting next_dagrun for example_short_circuit_decorator to 2023-06-12T23:08:05.267943+00:00, run_after=2023-06-13T23:08:05.267943+00:00
[2023-06-13T23:08:05.315+0000] {processor.py:179} INFO - Processing /home/airflow/.local/lib/python3.7/site-packages/airflow/example_dags/example_short_circuit_decorator.py took 0.148 seconds
[2023-06-13T23:08:35.656+0000] {processor.py:157} INFO - Started process (PID=7065) to work on /home/airflow/.local/lib/python3.7/site-packages/airflow/example_dags/example_short_circuit_decorator.py
[2023-06-13T23:08:35.659+0000] {processor.py:826} INFO - Processing file /home/airflow/.local/lib/python3.7/site-packages/airflow/example_dags/example_short_circuit_decorator.py for tasks to queue
[2023-06-13T23:08:35.660+0000] {logging_mixin.py:149} INFO - [2023-06-13T23:08:35.660+0000] {dagbag.py:541} INFO - Filling up the DagBag from /home/airflow/.local/lib/python3.7/site-packages/airflow/example_dags/example_short_circuit_decorator.py
[2023-06-13T23:08:35.675+0000] {processor.py:836} INFO - DAG(s) dict_keys(['example_short_circuit_decorator']) retrieved from /home/airflow/.local/lib/python3.7/site-packages/airflow/example_dags/example_short_circuit_decorator.py
[2023-06-13T23:08:35.730+0000] {logging_mixin.py:149} INFO - [2023-06-13T23:08:35.730+0000] {dag.py:2726} INFO - Sync 1 DAGs
[2023-06-13T23:08:35.774+0000] {logging_mixin.py:149} INFO - [2023-06-13T23:08:35.773+0000] {dag.py:3490} INFO - Setting next_dagrun for example_short_circuit_decorator to 2023-06-12T23:08:35.773559+00:00, run_after=2023-06-13T23:08:35.773559+00:00
[2023-06-13T23:08:35.820+0000] {processor.py:179} INFO - Processing /home/airflow/.local/lib/python3.7/site-packages/airflow/example_dags/example_short_circuit_decorator.py took 0.170 seconds
[2023-06-13T23:09:06.678+0000] {processor.py:157} INFO - Started process (PID=7310) to work on /home/airflow/.local/lib/python3.7/site-packages/airflow/example_dags/example_short_circuit_decorator.py
[2023-06-13T23:09:06.681+0000] {processor.py:826} INFO - Processing file /home/airflow/.local/lib/python3.7/site-packages/airflow/example_dags/example_short_circuit_decorator.py for tasks to queue
[2023-06-13T23:09:06.682+0000] {logging_mixin.py:149} INFO - [2023-06-13T23:09:06.682+0000] {dagbag.py:541} INFO - Filling up the DagBag from /home/airflow/.local/lib/python3.7/site-packages/airflow/example_dags/example_short_circuit_decorator.py
[2023-06-13T23:09:06.699+0000] {processor.py:836} INFO - DAG(s) dict_keys(['example_short_circuit_decorator']) retrieved from /home/airflow/.local/lib/python3.7/site-packages/airflow/example_dags/example_short_circuit_decorator.py
[2023-06-13T23:09:06.758+0000] {logging_mixin.py:149} INFO - [2023-06-13T23:09:06.757+0000] {dag.py:2726} INFO - Sync 1 DAGs
[2023-06-13T23:09:06.812+0000] {logging_mixin.py:149} INFO - [2023-06-13T23:09:06.811+0000] {dag.py:3490} INFO - Setting next_dagrun for example_short_circuit_decorator to 2023-06-12T23:09:06.811291+00:00, run_after=2023-06-13T23:09:06.811291+00:00
[2023-06-13T23:09:06.866+0000] {processor.py:179} INFO - Processing /home/airflow/.local/lib/python3.7/site-packages/airflow/example_dags/example_short_circuit_decorator.py took 0.192 seconds
[2023-06-13T23:09:37.478+0000] {processor.py:157} INFO - Started process (PID=7548) to work on /home/airflow/.local/lib/python3.7/site-packages/airflow/example_dags/example_short_circuit_decorator.py
[2023-06-13T23:09:37.480+0000] {processor.py:826} INFO - Processing file /home/airflow/.local/lib/python3.7/site-packages/airflow/example_dags/example_short_circuit_decorator.py for tasks to queue
[2023-06-13T23:09:37.482+0000] {logging_mixin.py:149} INFO - [2023-06-13T23:09:37.481+0000] {dagbag.py:541} INFO - Filling up the DagBag from /home/airflow/.local/lib/python3.7/site-packages/airflow/example_dags/example_short_circuit_decorator.py
[2023-06-13T23:09:37.499+0000] {processor.py:836} INFO - DAG(s) dict_keys(['example_short_circuit_decorator']) retrieved from /home/airflow/.local/lib/python3.7/site-packages/airflow/example_dags/example_short_circuit_decorator.py
[2023-06-13T23:09:37.565+0000] {logging_mixin.py:149} INFO - [2023-06-13T23:09:37.564+0000] {dag.py:2726} INFO - Sync 1 DAGs
[2023-06-13T23:09:37.608+0000] {logging_mixin.py:149} INFO - [2023-06-13T23:09:37.607+0000] {dag.py:3490} INFO - Setting next_dagrun for example_short_circuit_decorator to 2023-06-12T23:09:37.606767+00:00, run_after=2023-06-13T23:09:37.606767+00:00
[2023-06-13T23:09:37.664+0000] {processor.py:179} INFO - Processing /home/airflow/.local/lib/python3.7/site-packages/airflow/example_dags/example_short_circuit_decorator.py took 0.191 seconds
[2023-06-13T23:10:08.032+0000] {processor.py:157} INFO - Started process (PID=7790) to work on /home/airflow/.local/lib/python3.7/site-packages/airflow/example_dags/example_short_circuit_decorator.py
[2023-06-13T23:10:08.034+0000] {processor.py:826} INFO - Processing file /home/airflow/.local/lib/python3.7/site-packages/airflow/example_dags/example_short_circuit_decorator.py for tasks to queue
[2023-06-13T23:10:08.035+0000] {logging_mixin.py:149} INFO - [2023-06-13T23:10:08.035+0000] {dagbag.py:541} INFO - Filling up the DagBag from /home/airflow/.local/lib/python3.7/site-packages/airflow/example_dags/example_short_circuit_decorator.py
[2023-06-13T23:10:08.050+0000] {processor.py:836} INFO - DAG(s) dict_keys(['example_short_circuit_decorator']) retrieved from /home/airflow/.local/lib/python3.7/site-packages/airflow/example_dags/example_short_circuit_decorator.py
[2023-06-13T23:10:08.109+0000] {logging_mixin.py:149} INFO - [2023-06-13T23:10:08.108+0000] {dag.py:2726} INFO - Sync 1 DAGs
[2023-06-13T23:10:08.151+0000] {logging_mixin.py:149} INFO - [2023-06-13T23:10:08.150+0000] {dag.py:3490} INFO - Setting next_dagrun for example_short_circuit_decorator to 2023-06-12T23:10:08.150150+00:00, run_after=2023-06-13T23:10:08.150150+00:00
[2023-06-13T23:10:08.203+0000] {processor.py:179} INFO - Processing /home/airflow/.local/lib/python3.7/site-packages/airflow/example_dags/example_short_circuit_decorator.py took 0.178 seconds
[2023-06-13T23:10:38.699+0000] {processor.py:157} INFO - Started process (PID=8030) to work on /home/airflow/.local/lib/python3.7/site-packages/airflow/example_dags/example_short_circuit_decorator.py
[2023-06-13T23:10:38.706+0000] {processor.py:826} INFO - Processing file /home/airflow/.local/lib/python3.7/site-packages/airflow/example_dags/example_short_circuit_decorator.py for tasks to queue
[2023-06-13T23:10:38.708+0000] {logging_mixin.py:149} INFO - [2023-06-13T23:10:38.707+0000] {dagbag.py:541} INFO - Filling up the DagBag from /home/airflow/.local/lib/python3.7/site-packages/airflow/example_dags/example_short_circuit_decorator.py
[2023-06-13T23:10:38.723+0000] {processor.py:836} INFO - DAG(s) dict_keys(['example_short_circuit_decorator']) retrieved from /home/airflow/.local/lib/python3.7/site-packages/airflow/example_dags/example_short_circuit_decorator.py
[2023-06-13T23:10:38.781+0000] {logging_mixin.py:149} INFO - [2023-06-13T23:10:38.781+0000] {dag.py:2726} INFO - Sync 1 DAGs
[2023-06-13T23:10:38.831+0000] {logging_mixin.py:149} INFO - [2023-06-13T23:10:38.831+0000] {dag.py:3490} INFO - Setting next_dagrun for example_short_circuit_decorator to 2023-06-12T23:10:38.830872+00:00, run_after=2023-06-13T23:10:38.830872+00:00
[2023-06-13T23:10:38.884+0000] {processor.py:179} INFO - Processing /home/airflow/.local/lib/python3.7/site-packages/airflow/example_dags/example_short_circuit_decorator.py took 0.194 seconds
[2023-06-13T23:11:09.358+0000] {processor.py:157} INFO - Started process (PID=8268) to work on /home/airflow/.local/lib/python3.7/site-packages/airflow/example_dags/example_short_circuit_decorator.py
[2023-06-13T23:11:09.361+0000] {processor.py:826} INFO - Processing file /home/airflow/.local/lib/python3.7/site-packages/airflow/example_dags/example_short_circuit_decorator.py for tasks to queue
[2023-06-13T23:11:09.362+0000] {logging_mixin.py:149} INFO - [2023-06-13T23:11:09.361+0000] {dagbag.py:541} INFO - Filling up the DagBag from /home/airflow/.local/lib/python3.7/site-packages/airflow/example_dags/example_short_circuit_decorator.py
[2023-06-13T23:11:09.374+0000] {processor.py:836} INFO - DAG(s) dict_keys(['example_short_circuit_decorator']) retrieved from /home/airflow/.local/lib/python3.7/site-packages/airflow/example_dags/example_short_circuit_decorator.py
[2023-06-13T23:11:09.431+0000] {logging_mixin.py:149} INFO - [2023-06-13T23:11:09.431+0000] {dag.py:2726} INFO - Sync 1 DAGs
[2023-06-13T23:11:09.475+0000] {logging_mixin.py:149} INFO - [2023-06-13T23:11:09.474+0000] {dag.py:3490} INFO - Setting next_dagrun for example_short_circuit_decorator to 2023-06-12T23:11:09.474281+00:00, run_after=2023-06-13T23:11:09.474281+00:00
[2023-06-13T23:11:09.532+0000] {processor.py:179} INFO - Processing /home/airflow/.local/lib/python3.7/site-packages/airflow/example_dags/example_short_circuit_decorator.py took 0.178 seconds
[2023-06-13T23:11:40.450+0000] {processor.py:157} INFO - Started process (PID=8510) to work on /home/airflow/.local/lib/python3.7/site-packages/airflow/example_dags/example_short_circuit_decorator.py
[2023-06-13T23:11:40.453+0000] {processor.py:826} INFO - Processing file /home/airflow/.local/lib/python3.7/site-packages/airflow/example_dags/example_short_circuit_decorator.py for tasks to queue
[2023-06-13T23:11:40.454+0000] {logging_mixin.py:149} INFO - [2023-06-13T23:11:40.454+0000] {dagbag.py:541} INFO - Filling up the DagBag from /home/airflow/.local/lib/python3.7/site-packages/airflow/example_dags/example_short_circuit_decorator.py
[2023-06-13T23:11:40.471+0000] {processor.py:836} INFO - DAG(s) dict_keys(['example_short_circuit_decorator']) retrieved from /home/airflow/.local/lib/python3.7/site-packages/airflow/example_dags/example_short_circuit_decorator.py
[2023-06-13T23:11:40.535+0000] {logging_mixin.py:149} INFO - [2023-06-13T23:11:40.534+0000] {dag.py:2726} INFO - Sync 1 DAGs
[2023-06-13T23:11:40.589+0000] {logging_mixin.py:149} INFO - [2023-06-13T23:11:40.589+0000] {dag.py:3490} INFO - Setting next_dagrun for example_short_circuit_decorator to 2023-06-12T23:11:40.588636+00:00, run_after=2023-06-13T23:11:40.588636+00:00
[2023-06-13T23:11:40.646+0000] {processor.py:179} INFO - Processing /home/airflow/.local/lib/python3.7/site-packages/airflow/example_dags/example_short_circuit_decorator.py took 0.201 seconds
[2023-06-13T23:12:11.413+0000] {processor.py:157} INFO - Started process (PID=8749) to work on /home/airflow/.local/lib/python3.7/site-packages/airflow/example_dags/example_short_circuit_decorator.py
[2023-06-13T23:12:11.416+0000] {processor.py:826} INFO - Processing file /home/airflow/.local/lib/python3.7/site-packages/airflow/example_dags/example_short_circuit_decorator.py for tasks to queue
[2023-06-13T23:12:11.417+0000] {logging_mixin.py:149} INFO - [2023-06-13T23:12:11.417+0000] {dagbag.py:541} INFO - Filling up the DagBag from /home/airflow/.local/lib/python3.7/site-packages/airflow/example_dags/example_short_circuit_decorator.py
[2023-06-13T23:12:11.438+0000] {processor.py:836} INFO - DAG(s) dict_keys(['example_short_circuit_decorator']) retrieved from /home/airflow/.local/lib/python3.7/site-packages/airflow/example_dags/example_short_circuit_decorator.py
[2023-06-13T23:12:11.494+0000] {logging_mixin.py:149} INFO - [2023-06-13T23:12:11.493+0000] {dag.py:2726} INFO - Sync 1 DAGs
[2023-06-13T23:12:11.550+0000] {logging_mixin.py:149} INFO - [2023-06-13T23:12:11.550+0000] {dag.py:3490} INFO - Setting next_dagrun for example_short_circuit_decorator to 2023-06-12T23:12:11.549827+00:00, run_after=2023-06-13T23:12:11.549827+00:00
[2023-06-13T23:12:11.608+0000] {processor.py:179} INFO - Processing /home/airflow/.local/lib/python3.7/site-packages/airflow/example_dags/example_short_circuit_decorator.py took 0.199 seconds
[2023-06-13T23:12:41.848+0000] {processor.py:157} INFO - Started process (PID=8990) to work on /home/airflow/.local/lib/python3.7/site-packages/airflow/example_dags/example_short_circuit_decorator.py
[2023-06-13T23:12:41.850+0000] {processor.py:826} INFO - Processing file /home/airflow/.local/lib/python3.7/site-packages/airflow/example_dags/example_short_circuit_decorator.py for tasks to queue
[2023-06-13T23:12:41.851+0000] {logging_mixin.py:149} INFO - [2023-06-13T23:12:41.851+0000] {dagbag.py:541} INFO - Filling up the DagBag from /home/airflow/.local/lib/python3.7/site-packages/airflow/example_dags/example_short_circuit_decorator.py
[2023-06-13T23:12:41.862+0000] {processor.py:836} INFO - DAG(s) dict_keys(['example_short_circuit_decorator']) retrieved from /home/airflow/.local/lib/python3.7/site-packages/airflow/example_dags/example_short_circuit_decorator.py
[2023-06-13T23:12:41.922+0000] {logging_mixin.py:149} INFO - [2023-06-13T23:12:41.922+0000] {dag.py:2726} INFO - Sync 1 DAGs
[2023-06-13T23:12:41.972+0000] {logging_mixin.py:149} INFO - [2023-06-13T23:12:41.971+0000] {dag.py:3490} INFO - Setting next_dagrun for example_short_circuit_decorator to 2023-06-12T23:12:41.971307+00:00, run_after=2023-06-13T23:12:41.971307+00:00
[2023-06-13T23:12:42.018+0000] {processor.py:179} INFO - Processing /home/airflow/.local/lib/python3.7/site-packages/airflow/example_dags/example_short_circuit_decorator.py took 0.178 seconds
[2023-06-13T23:13:12.998+0000] {processor.py:157} INFO - Started process (PID=9229) to work on /home/airflow/.local/lib/python3.7/site-packages/airflow/example_dags/example_short_circuit_decorator.py
[2023-06-13T23:13:13.000+0000] {processor.py:826} INFO - Processing file /home/airflow/.local/lib/python3.7/site-packages/airflow/example_dags/example_short_circuit_decorator.py for tasks to queue
[2023-06-13T23:13:13.001+0000] {logging_mixin.py:149} INFO - [2023-06-13T23:13:13.001+0000] {dagbag.py:541} INFO - Filling up the DagBag from /home/airflow/.local/lib/python3.7/site-packages/airflow/example_dags/example_short_circuit_decorator.py
[2023-06-13T23:13:13.019+0000] {processor.py:836} INFO - DAG(s) dict_keys(['example_short_circuit_decorator']) retrieved from /home/airflow/.local/lib/python3.7/site-packages/airflow/example_dags/example_short_circuit_decorator.py
[2023-06-13T23:13:13.086+0000] {logging_mixin.py:149} INFO - [2023-06-13T23:13:13.086+0000] {dag.py:2726} INFO - Sync 1 DAGs
[2023-06-13T23:13:13.146+0000] {logging_mixin.py:149} INFO - [2023-06-13T23:13:13.146+0000] {dag.py:3490} INFO - Setting next_dagrun for example_short_circuit_decorator to 2023-06-12T23:13:13.145936+00:00, run_after=2023-06-13T23:13:13.145936+00:00
[2023-06-13T23:13:13.208+0000] {processor.py:179} INFO - Processing /home/airflow/.local/lib/python3.7/site-packages/airflow/example_dags/example_short_circuit_decorator.py took 0.216 seconds
[2023-06-13T23:13:43.815+0000] {processor.py:157} INFO - Started process (PID=9468) to work on /home/airflow/.local/lib/python3.7/site-packages/airflow/example_dags/example_short_circuit_decorator.py
[2023-06-13T23:13:43.817+0000] {processor.py:826} INFO - Processing file /home/airflow/.local/lib/python3.7/site-packages/airflow/example_dags/example_short_circuit_decorator.py for tasks to queue
[2023-06-13T23:13:43.818+0000] {logging_mixin.py:149} INFO - [2023-06-13T23:13:43.818+0000] {dagbag.py:541} INFO - Filling up the DagBag from /home/airflow/.local/lib/python3.7/site-packages/airflow/example_dags/example_short_circuit_decorator.py
[2023-06-13T23:13:43.833+0000] {processor.py:836} INFO - DAG(s) dict_keys(['example_short_circuit_decorator']) retrieved from /home/airflow/.local/lib/python3.7/site-packages/airflow/example_dags/example_short_circuit_decorator.py
[2023-06-13T23:13:43.900+0000] {logging_mixin.py:149} INFO - [2023-06-13T23:13:43.900+0000] {dag.py:2726} INFO - Sync 1 DAGs
[2023-06-13T23:13:43.948+0000] {logging_mixin.py:149} INFO - [2023-06-13T23:13:43.948+0000] {dag.py:3490} INFO - Setting next_dagrun for example_short_circuit_decorator to 2023-06-12T23:13:43.947505+00:00, run_after=2023-06-13T23:13:43.947505+00:00
[2023-06-13T23:13:43.986+0000] {processor.py:179} INFO - Processing /home/airflow/.local/lib/python3.7/site-packages/airflow/example_dags/example_short_circuit_decorator.py took 0.176 seconds
[2023-06-13T23:14:14.484+0000] {processor.py:157} INFO - Started process (PID=9707) to work on /home/airflow/.local/lib/python3.7/site-packages/airflow/example_dags/example_short_circuit_decorator.py
[2023-06-13T23:14:14.486+0000] {processor.py:826} INFO - Processing file /home/airflow/.local/lib/python3.7/site-packages/airflow/example_dags/example_short_circuit_decorator.py for tasks to queue
[2023-06-13T23:14:14.488+0000] {logging_mixin.py:149} INFO - [2023-06-13T23:14:14.487+0000] {dagbag.py:541} INFO - Filling up the DagBag from /home/airflow/.local/lib/python3.7/site-packages/airflow/example_dags/example_short_circuit_decorator.py
[2023-06-13T23:14:14.514+0000] {processor.py:836} INFO - DAG(s) dict_keys(['example_short_circuit_decorator']) retrieved from /home/airflow/.local/lib/python3.7/site-packages/airflow/example_dags/example_short_circuit_decorator.py
[2023-06-13T23:14:14.572+0000] {logging_mixin.py:149} INFO - [2023-06-13T23:14:14.572+0000] {dag.py:2726} INFO - Sync 1 DAGs
[2023-06-13T23:14:14.620+0000] {logging_mixin.py:149} INFO - [2023-06-13T23:14:14.619+0000] {dag.py:3490} INFO - Setting next_dagrun for example_short_circuit_decorator to 2023-06-12T23:14:14.619602+00:00, run_after=2023-06-13T23:14:14.619602+00:00
[2023-06-13T23:14:14.682+0000] {processor.py:179} INFO - Processing /home/airflow/.local/lib/python3.7/site-packages/airflow/example_dags/example_short_circuit_decorator.py took 0.203 seconds
[2023-06-13T23:14:44.853+0000] {processor.py:157} INFO - Started process (PID=9948) to work on /home/airflow/.local/lib/python3.7/site-packages/airflow/example_dags/example_short_circuit_decorator.py
[2023-06-13T23:14:44.857+0000] {processor.py:826} INFO - Processing file /home/airflow/.local/lib/python3.7/site-packages/airflow/example_dags/example_short_circuit_decorator.py for tasks to queue
[2023-06-13T23:14:44.858+0000] {logging_mixin.py:149} INFO - [2023-06-13T23:14:44.858+0000] {dagbag.py:541} INFO - Filling up the DagBag from /home/airflow/.local/lib/python3.7/site-packages/airflow/example_dags/example_short_circuit_decorator.py
[2023-06-13T23:14:44.871+0000] {processor.py:836} INFO - DAG(s) dict_keys(['example_short_circuit_decorator']) retrieved from /home/airflow/.local/lib/python3.7/site-packages/airflow/example_dags/example_short_circuit_decorator.py
[2023-06-13T23:14:44.938+0000] {logging_mixin.py:149} INFO - [2023-06-13T23:14:44.938+0000] {dag.py:2726} INFO - Sync 1 DAGs
[2023-06-13T23:14:44.987+0000] {logging_mixin.py:149} INFO - [2023-06-13T23:14:44.987+0000] {dag.py:3490} INFO - Setting next_dagrun for example_short_circuit_decorator to 2023-06-12T23:14:44.987190+00:00, run_after=2023-06-13T23:14:44.987190+00:00
[2023-06-13T23:14:45.042+0000] {processor.py:179} INFO - Processing /home/airflow/.local/lib/python3.7/site-packages/airflow/example_dags/example_short_circuit_decorator.py took 0.192 seconds
[2023-06-13T23:15:15.882+0000] {processor.py:157} INFO - Started process (PID=10187) to work on /home/airflow/.local/lib/python3.7/site-packages/airflow/example_dags/example_short_circuit_decorator.py
[2023-06-13T23:15:15.884+0000] {processor.py:826} INFO - Processing file /home/airflow/.local/lib/python3.7/site-packages/airflow/example_dags/example_short_circuit_decorator.py for tasks to queue
[2023-06-13T23:15:15.885+0000] {logging_mixin.py:149} INFO - [2023-06-13T23:15:15.885+0000] {dagbag.py:541} INFO - Filling up the DagBag from /home/airflow/.local/lib/python3.7/site-packages/airflow/example_dags/example_short_circuit_decorator.py
[2023-06-13T23:15:15.904+0000] {processor.py:836} INFO - DAG(s) dict_keys(['example_short_circuit_decorator']) retrieved from /home/airflow/.local/lib/python3.7/site-packages/airflow/example_dags/example_short_circuit_decorator.py
[2023-06-13T23:15:15.957+0000] {logging_mixin.py:149} INFO - [2023-06-13T23:15:15.956+0000] {dag.py:2726} INFO - Sync 1 DAGs
[2023-06-13T23:15:16.012+0000] {logging_mixin.py:149} INFO - [2023-06-13T23:15:16.012+0000] {dag.py:3490} INFO - Setting next_dagrun for example_short_circuit_decorator to 2023-06-12T23:15:16.012166+00:00, run_after=2023-06-13T23:15:16.012166+00:00
[2023-06-13T23:15:16.055+0000] {processor.py:179} INFO - Processing /home/airflow/.local/lib/python3.7/site-packages/airflow/example_dags/example_short_circuit_decorator.py took 0.179 seconds
[2023-06-13T23:15:46.611+0000] {processor.py:157} INFO - Started process (PID=10427) to work on /home/airflow/.local/lib/python3.7/site-packages/airflow/example_dags/example_short_circuit_decorator.py
[2023-06-13T23:15:46.613+0000] {processor.py:826} INFO - Processing file /home/airflow/.local/lib/python3.7/site-packages/airflow/example_dags/example_short_circuit_decorator.py for tasks to queue
[2023-06-13T23:15:46.614+0000] {logging_mixin.py:149} INFO - [2023-06-13T23:15:46.613+0000] {dagbag.py:541} INFO - Filling up the DagBag from /home/airflow/.local/lib/python3.7/site-packages/airflow/example_dags/example_short_circuit_decorator.py
[2023-06-13T23:15:46.628+0000] {processor.py:836} INFO - DAG(s) dict_keys(['example_short_circuit_decorator']) retrieved from /home/airflow/.local/lib/python3.7/site-packages/airflow/example_dags/example_short_circuit_decorator.py
[2023-06-13T23:15:46.677+0000] {logging_mixin.py:149} INFO - [2023-06-13T23:15:46.677+0000] {dag.py:2726} INFO - Sync 1 DAGs
[2023-06-13T23:15:46.719+0000] {logging_mixin.py:149} INFO - [2023-06-13T23:15:46.719+0000] {dag.py:3490} INFO - Setting next_dagrun for example_short_circuit_decorator to 2023-06-12T23:15:46.719449+00:00, run_after=2023-06-13T23:15:46.719449+00:00
[2023-06-13T23:15:46.763+0000] {processor.py:179} INFO - Processing /home/airflow/.local/lib/python3.7/site-packages/airflow/example_dags/example_short_circuit_decorator.py took 0.155 seconds
[2023-06-13T23:16:17.086+0000] {processor.py:157} INFO - Started process (PID=10667) to work on /home/airflow/.local/lib/python3.7/site-packages/airflow/example_dags/example_short_circuit_decorator.py
[2023-06-13T23:16:17.088+0000] {processor.py:826} INFO - Processing file /home/airflow/.local/lib/python3.7/site-packages/airflow/example_dags/example_short_circuit_decorator.py for tasks to queue
[2023-06-13T23:16:17.089+0000] {logging_mixin.py:149} INFO - [2023-06-13T23:16:17.088+0000] {dagbag.py:541} INFO - Filling up the DagBag from /home/airflow/.local/lib/python3.7/site-packages/airflow/example_dags/example_short_circuit_decorator.py
[2023-06-13T23:16:17.103+0000] {processor.py:836} INFO - DAG(s) dict_keys(['example_short_circuit_decorator']) retrieved from /home/airflow/.local/lib/python3.7/site-packages/airflow/example_dags/example_short_circuit_decorator.py
[2023-06-13T23:16:17.163+0000] {logging_mixin.py:149} INFO - [2023-06-13T23:16:17.163+0000] {dag.py:2726} INFO - Sync 1 DAGs
[2023-06-13T23:16:17.222+0000] {logging_mixin.py:149} INFO - [2023-06-13T23:16:17.222+0000] {dag.py:3490} INFO - Setting next_dagrun for example_short_circuit_decorator to 2023-06-12T23:16:17.221761+00:00, run_after=2023-06-13T23:16:17.221761+00:00
[2023-06-13T23:16:17.279+0000] {processor.py:179} INFO - Processing /home/airflow/.local/lib/python3.7/site-packages/airflow/example_dags/example_short_circuit_decorator.py took 0.199 seconds
[2023-06-13T23:16:47.589+0000] {processor.py:157} INFO - Started process (PID=10907) to work on /home/airflow/.local/lib/python3.7/site-packages/airflow/example_dags/example_short_circuit_decorator.py
[2023-06-13T23:16:47.591+0000] {processor.py:826} INFO - Processing file /home/airflow/.local/lib/python3.7/site-packages/airflow/example_dags/example_short_circuit_decorator.py for tasks to queue
[2023-06-13T23:16:47.592+0000] {logging_mixin.py:149} INFO - [2023-06-13T23:16:47.591+0000] {dagbag.py:541} INFO - Filling up the DagBag from /home/airflow/.local/lib/python3.7/site-packages/airflow/example_dags/example_short_circuit_decorator.py
[2023-06-13T23:16:47.607+0000] {processor.py:836} INFO - DAG(s) dict_keys(['example_short_circuit_decorator']) retrieved from /home/airflow/.local/lib/python3.7/site-packages/airflow/example_dags/example_short_circuit_decorator.py
[2023-06-13T23:16:47.655+0000] {logging_mixin.py:149} INFO - [2023-06-13T23:16:47.655+0000] {dag.py:2726} INFO - Sync 1 DAGs
[2023-06-13T23:16:47.697+0000] {logging_mixin.py:149} INFO - [2023-06-13T23:16:47.697+0000] {dag.py:3490} INFO - Setting next_dagrun for example_short_circuit_decorator to 2023-06-12T23:16:47.697005+00:00, run_after=2023-06-13T23:16:47.697005+00:00
[2023-06-13T23:16:47.740+0000] {processor.py:179} INFO - Processing /home/airflow/.local/lib/python3.7/site-packages/airflow/example_dags/example_short_circuit_decorator.py took 0.155 seconds
[2023-06-13T23:17:18.865+0000] {processor.py:157} INFO - Started process (PID=11146) to work on /home/airflow/.local/lib/python3.7/site-packages/airflow/example_dags/example_short_circuit_decorator.py
[2023-06-13T23:17:18.868+0000] {processor.py:826} INFO - Processing file /home/airflow/.local/lib/python3.7/site-packages/airflow/example_dags/example_short_circuit_decorator.py for tasks to queue
[2023-06-13T23:17:18.869+0000] {logging_mixin.py:149} INFO - [2023-06-13T23:17:18.869+0000] {dagbag.py:541} INFO - Filling up the DagBag from /home/airflow/.local/lib/python3.7/site-packages/airflow/example_dags/example_short_circuit_decorator.py
[2023-06-13T23:17:18.890+0000] {processor.py:836} INFO - DAG(s) dict_keys(['example_short_circuit_decorator']) retrieved from /home/airflow/.local/lib/python3.7/site-packages/airflow/example_dags/example_short_circuit_decorator.py
[2023-06-13T23:17:18.943+0000] {logging_mixin.py:149} INFO - [2023-06-13T23:17:18.943+0000] {dag.py:2726} INFO - Sync 1 DAGs
[2023-06-13T23:17:18.992+0000] {logging_mixin.py:149} INFO - [2023-06-13T23:17:18.992+0000] {dag.py:3490} INFO - Setting next_dagrun for example_short_circuit_decorator to 2023-06-12T23:17:18.991347+00:00, run_after=2023-06-13T23:17:18.991347+00:00
[2023-06-13T23:17:19.050+0000] {processor.py:179} INFO - Processing /home/airflow/.local/lib/python3.7/site-packages/airflow/example_dags/example_short_circuit_decorator.py took 0.195 seconds
[2023-06-13T23:17:50.041+0000] {processor.py:157} INFO - Started process (PID=11386) to work on /home/airflow/.local/lib/python3.7/site-packages/airflow/example_dags/example_short_circuit_decorator.py
[2023-06-13T23:17:50.047+0000] {processor.py:826} INFO - Processing file /home/airflow/.local/lib/python3.7/site-packages/airflow/example_dags/example_short_circuit_decorator.py for tasks to queue
[2023-06-13T23:17:50.048+0000] {logging_mixin.py:149} INFO - [2023-06-13T23:17:50.048+0000] {dagbag.py:541} INFO - Filling up the DagBag from /home/airflow/.local/lib/python3.7/site-packages/airflow/example_dags/example_short_circuit_decorator.py
[2023-06-13T23:17:50.078+0000] {processor.py:836} INFO - DAG(s) dict_keys(['example_short_circuit_decorator']) retrieved from /home/airflow/.local/lib/python3.7/site-packages/airflow/example_dags/example_short_circuit_decorator.py
[2023-06-13T23:17:50.148+0000] {logging_mixin.py:149} INFO - [2023-06-13T23:17:50.148+0000] {dag.py:2726} INFO - Sync 1 DAGs
[2023-06-13T23:17:50.235+0000] {logging_mixin.py:149} INFO - [2023-06-13T23:17:50.234+0000] {dag.py:3490} INFO - Setting next_dagrun for example_short_circuit_decorator to 2023-06-12T23:17:50.233724+00:00, run_after=2023-06-13T23:17:50.233724+00:00
[2023-06-13T23:17:50.325+0000] {processor.py:179} INFO - Processing /home/airflow/.local/lib/python3.7/site-packages/airflow/example_dags/example_short_circuit_decorator.py took 0.292 seconds
[2023-06-13T23:18:20.777+0000] {processor.py:157} INFO - Started process (PID=11626) to work on /home/airflow/.local/lib/python3.7/site-packages/airflow/example_dags/example_short_circuit_decorator.py
[2023-06-13T23:18:20.779+0000] {processor.py:826} INFO - Processing file /home/airflow/.local/lib/python3.7/site-packages/airflow/example_dags/example_short_circuit_decorator.py for tasks to queue
[2023-06-13T23:18:20.780+0000] {logging_mixin.py:149} INFO - [2023-06-13T23:18:20.779+0000] {dagbag.py:541} INFO - Filling up the DagBag from /home/airflow/.local/lib/python3.7/site-packages/airflow/example_dags/example_short_circuit_decorator.py
[2023-06-13T23:18:20.801+0000] {processor.py:836} INFO - DAG(s) dict_keys(['example_short_circuit_decorator']) retrieved from /home/airflow/.local/lib/python3.7/site-packages/airflow/example_dags/example_short_circuit_decorator.py
[2023-06-13T23:18:20.894+0000] {logging_mixin.py:149} INFO - [2023-06-13T23:18:20.893+0000] {dag.py:2726} INFO - Sync 1 DAGs
[2023-06-13T23:18:20.964+0000] {logging_mixin.py:149} INFO - [2023-06-13T23:18:20.964+0000] {dag.py:3490} INFO - Setting next_dagrun for example_short_circuit_decorator to 2023-06-12T23:18:20.963267+00:00, run_after=2023-06-13T23:18:20.963267+00:00
[2023-06-13T23:18:21.036+0000] {processor.py:179} INFO - Processing /home/airflow/.local/lib/python3.7/site-packages/airflow/example_dags/example_short_circuit_decorator.py took 0.267 seconds
[2023-06-13T23:18:51.895+0000] {processor.py:157} INFO - Started process (PID=11866) to work on /home/airflow/.local/lib/python3.7/site-packages/airflow/example_dags/example_short_circuit_decorator.py
[2023-06-13T23:18:51.899+0000] {processor.py:826} INFO - Processing file /home/airflow/.local/lib/python3.7/site-packages/airflow/example_dags/example_short_circuit_decorator.py for tasks to queue
[2023-06-13T23:18:51.901+0000] {logging_mixin.py:149} INFO - [2023-06-13T23:18:51.900+0000] {dagbag.py:541} INFO - Filling up the DagBag from /home/airflow/.local/lib/python3.7/site-packages/airflow/example_dags/example_short_circuit_decorator.py
[2023-06-13T23:18:51.925+0000] {processor.py:836} INFO - DAG(s) dict_keys(['example_short_circuit_decorator']) retrieved from /home/airflow/.local/lib/python3.7/site-packages/airflow/example_dags/example_short_circuit_decorator.py
[2023-06-13T23:18:52.011+0000] {logging_mixin.py:149} INFO - [2023-06-13T23:18:52.010+0000] {dag.py:2726} INFO - Sync 1 DAGs
[2023-06-13T23:18:52.092+0000] {logging_mixin.py:149} INFO - [2023-06-13T23:18:52.091+0000] {dag.py:3490} INFO - Setting next_dagrun for example_short_circuit_decorator to 2023-06-12T23:18:52.090206+00:00, run_after=2023-06-13T23:18:52.090206+00:00
[2023-06-13T23:18:52.167+0000] {processor.py:179} INFO - Processing /home/airflow/.local/lib/python3.7/site-packages/airflow/example_dags/example_short_circuit_decorator.py took 0.279 seconds
[2023-06-13T23:19:22.763+0000] {processor.py:157} INFO - Started process (PID=12106) to work on /home/airflow/.local/lib/python3.7/site-packages/airflow/example_dags/example_short_circuit_decorator.py
[2023-06-13T23:19:22.791+0000] {processor.py:826} INFO - Processing file /home/airflow/.local/lib/python3.7/site-packages/airflow/example_dags/example_short_circuit_decorator.py for tasks to queue
[2023-06-13T23:19:22.793+0000] {logging_mixin.py:149} INFO - [2023-06-13T23:19:22.793+0000] {dagbag.py:541} INFO - Filling up the DagBag from /home/airflow/.local/lib/python3.7/site-packages/airflow/example_dags/example_short_circuit_decorator.py
[2023-06-13T23:19:22.846+0000] {processor.py:836} INFO - DAG(s) dict_keys(['example_short_circuit_decorator']) retrieved from /home/airflow/.local/lib/python3.7/site-packages/airflow/example_dags/example_short_circuit_decorator.py
[2023-06-13T23:19:22.949+0000] {logging_mixin.py:149} INFO - [2023-06-13T23:19:22.949+0000] {dag.py:2726} INFO - Sync 1 DAGs
[2023-06-13T23:19:23.006+0000] {logging_mixin.py:149} INFO - [2023-06-13T23:19:23.006+0000] {dag.py:3490} INFO - Setting next_dagrun for example_short_circuit_decorator to 2023-06-12T23:19:23.006057+00:00, run_after=2023-06-13T23:19:23.006057+00:00
[2023-06-13T23:19:23.067+0000] {processor.py:179} INFO - Processing /home/airflow/.local/lib/python3.7/site-packages/airflow/example_dags/example_short_circuit_decorator.py took 0.327 seconds
[2023-06-13T23:19:53.616+0000] {processor.py:157} INFO - Started process (PID=12346) to work on /home/airflow/.local/lib/python3.7/site-packages/airflow/example_dags/example_short_circuit_decorator.py
[2023-06-13T23:19:53.623+0000] {processor.py:826} INFO - Processing file /home/airflow/.local/lib/python3.7/site-packages/airflow/example_dags/example_short_circuit_decorator.py for tasks to queue
[2023-06-13T23:19:53.625+0000] {logging_mixin.py:149} INFO - [2023-06-13T23:19:53.624+0000] {dagbag.py:541} INFO - Filling up the DagBag from /home/airflow/.local/lib/python3.7/site-packages/airflow/example_dags/example_short_circuit_decorator.py
[2023-06-13T23:19:53.652+0000] {processor.py:836} INFO - DAG(s) dict_keys(['example_short_circuit_decorator']) retrieved from /home/airflow/.local/lib/python3.7/site-packages/airflow/example_dags/example_short_circuit_decorator.py
[2023-06-13T23:19:53.737+0000] {logging_mixin.py:149} INFO - [2023-06-13T23:19:53.737+0000] {dag.py:2726} INFO - Sync 1 DAGs
[2023-06-13T23:19:53.810+0000] {logging_mixin.py:149} INFO - [2023-06-13T23:19:53.809+0000] {dag.py:3490} INFO - Setting next_dagrun for example_short_circuit_decorator to 2023-06-12T23:19:53.809116+00:00, run_after=2023-06-13T23:19:53.809116+00:00
[2023-06-13T23:19:53.893+0000] {processor.py:179} INFO - Processing /home/airflow/.local/lib/python3.7/site-packages/airflow/example_dags/example_short_circuit_decorator.py took 0.286 seconds
[2023-06-13T23:20:24.643+0000] {processor.py:157} INFO - Started process (PID=12586) to work on /home/airflow/.local/lib/python3.7/site-packages/airflow/example_dags/example_short_circuit_decorator.py
[2023-06-13T23:20:24.646+0000] {processor.py:826} INFO - Processing file /home/airflow/.local/lib/python3.7/site-packages/airflow/example_dags/example_short_circuit_decorator.py for tasks to queue
[2023-06-13T23:20:24.647+0000] {logging_mixin.py:149} INFO - [2023-06-13T23:20:24.647+0000] {dagbag.py:541} INFO - Filling up the DagBag from /home/airflow/.local/lib/python3.7/site-packages/airflow/example_dags/example_short_circuit_decorator.py
[2023-06-13T23:20:24.669+0000] {processor.py:836} INFO - DAG(s) dict_keys(['example_short_circuit_decorator']) retrieved from /home/airflow/.local/lib/python3.7/site-packages/airflow/example_dags/example_short_circuit_decorator.py
[2023-06-13T23:20:24.755+0000] {logging_mixin.py:149} INFO - [2023-06-13T23:20:24.755+0000] {dag.py:2726} INFO - Sync 1 DAGs
[2023-06-13T23:20:24.849+0000] {logging_mixin.py:149} INFO - [2023-06-13T23:20:24.849+0000] {dag.py:3490} INFO - Setting next_dagrun for example_short_circuit_decorator to 2023-06-12T23:20:24.848484+00:00, run_after=2023-06-13T23:20:24.848484+00:00
[2023-06-13T23:20:24.989+0000] {processor.py:179} INFO - Processing /home/airflow/.local/lib/python3.7/site-packages/airflow/example_dags/example_short_circuit_decorator.py took 0.358 seconds
[2023-06-13T23:20:55.285+0000] {processor.py:157} INFO - Started process (PID=12826) to work on /home/airflow/.local/lib/python3.7/site-packages/airflow/example_dags/example_short_circuit_decorator.py
[2023-06-13T23:20:55.287+0000] {processor.py:826} INFO - Processing file /home/airflow/.local/lib/python3.7/site-packages/airflow/example_dags/example_short_circuit_decorator.py for tasks to queue
[2023-06-13T23:20:55.289+0000] {logging_mixin.py:149} INFO - [2023-06-13T23:20:55.289+0000] {dagbag.py:541} INFO - Filling up the DagBag from /home/airflow/.local/lib/python3.7/site-packages/airflow/example_dags/example_short_circuit_decorator.py
[2023-06-13T23:20:55.319+0000] {processor.py:836} INFO - DAG(s) dict_keys(['example_short_circuit_decorator']) retrieved from /home/airflow/.local/lib/python3.7/site-packages/airflow/example_dags/example_short_circuit_decorator.py
[2023-06-13T23:20:55.400+0000] {logging_mixin.py:149} INFO - [2023-06-13T23:20:55.399+0000] {dag.py:2726} INFO - Sync 1 DAGs
[2023-06-13T23:20:55.469+0000] {logging_mixin.py:149} INFO - [2023-06-13T23:20:55.469+0000] {dag.py:3490} INFO - Setting next_dagrun for example_short_circuit_decorator to 2023-06-12T23:20:55.468776+00:00, run_after=2023-06-13T23:20:55.468776+00:00
[2023-06-13T23:20:55.538+0000] {processor.py:179} INFO - Processing /home/airflow/.local/lib/python3.7/site-packages/airflow/example_dags/example_short_circuit_decorator.py took 0.259 seconds
[2023-06-13T23:21:25.838+0000] {processor.py:157} INFO - Started process (PID=13060) to work on /home/airflow/.local/lib/python3.7/site-packages/airflow/example_dags/example_short_circuit_decorator.py
[2023-06-13T23:21:25.840+0000] {processor.py:826} INFO - Processing file /home/airflow/.local/lib/python3.7/site-packages/airflow/example_dags/example_short_circuit_decorator.py for tasks to queue
[2023-06-13T23:21:25.842+0000] {logging_mixin.py:149} INFO - [2023-06-13T23:21:25.841+0000] {dagbag.py:541} INFO - Filling up the DagBag from /home/airflow/.local/lib/python3.7/site-packages/airflow/example_dags/example_short_circuit_decorator.py
[2023-06-13T23:21:25.864+0000] {processor.py:836} INFO - DAG(s) dict_keys(['example_short_circuit_decorator']) retrieved from /home/airflow/.local/lib/python3.7/site-packages/airflow/example_dags/example_short_circuit_decorator.py
[2023-06-13T23:21:25.964+0000] {logging_mixin.py:149} INFO - [2023-06-13T23:21:25.963+0000] {dag.py:2726} INFO - Sync 1 DAGs
[2023-06-13T23:21:26.047+0000] {logging_mixin.py:149} INFO - [2023-06-13T23:21:26.046+0000] {dag.py:3490} INFO - Setting next_dagrun for example_short_circuit_decorator to 2023-06-12T23:21:26.045304+00:00, run_after=2023-06-13T23:21:26.045304+00:00
[2023-06-13T23:21:26.116+0000] {processor.py:179} INFO - Processing /home/airflow/.local/lib/python3.7/site-packages/airflow/example_dags/example_short_circuit_decorator.py took 0.288 seconds
[2023-06-13T23:21:57.230+0000] {processor.py:157} INFO - Started process (PID=13286) to work on /home/airflow/.local/lib/python3.7/site-packages/airflow/example_dags/example_short_circuit_decorator.py
[2023-06-13T23:21:57.233+0000] {processor.py:826} INFO - Processing file /home/airflow/.local/lib/python3.7/site-packages/airflow/example_dags/example_short_circuit_decorator.py for tasks to queue
[2023-06-13T23:21:57.235+0000] {logging_mixin.py:149} INFO - [2023-06-13T23:21:57.235+0000] {dagbag.py:541} INFO - Filling up the DagBag from /home/airflow/.local/lib/python3.7/site-packages/airflow/example_dags/example_short_circuit_decorator.py
[2023-06-13T23:21:57.266+0000] {processor.py:836} INFO - DAG(s) dict_keys(['example_short_circuit_decorator']) retrieved from /home/airflow/.local/lib/python3.7/site-packages/airflow/example_dags/example_short_circuit_decorator.py
[2023-06-13T23:21:57.378+0000] {logging_mixin.py:149} INFO - [2023-06-13T23:21:57.378+0000] {dag.py:2726} INFO - Sync 1 DAGs
[2023-06-13T23:21:57.453+0000] {logging_mixin.py:149} INFO - [2023-06-13T23:21:57.453+0000] {dag.py:3490} INFO - Setting next_dagrun for example_short_circuit_decorator to 2023-06-12T23:21:57.451770+00:00, run_after=2023-06-13T23:21:57.451770+00:00
[2023-06-13T23:21:57.526+0000] {processor.py:179} INFO - Processing /home/airflow/.local/lib/python3.7/site-packages/airflow/example_dags/example_short_circuit_decorator.py took 0.307 seconds
[2023-06-13T23:22:27.699+0000] {processor.py:157} INFO - Started process (PID=13528) to work on /home/airflow/.local/lib/python3.7/site-packages/airflow/example_dags/example_short_circuit_decorator.py
[2023-06-13T23:22:27.700+0000] {processor.py:826} INFO - Processing file /home/airflow/.local/lib/python3.7/site-packages/airflow/example_dags/example_short_circuit_decorator.py for tasks to queue
[2023-06-13T23:22:27.702+0000] {logging_mixin.py:149} INFO - [2023-06-13T23:22:27.701+0000] {dagbag.py:541} INFO - Filling up the DagBag from /home/airflow/.local/lib/python3.7/site-packages/airflow/example_dags/example_short_circuit_decorator.py
[2023-06-13T23:22:27.717+0000] {processor.py:836} INFO - DAG(s) dict_keys(['example_short_circuit_decorator']) retrieved from /home/airflow/.local/lib/python3.7/site-packages/airflow/example_dags/example_short_circuit_decorator.py
[2023-06-13T23:22:27.772+0000] {logging_mixin.py:149} INFO - [2023-06-13T23:22:27.772+0000] {dag.py:2726} INFO - Sync 1 DAGs
[2023-06-13T23:22:27.826+0000] {logging_mixin.py:149} INFO - [2023-06-13T23:22:27.826+0000] {dag.py:3490} INFO - Setting next_dagrun for example_short_circuit_decorator to 2023-06-12T23:22:27.826330+00:00, run_after=2023-06-13T23:22:27.826330+00:00
[2023-06-13T23:22:27.875+0000] {processor.py:179} INFO - Processing /home/airflow/.local/lib/python3.7/site-packages/airflow/example_dags/example_short_circuit_decorator.py took 0.181 seconds
[2023-06-13T23:22:58.325+0000] {processor.py:157} INFO - Started process (PID=13768) to work on /home/airflow/.local/lib/python3.7/site-packages/airflow/example_dags/example_short_circuit_decorator.py
[2023-06-13T23:22:58.325+0000] {processor.py:826} INFO - Processing file /home/airflow/.local/lib/python3.7/site-packages/airflow/example_dags/example_short_circuit_decorator.py for tasks to queue
[2023-06-13T23:22:58.326+0000] {logging_mixin.py:149} INFO - [2023-06-13T23:22:58.326+0000] {dagbag.py:541} INFO - Filling up the DagBag from /home/airflow/.local/lib/python3.7/site-packages/airflow/example_dags/example_short_circuit_decorator.py
[2023-06-13T23:22:58.343+0000] {processor.py:836} INFO - DAG(s) dict_keys(['example_short_circuit_decorator']) retrieved from /home/airflow/.local/lib/python3.7/site-packages/airflow/example_dags/example_short_circuit_decorator.py
[2023-06-13T23:22:58.388+0000] {logging_mixin.py:149} INFO - [2023-06-13T23:22:58.388+0000] {dag.py:2726} INFO - Sync 1 DAGs
[2023-06-13T23:22:58.423+0000] {logging_mixin.py:149} INFO - [2023-06-13T23:22:58.423+0000] {dag.py:3490} INFO - Setting next_dagrun for example_short_circuit_decorator to 2023-06-12T23:22:58.423035+00:00, run_after=2023-06-13T23:22:58.423035+00:00
[2023-06-13T23:22:58.460+0000] {processor.py:179} INFO - Processing /home/airflow/.local/lib/python3.7/site-packages/airflow/example_dags/example_short_circuit_decorator.py took 0.141 seconds
[2023-06-13T23:23:28.886+0000] {processor.py:157} INFO - Started process (PID=14008) to work on /home/airflow/.local/lib/python3.7/site-packages/airflow/example_dags/example_short_circuit_decorator.py
[2023-06-13T23:23:28.888+0000] {processor.py:826} INFO - Processing file /home/airflow/.local/lib/python3.7/site-packages/airflow/example_dags/example_short_circuit_decorator.py for tasks to queue
[2023-06-13T23:23:28.889+0000] {logging_mixin.py:149} INFO - [2023-06-13T23:23:28.889+0000] {dagbag.py:541} INFO - Filling up the DagBag from /home/airflow/.local/lib/python3.7/site-packages/airflow/example_dags/example_short_circuit_decorator.py
[2023-06-13T23:23:28.906+0000] {processor.py:836} INFO - DAG(s) dict_keys(['example_short_circuit_decorator']) retrieved from /home/airflow/.local/lib/python3.7/site-packages/airflow/example_dags/example_short_circuit_decorator.py
[2023-06-13T23:23:28.955+0000] {logging_mixin.py:149} INFO - [2023-06-13T23:23:28.955+0000] {dag.py:2726} INFO - Sync 1 DAGs
[2023-06-13T23:23:29.001+0000] {logging_mixin.py:149} INFO - [2023-06-13T23:23:29.001+0000] {dag.py:3490} INFO - Setting next_dagrun for example_short_circuit_decorator to 2023-06-12T23:23:29.000442+00:00, run_after=2023-06-13T23:23:29.000442+00:00
[2023-06-13T23:23:29.044+0000] {processor.py:179} INFO - Processing /home/airflow/.local/lib/python3.7/site-packages/airflow/example_dags/example_short_circuit_decorator.py took 0.161 seconds
[2023-06-13T23:23:59.309+0000] {processor.py:157} INFO - Started process (PID=14248) to work on /home/airflow/.local/lib/python3.7/site-packages/airflow/example_dags/example_short_circuit_decorator.py
[2023-06-13T23:23:59.310+0000] {processor.py:826} INFO - Processing file /home/airflow/.local/lib/python3.7/site-packages/airflow/example_dags/example_short_circuit_decorator.py for tasks to queue
[2023-06-13T23:23:59.311+0000] {logging_mixin.py:149} INFO - [2023-06-13T23:23:59.311+0000] {dagbag.py:541} INFO - Filling up the DagBag from /home/airflow/.local/lib/python3.7/site-packages/airflow/example_dags/example_short_circuit_decorator.py
[2023-06-13T23:23:59.327+0000] {processor.py:836} INFO - DAG(s) dict_keys(['example_short_circuit_decorator']) retrieved from /home/airflow/.local/lib/python3.7/site-packages/airflow/example_dags/example_short_circuit_decorator.py
[2023-06-13T23:23:59.376+0000] {logging_mixin.py:149} INFO - [2023-06-13T23:23:59.376+0000] {dag.py:2726} INFO - Sync 1 DAGs
[2023-06-13T23:23:59.414+0000] {logging_mixin.py:149} INFO - [2023-06-13T23:23:59.414+0000] {dag.py:3490} INFO - Setting next_dagrun for example_short_circuit_decorator to 2023-06-12T23:23:59.413949+00:00, run_after=2023-06-13T23:23:59.413949+00:00
[2023-06-13T23:23:59.452+0000] {processor.py:179} INFO - Processing /home/airflow/.local/lib/python3.7/site-packages/airflow/example_dags/example_short_circuit_decorator.py took 0.147 seconds
[2023-06-13T23:24:29.733+0000] {processor.py:157} INFO - Started process (PID=14486) to work on /home/airflow/.local/lib/python3.7/site-packages/airflow/example_dags/example_short_circuit_decorator.py
[2023-06-13T23:24:29.736+0000] {processor.py:826} INFO - Processing file /home/airflow/.local/lib/python3.7/site-packages/airflow/example_dags/example_short_circuit_decorator.py for tasks to queue
[2023-06-13T23:24:29.737+0000] {logging_mixin.py:149} INFO - [2023-06-13T23:24:29.737+0000] {dagbag.py:541} INFO - Filling up the DagBag from /home/airflow/.local/lib/python3.7/site-packages/airflow/example_dags/example_short_circuit_decorator.py
[2023-06-13T23:24:29.750+0000] {processor.py:836} INFO - DAG(s) dict_keys(['example_short_circuit_decorator']) retrieved from /home/airflow/.local/lib/python3.7/site-packages/airflow/example_dags/example_short_circuit_decorator.py
[2023-06-13T23:24:29.812+0000] {logging_mixin.py:149} INFO - [2023-06-13T23:24:29.812+0000] {dag.py:2726} INFO - Sync 1 DAGs
[2023-06-13T23:24:29.871+0000] {logging_mixin.py:149} INFO - [2023-06-13T23:24:29.870+0000] {dag.py:3490} INFO - Setting next_dagrun for example_short_circuit_decorator to 2023-06-12T23:24:29.870428+00:00, run_after=2023-06-13T23:24:29.870428+00:00
[2023-06-13T23:24:29.931+0000] {processor.py:179} INFO - Processing /home/airflow/.local/lib/python3.7/site-packages/airflow/example_dags/example_short_circuit_decorator.py took 0.202 seconds
[2023-06-13T23:25:00.207+0000] {processor.py:157} INFO - Started process (PID=14726) to work on /home/airflow/.local/lib/python3.7/site-packages/airflow/example_dags/example_short_circuit_decorator.py
[2023-06-13T23:25:00.209+0000] {processor.py:826} INFO - Processing file /home/airflow/.local/lib/python3.7/site-packages/airflow/example_dags/example_short_circuit_decorator.py for tasks to queue
[2023-06-13T23:25:00.211+0000] {logging_mixin.py:149} INFO - [2023-06-13T23:25:00.210+0000] {dagbag.py:541} INFO - Filling up the DagBag from /home/airflow/.local/lib/python3.7/site-packages/airflow/example_dags/example_short_circuit_decorator.py
[2023-06-13T23:25:00.232+0000] {processor.py:836} INFO - DAG(s) dict_keys(['example_short_circuit_decorator']) retrieved from /home/airflow/.local/lib/python3.7/site-packages/airflow/example_dags/example_short_circuit_decorator.py
[2023-06-13T23:25:00.294+0000] {logging_mixin.py:149} INFO - [2023-06-13T23:25:00.294+0000] {dag.py:2726} INFO - Sync 1 DAGs
[2023-06-13T23:25:00.342+0000] {logging_mixin.py:149} INFO - [2023-06-13T23:25:00.342+0000] {dag.py:3490} INFO - Setting next_dagrun for example_short_circuit_decorator to 2023-06-12T23:25:00.341812+00:00, run_after=2023-06-13T23:25:00.341812+00:00
[2023-06-13T23:25:00.395+0000] {processor.py:179} INFO - Processing /home/airflow/.local/lib/python3.7/site-packages/airflow/example_dags/example_short_circuit_decorator.py took 0.194 seconds
[2023-06-13T23:25:30.689+0000] {processor.py:157} INFO - Started process (PID=14966) to work on /home/airflow/.local/lib/python3.7/site-packages/airflow/example_dags/example_short_circuit_decorator.py
[2023-06-13T23:25:30.692+0000] {processor.py:826} INFO - Processing file /home/airflow/.local/lib/python3.7/site-packages/airflow/example_dags/example_short_circuit_decorator.py for tasks to queue
[2023-06-13T23:25:30.693+0000] {logging_mixin.py:149} INFO - [2023-06-13T23:25:30.693+0000] {dagbag.py:541} INFO - Filling up the DagBag from /home/airflow/.local/lib/python3.7/site-packages/airflow/example_dags/example_short_circuit_decorator.py
[2023-06-13T23:25:30.709+0000] {processor.py:836} INFO - DAG(s) dict_keys(['example_short_circuit_decorator']) retrieved from /home/airflow/.local/lib/python3.7/site-packages/airflow/example_dags/example_short_circuit_decorator.py
[2023-06-13T23:25:30.773+0000] {logging_mixin.py:149} INFO - [2023-06-13T23:25:30.772+0000] {dag.py:2726} INFO - Sync 1 DAGs
[2023-06-13T23:25:30.825+0000] {logging_mixin.py:149} INFO - [2023-06-13T23:25:30.825+0000] {dag.py:3490} INFO - Setting next_dagrun for example_short_circuit_decorator to 2023-06-12T23:25:30.824645+00:00, run_after=2023-06-13T23:25:30.824645+00:00
[2023-06-13T23:25:30.879+0000] {processor.py:179} INFO - Processing /home/airflow/.local/lib/python3.7/site-packages/airflow/example_dags/example_short_circuit_decorator.py took 0.196 seconds
