[2023-06-13T22:54:09.534+0000] {processor.py:157} INFO - Started process (PID=238) to work on /home/airflow/.local/lib/python3.7/site-packages/airflow/example_dags/example_task_group.py
[2023-06-13T22:54:09.536+0000] {processor.py:826} INFO - Processing file /home/airflow/.local/lib/python3.7/site-packages/airflow/example_dags/example_task_group.py for tasks to queue
[2023-06-13T22:54:09.537+0000] {logging_mixin.py:149} INFO - [2023-06-13T22:54:09.537+0000] {dagbag.py:541} INFO - Filling up the DagBag from /home/airflow/.local/lib/python3.7/site-packages/airflow/example_dags/example_task_group.py
[2023-06-13T22:54:09.555+0000] {processor.py:836} INFO - DAG(s) dict_keys(['example_task_group']) retrieved from /home/airflow/.local/lib/python3.7/site-packages/airflow/example_dags/example_task_group.py
[2023-06-13T22:54:09.632+0000] {logging_mixin.py:149} INFO - [2023-06-13T22:54:09.631+0000] {dag.py:2726} INFO - Sync 1 DAGs
[2023-06-13T22:54:09.690+0000] {logging_mixin.py:149} INFO - [2023-06-13T22:54:09.690+0000] {dag.py:3490} INFO - Setting next_dagrun for example_task_group to 2023-06-12T22:54:09.690114+00:00, run_after=2023-06-13T22:54:09.690114+00:00
[2023-06-13T22:54:09.738+0000] {processor.py:179} INFO - Processing /home/airflow/.local/lib/python3.7/site-packages/airflow/example_dags/example_task_group.py took 0.213 seconds
[2023-06-13T22:54:40.853+0000] {processor.py:157} INFO - Started process (PID=478) to work on /home/airflow/.local/lib/python3.7/site-packages/airflow/example_dags/example_task_group.py
[2023-06-13T22:54:40.859+0000] {processor.py:826} INFO - Processing file /home/airflow/.local/lib/python3.7/site-packages/airflow/example_dags/example_task_group.py for tasks to queue
[2023-06-13T22:54:40.861+0000] {logging_mixin.py:149} INFO - [2023-06-13T22:54:40.860+0000] {dagbag.py:541} INFO - Filling up the DagBag from /home/airflow/.local/lib/python3.7/site-packages/airflow/example_dags/example_task_group.py
[2023-06-13T22:54:40.873+0000] {processor.py:836} INFO - DAG(s) dict_keys(['example_task_group']) retrieved from /home/airflow/.local/lib/python3.7/site-packages/airflow/example_dags/example_task_group.py
[2023-06-13T22:54:40.922+0000] {logging_mixin.py:149} INFO - [2023-06-13T22:54:40.922+0000] {dag.py:2726} INFO - Sync 1 DAGs
[2023-06-13T22:54:40.978+0000] {logging_mixin.py:149} INFO - [2023-06-13T22:54:40.977+0000] {dag.py:3490} INFO - Setting next_dagrun for example_task_group to 2023-06-12T22:54:40.972290+00:00, run_after=2023-06-13T22:54:40.972290+00:00
[2023-06-13T22:54:41.282+0000] {processor.py:179} INFO - Processing /home/airflow/.local/lib/python3.7/site-packages/airflow/example_dags/example_task_group.py took 0.435 seconds
[2023-06-13T22:55:12.396+0000] {processor.py:157} INFO - Started process (PID=718) to work on /home/airflow/.local/lib/python3.7/site-packages/airflow/example_dags/example_task_group.py
[2023-06-13T22:55:12.398+0000] {processor.py:826} INFO - Processing file /home/airflow/.local/lib/python3.7/site-packages/airflow/example_dags/example_task_group.py for tasks to queue
[2023-06-13T22:55:12.400+0000] {logging_mixin.py:149} INFO - [2023-06-13T22:55:12.399+0000] {dagbag.py:541} INFO - Filling up the DagBag from /home/airflow/.local/lib/python3.7/site-packages/airflow/example_dags/example_task_group.py
[2023-06-13T22:55:12.665+0000] {processor.py:836} INFO - DAG(s) dict_keys(['example_task_group']) retrieved from /home/airflow/.local/lib/python3.7/site-packages/airflow/example_dags/example_task_group.py
[2023-06-13T22:55:12.722+0000] {logging_mixin.py:149} INFO - [2023-06-13T22:55:12.721+0000] {dag.py:2726} INFO - Sync 1 DAGs
[2023-06-13T22:55:12.782+0000] {logging_mixin.py:149} INFO - [2023-06-13T22:55:12.781+0000] {dag.py:3490} INFO - Setting next_dagrun for example_task_group to 2023-06-12T22:55:12.781541+00:00, run_after=2023-06-13T22:55:12.781541+00:00
[2023-06-13T22:55:12.854+0000] {processor.py:179} INFO - Processing /home/airflow/.local/lib/python3.7/site-packages/airflow/example_dags/example_task_group.py took 0.463 seconds
[2023-06-13T22:55:43.089+0000] {processor.py:157} INFO - Started process (PID=969) to work on /home/airflow/.local/lib/python3.7/site-packages/airflow/example_dags/example_task_group.py
[2023-06-13T22:55:43.093+0000] {processor.py:826} INFO - Processing file /home/airflow/.local/lib/python3.7/site-packages/airflow/example_dags/example_task_group.py for tasks to queue
[2023-06-13T22:55:43.094+0000] {logging_mixin.py:149} INFO - [2023-06-13T22:55:43.094+0000] {dagbag.py:541} INFO - Filling up the DagBag from /home/airflow/.local/lib/python3.7/site-packages/airflow/example_dags/example_task_group.py
[2023-06-13T22:55:43.106+0000] {processor.py:836} INFO - DAG(s) dict_keys(['example_task_group']) retrieved from /home/airflow/.local/lib/python3.7/site-packages/airflow/example_dags/example_task_group.py
[2023-06-13T22:55:43.182+0000] {logging_mixin.py:149} INFO - [2023-06-13T22:55:43.181+0000] {dag.py:2726} INFO - Sync 1 DAGs
[2023-06-13T22:55:43.248+0000] {logging_mixin.py:149} INFO - [2023-06-13T22:55:43.248+0000] {dag.py:3490} INFO - Setting next_dagrun for example_task_group to 2023-06-12T22:55:43.248209+00:00, run_after=2023-06-13T22:55:43.248209+00:00
[2023-06-13T22:55:43.326+0000] {processor.py:179} INFO - Processing /home/airflow/.local/lib/python3.7/site-packages/airflow/example_dags/example_task_group.py took 0.243 seconds
[2023-06-13T22:56:13.754+0000] {processor.py:157} INFO - Started process (PID=1209) to work on /home/airflow/.local/lib/python3.7/site-packages/airflow/example_dags/example_task_group.py
[2023-06-13T22:56:13.757+0000] {processor.py:826} INFO - Processing file /home/airflow/.local/lib/python3.7/site-packages/airflow/example_dags/example_task_group.py for tasks to queue
[2023-06-13T22:56:13.759+0000] {logging_mixin.py:149} INFO - [2023-06-13T22:56:13.759+0000] {dagbag.py:541} INFO - Filling up the DagBag from /home/airflow/.local/lib/python3.7/site-packages/airflow/example_dags/example_task_group.py
[2023-06-13T22:56:13.778+0000] {processor.py:836} INFO - DAG(s) dict_keys(['example_task_group']) retrieved from /home/airflow/.local/lib/python3.7/site-packages/airflow/example_dags/example_task_group.py
[2023-06-13T22:56:13.856+0000] {logging_mixin.py:149} INFO - [2023-06-13T22:56:13.856+0000] {dag.py:2726} INFO - Sync 1 DAGs
[2023-06-13T22:56:13.927+0000] {logging_mixin.py:149} INFO - [2023-06-13T22:56:13.926+0000] {dag.py:3490} INFO - Setting next_dagrun for example_task_group to 2023-06-12T22:56:13.926248+00:00, run_after=2023-06-13T22:56:13.926248+00:00
[2023-06-13T22:56:13.988+0000] {processor.py:179} INFO - Processing /home/airflow/.local/lib/python3.7/site-packages/airflow/example_dags/example_task_group.py took 0.241 seconds
[2023-06-13T22:56:44.461+0000] {processor.py:157} INFO - Started process (PID=1449) to work on /home/airflow/.local/lib/python3.7/site-packages/airflow/example_dags/example_task_group.py
[2023-06-13T22:56:44.472+0000] {processor.py:826} INFO - Processing file /home/airflow/.local/lib/python3.7/site-packages/airflow/example_dags/example_task_group.py for tasks to queue
[2023-06-13T22:56:44.473+0000] {logging_mixin.py:149} INFO - [2023-06-13T22:56:44.473+0000] {dagbag.py:541} INFO - Filling up the DagBag from /home/airflow/.local/lib/python3.7/site-packages/airflow/example_dags/example_task_group.py
[2023-06-13T22:56:44.481+0000] {processor.py:836} INFO - DAG(s) dict_keys(['example_task_group']) retrieved from /home/airflow/.local/lib/python3.7/site-packages/airflow/example_dags/example_task_group.py
[2023-06-13T22:56:44.530+0000] {logging_mixin.py:149} INFO - [2023-06-13T22:56:44.530+0000] {dag.py:2726} INFO - Sync 1 DAGs
[2023-06-13T22:56:44.582+0000] {logging_mixin.py:149} INFO - [2023-06-13T22:56:44.581+0000] {dag.py:3490} INFO - Setting next_dagrun for example_task_group to 2023-06-12T22:56:44.581653+00:00, run_after=2023-06-13T22:56:44.581653+00:00
[2023-06-13T22:56:44.630+0000] {processor.py:179} INFO - Processing /home/airflow/.local/lib/python3.7/site-packages/airflow/example_dags/example_task_group.py took 0.174 seconds
[2023-06-13T22:57:15.022+0000] {processor.py:157} INFO - Started process (PID=1688) to work on /home/airflow/.local/lib/python3.7/site-packages/airflow/example_dags/example_task_group.py
[2023-06-13T22:57:15.024+0000] {processor.py:826} INFO - Processing file /home/airflow/.local/lib/python3.7/site-packages/airflow/example_dags/example_task_group.py for tasks to queue
[2023-06-13T22:57:15.025+0000] {logging_mixin.py:149} INFO - [2023-06-13T22:57:15.025+0000] {dagbag.py:541} INFO - Filling up the DagBag from /home/airflow/.local/lib/python3.7/site-packages/airflow/example_dags/example_task_group.py
[2023-06-13T22:57:15.038+0000] {processor.py:836} INFO - DAG(s) dict_keys(['example_task_group']) retrieved from /home/airflow/.local/lib/python3.7/site-packages/airflow/example_dags/example_task_group.py
[2023-06-13T22:57:15.084+0000] {logging_mixin.py:149} INFO - [2023-06-13T22:57:15.083+0000] {dag.py:2726} INFO - Sync 1 DAGs
[2023-06-13T22:57:15.143+0000] {logging_mixin.py:149} INFO - [2023-06-13T22:57:15.142+0000] {dag.py:3490} INFO - Setting next_dagrun for example_task_group to 2023-06-12T22:57:15.141575+00:00, run_after=2023-06-13T22:57:15.141575+00:00
[2023-06-13T22:57:15.196+0000] {processor.py:179} INFO - Processing /home/airflow/.local/lib/python3.7/site-packages/airflow/example_dags/example_task_group.py took 0.180 seconds
[2023-06-13T22:57:46.198+0000] {processor.py:157} INFO - Started process (PID=1928) to work on /home/airflow/.local/lib/python3.7/site-packages/airflow/example_dags/example_task_group.py
[2023-06-13T22:57:46.202+0000] {processor.py:826} INFO - Processing file /home/airflow/.local/lib/python3.7/site-packages/airflow/example_dags/example_task_group.py for tasks to queue
[2023-06-13T22:57:46.203+0000] {logging_mixin.py:149} INFO - [2023-06-13T22:57:46.202+0000] {dagbag.py:541} INFO - Filling up the DagBag from /home/airflow/.local/lib/python3.7/site-packages/airflow/example_dags/example_task_group.py
[2023-06-13T22:57:46.218+0000] {processor.py:836} INFO - DAG(s) dict_keys(['example_task_group']) retrieved from /home/airflow/.local/lib/python3.7/site-packages/airflow/example_dags/example_task_group.py
[2023-06-13T22:57:46.288+0000] {logging_mixin.py:149} INFO - [2023-06-13T22:57:46.287+0000] {dag.py:2726} INFO - Sync 1 DAGs
[2023-06-13T22:57:46.354+0000] {logging_mixin.py:149} INFO - [2023-06-13T22:57:46.354+0000] {dag.py:3490} INFO - Setting next_dagrun for example_task_group to 2023-06-12T22:57:46.353594+00:00, run_after=2023-06-13T22:57:46.353594+00:00
[2023-06-13T22:57:46.405+0000] {processor.py:179} INFO - Processing /home/airflow/.local/lib/python3.7/site-packages/airflow/example_dags/example_task_group.py took 0.212 seconds
[2023-06-13T22:58:17.017+0000] {processor.py:157} INFO - Started process (PID=2168) to work on /home/airflow/.local/lib/python3.7/site-packages/airflow/example_dags/example_task_group.py
[2023-06-13T22:58:17.019+0000] {processor.py:826} INFO - Processing file /home/airflow/.local/lib/python3.7/site-packages/airflow/example_dags/example_task_group.py for tasks to queue
[2023-06-13T22:58:17.021+0000] {logging_mixin.py:149} INFO - [2023-06-13T22:58:17.020+0000] {dagbag.py:541} INFO - Filling up the DagBag from /home/airflow/.local/lib/python3.7/site-packages/airflow/example_dags/example_task_group.py
[2023-06-13T22:58:17.036+0000] {processor.py:836} INFO - DAG(s) dict_keys(['example_task_group']) retrieved from /home/airflow/.local/lib/python3.7/site-packages/airflow/example_dags/example_task_group.py
[2023-06-13T22:58:17.106+0000] {logging_mixin.py:149} INFO - [2023-06-13T22:58:17.105+0000] {dag.py:2726} INFO - Sync 1 DAGs
[2023-06-13T22:58:17.156+0000] {logging_mixin.py:149} INFO - [2023-06-13T22:58:17.156+0000] {dag.py:3490} INFO - Setting next_dagrun for example_task_group to 2023-06-12T22:58:17.155792+00:00, run_after=2023-06-13T22:58:17.155792+00:00
[2023-06-13T22:58:17.205+0000] {processor.py:179} INFO - Processing /home/airflow/.local/lib/python3.7/site-packages/airflow/example_dags/example_task_group.py took 0.194 seconds
[2023-06-13T22:58:47.726+0000] {processor.py:157} INFO - Started process (PID=2408) to work on /home/airflow/.local/lib/python3.7/site-packages/airflow/example_dags/example_task_group.py
[2023-06-13T22:58:47.727+0000] {processor.py:826} INFO - Processing file /home/airflow/.local/lib/python3.7/site-packages/airflow/example_dags/example_task_group.py for tasks to queue
[2023-06-13T22:58:47.728+0000] {logging_mixin.py:149} INFO - [2023-06-13T22:58:47.728+0000] {dagbag.py:541} INFO - Filling up the DagBag from /home/airflow/.local/lib/python3.7/site-packages/airflow/example_dags/example_task_group.py
[2023-06-13T22:58:47.738+0000] {processor.py:836} INFO - DAG(s) dict_keys(['example_task_group']) retrieved from /home/airflow/.local/lib/python3.7/site-packages/airflow/example_dags/example_task_group.py
[2023-06-13T22:58:47.795+0000] {logging_mixin.py:149} INFO - [2023-06-13T22:58:47.795+0000] {dag.py:2726} INFO - Sync 1 DAGs
[2023-06-13T22:58:47.848+0000] {logging_mixin.py:149} INFO - [2023-06-13T22:58:47.848+0000] {dag.py:3490} INFO - Setting next_dagrun for example_task_group to 2023-06-12T22:58:47.847900+00:00, run_after=2023-06-13T22:58:47.847900+00:00
[2023-06-13T22:58:47.901+0000] {processor.py:179} INFO - Processing /home/airflow/.local/lib/python3.7/site-packages/airflow/example_dags/example_task_group.py took 0.179 seconds
[2023-06-13T22:59:18.350+0000] {processor.py:157} INFO - Started process (PID=2648) to work on /home/airflow/.local/lib/python3.7/site-packages/airflow/example_dags/example_task_group.py
[2023-06-13T22:59:18.353+0000] {processor.py:826} INFO - Processing file /home/airflow/.local/lib/python3.7/site-packages/airflow/example_dags/example_task_group.py for tasks to queue
[2023-06-13T22:59:18.354+0000] {logging_mixin.py:149} INFO - [2023-06-13T22:59:18.354+0000] {dagbag.py:541} INFO - Filling up the DagBag from /home/airflow/.local/lib/python3.7/site-packages/airflow/example_dags/example_task_group.py
[2023-06-13T22:59:18.366+0000] {processor.py:836} INFO - DAG(s) dict_keys(['example_task_group']) retrieved from /home/airflow/.local/lib/python3.7/site-packages/airflow/example_dags/example_task_group.py
[2023-06-13T22:59:18.423+0000] {logging_mixin.py:149} INFO - [2023-06-13T22:59:18.423+0000] {dag.py:2726} INFO - Sync 1 DAGs
[2023-06-13T22:59:18.476+0000] {logging_mixin.py:149} INFO - [2023-06-13T22:59:18.476+0000] {dag.py:3490} INFO - Setting next_dagrun for example_task_group to 2023-06-12T22:59:18.476183+00:00, run_after=2023-06-13T22:59:18.476183+00:00
[2023-06-13T22:59:18.527+0000] {processor.py:179} INFO - Processing /home/airflow/.local/lib/python3.7/site-packages/airflow/example_dags/example_task_group.py took 0.183 seconds
[2023-06-13T22:59:49.087+0000] {processor.py:157} INFO - Started process (PID=2888) to work on /home/airflow/.local/lib/python3.7/site-packages/airflow/example_dags/example_task_group.py
[2023-06-13T22:59:49.089+0000] {processor.py:826} INFO - Processing file /home/airflow/.local/lib/python3.7/site-packages/airflow/example_dags/example_task_group.py for tasks to queue
[2023-06-13T22:59:49.091+0000] {logging_mixin.py:149} INFO - [2023-06-13T22:59:49.090+0000] {dagbag.py:541} INFO - Filling up the DagBag from /home/airflow/.local/lib/python3.7/site-packages/airflow/example_dags/example_task_group.py
[2023-06-13T22:59:49.106+0000] {processor.py:836} INFO - DAG(s) dict_keys(['example_task_group']) retrieved from /home/airflow/.local/lib/python3.7/site-packages/airflow/example_dags/example_task_group.py
[2023-06-13T22:59:49.167+0000] {logging_mixin.py:149} INFO - [2023-06-13T22:59:49.167+0000] {dag.py:2726} INFO - Sync 1 DAGs
[2023-06-13T22:59:49.227+0000] {logging_mixin.py:149} INFO - [2023-06-13T22:59:49.226+0000] {dag.py:3490} INFO - Setting next_dagrun for example_task_group to 2023-06-12T22:59:49.226291+00:00, run_after=2023-06-13T22:59:49.226291+00:00
[2023-06-13T22:59:49.282+0000] {processor.py:179} INFO - Processing /home/airflow/.local/lib/python3.7/site-packages/airflow/example_dags/example_task_group.py took 0.201 seconds
[2023-06-13T23:00:19.497+0000] {processor.py:157} INFO - Started process (PID=3128) to work on /home/airflow/.local/lib/python3.7/site-packages/airflow/example_dags/example_task_group.py
[2023-06-13T23:00:19.500+0000] {processor.py:826} INFO - Processing file /home/airflow/.local/lib/python3.7/site-packages/airflow/example_dags/example_task_group.py for tasks to queue
[2023-06-13T23:00:19.502+0000] {logging_mixin.py:149} INFO - [2023-06-13T23:00:19.501+0000] {dagbag.py:541} INFO - Filling up the DagBag from /home/airflow/.local/lib/python3.7/site-packages/airflow/example_dags/example_task_group.py
[2023-06-13T23:00:19.516+0000] {processor.py:836} INFO - DAG(s) dict_keys(['example_task_group']) retrieved from /home/airflow/.local/lib/python3.7/site-packages/airflow/example_dags/example_task_group.py
[2023-06-13T23:00:19.591+0000] {logging_mixin.py:149} INFO - [2023-06-13T23:00:19.591+0000] {dag.py:2726} INFO - Sync 1 DAGs
[2023-06-13T23:00:19.666+0000] {logging_mixin.py:149} INFO - [2023-06-13T23:00:19.665+0000] {dag.py:3490} INFO - Setting next_dagrun for example_task_group to 2023-06-12T23:00:19.665066+00:00, run_after=2023-06-13T23:00:19.665066+00:00
[2023-06-13T23:00:19.725+0000] {processor.py:179} INFO - Processing /home/airflow/.local/lib/python3.7/site-packages/airflow/example_dags/example_task_group.py took 0.234 seconds
[2023-06-13T23:00:49.826+0000] {processor.py:157} INFO - Started process (PID=3363) to work on /home/airflow/.local/lib/python3.7/site-packages/airflow/example_dags/example_task_group.py
[2023-06-13T23:00:49.828+0000] {processor.py:826} INFO - Processing file /home/airflow/.local/lib/python3.7/site-packages/airflow/example_dags/example_task_group.py for tasks to queue
[2023-06-13T23:00:49.830+0000] {logging_mixin.py:149} INFO - [2023-06-13T23:00:49.829+0000] {dagbag.py:541} INFO - Filling up the DagBag from /home/airflow/.local/lib/python3.7/site-packages/airflow/example_dags/example_task_group.py
[2023-06-13T23:00:49.843+0000] {processor.py:836} INFO - DAG(s) dict_keys(['example_task_group']) retrieved from /home/airflow/.local/lib/python3.7/site-packages/airflow/example_dags/example_task_group.py
[2023-06-13T23:00:49.903+0000] {logging_mixin.py:149} INFO - [2023-06-13T23:00:49.902+0000] {dag.py:2726} INFO - Sync 1 DAGs
[2023-06-13T23:00:49.954+0000] {logging_mixin.py:149} INFO - [2023-06-13T23:00:49.954+0000] {dag.py:3490} INFO - Setting next_dagrun for example_task_group to 2023-06-12T23:00:49.953782+00:00, run_after=2023-06-13T23:00:49.953782+00:00
[2023-06-13T23:00:50.010+0000] {processor.py:179} INFO - Processing /home/airflow/.local/lib/python3.7/site-packages/airflow/example_dags/example_task_group.py took 0.191 seconds
[2023-06-13T23:01:20.436+0000] {processor.py:157} INFO - Started process (PID=3603) to work on /home/airflow/.local/lib/python3.7/site-packages/airflow/example_dags/example_task_group.py
[2023-06-13T23:01:20.439+0000] {processor.py:826} INFO - Processing file /home/airflow/.local/lib/python3.7/site-packages/airflow/example_dags/example_task_group.py for tasks to queue
[2023-06-13T23:01:20.441+0000] {logging_mixin.py:149} INFO - [2023-06-13T23:01:20.440+0000] {dagbag.py:541} INFO - Filling up the DagBag from /home/airflow/.local/lib/python3.7/site-packages/airflow/example_dags/example_task_group.py
[2023-06-13T23:01:20.458+0000] {processor.py:836} INFO - DAG(s) dict_keys(['example_task_group']) retrieved from /home/airflow/.local/lib/python3.7/site-packages/airflow/example_dags/example_task_group.py
[2023-06-13T23:01:20.526+0000] {logging_mixin.py:149} INFO - [2023-06-13T23:01:20.526+0000] {dag.py:2726} INFO - Sync 1 DAGs
[2023-06-13T23:01:20.589+0000] {logging_mixin.py:149} INFO - [2023-06-13T23:01:20.589+0000] {dag.py:3490} INFO - Setting next_dagrun for example_task_group to 2023-06-12T23:01:20.588754+00:00, run_after=2023-06-13T23:01:20.588754+00:00
[2023-06-13T23:01:20.647+0000] {processor.py:179} INFO - Processing /home/airflow/.local/lib/python3.7/site-packages/airflow/example_dags/example_task_group.py took 0.218 seconds
[2023-06-13T23:01:51.112+0000] {processor.py:157} INFO - Started process (PID=3845) to work on /home/airflow/.local/lib/python3.7/site-packages/airflow/example_dags/example_task_group.py
[2023-06-13T23:01:51.114+0000] {processor.py:826} INFO - Processing file /home/airflow/.local/lib/python3.7/site-packages/airflow/example_dags/example_task_group.py for tasks to queue
[2023-06-13T23:01:51.116+0000] {logging_mixin.py:149} INFO - [2023-06-13T23:01:51.115+0000] {dagbag.py:541} INFO - Filling up the DagBag from /home/airflow/.local/lib/python3.7/site-packages/airflow/example_dags/example_task_group.py
[2023-06-13T23:01:51.128+0000] {processor.py:836} INFO - DAG(s) dict_keys(['example_task_group']) retrieved from /home/airflow/.local/lib/python3.7/site-packages/airflow/example_dags/example_task_group.py
[2023-06-13T23:01:51.193+0000] {logging_mixin.py:149} INFO - [2023-06-13T23:01:51.193+0000] {dag.py:2726} INFO - Sync 1 DAGs
[2023-06-13T23:01:51.241+0000] {logging_mixin.py:149} INFO - [2023-06-13T23:01:51.240+0000] {dag.py:3490} INFO - Setting next_dagrun for example_task_group to 2023-06-12T23:01:51.239954+00:00, run_after=2023-06-13T23:01:51.239954+00:00
[2023-06-13T23:01:51.303+0000] {processor.py:179} INFO - Processing /home/airflow/.local/lib/python3.7/site-packages/airflow/example_dags/example_task_group.py took 0.197 seconds
[2023-06-13T23:02:22.015+0000] {processor.py:157} INFO - Started process (PID=4084) to work on /home/airflow/.local/lib/python3.7/site-packages/airflow/example_dags/example_task_group.py
[2023-06-13T23:02:22.018+0000] {processor.py:826} INFO - Processing file /home/airflow/.local/lib/python3.7/site-packages/airflow/example_dags/example_task_group.py for tasks to queue
[2023-06-13T23:02:22.021+0000] {logging_mixin.py:149} INFO - [2023-06-13T23:02:22.021+0000] {dagbag.py:541} INFO - Filling up the DagBag from /home/airflow/.local/lib/python3.7/site-packages/airflow/example_dags/example_task_group.py
[2023-06-13T23:02:22.041+0000] {processor.py:836} INFO - DAG(s) dict_keys(['example_task_group']) retrieved from /home/airflow/.local/lib/python3.7/site-packages/airflow/example_dags/example_task_group.py
[2023-06-13T23:02:22.113+0000] {logging_mixin.py:149} INFO - [2023-06-13T23:02:22.112+0000] {dag.py:2726} INFO - Sync 1 DAGs
[2023-06-13T23:02:22.168+0000] {logging_mixin.py:149} INFO - [2023-06-13T23:02:22.168+0000] {dag.py:3490} INFO - Setting next_dagrun for example_task_group to 2023-06-12T23:02:22.167578+00:00, run_after=2023-06-13T23:02:22.167578+00:00
[2023-06-13T23:02:22.229+0000] {processor.py:179} INFO - Processing /home/airflow/.local/lib/python3.7/site-packages/airflow/example_dags/example_task_group.py took 0.219 seconds
[2023-06-13T23:02:52.299+0000] {processor.py:157} INFO - Started process (PID=4324) to work on /home/airflow/.local/lib/python3.7/site-packages/airflow/example_dags/example_task_group.py
[2023-06-13T23:02:52.302+0000] {processor.py:826} INFO - Processing file /home/airflow/.local/lib/python3.7/site-packages/airflow/example_dags/example_task_group.py for tasks to queue
[2023-06-13T23:02:52.303+0000] {logging_mixin.py:149} INFO - [2023-06-13T23:02:52.303+0000] {dagbag.py:541} INFO - Filling up the DagBag from /home/airflow/.local/lib/python3.7/site-packages/airflow/example_dags/example_task_group.py
[2023-06-13T23:02:52.319+0000] {processor.py:836} INFO - DAG(s) dict_keys(['example_task_group']) retrieved from /home/airflow/.local/lib/python3.7/site-packages/airflow/example_dags/example_task_group.py
[2023-06-13T23:02:52.361+0000] {logging_mixin.py:149} INFO - [2023-06-13T23:02:52.361+0000] {dag.py:2726} INFO - Sync 1 DAGs
[2023-06-13T23:02:52.406+0000] {logging_mixin.py:149} INFO - [2023-06-13T23:02:52.406+0000] {dag.py:3490} INFO - Setting next_dagrun for example_task_group to 2023-06-12T23:02:52.406105+00:00, run_after=2023-06-13T23:02:52.406105+00:00
[2023-06-13T23:02:52.445+0000] {processor.py:179} INFO - Processing /home/airflow/.local/lib/python3.7/site-packages/airflow/example_dags/example_task_group.py took 0.150 seconds
[2023-06-13T23:03:22.871+0000] {processor.py:157} INFO - Started process (PID=4565) to work on /home/airflow/.local/lib/python3.7/site-packages/airflow/example_dags/example_task_group.py
[2023-06-13T23:03:22.873+0000] {processor.py:826} INFO - Processing file /home/airflow/.local/lib/python3.7/site-packages/airflow/example_dags/example_task_group.py for tasks to queue
[2023-06-13T23:03:22.874+0000] {logging_mixin.py:149} INFO - [2023-06-13T23:03:22.873+0000] {dagbag.py:541} INFO - Filling up the DagBag from /home/airflow/.local/lib/python3.7/site-packages/airflow/example_dags/example_task_group.py
[2023-06-13T23:03:22.886+0000] {processor.py:836} INFO - DAG(s) dict_keys(['example_task_group']) retrieved from /home/airflow/.local/lib/python3.7/site-packages/airflow/example_dags/example_task_group.py
[2023-06-13T23:03:22.928+0000] {logging_mixin.py:149} INFO - [2023-06-13T23:03:22.928+0000] {dag.py:2726} INFO - Sync 1 DAGs
[2023-06-13T23:03:22.962+0000] {logging_mixin.py:149} INFO - [2023-06-13T23:03:22.961+0000] {dag.py:3490} INFO - Setting next_dagrun for example_task_group to 2023-06-12T23:03:22.961596+00:00, run_after=2023-06-13T23:03:22.961596+00:00
[2023-06-13T23:03:22.998+0000] {processor.py:179} INFO - Processing /home/airflow/.local/lib/python3.7/site-packages/airflow/example_dags/example_task_group.py took 0.131 seconds
[2023-06-13T23:03:53.332+0000] {processor.py:157} INFO - Started process (PID=4803) to work on /home/airflow/.local/lib/python3.7/site-packages/airflow/example_dags/example_task_group.py
[2023-06-13T23:03:53.334+0000] {processor.py:826} INFO - Processing file /home/airflow/.local/lib/python3.7/site-packages/airflow/example_dags/example_task_group.py for tasks to queue
[2023-06-13T23:03:53.336+0000] {logging_mixin.py:149} INFO - [2023-06-13T23:03:53.335+0000] {dagbag.py:541} INFO - Filling up the DagBag from /home/airflow/.local/lib/python3.7/site-packages/airflow/example_dags/example_task_group.py
[2023-06-13T23:03:53.347+0000] {processor.py:836} INFO - DAG(s) dict_keys(['example_task_group']) retrieved from /home/airflow/.local/lib/python3.7/site-packages/airflow/example_dags/example_task_group.py
[2023-06-13T23:03:53.388+0000] {logging_mixin.py:149} INFO - [2023-06-13T23:03:53.387+0000] {dag.py:2726} INFO - Sync 1 DAGs
[2023-06-13T23:03:53.436+0000] {logging_mixin.py:149} INFO - [2023-06-13T23:03:53.436+0000] {dag.py:3490} INFO - Setting next_dagrun for example_task_group to 2023-06-12T23:03:53.435813+00:00, run_after=2023-06-13T23:03:53.435813+00:00
[2023-06-13T23:03:53.479+0000] {processor.py:179} INFO - Processing /home/airflow/.local/lib/python3.7/site-packages/airflow/example_dags/example_task_group.py took 0.152 seconds
[2023-06-13T23:04:24.436+0000] {processor.py:157} INFO - Started process (PID=5043) to work on /home/airflow/.local/lib/python3.7/site-packages/airflow/example_dags/example_task_group.py
[2023-06-13T23:04:24.438+0000] {processor.py:826} INFO - Processing file /home/airflow/.local/lib/python3.7/site-packages/airflow/example_dags/example_task_group.py for tasks to queue
[2023-06-13T23:04:24.439+0000] {logging_mixin.py:149} INFO - [2023-06-13T23:04:24.439+0000] {dagbag.py:541} INFO - Filling up the DagBag from /home/airflow/.local/lib/python3.7/site-packages/airflow/example_dags/example_task_group.py
[2023-06-13T23:04:24.451+0000] {processor.py:836} INFO - DAG(s) dict_keys(['example_task_group']) retrieved from /home/airflow/.local/lib/python3.7/site-packages/airflow/example_dags/example_task_group.py
[2023-06-13T23:04:24.497+0000] {logging_mixin.py:149} INFO - [2023-06-13T23:04:24.496+0000] {dag.py:2726} INFO - Sync 1 DAGs
[2023-06-13T23:04:24.550+0000] {logging_mixin.py:149} INFO - [2023-06-13T23:04:24.550+0000] {dag.py:3490} INFO - Setting next_dagrun for example_task_group to 2023-06-12T23:04:24.550023+00:00, run_after=2023-06-13T23:04:24.550023+00:00
[2023-06-13T23:04:24.591+0000] {processor.py:179} INFO - Processing /home/airflow/.local/lib/python3.7/site-packages/airflow/example_dags/example_task_group.py took 0.162 seconds
[2023-06-13T23:04:55.306+0000] {processor.py:157} INFO - Started process (PID=5283) to work on /home/airflow/.local/lib/python3.7/site-packages/airflow/example_dags/example_task_group.py
[2023-06-13T23:04:55.308+0000] {processor.py:826} INFO - Processing file /home/airflow/.local/lib/python3.7/site-packages/airflow/example_dags/example_task_group.py for tasks to queue
[2023-06-13T23:04:55.309+0000] {logging_mixin.py:149} INFO - [2023-06-13T23:04:55.309+0000] {dagbag.py:541} INFO - Filling up the DagBag from /home/airflow/.local/lib/python3.7/site-packages/airflow/example_dags/example_task_group.py
[2023-06-13T23:04:55.322+0000] {processor.py:836} INFO - DAG(s) dict_keys(['example_task_group']) retrieved from /home/airflow/.local/lib/python3.7/site-packages/airflow/example_dags/example_task_group.py
[2023-06-13T23:04:55.372+0000] {logging_mixin.py:149} INFO - [2023-06-13T23:04:55.372+0000] {dag.py:2726} INFO - Sync 1 DAGs
[2023-06-13T23:04:55.420+0000] {logging_mixin.py:149} INFO - [2023-06-13T23:04:55.420+0000] {dag.py:3490} INFO - Setting next_dagrun for example_task_group to 2023-06-12T23:04:55.419609+00:00, run_after=2023-06-13T23:04:55.419609+00:00
[2023-06-13T23:04:55.470+0000] {processor.py:179} INFO - Processing /home/airflow/.local/lib/python3.7/site-packages/airflow/example_dags/example_task_group.py took 0.169 seconds
[2023-06-13T23:05:25.989+0000] {processor.py:157} INFO - Started process (PID=5523) to work on /home/airflow/.local/lib/python3.7/site-packages/airflow/example_dags/example_task_group.py
[2023-06-13T23:05:25.991+0000] {processor.py:826} INFO - Processing file /home/airflow/.local/lib/python3.7/site-packages/airflow/example_dags/example_task_group.py for tasks to queue
[2023-06-13T23:05:25.992+0000] {logging_mixin.py:149} INFO - [2023-06-13T23:05:25.991+0000] {dagbag.py:541} INFO - Filling up the DagBag from /home/airflow/.local/lib/python3.7/site-packages/airflow/example_dags/example_task_group.py
[2023-06-13T23:05:26.004+0000] {processor.py:836} INFO - DAG(s) dict_keys(['example_task_group']) retrieved from /home/airflow/.local/lib/python3.7/site-packages/airflow/example_dags/example_task_group.py
[2023-06-13T23:05:26.057+0000] {logging_mixin.py:149} INFO - [2023-06-13T23:05:26.057+0000] {dag.py:2726} INFO - Sync 1 DAGs
[2023-06-13T23:05:26.111+0000] {logging_mixin.py:149} INFO - [2023-06-13T23:05:26.111+0000] {dag.py:3490} INFO - Setting next_dagrun for example_task_group to 2023-06-12T23:05:26.110753+00:00, run_after=2023-06-13T23:05:26.110753+00:00
[2023-06-13T23:05:26.161+0000] {processor.py:179} INFO - Processing /home/airflow/.local/lib/python3.7/site-packages/airflow/example_dags/example_task_group.py took 0.177 seconds
[2023-06-13T23:05:56.875+0000] {processor.py:157} INFO - Started process (PID=5770) to work on /home/airflow/.local/lib/python3.7/site-packages/airflow/example_dags/example_task_group.py
[2023-06-13T23:05:56.878+0000] {processor.py:826} INFO - Processing file /home/airflow/.local/lib/python3.7/site-packages/airflow/example_dags/example_task_group.py for tasks to queue
[2023-06-13T23:05:56.879+0000] {logging_mixin.py:149} INFO - [2023-06-13T23:05:56.879+0000] {dagbag.py:541} INFO - Filling up the DagBag from /home/airflow/.local/lib/python3.7/site-packages/airflow/example_dags/example_task_group.py
[2023-06-13T23:05:56.893+0000] {processor.py:836} INFO - DAG(s) dict_keys(['example_task_group']) retrieved from /home/airflow/.local/lib/python3.7/site-packages/airflow/example_dags/example_task_group.py
[2023-06-13T23:05:56.960+0000] {logging_mixin.py:149} INFO - [2023-06-13T23:05:56.959+0000] {dag.py:2726} INFO - Sync 1 DAGs
[2023-06-13T23:05:57.021+0000] {logging_mixin.py:149} INFO - [2023-06-13T23:05:57.020+0000] {dag.py:3490} INFO - Setting next_dagrun for example_task_group to 2023-06-12T23:05:57.020205+00:00, run_after=2023-06-13T23:05:57.020205+00:00
[2023-06-13T23:05:57.088+0000] {processor.py:179} INFO - Processing /home/airflow/.local/lib/python3.7/site-packages/airflow/example_dags/example_task_group.py took 0.217 seconds
[2023-06-13T23:06:27.150+0000] {processor.py:157} INFO - Started process (PID=6010) to work on /home/airflow/.local/lib/python3.7/site-packages/airflow/example_dags/example_task_group.py
[2023-06-13T23:06:27.154+0000] {processor.py:826} INFO - Processing file /home/airflow/.local/lib/python3.7/site-packages/airflow/example_dags/example_task_group.py for tasks to queue
[2023-06-13T23:06:27.155+0000] {logging_mixin.py:149} INFO - [2023-06-13T23:06:27.155+0000] {dagbag.py:541} INFO - Filling up the DagBag from /home/airflow/.local/lib/python3.7/site-packages/airflow/example_dags/example_task_group.py
[2023-06-13T23:06:27.169+0000] {processor.py:836} INFO - DAG(s) dict_keys(['example_task_group']) retrieved from /home/airflow/.local/lib/python3.7/site-packages/airflow/example_dags/example_task_group.py
[2023-06-13T23:06:27.223+0000] {logging_mixin.py:149} INFO - [2023-06-13T23:06:27.223+0000] {dag.py:2726} INFO - Sync 1 DAGs
[2023-06-13T23:06:27.264+0000] {logging_mixin.py:149} INFO - [2023-06-13T23:06:27.264+0000] {dag.py:3490} INFO - Setting next_dagrun for example_task_group to 2023-06-12T23:06:27.263783+00:00, run_after=2023-06-13T23:06:27.263783+00:00
[2023-06-13T23:06:27.309+0000] {processor.py:179} INFO - Processing /home/airflow/.local/lib/python3.7/site-packages/airflow/example_dags/example_task_group.py took 0.164 seconds
[2023-06-13T23:06:57.914+0000] {processor.py:157} INFO - Started process (PID=6249) to work on /home/airflow/.local/lib/python3.7/site-packages/airflow/example_dags/example_task_group.py
[2023-06-13T23:06:57.920+0000] {processor.py:826} INFO - Processing file /home/airflow/.local/lib/python3.7/site-packages/airflow/example_dags/example_task_group.py for tasks to queue
[2023-06-13T23:06:57.922+0000] {logging_mixin.py:149} INFO - [2023-06-13T23:06:57.921+0000] {dagbag.py:541} INFO - Filling up the DagBag from /home/airflow/.local/lib/python3.7/site-packages/airflow/example_dags/example_task_group.py
[2023-06-13T23:06:57.939+0000] {processor.py:836} INFO - DAG(s) dict_keys(['example_task_group']) retrieved from /home/airflow/.local/lib/python3.7/site-packages/airflow/example_dags/example_task_group.py
[2023-06-13T23:06:58.016+0000] {logging_mixin.py:149} INFO - [2023-06-13T23:06:58.015+0000] {dag.py:2726} INFO - Sync 1 DAGs
[2023-06-13T23:06:58.076+0000] {logging_mixin.py:149} INFO - [2023-06-13T23:06:58.076+0000] {dag.py:3490} INFO - Setting next_dagrun for example_task_group to 2023-06-12T23:06:58.075585+00:00, run_after=2023-06-13T23:06:58.075585+00:00
[2023-06-13T23:06:58.151+0000] {processor.py:179} INFO - Processing /home/airflow/.local/lib/python3.7/site-packages/airflow/example_dags/example_task_group.py took 0.243 seconds
[2023-06-13T23:07:28.216+0000] {processor.py:157} INFO - Started process (PID=6490) to work on /home/airflow/.local/lib/python3.7/site-packages/airflow/example_dags/example_task_group.py
[2023-06-13T23:07:28.218+0000] {processor.py:826} INFO - Processing file /home/airflow/.local/lib/python3.7/site-packages/airflow/example_dags/example_task_group.py for tasks to queue
[2023-06-13T23:07:28.220+0000] {logging_mixin.py:149} INFO - [2023-06-13T23:07:28.219+0000] {dagbag.py:541} INFO - Filling up the DagBag from /home/airflow/.local/lib/python3.7/site-packages/airflow/example_dags/example_task_group.py
[2023-06-13T23:07:28.236+0000] {processor.py:836} INFO - DAG(s) dict_keys(['example_task_group']) retrieved from /home/airflow/.local/lib/python3.7/site-packages/airflow/example_dags/example_task_group.py
[2023-06-13T23:07:28.296+0000] {logging_mixin.py:149} INFO - [2023-06-13T23:07:28.296+0000] {dag.py:2726} INFO - Sync 1 DAGs
[2023-06-13T23:07:28.351+0000] {logging_mixin.py:149} INFO - [2023-06-13T23:07:28.351+0000] {dag.py:3490} INFO - Setting next_dagrun for example_task_group to 2023-06-12T23:07:28.350723+00:00, run_after=2023-06-13T23:07:28.350723+00:00
[2023-06-13T23:07:28.401+0000] {processor.py:179} INFO - Processing /home/airflow/.local/lib/python3.7/site-packages/airflow/example_dags/example_task_group.py took 0.191 seconds
[2023-06-13T23:07:58.666+0000] {processor.py:157} INFO - Started process (PID=6729) to work on /home/airflow/.local/lib/python3.7/site-packages/airflow/example_dags/example_task_group.py
[2023-06-13T23:07:58.668+0000] {processor.py:826} INFO - Processing file /home/airflow/.local/lib/python3.7/site-packages/airflow/example_dags/example_task_group.py for tasks to queue
[2023-06-13T23:07:58.669+0000] {logging_mixin.py:149} INFO - [2023-06-13T23:07:58.669+0000] {dagbag.py:541} INFO - Filling up the DagBag from /home/airflow/.local/lib/python3.7/site-packages/airflow/example_dags/example_task_group.py
[2023-06-13T23:07:58.686+0000] {processor.py:836} INFO - DAG(s) dict_keys(['example_task_group']) retrieved from /home/airflow/.local/lib/python3.7/site-packages/airflow/example_dags/example_task_group.py
[2023-06-13T23:07:58.746+0000] {logging_mixin.py:149} INFO - [2023-06-13T23:07:58.746+0000] {dag.py:2726} INFO - Sync 1 DAGs
[2023-06-13T23:07:58.796+0000] {logging_mixin.py:149} INFO - [2023-06-13T23:07:58.795+0000] {dag.py:3490} INFO - Setting next_dagrun for example_task_group to 2023-06-12T23:07:58.794141+00:00, run_after=2023-06-13T23:07:58.794141+00:00
[2023-06-13T23:07:58.846+0000] {processor.py:179} INFO - Processing /home/airflow/.local/lib/python3.7/site-packages/airflow/example_dags/example_task_group.py took 0.186 seconds
[2023-06-13T23:08:29.201+0000] {processor.py:157} INFO - Started process (PID=6968) to work on /home/airflow/.local/lib/python3.7/site-packages/airflow/example_dags/example_task_group.py
[2023-06-13T23:08:29.203+0000] {processor.py:826} INFO - Processing file /home/airflow/.local/lib/python3.7/site-packages/airflow/example_dags/example_task_group.py for tasks to queue
[2023-06-13T23:08:29.205+0000] {logging_mixin.py:149} INFO - [2023-06-13T23:08:29.204+0000] {dagbag.py:541} INFO - Filling up the DagBag from /home/airflow/.local/lib/python3.7/site-packages/airflow/example_dags/example_task_group.py
[2023-06-13T23:08:29.216+0000] {processor.py:836} INFO - DAG(s) dict_keys(['example_task_group']) retrieved from /home/airflow/.local/lib/python3.7/site-packages/airflow/example_dags/example_task_group.py
[2023-06-13T23:08:29.265+0000] {logging_mixin.py:149} INFO - [2023-06-13T23:08:29.264+0000] {dag.py:2726} INFO - Sync 1 DAGs
[2023-06-13T23:08:29.314+0000] {logging_mixin.py:149} INFO - [2023-06-13T23:08:29.314+0000] {dag.py:3490} INFO - Setting next_dagrun for example_task_group to 2023-06-12T23:08:29.313706+00:00, run_after=2023-06-13T23:08:29.313706+00:00
[2023-06-13T23:08:29.359+0000] {processor.py:179} INFO - Processing /home/airflow/.local/lib/python3.7/site-packages/airflow/example_dags/example_task_group.py took 0.164 seconds
[2023-06-13T23:08:59.698+0000] {processor.py:157} INFO - Started process (PID=7208) to work on /home/airflow/.local/lib/python3.7/site-packages/airflow/example_dags/example_task_group.py
[2023-06-13T23:08:59.700+0000] {processor.py:826} INFO - Processing file /home/airflow/.local/lib/python3.7/site-packages/airflow/example_dags/example_task_group.py for tasks to queue
[2023-06-13T23:08:59.701+0000] {logging_mixin.py:149} INFO - [2023-06-13T23:08:59.701+0000] {dagbag.py:541} INFO - Filling up the DagBag from /home/airflow/.local/lib/python3.7/site-packages/airflow/example_dags/example_task_group.py
[2023-06-13T23:08:59.713+0000] {processor.py:836} INFO - DAG(s) dict_keys(['example_task_group']) retrieved from /home/airflow/.local/lib/python3.7/site-packages/airflow/example_dags/example_task_group.py
[2023-06-13T23:08:59.762+0000] {logging_mixin.py:149} INFO - [2023-06-13T23:08:59.762+0000] {dag.py:2726} INFO - Sync 1 DAGs
[2023-06-13T23:08:59.806+0000] {logging_mixin.py:149} INFO - [2023-06-13T23:08:59.806+0000] {dag.py:3490} INFO - Setting next_dagrun for example_task_group to 2023-06-12T23:08:59.805787+00:00, run_after=2023-06-13T23:08:59.805787+00:00
[2023-06-13T23:08:59.863+0000] {processor.py:179} INFO - Processing /home/airflow/.local/lib/python3.7/site-packages/airflow/example_dags/example_task_group.py took 0.170 seconds
[2023-06-13T23:09:30.218+0000] {processor.py:157} INFO - Started process (PID=7450) to work on /home/airflow/.local/lib/python3.7/site-packages/airflow/example_dags/example_task_group.py
[2023-06-13T23:09:30.220+0000] {processor.py:826} INFO - Processing file /home/airflow/.local/lib/python3.7/site-packages/airflow/example_dags/example_task_group.py for tasks to queue
[2023-06-13T23:09:30.222+0000] {logging_mixin.py:149} INFO - [2023-06-13T23:09:30.221+0000] {dagbag.py:541} INFO - Filling up the DagBag from /home/airflow/.local/lib/python3.7/site-packages/airflow/example_dags/example_task_group.py
[2023-06-13T23:09:30.236+0000] {processor.py:836} INFO - DAG(s) dict_keys(['example_task_group']) retrieved from /home/airflow/.local/lib/python3.7/site-packages/airflow/example_dags/example_task_group.py
[2023-06-13T23:09:30.291+0000] {logging_mixin.py:149} INFO - [2023-06-13T23:09:30.291+0000] {dag.py:2726} INFO - Sync 1 DAGs
[2023-06-13T23:09:30.339+0000] {logging_mixin.py:149} INFO - [2023-06-13T23:09:30.339+0000] {dag.py:3490} INFO - Setting next_dagrun for example_task_group to 2023-06-12T23:09:30.339108+00:00, run_after=2023-06-13T23:09:30.339108+00:00
[2023-06-13T23:09:30.390+0000] {processor.py:179} INFO - Processing /home/airflow/.local/lib/python3.7/site-packages/airflow/example_dags/example_task_group.py took 0.178 seconds
[2023-06-13T23:10:00.602+0000] {processor.py:157} INFO - Started process (PID=7688) to work on /home/airflow/.local/lib/python3.7/site-packages/airflow/example_dags/example_task_group.py
[2023-06-13T23:10:00.604+0000] {processor.py:826} INFO - Processing file /home/airflow/.local/lib/python3.7/site-packages/airflow/example_dags/example_task_group.py for tasks to queue
[2023-06-13T23:10:00.606+0000] {logging_mixin.py:149} INFO - [2023-06-13T23:10:00.605+0000] {dagbag.py:541} INFO - Filling up the DagBag from /home/airflow/.local/lib/python3.7/site-packages/airflow/example_dags/example_task_group.py
[2023-06-13T23:10:00.619+0000] {processor.py:836} INFO - DAG(s) dict_keys(['example_task_group']) retrieved from /home/airflow/.local/lib/python3.7/site-packages/airflow/example_dags/example_task_group.py
[2023-06-13T23:10:00.685+0000] {logging_mixin.py:149} INFO - [2023-06-13T23:10:00.685+0000] {dag.py:2726} INFO - Sync 1 DAGs
[2023-06-13T23:10:00.734+0000] {logging_mixin.py:149} INFO - [2023-06-13T23:10:00.734+0000] {dag.py:3490} INFO - Setting next_dagrun for example_task_group to 2023-06-12T23:10:00.733809+00:00, run_after=2023-06-13T23:10:00.733809+00:00
[2023-06-13T23:10:00.784+0000] {processor.py:179} INFO - Processing /home/airflow/.local/lib/python3.7/site-packages/airflow/example_dags/example_task_group.py took 0.189 seconds
[2023-06-13T23:10:31.324+0000] {processor.py:157} INFO - Started process (PID=7930) to work on /home/airflow/.local/lib/python3.7/site-packages/airflow/example_dags/example_task_group.py
[2023-06-13T23:10:31.326+0000] {processor.py:826} INFO - Processing file /home/airflow/.local/lib/python3.7/site-packages/airflow/example_dags/example_task_group.py for tasks to queue
[2023-06-13T23:10:31.327+0000] {logging_mixin.py:149} INFO - [2023-06-13T23:10:31.326+0000] {dagbag.py:541} INFO - Filling up the DagBag from /home/airflow/.local/lib/python3.7/site-packages/airflow/example_dags/example_task_group.py
[2023-06-13T23:10:31.339+0000] {processor.py:836} INFO - DAG(s) dict_keys(['example_task_group']) retrieved from /home/airflow/.local/lib/python3.7/site-packages/airflow/example_dags/example_task_group.py
[2023-06-13T23:10:31.397+0000] {logging_mixin.py:149} INFO - [2023-06-13T23:10:31.396+0000] {dag.py:2726} INFO - Sync 1 DAGs
[2023-06-13T23:10:31.444+0000] {logging_mixin.py:149} INFO - [2023-06-13T23:10:31.443+0000] {dag.py:3490} INFO - Setting next_dagrun for example_task_group to 2023-06-12T23:10:31.442759+00:00, run_after=2023-06-13T23:10:31.442759+00:00
[2023-06-13T23:10:31.499+0000] {processor.py:179} INFO - Processing /home/airflow/.local/lib/python3.7/site-packages/airflow/example_dags/example_task_group.py took 0.180 seconds
[2023-06-13T23:11:01.904+0000] {processor.py:157} INFO - Started process (PID=8168) to work on /home/airflow/.local/lib/python3.7/site-packages/airflow/example_dags/example_task_group.py
[2023-06-13T23:11:01.907+0000] {processor.py:826} INFO - Processing file /home/airflow/.local/lib/python3.7/site-packages/airflow/example_dags/example_task_group.py for tasks to queue
[2023-06-13T23:11:01.909+0000] {logging_mixin.py:149} INFO - [2023-06-13T23:11:01.908+0000] {dagbag.py:541} INFO - Filling up the DagBag from /home/airflow/.local/lib/python3.7/site-packages/airflow/example_dags/example_task_group.py
[2023-06-13T23:11:01.922+0000] {processor.py:836} INFO - DAG(s) dict_keys(['example_task_group']) retrieved from /home/airflow/.local/lib/python3.7/site-packages/airflow/example_dags/example_task_group.py
[2023-06-13T23:11:01.976+0000] {logging_mixin.py:149} INFO - [2023-06-13T23:11:01.976+0000] {dag.py:2726} INFO - Sync 1 DAGs
[2023-06-13T23:11:02.024+0000] {logging_mixin.py:149} INFO - [2023-06-13T23:11:02.024+0000] {dag.py:3490} INFO - Setting next_dagrun for example_task_group to 2023-06-12T23:11:02.024072+00:00, run_after=2023-06-13T23:11:02.024072+00:00
[2023-06-13T23:11:02.083+0000] {processor.py:179} INFO - Processing /home/airflow/.local/lib/python3.7/site-packages/airflow/example_dags/example_task_group.py took 0.185 seconds
[2023-06-13T23:11:32.247+0000] {processor.py:157} INFO - Started process (PID=8408) to work on /home/airflow/.local/lib/python3.7/site-packages/airflow/example_dags/example_task_group.py
[2023-06-13T23:11:32.250+0000] {processor.py:826} INFO - Processing file /home/airflow/.local/lib/python3.7/site-packages/airflow/example_dags/example_task_group.py for tasks to queue
[2023-06-13T23:11:32.252+0000] {logging_mixin.py:149} INFO - [2023-06-13T23:11:32.251+0000] {dagbag.py:541} INFO - Filling up the DagBag from /home/airflow/.local/lib/python3.7/site-packages/airflow/example_dags/example_task_group.py
[2023-06-13T23:11:32.267+0000] {processor.py:836} INFO - DAG(s) dict_keys(['example_task_group']) retrieved from /home/airflow/.local/lib/python3.7/site-packages/airflow/example_dags/example_task_group.py
[2023-06-13T23:11:32.325+0000] {logging_mixin.py:149} INFO - [2023-06-13T23:11:32.325+0000] {dag.py:2726} INFO - Sync 1 DAGs
[2023-06-13T23:11:32.367+0000] {logging_mixin.py:149} INFO - [2023-06-13T23:11:32.367+0000] {dag.py:3490} INFO - Setting next_dagrun for example_task_group to 2023-06-12T23:11:32.367314+00:00, run_after=2023-06-13T23:11:32.367314+00:00
[2023-06-13T23:11:32.417+0000] {processor.py:179} INFO - Processing /home/airflow/.local/lib/python3.7/site-packages/airflow/example_dags/example_task_group.py took 0.174 seconds
[2023-06-13T23:12:02.841+0000] {processor.py:157} INFO - Started process (PID=8648) to work on /home/airflow/.local/lib/python3.7/site-packages/airflow/example_dags/example_task_group.py
[2023-06-13T23:12:02.846+0000] {processor.py:826} INFO - Processing file /home/airflow/.local/lib/python3.7/site-packages/airflow/example_dags/example_task_group.py for tasks to queue
[2023-06-13T23:12:02.848+0000] {logging_mixin.py:149} INFO - [2023-06-13T23:12:02.847+0000] {dagbag.py:541} INFO - Filling up the DagBag from /home/airflow/.local/lib/python3.7/site-packages/airflow/example_dags/example_task_group.py
[2023-06-13T23:12:02.863+0000] {processor.py:836} INFO - DAG(s) dict_keys(['example_task_group']) retrieved from /home/airflow/.local/lib/python3.7/site-packages/airflow/example_dags/example_task_group.py
[2023-06-13T23:12:02.913+0000] {logging_mixin.py:149} INFO - [2023-06-13T23:12:02.913+0000] {dag.py:2726} INFO - Sync 1 DAGs
[2023-06-13T23:12:02.964+0000] {logging_mixin.py:149} INFO - [2023-06-13T23:12:02.964+0000] {dag.py:3490} INFO - Setting next_dagrun for example_task_group to 2023-06-12T23:12:02.963245+00:00, run_after=2023-06-13T23:12:02.963245+00:00
[2023-06-13T23:12:03.026+0000] {processor.py:179} INFO - Processing /home/airflow/.local/lib/python3.7/site-packages/airflow/example_dags/example_task_group.py took 0.191 seconds
[2023-06-13T23:12:33.386+0000] {processor.py:157} INFO - Started process (PID=8888) to work on /home/airflow/.local/lib/python3.7/site-packages/airflow/example_dags/example_task_group.py
[2023-06-13T23:12:33.388+0000] {processor.py:826} INFO - Processing file /home/airflow/.local/lib/python3.7/site-packages/airflow/example_dags/example_task_group.py for tasks to queue
[2023-06-13T23:12:33.390+0000] {logging_mixin.py:149} INFO - [2023-06-13T23:12:33.389+0000] {dagbag.py:541} INFO - Filling up the DagBag from /home/airflow/.local/lib/python3.7/site-packages/airflow/example_dags/example_task_group.py
[2023-06-13T23:12:33.405+0000] {processor.py:836} INFO - DAG(s) dict_keys(['example_task_group']) retrieved from /home/airflow/.local/lib/python3.7/site-packages/airflow/example_dags/example_task_group.py
[2023-06-13T23:12:33.462+0000] {logging_mixin.py:149} INFO - [2023-06-13T23:12:33.462+0000] {dag.py:2726} INFO - Sync 1 DAGs
[2023-06-13T23:12:33.508+0000] {logging_mixin.py:149} INFO - [2023-06-13T23:12:33.508+0000] {dag.py:3490} INFO - Setting next_dagrun for example_task_group to 2023-06-12T23:12:33.507403+00:00, run_after=2023-06-13T23:12:33.507403+00:00
[2023-06-13T23:12:33.554+0000] {processor.py:179} INFO - Processing /home/airflow/.local/lib/python3.7/site-packages/airflow/example_dags/example_task_group.py took 0.172 seconds
[2023-06-13T23:13:03.967+0000] {processor.py:157} INFO - Started process (PID=9129) to work on /home/airflow/.local/lib/python3.7/site-packages/airflow/example_dags/example_task_group.py
[2023-06-13T23:13:03.969+0000] {processor.py:826} INFO - Processing file /home/airflow/.local/lib/python3.7/site-packages/airflow/example_dags/example_task_group.py for tasks to queue
[2023-06-13T23:13:03.970+0000] {logging_mixin.py:149} INFO - [2023-06-13T23:13:03.970+0000] {dagbag.py:541} INFO - Filling up the DagBag from /home/airflow/.local/lib/python3.7/site-packages/airflow/example_dags/example_task_group.py
[2023-06-13T23:13:03.982+0000] {processor.py:836} INFO - DAG(s) dict_keys(['example_task_group']) retrieved from /home/airflow/.local/lib/python3.7/site-packages/airflow/example_dags/example_task_group.py
[2023-06-13T23:13:04.036+0000] {logging_mixin.py:149} INFO - [2023-06-13T23:13:04.036+0000] {dag.py:2726} INFO - Sync 1 DAGs
[2023-06-13T23:13:04.085+0000] {logging_mixin.py:149} INFO - [2023-06-13T23:13:04.085+0000] {dag.py:3490} INFO - Setting next_dagrun for example_task_group to 2023-06-12T23:13:04.084737+00:00, run_after=2023-06-13T23:13:04.084737+00:00
[2023-06-13T23:13:04.134+0000] {processor.py:179} INFO - Processing /home/airflow/.local/lib/python3.7/site-packages/airflow/example_dags/example_task_group.py took 0.173 seconds
[2023-06-13T23:13:34.812+0000] {processor.py:157} INFO - Started process (PID=9368) to work on /home/airflow/.local/lib/python3.7/site-packages/airflow/example_dags/example_task_group.py
[2023-06-13T23:13:34.814+0000] {processor.py:826} INFO - Processing file /home/airflow/.local/lib/python3.7/site-packages/airflow/example_dags/example_task_group.py for tasks to queue
[2023-06-13T23:13:34.815+0000] {logging_mixin.py:149} INFO - [2023-06-13T23:13:34.814+0000] {dagbag.py:541} INFO - Filling up the DagBag from /home/airflow/.local/lib/python3.7/site-packages/airflow/example_dags/example_task_group.py
[2023-06-13T23:13:34.826+0000] {processor.py:836} INFO - DAG(s) dict_keys(['example_task_group']) retrieved from /home/airflow/.local/lib/python3.7/site-packages/airflow/example_dags/example_task_group.py
[2023-06-13T23:13:34.870+0000] {logging_mixin.py:149} INFO - [2023-06-13T23:13:34.870+0000] {dag.py:2726} INFO - Sync 1 DAGs
[2023-06-13T23:13:34.914+0000] {logging_mixin.py:149} INFO - [2023-06-13T23:13:34.913+0000] {dag.py:3490} INFO - Setting next_dagrun for example_task_group to 2023-06-12T23:13:34.913578+00:00, run_after=2023-06-13T23:13:34.913578+00:00
[2023-06-13T23:13:34.964+0000] {processor.py:179} INFO - Processing /home/airflow/.local/lib/python3.7/site-packages/airflow/example_dags/example_task_group.py took 0.158 seconds
[2023-06-13T23:14:05.286+0000] {processor.py:157} INFO - Started process (PID=9596) to work on /home/airflow/.local/lib/python3.7/site-packages/airflow/example_dags/example_task_group.py
[2023-06-13T23:14:05.287+0000] {processor.py:826} INFO - Processing file /home/airflow/.local/lib/python3.7/site-packages/airflow/example_dags/example_task_group.py for tasks to queue
[2023-06-13T23:14:05.289+0000] {logging_mixin.py:149} INFO - [2023-06-13T23:14:05.288+0000] {dagbag.py:541} INFO - Filling up the DagBag from /home/airflow/.local/lib/python3.7/site-packages/airflow/example_dags/example_task_group.py
[2023-06-13T23:14:05.307+0000] {processor.py:836} INFO - DAG(s) dict_keys(['example_task_group']) retrieved from /home/airflow/.local/lib/python3.7/site-packages/airflow/example_dags/example_task_group.py
[2023-06-13T23:14:05.357+0000] {logging_mixin.py:149} INFO - [2023-06-13T23:14:05.356+0000] {dag.py:2726} INFO - Sync 1 DAGs
[2023-06-13T23:14:05.405+0000] {logging_mixin.py:149} INFO - [2023-06-13T23:14:05.405+0000] {dag.py:3490} INFO - Setting next_dagrun for example_task_group to 2023-06-12T23:14:05.404756+00:00, run_after=2023-06-13T23:14:05.404756+00:00
[2023-06-13T23:14:05.451+0000] {processor.py:179} INFO - Processing /home/airflow/.local/lib/python3.7/site-packages/airflow/example_dags/example_task_group.py took 0.170 seconds
[2023-06-13T23:14:35.658+0000] {processor.py:157} INFO - Started process (PID=9835) to work on /home/airflow/.local/lib/python3.7/site-packages/airflow/example_dags/example_task_group.py
[2023-06-13T23:14:35.660+0000] {processor.py:826} INFO - Processing file /home/airflow/.local/lib/python3.7/site-packages/airflow/example_dags/example_task_group.py for tasks to queue
[2023-06-13T23:14:35.661+0000] {logging_mixin.py:149} INFO - [2023-06-13T23:14:35.661+0000] {dagbag.py:541} INFO - Filling up the DagBag from /home/airflow/.local/lib/python3.7/site-packages/airflow/example_dags/example_task_group.py
[2023-06-13T23:14:35.672+0000] {processor.py:836} INFO - DAG(s) dict_keys(['example_task_group']) retrieved from /home/airflow/.local/lib/python3.7/site-packages/airflow/example_dags/example_task_group.py
[2023-06-13T23:14:35.716+0000] {logging_mixin.py:149} INFO - [2023-06-13T23:14:35.715+0000] {dag.py:2726} INFO - Sync 1 DAGs
[2023-06-13T23:14:35.757+0000] {logging_mixin.py:149} INFO - [2023-06-13T23:14:35.756+0000] {dag.py:3490} INFO - Setting next_dagrun for example_task_group to 2023-06-12T23:14:35.755801+00:00, run_after=2023-06-13T23:14:35.755801+00:00
[2023-06-13T23:14:35.801+0000] {processor.py:179} INFO - Processing /home/airflow/.local/lib/python3.7/site-packages/airflow/example_dags/example_task_group.py took 0.147 seconds
[2023-06-13T23:15:06.074+0000] {processor.py:157} INFO - Started process (PID=10074) to work on /home/airflow/.local/lib/python3.7/site-packages/airflow/example_dags/example_task_group.py
[2023-06-13T23:15:06.078+0000] {processor.py:826} INFO - Processing file /home/airflow/.local/lib/python3.7/site-packages/airflow/example_dags/example_task_group.py for tasks to queue
[2023-06-13T23:15:06.079+0000] {logging_mixin.py:149} INFO - [2023-06-13T23:15:06.079+0000] {dagbag.py:541} INFO - Filling up the DagBag from /home/airflow/.local/lib/python3.7/site-packages/airflow/example_dags/example_task_group.py
[2023-06-13T23:15:06.092+0000] {processor.py:836} INFO - DAG(s) dict_keys(['example_task_group']) retrieved from /home/airflow/.local/lib/python3.7/site-packages/airflow/example_dags/example_task_group.py
[2023-06-13T23:15:06.150+0000] {logging_mixin.py:149} INFO - [2023-06-13T23:15:06.150+0000] {dag.py:2726} INFO - Sync 1 DAGs
[2023-06-13T23:15:06.199+0000] {logging_mixin.py:149} INFO - [2023-06-13T23:15:06.199+0000] {dag.py:3490} INFO - Setting next_dagrun for example_task_group to 2023-06-12T23:15:06.198974+00:00, run_after=2023-06-13T23:15:06.198974+00:00
[2023-06-13T23:15:06.259+0000] {processor.py:179} INFO - Processing /home/airflow/.local/lib/python3.7/site-packages/airflow/example_dags/example_task_group.py took 0.190 seconds
[2023-06-13T23:15:36.424+0000] {processor.py:157} INFO - Started process (PID=10312) to work on /home/airflow/.local/lib/python3.7/site-packages/airflow/example_dags/example_task_group.py
[2023-06-13T23:15:36.427+0000] {processor.py:826} INFO - Processing file /home/airflow/.local/lib/python3.7/site-packages/airflow/example_dags/example_task_group.py for tasks to queue
[2023-06-13T23:15:36.428+0000] {logging_mixin.py:149} INFO - [2023-06-13T23:15:36.428+0000] {dagbag.py:541} INFO - Filling up the DagBag from /home/airflow/.local/lib/python3.7/site-packages/airflow/example_dags/example_task_group.py
[2023-06-13T23:15:36.442+0000] {processor.py:836} INFO - DAG(s) dict_keys(['example_task_group']) retrieved from /home/airflow/.local/lib/python3.7/site-packages/airflow/example_dags/example_task_group.py
[2023-06-13T23:15:36.492+0000] {logging_mixin.py:149} INFO - [2023-06-13T23:15:36.492+0000] {dag.py:2726} INFO - Sync 1 DAGs
[2023-06-13T23:15:36.547+0000] {logging_mixin.py:149} INFO - [2023-06-13T23:15:36.547+0000] {dag.py:3490} INFO - Setting next_dagrun for example_task_group to 2023-06-12T23:15:36.546762+00:00, run_after=2023-06-13T23:15:36.546762+00:00
[2023-06-13T23:15:36.597+0000] {processor.py:179} INFO - Processing /home/airflow/.local/lib/python3.7/site-packages/airflow/example_dags/example_task_group.py took 0.179 seconds
[2023-06-13T23:16:07.275+0000] {processor.py:157} INFO - Started process (PID=10554) to work on /home/airflow/.local/lib/python3.7/site-packages/airflow/example_dags/example_task_group.py
[2023-06-13T23:16:07.277+0000] {processor.py:826} INFO - Processing file /home/airflow/.local/lib/python3.7/site-packages/airflow/example_dags/example_task_group.py for tasks to queue
[2023-06-13T23:16:07.278+0000] {logging_mixin.py:149} INFO - [2023-06-13T23:16:07.277+0000] {dagbag.py:541} INFO - Filling up the DagBag from /home/airflow/.local/lib/python3.7/site-packages/airflow/example_dags/example_task_group.py
[2023-06-13T23:16:07.291+0000] {processor.py:836} INFO - DAG(s) dict_keys(['example_task_group']) retrieved from /home/airflow/.local/lib/python3.7/site-packages/airflow/example_dags/example_task_group.py
[2023-06-13T23:16:07.342+0000] {logging_mixin.py:149} INFO - [2023-06-13T23:16:07.341+0000] {dag.py:2726} INFO - Sync 1 DAGs
[2023-06-13T23:16:07.388+0000] {logging_mixin.py:149} INFO - [2023-06-13T23:16:07.388+0000] {dag.py:3490} INFO - Setting next_dagrun for example_task_group to 2023-06-12T23:16:07.387441+00:00, run_after=2023-06-13T23:16:07.387441+00:00
[2023-06-13T23:16:07.442+0000] {processor.py:179} INFO - Processing /home/airflow/.local/lib/python3.7/site-packages/airflow/example_dags/example_task_group.py took 0.173 seconds
[2023-06-13T23:16:38.158+0000] {processor.py:157} INFO - Started process (PID=10793) to work on /home/airflow/.local/lib/python3.7/site-packages/airflow/example_dags/example_task_group.py
[2023-06-13T23:16:38.162+0000] {processor.py:826} INFO - Processing file /home/airflow/.local/lib/python3.7/site-packages/airflow/example_dags/example_task_group.py for tasks to queue
[2023-06-13T23:16:38.165+0000] {logging_mixin.py:149} INFO - [2023-06-13T23:16:38.165+0000] {dagbag.py:541} INFO - Filling up the DagBag from /home/airflow/.local/lib/python3.7/site-packages/airflow/example_dags/example_task_group.py
[2023-06-13T23:16:38.182+0000] {processor.py:836} INFO - DAG(s) dict_keys(['example_task_group']) retrieved from /home/airflow/.local/lib/python3.7/site-packages/airflow/example_dags/example_task_group.py
[2023-06-13T23:16:38.240+0000] {logging_mixin.py:149} INFO - [2023-06-13T23:16:38.240+0000] {dag.py:2726} INFO - Sync 1 DAGs
[2023-06-13T23:16:38.288+0000] {logging_mixin.py:149} INFO - [2023-06-13T23:16:38.287+0000] {dag.py:3490} INFO - Setting next_dagrun for example_task_group to 2023-06-12T23:16:38.287049+00:00, run_after=2023-06-13T23:16:38.287049+00:00
[2023-06-13T23:16:38.338+0000] {processor.py:179} INFO - Processing /home/airflow/.local/lib/python3.7/site-packages/airflow/example_dags/example_task_group.py took 0.187 seconds
[2023-06-13T23:17:10.420+0000] {processor.py:157} INFO - Started process (PID=11033) to work on /home/airflow/.local/lib/python3.7/site-packages/airflow/example_dags/example_task_group.py
[2023-06-13T23:17:10.428+0000] {processor.py:826} INFO - Processing file /home/airflow/.local/lib/python3.7/site-packages/airflow/example_dags/example_task_group.py for tasks to queue
[2023-06-13T23:17:10.432+0000] {logging_mixin.py:149} INFO - [2023-06-13T23:17:10.432+0000] {dagbag.py:541} INFO - Filling up the DagBag from /home/airflow/.local/lib/python3.7/site-packages/airflow/example_dags/example_task_group.py
[2023-06-13T23:17:10.465+0000] {processor.py:836} INFO - DAG(s) dict_keys(['example_task_group']) retrieved from /home/airflow/.local/lib/python3.7/site-packages/airflow/example_dags/example_task_group.py
[2023-06-13T23:17:10.537+0000] {logging_mixin.py:149} INFO - [2023-06-13T23:17:10.536+0000] {dag.py:2726} INFO - Sync 1 DAGs
[2023-06-13T23:17:10.612+0000] {logging_mixin.py:149} INFO - [2023-06-13T23:17:10.611+0000] {dag.py:3490} INFO - Setting next_dagrun for example_task_group to 2023-06-12T23:17:10.610846+00:00, run_after=2023-06-13T23:17:10.610846+00:00
[2023-06-13T23:17:10.661+0000] {processor.py:179} INFO - Processing /home/airflow/.local/lib/python3.7/site-packages/airflow/example_dags/example_task_group.py took 0.251 seconds
[2023-06-13T23:17:41.016+0000] {processor.py:157} INFO - Started process (PID=11275) to work on /home/airflow/.local/lib/python3.7/site-packages/airflow/example_dags/example_task_group.py
[2023-06-13T23:17:41.019+0000] {processor.py:826} INFO - Processing file /home/airflow/.local/lib/python3.7/site-packages/airflow/example_dags/example_task_group.py for tasks to queue
[2023-06-13T23:17:41.020+0000] {logging_mixin.py:149} INFO - [2023-06-13T23:17:41.020+0000] {dagbag.py:541} INFO - Filling up the DagBag from /home/airflow/.local/lib/python3.7/site-packages/airflow/example_dags/example_task_group.py
[2023-06-13T23:17:41.033+0000] {processor.py:836} INFO - DAG(s) dict_keys(['example_task_group']) retrieved from /home/airflow/.local/lib/python3.7/site-packages/airflow/example_dags/example_task_group.py
[2023-06-13T23:17:41.095+0000] {logging_mixin.py:149} INFO - [2023-06-13T23:17:41.094+0000] {dag.py:2726} INFO - Sync 1 DAGs
[2023-06-13T23:17:41.146+0000] {logging_mixin.py:149} INFO - [2023-06-13T23:17:41.145+0000] {dag.py:3490} INFO - Setting next_dagrun for example_task_group to 2023-06-12T23:17:41.145244+00:00, run_after=2023-06-13T23:17:41.145244+00:00
[2023-06-13T23:17:41.200+0000] {processor.py:179} INFO - Processing /home/airflow/.local/lib/python3.7/site-packages/airflow/example_dags/example_task_group.py took 0.188 seconds
[2023-06-13T23:18:11.472+0000] {processor.py:157} INFO - Started process (PID=11515) to work on /home/airflow/.local/lib/python3.7/site-packages/airflow/example_dags/example_task_group.py
[2023-06-13T23:18:11.475+0000] {processor.py:826} INFO - Processing file /home/airflow/.local/lib/python3.7/site-packages/airflow/example_dags/example_task_group.py for tasks to queue
[2023-06-13T23:18:11.477+0000] {logging_mixin.py:149} INFO - [2023-06-13T23:18:11.477+0000] {dagbag.py:541} INFO - Filling up the DagBag from /home/airflow/.local/lib/python3.7/site-packages/airflow/example_dags/example_task_group.py
[2023-06-13T23:18:11.498+0000] {processor.py:836} INFO - DAG(s) dict_keys(['example_task_group']) retrieved from /home/airflow/.local/lib/python3.7/site-packages/airflow/example_dags/example_task_group.py
[2023-06-13T23:18:11.573+0000] {logging_mixin.py:149} INFO - [2023-06-13T23:18:11.573+0000] {dag.py:2726} INFO - Sync 1 DAGs
[2023-06-13T23:18:11.636+0000] {logging_mixin.py:149} INFO - [2023-06-13T23:18:11.636+0000] {dag.py:3490} INFO - Setting next_dagrun for example_task_group to 2023-06-12T23:18:11.635564+00:00, run_after=2023-06-13T23:18:11.635564+00:00
[2023-06-13T23:18:11.702+0000] {processor.py:179} INFO - Processing /home/airflow/.local/lib/python3.7/site-packages/airflow/example_dags/example_task_group.py took 0.236 seconds
[2023-06-13T23:18:42.127+0000] {processor.py:157} INFO - Started process (PID=11753) to work on /home/airflow/.local/lib/python3.7/site-packages/airflow/example_dags/example_task_group.py
[2023-06-13T23:18:42.130+0000] {processor.py:826} INFO - Processing file /home/airflow/.local/lib/python3.7/site-packages/airflow/example_dags/example_task_group.py for tasks to queue
[2023-06-13T23:18:42.133+0000] {logging_mixin.py:149} INFO - [2023-06-13T23:18:42.132+0000] {dagbag.py:541} INFO - Filling up the DagBag from /home/airflow/.local/lib/python3.7/site-packages/airflow/example_dags/example_task_group.py
[2023-06-13T23:18:42.152+0000] {processor.py:836} INFO - DAG(s) dict_keys(['example_task_group']) retrieved from /home/airflow/.local/lib/python3.7/site-packages/airflow/example_dags/example_task_group.py
[2023-06-13T23:18:42.230+0000] {logging_mixin.py:149} INFO - [2023-06-13T23:18:42.229+0000] {dag.py:2726} INFO - Sync 1 DAGs
[2023-06-13T23:18:42.294+0000] {logging_mixin.py:149} INFO - [2023-06-13T23:18:42.293+0000] {dag.py:3490} INFO - Setting next_dagrun for example_task_group to 2023-06-12T23:18:42.293076+00:00, run_after=2023-06-13T23:18:42.293076+00:00
[2023-06-13T23:18:42.372+0000] {processor.py:179} INFO - Processing /home/airflow/.local/lib/python3.7/site-packages/airflow/example_dags/example_task_group.py took 0.252 seconds
[2023-06-13T23:19:12.551+0000] {processor.py:157} INFO - Started process (PID=11995) to work on /home/airflow/.local/lib/python3.7/site-packages/airflow/example_dags/example_task_group.py
[2023-06-13T23:19:12.554+0000] {processor.py:826} INFO - Processing file /home/airflow/.local/lib/python3.7/site-packages/airflow/example_dags/example_task_group.py for tasks to queue
[2023-06-13T23:19:12.557+0000] {logging_mixin.py:149} INFO - [2023-06-13T23:19:12.556+0000] {dagbag.py:541} INFO - Filling up the DagBag from /home/airflow/.local/lib/python3.7/site-packages/airflow/example_dags/example_task_group.py
[2023-06-13T23:19:12.572+0000] {processor.py:836} INFO - DAG(s) dict_keys(['example_task_group']) retrieved from /home/airflow/.local/lib/python3.7/site-packages/airflow/example_dags/example_task_group.py
[2023-06-13T23:19:12.648+0000] {logging_mixin.py:149} INFO - [2023-06-13T23:19:12.648+0000] {dag.py:2726} INFO - Sync 1 DAGs
[2023-06-13T23:19:12.706+0000] {logging_mixin.py:149} INFO - [2023-06-13T23:19:12.705+0000] {dag.py:3490} INFO - Setting next_dagrun for example_task_group to 2023-06-12T23:19:12.705221+00:00, run_after=2023-06-13T23:19:12.705221+00:00
[2023-06-13T23:19:12.773+0000] {processor.py:179} INFO - Processing /home/airflow/.local/lib/python3.7/site-packages/airflow/example_dags/example_task_group.py took 0.227 seconds
[2023-06-13T23:19:43.517+0000] {processor.py:157} INFO - Started process (PID=12233) to work on /home/airflow/.local/lib/python3.7/site-packages/airflow/example_dags/example_task_group.py
[2023-06-13T23:19:43.521+0000] {processor.py:826} INFO - Processing file /home/airflow/.local/lib/python3.7/site-packages/airflow/example_dags/example_task_group.py for tasks to queue
[2023-06-13T23:19:43.522+0000] {logging_mixin.py:149} INFO - [2023-06-13T23:19:43.522+0000] {dagbag.py:541} INFO - Filling up the DagBag from /home/airflow/.local/lib/python3.7/site-packages/airflow/example_dags/example_task_group.py
[2023-06-13T23:19:43.541+0000] {processor.py:836} INFO - DAG(s) dict_keys(['example_task_group']) retrieved from /home/airflow/.local/lib/python3.7/site-packages/airflow/example_dags/example_task_group.py
[2023-06-13T23:19:43.608+0000] {logging_mixin.py:149} INFO - [2023-06-13T23:19:43.607+0000] {dag.py:2726} INFO - Sync 1 DAGs
[2023-06-13T23:19:43.687+0000] {logging_mixin.py:149} INFO - [2023-06-13T23:19:43.687+0000] {dag.py:3490} INFO - Setting next_dagrun for example_task_group to 2023-06-12T23:19:43.686626+00:00, run_after=2023-06-13T23:19:43.686626+00:00
[2023-06-13T23:19:43.770+0000] {processor.py:179} INFO - Processing /home/airflow/.local/lib/python3.7/site-packages/airflow/example_dags/example_task_group.py took 0.261 seconds
[2023-06-13T23:20:14.414+0000] {processor.py:157} INFO - Started process (PID=12475) to work on /home/airflow/.local/lib/python3.7/site-packages/airflow/example_dags/example_task_group.py
[2023-06-13T23:20:14.417+0000] {processor.py:826} INFO - Processing file /home/airflow/.local/lib/python3.7/site-packages/airflow/example_dags/example_task_group.py for tasks to queue
[2023-06-13T23:20:14.419+0000] {logging_mixin.py:149} INFO - [2023-06-13T23:20:14.418+0000] {dagbag.py:541} INFO - Filling up the DagBag from /home/airflow/.local/lib/python3.7/site-packages/airflow/example_dags/example_task_group.py
[2023-06-13T23:20:14.434+0000] {processor.py:836} INFO - DAG(s) dict_keys(['example_task_group']) retrieved from /home/airflow/.local/lib/python3.7/site-packages/airflow/example_dags/example_task_group.py
[2023-06-13T23:20:14.500+0000] {logging_mixin.py:149} INFO - [2023-06-13T23:20:14.500+0000] {dag.py:2726} INFO - Sync 1 DAGs
[2023-06-13T23:20:14.556+0000] {logging_mixin.py:149} INFO - [2023-06-13T23:20:14.555+0000] {dag.py:3490} INFO - Setting next_dagrun for example_task_group to 2023-06-12T23:20:14.555098+00:00, run_after=2023-06-13T23:20:14.555098+00:00
[2023-06-13T23:20:14.617+0000] {processor.py:179} INFO - Processing /home/airflow/.local/lib/python3.7/site-packages/airflow/example_dags/example_task_group.py took 0.209 seconds
[2023-06-13T23:20:44.920+0000] {processor.py:157} INFO - Started process (PID=12715) to work on /home/airflow/.local/lib/python3.7/site-packages/airflow/example_dags/example_task_group.py
[2023-06-13T23:20:44.922+0000] {processor.py:826} INFO - Processing file /home/airflow/.local/lib/python3.7/site-packages/airflow/example_dags/example_task_group.py for tasks to queue
[2023-06-13T23:20:44.925+0000] {logging_mixin.py:149} INFO - [2023-06-13T23:20:44.924+0000] {dagbag.py:541} INFO - Filling up the DagBag from /home/airflow/.local/lib/python3.7/site-packages/airflow/example_dags/example_task_group.py
[2023-06-13T23:20:44.945+0000] {processor.py:836} INFO - DAG(s) dict_keys(['example_task_group']) retrieved from /home/airflow/.local/lib/python3.7/site-packages/airflow/example_dags/example_task_group.py
[2023-06-13T23:20:45.030+0000] {logging_mixin.py:149} INFO - [2023-06-13T23:20:45.029+0000] {dag.py:2726} INFO - Sync 1 DAGs
[2023-06-13T23:20:45.139+0000] {logging_mixin.py:149} INFO - [2023-06-13T23:20:45.139+0000] {dag.py:3490} INFO - Setting next_dagrun for example_task_group to 2023-06-12T23:20:45.138659+00:00, run_after=2023-06-13T23:20:45.138659+00:00
[2023-06-13T23:20:45.217+0000] {processor.py:179} INFO - Processing /home/airflow/.local/lib/python3.7/site-packages/airflow/example_dags/example_task_group.py took 0.305 seconds
[2023-06-13T23:21:15.437+0000] {processor.py:157} INFO - Started process (PID=12954) to work on /home/airflow/.local/lib/python3.7/site-packages/airflow/example_dags/example_task_group.py
[2023-06-13T23:21:15.439+0000] {processor.py:826} INFO - Processing file /home/airflow/.local/lib/python3.7/site-packages/airflow/example_dags/example_task_group.py for tasks to queue
[2023-06-13T23:21:15.440+0000] {logging_mixin.py:149} INFO - [2023-06-13T23:21:15.440+0000] {dagbag.py:541} INFO - Filling up the DagBag from /home/airflow/.local/lib/python3.7/site-packages/airflow/example_dags/example_task_group.py
[2023-06-13T23:21:15.457+0000] {processor.py:836} INFO - DAG(s) dict_keys(['example_task_group']) retrieved from /home/airflow/.local/lib/python3.7/site-packages/airflow/example_dags/example_task_group.py
[2023-06-13T23:21:15.534+0000] {logging_mixin.py:149} INFO - [2023-06-13T23:21:15.533+0000] {dag.py:2726} INFO - Sync 1 DAGs
[2023-06-13T23:21:15.615+0000] {logging_mixin.py:149} INFO - [2023-06-13T23:21:15.614+0000] {dag.py:3490} INFO - Setting next_dagrun for example_task_group to 2023-06-12T23:21:15.614107+00:00, run_after=2023-06-13T23:21:15.614107+00:00
[2023-06-13T23:21:15.696+0000] {processor.py:179} INFO - Processing /home/airflow/.local/lib/python3.7/site-packages/airflow/example_dags/example_task_group.py took 0.263 seconds
[2023-06-13T23:21:45.914+0000] {processor.py:157} INFO - Started process (PID=13193) to work on /home/airflow/.local/lib/python3.7/site-packages/airflow/example_dags/example_task_group.py
[2023-06-13T23:21:45.916+0000] {processor.py:826} INFO - Processing file /home/airflow/.local/lib/python3.7/site-packages/airflow/example_dags/example_task_group.py for tasks to queue
[2023-06-13T23:21:45.918+0000] {logging_mixin.py:149} INFO - [2023-06-13T23:21:45.918+0000] {dagbag.py:541} INFO - Filling up the DagBag from /home/airflow/.local/lib/python3.7/site-packages/airflow/example_dags/example_task_group.py
[2023-06-13T23:21:45.939+0000] {processor.py:836} INFO - DAG(s) dict_keys(['example_task_group']) retrieved from /home/airflow/.local/lib/python3.7/site-packages/airflow/example_dags/example_task_group.py
[2023-06-13T23:21:46.015+0000] {logging_mixin.py:149} INFO - [2023-06-13T23:21:46.014+0000] {dag.py:2726} INFO - Sync 1 DAGs
[2023-06-13T23:21:46.076+0000] {logging_mixin.py:149} INFO - [2023-06-13T23:21:46.076+0000] {dag.py:3490} INFO - Setting next_dagrun for example_task_group to 2023-06-12T23:21:46.075556+00:00, run_after=2023-06-13T23:21:46.075556+00:00
[2023-06-13T23:21:46.139+0000] {processor.py:179} INFO - Processing /home/airflow/.local/lib/python3.7/site-packages/airflow/example_dags/example_task_group.py took 0.230 seconds
[2023-06-13T23:22:16.313+0000] {processor.py:157} INFO - Started process (PID=13433) to work on /home/airflow/.local/lib/python3.7/site-packages/airflow/example_dags/example_task_group.py
[2023-06-13T23:22:16.315+0000] {processor.py:826} INFO - Processing file /home/airflow/.local/lib/python3.7/site-packages/airflow/example_dags/example_task_group.py for tasks to queue
[2023-06-13T23:22:16.316+0000] {logging_mixin.py:149} INFO - [2023-06-13T23:22:16.316+0000] {dagbag.py:541} INFO - Filling up the DagBag from /home/airflow/.local/lib/python3.7/site-packages/airflow/example_dags/example_task_group.py
[2023-06-13T23:22:16.325+0000] {processor.py:836} INFO - DAG(s) dict_keys(['example_task_group']) retrieved from /home/airflow/.local/lib/python3.7/site-packages/airflow/example_dags/example_task_group.py
[2023-06-13T23:22:16.377+0000] {logging_mixin.py:149} INFO - [2023-06-13T23:22:16.377+0000] {dag.py:2726} INFO - Sync 1 DAGs
[2023-06-13T23:22:16.422+0000] {logging_mixin.py:149} INFO - [2023-06-13T23:22:16.422+0000] {dag.py:3490} INFO - Setting next_dagrun for example_task_group to 2023-06-12T23:22:16.421871+00:00, run_after=2023-06-13T23:22:16.421871+00:00
[2023-06-13T23:22:16.463+0000] {processor.py:179} INFO - Processing /home/airflow/.local/lib/python3.7/site-packages/airflow/example_dags/example_task_group.py took 0.154 seconds
[2023-06-13T23:22:46.640+0000] {processor.py:157} INFO - Started process (PID=13673) to work on /home/airflow/.local/lib/python3.7/site-packages/airflow/example_dags/example_task_group.py
[2023-06-13T23:22:46.641+0000] {processor.py:826} INFO - Processing file /home/airflow/.local/lib/python3.7/site-packages/airflow/example_dags/example_task_group.py for tasks to queue
[2023-06-13T23:22:46.641+0000] {logging_mixin.py:149} INFO - [2023-06-13T23:22:46.641+0000] {dagbag.py:541} INFO - Filling up the DagBag from /home/airflow/.local/lib/python3.7/site-packages/airflow/example_dags/example_task_group.py
[2023-06-13T23:22:46.650+0000] {processor.py:836} INFO - DAG(s) dict_keys(['example_task_group']) retrieved from /home/airflow/.local/lib/python3.7/site-packages/airflow/example_dags/example_task_group.py
[2023-06-13T23:22:46.690+0000] {logging_mixin.py:149} INFO - [2023-06-13T23:22:46.690+0000] {dag.py:2726} INFO - Sync 1 DAGs
[2023-06-13T23:22:46.732+0000] {logging_mixin.py:149} INFO - [2023-06-13T23:22:46.732+0000] {dag.py:3490} INFO - Setting next_dagrun for example_task_group to 2023-06-12T23:22:46.731721+00:00, run_after=2023-06-13T23:22:46.731721+00:00
[2023-06-13T23:22:46.767+0000] {processor.py:179} INFO - Processing /home/airflow/.local/lib/python3.7/site-packages/airflow/example_dags/example_task_group.py took 0.131 seconds
[2023-06-13T23:23:16.881+0000] {processor.py:157} INFO - Started process (PID=13913) to work on /home/airflow/.local/lib/python3.7/site-packages/airflow/example_dags/example_task_group.py
[2023-06-13T23:23:16.884+0000] {processor.py:826} INFO - Processing file /home/airflow/.local/lib/python3.7/site-packages/airflow/example_dags/example_task_group.py for tasks to queue
[2023-06-13T23:23:16.886+0000] {logging_mixin.py:149} INFO - [2023-06-13T23:23:16.886+0000] {dagbag.py:541} INFO - Filling up the DagBag from /home/airflow/.local/lib/python3.7/site-packages/airflow/example_dags/example_task_group.py
[2023-06-13T23:23:16.900+0000] {processor.py:836} INFO - DAG(s) dict_keys(['example_task_group']) retrieved from /home/airflow/.local/lib/python3.7/site-packages/airflow/example_dags/example_task_group.py
[2023-06-13T23:23:16.945+0000] {logging_mixin.py:149} INFO - [2023-06-13T23:23:16.945+0000] {dag.py:2726} INFO - Sync 1 DAGs
[2023-06-13T23:23:16.999+0000] {logging_mixin.py:149} INFO - [2023-06-13T23:23:16.998+0000] {dag.py:3490} INFO - Setting next_dagrun for example_task_group to 2023-06-12T23:23:16.998506+00:00, run_after=2023-06-13T23:23:16.998506+00:00
[2023-06-13T23:23:17.048+0000] {processor.py:179} INFO - Processing /home/airflow/.local/lib/python3.7/site-packages/airflow/example_dags/example_task_group.py took 0.172 seconds
[2023-06-13T23:23:47.258+0000] {processor.py:157} INFO - Started process (PID=14153) to work on /home/airflow/.local/lib/python3.7/site-packages/airflow/example_dags/example_task_group.py
[2023-06-13T23:23:47.259+0000] {processor.py:826} INFO - Processing file /home/airflow/.local/lib/python3.7/site-packages/airflow/example_dags/example_task_group.py for tasks to queue
[2023-06-13T23:23:47.260+0000] {logging_mixin.py:149} INFO - [2023-06-13T23:23:47.260+0000] {dagbag.py:541} INFO - Filling up the DagBag from /home/airflow/.local/lib/python3.7/site-packages/airflow/example_dags/example_task_group.py
[2023-06-13T23:23:47.271+0000] {processor.py:836} INFO - DAG(s) dict_keys(['example_task_group']) retrieved from /home/airflow/.local/lib/python3.7/site-packages/airflow/example_dags/example_task_group.py
[2023-06-13T23:23:47.322+0000] {logging_mixin.py:149} INFO - [2023-06-13T23:23:47.322+0000] {dag.py:2726} INFO - Sync 1 DAGs
[2023-06-13T23:23:47.374+0000] {logging_mixin.py:149} INFO - [2023-06-13T23:23:47.373+0000] {dag.py:3490} INFO - Setting next_dagrun for example_task_group to 2023-06-12T23:23:47.373088+00:00, run_after=2023-06-13T23:23:47.373088+00:00
[2023-06-13T23:23:47.418+0000] {processor.py:179} INFO - Processing /home/airflow/.local/lib/python3.7/site-packages/airflow/example_dags/example_task_group.py took 0.164 seconds
[2023-06-13T23:24:18.206+0000] {processor.py:157} INFO - Started process (PID=14393) to work on /home/airflow/.local/lib/python3.7/site-packages/airflow/example_dags/example_task_group.py
[2023-06-13T23:24:18.209+0000] {processor.py:826} INFO - Processing file /home/airflow/.local/lib/python3.7/site-packages/airflow/example_dags/example_task_group.py for tasks to queue
[2023-06-13T23:24:18.210+0000] {logging_mixin.py:149} INFO - [2023-06-13T23:24:18.210+0000] {dagbag.py:541} INFO - Filling up the DagBag from /home/airflow/.local/lib/python3.7/site-packages/airflow/example_dags/example_task_group.py
[2023-06-13T23:24:18.223+0000] {processor.py:836} INFO - DAG(s) dict_keys(['example_task_group']) retrieved from /home/airflow/.local/lib/python3.7/site-packages/airflow/example_dags/example_task_group.py
[2023-06-13T23:24:18.282+0000] {logging_mixin.py:149} INFO - [2023-06-13T23:24:18.282+0000] {dag.py:2726} INFO - Sync 1 DAGs
[2023-06-13T23:24:18.333+0000] {logging_mixin.py:149} INFO - [2023-06-13T23:24:18.332+0000] {dag.py:3490} INFO - Setting next_dagrun for example_task_group to 2023-06-12T23:24:18.332512+00:00, run_after=2023-06-13T23:24:18.332512+00:00
[2023-06-13T23:24:18.393+0000] {processor.py:179} INFO - Processing /home/airflow/.local/lib/python3.7/site-packages/airflow/example_dags/example_task_group.py took 0.193 seconds
[2023-06-13T23:24:48.776+0000] {processor.py:157} INFO - Started process (PID=14631) to work on /home/airflow/.local/lib/python3.7/site-packages/airflow/example_dags/example_task_group.py
[2023-06-13T23:24:48.778+0000] {processor.py:826} INFO - Processing file /home/airflow/.local/lib/python3.7/site-packages/airflow/example_dags/example_task_group.py for tasks to queue
[2023-06-13T23:24:48.779+0000] {logging_mixin.py:149} INFO - [2023-06-13T23:24:48.778+0000] {dagbag.py:541} INFO - Filling up the DagBag from /home/airflow/.local/lib/python3.7/site-packages/airflow/example_dags/example_task_group.py
[2023-06-13T23:24:48.791+0000] {processor.py:836} INFO - DAG(s) dict_keys(['example_task_group']) retrieved from /home/airflow/.local/lib/python3.7/site-packages/airflow/example_dags/example_task_group.py
[2023-06-13T23:24:48.843+0000] {logging_mixin.py:149} INFO - [2023-06-13T23:24:48.843+0000] {dag.py:2726} INFO - Sync 1 DAGs
[2023-06-13T23:24:48.892+0000] {logging_mixin.py:149} INFO - [2023-06-13T23:24:48.891+0000] {dag.py:3490} INFO - Setting next_dagrun for example_task_group to 2023-06-12T23:24:48.891093+00:00, run_after=2023-06-13T23:24:48.891093+00:00
[2023-06-13T23:24:48.944+0000] {processor.py:179} INFO - Processing /home/airflow/.local/lib/python3.7/site-packages/airflow/example_dags/example_task_group.py took 0.173 seconds
[2023-06-13T23:25:19.352+0000] {processor.py:157} INFO - Started process (PID=14873) to work on /home/airflow/.local/lib/python3.7/site-packages/airflow/example_dags/example_task_group.py
[2023-06-13T23:25:19.355+0000] {processor.py:826} INFO - Processing file /home/airflow/.local/lib/python3.7/site-packages/airflow/example_dags/example_task_group.py for tasks to queue
[2023-06-13T23:25:19.356+0000] {logging_mixin.py:149} INFO - [2023-06-13T23:25:19.356+0000] {dagbag.py:541} INFO - Filling up the DagBag from /home/airflow/.local/lib/python3.7/site-packages/airflow/example_dags/example_task_group.py
[2023-06-13T23:25:19.370+0000] {processor.py:836} INFO - DAG(s) dict_keys(['example_task_group']) retrieved from /home/airflow/.local/lib/python3.7/site-packages/airflow/example_dags/example_task_group.py
[2023-06-13T23:25:19.414+0000] {logging_mixin.py:149} INFO - [2023-06-13T23:25:19.414+0000] {dag.py:2726} INFO - Sync 1 DAGs
[2023-06-13T23:25:19.470+0000] {logging_mixin.py:149} INFO - [2023-06-13T23:25:19.470+0000] {dag.py:3490} INFO - Setting next_dagrun for example_task_group to 2023-06-12T23:25:19.469793+00:00, run_after=2023-06-13T23:25:19.469793+00:00
[2023-06-13T23:25:19.534+0000] {processor.py:179} INFO - Processing /home/airflow/.local/lib/python3.7/site-packages/airflow/example_dags/example_task_group.py took 0.187 seconds
[2023-06-13T23:25:50.265+0000] {processor.py:157} INFO - Started process (PID=15112) to work on /home/airflow/.local/lib/python3.7/site-packages/airflow/example_dags/example_task_group.py
[2023-06-13T23:25:50.267+0000] {processor.py:826} INFO - Processing file /home/airflow/.local/lib/python3.7/site-packages/airflow/example_dags/example_task_group.py for tasks to queue
[2023-06-13T23:25:50.268+0000] {logging_mixin.py:149} INFO - [2023-06-13T23:25:50.268+0000] {dagbag.py:541} INFO - Filling up the DagBag from /home/airflow/.local/lib/python3.7/site-packages/airflow/example_dags/example_task_group.py
[2023-06-13T23:25:50.282+0000] {processor.py:836} INFO - DAG(s) dict_keys(['example_task_group']) retrieved from /home/airflow/.local/lib/python3.7/site-packages/airflow/example_dags/example_task_group.py
[2023-06-13T23:25:50.338+0000] {logging_mixin.py:149} INFO - [2023-06-13T23:25:50.337+0000] {dag.py:2726} INFO - Sync 1 DAGs
[2023-06-13T23:25:50.386+0000] {logging_mixin.py:149} INFO - [2023-06-13T23:25:50.386+0000] {dag.py:3490} INFO - Setting next_dagrun for example_task_group to 2023-06-12T23:25:50.385769+00:00, run_after=2023-06-13T23:25:50.385769+00:00
[2023-06-13T23:25:50.435+0000] {processor.py:179} INFO - Processing /home/airflow/.local/lib/python3.7/site-packages/airflow/example_dags/example_task_group.py took 0.179 seconds
