[2023-06-13T22:54:06.505+0000] {processor.py:157} INFO - Started process (PID=178) to work on /home/airflow/.local/lib/python3.7/site-packages/airflow/example_dags/example_time_delta_sensor_async.py
[2023-06-13T22:54:06.507+0000] {processor.py:826} INFO - Processing file /home/airflow/.local/lib/python3.7/site-packages/airflow/example_dags/example_time_delta_sensor_async.py for tasks to queue
[2023-06-13T22:54:06.510+0000] {logging_mixin.py:149} INFO - [2023-06-13T22:54:06.509+0000] {dagbag.py:541} INFO - Filling up the DagBag from /home/airflow/.local/lib/python3.7/site-packages/airflow/example_dags/example_time_delta_sensor_async.py
[2023-06-13T22:54:06.524+0000] {processor.py:836} INFO - DAG(s) dict_keys(['example_time_delta_sensor_async']) retrieved from /home/airflow/.local/lib/python3.7/site-packages/airflow/example_dags/example_time_delta_sensor_async.py
[2023-06-13T22:54:06.621+0000] {logging_mixin.py:149} INFO - [2023-06-13T22:54:06.620+0000] {dag.py:2726} INFO - Sync 1 DAGs
[2023-06-13T22:54:06.683+0000] {logging_mixin.py:149} INFO - [2023-06-13T22:54:06.683+0000] {dag.py:3490} INFO - Setting next_dagrun for example_time_delta_sensor_async to None, run_after=None
[2023-06-13T22:54:06.749+0000] {processor.py:179} INFO - Processing /home/airflow/.local/lib/python3.7/site-packages/airflow/example_dags/example_time_delta_sensor_async.py took 0.251 seconds
[2023-06-13T22:54:37.083+0000] {processor.py:157} INFO - Started process (PID=412) to work on /home/airflow/.local/lib/python3.7/site-packages/airflow/example_dags/example_time_delta_sensor_async.py
[2023-06-13T22:54:37.095+0000] {processor.py:826} INFO - Processing file /home/airflow/.local/lib/python3.7/site-packages/airflow/example_dags/example_time_delta_sensor_async.py for tasks to queue
[2023-06-13T22:54:37.096+0000] {logging_mixin.py:149} INFO - [2023-06-13T22:54:37.096+0000] {dagbag.py:541} INFO - Filling up the DagBag from /home/airflow/.local/lib/python3.7/site-packages/airflow/example_dags/example_time_delta_sensor_async.py
[2023-06-13T22:54:37.101+0000] {processor.py:836} INFO - DAG(s) dict_keys(['example_time_delta_sensor_async']) retrieved from /home/airflow/.local/lib/python3.7/site-packages/airflow/example_dags/example_time_delta_sensor_async.py
[2023-06-13T22:54:37.180+0000] {logging_mixin.py:149} INFO - [2023-06-13T22:54:37.180+0000] {dag.py:2726} INFO - Sync 1 DAGs
[2023-06-13T22:54:37.252+0000] {logging_mixin.py:149} INFO - [2023-06-13T22:54:37.251+0000] {dag.py:3490} INFO - Setting next_dagrun for example_time_delta_sensor_async to None, run_after=None
[2023-06-13T22:54:37.331+0000] {processor.py:179} INFO - Processing /home/airflow/.local/lib/python3.7/site-packages/airflow/example_dags/example_time_delta_sensor_async.py took 0.255 seconds
[2023-06-13T22:55:07.442+0000] {processor.py:157} INFO - Started process (PID=650) to work on /home/airflow/.local/lib/python3.7/site-packages/airflow/example_dags/example_time_delta_sensor_async.py
[2023-06-13T22:55:07.445+0000] {processor.py:826} INFO - Processing file /home/airflow/.local/lib/python3.7/site-packages/airflow/example_dags/example_time_delta_sensor_async.py for tasks to queue
[2023-06-13T22:55:07.447+0000] {logging_mixin.py:149} INFO - [2023-06-13T22:55:07.446+0000] {dagbag.py:541} INFO - Filling up the DagBag from /home/airflow/.local/lib/python3.7/site-packages/airflow/example_dags/example_time_delta_sensor_async.py
[2023-06-13T22:55:07.453+0000] {processor.py:836} INFO - DAG(s) dict_keys(['example_time_delta_sensor_async']) retrieved from /home/airflow/.local/lib/python3.7/site-packages/airflow/example_dags/example_time_delta_sensor_async.py
[2023-06-13T22:55:07.720+0000] {logging_mixin.py:149} INFO - [2023-06-13T22:55:07.720+0000] {dag.py:2726} INFO - Sync 1 DAGs
[2023-06-13T22:55:07.768+0000] {logging_mixin.py:149} INFO - [2023-06-13T22:55:07.768+0000] {dag.py:3490} INFO - Setting next_dagrun for example_time_delta_sensor_async to None, run_after=None
[2023-06-13T22:55:07.833+0000] {processor.py:179} INFO - Processing /home/airflow/.local/lib/python3.7/site-packages/airflow/example_dags/example_time_delta_sensor_async.py took 0.397 seconds
[2023-06-13T22:55:38.262+0000] {processor.py:157} INFO - Started process (PID=899) to work on /home/airflow/.local/lib/python3.7/site-packages/airflow/example_dags/example_time_delta_sensor_async.py
[2023-06-13T22:55:38.265+0000] {processor.py:826} INFO - Processing file /home/airflow/.local/lib/python3.7/site-packages/airflow/example_dags/example_time_delta_sensor_async.py for tasks to queue
[2023-06-13T22:55:38.266+0000] {logging_mixin.py:149} INFO - [2023-06-13T22:55:38.265+0000] {dagbag.py:541} INFO - Filling up the DagBag from /home/airflow/.local/lib/python3.7/site-packages/airflow/example_dags/example_time_delta_sensor_async.py
[2023-06-13T22:55:38.272+0000] {processor.py:836} INFO - DAG(s) dict_keys(['example_time_delta_sensor_async']) retrieved from /home/airflow/.local/lib/python3.7/site-packages/airflow/example_dags/example_time_delta_sensor_async.py
[2023-06-13T22:55:38.350+0000] {logging_mixin.py:149} INFO - [2023-06-13T22:55:38.350+0000] {dag.py:2726} INFO - Sync 1 DAGs
[2023-06-13T22:55:38.425+0000] {logging_mixin.py:149} INFO - [2023-06-13T22:55:38.425+0000] {dag.py:3490} INFO - Setting next_dagrun for example_time_delta_sensor_async to None, run_after=None
[2023-06-13T22:55:38.492+0000] {processor.py:179} INFO - Processing /home/airflow/.local/lib/python3.7/site-packages/airflow/example_dags/example_time_delta_sensor_async.py took 0.240 seconds
[2023-06-13T22:56:09.242+0000] {processor.py:157} INFO - Started process (PID=1144) to work on /home/airflow/.local/lib/python3.7/site-packages/airflow/example_dags/example_time_delta_sensor_async.py
[2023-06-13T22:56:09.245+0000] {processor.py:826} INFO - Processing file /home/airflow/.local/lib/python3.7/site-packages/airflow/example_dags/example_time_delta_sensor_async.py for tasks to queue
[2023-06-13T22:56:09.246+0000] {logging_mixin.py:149} INFO - [2023-06-13T22:56:09.246+0000] {dagbag.py:541} INFO - Filling up the DagBag from /home/airflow/.local/lib/python3.7/site-packages/airflow/example_dags/example_time_delta_sensor_async.py
[2023-06-13T22:56:09.256+0000] {processor.py:836} INFO - DAG(s) dict_keys(['example_time_delta_sensor_async']) retrieved from /home/airflow/.local/lib/python3.7/site-packages/airflow/example_dags/example_time_delta_sensor_async.py
[2023-06-13T22:56:09.327+0000] {logging_mixin.py:149} INFO - [2023-06-13T22:56:09.326+0000] {dag.py:2726} INFO - Sync 1 DAGs
[2023-06-13T22:56:09.389+0000] {logging_mixin.py:149} INFO - [2023-06-13T22:56:09.388+0000] {dag.py:3490} INFO - Setting next_dagrun for example_time_delta_sensor_async to None, run_after=None
[2023-06-13T22:56:09.449+0000] {processor.py:179} INFO - Processing /home/airflow/.local/lib/python3.7/site-packages/airflow/example_dags/example_time_delta_sensor_async.py took 0.214 seconds
[2023-06-13T22:56:39.742+0000] {processor.py:157} INFO - Started process (PID=1383) to work on /home/airflow/.local/lib/python3.7/site-packages/airflow/example_dags/example_time_delta_sensor_async.py
[2023-06-13T22:56:39.744+0000] {processor.py:826} INFO - Processing file /home/airflow/.local/lib/python3.7/site-packages/airflow/example_dags/example_time_delta_sensor_async.py for tasks to queue
[2023-06-13T22:56:39.745+0000] {logging_mixin.py:149} INFO - [2023-06-13T22:56:39.745+0000] {dagbag.py:541} INFO - Filling up the DagBag from /home/airflow/.local/lib/python3.7/site-packages/airflow/example_dags/example_time_delta_sensor_async.py
[2023-06-13T22:56:39.754+0000] {processor.py:836} INFO - DAG(s) dict_keys(['example_time_delta_sensor_async']) retrieved from /home/airflow/.local/lib/python3.7/site-packages/airflow/example_dags/example_time_delta_sensor_async.py
[2023-06-13T22:56:39.806+0000] {logging_mixin.py:149} INFO - [2023-06-13T22:56:39.805+0000] {dag.py:2726} INFO - Sync 1 DAGs
[2023-06-13T22:56:39.858+0000] {logging_mixin.py:149} INFO - [2023-06-13T22:56:39.858+0000] {dag.py:3490} INFO - Setting next_dagrun for example_time_delta_sensor_async to None, run_after=None
[2023-06-13T22:56:39.905+0000] {processor.py:179} INFO - Processing /home/airflow/.local/lib/python3.7/site-packages/airflow/example_dags/example_time_delta_sensor_async.py took 0.171 seconds
[2023-06-13T22:57:10.235+0000] {processor.py:157} INFO - Started process (PID=1623) to work on /home/airflow/.local/lib/python3.7/site-packages/airflow/example_dags/example_time_delta_sensor_async.py
[2023-06-13T22:57:10.237+0000] {processor.py:826} INFO - Processing file /home/airflow/.local/lib/python3.7/site-packages/airflow/example_dags/example_time_delta_sensor_async.py for tasks to queue
[2023-06-13T22:57:10.237+0000] {logging_mixin.py:149} INFO - [2023-06-13T22:57:10.237+0000] {dagbag.py:541} INFO - Filling up the DagBag from /home/airflow/.local/lib/python3.7/site-packages/airflow/example_dags/example_time_delta_sensor_async.py
[2023-06-13T22:57:10.244+0000] {processor.py:836} INFO - DAG(s) dict_keys(['example_time_delta_sensor_async']) retrieved from /home/airflow/.local/lib/python3.7/site-packages/airflow/example_dags/example_time_delta_sensor_async.py
[2023-06-13T22:57:10.321+0000] {logging_mixin.py:149} INFO - [2023-06-13T22:57:10.321+0000] {dag.py:2726} INFO - Sync 1 DAGs
[2023-06-13T22:57:10.390+0000] {logging_mixin.py:149} INFO - [2023-06-13T22:57:10.390+0000] {dag.py:3490} INFO - Setting next_dagrun for example_time_delta_sensor_async to None, run_after=None
[2023-06-13T22:57:10.458+0000] {processor.py:179} INFO - Processing /home/airflow/.local/lib/python3.7/site-packages/airflow/example_dags/example_time_delta_sensor_async.py took 0.228 seconds
[2023-06-13T22:57:41.124+0000] {processor.py:157} INFO - Started process (PID=1863) to work on /home/airflow/.local/lib/python3.7/site-packages/airflow/example_dags/example_time_delta_sensor_async.py
[2023-06-13T22:57:41.128+0000] {processor.py:826} INFO - Processing file /home/airflow/.local/lib/python3.7/site-packages/airflow/example_dags/example_time_delta_sensor_async.py for tasks to queue
[2023-06-13T22:57:41.130+0000] {logging_mixin.py:149} INFO - [2023-06-13T22:57:41.129+0000] {dagbag.py:541} INFO - Filling up the DagBag from /home/airflow/.local/lib/python3.7/site-packages/airflow/example_dags/example_time_delta_sensor_async.py
[2023-06-13T22:57:41.141+0000] {processor.py:836} INFO - DAG(s) dict_keys(['example_time_delta_sensor_async']) retrieved from /home/airflow/.local/lib/python3.7/site-packages/airflow/example_dags/example_time_delta_sensor_async.py
[2023-06-13T22:57:41.196+0000] {logging_mixin.py:149} INFO - [2023-06-13T22:57:41.195+0000] {dag.py:2726} INFO - Sync 1 DAGs
[2023-06-13T22:57:41.233+0000] {logging_mixin.py:149} INFO - [2023-06-13T22:57:41.233+0000] {dag.py:3490} INFO - Setting next_dagrun for example_time_delta_sensor_async to None, run_after=None
[2023-06-13T22:57:41.275+0000] {processor.py:179} INFO - Processing /home/airflow/.local/lib/python3.7/site-packages/airflow/example_dags/example_time_delta_sensor_async.py took 0.157 seconds
[2023-06-13T22:58:12.001+0000] {processor.py:157} INFO - Started process (PID=2103) to work on /home/airflow/.local/lib/python3.7/site-packages/airflow/example_dags/example_time_delta_sensor_async.py
[2023-06-13T22:58:12.004+0000] {processor.py:826} INFO - Processing file /home/airflow/.local/lib/python3.7/site-packages/airflow/example_dags/example_time_delta_sensor_async.py for tasks to queue
[2023-06-13T22:58:12.005+0000] {logging_mixin.py:149} INFO - [2023-06-13T22:58:12.005+0000] {dagbag.py:541} INFO - Filling up the DagBag from /home/airflow/.local/lib/python3.7/site-packages/airflow/example_dags/example_time_delta_sensor_async.py
[2023-06-13T22:58:12.012+0000] {processor.py:836} INFO - DAG(s) dict_keys(['example_time_delta_sensor_async']) retrieved from /home/airflow/.local/lib/python3.7/site-packages/airflow/example_dags/example_time_delta_sensor_async.py
[2023-06-13T22:58:12.072+0000] {logging_mixin.py:149} INFO - [2023-06-13T22:58:12.071+0000] {dag.py:2726} INFO - Sync 1 DAGs
[2023-06-13T22:58:12.124+0000] {logging_mixin.py:149} INFO - [2023-06-13T22:58:12.123+0000] {dag.py:3490} INFO - Setting next_dagrun for example_time_delta_sensor_async to None, run_after=None
[2023-06-13T22:58:12.184+0000] {processor.py:179} INFO - Processing /home/airflow/.local/lib/python3.7/site-packages/airflow/example_dags/example_time_delta_sensor_async.py took 0.188 seconds
[2023-06-13T22:58:42.259+0000] {processor.py:157} INFO - Started process (PID=2340) to work on /home/airflow/.local/lib/python3.7/site-packages/airflow/example_dags/example_time_delta_sensor_async.py
[2023-06-13T22:58:42.262+0000] {processor.py:826} INFO - Processing file /home/airflow/.local/lib/python3.7/site-packages/airflow/example_dags/example_time_delta_sensor_async.py for tasks to queue
[2023-06-13T22:58:42.264+0000] {logging_mixin.py:149} INFO - [2023-06-13T22:58:42.263+0000] {dagbag.py:541} INFO - Filling up the DagBag from /home/airflow/.local/lib/python3.7/site-packages/airflow/example_dags/example_time_delta_sensor_async.py
[2023-06-13T22:58:42.270+0000] {processor.py:836} INFO - DAG(s) dict_keys(['example_time_delta_sensor_async']) retrieved from /home/airflow/.local/lib/python3.7/site-packages/airflow/example_dags/example_time_delta_sensor_async.py
[2023-06-13T22:58:42.328+0000] {logging_mixin.py:149} INFO - [2023-06-13T22:58:42.328+0000] {dag.py:2726} INFO - Sync 1 DAGs
[2023-06-13T22:58:42.377+0000] {logging_mixin.py:149} INFO - [2023-06-13T22:58:42.376+0000] {dag.py:3490} INFO - Setting next_dagrun for example_time_delta_sensor_async to None, run_after=None
[2023-06-13T22:58:42.439+0000] {processor.py:179} INFO - Processing /home/airflow/.local/lib/python3.7/site-packages/airflow/example_dags/example_time_delta_sensor_async.py took 0.186 seconds
[2023-06-13T22:59:13.213+0000] {processor.py:157} INFO - Started process (PID=2583) to work on /home/airflow/.local/lib/python3.7/site-packages/airflow/example_dags/example_time_delta_sensor_async.py
[2023-06-13T22:59:13.217+0000] {processor.py:826} INFO - Processing file /home/airflow/.local/lib/python3.7/site-packages/airflow/example_dags/example_time_delta_sensor_async.py for tasks to queue
[2023-06-13T22:59:13.218+0000] {logging_mixin.py:149} INFO - [2023-06-13T22:59:13.218+0000] {dagbag.py:541} INFO - Filling up the DagBag from /home/airflow/.local/lib/python3.7/site-packages/airflow/example_dags/example_time_delta_sensor_async.py
[2023-06-13T22:59:13.227+0000] {processor.py:836} INFO - DAG(s) dict_keys(['example_time_delta_sensor_async']) retrieved from /home/airflow/.local/lib/python3.7/site-packages/airflow/example_dags/example_time_delta_sensor_async.py
[2023-06-13T22:59:13.296+0000] {logging_mixin.py:149} INFO - [2023-06-13T22:59:13.295+0000] {dag.py:2726} INFO - Sync 1 DAGs
[2023-06-13T22:59:13.367+0000] {logging_mixin.py:149} INFO - [2023-06-13T22:59:13.367+0000] {dag.py:3490} INFO - Setting next_dagrun for example_time_delta_sensor_async to None, run_after=None
[2023-06-13T22:59:13.442+0000] {processor.py:179} INFO - Processing /home/airflow/.local/lib/python3.7/site-packages/airflow/example_dags/example_time_delta_sensor_async.py took 0.236 seconds
[2023-06-13T22:59:43.734+0000] {processor.py:157} INFO - Started process (PID=2823) to work on /home/airflow/.local/lib/python3.7/site-packages/airflow/example_dags/example_time_delta_sensor_async.py
[2023-06-13T22:59:43.737+0000] {processor.py:826} INFO - Processing file /home/airflow/.local/lib/python3.7/site-packages/airflow/example_dags/example_time_delta_sensor_async.py for tasks to queue
[2023-06-13T22:59:43.738+0000] {logging_mixin.py:149} INFO - [2023-06-13T22:59:43.737+0000] {dagbag.py:541} INFO - Filling up the DagBag from /home/airflow/.local/lib/python3.7/site-packages/airflow/example_dags/example_time_delta_sensor_async.py
[2023-06-13T22:59:43.747+0000] {processor.py:836} INFO - DAG(s) dict_keys(['example_time_delta_sensor_async']) retrieved from /home/airflow/.local/lib/python3.7/site-packages/airflow/example_dags/example_time_delta_sensor_async.py
[2023-06-13T22:59:43.843+0000] {logging_mixin.py:149} INFO - [2023-06-13T22:59:43.842+0000] {dag.py:2726} INFO - Sync 1 DAGs
[2023-06-13T22:59:43.912+0000] {logging_mixin.py:149} INFO - [2023-06-13T22:59:43.911+0000] {dag.py:3490} INFO - Setting next_dagrun for example_time_delta_sensor_async to None, run_after=None
[2023-06-13T22:59:43.980+0000] {processor.py:179} INFO - Processing /home/airflow/.local/lib/python3.7/site-packages/airflow/example_dags/example_time_delta_sensor_async.py took 0.252 seconds
[2023-06-13T23:00:14.150+0000] {processor.py:157} INFO - Started process (PID=3063) to work on /home/airflow/.local/lib/python3.7/site-packages/airflow/example_dags/example_time_delta_sensor_async.py
[2023-06-13T23:00:14.153+0000] {processor.py:826} INFO - Processing file /home/airflow/.local/lib/python3.7/site-packages/airflow/example_dags/example_time_delta_sensor_async.py for tasks to queue
[2023-06-13T23:00:14.154+0000] {logging_mixin.py:149} INFO - [2023-06-13T23:00:14.154+0000] {dagbag.py:541} INFO - Filling up the DagBag from /home/airflow/.local/lib/python3.7/site-packages/airflow/example_dags/example_time_delta_sensor_async.py
[2023-06-13T23:00:14.163+0000] {processor.py:836} INFO - DAG(s) dict_keys(['example_time_delta_sensor_async']) retrieved from /home/airflow/.local/lib/python3.7/site-packages/airflow/example_dags/example_time_delta_sensor_async.py
[2023-06-13T23:00:14.228+0000] {logging_mixin.py:149} INFO - [2023-06-13T23:00:14.228+0000] {dag.py:2726} INFO - Sync 1 DAGs
[2023-06-13T23:00:14.281+0000] {logging_mixin.py:149} INFO - [2023-06-13T23:00:14.281+0000] {dag.py:3490} INFO - Setting next_dagrun for example_time_delta_sensor_async to None, run_after=None
[2023-06-13T23:00:14.342+0000] {processor.py:179} INFO - Processing /home/airflow/.local/lib/python3.7/site-packages/airflow/example_dags/example_time_delta_sensor_async.py took 0.197 seconds
[2023-06-13T23:00:45.178+0000] {processor.py:157} INFO - Started process (PID=3303) to work on /home/airflow/.local/lib/python3.7/site-packages/airflow/example_dags/example_time_delta_sensor_async.py
[2023-06-13T23:00:45.182+0000] {processor.py:826} INFO - Processing file /home/airflow/.local/lib/python3.7/site-packages/airflow/example_dags/example_time_delta_sensor_async.py for tasks to queue
[2023-06-13T23:00:45.183+0000] {logging_mixin.py:149} INFO - [2023-06-13T23:00:45.183+0000] {dagbag.py:541} INFO - Filling up the DagBag from /home/airflow/.local/lib/python3.7/site-packages/airflow/example_dags/example_time_delta_sensor_async.py
[2023-06-13T23:00:45.193+0000] {processor.py:836} INFO - DAG(s) dict_keys(['example_time_delta_sensor_async']) retrieved from /home/airflow/.local/lib/python3.7/site-packages/airflow/example_dags/example_time_delta_sensor_async.py
[2023-06-13T23:00:45.263+0000] {logging_mixin.py:149} INFO - [2023-06-13T23:00:45.262+0000] {dag.py:2726} INFO - Sync 1 DAGs
[2023-06-13T23:00:45.325+0000] {logging_mixin.py:149} INFO - [2023-06-13T23:00:45.325+0000] {dag.py:3490} INFO - Setting next_dagrun for example_time_delta_sensor_async to None, run_after=None
[2023-06-13T23:00:45.377+0000] {processor.py:179} INFO - Processing /home/airflow/.local/lib/python3.7/site-packages/airflow/example_dags/example_time_delta_sensor_async.py took 0.206 seconds
[2023-06-13T23:01:16.221+0000] {processor.py:157} INFO - Started process (PID=3543) to work on /home/airflow/.local/lib/python3.7/site-packages/airflow/example_dags/example_time_delta_sensor_async.py
[2023-06-13T23:01:16.224+0000] {processor.py:826} INFO - Processing file /home/airflow/.local/lib/python3.7/site-packages/airflow/example_dags/example_time_delta_sensor_async.py for tasks to queue
[2023-06-13T23:01:16.225+0000] {logging_mixin.py:149} INFO - [2023-06-13T23:01:16.225+0000] {dagbag.py:541} INFO - Filling up the DagBag from /home/airflow/.local/lib/python3.7/site-packages/airflow/example_dags/example_time_delta_sensor_async.py
[2023-06-13T23:01:16.238+0000] {processor.py:836} INFO - DAG(s) dict_keys(['example_time_delta_sensor_async']) retrieved from /home/airflow/.local/lib/python3.7/site-packages/airflow/example_dags/example_time_delta_sensor_async.py
[2023-06-13T23:01:16.324+0000] {logging_mixin.py:149} INFO - [2023-06-13T23:01:16.323+0000] {dag.py:2726} INFO - Sync 1 DAGs
[2023-06-13T23:01:16.389+0000] {logging_mixin.py:149} INFO - [2023-06-13T23:01:16.389+0000] {dag.py:3490} INFO - Setting next_dagrun for example_time_delta_sensor_async to None, run_after=None
[2023-06-13T23:01:16.451+0000] {processor.py:179} INFO - Processing /home/airflow/.local/lib/python3.7/site-packages/airflow/example_dags/example_time_delta_sensor_async.py took 0.243 seconds
[2023-06-13T23:01:46.642+0000] {processor.py:157} INFO - Started process (PID=3783) to work on /home/airflow/.local/lib/python3.7/site-packages/airflow/example_dags/example_time_delta_sensor_async.py
[2023-06-13T23:01:46.646+0000] {processor.py:826} INFO - Processing file /home/airflow/.local/lib/python3.7/site-packages/airflow/example_dags/example_time_delta_sensor_async.py for tasks to queue
[2023-06-13T23:01:46.648+0000] {logging_mixin.py:149} INFO - [2023-06-13T23:01:46.647+0000] {dagbag.py:541} INFO - Filling up the DagBag from /home/airflow/.local/lib/python3.7/site-packages/airflow/example_dags/example_time_delta_sensor_async.py
[2023-06-13T23:01:46.656+0000] {processor.py:836} INFO - DAG(s) dict_keys(['example_time_delta_sensor_async']) retrieved from /home/airflow/.local/lib/python3.7/site-packages/airflow/example_dags/example_time_delta_sensor_async.py
[2023-06-13T23:01:46.720+0000] {logging_mixin.py:149} INFO - [2023-06-13T23:01:46.719+0000] {dag.py:2726} INFO - Sync 1 DAGs
[2023-06-13T23:01:46.773+0000] {logging_mixin.py:149} INFO - [2023-06-13T23:01:46.773+0000] {dag.py:3490} INFO - Setting next_dagrun for example_time_delta_sensor_async to None, run_after=None
[2023-06-13T23:01:46.818+0000] {processor.py:179} INFO - Processing /home/airflow/.local/lib/python3.7/site-packages/airflow/example_dags/example_time_delta_sensor_async.py took 0.183 seconds
[2023-06-13T23:02:17.074+0000] {processor.py:157} INFO - Started process (PID=4024) to work on /home/airflow/.local/lib/python3.7/site-packages/airflow/example_dags/example_time_delta_sensor_async.py
[2023-06-13T23:02:17.078+0000] {processor.py:826} INFO - Processing file /home/airflow/.local/lib/python3.7/site-packages/airflow/example_dags/example_time_delta_sensor_async.py for tasks to queue
[2023-06-13T23:02:17.082+0000] {logging_mixin.py:149} INFO - [2023-06-13T23:02:17.080+0000] {dagbag.py:541} INFO - Filling up the DagBag from /home/airflow/.local/lib/python3.7/site-packages/airflow/example_dags/example_time_delta_sensor_async.py
[2023-06-13T23:02:17.092+0000] {processor.py:836} INFO - DAG(s) dict_keys(['example_time_delta_sensor_async']) retrieved from /home/airflow/.local/lib/python3.7/site-packages/airflow/example_dags/example_time_delta_sensor_async.py
[2023-06-13T23:02:17.165+0000] {logging_mixin.py:149} INFO - [2023-06-13T23:02:17.164+0000] {dag.py:2726} INFO - Sync 1 DAGs
[2023-06-13T23:02:17.227+0000] {logging_mixin.py:149} INFO - [2023-06-13T23:02:17.226+0000] {dag.py:3490} INFO - Setting next_dagrun for example_time_delta_sensor_async to None, run_after=None
[2023-06-13T23:02:17.281+0000] {processor.py:179} INFO - Processing /home/airflow/.local/lib/python3.7/site-packages/airflow/example_dags/example_time_delta_sensor_async.py took 0.213 seconds
[2023-06-13T23:02:47.895+0000] {processor.py:157} INFO - Started process (PID=4264) to work on /home/airflow/.local/lib/python3.7/site-packages/airflow/example_dags/example_time_delta_sensor_async.py
[2023-06-13T23:02:47.898+0000] {processor.py:826} INFO - Processing file /home/airflow/.local/lib/python3.7/site-packages/airflow/example_dags/example_time_delta_sensor_async.py for tasks to queue
[2023-06-13T23:02:47.899+0000] {logging_mixin.py:149} INFO - [2023-06-13T23:02:47.899+0000] {dagbag.py:541} INFO - Filling up the DagBag from /home/airflow/.local/lib/python3.7/site-packages/airflow/example_dags/example_time_delta_sensor_async.py
[2023-06-13T23:02:47.905+0000] {processor.py:836} INFO - DAG(s) dict_keys(['example_time_delta_sensor_async']) retrieved from /home/airflow/.local/lib/python3.7/site-packages/airflow/example_dags/example_time_delta_sensor_async.py
[2023-06-13T23:02:47.965+0000] {logging_mixin.py:149} INFO - [2023-06-13T23:02:47.965+0000] {dag.py:2726} INFO - Sync 1 DAGs
[2023-06-13T23:02:48.017+0000] {logging_mixin.py:149} INFO - [2023-06-13T23:02:48.017+0000] {dag.py:3490} INFO - Setting next_dagrun for example_time_delta_sensor_async to None, run_after=None
[2023-06-13T23:02:48.076+0000] {processor.py:179} INFO - Processing /home/airflow/.local/lib/python3.7/site-packages/airflow/example_dags/example_time_delta_sensor_async.py took 0.186 seconds
[2023-06-13T23:03:18.541+0000] {processor.py:157} INFO - Started process (PID=4503) to work on /home/airflow/.local/lib/python3.7/site-packages/airflow/example_dags/example_time_delta_sensor_async.py
[2023-06-13T23:03:18.543+0000] {processor.py:826} INFO - Processing file /home/airflow/.local/lib/python3.7/site-packages/airflow/example_dags/example_time_delta_sensor_async.py for tasks to queue
[2023-06-13T23:03:18.545+0000] {logging_mixin.py:149} INFO - [2023-06-13T23:03:18.544+0000] {dagbag.py:541} INFO - Filling up the DagBag from /home/airflow/.local/lib/python3.7/site-packages/airflow/example_dags/example_time_delta_sensor_async.py
[2023-06-13T23:03:18.552+0000] {processor.py:836} INFO - DAG(s) dict_keys(['example_time_delta_sensor_async']) retrieved from /home/airflow/.local/lib/python3.7/site-packages/airflow/example_dags/example_time_delta_sensor_async.py
[2023-06-13T23:03:18.597+0000] {logging_mixin.py:149} INFO - [2023-06-13T23:03:18.596+0000] {dag.py:2726} INFO - Sync 1 DAGs
[2023-06-13T23:03:18.640+0000] {logging_mixin.py:149} INFO - [2023-06-13T23:03:18.640+0000] {dag.py:3490} INFO - Setting next_dagrun for example_time_delta_sensor_async to None, run_after=None
[2023-06-13T23:03:18.690+0000] {processor.py:179} INFO - Processing /home/airflow/.local/lib/python3.7/site-packages/airflow/example_dags/example_time_delta_sensor_async.py took 0.154 seconds
[2023-06-13T23:03:48.810+0000] {processor.py:157} INFO - Started process (PID=4740) to work on /home/airflow/.local/lib/python3.7/site-packages/airflow/example_dags/example_time_delta_sensor_async.py
[2023-06-13T23:03:48.812+0000] {processor.py:826} INFO - Processing file /home/airflow/.local/lib/python3.7/site-packages/airflow/example_dags/example_time_delta_sensor_async.py for tasks to queue
[2023-06-13T23:03:48.813+0000] {logging_mixin.py:149} INFO - [2023-06-13T23:03:48.813+0000] {dagbag.py:541} INFO - Filling up the DagBag from /home/airflow/.local/lib/python3.7/site-packages/airflow/example_dags/example_time_delta_sensor_async.py
[2023-06-13T23:03:48.820+0000] {processor.py:836} INFO - DAG(s) dict_keys(['example_time_delta_sensor_async']) retrieved from /home/airflow/.local/lib/python3.7/site-packages/airflow/example_dags/example_time_delta_sensor_async.py
[2023-06-13T23:03:48.866+0000] {logging_mixin.py:149} INFO - [2023-06-13T23:03:48.866+0000] {dag.py:2726} INFO - Sync 1 DAGs
[2023-06-13T23:03:48.906+0000] {logging_mixin.py:149} INFO - [2023-06-13T23:03:48.906+0000] {dag.py:3490} INFO - Setting next_dagrun for example_time_delta_sensor_async to None, run_after=None
[2023-06-13T23:03:48.954+0000] {processor.py:179} INFO - Processing /home/airflow/.local/lib/python3.7/site-packages/airflow/example_dags/example_time_delta_sensor_async.py took 0.149 seconds
[2023-06-13T23:04:19.048+0000] {processor.py:157} INFO - Started process (PID=4980) to work on /home/airflow/.local/lib/python3.7/site-packages/airflow/example_dags/example_time_delta_sensor_async.py
[2023-06-13T23:04:19.050+0000] {processor.py:826} INFO - Processing file /home/airflow/.local/lib/python3.7/site-packages/airflow/example_dags/example_time_delta_sensor_async.py for tasks to queue
[2023-06-13T23:04:19.051+0000] {logging_mixin.py:149} INFO - [2023-06-13T23:04:19.051+0000] {dagbag.py:541} INFO - Filling up the DagBag from /home/airflow/.local/lib/python3.7/site-packages/airflow/example_dags/example_time_delta_sensor_async.py
[2023-06-13T23:04:19.059+0000] {processor.py:836} INFO - DAG(s) dict_keys(['example_time_delta_sensor_async']) retrieved from /home/airflow/.local/lib/python3.7/site-packages/airflow/example_dags/example_time_delta_sensor_async.py
[2023-06-13T23:04:19.109+0000] {logging_mixin.py:149} INFO - [2023-06-13T23:04:19.108+0000] {dag.py:2726} INFO - Sync 1 DAGs
[2023-06-13T23:04:19.149+0000] {logging_mixin.py:149} INFO - [2023-06-13T23:04:19.149+0000] {dag.py:3490} INFO - Setting next_dagrun for example_time_delta_sensor_async to None, run_after=None
[2023-06-13T23:04:19.193+0000] {processor.py:179} INFO - Processing /home/airflow/.local/lib/python3.7/site-packages/airflow/example_dags/example_time_delta_sensor_async.py took 0.151 seconds
[2023-06-13T23:04:49.630+0000] {processor.py:157} INFO - Started process (PID=5220) to work on /home/airflow/.local/lib/python3.7/site-packages/airflow/example_dags/example_time_delta_sensor_async.py
[2023-06-13T23:04:49.632+0000] {processor.py:826} INFO - Processing file /home/airflow/.local/lib/python3.7/site-packages/airflow/example_dags/example_time_delta_sensor_async.py for tasks to queue
[2023-06-13T23:04:49.633+0000] {logging_mixin.py:149} INFO - [2023-06-13T23:04:49.633+0000] {dagbag.py:541} INFO - Filling up the DagBag from /home/airflow/.local/lib/python3.7/site-packages/airflow/example_dags/example_time_delta_sensor_async.py
[2023-06-13T23:04:49.640+0000] {processor.py:836} INFO - DAG(s) dict_keys(['example_time_delta_sensor_async']) retrieved from /home/airflow/.local/lib/python3.7/site-packages/airflow/example_dags/example_time_delta_sensor_async.py
[2023-06-13T23:04:49.708+0000] {logging_mixin.py:149} INFO - [2023-06-13T23:04:49.708+0000] {dag.py:2726} INFO - Sync 1 DAGs
[2023-06-13T23:04:49.762+0000] {logging_mixin.py:149} INFO - [2023-06-13T23:04:49.762+0000] {dag.py:3490} INFO - Setting next_dagrun for example_time_delta_sensor_async to None, run_after=None
[2023-06-13T23:04:49.818+0000] {processor.py:179} INFO - Processing /home/airflow/.local/lib/python3.7/site-packages/airflow/example_dags/example_time_delta_sensor_async.py took 0.194 seconds
[2023-06-13T23:05:20.192+0000] {processor.py:157} INFO - Started process (PID=5460) to work on /home/airflow/.local/lib/python3.7/site-packages/airflow/example_dags/example_time_delta_sensor_async.py
[2023-06-13T23:05:20.194+0000] {processor.py:826} INFO - Processing file /home/airflow/.local/lib/python3.7/site-packages/airflow/example_dags/example_time_delta_sensor_async.py for tasks to queue
[2023-06-13T23:05:20.196+0000] {logging_mixin.py:149} INFO - [2023-06-13T23:05:20.196+0000] {dagbag.py:541} INFO - Filling up the DagBag from /home/airflow/.local/lib/python3.7/site-packages/airflow/example_dags/example_time_delta_sensor_async.py
[2023-06-13T23:05:20.203+0000] {processor.py:836} INFO - DAG(s) dict_keys(['example_time_delta_sensor_async']) retrieved from /home/airflow/.local/lib/python3.7/site-packages/airflow/example_dags/example_time_delta_sensor_async.py
[2023-06-13T23:05:20.259+0000] {logging_mixin.py:149} INFO - [2023-06-13T23:05:20.259+0000] {dag.py:2726} INFO - Sync 1 DAGs
[2023-06-13T23:05:20.318+0000] {logging_mixin.py:149} INFO - [2023-06-13T23:05:20.318+0000] {dag.py:3490} INFO - Setting next_dagrun for example_time_delta_sensor_async to None, run_after=None
[2023-06-13T23:05:20.372+0000] {processor.py:179} INFO - Processing /home/airflow/.local/lib/python3.7/site-packages/airflow/example_dags/example_time_delta_sensor_async.py took 0.183 seconds
[2023-06-13T23:05:50.966+0000] {processor.py:157} INFO - Started process (PID=5700) to work on /home/airflow/.local/lib/python3.7/site-packages/airflow/example_dags/example_time_delta_sensor_async.py
[2023-06-13T23:05:50.968+0000] {processor.py:826} INFO - Processing file /home/airflow/.local/lib/python3.7/site-packages/airflow/example_dags/example_time_delta_sensor_async.py for tasks to queue
[2023-06-13T23:05:50.970+0000] {logging_mixin.py:149} INFO - [2023-06-13T23:05:50.970+0000] {dagbag.py:541} INFO - Filling up the DagBag from /home/airflow/.local/lib/python3.7/site-packages/airflow/example_dags/example_time_delta_sensor_async.py
[2023-06-13T23:05:50.979+0000] {processor.py:836} INFO - DAG(s) dict_keys(['example_time_delta_sensor_async']) retrieved from /home/airflow/.local/lib/python3.7/site-packages/airflow/example_dags/example_time_delta_sensor_async.py
[2023-06-13T23:05:51.029+0000] {logging_mixin.py:149} INFO - [2023-06-13T23:05:51.029+0000] {dag.py:2726} INFO - Sync 1 DAGs
[2023-06-13T23:05:51.078+0000] {logging_mixin.py:149} INFO - [2023-06-13T23:05:51.078+0000] {dag.py:3490} INFO - Setting next_dagrun for example_time_delta_sensor_async to None, run_after=None
[2023-06-13T23:05:51.131+0000] {processor.py:179} INFO - Processing /home/airflow/.local/lib/python3.7/site-packages/airflow/example_dags/example_time_delta_sensor_async.py took 0.171 seconds
[2023-06-13T23:06:21.727+0000] {processor.py:157} INFO - Started process (PID=5940) to work on /home/airflow/.local/lib/python3.7/site-packages/airflow/example_dags/example_time_delta_sensor_async.py
[2023-06-13T23:06:21.728+0000] {processor.py:826} INFO - Processing file /home/airflow/.local/lib/python3.7/site-packages/airflow/example_dags/example_time_delta_sensor_async.py for tasks to queue
[2023-06-13T23:06:21.730+0000] {logging_mixin.py:149} INFO - [2023-06-13T23:06:21.729+0000] {dagbag.py:541} INFO - Filling up the DagBag from /home/airflow/.local/lib/python3.7/site-packages/airflow/example_dags/example_time_delta_sensor_async.py
[2023-06-13T23:06:21.736+0000] {processor.py:836} INFO - DAG(s) dict_keys(['example_time_delta_sensor_async']) retrieved from /home/airflow/.local/lib/python3.7/site-packages/airflow/example_dags/example_time_delta_sensor_async.py
[2023-06-13T23:06:21.786+0000] {logging_mixin.py:149} INFO - [2023-06-13T23:06:21.786+0000] {dag.py:2726} INFO - Sync 1 DAGs
[2023-06-13T23:06:21.841+0000] {logging_mixin.py:149} INFO - [2023-06-13T23:06:21.841+0000] {dag.py:3490} INFO - Setting next_dagrun for example_time_delta_sensor_async to None, run_after=None
[2023-06-13T23:06:21.894+0000] {processor.py:179} INFO - Processing /home/airflow/.local/lib/python3.7/site-packages/airflow/example_dags/example_time_delta_sensor_async.py took 0.171 seconds
[2023-06-13T23:06:52.826+0000] {processor.py:157} INFO - Started process (PID=6180) to work on /home/airflow/.local/lib/python3.7/site-packages/airflow/example_dags/example_time_delta_sensor_async.py
[2023-06-13T23:06:52.828+0000] {processor.py:826} INFO - Processing file /home/airflow/.local/lib/python3.7/site-packages/airflow/example_dags/example_time_delta_sensor_async.py for tasks to queue
[2023-06-13T23:06:52.829+0000] {logging_mixin.py:149} INFO - [2023-06-13T23:06:52.829+0000] {dagbag.py:541} INFO - Filling up the DagBag from /home/airflow/.local/lib/python3.7/site-packages/airflow/example_dags/example_time_delta_sensor_async.py
[2023-06-13T23:06:52.836+0000] {processor.py:836} INFO - DAG(s) dict_keys(['example_time_delta_sensor_async']) retrieved from /home/airflow/.local/lib/python3.7/site-packages/airflow/example_dags/example_time_delta_sensor_async.py
[2023-06-13T23:06:52.887+0000] {logging_mixin.py:149} INFO - [2023-06-13T23:06:52.887+0000] {dag.py:2726} INFO - Sync 1 DAGs
[2023-06-13T23:06:52.937+0000] {logging_mixin.py:149} INFO - [2023-06-13T23:06:52.937+0000] {dag.py:3490} INFO - Setting next_dagrun for example_time_delta_sensor_async to None, run_after=None
[2023-06-13T23:06:52.987+0000] {processor.py:179} INFO - Processing /home/airflow/.local/lib/python3.7/site-packages/airflow/example_dags/example_time_delta_sensor_async.py took 0.165 seconds
[2023-06-13T23:07:23.105+0000] {processor.py:157} INFO - Started process (PID=6419) to work on /home/airflow/.local/lib/python3.7/site-packages/airflow/example_dags/example_time_delta_sensor_async.py
[2023-06-13T23:07:23.109+0000] {processor.py:826} INFO - Processing file /home/airflow/.local/lib/python3.7/site-packages/airflow/example_dags/example_time_delta_sensor_async.py for tasks to queue
[2023-06-13T23:07:23.110+0000] {logging_mixin.py:149} INFO - [2023-06-13T23:07:23.110+0000] {dagbag.py:541} INFO - Filling up the DagBag from /home/airflow/.local/lib/python3.7/site-packages/airflow/example_dags/example_time_delta_sensor_async.py
[2023-06-13T23:07:23.117+0000] {processor.py:836} INFO - DAG(s) dict_keys(['example_time_delta_sensor_async']) retrieved from /home/airflow/.local/lib/python3.7/site-packages/airflow/example_dags/example_time_delta_sensor_async.py
[2023-06-13T23:07:23.179+0000] {logging_mixin.py:149} INFO - [2023-06-13T23:07:23.178+0000] {dag.py:2726} INFO - Sync 1 DAGs
[2023-06-13T23:07:23.225+0000] {logging_mixin.py:149} INFO - [2023-06-13T23:07:23.225+0000] {dag.py:3490} INFO - Setting next_dagrun for example_time_delta_sensor_async to None, run_after=None
[2023-06-13T23:07:23.281+0000] {processor.py:179} INFO - Processing /home/airflow/.local/lib/python3.7/site-packages/airflow/example_dags/example_time_delta_sensor_async.py took 0.182 seconds
[2023-06-13T23:07:53.962+0000] {processor.py:157} INFO - Started process (PID=6660) to work on /home/airflow/.local/lib/python3.7/site-packages/airflow/example_dags/example_time_delta_sensor_async.py
[2023-06-13T23:07:53.964+0000] {processor.py:826} INFO - Processing file /home/airflow/.local/lib/python3.7/site-packages/airflow/example_dags/example_time_delta_sensor_async.py for tasks to queue
[2023-06-13T23:07:53.965+0000] {logging_mixin.py:149} INFO - [2023-06-13T23:07:53.965+0000] {dagbag.py:541} INFO - Filling up the DagBag from /home/airflow/.local/lib/python3.7/site-packages/airflow/example_dags/example_time_delta_sensor_async.py
[2023-06-13T23:07:53.974+0000] {processor.py:836} INFO - DAG(s) dict_keys(['example_time_delta_sensor_async']) retrieved from /home/airflow/.local/lib/python3.7/site-packages/airflow/example_dags/example_time_delta_sensor_async.py
[2023-06-13T23:07:54.018+0000] {logging_mixin.py:149} INFO - [2023-06-13T23:07:54.017+0000] {dag.py:2726} INFO - Sync 1 DAGs
[2023-06-13T23:07:54.061+0000] {logging_mixin.py:149} INFO - [2023-06-13T23:07:54.061+0000] {dag.py:3490} INFO - Setting next_dagrun for example_time_delta_sensor_async to None, run_after=None
[2023-06-13T23:07:54.113+0000] {processor.py:179} INFO - Processing /home/airflow/.local/lib/python3.7/site-packages/airflow/example_dags/example_time_delta_sensor_async.py took 0.158 seconds
[2023-06-13T23:08:24.693+0000] {processor.py:157} INFO - Started process (PID=6899) to work on /home/airflow/.local/lib/python3.7/site-packages/airflow/example_dags/example_time_delta_sensor_async.py
[2023-06-13T23:08:24.696+0000] {processor.py:826} INFO - Processing file /home/airflow/.local/lib/python3.7/site-packages/airflow/example_dags/example_time_delta_sensor_async.py for tasks to queue
[2023-06-13T23:08:24.698+0000] {logging_mixin.py:149} INFO - [2023-06-13T23:08:24.697+0000] {dagbag.py:541} INFO - Filling up the DagBag from /home/airflow/.local/lib/python3.7/site-packages/airflow/example_dags/example_time_delta_sensor_async.py
[2023-06-13T23:08:24.705+0000] {processor.py:836} INFO - DAG(s) dict_keys(['example_time_delta_sensor_async']) retrieved from /home/airflow/.local/lib/python3.7/site-packages/airflow/example_dags/example_time_delta_sensor_async.py
[2023-06-13T23:08:24.759+0000] {logging_mixin.py:149} INFO - [2023-06-13T23:08:24.759+0000] {dag.py:2726} INFO - Sync 1 DAGs
[2023-06-13T23:08:24.809+0000] {logging_mixin.py:149} INFO - [2023-06-13T23:08:24.809+0000] {dag.py:3490} INFO - Setting next_dagrun for example_time_delta_sensor_async to None, run_after=None
[2023-06-13T23:08:24.855+0000] {processor.py:179} INFO - Processing /home/airflow/.local/lib/python3.7/site-packages/airflow/example_dags/example_time_delta_sensor_async.py took 0.167 seconds
[2023-06-13T23:08:55.035+0000] {processor.py:157} INFO - Started process (PID=7138) to work on /home/airflow/.local/lib/python3.7/site-packages/airflow/example_dags/example_time_delta_sensor_async.py
[2023-06-13T23:08:55.038+0000] {processor.py:826} INFO - Processing file /home/airflow/.local/lib/python3.7/site-packages/airflow/example_dags/example_time_delta_sensor_async.py for tasks to queue
[2023-06-13T23:08:55.039+0000] {logging_mixin.py:149} INFO - [2023-06-13T23:08:55.039+0000] {dagbag.py:541} INFO - Filling up the DagBag from /home/airflow/.local/lib/python3.7/site-packages/airflow/example_dags/example_time_delta_sensor_async.py
[2023-06-13T23:08:55.047+0000] {processor.py:836} INFO - DAG(s) dict_keys(['example_time_delta_sensor_async']) retrieved from /home/airflow/.local/lib/python3.7/site-packages/airflow/example_dags/example_time_delta_sensor_async.py
[2023-06-13T23:08:55.099+0000] {logging_mixin.py:149} INFO - [2023-06-13T23:08:55.099+0000] {dag.py:2726} INFO - Sync 1 DAGs
[2023-06-13T23:08:55.150+0000] {logging_mixin.py:149} INFO - [2023-06-13T23:08:55.149+0000] {dag.py:3490} INFO - Setting next_dagrun for example_time_delta_sensor_async to None, run_after=None
[2023-06-13T23:08:55.190+0000] {processor.py:179} INFO - Processing /home/airflow/.local/lib/python3.7/site-packages/airflow/example_dags/example_time_delta_sensor_async.py took 0.160 seconds
[2023-06-13T23:09:25.630+0000] {processor.py:157} INFO - Started process (PID=7378) to work on /home/airflow/.local/lib/python3.7/site-packages/airflow/example_dags/example_time_delta_sensor_async.py
[2023-06-13T23:09:25.633+0000] {processor.py:826} INFO - Processing file /home/airflow/.local/lib/python3.7/site-packages/airflow/example_dags/example_time_delta_sensor_async.py for tasks to queue
[2023-06-13T23:09:25.634+0000] {logging_mixin.py:149} INFO - [2023-06-13T23:09:25.634+0000] {dagbag.py:541} INFO - Filling up the DagBag from /home/airflow/.local/lib/python3.7/site-packages/airflow/example_dags/example_time_delta_sensor_async.py
[2023-06-13T23:09:25.638+0000] {processor.py:836} INFO - DAG(s) dict_keys(['example_time_delta_sensor_async']) retrieved from /home/airflow/.local/lib/python3.7/site-packages/airflow/example_dags/example_time_delta_sensor_async.py
[2023-06-13T23:09:25.684+0000] {logging_mixin.py:149} INFO - [2023-06-13T23:09:25.683+0000] {dag.py:2726} INFO - Sync 1 DAGs
[2023-06-13T23:09:25.747+0000] {logging_mixin.py:149} INFO - [2023-06-13T23:09:25.746+0000] {dag.py:3490} INFO - Setting next_dagrun for example_time_delta_sensor_async to None, run_after=None
[2023-06-13T23:09:25.792+0000] {processor.py:179} INFO - Processing /home/airflow/.local/lib/python3.7/site-packages/airflow/example_dags/example_time_delta_sensor_async.py took 0.167 seconds
[2023-06-13T23:09:56.030+0000] {processor.py:157} INFO - Started process (PID=7617) to work on /home/airflow/.local/lib/python3.7/site-packages/airflow/example_dags/example_time_delta_sensor_async.py
[2023-06-13T23:09:56.032+0000] {processor.py:826} INFO - Processing file /home/airflow/.local/lib/python3.7/site-packages/airflow/example_dags/example_time_delta_sensor_async.py for tasks to queue
[2023-06-13T23:09:56.033+0000] {logging_mixin.py:149} INFO - [2023-06-13T23:09:56.033+0000] {dagbag.py:541} INFO - Filling up the DagBag from /home/airflow/.local/lib/python3.7/site-packages/airflow/example_dags/example_time_delta_sensor_async.py
[2023-06-13T23:09:56.039+0000] {processor.py:836} INFO - DAG(s) dict_keys(['example_time_delta_sensor_async']) retrieved from /home/airflow/.local/lib/python3.7/site-packages/airflow/example_dags/example_time_delta_sensor_async.py
[2023-06-13T23:09:56.101+0000] {logging_mixin.py:149} INFO - [2023-06-13T23:09:56.101+0000] {dag.py:2726} INFO - Sync 1 DAGs
[2023-06-13T23:09:56.158+0000] {logging_mixin.py:149} INFO - [2023-06-13T23:09:56.158+0000] {dag.py:3490} INFO - Setting next_dagrun for example_time_delta_sensor_async to None, run_after=None
[2023-06-13T23:09:56.211+0000] {processor.py:179} INFO - Processing /home/airflow/.local/lib/python3.7/site-packages/airflow/example_dags/example_time_delta_sensor_async.py took 0.186 seconds
[2023-06-13T23:10:26.586+0000] {processor.py:157} INFO - Started process (PID=7845) to work on /home/airflow/.local/lib/python3.7/site-packages/airflow/example_dags/example_time_delta_sensor_async.py
[2023-06-13T23:10:26.588+0000] {processor.py:826} INFO - Processing file /home/airflow/.local/lib/python3.7/site-packages/airflow/example_dags/example_time_delta_sensor_async.py for tasks to queue
[2023-06-13T23:10:26.590+0000] {logging_mixin.py:149} INFO - [2023-06-13T23:10:26.589+0000] {dagbag.py:541} INFO - Filling up the DagBag from /home/airflow/.local/lib/python3.7/site-packages/airflow/example_dags/example_time_delta_sensor_async.py
[2023-06-13T23:10:26.597+0000] {processor.py:836} INFO - DAG(s) dict_keys(['example_time_delta_sensor_async']) retrieved from /home/airflow/.local/lib/python3.7/site-packages/airflow/example_dags/example_time_delta_sensor_async.py
[2023-06-13T23:10:26.652+0000] {logging_mixin.py:149} INFO - [2023-06-13T23:10:26.652+0000] {dag.py:2726} INFO - Sync 1 DAGs
[2023-06-13T23:10:26.702+0000] {logging_mixin.py:149} INFO - [2023-06-13T23:10:26.701+0000] {dag.py:3490} INFO - Setting next_dagrun for example_time_delta_sensor_async to None, run_after=None
[2023-06-13T23:10:26.764+0000] {processor.py:179} INFO - Processing /home/airflow/.local/lib/python3.7/site-packages/airflow/example_dags/example_time_delta_sensor_async.py took 0.184 seconds
[2023-06-13T23:10:56.949+0000] {processor.py:157} INFO - Started process (PID=8085) to work on /home/airflow/.local/lib/python3.7/site-packages/airflow/example_dags/example_time_delta_sensor_async.py
[2023-06-13T23:10:56.951+0000] {processor.py:826} INFO - Processing file /home/airflow/.local/lib/python3.7/site-packages/airflow/example_dags/example_time_delta_sensor_async.py for tasks to queue
[2023-06-13T23:10:56.953+0000] {logging_mixin.py:149} INFO - [2023-06-13T23:10:56.952+0000] {dagbag.py:541} INFO - Filling up the DagBag from /home/airflow/.local/lib/python3.7/site-packages/airflow/example_dags/example_time_delta_sensor_async.py
[2023-06-13T23:10:56.959+0000] {processor.py:836} INFO - DAG(s) dict_keys(['example_time_delta_sensor_async']) retrieved from /home/airflow/.local/lib/python3.7/site-packages/airflow/example_dags/example_time_delta_sensor_async.py
[2023-06-13T23:10:57.004+0000] {logging_mixin.py:149} INFO - [2023-06-13T23:10:57.004+0000] {dag.py:2726} INFO - Sync 1 DAGs
[2023-06-13T23:10:57.039+0000] {logging_mixin.py:149} INFO - [2023-06-13T23:10:57.038+0000] {dag.py:3490} INFO - Setting next_dagrun for example_time_delta_sensor_async to None, run_after=None
[2023-06-13T23:10:57.085+0000] {processor.py:179} INFO - Processing /home/airflow/.local/lib/python3.7/site-packages/airflow/example_dags/example_time_delta_sensor_async.py took 0.139 seconds
[2023-06-13T23:11:27.394+0000] {processor.py:157} INFO - Started process (PID=8325) to work on /home/airflow/.local/lib/python3.7/site-packages/airflow/example_dags/example_time_delta_sensor_async.py
[2023-06-13T23:11:27.396+0000] {processor.py:826} INFO - Processing file /home/airflow/.local/lib/python3.7/site-packages/airflow/example_dags/example_time_delta_sensor_async.py for tasks to queue
[2023-06-13T23:11:27.398+0000] {logging_mixin.py:149} INFO - [2023-06-13T23:11:27.398+0000] {dagbag.py:541} INFO - Filling up the DagBag from /home/airflow/.local/lib/python3.7/site-packages/airflow/example_dags/example_time_delta_sensor_async.py
[2023-06-13T23:11:27.405+0000] {processor.py:836} INFO - DAG(s) dict_keys(['example_time_delta_sensor_async']) retrieved from /home/airflow/.local/lib/python3.7/site-packages/airflow/example_dags/example_time_delta_sensor_async.py
[2023-06-13T23:11:27.455+0000] {logging_mixin.py:149} INFO - [2023-06-13T23:11:27.454+0000] {dag.py:2726} INFO - Sync 1 DAGs
[2023-06-13T23:11:27.501+0000] {logging_mixin.py:149} INFO - [2023-06-13T23:11:27.501+0000] {dag.py:3490} INFO - Setting next_dagrun for example_time_delta_sensor_async to None, run_after=None
[2023-06-13T23:11:27.552+0000] {processor.py:179} INFO - Processing /home/airflow/.local/lib/python3.7/site-packages/airflow/example_dags/example_time_delta_sensor_async.py took 0.163 seconds
[2023-06-13T23:11:58.146+0000] {processor.py:157} INFO - Started process (PID=8565) to work on /home/airflow/.local/lib/python3.7/site-packages/airflow/example_dags/example_time_delta_sensor_async.py
[2023-06-13T23:11:58.148+0000] {processor.py:826} INFO - Processing file /home/airflow/.local/lib/python3.7/site-packages/airflow/example_dags/example_time_delta_sensor_async.py for tasks to queue
[2023-06-13T23:11:58.149+0000] {logging_mixin.py:149} INFO - [2023-06-13T23:11:58.149+0000] {dagbag.py:541} INFO - Filling up the DagBag from /home/airflow/.local/lib/python3.7/site-packages/airflow/example_dags/example_time_delta_sensor_async.py
[2023-06-13T23:11:58.154+0000] {processor.py:836} INFO - DAG(s) dict_keys(['example_time_delta_sensor_async']) retrieved from /home/airflow/.local/lib/python3.7/site-packages/airflow/example_dags/example_time_delta_sensor_async.py
[2023-06-13T23:11:58.207+0000] {logging_mixin.py:149} INFO - [2023-06-13T23:11:58.206+0000] {dag.py:2726} INFO - Sync 1 DAGs
[2023-06-13T23:11:58.256+0000] {logging_mixin.py:149} INFO - [2023-06-13T23:11:58.256+0000] {dag.py:3490} INFO - Setting next_dagrun for example_time_delta_sensor_async to None, run_after=None
[2023-06-13T23:11:58.303+0000] {processor.py:179} INFO - Processing /home/airflow/.local/lib/python3.7/site-packages/airflow/example_dags/example_time_delta_sensor_async.py took 0.163 seconds
[2023-06-13T23:12:28.554+0000] {processor.py:157} INFO - Started process (PID=8812) to work on /home/airflow/.local/lib/python3.7/site-packages/airflow/example_dags/example_time_delta_sensor_async.py
[2023-06-13T23:12:28.556+0000] {processor.py:826} INFO - Processing file /home/airflow/.local/lib/python3.7/site-packages/airflow/example_dags/example_time_delta_sensor_async.py for tasks to queue
[2023-06-13T23:12:28.558+0000] {logging_mixin.py:149} INFO - [2023-06-13T23:12:28.557+0000] {dagbag.py:541} INFO - Filling up the DagBag from /home/airflow/.local/lib/python3.7/site-packages/airflow/example_dags/example_time_delta_sensor_async.py
[2023-06-13T23:12:28.565+0000] {processor.py:836} INFO - DAG(s) dict_keys(['example_time_delta_sensor_async']) retrieved from /home/airflow/.local/lib/python3.7/site-packages/airflow/example_dags/example_time_delta_sensor_async.py
[2023-06-13T23:12:28.612+0000] {logging_mixin.py:149} INFO - [2023-06-13T23:12:28.612+0000] {dag.py:2726} INFO - Sync 1 DAGs
[2023-06-13T23:12:28.656+0000] {logging_mixin.py:149} INFO - [2023-06-13T23:12:28.656+0000] {dag.py:3490} INFO - Setting next_dagrun for example_time_delta_sensor_async to None, run_after=None
[2023-06-13T23:12:28.699+0000] {processor.py:179} INFO - Processing /home/airflow/.local/lib/python3.7/site-packages/airflow/example_dags/example_time_delta_sensor_async.py took 0.151 seconds
[2023-06-13T23:12:59.129+0000] {processor.py:157} INFO - Started process (PID=9051) to work on /home/airflow/.local/lib/python3.7/site-packages/airflow/example_dags/example_time_delta_sensor_async.py
[2023-06-13T23:12:59.134+0000] {processor.py:826} INFO - Processing file /home/airflow/.local/lib/python3.7/site-packages/airflow/example_dags/example_time_delta_sensor_async.py for tasks to queue
[2023-06-13T23:12:59.136+0000] {logging_mixin.py:149} INFO - [2023-06-13T23:12:59.136+0000] {dagbag.py:541} INFO - Filling up the DagBag from /home/airflow/.local/lib/python3.7/site-packages/airflow/example_dags/example_time_delta_sensor_async.py
[2023-06-13T23:12:59.142+0000] {processor.py:836} INFO - DAG(s) dict_keys(['example_time_delta_sensor_async']) retrieved from /home/airflow/.local/lib/python3.7/site-packages/airflow/example_dags/example_time_delta_sensor_async.py
[2023-06-13T23:12:59.187+0000] {logging_mixin.py:149} INFO - [2023-06-13T23:12:59.187+0000] {dag.py:2726} INFO - Sync 1 DAGs
[2023-06-13T23:12:59.225+0000] {logging_mixin.py:149} INFO - [2023-06-13T23:12:59.225+0000] {dag.py:3490} INFO - Setting next_dagrun for example_time_delta_sensor_async to None, run_after=None
[2023-06-13T23:12:59.269+0000] {processor.py:179} INFO - Processing /home/airflow/.local/lib/python3.7/site-packages/airflow/example_dags/example_time_delta_sensor_async.py took 0.146 seconds
[2023-06-13T23:13:29.335+0000] {processor.py:157} INFO - Started process (PID=9291) to work on /home/airflow/.local/lib/python3.7/site-packages/airflow/example_dags/example_time_delta_sensor_async.py
[2023-06-13T23:13:29.337+0000] {processor.py:826} INFO - Processing file /home/airflow/.local/lib/python3.7/site-packages/airflow/example_dags/example_time_delta_sensor_async.py for tasks to queue
[2023-06-13T23:13:29.338+0000] {logging_mixin.py:149} INFO - [2023-06-13T23:13:29.338+0000] {dagbag.py:541} INFO - Filling up the DagBag from /home/airflow/.local/lib/python3.7/site-packages/airflow/example_dags/example_time_delta_sensor_async.py
[2023-06-13T23:13:29.343+0000] {processor.py:836} INFO - DAG(s) dict_keys(['example_time_delta_sensor_async']) retrieved from /home/airflow/.local/lib/python3.7/site-packages/airflow/example_dags/example_time_delta_sensor_async.py
[2023-06-13T23:13:29.384+0000] {logging_mixin.py:149} INFO - [2023-06-13T23:13:29.384+0000] {dag.py:2726} INFO - Sync 1 DAGs
[2023-06-13T23:13:29.426+0000] {logging_mixin.py:149} INFO - [2023-06-13T23:13:29.426+0000] {dag.py:3490} INFO - Setting next_dagrun for example_time_delta_sensor_async to None, run_after=None
[2023-06-13T23:13:29.475+0000] {processor.py:179} INFO - Processing /home/airflow/.local/lib/python3.7/site-packages/airflow/example_dags/example_time_delta_sensor_async.py took 0.144 seconds
[2023-06-13T23:13:59.543+0000] {processor.py:157} INFO - Started process (PID=9531) to work on /home/airflow/.local/lib/python3.7/site-packages/airflow/example_dags/example_time_delta_sensor_async.py
[2023-06-13T23:13:59.545+0000] {processor.py:826} INFO - Processing file /home/airflow/.local/lib/python3.7/site-packages/airflow/example_dags/example_time_delta_sensor_async.py for tasks to queue
[2023-06-13T23:13:59.547+0000] {logging_mixin.py:149} INFO - [2023-06-13T23:13:59.546+0000] {dagbag.py:541} INFO - Filling up the DagBag from /home/airflow/.local/lib/python3.7/site-packages/airflow/example_dags/example_time_delta_sensor_async.py
[2023-06-13T23:13:59.554+0000] {processor.py:836} INFO - DAG(s) dict_keys(['example_time_delta_sensor_async']) retrieved from /home/airflow/.local/lib/python3.7/site-packages/airflow/example_dags/example_time_delta_sensor_async.py
[2023-06-13T23:13:59.600+0000] {logging_mixin.py:149} INFO - [2023-06-13T23:13:59.600+0000] {dag.py:2726} INFO - Sync 1 DAGs
[2023-06-13T23:13:59.644+0000] {logging_mixin.py:149} INFO - [2023-06-13T23:13:59.643+0000] {dag.py:3490} INFO - Setting next_dagrun for example_time_delta_sensor_async to None, run_after=None
[2023-06-13T23:13:59.693+0000] {processor.py:179} INFO - Processing /home/airflow/.local/lib/python3.7/site-packages/airflow/example_dags/example_time_delta_sensor_async.py took 0.156 seconds
[2023-06-13T23:14:30.255+0000] {processor.py:157} INFO - Started process (PID=9770) to work on /home/airflow/.local/lib/python3.7/site-packages/airflow/example_dags/example_time_delta_sensor_async.py
[2023-06-13T23:14:30.257+0000] {processor.py:826} INFO - Processing file /home/airflow/.local/lib/python3.7/site-packages/airflow/example_dags/example_time_delta_sensor_async.py for tasks to queue
[2023-06-13T23:14:30.258+0000] {logging_mixin.py:149} INFO - [2023-06-13T23:14:30.258+0000] {dagbag.py:541} INFO - Filling up the DagBag from /home/airflow/.local/lib/python3.7/site-packages/airflow/example_dags/example_time_delta_sensor_async.py
[2023-06-13T23:14:30.265+0000] {processor.py:836} INFO - DAG(s) dict_keys(['example_time_delta_sensor_async']) retrieved from /home/airflow/.local/lib/python3.7/site-packages/airflow/example_dags/example_time_delta_sensor_async.py
[2023-06-13T23:14:30.298+0000] {logging_mixin.py:149} INFO - [2023-06-13T23:14:30.298+0000] {dag.py:2726} INFO - Sync 1 DAGs
[2023-06-13T23:14:30.336+0000] {logging_mixin.py:149} INFO - [2023-06-13T23:14:30.336+0000] {dag.py:3490} INFO - Setting next_dagrun for example_time_delta_sensor_async to None, run_after=None
[2023-06-13T23:14:30.391+0000] {processor.py:179} INFO - Processing /home/airflow/.local/lib/python3.7/site-packages/airflow/example_dags/example_time_delta_sensor_async.py took 0.140 seconds
[2023-06-13T23:15:00.609+0000] {processor.py:157} INFO - Started process (PID=10009) to work on /home/airflow/.local/lib/python3.7/site-packages/airflow/example_dags/example_time_delta_sensor_async.py
[2023-06-13T23:15:00.614+0000] {processor.py:826} INFO - Processing file /home/airflow/.local/lib/python3.7/site-packages/airflow/example_dags/example_time_delta_sensor_async.py for tasks to queue
[2023-06-13T23:15:00.615+0000] {logging_mixin.py:149} INFO - [2023-06-13T23:15:00.615+0000] {dagbag.py:541} INFO - Filling up the DagBag from /home/airflow/.local/lib/python3.7/site-packages/airflow/example_dags/example_time_delta_sensor_async.py
[2023-06-13T23:15:00.623+0000] {processor.py:836} INFO - DAG(s) dict_keys(['example_time_delta_sensor_async']) retrieved from /home/airflow/.local/lib/python3.7/site-packages/airflow/example_dags/example_time_delta_sensor_async.py
[2023-06-13T23:15:00.677+0000] {logging_mixin.py:149} INFO - [2023-06-13T23:15:00.677+0000] {dag.py:2726} INFO - Sync 1 DAGs
[2023-06-13T23:15:00.728+0000] {logging_mixin.py:149} INFO - [2023-06-13T23:15:00.727+0000] {dag.py:3490} INFO - Setting next_dagrun for example_time_delta_sensor_async to None, run_after=None
[2023-06-13T23:15:00.788+0000] {processor.py:179} INFO - Processing /home/airflow/.local/lib/python3.7/site-packages/airflow/example_dags/example_time_delta_sensor_async.py took 0.185 seconds
[2023-06-13T23:15:30.994+0000] {processor.py:157} INFO - Started process (PID=10249) to work on /home/airflow/.local/lib/python3.7/site-packages/airflow/example_dags/example_time_delta_sensor_async.py
[2023-06-13T23:15:30.996+0000] {processor.py:826} INFO - Processing file /home/airflow/.local/lib/python3.7/site-packages/airflow/example_dags/example_time_delta_sensor_async.py for tasks to queue
[2023-06-13T23:15:30.997+0000] {logging_mixin.py:149} INFO - [2023-06-13T23:15:30.997+0000] {dagbag.py:541} INFO - Filling up the DagBag from /home/airflow/.local/lib/python3.7/site-packages/airflow/example_dags/example_time_delta_sensor_async.py
[2023-06-13T23:15:31.005+0000] {processor.py:836} INFO - DAG(s) dict_keys(['example_time_delta_sensor_async']) retrieved from /home/airflow/.local/lib/python3.7/site-packages/airflow/example_dags/example_time_delta_sensor_async.py
[2023-06-13T23:15:31.058+0000] {logging_mixin.py:149} INFO - [2023-06-13T23:15:31.058+0000] {dag.py:2726} INFO - Sync 1 DAGs
[2023-06-13T23:15:31.106+0000] {logging_mixin.py:149} INFO - [2023-06-13T23:15:31.106+0000] {dag.py:3490} INFO - Setting next_dagrun for example_time_delta_sensor_async to None, run_after=None
[2023-06-13T23:15:31.151+0000] {processor.py:179} INFO - Processing /home/airflow/.local/lib/python3.7/site-packages/airflow/example_dags/example_time_delta_sensor_async.py took 0.162 seconds
[2023-06-13T23:16:01.709+0000] {processor.py:157} INFO - Started process (PID=10489) to work on /home/airflow/.local/lib/python3.7/site-packages/airflow/example_dags/example_time_delta_sensor_async.py
[2023-06-13T23:16:01.712+0000] {processor.py:826} INFO - Processing file /home/airflow/.local/lib/python3.7/site-packages/airflow/example_dags/example_time_delta_sensor_async.py for tasks to queue
[2023-06-13T23:16:01.714+0000] {logging_mixin.py:149} INFO - [2023-06-13T23:16:01.713+0000] {dagbag.py:541} INFO - Filling up the DagBag from /home/airflow/.local/lib/python3.7/site-packages/airflow/example_dags/example_time_delta_sensor_async.py
[2023-06-13T23:16:01.721+0000] {processor.py:836} INFO - DAG(s) dict_keys(['example_time_delta_sensor_async']) retrieved from /home/airflow/.local/lib/python3.7/site-packages/airflow/example_dags/example_time_delta_sensor_async.py
[2023-06-13T23:16:01.772+0000] {logging_mixin.py:149} INFO - [2023-06-13T23:16:01.772+0000] {dag.py:2726} INFO - Sync 1 DAGs
[2023-06-13T23:16:01.821+0000] {logging_mixin.py:149} INFO - [2023-06-13T23:16:01.820+0000] {dag.py:3490} INFO - Setting next_dagrun for example_time_delta_sensor_async to None, run_after=None
[2023-06-13T23:16:01.877+0000] {processor.py:179} INFO - Processing /home/airflow/.local/lib/python3.7/site-packages/airflow/example_dags/example_time_delta_sensor_async.py took 0.175 seconds
[2023-06-13T23:16:32.302+0000] {processor.py:157} INFO - Started process (PID=10729) to work on /home/airflow/.local/lib/python3.7/site-packages/airflow/example_dags/example_time_delta_sensor_async.py
[2023-06-13T23:16:32.304+0000] {processor.py:826} INFO - Processing file /home/airflow/.local/lib/python3.7/site-packages/airflow/example_dags/example_time_delta_sensor_async.py for tasks to queue
[2023-06-13T23:16:32.306+0000] {logging_mixin.py:149} INFO - [2023-06-13T23:16:32.305+0000] {dagbag.py:541} INFO - Filling up the DagBag from /home/airflow/.local/lib/python3.7/site-packages/airflow/example_dags/example_time_delta_sensor_async.py
[2023-06-13T23:16:32.315+0000] {processor.py:836} INFO - DAG(s) dict_keys(['example_time_delta_sensor_async']) retrieved from /home/airflow/.local/lib/python3.7/site-packages/airflow/example_dags/example_time_delta_sensor_async.py
[2023-06-13T23:16:32.366+0000] {logging_mixin.py:149} INFO - [2023-06-13T23:16:32.365+0000] {dag.py:2726} INFO - Sync 1 DAGs
[2023-06-13T23:16:32.404+0000] {logging_mixin.py:149} INFO - [2023-06-13T23:16:32.403+0000] {dag.py:3490} INFO - Setting next_dagrun for example_time_delta_sensor_async to None, run_after=None
[2023-06-13T23:16:32.456+0000] {processor.py:179} INFO - Processing /home/airflow/.local/lib/python3.7/site-packages/airflow/example_dags/example_time_delta_sensor_async.py took 0.157 seconds
[2023-06-13T23:17:02.835+0000] {processor.py:157} INFO - Started process (PID=10970) to work on /home/airflow/.local/lib/python3.7/site-packages/airflow/example_dags/example_time_delta_sensor_async.py
[2023-06-13T23:17:02.837+0000] {processor.py:826} INFO - Processing file /home/airflow/.local/lib/python3.7/site-packages/airflow/example_dags/example_time_delta_sensor_async.py for tasks to queue
[2023-06-13T23:17:02.838+0000] {logging_mixin.py:149} INFO - [2023-06-13T23:17:02.838+0000] {dagbag.py:541} INFO - Filling up the DagBag from /home/airflow/.local/lib/python3.7/site-packages/airflow/example_dags/example_time_delta_sensor_async.py
[2023-06-13T23:17:02.845+0000] {processor.py:836} INFO - DAG(s) dict_keys(['example_time_delta_sensor_async']) retrieved from /home/airflow/.local/lib/python3.7/site-packages/airflow/example_dags/example_time_delta_sensor_async.py
[2023-06-13T23:17:02.889+0000] {logging_mixin.py:149} INFO - [2023-06-13T23:17:02.889+0000] {dag.py:2726} INFO - Sync 1 DAGs
[2023-06-13T23:17:02.939+0000] {logging_mixin.py:149} INFO - [2023-06-13T23:17:02.939+0000] {dag.py:3490} INFO - Setting next_dagrun for example_time_delta_sensor_async to None, run_after=None
[2023-06-13T23:17:02.984+0000] {processor.py:179} INFO - Processing /home/airflow/.local/lib/python3.7/site-packages/airflow/example_dags/example_time_delta_sensor_async.py took 0.153 seconds
[2023-06-13T23:17:33.252+0000] {processor.py:157} INFO - Started process (PID=11210) to work on /home/airflow/.local/lib/python3.7/site-packages/airflow/example_dags/example_time_delta_sensor_async.py
[2023-06-13T23:17:33.254+0000] {processor.py:826} INFO - Processing file /home/airflow/.local/lib/python3.7/site-packages/airflow/example_dags/example_time_delta_sensor_async.py for tasks to queue
[2023-06-13T23:17:33.257+0000] {logging_mixin.py:149} INFO - [2023-06-13T23:17:33.256+0000] {dagbag.py:541} INFO - Filling up the DagBag from /home/airflow/.local/lib/python3.7/site-packages/airflow/example_dags/example_time_delta_sensor_async.py
[2023-06-13T23:17:33.266+0000] {processor.py:836} INFO - DAG(s) dict_keys(['example_time_delta_sensor_async']) retrieved from /home/airflow/.local/lib/python3.7/site-packages/airflow/example_dags/example_time_delta_sensor_async.py
[2023-06-13T23:17:33.327+0000] {logging_mixin.py:149} INFO - [2023-06-13T23:17:33.326+0000] {dag.py:2726} INFO - Sync 1 DAGs
[2023-06-13T23:17:33.386+0000] {logging_mixin.py:149} INFO - [2023-06-13T23:17:33.386+0000] {dag.py:3490} INFO - Setting next_dagrun for example_time_delta_sensor_async to None, run_after=None
[2023-06-13T23:17:33.441+0000] {processor.py:179} INFO - Processing /home/airflow/.local/lib/python3.7/site-packages/airflow/example_dags/example_time_delta_sensor_async.py took 0.195 seconds
[2023-06-13T23:18:03.681+0000] {processor.py:157} INFO - Started process (PID=11450) to work on /home/airflow/.local/lib/python3.7/site-packages/airflow/example_dags/example_time_delta_sensor_async.py
[2023-06-13T23:18:03.684+0000] {processor.py:826} INFO - Processing file /home/airflow/.local/lib/python3.7/site-packages/airflow/example_dags/example_time_delta_sensor_async.py for tasks to queue
[2023-06-13T23:18:03.685+0000] {logging_mixin.py:149} INFO - [2023-06-13T23:18:03.685+0000] {dagbag.py:541} INFO - Filling up the DagBag from /home/airflow/.local/lib/python3.7/site-packages/airflow/example_dags/example_time_delta_sensor_async.py
[2023-06-13T23:18:03.694+0000] {processor.py:836} INFO - DAG(s) dict_keys(['example_time_delta_sensor_async']) retrieved from /home/airflow/.local/lib/python3.7/site-packages/airflow/example_dags/example_time_delta_sensor_async.py
[2023-06-13T23:18:03.753+0000] {logging_mixin.py:149} INFO - [2023-06-13T23:18:03.752+0000] {dag.py:2726} INFO - Sync 1 DAGs
[2023-06-13T23:18:03.817+0000] {logging_mixin.py:149} INFO - [2023-06-13T23:18:03.817+0000] {dag.py:3490} INFO - Setting next_dagrun for example_time_delta_sensor_async to None, run_after=None
[2023-06-13T23:18:03.904+0000] {processor.py:179} INFO - Processing /home/airflow/.local/lib/python3.7/site-packages/airflow/example_dags/example_time_delta_sensor_async.py took 0.227 seconds
[2023-06-13T23:18:34.057+0000] {processor.py:157} INFO - Started process (PID=11690) to work on /home/airflow/.local/lib/python3.7/site-packages/airflow/example_dags/example_time_delta_sensor_async.py
[2023-06-13T23:18:34.059+0000] {processor.py:826} INFO - Processing file /home/airflow/.local/lib/python3.7/site-packages/airflow/example_dags/example_time_delta_sensor_async.py for tasks to queue
[2023-06-13T23:18:34.060+0000] {logging_mixin.py:149} INFO - [2023-06-13T23:18:34.060+0000] {dagbag.py:541} INFO - Filling up the DagBag from /home/airflow/.local/lib/python3.7/site-packages/airflow/example_dags/example_time_delta_sensor_async.py
[2023-06-13T23:18:34.069+0000] {processor.py:836} INFO - DAG(s) dict_keys(['example_time_delta_sensor_async']) retrieved from /home/airflow/.local/lib/python3.7/site-packages/airflow/example_dags/example_time_delta_sensor_async.py
[2023-06-13T23:18:34.127+0000] {logging_mixin.py:149} INFO - [2023-06-13T23:18:34.126+0000] {dag.py:2726} INFO - Sync 1 DAGs
[2023-06-13T23:18:34.188+0000] {logging_mixin.py:149} INFO - [2023-06-13T23:18:34.187+0000] {dag.py:3490} INFO - Setting next_dagrun for example_time_delta_sensor_async to None, run_after=None
[2023-06-13T23:18:34.244+0000] {processor.py:179} INFO - Processing /home/airflow/.local/lib/python3.7/site-packages/airflow/example_dags/example_time_delta_sensor_async.py took 0.191 seconds
[2023-06-13T23:19:04.345+0000] {processor.py:157} INFO - Started process (PID=11930) to work on /home/airflow/.local/lib/python3.7/site-packages/airflow/example_dags/example_time_delta_sensor_async.py
[2023-06-13T23:19:04.347+0000] {processor.py:826} INFO - Processing file /home/airflow/.local/lib/python3.7/site-packages/airflow/example_dags/example_time_delta_sensor_async.py for tasks to queue
[2023-06-13T23:19:04.349+0000] {logging_mixin.py:149} INFO - [2023-06-13T23:19:04.349+0000] {dagbag.py:541} INFO - Filling up the DagBag from /home/airflow/.local/lib/python3.7/site-packages/airflow/example_dags/example_time_delta_sensor_async.py
[2023-06-13T23:19:04.359+0000] {processor.py:836} INFO - DAG(s) dict_keys(['example_time_delta_sensor_async']) retrieved from /home/airflow/.local/lib/python3.7/site-packages/airflow/example_dags/example_time_delta_sensor_async.py
[2023-06-13T23:19:04.411+0000] {logging_mixin.py:149} INFO - [2023-06-13T23:19:04.411+0000] {dag.py:2726} INFO - Sync 1 DAGs
[2023-06-13T23:19:04.466+0000] {logging_mixin.py:149} INFO - [2023-06-13T23:19:04.466+0000] {dag.py:3490} INFO - Setting next_dagrun for example_time_delta_sensor_async to None, run_after=None
[2023-06-13T23:19:04.525+0000] {processor.py:179} INFO - Processing /home/airflow/.local/lib/python3.7/site-packages/airflow/example_dags/example_time_delta_sensor_async.py took 0.187 seconds
[2023-06-13T23:19:34.835+0000] {processor.py:157} INFO - Started process (PID=12170) to work on /home/airflow/.local/lib/python3.7/site-packages/airflow/example_dags/example_time_delta_sensor_async.py
[2023-06-13T23:19:34.840+0000] {processor.py:826} INFO - Processing file /home/airflow/.local/lib/python3.7/site-packages/airflow/example_dags/example_time_delta_sensor_async.py for tasks to queue
[2023-06-13T23:19:34.842+0000] {logging_mixin.py:149} INFO - [2023-06-13T23:19:34.842+0000] {dagbag.py:541} INFO - Filling up the DagBag from /home/airflow/.local/lib/python3.7/site-packages/airflow/example_dags/example_time_delta_sensor_async.py
[2023-06-13T23:19:34.851+0000] {processor.py:836} INFO - DAG(s) dict_keys(['example_time_delta_sensor_async']) retrieved from /home/airflow/.local/lib/python3.7/site-packages/airflow/example_dags/example_time_delta_sensor_async.py
[2023-06-13T23:19:34.938+0000] {logging_mixin.py:149} INFO - [2023-06-13T23:19:34.938+0000] {dag.py:2726} INFO - Sync 1 DAGs
[2023-06-13T23:19:35.024+0000] {logging_mixin.py:149} INFO - [2023-06-13T23:19:35.024+0000] {dag.py:3490} INFO - Setting next_dagrun for example_time_delta_sensor_async to None, run_after=None
[2023-06-13T23:19:35.127+0000] {processor.py:179} INFO - Processing /home/airflow/.local/lib/python3.7/site-packages/airflow/example_dags/example_time_delta_sensor_async.py took 0.300 seconds
[2023-06-13T23:20:05.302+0000] {processor.py:157} INFO - Started process (PID=12410) to work on /home/airflow/.local/lib/python3.7/site-packages/airflow/example_dags/example_time_delta_sensor_async.py
[2023-06-13T23:20:05.315+0000] {processor.py:826} INFO - Processing file /home/airflow/.local/lib/python3.7/site-packages/airflow/example_dags/example_time_delta_sensor_async.py for tasks to queue
[2023-06-13T23:20:05.316+0000] {logging_mixin.py:149} INFO - [2023-06-13T23:20:05.316+0000] {dagbag.py:541} INFO - Filling up the DagBag from /home/airflow/.local/lib/python3.7/site-packages/airflow/example_dags/example_time_delta_sensor_async.py
[2023-06-13T23:20:05.329+0000] {processor.py:836} INFO - DAG(s) dict_keys(['example_time_delta_sensor_async']) retrieved from /home/airflow/.local/lib/python3.7/site-packages/airflow/example_dags/example_time_delta_sensor_async.py
[2023-06-13T23:20:05.429+0000] {logging_mixin.py:149} INFO - [2023-06-13T23:20:05.428+0000] {dag.py:2726} INFO - Sync 1 DAGs
[2023-06-13T23:20:05.521+0000] {logging_mixin.py:149} INFO - [2023-06-13T23:20:05.521+0000] {dag.py:3490} INFO - Setting next_dagrun for example_time_delta_sensor_async to None, run_after=None
[2023-06-13T23:20:05.621+0000] {processor.py:179} INFO - Processing /home/airflow/.local/lib/python3.7/site-packages/airflow/example_dags/example_time_delta_sensor_async.py took 0.330 seconds
[2023-06-13T23:20:35.714+0000] {processor.py:157} INFO - Started process (PID=12650) to work on /home/airflow/.local/lib/python3.7/site-packages/airflow/example_dags/example_time_delta_sensor_async.py
[2023-06-13T23:20:35.717+0000] {processor.py:826} INFO - Processing file /home/airflow/.local/lib/python3.7/site-packages/airflow/example_dags/example_time_delta_sensor_async.py for tasks to queue
[2023-06-13T23:20:35.720+0000] {logging_mixin.py:149} INFO - [2023-06-13T23:20:35.720+0000] {dagbag.py:541} INFO - Filling up the DagBag from /home/airflow/.local/lib/python3.7/site-packages/airflow/example_dags/example_time_delta_sensor_async.py
[2023-06-13T23:20:35.728+0000] {processor.py:836} INFO - DAG(s) dict_keys(['example_time_delta_sensor_async']) retrieved from /home/airflow/.local/lib/python3.7/site-packages/airflow/example_dags/example_time_delta_sensor_async.py
[2023-06-13T23:20:35.781+0000] {logging_mixin.py:149} INFO - [2023-06-13T23:20:35.781+0000] {dag.py:2726} INFO - Sync 1 DAGs
[2023-06-13T23:20:35.833+0000] {logging_mixin.py:149} INFO - [2023-06-13T23:20:35.833+0000] {dag.py:3490} INFO - Setting next_dagrun for example_time_delta_sensor_async to None, run_after=None
[2023-06-13T23:20:35.887+0000] {processor.py:179} INFO - Processing /home/airflow/.local/lib/python3.7/site-packages/airflow/example_dags/example_time_delta_sensor_async.py took 0.180 seconds
[2023-06-13T23:21:06.078+0000] {processor.py:157} INFO - Started process (PID=12889) to work on /home/airflow/.local/lib/python3.7/site-packages/airflow/example_dags/example_time_delta_sensor_async.py
[2023-06-13T23:21:06.083+0000] {processor.py:826} INFO - Processing file /home/airflow/.local/lib/python3.7/site-packages/airflow/example_dags/example_time_delta_sensor_async.py for tasks to queue
[2023-06-13T23:21:06.085+0000] {logging_mixin.py:149} INFO - [2023-06-13T23:21:06.084+0000] {dagbag.py:541} INFO - Filling up the DagBag from /home/airflow/.local/lib/python3.7/site-packages/airflow/example_dags/example_time_delta_sensor_async.py
[2023-06-13T23:21:06.095+0000] {processor.py:836} INFO - DAG(s) dict_keys(['example_time_delta_sensor_async']) retrieved from /home/airflow/.local/lib/python3.7/site-packages/airflow/example_dags/example_time_delta_sensor_async.py
[2023-06-13T23:21:06.179+0000] {logging_mixin.py:149} INFO - [2023-06-13T23:21:06.177+0000] {dag.py:2726} INFO - Sync 1 DAGs
[2023-06-13T23:21:06.252+0000] {logging_mixin.py:149} INFO - [2023-06-13T23:21:06.252+0000] {dag.py:3490} INFO - Setting next_dagrun for example_time_delta_sensor_async to None, run_after=None
[2023-06-13T23:21:06.313+0000] {processor.py:179} INFO - Processing /home/airflow/.local/lib/python3.7/site-packages/airflow/example_dags/example_time_delta_sensor_async.py took 0.243 seconds
[2023-06-13T23:21:36.779+0000] {processor.py:157} INFO - Started process (PID=13126) to work on /home/airflow/.local/lib/python3.7/site-packages/airflow/example_dags/example_time_delta_sensor_async.py
[2023-06-13T23:21:36.782+0000] {processor.py:826} INFO - Processing file /home/airflow/.local/lib/python3.7/site-packages/airflow/example_dags/example_time_delta_sensor_async.py for tasks to queue
[2023-06-13T23:21:36.784+0000] {logging_mixin.py:149} INFO - [2023-06-13T23:21:36.783+0000] {dagbag.py:541} INFO - Filling up the DagBag from /home/airflow/.local/lib/python3.7/site-packages/airflow/example_dags/example_time_delta_sensor_async.py
[2023-06-13T23:21:36.794+0000] {processor.py:836} INFO - DAG(s) dict_keys(['example_time_delta_sensor_async']) retrieved from /home/airflow/.local/lib/python3.7/site-packages/airflow/example_dags/example_time_delta_sensor_async.py
[2023-06-13T23:21:36.878+0000] {logging_mixin.py:149} INFO - [2023-06-13T23:21:36.877+0000] {dag.py:2726} INFO - Sync 1 DAGs
[2023-06-13T23:21:36.955+0000] {logging_mixin.py:149} INFO - [2023-06-13T23:21:36.954+0000] {dag.py:3490} INFO - Setting next_dagrun for example_time_delta_sensor_async to None, run_after=None
[2023-06-13T23:21:37.022+0000] {processor.py:179} INFO - Processing /home/airflow/.local/lib/python3.7/site-packages/airflow/example_dags/example_time_delta_sensor_async.py took 0.248 seconds
[2023-06-13T23:22:07.294+0000] {processor.py:157} INFO - Started process (PID=13366) to work on /home/airflow/.local/lib/python3.7/site-packages/airflow/example_dags/example_time_delta_sensor_async.py
[2023-06-13T23:22:07.296+0000] {processor.py:826} INFO - Processing file /home/airflow/.local/lib/python3.7/site-packages/airflow/example_dags/example_time_delta_sensor_async.py for tasks to queue
[2023-06-13T23:22:07.297+0000] {logging_mixin.py:149} INFO - [2023-06-13T23:22:07.297+0000] {dagbag.py:541} INFO - Filling up the DagBag from /home/airflow/.local/lib/python3.7/site-packages/airflow/example_dags/example_time_delta_sensor_async.py
[2023-06-13T23:22:07.302+0000] {processor.py:836} INFO - DAG(s) dict_keys(['example_time_delta_sensor_async']) retrieved from /home/airflow/.local/lib/python3.7/site-packages/airflow/example_dags/example_time_delta_sensor_async.py
[2023-06-13T23:22:07.349+0000] {logging_mixin.py:149} INFO - [2023-06-13T23:22:07.349+0000] {dag.py:2726} INFO - Sync 1 DAGs
[2023-06-13T23:22:07.384+0000] {logging_mixin.py:149} INFO - [2023-06-13T23:22:07.383+0000] {dag.py:3490} INFO - Setting next_dagrun for example_time_delta_sensor_async to None, run_after=None
[2023-06-13T23:22:07.429+0000] {processor.py:179} INFO - Processing /home/airflow/.local/lib/python3.7/site-packages/airflow/example_dags/example_time_delta_sensor_async.py took 0.139 seconds
[2023-06-13T23:22:37.752+0000] {processor.py:157} INFO - Started process (PID=13606) to work on /home/airflow/.local/lib/python3.7/site-packages/airflow/example_dags/example_time_delta_sensor_async.py
[2023-06-13T23:22:37.754+0000] {processor.py:826} INFO - Processing file /home/airflow/.local/lib/python3.7/site-packages/airflow/example_dags/example_time_delta_sensor_async.py for tasks to queue
[2023-06-13T23:22:37.756+0000] {logging_mixin.py:149} INFO - [2023-06-13T23:22:37.755+0000] {dagbag.py:541} INFO - Filling up the DagBag from /home/airflow/.local/lib/python3.7/site-packages/airflow/example_dags/example_time_delta_sensor_async.py
[2023-06-13T23:22:37.764+0000] {processor.py:836} INFO - DAG(s) dict_keys(['example_time_delta_sensor_async']) retrieved from /home/airflow/.local/lib/python3.7/site-packages/airflow/example_dags/example_time_delta_sensor_async.py
[2023-06-13T23:22:37.814+0000] {logging_mixin.py:149} INFO - [2023-06-13T23:22:37.813+0000] {dag.py:2726} INFO - Sync 1 DAGs
[2023-06-13T23:22:37.870+0000] {logging_mixin.py:149} INFO - [2023-06-13T23:22:37.870+0000] {dag.py:3490} INFO - Setting next_dagrun for example_time_delta_sensor_async to None, run_after=None
[2023-06-13T23:22:37.918+0000] {processor.py:179} INFO - Processing /home/airflow/.local/lib/python3.7/site-packages/airflow/example_dags/example_time_delta_sensor_async.py took 0.173 seconds
[2023-06-13T23:23:08.355+0000] {processor.py:157} INFO - Started process (PID=13846) to work on /home/airflow/.local/lib/python3.7/site-packages/airflow/example_dags/example_time_delta_sensor_async.py
[2023-06-13T23:23:08.359+0000] {processor.py:826} INFO - Processing file /home/airflow/.local/lib/python3.7/site-packages/airflow/example_dags/example_time_delta_sensor_async.py for tasks to queue
[2023-06-13T23:23:08.360+0000] {logging_mixin.py:149} INFO - [2023-06-13T23:23:08.360+0000] {dagbag.py:541} INFO - Filling up the DagBag from /home/airflow/.local/lib/python3.7/site-packages/airflow/example_dags/example_time_delta_sensor_async.py
[2023-06-13T23:23:08.367+0000] {processor.py:836} INFO - DAG(s) dict_keys(['example_time_delta_sensor_async']) retrieved from /home/airflow/.local/lib/python3.7/site-packages/airflow/example_dags/example_time_delta_sensor_async.py
[2023-06-13T23:23:08.412+0000] {logging_mixin.py:149} INFO - [2023-06-13T23:23:08.412+0000] {dag.py:2726} INFO - Sync 1 DAGs
[2023-06-13T23:23:08.461+0000] {logging_mixin.py:149} INFO - [2023-06-13T23:23:08.460+0000] {dag.py:3490} INFO - Setting next_dagrun for example_time_delta_sensor_async to None, run_after=None
[2023-06-13T23:23:08.506+0000] {processor.py:179} INFO - Processing /home/airflow/.local/lib/python3.7/site-packages/airflow/example_dags/example_time_delta_sensor_async.py took 0.156 seconds
[2023-06-13T23:23:38.613+0000] {processor.py:157} INFO - Started process (PID=14086) to work on /home/airflow/.local/lib/python3.7/site-packages/airflow/example_dags/example_time_delta_sensor_async.py
[2023-06-13T23:23:38.613+0000] {processor.py:826} INFO - Processing file /home/airflow/.local/lib/python3.7/site-packages/airflow/example_dags/example_time_delta_sensor_async.py for tasks to queue
[2023-06-13T23:23:38.614+0000] {logging_mixin.py:149} INFO - [2023-06-13T23:23:38.614+0000] {dagbag.py:541} INFO - Filling up the DagBag from /home/airflow/.local/lib/python3.7/site-packages/airflow/example_dags/example_time_delta_sensor_async.py
[2023-06-13T23:23:38.621+0000] {processor.py:836} INFO - DAG(s) dict_keys(['example_time_delta_sensor_async']) retrieved from /home/airflow/.local/lib/python3.7/site-packages/airflow/example_dags/example_time_delta_sensor_async.py
[2023-06-13T23:23:38.667+0000] {logging_mixin.py:149} INFO - [2023-06-13T23:23:38.666+0000] {dag.py:2726} INFO - Sync 1 DAGs
[2023-06-13T23:23:38.707+0000] {logging_mixin.py:149} INFO - [2023-06-13T23:23:38.706+0000] {dag.py:3490} INFO - Setting next_dagrun for example_time_delta_sensor_async to None, run_after=None
[2023-06-13T23:23:38.748+0000] {processor.py:179} INFO - Processing /home/airflow/.local/lib/python3.7/site-packages/airflow/example_dags/example_time_delta_sensor_async.py took 0.139 seconds
[2023-06-13T23:24:09.339+0000] {processor.py:157} INFO - Started process (PID=14326) to work on /home/airflow/.local/lib/python3.7/site-packages/airflow/example_dags/example_time_delta_sensor_async.py
[2023-06-13T23:24:09.342+0000] {processor.py:826} INFO - Processing file /home/airflow/.local/lib/python3.7/site-packages/airflow/example_dags/example_time_delta_sensor_async.py for tasks to queue
[2023-06-13T23:24:09.344+0000] {logging_mixin.py:149} INFO - [2023-06-13T23:24:09.343+0000] {dagbag.py:541} INFO - Filling up the DagBag from /home/airflow/.local/lib/python3.7/site-packages/airflow/example_dags/example_time_delta_sensor_async.py
[2023-06-13T23:24:09.351+0000] {processor.py:836} INFO - DAG(s) dict_keys(['example_time_delta_sensor_async']) retrieved from /home/airflow/.local/lib/python3.7/site-packages/airflow/example_dags/example_time_delta_sensor_async.py
[2023-06-13T23:24:09.425+0000] {logging_mixin.py:149} INFO - [2023-06-13T23:24:09.425+0000] {dag.py:2726} INFO - Sync 1 DAGs
[2023-06-13T23:24:09.495+0000] {logging_mixin.py:149} INFO - [2023-06-13T23:24:09.495+0000] {dag.py:3490} INFO - Setting next_dagrun for example_time_delta_sensor_async to None, run_after=None
[2023-06-13T23:24:09.574+0000] {processor.py:179} INFO - Processing /home/airflow/.local/lib/python3.7/site-packages/airflow/example_dags/example_time_delta_sensor_async.py took 0.243 seconds
[2023-06-13T23:24:39.937+0000] {processor.py:157} INFO - Started process (PID=14566) to work on /home/airflow/.local/lib/python3.7/site-packages/airflow/example_dags/example_time_delta_sensor_async.py
[2023-06-13T23:24:39.938+0000] {processor.py:826} INFO - Processing file /home/airflow/.local/lib/python3.7/site-packages/airflow/example_dags/example_time_delta_sensor_async.py for tasks to queue
[2023-06-13T23:24:39.939+0000] {logging_mixin.py:149} INFO - [2023-06-13T23:24:39.939+0000] {dagbag.py:541} INFO - Filling up the DagBag from /home/airflow/.local/lib/python3.7/site-packages/airflow/example_dags/example_time_delta_sensor_async.py
[2023-06-13T23:24:39.950+0000] {processor.py:836} INFO - DAG(s) dict_keys(['example_time_delta_sensor_async']) retrieved from /home/airflow/.local/lib/python3.7/site-packages/airflow/example_dags/example_time_delta_sensor_async.py
[2023-06-13T23:24:40.015+0000] {logging_mixin.py:149} INFO - [2023-06-13T23:24:40.014+0000] {dag.py:2726} INFO - Sync 1 DAGs
[2023-06-13T23:24:40.069+0000] {logging_mixin.py:149} INFO - [2023-06-13T23:24:40.068+0000] {dag.py:3490} INFO - Setting next_dagrun for example_time_delta_sensor_async to None, run_after=None
[2023-06-13T23:24:40.124+0000] {processor.py:179} INFO - Processing /home/airflow/.local/lib/python3.7/site-packages/airflow/example_dags/example_time_delta_sensor_async.py took 0.191 seconds
[2023-06-13T23:25:10.431+0000] {processor.py:157} INFO - Started process (PID=14801) to work on /home/airflow/.local/lib/python3.7/site-packages/airflow/example_dags/example_time_delta_sensor_async.py
[2023-06-13T23:25:10.434+0000] {processor.py:826} INFO - Processing file /home/airflow/.local/lib/python3.7/site-packages/airflow/example_dags/example_time_delta_sensor_async.py for tasks to queue
[2023-06-13T23:25:10.436+0000] {logging_mixin.py:149} INFO - [2023-06-13T23:25:10.435+0000] {dagbag.py:541} INFO - Filling up the DagBag from /home/airflow/.local/lib/python3.7/site-packages/airflow/example_dags/example_time_delta_sensor_async.py
[2023-06-13T23:25:10.448+0000] {processor.py:836} INFO - DAG(s) dict_keys(['example_time_delta_sensor_async']) retrieved from /home/airflow/.local/lib/python3.7/site-packages/airflow/example_dags/example_time_delta_sensor_async.py
[2023-06-13T23:25:10.508+0000] {logging_mixin.py:149} INFO - [2023-06-13T23:25:10.507+0000] {dag.py:2726} INFO - Sync 1 DAGs
[2023-06-13T23:25:10.570+0000] {logging_mixin.py:149} INFO - [2023-06-13T23:25:10.569+0000] {dag.py:3490} INFO - Setting next_dagrun for example_time_delta_sensor_async to None, run_after=None
[2023-06-13T23:25:10.636+0000] {processor.py:179} INFO - Processing /home/airflow/.local/lib/python3.7/site-packages/airflow/example_dags/example_time_delta_sensor_async.py took 0.211 seconds
[2023-06-13T23:25:40.975+0000] {processor.py:157} INFO - Started process (PID=15040) to work on /home/airflow/.local/lib/python3.7/site-packages/airflow/example_dags/example_time_delta_sensor_async.py
[2023-06-13T23:25:40.977+0000] {processor.py:826} INFO - Processing file /home/airflow/.local/lib/python3.7/site-packages/airflow/example_dags/example_time_delta_sensor_async.py for tasks to queue
[2023-06-13T23:25:40.978+0000] {logging_mixin.py:149} INFO - [2023-06-13T23:25:40.978+0000] {dagbag.py:541} INFO - Filling up the DagBag from /home/airflow/.local/lib/python3.7/site-packages/airflow/example_dags/example_time_delta_sensor_async.py
[2023-06-13T23:25:40.989+0000] {processor.py:836} INFO - DAG(s) dict_keys(['example_time_delta_sensor_async']) retrieved from /home/airflow/.local/lib/python3.7/site-packages/airflow/example_dags/example_time_delta_sensor_async.py
[2023-06-13T23:25:41.101+0000] {logging_mixin.py:149} INFO - [2023-06-13T23:25:41.101+0000] {dag.py:2726} INFO - Sync 1 DAGs
[2023-06-13T23:25:41.162+0000] {logging_mixin.py:149} INFO - [2023-06-13T23:25:41.162+0000] {dag.py:3490} INFO - Setting next_dagrun for example_time_delta_sensor_async to None, run_after=None
[2023-06-13T23:25:41.234+0000] {processor.py:179} INFO - Processing /home/airflow/.local/lib/python3.7/site-packages/airflow/example_dags/example_time_delta_sensor_async.py took 0.267 seconds
