[2023-06-13T22:54:13.651+0000] {processor.py:157} INFO - Started process (PID=343) to work on /home/airflow/.local/lib/python3.7/site-packages/airflow/example_dags/example_skip_dag.py
[2023-06-13T22:54:13.652+0000] {processor.py:826} INFO - Processing file /home/airflow/.local/lib/python3.7/site-packages/airflow/example_dags/example_skip_dag.py for tasks to queue
[2023-06-13T22:54:13.654+0000] {logging_mixin.py:149} INFO - [2023-06-13T22:54:13.653+0000] {dagbag.py:541} INFO - Filling up the DagBag from /home/airflow/.local/lib/python3.7/site-packages/airflow/example_dags/example_skip_dag.py
[2023-06-13T22:54:13.668+0000] {processor.py:836} INFO - DAG(s) dict_keys(['example_skip_dag']) retrieved from /home/airflow/.local/lib/python3.7/site-packages/airflow/example_dags/example_skip_dag.py
[2023-06-13T22:54:13.739+0000] {logging_mixin.py:149} INFO - [2023-06-13T22:54:13.739+0000] {dag.py:2726} INFO - Sync 1 DAGs
[2023-06-13T22:54:13.802+0000] {logging_mixin.py:149} INFO - [2023-06-13T22:54:13.801+0000] {dag.py:3490} INFO - Setting next_dagrun for example_skip_dag to 2023-06-12T22:54:13.801013+00:00, run_after=2023-06-13T22:54:13.801013+00:00
[2023-06-13T22:54:13.867+0000] {processor.py:179} INFO - Processing /home/airflow/.local/lib/python3.7/site-packages/airflow/example_dags/example_skip_dag.py took 0.225 seconds
[2023-06-13T22:54:46.528+0000] {processor.py:157} INFO - Started process (PID=585) to work on /home/airflow/.local/lib/python3.7/site-packages/airflow/example_dags/example_skip_dag.py
[2023-06-13T22:54:46.529+0000] {processor.py:826} INFO - Processing file /home/airflow/.local/lib/python3.7/site-packages/airflow/example_dags/example_skip_dag.py for tasks to queue
[2023-06-13T22:54:46.530+0000] {logging_mixin.py:149} INFO - [2023-06-13T22:54:46.530+0000] {dagbag.py:541} INFO - Filling up the DagBag from /home/airflow/.local/lib/python3.7/site-packages/airflow/example_dags/example_skip_dag.py
[2023-06-13T22:54:46.541+0000] {processor.py:836} INFO - DAG(s) dict_keys(['example_skip_dag']) retrieved from /home/airflow/.local/lib/python3.7/site-packages/airflow/example_dags/example_skip_dag.py
[2023-06-13T22:54:46.605+0000] {logging_mixin.py:149} INFO - [2023-06-13T22:54:46.604+0000] {dag.py:2726} INFO - Sync 1 DAGs
[2023-06-13T22:54:46.835+0000] {logging_mixin.py:149} INFO - [2023-06-13T22:54:46.834+0000] {dag.py:3490} INFO - Setting next_dagrun for example_skip_dag to 2023-06-12T22:54:46.834669+00:00, run_after=2023-06-13T22:54:46.834669+00:00
[2023-06-13T22:54:46.887+0000] {processor.py:179} INFO - Processing /home/airflow/.local/lib/python3.7/site-packages/airflow/example_dags/example_skip_dag.py took 0.364 seconds
[2023-06-13T22:55:17.251+0000] {processor.py:157} INFO - Started process (PID=823) to work on /home/airflow/.local/lib/python3.7/site-packages/airflow/example_dags/example_skip_dag.py
[2023-06-13T22:55:17.253+0000] {processor.py:826} INFO - Processing file /home/airflow/.local/lib/python3.7/site-packages/airflow/example_dags/example_skip_dag.py for tasks to queue
[2023-06-13T22:55:17.254+0000] {logging_mixin.py:149} INFO - [2023-06-13T22:55:17.254+0000] {dagbag.py:541} INFO - Filling up the DagBag from /home/airflow/.local/lib/python3.7/site-packages/airflow/example_dags/example_skip_dag.py
[2023-06-13T22:55:17.269+0000] {processor.py:836} INFO - DAG(s) dict_keys(['example_skip_dag']) retrieved from /home/airflow/.local/lib/python3.7/site-packages/airflow/example_dags/example_skip_dag.py
[2023-06-13T22:55:17.345+0000] {logging_mixin.py:149} INFO - [2023-06-13T22:55:17.344+0000] {dag.py:2726} INFO - Sync 1 DAGs
[2023-06-13T22:55:17.406+0000] {logging_mixin.py:149} INFO - [2023-06-13T22:55:17.406+0000] {dag.py:3490} INFO - Setting next_dagrun for example_skip_dag to 2023-06-12T22:55:17.405735+00:00, run_after=2023-06-13T22:55:17.405735+00:00
[2023-06-13T22:55:17.495+0000] {processor.py:179} INFO - Processing /home/airflow/.local/lib/python3.7/site-packages/airflow/example_dags/example_skip_dag.py took 0.250 seconds
[2023-06-13T22:55:48.075+0000] {processor.py:157} INFO - Started process (PID=1074) to work on /home/airflow/.local/lib/python3.7/site-packages/airflow/example_dags/example_skip_dag.py
[2023-06-13T22:55:48.083+0000] {processor.py:826} INFO - Processing file /home/airflow/.local/lib/python3.7/site-packages/airflow/example_dags/example_skip_dag.py for tasks to queue
[2023-06-13T22:55:48.085+0000] {logging_mixin.py:149} INFO - [2023-06-13T22:55:48.085+0000] {dagbag.py:541} INFO - Filling up the DagBag from /home/airflow/.local/lib/python3.7/site-packages/airflow/example_dags/example_skip_dag.py
[2023-06-13T22:55:48.104+0000] {processor.py:836} INFO - DAG(s) dict_keys(['example_skip_dag']) retrieved from /home/airflow/.local/lib/python3.7/site-packages/airflow/example_dags/example_skip_dag.py
[2023-06-13T22:55:48.190+0000] {logging_mixin.py:149} INFO - [2023-06-13T22:55:48.190+0000] {dag.py:2726} INFO - Sync 1 DAGs
[2023-06-13T22:55:48.245+0000] {logging_mixin.py:149} INFO - [2023-06-13T22:55:48.245+0000] {dag.py:3490} INFO - Setting next_dagrun for example_skip_dag to 2023-06-12T22:55:48.244817+00:00, run_after=2023-06-13T22:55:48.244817+00:00
[2023-06-13T22:55:48.308+0000] {processor.py:179} INFO - Processing /home/airflow/.local/lib/python3.7/site-packages/airflow/example_dags/example_skip_dag.py took 0.242 seconds
[2023-06-13T22:56:18.704+0000] {processor.py:157} INFO - Started process (PID=1314) to work on /home/airflow/.local/lib/python3.7/site-packages/airflow/example_dags/example_skip_dag.py
[2023-06-13T22:56:18.706+0000] {processor.py:826} INFO - Processing file /home/airflow/.local/lib/python3.7/site-packages/airflow/example_dags/example_skip_dag.py for tasks to queue
[2023-06-13T22:56:18.707+0000] {logging_mixin.py:149} INFO - [2023-06-13T22:56:18.707+0000] {dagbag.py:541} INFO - Filling up the DagBag from /home/airflow/.local/lib/python3.7/site-packages/airflow/example_dags/example_skip_dag.py
[2023-06-13T22:56:18.720+0000] {processor.py:836} INFO - DAG(s) dict_keys(['example_skip_dag']) retrieved from /home/airflow/.local/lib/python3.7/site-packages/airflow/example_dags/example_skip_dag.py
[2023-06-13T22:56:18.774+0000] {logging_mixin.py:149} INFO - [2023-06-13T22:56:18.774+0000] {dag.py:2726} INFO - Sync 1 DAGs
[2023-06-13T22:56:18.831+0000] {logging_mixin.py:149} INFO - [2023-06-13T22:56:18.831+0000] {dag.py:3490} INFO - Setting next_dagrun for example_skip_dag to 2023-06-12T22:56:18.830438+00:00, run_after=2023-06-13T22:56:18.830438+00:00
[2023-06-13T22:56:18.883+0000] {processor.py:179} INFO - Processing /home/airflow/.local/lib/python3.7/site-packages/airflow/example_dags/example_skip_dag.py took 0.185 seconds
[2023-06-13T22:56:49.068+0000] {processor.py:157} INFO - Started process (PID=1554) to work on /home/airflow/.local/lib/python3.7/site-packages/airflow/example_dags/example_skip_dag.py
[2023-06-13T22:56:49.070+0000] {processor.py:826} INFO - Processing file /home/airflow/.local/lib/python3.7/site-packages/airflow/example_dags/example_skip_dag.py for tasks to queue
[2023-06-13T22:56:49.072+0000] {logging_mixin.py:149} INFO - [2023-06-13T22:56:49.071+0000] {dagbag.py:541} INFO - Filling up the DagBag from /home/airflow/.local/lib/python3.7/site-packages/airflow/example_dags/example_skip_dag.py
[2023-06-13T22:56:49.085+0000] {processor.py:836} INFO - DAG(s) dict_keys(['example_skip_dag']) retrieved from /home/airflow/.local/lib/python3.7/site-packages/airflow/example_dags/example_skip_dag.py
[2023-06-13T22:56:49.140+0000] {logging_mixin.py:149} INFO - [2023-06-13T22:56:49.139+0000] {dag.py:2726} INFO - Sync 1 DAGs
[2023-06-13T22:56:49.196+0000] {logging_mixin.py:149} INFO - [2023-06-13T22:56:49.195+0000] {dag.py:3490} INFO - Setting next_dagrun for example_skip_dag to 2023-06-12T22:56:49.195135+00:00, run_after=2023-06-13T22:56:49.195135+00:00
[2023-06-13T22:56:49.246+0000] {processor.py:179} INFO - Processing /home/airflow/.local/lib/python3.7/site-packages/airflow/example_dags/example_skip_dag.py took 0.186 seconds
[2023-06-13T22:57:20.093+0000] {processor.py:157} INFO - Started process (PID=1788) to work on /home/airflow/.local/lib/python3.7/site-packages/airflow/example_dags/example_skip_dag.py
[2023-06-13T22:57:20.096+0000] {processor.py:826} INFO - Processing file /home/airflow/.local/lib/python3.7/site-packages/airflow/example_dags/example_skip_dag.py for tasks to queue
[2023-06-13T22:57:20.099+0000] {logging_mixin.py:149} INFO - [2023-06-13T22:57:20.098+0000] {dagbag.py:541} INFO - Filling up the DagBag from /home/airflow/.local/lib/python3.7/site-packages/airflow/example_dags/example_skip_dag.py
[2023-06-13T22:57:20.118+0000] {processor.py:836} INFO - DAG(s) dict_keys(['example_skip_dag']) retrieved from /home/airflow/.local/lib/python3.7/site-packages/airflow/example_dags/example_skip_dag.py
[2023-06-13T22:57:20.197+0000] {logging_mixin.py:149} INFO - [2023-06-13T22:57:20.196+0000] {dag.py:2726} INFO - Sync 1 DAGs
[2023-06-13T22:57:20.257+0000] {logging_mixin.py:149} INFO - [2023-06-13T22:57:20.257+0000] {dag.py:3490} INFO - Setting next_dagrun for example_skip_dag to 2023-06-12T22:57:20.256603+00:00, run_after=2023-06-13T22:57:20.256603+00:00
[2023-06-13T22:57:20.318+0000] {processor.py:179} INFO - Processing /home/airflow/.local/lib/python3.7/site-packages/airflow/example_dags/example_skip_dag.py took 0.233 seconds
[2023-06-13T22:57:50.639+0000] {processor.py:157} INFO - Started process (PID=2028) to work on /home/airflow/.local/lib/python3.7/site-packages/airflow/example_dags/example_skip_dag.py
[2023-06-13T22:57:50.640+0000] {processor.py:826} INFO - Processing file /home/airflow/.local/lib/python3.7/site-packages/airflow/example_dags/example_skip_dag.py for tasks to queue
[2023-06-13T22:57:50.642+0000] {logging_mixin.py:149} INFO - [2023-06-13T22:57:50.641+0000] {dagbag.py:541} INFO - Filling up the DagBag from /home/airflow/.local/lib/python3.7/site-packages/airflow/example_dags/example_skip_dag.py
[2023-06-13T22:57:50.655+0000] {processor.py:836} INFO - DAG(s) dict_keys(['example_skip_dag']) retrieved from /home/airflow/.local/lib/python3.7/site-packages/airflow/example_dags/example_skip_dag.py
[2023-06-13T22:57:50.713+0000] {logging_mixin.py:149} INFO - [2023-06-13T22:57:50.712+0000] {dag.py:2726} INFO - Sync 1 DAGs
[2023-06-13T22:57:50.775+0000] {logging_mixin.py:149} INFO - [2023-06-13T22:57:50.775+0000] {dag.py:3490} INFO - Setting next_dagrun for example_skip_dag to 2023-06-12T22:57:50.774792+00:00, run_after=2023-06-13T22:57:50.774792+00:00
[2023-06-13T22:57:50.835+0000] {processor.py:179} INFO - Processing /home/airflow/.local/lib/python3.7/site-packages/airflow/example_dags/example_skip_dag.py took 0.205 seconds
[2023-06-13T22:58:21.804+0000] {processor.py:157} INFO - Started process (PID=2273) to work on /home/airflow/.local/lib/python3.7/site-packages/airflow/example_dags/example_skip_dag.py
[2023-06-13T22:58:21.806+0000] {processor.py:826} INFO - Processing file /home/airflow/.local/lib/python3.7/site-packages/airflow/example_dags/example_skip_dag.py for tasks to queue
[2023-06-13T22:58:21.807+0000] {logging_mixin.py:149} INFO - [2023-06-13T22:58:21.807+0000] {dagbag.py:541} INFO - Filling up the DagBag from /home/airflow/.local/lib/python3.7/site-packages/airflow/example_dags/example_skip_dag.py
[2023-06-13T22:58:21.822+0000] {processor.py:836} INFO - DAG(s) dict_keys(['example_skip_dag']) retrieved from /home/airflow/.local/lib/python3.7/site-packages/airflow/example_dags/example_skip_dag.py
[2023-06-13T22:58:21.882+0000] {logging_mixin.py:149} INFO - [2023-06-13T22:58:21.881+0000] {dag.py:2726} INFO - Sync 1 DAGs
[2023-06-13T22:58:21.920+0000] {logging_mixin.py:149} INFO - [2023-06-13T22:58:21.920+0000] {dag.py:3490} INFO - Setting next_dagrun for example_skip_dag to 2023-06-12T22:58:21.920072+00:00, run_after=2023-06-13T22:58:21.920072+00:00
[2023-06-13T22:58:21.964+0000] {processor.py:179} INFO - Processing /home/airflow/.local/lib/python3.7/site-packages/airflow/example_dags/example_skip_dag.py took 0.165 seconds
[2023-06-13T22:58:52.886+0000] {processor.py:157} INFO - Started process (PID=2513) to work on /home/airflow/.local/lib/python3.7/site-packages/airflow/example_dags/example_skip_dag.py
[2023-06-13T22:58:52.888+0000] {processor.py:826} INFO - Processing file /home/airflow/.local/lib/python3.7/site-packages/airflow/example_dags/example_skip_dag.py for tasks to queue
[2023-06-13T22:58:52.890+0000] {logging_mixin.py:149} INFO - [2023-06-13T22:58:52.889+0000] {dagbag.py:541} INFO - Filling up the DagBag from /home/airflow/.local/lib/python3.7/site-packages/airflow/example_dags/example_skip_dag.py
[2023-06-13T22:58:52.906+0000] {processor.py:836} INFO - DAG(s) dict_keys(['example_skip_dag']) retrieved from /home/airflow/.local/lib/python3.7/site-packages/airflow/example_dags/example_skip_dag.py
[2023-06-13T22:58:52.981+0000] {logging_mixin.py:149} INFO - [2023-06-13T22:58:52.981+0000] {dag.py:2726} INFO - Sync 1 DAGs
[2023-06-13T22:58:53.039+0000] {logging_mixin.py:149} INFO - [2023-06-13T22:58:53.039+0000] {dag.py:3490} INFO - Setting next_dagrun for example_skip_dag to 2023-06-12T22:58:53.038382+00:00, run_after=2023-06-13T22:58:53.038382+00:00
[2023-06-13T22:58:53.108+0000] {processor.py:179} INFO - Processing /home/airflow/.local/lib/python3.7/site-packages/airflow/example_dags/example_skip_dag.py took 0.229 seconds
[2023-06-13T22:59:23.327+0000] {processor.py:157} INFO - Started process (PID=2753) to work on /home/airflow/.local/lib/python3.7/site-packages/airflow/example_dags/example_skip_dag.py
[2023-06-13T22:59:23.329+0000] {processor.py:826} INFO - Processing file /home/airflow/.local/lib/python3.7/site-packages/airflow/example_dags/example_skip_dag.py for tasks to queue
[2023-06-13T22:59:23.331+0000] {logging_mixin.py:149} INFO - [2023-06-13T22:59:23.330+0000] {dagbag.py:541} INFO - Filling up the DagBag from /home/airflow/.local/lib/python3.7/site-packages/airflow/example_dags/example_skip_dag.py
[2023-06-13T22:59:23.341+0000] {processor.py:836} INFO - DAG(s) dict_keys(['example_skip_dag']) retrieved from /home/airflow/.local/lib/python3.7/site-packages/airflow/example_dags/example_skip_dag.py
[2023-06-13T22:59:23.396+0000] {logging_mixin.py:149} INFO - [2023-06-13T22:59:23.396+0000] {dag.py:2726} INFO - Sync 1 DAGs
[2023-06-13T22:59:23.448+0000] {logging_mixin.py:149} INFO - [2023-06-13T22:59:23.448+0000] {dag.py:3490} INFO - Setting next_dagrun for example_skip_dag to 2023-06-12T22:59:23.448093+00:00, run_after=2023-06-13T22:59:23.448093+00:00
[2023-06-13T22:59:23.502+0000] {processor.py:179} INFO - Processing /home/airflow/.local/lib/python3.7/site-packages/airflow/example_dags/example_skip_dag.py took 0.181 seconds
[2023-06-13T22:59:53.962+0000] {processor.py:157} INFO - Started process (PID=2993) to work on /home/airflow/.local/lib/python3.7/site-packages/airflow/example_dags/example_skip_dag.py
[2023-06-13T22:59:53.964+0000] {processor.py:826} INFO - Processing file /home/airflow/.local/lib/python3.7/site-packages/airflow/example_dags/example_skip_dag.py for tasks to queue
[2023-06-13T22:59:53.965+0000] {logging_mixin.py:149} INFO - [2023-06-13T22:59:53.965+0000] {dagbag.py:541} INFO - Filling up the DagBag from /home/airflow/.local/lib/python3.7/site-packages/airflow/example_dags/example_skip_dag.py
[2023-06-13T22:59:53.978+0000] {processor.py:836} INFO - DAG(s) dict_keys(['example_skip_dag']) retrieved from /home/airflow/.local/lib/python3.7/site-packages/airflow/example_dags/example_skip_dag.py
[2023-06-13T22:59:54.043+0000] {logging_mixin.py:149} INFO - [2023-06-13T22:59:54.043+0000] {dag.py:2726} INFO - Sync 1 DAGs
[2023-06-13T22:59:54.103+0000] {logging_mixin.py:149} INFO - [2023-06-13T22:59:54.102+0000] {dag.py:3490} INFO - Setting next_dagrun for example_skip_dag to 2023-06-12T22:59:54.101487+00:00, run_after=2023-06-13T22:59:54.101487+00:00
[2023-06-13T22:59:54.170+0000] {processor.py:179} INFO - Processing /home/airflow/.local/lib/python3.7/site-packages/airflow/example_dags/example_skip_dag.py took 0.215 seconds
[2023-06-13T23:00:24.994+0000] {processor.py:157} INFO - Started process (PID=3233) to work on /home/airflow/.local/lib/python3.7/site-packages/airflow/example_dags/example_skip_dag.py
[2023-06-13T23:00:24.997+0000] {processor.py:826} INFO - Processing file /home/airflow/.local/lib/python3.7/site-packages/airflow/example_dags/example_skip_dag.py for tasks to queue
[2023-06-13T23:00:24.999+0000] {logging_mixin.py:149} INFO - [2023-06-13T23:00:24.999+0000] {dagbag.py:541} INFO - Filling up the DagBag from /home/airflow/.local/lib/python3.7/site-packages/airflow/example_dags/example_skip_dag.py
[2023-06-13T23:00:25.018+0000] {processor.py:836} INFO - DAG(s) dict_keys(['example_skip_dag']) retrieved from /home/airflow/.local/lib/python3.7/site-packages/airflow/example_dags/example_skip_dag.py
[2023-06-13T23:00:25.098+0000] {logging_mixin.py:149} INFO - [2023-06-13T23:00:25.097+0000] {dag.py:2726} INFO - Sync 1 DAGs
[2023-06-13T23:00:25.153+0000] {logging_mixin.py:149} INFO - [2023-06-13T23:00:25.153+0000] {dag.py:3490} INFO - Setting next_dagrun for example_skip_dag to 2023-06-12T23:00:25.152862+00:00, run_after=2023-06-13T23:00:25.152862+00:00
[2023-06-13T23:00:25.204+0000] {processor.py:179} INFO - Processing /home/airflow/.local/lib/python3.7/site-packages/airflow/example_dags/example_skip_dag.py took 0.216 seconds
[2023-06-13T23:00:55.966+0000] {processor.py:157} INFO - Started process (PID=3480) to work on /home/airflow/.local/lib/python3.7/site-packages/airflow/example_dags/example_skip_dag.py
[2023-06-13T23:00:55.969+0000] {processor.py:826} INFO - Processing file /home/airflow/.local/lib/python3.7/site-packages/airflow/example_dags/example_skip_dag.py for tasks to queue
[2023-06-13T23:00:55.970+0000] {logging_mixin.py:149} INFO - [2023-06-13T23:00:55.970+0000] {dagbag.py:541} INFO - Filling up the DagBag from /home/airflow/.local/lib/python3.7/site-packages/airflow/example_dags/example_skip_dag.py
[2023-06-13T23:00:55.983+0000] {processor.py:836} INFO - DAG(s) dict_keys(['example_skip_dag']) retrieved from /home/airflow/.local/lib/python3.7/site-packages/airflow/example_dags/example_skip_dag.py
[2023-06-13T23:00:56.056+0000] {logging_mixin.py:149} INFO - [2023-06-13T23:00:56.055+0000] {dag.py:2726} INFO - Sync 1 DAGs
[2023-06-13T23:00:56.117+0000] {logging_mixin.py:149} INFO - [2023-06-13T23:00:56.117+0000] {dag.py:3490} INFO - Setting next_dagrun for example_skip_dag to 2023-06-12T23:00:56.116195+00:00, run_after=2023-06-13T23:00:56.116195+00:00
[2023-06-13T23:00:56.173+0000] {processor.py:179} INFO - Processing /home/airflow/.local/lib/python3.7/site-packages/airflow/example_dags/example_skip_dag.py took 0.212 seconds
[2023-06-13T23:01:26.711+0000] {processor.py:157} INFO - Started process (PID=3722) to work on /home/airflow/.local/lib/python3.7/site-packages/airflow/example_dags/example_skip_dag.py
[2023-06-13T23:01:26.713+0000] {processor.py:826} INFO - Processing file /home/airflow/.local/lib/python3.7/site-packages/airflow/example_dags/example_skip_dag.py for tasks to queue
[2023-06-13T23:01:26.714+0000] {logging_mixin.py:149} INFO - [2023-06-13T23:01:26.714+0000] {dagbag.py:541} INFO - Filling up the DagBag from /home/airflow/.local/lib/python3.7/site-packages/airflow/example_dags/example_skip_dag.py
[2023-06-13T23:01:26.728+0000] {processor.py:836} INFO - DAG(s) dict_keys(['example_skip_dag']) retrieved from /home/airflow/.local/lib/python3.7/site-packages/airflow/example_dags/example_skip_dag.py
[2023-06-13T23:01:26.791+0000] {logging_mixin.py:149} INFO - [2023-06-13T23:01:26.790+0000] {dag.py:2726} INFO - Sync 1 DAGs
[2023-06-13T23:01:26.855+0000] {logging_mixin.py:149} INFO - [2023-06-13T23:01:26.855+0000] {dag.py:3490} INFO - Setting next_dagrun for example_skip_dag to 2023-06-12T23:01:26.854566+00:00, run_after=2023-06-13T23:01:26.854566+00:00
[2023-06-13T23:01:26.910+0000] {processor.py:179} INFO - Processing /home/airflow/.local/lib/python3.7/site-packages/airflow/example_dags/example_skip_dag.py took 0.205 seconds
[2023-06-13T23:01:57.917+0000] {processor.py:157} INFO - Started process (PID=3961) to work on /home/airflow/.local/lib/python3.7/site-packages/airflow/example_dags/example_skip_dag.py
[2023-06-13T23:01:57.919+0000] {processor.py:826} INFO - Processing file /home/airflow/.local/lib/python3.7/site-packages/airflow/example_dags/example_skip_dag.py for tasks to queue
[2023-06-13T23:01:57.920+0000] {logging_mixin.py:149} INFO - [2023-06-13T23:01:57.920+0000] {dagbag.py:541} INFO - Filling up the DagBag from /home/airflow/.local/lib/python3.7/site-packages/airflow/example_dags/example_skip_dag.py
[2023-06-13T23:01:57.935+0000] {processor.py:836} INFO - DAG(s) dict_keys(['example_skip_dag']) retrieved from /home/airflow/.local/lib/python3.7/site-packages/airflow/example_dags/example_skip_dag.py
[2023-06-13T23:01:57.995+0000] {logging_mixin.py:149} INFO - [2023-06-13T23:01:57.995+0000] {dag.py:2726} INFO - Sync 1 DAGs
[2023-06-13T23:01:58.055+0000] {logging_mixin.py:149} INFO - [2023-06-13T23:01:58.055+0000] {dag.py:3490} INFO - Setting next_dagrun for example_skip_dag to 2023-06-12T23:01:58.054833+00:00, run_after=2023-06-13T23:01:58.054833+00:00
[2023-06-13T23:01:58.125+0000] {processor.py:179} INFO - Processing /home/airflow/.local/lib/python3.7/site-packages/airflow/example_dags/example_skip_dag.py took 0.214 seconds
[2023-06-13T23:02:29.185+0000] {processor.py:157} INFO - Started process (PID=4203) to work on /home/airflow/.local/lib/python3.7/site-packages/airflow/example_dags/example_skip_dag.py
[2023-06-13T23:02:29.187+0000] {processor.py:826} INFO - Processing file /home/airflow/.local/lib/python3.7/site-packages/airflow/example_dags/example_skip_dag.py for tasks to queue
[2023-06-13T23:02:29.188+0000] {logging_mixin.py:149} INFO - [2023-06-13T23:02:29.188+0000] {dagbag.py:541} INFO - Filling up the DagBag from /home/airflow/.local/lib/python3.7/site-packages/airflow/example_dags/example_skip_dag.py
[2023-06-13T23:02:29.199+0000] {processor.py:836} INFO - DAG(s) dict_keys(['example_skip_dag']) retrieved from /home/airflow/.local/lib/python3.7/site-packages/airflow/example_dags/example_skip_dag.py
[2023-06-13T23:02:29.251+0000] {logging_mixin.py:149} INFO - [2023-06-13T23:02:29.251+0000] {dag.py:2726} INFO - Sync 1 DAGs
[2023-06-13T23:02:29.302+0000] {logging_mixin.py:149} INFO - [2023-06-13T23:02:29.302+0000] {dag.py:3490} INFO - Setting next_dagrun for example_skip_dag to 2023-06-12T23:02:29.302034+00:00, run_after=2023-06-13T23:02:29.302034+00:00
[2023-06-13T23:02:29.357+0000] {processor.py:179} INFO - Processing /home/airflow/.local/lib/python3.7/site-packages/airflow/example_dags/example_skip_dag.py took 0.179 seconds
[2023-06-13T23:02:59.970+0000] {processor.py:157} INFO - Started process (PID=4440) to work on /home/airflow/.local/lib/python3.7/site-packages/airflow/example_dags/example_skip_dag.py
[2023-06-13T23:02:59.972+0000] {processor.py:826} INFO - Processing file /home/airflow/.local/lib/python3.7/site-packages/airflow/example_dags/example_skip_dag.py for tasks to queue
[2023-06-13T23:02:59.973+0000] {logging_mixin.py:149} INFO - [2023-06-13T23:02:59.973+0000] {dagbag.py:541} INFO - Filling up the DagBag from /home/airflow/.local/lib/python3.7/site-packages/airflow/example_dags/example_skip_dag.py
[2023-06-13T23:02:59.982+0000] {processor.py:836} INFO - DAG(s) dict_keys(['example_skip_dag']) retrieved from /home/airflow/.local/lib/python3.7/site-packages/airflow/example_dags/example_skip_dag.py
[2023-06-13T23:03:00.031+0000] {logging_mixin.py:149} INFO - [2023-06-13T23:03:00.030+0000] {dag.py:2726} INFO - Sync 1 DAGs
[2023-06-13T23:03:00.079+0000] {logging_mixin.py:149} INFO - [2023-06-13T23:03:00.079+0000] {dag.py:3490} INFO - Setting next_dagrun for example_skip_dag to 2023-06-12T23:03:00.078708+00:00, run_after=2023-06-13T23:03:00.078708+00:00
[2023-06-13T23:03:00.116+0000] {processor.py:179} INFO - Processing /home/airflow/.local/lib/python3.7/site-packages/airflow/example_dags/example_skip_dag.py took 0.152 seconds
[2023-06-13T23:03:30.367+0000] {processor.py:157} INFO - Started process (PID=4680) to work on /home/airflow/.local/lib/python3.7/site-packages/airflow/example_dags/example_skip_dag.py
[2023-06-13T23:03:30.368+0000] {processor.py:826} INFO - Processing file /home/airflow/.local/lib/python3.7/site-packages/airflow/example_dags/example_skip_dag.py for tasks to queue
[2023-06-13T23:03:30.369+0000] {logging_mixin.py:149} INFO - [2023-06-13T23:03:30.369+0000] {dagbag.py:541} INFO - Filling up the DagBag from /home/airflow/.local/lib/python3.7/site-packages/airflow/example_dags/example_skip_dag.py
[2023-06-13T23:03:30.381+0000] {processor.py:836} INFO - DAG(s) dict_keys(['example_skip_dag']) retrieved from /home/airflow/.local/lib/python3.7/site-packages/airflow/example_dags/example_skip_dag.py
[2023-06-13T23:03:30.430+0000] {logging_mixin.py:149} INFO - [2023-06-13T23:03:30.430+0000] {dag.py:2726} INFO - Sync 1 DAGs
[2023-06-13T23:03:30.472+0000] {logging_mixin.py:149} INFO - [2023-06-13T23:03:30.472+0000] {dag.py:3490} INFO - Setting next_dagrun for example_skip_dag to 2023-06-12T23:03:30.472276+00:00, run_after=2023-06-13T23:03:30.472276+00:00
[2023-06-13T23:03:30.522+0000] {processor.py:179} INFO - Processing /home/airflow/.local/lib/python3.7/site-packages/airflow/example_dags/example_skip_dag.py took 0.159 seconds
[2023-06-13T23:04:00.634+0000] {processor.py:157} INFO - Started process (PID=4915) to work on /home/airflow/.local/lib/python3.7/site-packages/airflow/example_dags/example_skip_dag.py
[2023-06-13T23:04:00.636+0000] {processor.py:826} INFO - Processing file /home/airflow/.local/lib/python3.7/site-packages/airflow/example_dags/example_skip_dag.py for tasks to queue
[2023-06-13T23:04:00.637+0000] {logging_mixin.py:149} INFO - [2023-06-13T23:04:00.637+0000] {dagbag.py:541} INFO - Filling up the DagBag from /home/airflow/.local/lib/python3.7/site-packages/airflow/example_dags/example_skip_dag.py
[2023-06-13T23:04:00.646+0000] {processor.py:836} INFO - DAG(s) dict_keys(['example_skip_dag']) retrieved from /home/airflow/.local/lib/python3.7/site-packages/airflow/example_dags/example_skip_dag.py
[2023-06-13T23:04:00.703+0000] {logging_mixin.py:149} INFO - [2023-06-13T23:04:00.702+0000] {dag.py:2726} INFO - Sync 1 DAGs
[2023-06-13T23:04:00.747+0000] {logging_mixin.py:149} INFO - [2023-06-13T23:04:00.747+0000] {dag.py:3490} INFO - Setting next_dagrun for example_skip_dag to 2023-06-12T23:04:00.746893+00:00, run_after=2023-06-13T23:04:00.746893+00:00
[2023-06-13T23:04:00.799+0000] {processor.py:179} INFO - Processing /home/airflow/.local/lib/python3.7/site-packages/airflow/example_dags/example_skip_dag.py took 0.171 seconds
[2023-06-13T23:04:30.869+0000] {processor.py:157} INFO - Started process (PID=5155) to work on /home/airflow/.local/lib/python3.7/site-packages/airflow/example_dags/example_skip_dag.py
[2023-06-13T23:04:30.874+0000] {processor.py:826} INFO - Processing file /home/airflow/.local/lib/python3.7/site-packages/airflow/example_dags/example_skip_dag.py for tasks to queue
[2023-06-13T23:04:30.875+0000] {logging_mixin.py:149} INFO - [2023-06-13T23:04:30.875+0000] {dagbag.py:541} INFO - Filling up the DagBag from /home/airflow/.local/lib/python3.7/site-packages/airflow/example_dags/example_skip_dag.py
[2023-06-13T23:04:30.888+0000] {processor.py:836} INFO - DAG(s) dict_keys(['example_skip_dag']) retrieved from /home/airflow/.local/lib/python3.7/site-packages/airflow/example_dags/example_skip_dag.py
[2023-06-13T23:04:30.935+0000] {logging_mixin.py:149} INFO - [2023-06-13T23:04:30.935+0000] {dag.py:2726} INFO - Sync 1 DAGs
[2023-06-13T23:04:30.987+0000] {logging_mixin.py:149} INFO - [2023-06-13T23:04:30.987+0000] {dag.py:3490} INFO - Setting next_dagrun for example_skip_dag to 2023-06-12T23:04:30.986698+00:00, run_after=2023-06-13T23:04:30.986698+00:00
[2023-06-13T23:04:31.036+0000] {processor.py:179} INFO - Processing /home/airflow/.local/lib/python3.7/site-packages/airflow/example_dags/example_skip_dag.py took 0.172 seconds
[2023-06-13T23:05:01.947+0000] {processor.py:157} INFO - Started process (PID=5395) to work on /home/airflow/.local/lib/python3.7/site-packages/airflow/example_dags/example_skip_dag.py
[2023-06-13T23:05:01.951+0000] {processor.py:826} INFO - Processing file /home/airflow/.local/lib/python3.7/site-packages/airflow/example_dags/example_skip_dag.py for tasks to queue
[2023-06-13T23:05:01.953+0000] {logging_mixin.py:149} INFO - [2023-06-13T23:05:01.953+0000] {dagbag.py:541} INFO - Filling up the DagBag from /home/airflow/.local/lib/python3.7/site-packages/airflow/example_dags/example_skip_dag.py
[2023-06-13T23:05:01.966+0000] {processor.py:836} INFO - DAG(s) dict_keys(['example_skip_dag']) retrieved from /home/airflow/.local/lib/python3.7/site-packages/airflow/example_dags/example_skip_dag.py
[2023-06-13T23:05:02.024+0000] {logging_mixin.py:149} INFO - [2023-06-13T23:05:02.024+0000] {dag.py:2726} INFO - Sync 1 DAGs
[2023-06-13T23:05:02.082+0000] {logging_mixin.py:149} INFO - [2023-06-13T23:05:02.082+0000] {dag.py:3490} INFO - Setting next_dagrun for example_skip_dag to 2023-06-12T23:05:02.082356+00:00, run_after=2023-06-13T23:05:02.082356+00:00
[2023-06-13T23:05:02.125+0000] {processor.py:179} INFO - Processing /home/airflow/.local/lib/python3.7/site-packages/airflow/example_dags/example_skip_dag.py took 0.185 seconds
[2023-06-13T23:05:32.921+0000] {processor.py:157} INFO - Started process (PID=5635) to work on /home/airflow/.local/lib/python3.7/site-packages/airflow/example_dags/example_skip_dag.py
[2023-06-13T23:05:32.923+0000] {processor.py:826} INFO - Processing file /home/airflow/.local/lib/python3.7/site-packages/airflow/example_dags/example_skip_dag.py for tasks to queue
[2023-06-13T23:05:32.924+0000] {logging_mixin.py:149} INFO - [2023-06-13T23:05:32.924+0000] {dagbag.py:541} INFO - Filling up the DagBag from /home/airflow/.local/lib/python3.7/site-packages/airflow/example_dags/example_skip_dag.py
[2023-06-13T23:05:32.938+0000] {processor.py:836} INFO - DAG(s) dict_keys(['example_skip_dag']) retrieved from /home/airflow/.local/lib/python3.7/site-packages/airflow/example_dags/example_skip_dag.py
[2023-06-13T23:05:32.990+0000] {logging_mixin.py:149} INFO - [2023-06-13T23:05:32.989+0000] {dag.py:2726} INFO - Sync 1 DAGs
[2023-06-13T23:05:33.051+0000] {logging_mixin.py:149} INFO - [2023-06-13T23:05:33.050+0000] {dag.py:3490} INFO - Setting next_dagrun for example_skip_dag to 2023-06-12T23:05:33.050540+00:00, run_after=2023-06-13T23:05:33.050540+00:00
[2023-06-13T23:05:33.104+0000] {processor.py:179} INFO - Processing /home/airflow/.local/lib/python3.7/site-packages/airflow/example_dags/example_skip_dag.py took 0.190 seconds
[2023-06-13T23:06:03.371+0000] {processor.py:157} INFO - Started process (PID=5875) to work on /home/airflow/.local/lib/python3.7/site-packages/airflow/example_dags/example_skip_dag.py
[2023-06-13T23:06:03.374+0000] {processor.py:826} INFO - Processing file /home/airflow/.local/lib/python3.7/site-packages/airflow/example_dags/example_skip_dag.py for tasks to queue
[2023-06-13T23:06:03.376+0000] {logging_mixin.py:149} INFO - [2023-06-13T23:06:03.376+0000] {dagbag.py:541} INFO - Filling up the DagBag from /home/airflow/.local/lib/python3.7/site-packages/airflow/example_dags/example_skip_dag.py
[2023-06-13T23:06:03.392+0000] {processor.py:836} INFO - DAG(s) dict_keys(['example_skip_dag']) retrieved from /home/airflow/.local/lib/python3.7/site-packages/airflow/example_dags/example_skip_dag.py
[2023-06-13T23:06:03.437+0000] {logging_mixin.py:149} INFO - [2023-06-13T23:06:03.437+0000] {dag.py:2726} INFO - Sync 1 DAGs
[2023-06-13T23:06:03.486+0000] {logging_mixin.py:149} INFO - [2023-06-13T23:06:03.485+0000] {dag.py:3490} INFO - Setting next_dagrun for example_skip_dag to 2023-06-12T23:06:03.485162+00:00, run_after=2023-06-13T23:06:03.485162+00:00
[2023-06-13T23:06:03.535+0000] {processor.py:179} INFO - Processing /home/airflow/.local/lib/python3.7/site-packages/airflow/example_dags/example_skip_dag.py took 0.170 seconds
[2023-06-13T23:06:33.896+0000] {processor.py:157} INFO - Started process (PID=6115) to work on /home/airflow/.local/lib/python3.7/site-packages/airflow/example_dags/example_skip_dag.py
[2023-06-13T23:06:33.898+0000] {processor.py:826} INFO - Processing file /home/airflow/.local/lib/python3.7/site-packages/airflow/example_dags/example_skip_dag.py for tasks to queue
[2023-06-13T23:06:33.900+0000] {logging_mixin.py:149} INFO - [2023-06-13T23:06:33.899+0000] {dagbag.py:541} INFO - Filling up the DagBag from /home/airflow/.local/lib/python3.7/site-packages/airflow/example_dags/example_skip_dag.py
[2023-06-13T23:06:33.908+0000] {processor.py:836} INFO - DAG(s) dict_keys(['example_skip_dag']) retrieved from /home/airflow/.local/lib/python3.7/site-packages/airflow/example_dags/example_skip_dag.py
[2023-06-13T23:06:33.968+0000] {logging_mixin.py:149} INFO - [2023-06-13T23:06:33.967+0000] {dag.py:2726} INFO - Sync 1 DAGs
[2023-06-13T23:06:34.015+0000] {logging_mixin.py:149} INFO - [2023-06-13T23:06:34.014+0000] {dag.py:3490} INFO - Setting next_dagrun for example_skip_dag to 2023-06-12T23:06:34.014405+00:00, run_after=2023-06-13T23:06:34.014405+00:00
[2023-06-13T23:06:34.082+0000] {processor.py:179} INFO - Processing /home/airflow/.local/lib/python3.7/site-packages/airflow/example_dags/example_skip_dag.py took 0.193 seconds
[2023-06-13T23:07:04.758+0000] {processor.py:157} INFO - Started process (PID=6354) to work on /home/airflow/.local/lib/python3.7/site-packages/airflow/example_dags/example_skip_dag.py
[2023-06-13T23:07:04.760+0000] {processor.py:826} INFO - Processing file /home/airflow/.local/lib/python3.7/site-packages/airflow/example_dags/example_skip_dag.py for tasks to queue
[2023-06-13T23:07:04.762+0000] {logging_mixin.py:149} INFO - [2023-06-13T23:07:04.761+0000] {dagbag.py:541} INFO - Filling up the DagBag from /home/airflow/.local/lib/python3.7/site-packages/airflow/example_dags/example_skip_dag.py
[2023-06-13T23:07:04.775+0000] {processor.py:836} INFO - DAG(s) dict_keys(['example_skip_dag']) retrieved from /home/airflow/.local/lib/python3.7/site-packages/airflow/example_dags/example_skip_dag.py
[2023-06-13T23:07:04.834+0000] {logging_mixin.py:149} INFO - [2023-06-13T23:07:04.834+0000] {dag.py:2726} INFO - Sync 1 DAGs
[2023-06-13T23:07:04.889+0000] {logging_mixin.py:149} INFO - [2023-06-13T23:07:04.888+0000] {dag.py:3490} INFO - Setting next_dagrun for example_skip_dag to 2023-06-12T23:07:04.887875+00:00, run_after=2023-06-13T23:07:04.887875+00:00
[2023-06-13T23:07:04.954+0000] {processor.py:179} INFO - Processing /home/airflow/.local/lib/python3.7/site-packages/airflow/example_dags/example_skip_dag.py took 0.204 seconds
[2023-06-13T23:07:35.206+0000] {processor.py:157} INFO - Started process (PID=6597) to work on /home/airflow/.local/lib/python3.7/site-packages/airflow/example_dags/example_skip_dag.py
[2023-06-13T23:07:35.208+0000] {processor.py:826} INFO - Processing file /home/airflow/.local/lib/python3.7/site-packages/airflow/example_dags/example_skip_dag.py for tasks to queue
[2023-06-13T23:07:35.209+0000] {logging_mixin.py:149} INFO - [2023-06-13T23:07:35.209+0000] {dagbag.py:541} INFO - Filling up the DagBag from /home/airflow/.local/lib/python3.7/site-packages/airflow/example_dags/example_skip_dag.py
[2023-06-13T23:07:35.223+0000] {processor.py:836} INFO - DAG(s) dict_keys(['example_skip_dag']) retrieved from /home/airflow/.local/lib/python3.7/site-packages/airflow/example_dags/example_skip_dag.py
[2023-06-13T23:07:35.278+0000] {logging_mixin.py:149} INFO - [2023-06-13T23:07:35.278+0000] {dag.py:2726} INFO - Sync 1 DAGs
[2023-06-13T23:07:35.323+0000] {logging_mixin.py:149} INFO - [2023-06-13T23:07:35.323+0000] {dag.py:3490} INFO - Setting next_dagrun for example_skip_dag to 2023-06-12T23:07:35.322905+00:00, run_after=2023-06-13T23:07:35.322905+00:00
[2023-06-13T23:07:35.375+0000] {processor.py:179} INFO - Processing /home/airflow/.local/lib/python3.7/site-packages/airflow/example_dags/example_skip_dag.py took 0.173 seconds
[2023-06-13T23:08:05.673+0000] {processor.py:157} INFO - Started process (PID=6836) to work on /home/airflow/.local/lib/python3.7/site-packages/airflow/example_dags/example_skip_dag.py
[2023-06-13T23:08:05.675+0000] {processor.py:826} INFO - Processing file /home/airflow/.local/lib/python3.7/site-packages/airflow/example_dags/example_skip_dag.py for tasks to queue
[2023-06-13T23:08:05.679+0000] {logging_mixin.py:149} INFO - [2023-06-13T23:08:05.678+0000] {dagbag.py:541} INFO - Filling up the DagBag from /home/airflow/.local/lib/python3.7/site-packages/airflow/example_dags/example_skip_dag.py
[2023-06-13T23:08:05.692+0000] {processor.py:836} INFO - DAG(s) dict_keys(['example_skip_dag']) retrieved from /home/airflow/.local/lib/python3.7/site-packages/airflow/example_dags/example_skip_dag.py
[2023-06-13T23:08:05.756+0000] {logging_mixin.py:149} INFO - [2023-06-13T23:08:05.756+0000] {dag.py:2726} INFO - Sync 1 DAGs
[2023-06-13T23:08:05.800+0000] {logging_mixin.py:149} INFO - [2023-06-13T23:08:05.800+0000] {dag.py:3490} INFO - Setting next_dagrun for example_skip_dag to 2023-06-12T23:08:05.800009+00:00, run_after=2023-06-13T23:08:05.800009+00:00
[2023-06-13T23:08:05.847+0000] {processor.py:179} INFO - Processing /home/airflow/.local/lib/python3.7/site-packages/airflow/example_dags/example_skip_dag.py took 0.179 seconds
[2023-06-13T23:08:36.213+0000] {processor.py:157} INFO - Started process (PID=7075) to work on /home/airflow/.local/lib/python3.7/site-packages/airflow/example_dags/example_skip_dag.py
[2023-06-13T23:08:36.217+0000] {processor.py:826} INFO - Processing file /home/airflow/.local/lib/python3.7/site-packages/airflow/example_dags/example_skip_dag.py for tasks to queue
[2023-06-13T23:08:36.218+0000] {logging_mixin.py:149} INFO - [2023-06-13T23:08:36.218+0000] {dagbag.py:541} INFO - Filling up the DagBag from /home/airflow/.local/lib/python3.7/site-packages/airflow/example_dags/example_skip_dag.py
[2023-06-13T23:08:36.227+0000] {processor.py:836} INFO - DAG(s) dict_keys(['example_skip_dag']) retrieved from /home/airflow/.local/lib/python3.7/site-packages/airflow/example_dags/example_skip_dag.py
[2023-06-13T23:08:36.279+0000] {logging_mixin.py:149} INFO - [2023-06-13T23:08:36.279+0000] {dag.py:2726} INFO - Sync 1 DAGs
[2023-06-13T23:08:36.337+0000] {logging_mixin.py:149} INFO - [2023-06-13T23:08:36.337+0000] {dag.py:3490} INFO - Setting next_dagrun for example_skip_dag to 2023-06-12T23:08:36.336975+00:00, run_after=2023-06-13T23:08:36.336975+00:00
[2023-06-13T23:08:36.387+0000] {processor.py:179} INFO - Processing /home/airflow/.local/lib/python3.7/site-packages/airflow/example_dags/example_skip_dag.py took 0.183 seconds
[2023-06-13T23:09:06.979+0000] {processor.py:157} INFO - Started process (PID=7315) to work on /home/airflow/.local/lib/python3.7/site-packages/airflow/example_dags/example_skip_dag.py
[2023-06-13T23:09:06.982+0000] {processor.py:826} INFO - Processing file /home/airflow/.local/lib/python3.7/site-packages/airflow/example_dags/example_skip_dag.py for tasks to queue
[2023-06-13T23:09:06.983+0000] {logging_mixin.py:149} INFO - [2023-06-13T23:09:06.983+0000] {dagbag.py:541} INFO - Filling up the DagBag from /home/airflow/.local/lib/python3.7/site-packages/airflow/example_dags/example_skip_dag.py
[2023-06-13T23:09:06.994+0000] {processor.py:836} INFO - DAG(s) dict_keys(['example_skip_dag']) retrieved from /home/airflow/.local/lib/python3.7/site-packages/airflow/example_dags/example_skip_dag.py
[2023-06-13T23:09:07.049+0000] {logging_mixin.py:149} INFO - [2023-06-13T23:09:07.049+0000] {dag.py:2726} INFO - Sync 1 DAGs
[2023-06-13T23:09:07.107+0000] {logging_mixin.py:149} INFO - [2023-06-13T23:09:07.106+0000] {dag.py:3490} INFO - Setting next_dagrun for example_skip_dag to 2023-06-12T23:09:07.106730+00:00, run_after=2023-06-13T23:09:07.106730+00:00
[2023-06-13T23:09:07.164+0000] {processor.py:179} INFO - Processing /home/airflow/.local/lib/python3.7/site-packages/airflow/example_dags/example_skip_dag.py took 0.191 seconds
[2023-06-13T23:09:37.518+0000] {processor.py:157} INFO - Started process (PID=7553) to work on /home/airflow/.local/lib/python3.7/site-packages/airflow/example_dags/example_skip_dag.py
[2023-06-13T23:09:37.521+0000] {processor.py:826} INFO - Processing file /home/airflow/.local/lib/python3.7/site-packages/airflow/example_dags/example_skip_dag.py for tasks to queue
[2023-06-13T23:09:37.523+0000] {logging_mixin.py:149} INFO - [2023-06-13T23:09:37.522+0000] {dagbag.py:541} INFO - Filling up the DagBag from /home/airflow/.local/lib/python3.7/site-packages/airflow/example_dags/example_skip_dag.py
[2023-06-13T23:09:37.536+0000] {processor.py:836} INFO - DAG(s) dict_keys(['example_skip_dag']) retrieved from /home/airflow/.local/lib/python3.7/site-packages/airflow/example_dags/example_skip_dag.py
[2023-06-13T23:09:37.595+0000] {logging_mixin.py:149} INFO - [2023-06-13T23:09:37.595+0000] {dag.py:2726} INFO - Sync 1 DAGs
[2023-06-13T23:09:37.643+0000] {logging_mixin.py:149} INFO - [2023-06-13T23:09:37.642+0000] {dag.py:3490} INFO - Setting next_dagrun for example_skip_dag to 2023-06-12T23:09:37.641927+00:00, run_after=2023-06-13T23:09:37.641927+00:00
[2023-06-13T23:09:37.702+0000] {processor.py:179} INFO - Processing /home/airflow/.local/lib/python3.7/site-packages/airflow/example_dags/example_skip_dag.py took 0.193 seconds
[2023-06-13T23:10:08.077+0000] {processor.py:157} INFO - Started process (PID=7793) to work on /home/airflow/.local/lib/python3.7/site-packages/airflow/example_dags/example_skip_dag.py
[2023-06-13T23:10:08.080+0000] {processor.py:826} INFO - Processing file /home/airflow/.local/lib/python3.7/site-packages/airflow/example_dags/example_skip_dag.py for tasks to queue
[2023-06-13T23:10:08.082+0000] {logging_mixin.py:149} INFO - [2023-06-13T23:10:08.081+0000] {dagbag.py:541} INFO - Filling up the DagBag from /home/airflow/.local/lib/python3.7/site-packages/airflow/example_dags/example_skip_dag.py
[2023-06-13T23:10:08.094+0000] {processor.py:836} INFO - DAG(s) dict_keys(['example_skip_dag']) retrieved from /home/airflow/.local/lib/python3.7/site-packages/airflow/example_dags/example_skip_dag.py
[2023-06-13T23:10:08.148+0000] {logging_mixin.py:149} INFO - [2023-06-13T23:10:08.147+0000] {dag.py:2726} INFO - Sync 1 DAGs
[2023-06-13T23:10:08.202+0000] {logging_mixin.py:149} INFO - [2023-06-13T23:10:08.202+0000] {dag.py:3490} INFO - Setting next_dagrun for example_skip_dag to 2023-06-12T23:10:08.201718+00:00, run_after=2023-06-13T23:10:08.201718+00:00
[2023-06-13T23:10:08.242+0000] {processor.py:179} INFO - Processing /home/airflow/.local/lib/python3.7/site-packages/airflow/example_dags/example_skip_dag.py took 0.170 seconds
[2023-06-13T23:10:38.723+0000] {processor.py:157} INFO - Started process (PID=8033) to work on /home/airflow/.local/lib/python3.7/site-packages/airflow/example_dags/example_skip_dag.py
[2023-06-13T23:10:38.725+0000] {processor.py:826} INFO - Processing file /home/airflow/.local/lib/python3.7/site-packages/airflow/example_dags/example_skip_dag.py for tasks to queue
[2023-06-13T23:10:38.726+0000] {logging_mixin.py:149} INFO - [2023-06-13T23:10:38.726+0000] {dagbag.py:541} INFO - Filling up the DagBag from /home/airflow/.local/lib/python3.7/site-packages/airflow/example_dags/example_skip_dag.py
[2023-06-13T23:10:38.738+0000] {processor.py:836} INFO - DAG(s) dict_keys(['example_skip_dag']) retrieved from /home/airflow/.local/lib/python3.7/site-packages/airflow/example_dags/example_skip_dag.py
[2023-06-13T23:10:38.787+0000] {logging_mixin.py:149} INFO - [2023-06-13T23:10:38.786+0000] {dag.py:2726} INFO - Sync 1 DAGs
[2023-06-13T23:10:38.837+0000] {logging_mixin.py:149} INFO - [2023-06-13T23:10:38.837+0000] {dag.py:3490} INFO - Setting next_dagrun for example_skip_dag to 2023-06-12T23:10:38.836763+00:00, run_after=2023-06-13T23:10:38.836763+00:00
[2023-06-13T23:10:38.892+0000] {processor.py:179} INFO - Processing /home/airflow/.local/lib/python3.7/site-packages/airflow/example_dags/example_skip_dag.py took 0.174 seconds
[2023-06-13T23:11:09.405+0000] {processor.py:157} INFO - Started process (PID=8273) to work on /home/airflow/.local/lib/python3.7/site-packages/airflow/example_dags/example_skip_dag.py
[2023-06-13T23:11:09.407+0000] {processor.py:826} INFO - Processing file /home/airflow/.local/lib/python3.7/site-packages/airflow/example_dags/example_skip_dag.py for tasks to queue
[2023-06-13T23:11:09.409+0000] {logging_mixin.py:149} INFO - [2023-06-13T23:11:09.409+0000] {dagbag.py:541} INFO - Filling up the DagBag from /home/airflow/.local/lib/python3.7/site-packages/airflow/example_dags/example_skip_dag.py
[2023-06-13T23:11:09.429+0000] {processor.py:836} INFO - DAG(s) dict_keys(['example_skip_dag']) retrieved from /home/airflow/.local/lib/python3.7/site-packages/airflow/example_dags/example_skip_dag.py
[2023-06-13T23:11:09.492+0000] {logging_mixin.py:149} INFO - [2023-06-13T23:11:09.492+0000] {dag.py:2726} INFO - Sync 1 DAGs
[2023-06-13T23:11:09.549+0000] {logging_mixin.py:149} INFO - [2023-06-13T23:11:09.549+0000] {dag.py:3490} INFO - Setting next_dagrun for example_skip_dag to 2023-06-12T23:11:09.548803+00:00, run_after=2023-06-13T23:11:09.548803+00:00
[2023-06-13T23:11:09.598+0000] {processor.py:179} INFO - Processing /home/airflow/.local/lib/python3.7/site-packages/airflow/example_dags/example_skip_dag.py took 0.197 seconds
[2023-06-13T23:11:40.476+0000] {processor.py:157} INFO - Started process (PID=8513) to work on /home/airflow/.local/lib/python3.7/site-packages/airflow/example_dags/example_skip_dag.py
[2023-06-13T23:11:40.478+0000] {processor.py:826} INFO - Processing file /home/airflow/.local/lib/python3.7/site-packages/airflow/example_dags/example_skip_dag.py for tasks to queue
[2023-06-13T23:11:40.479+0000] {logging_mixin.py:149} INFO - [2023-06-13T23:11:40.479+0000] {dagbag.py:541} INFO - Filling up the DagBag from /home/airflow/.local/lib/python3.7/site-packages/airflow/example_dags/example_skip_dag.py
[2023-06-13T23:11:40.493+0000] {processor.py:836} INFO - DAG(s) dict_keys(['example_skip_dag']) retrieved from /home/airflow/.local/lib/python3.7/site-packages/airflow/example_dags/example_skip_dag.py
[2023-06-13T23:11:40.551+0000] {logging_mixin.py:149} INFO - [2023-06-13T23:11:40.551+0000] {dag.py:2726} INFO - Sync 1 DAGs
[2023-06-13T23:11:40.609+0000] {logging_mixin.py:149} INFO - [2023-06-13T23:11:40.609+0000] {dag.py:3490} INFO - Setting next_dagrun for example_skip_dag to 2023-06-12T23:11:40.608679+00:00, run_after=2023-06-13T23:11:40.608679+00:00
[2023-06-13T23:11:40.660+0000] {processor.py:179} INFO - Processing /home/airflow/.local/lib/python3.7/site-packages/airflow/example_dags/example_skip_dag.py took 0.190 seconds
[2023-06-13T23:12:11.466+0000] {processor.py:157} INFO - Started process (PID=8753) to work on /home/airflow/.local/lib/python3.7/site-packages/airflow/example_dags/example_skip_dag.py
[2023-06-13T23:12:11.470+0000] {processor.py:826} INFO - Processing file /home/airflow/.local/lib/python3.7/site-packages/airflow/example_dags/example_skip_dag.py for tasks to queue
[2023-06-13T23:12:11.471+0000] {logging_mixin.py:149} INFO - [2023-06-13T23:12:11.471+0000] {dagbag.py:541} INFO - Filling up the DagBag from /home/airflow/.local/lib/python3.7/site-packages/airflow/example_dags/example_skip_dag.py
[2023-06-13T23:12:11.483+0000] {processor.py:836} INFO - DAG(s) dict_keys(['example_skip_dag']) retrieved from /home/airflow/.local/lib/python3.7/site-packages/airflow/example_dags/example_skip_dag.py
[2023-06-13T23:12:11.541+0000] {logging_mixin.py:149} INFO - [2023-06-13T23:12:11.541+0000] {dag.py:2726} INFO - Sync 1 DAGs
[2023-06-13T23:12:11.603+0000] {logging_mixin.py:149} INFO - [2023-06-13T23:12:11.602+0000] {dag.py:3490} INFO - Setting next_dagrun for example_skip_dag to 2023-06-12T23:12:11.602307+00:00, run_after=2023-06-13T23:12:11.602307+00:00
[2023-06-13T23:12:11.668+0000] {processor.py:179} INFO - Processing /home/airflow/.local/lib/python3.7/site-packages/airflow/example_dags/example_skip_dag.py took 0.208 seconds
[2023-06-13T23:12:42.075+0000] {processor.py:157} INFO - Started process (PID=8995) to work on /home/airflow/.local/lib/python3.7/site-packages/airflow/example_dags/example_skip_dag.py
[2023-06-13T23:12:42.080+0000] {processor.py:826} INFO - Processing file /home/airflow/.local/lib/python3.7/site-packages/airflow/example_dags/example_skip_dag.py for tasks to queue
[2023-06-13T23:12:42.082+0000] {logging_mixin.py:149} INFO - [2023-06-13T23:12:42.081+0000] {dagbag.py:541} INFO - Filling up the DagBag from /home/airflow/.local/lib/python3.7/site-packages/airflow/example_dags/example_skip_dag.py
[2023-06-13T23:12:42.094+0000] {processor.py:836} INFO - DAG(s) dict_keys(['example_skip_dag']) retrieved from /home/airflow/.local/lib/python3.7/site-packages/airflow/example_dags/example_skip_dag.py
[2023-06-13T23:12:42.144+0000] {logging_mixin.py:149} INFO - [2023-06-13T23:12:42.143+0000] {dag.py:2726} INFO - Sync 1 DAGs
[2023-06-13T23:12:42.188+0000] {logging_mixin.py:149} INFO - [2023-06-13T23:12:42.187+0000] {dag.py:3490} INFO - Setting next_dagrun for example_skip_dag to 2023-06-12T23:12:42.187233+00:00, run_after=2023-06-13T23:12:42.187233+00:00
[2023-06-13T23:12:42.244+0000] {processor.py:179} INFO - Processing /home/airflow/.local/lib/python3.7/site-packages/airflow/example_dags/example_skip_dag.py took 0.175 seconds
[2023-06-13T23:13:13.011+0000] {processor.py:157} INFO - Started process (PID=9232) to work on /home/airflow/.local/lib/python3.7/site-packages/airflow/example_dags/example_skip_dag.py
[2023-06-13T23:13:13.013+0000] {processor.py:826} INFO - Processing file /home/airflow/.local/lib/python3.7/site-packages/airflow/example_dags/example_skip_dag.py for tasks to queue
[2023-06-13T23:13:13.014+0000] {logging_mixin.py:149} INFO - [2023-06-13T23:13:13.014+0000] {dagbag.py:541} INFO - Filling up the DagBag from /home/airflow/.local/lib/python3.7/site-packages/airflow/example_dags/example_skip_dag.py
[2023-06-13T23:13:13.027+0000] {processor.py:836} INFO - DAG(s) dict_keys(['example_skip_dag']) retrieved from /home/airflow/.local/lib/python3.7/site-packages/airflow/example_dags/example_skip_dag.py
[2023-06-13T23:13:13.096+0000] {logging_mixin.py:149} INFO - [2023-06-13T23:13:13.096+0000] {dag.py:2726} INFO - Sync 1 DAGs
[2023-06-13T23:13:13.157+0000] {logging_mixin.py:149} INFO - [2023-06-13T23:13:13.156+0000] {dag.py:3490} INFO - Setting next_dagrun for example_skip_dag to 2023-06-12T23:13:13.156394+00:00, run_after=2023-06-13T23:13:13.156394+00:00
[2023-06-13T23:13:13.216+0000] {processor.py:179} INFO - Processing /home/airflow/.local/lib/python3.7/site-packages/airflow/example_dags/example_skip_dag.py took 0.212 seconds
[2023-06-13T23:13:43.847+0000] {processor.py:157} INFO - Started process (PID=9472) to work on /home/airflow/.local/lib/python3.7/site-packages/airflow/example_dags/example_skip_dag.py
[2023-06-13T23:13:43.849+0000] {processor.py:826} INFO - Processing file /home/airflow/.local/lib/python3.7/site-packages/airflow/example_dags/example_skip_dag.py for tasks to queue
[2023-06-13T23:13:43.850+0000] {logging_mixin.py:149} INFO - [2023-06-13T23:13:43.850+0000] {dagbag.py:541} INFO - Filling up the DagBag from /home/airflow/.local/lib/python3.7/site-packages/airflow/example_dags/example_skip_dag.py
[2023-06-13T23:13:43.865+0000] {processor.py:836} INFO - DAG(s) dict_keys(['example_skip_dag']) retrieved from /home/airflow/.local/lib/python3.7/site-packages/airflow/example_dags/example_skip_dag.py
[2023-06-13T23:13:43.906+0000] {logging_mixin.py:149} INFO - [2023-06-13T23:13:43.905+0000] {dag.py:2726} INFO - Sync 1 DAGs
[2023-06-13T23:13:43.954+0000] {logging_mixin.py:149} INFO - [2023-06-13T23:13:43.954+0000] {dag.py:3490} INFO - Setting next_dagrun for example_skip_dag to 2023-06-12T23:13:43.953951+00:00, run_after=2023-06-13T23:13:43.953951+00:00
[2023-06-13T23:13:44.005+0000] {processor.py:179} INFO - Processing /home/airflow/.local/lib/python3.7/site-packages/airflow/example_dags/example_skip_dag.py took 0.163 seconds
[2023-06-13T23:14:14.541+0000] {processor.py:157} INFO - Started process (PID=9712) to work on /home/airflow/.local/lib/python3.7/site-packages/airflow/example_dags/example_skip_dag.py
[2023-06-13T23:14:14.548+0000] {processor.py:826} INFO - Processing file /home/airflow/.local/lib/python3.7/site-packages/airflow/example_dags/example_skip_dag.py for tasks to queue
[2023-06-13T23:14:14.549+0000] {logging_mixin.py:149} INFO - [2023-06-13T23:14:14.549+0000] {dagbag.py:541} INFO - Filling up the DagBag from /home/airflow/.local/lib/python3.7/site-packages/airflow/example_dags/example_skip_dag.py
[2023-06-13T23:14:14.563+0000] {processor.py:836} INFO - DAG(s) dict_keys(['example_skip_dag']) retrieved from /home/airflow/.local/lib/python3.7/site-packages/airflow/example_dags/example_skip_dag.py
[2023-06-13T23:14:14.616+0000] {logging_mixin.py:149} INFO - [2023-06-13T23:14:14.616+0000] {dag.py:2726} INFO - Sync 1 DAGs
[2023-06-13T23:14:14.677+0000] {logging_mixin.py:149} INFO - [2023-06-13T23:14:14.677+0000] {dag.py:3490} INFO - Setting next_dagrun for example_skip_dag to 2023-06-12T23:14:14.676400+00:00, run_after=2023-06-13T23:14:14.676400+00:00
[2023-06-13T23:14:14.722+0000] {processor.py:179} INFO - Processing /home/airflow/.local/lib/python3.7/site-packages/airflow/example_dags/example_skip_dag.py took 0.186 seconds
[2023-06-13T23:14:44.885+0000] {processor.py:157} INFO - Started process (PID=9951) to work on /home/airflow/.local/lib/python3.7/site-packages/airflow/example_dags/example_skip_dag.py
[2023-06-13T23:14:44.889+0000] {processor.py:826} INFO - Processing file /home/airflow/.local/lib/python3.7/site-packages/airflow/example_dags/example_skip_dag.py for tasks to queue
[2023-06-13T23:14:44.890+0000] {logging_mixin.py:149} INFO - [2023-06-13T23:14:44.890+0000] {dagbag.py:541} INFO - Filling up the DagBag from /home/airflow/.local/lib/python3.7/site-packages/airflow/example_dags/example_skip_dag.py
[2023-06-13T23:14:44.901+0000] {processor.py:836} INFO - DAG(s) dict_keys(['example_skip_dag']) retrieved from /home/airflow/.local/lib/python3.7/site-packages/airflow/example_dags/example_skip_dag.py
[2023-06-13T23:14:44.958+0000] {logging_mixin.py:149} INFO - [2023-06-13T23:14:44.957+0000] {dag.py:2726} INFO - Sync 1 DAGs
[2023-06-13T23:14:45.003+0000] {logging_mixin.py:149} INFO - [2023-06-13T23:14:45.002+0000] {dag.py:3490} INFO - Setting next_dagrun for example_skip_dag to 2023-06-12T23:14:45.002641+00:00, run_after=2023-06-13T23:14:45.002641+00:00
[2023-06-13T23:14:45.051+0000] {processor.py:179} INFO - Processing /home/airflow/.local/lib/python3.7/site-packages/airflow/example_dags/example_skip_dag.py took 0.170 seconds
[2023-06-13T23:15:16.113+0000] {processor.py:157} INFO - Started process (PID=10192) to work on /home/airflow/.local/lib/python3.7/site-packages/airflow/example_dags/example_skip_dag.py
[2023-06-13T23:15:16.115+0000] {processor.py:826} INFO - Processing file /home/airflow/.local/lib/python3.7/site-packages/airflow/example_dags/example_skip_dag.py for tasks to queue
[2023-06-13T23:15:16.117+0000] {logging_mixin.py:149} INFO - [2023-06-13T23:15:16.116+0000] {dagbag.py:541} INFO - Filling up the DagBag from /home/airflow/.local/lib/python3.7/site-packages/airflow/example_dags/example_skip_dag.py
[2023-06-13T23:15:16.129+0000] {processor.py:836} INFO - DAG(s) dict_keys(['example_skip_dag']) retrieved from /home/airflow/.local/lib/python3.7/site-packages/airflow/example_dags/example_skip_dag.py
[2023-06-13T23:15:16.177+0000] {logging_mixin.py:149} INFO - [2023-06-13T23:15:16.177+0000] {dag.py:2726} INFO - Sync 1 DAGs
[2023-06-13T23:15:16.228+0000] {logging_mixin.py:149} INFO - [2023-06-13T23:15:16.228+0000] {dag.py:3490} INFO - Setting next_dagrun for example_skip_dag to 2023-06-12T23:15:16.228342+00:00, run_after=2023-06-13T23:15:16.228342+00:00
[2023-06-13T23:15:16.267+0000] {processor.py:179} INFO - Processing /home/airflow/.local/lib/python3.7/site-packages/airflow/example_dags/example_skip_dag.py took 0.159 seconds
[2023-06-13T23:15:46.817+0000] {processor.py:157} INFO - Started process (PID=10432) to work on /home/airflow/.local/lib/python3.7/site-packages/airflow/example_dags/example_skip_dag.py
[2023-06-13T23:15:46.818+0000] {processor.py:826} INFO - Processing file /home/airflow/.local/lib/python3.7/site-packages/airflow/example_dags/example_skip_dag.py for tasks to queue
[2023-06-13T23:15:46.819+0000] {logging_mixin.py:149} INFO - [2023-06-13T23:15:46.819+0000] {dagbag.py:541} INFO - Filling up the DagBag from /home/airflow/.local/lib/python3.7/site-packages/airflow/example_dags/example_skip_dag.py
[2023-06-13T23:15:46.834+0000] {processor.py:836} INFO - DAG(s) dict_keys(['example_skip_dag']) retrieved from /home/airflow/.local/lib/python3.7/site-packages/airflow/example_dags/example_skip_dag.py
[2023-06-13T23:15:46.884+0000] {logging_mixin.py:149} INFO - [2023-06-13T23:15:46.884+0000] {dag.py:2726} INFO - Sync 1 DAGs
[2023-06-13T23:15:46.931+0000] {logging_mixin.py:149} INFO - [2023-06-13T23:15:46.930+0000] {dag.py:3490} INFO - Setting next_dagrun for example_skip_dag to 2023-06-12T23:15:46.930367+00:00, run_after=2023-06-13T23:15:46.930367+00:00
[2023-06-13T23:15:46.975+0000] {processor.py:179} INFO - Processing /home/airflow/.local/lib/python3.7/site-packages/airflow/example_dags/example_skip_dag.py took 0.162 seconds
[2023-06-13T23:16:17.333+0000] {processor.py:157} INFO - Started process (PID=10672) to work on /home/airflow/.local/lib/python3.7/site-packages/airflow/example_dags/example_skip_dag.py
[2023-06-13T23:16:17.338+0000] {processor.py:826} INFO - Processing file /home/airflow/.local/lib/python3.7/site-packages/airflow/example_dags/example_skip_dag.py for tasks to queue
[2023-06-13T23:16:17.339+0000] {logging_mixin.py:149} INFO - [2023-06-13T23:16:17.339+0000] {dagbag.py:541} INFO - Filling up the DagBag from /home/airflow/.local/lib/python3.7/site-packages/airflow/example_dags/example_skip_dag.py
[2023-06-13T23:16:17.355+0000] {processor.py:836} INFO - DAG(s) dict_keys(['example_skip_dag']) retrieved from /home/airflow/.local/lib/python3.7/site-packages/airflow/example_dags/example_skip_dag.py
[2023-06-13T23:16:17.424+0000] {logging_mixin.py:149} INFO - [2023-06-13T23:16:17.424+0000] {dag.py:2726} INFO - Sync 1 DAGs
[2023-06-13T23:16:17.489+0000] {logging_mixin.py:149} INFO - [2023-06-13T23:16:17.488+0000] {dag.py:3490} INFO - Setting next_dagrun for example_skip_dag to 2023-06-12T23:16:17.487771+00:00, run_after=2023-06-13T23:16:17.487771+00:00
[2023-06-13T23:16:17.565+0000] {processor.py:179} INFO - Processing /home/airflow/.local/lib/python3.7/site-packages/airflow/example_dags/example_skip_dag.py took 0.239 seconds
[2023-06-13T23:16:47.785+0000] {processor.py:157} INFO - Started process (PID=10912) to work on /home/airflow/.local/lib/python3.7/site-packages/airflow/example_dags/example_skip_dag.py
[2023-06-13T23:16:47.787+0000] {processor.py:826} INFO - Processing file /home/airflow/.local/lib/python3.7/site-packages/airflow/example_dags/example_skip_dag.py for tasks to queue
[2023-06-13T23:16:47.788+0000] {logging_mixin.py:149} INFO - [2023-06-13T23:16:47.788+0000] {dagbag.py:541} INFO - Filling up the DagBag from /home/airflow/.local/lib/python3.7/site-packages/airflow/example_dags/example_skip_dag.py
[2023-06-13T23:16:47.798+0000] {processor.py:836} INFO - DAG(s) dict_keys(['example_skip_dag']) retrieved from /home/airflow/.local/lib/python3.7/site-packages/airflow/example_dags/example_skip_dag.py
[2023-06-13T23:16:47.852+0000] {logging_mixin.py:149} INFO - [2023-06-13T23:16:47.852+0000] {dag.py:2726} INFO - Sync 1 DAGs
[2023-06-13T23:16:47.896+0000] {logging_mixin.py:149} INFO - [2023-06-13T23:16:47.895+0000] {dag.py:3490} INFO - Setting next_dagrun for example_skip_dag to 2023-06-12T23:16:47.895311+00:00, run_after=2023-06-13T23:16:47.895311+00:00
[2023-06-13T23:16:47.935+0000] {processor.py:179} INFO - Processing /home/airflow/.local/lib/python3.7/site-packages/airflow/example_dags/example_skip_dag.py took 0.155 seconds
[2023-06-13T23:17:18.984+0000] {processor.py:157} INFO - Started process (PID=11151) to work on /home/airflow/.local/lib/python3.7/site-packages/airflow/example_dags/example_skip_dag.py
[2023-06-13T23:17:18.986+0000] {processor.py:826} INFO - Processing file /home/airflow/.local/lib/python3.7/site-packages/airflow/example_dags/example_skip_dag.py for tasks to queue
[2023-06-13T23:17:18.987+0000] {logging_mixin.py:149} INFO - [2023-06-13T23:17:18.987+0000] {dagbag.py:541} INFO - Filling up the DagBag from /home/airflow/.local/lib/python3.7/site-packages/airflow/example_dags/example_skip_dag.py
[2023-06-13T23:17:19.000+0000] {processor.py:836} INFO - DAG(s) dict_keys(['example_skip_dag']) retrieved from /home/airflow/.local/lib/python3.7/site-packages/airflow/example_dags/example_skip_dag.py
[2023-06-13T23:17:19.064+0000] {logging_mixin.py:149} INFO - [2023-06-13T23:17:19.064+0000] {dag.py:2726} INFO - Sync 1 DAGs
[2023-06-13T23:17:19.126+0000] {logging_mixin.py:149} INFO - [2023-06-13T23:17:19.125+0000] {dag.py:3490} INFO - Setting next_dagrun for example_skip_dag to 2023-06-12T23:17:19.125303+00:00, run_after=2023-06-13T23:17:19.125303+00:00
[2023-06-13T23:17:19.194+0000] {processor.py:179} INFO - Processing /home/airflow/.local/lib/python3.7/site-packages/airflow/example_dags/example_skip_dag.py took 0.217 seconds
[2023-06-13T23:17:50.161+0000] {processor.py:157} INFO - Started process (PID=11391) to work on /home/airflow/.local/lib/python3.7/site-packages/airflow/example_dags/example_skip_dag.py
[2023-06-13T23:17:50.163+0000] {processor.py:826} INFO - Processing file /home/airflow/.local/lib/python3.7/site-packages/airflow/example_dags/example_skip_dag.py for tasks to queue
[2023-06-13T23:17:50.165+0000] {logging_mixin.py:149} INFO - [2023-06-13T23:17:50.164+0000] {dagbag.py:541} INFO - Filling up the DagBag from /home/airflow/.local/lib/python3.7/site-packages/airflow/example_dags/example_skip_dag.py
[2023-06-13T23:17:50.180+0000] {processor.py:836} INFO - DAG(s) dict_keys(['example_skip_dag']) retrieved from /home/airflow/.local/lib/python3.7/site-packages/airflow/example_dags/example_skip_dag.py
[2023-06-13T23:17:50.280+0000] {logging_mixin.py:149} INFO - [2023-06-13T23:17:50.280+0000] {dag.py:2726} INFO - Sync 1 DAGs
[2023-06-13T23:17:50.354+0000] {logging_mixin.py:149} INFO - [2023-06-13T23:17:50.354+0000] {dag.py:3490} INFO - Setting next_dagrun for example_skip_dag to 2023-06-12T23:17:50.353614+00:00, run_after=2023-06-13T23:17:50.353614+00:00
[2023-06-13T23:17:50.405+0000] {processor.py:179} INFO - Processing /home/airflow/.local/lib/python3.7/site-packages/airflow/example_dags/example_skip_dag.py took 0.249 seconds
[2023-06-13T23:18:20.994+0000] {processor.py:157} INFO - Started process (PID=11631) to work on /home/airflow/.local/lib/python3.7/site-packages/airflow/example_dags/example_skip_dag.py
[2023-06-13T23:18:20.996+0000] {processor.py:826} INFO - Processing file /home/airflow/.local/lib/python3.7/site-packages/airflow/example_dags/example_skip_dag.py for tasks to queue
[2023-06-13T23:18:20.997+0000] {logging_mixin.py:149} INFO - [2023-06-13T23:18:20.997+0000] {dagbag.py:541} INFO - Filling up the DagBag from /home/airflow/.local/lib/python3.7/site-packages/airflow/example_dags/example_skip_dag.py
[2023-06-13T23:18:21.011+0000] {processor.py:836} INFO - DAG(s) dict_keys(['example_skip_dag']) retrieved from /home/airflow/.local/lib/python3.7/site-packages/airflow/example_dags/example_skip_dag.py
[2023-06-13T23:18:21.073+0000] {logging_mixin.py:149} INFO - [2023-06-13T23:18:21.072+0000] {dag.py:2726} INFO - Sync 1 DAGs
[2023-06-13T23:18:21.119+0000] {logging_mixin.py:149} INFO - [2023-06-13T23:18:21.118+0000] {dag.py:3490} INFO - Setting next_dagrun for example_skip_dag to 2023-06-12T23:18:21.118333+00:00, run_after=2023-06-13T23:18:21.118333+00:00
[2023-06-13T23:18:21.174+0000] {processor.py:179} INFO - Processing /home/airflow/.local/lib/python3.7/site-packages/airflow/example_dags/example_skip_dag.py took 0.186 seconds
[2023-06-13T23:18:51.985+0000] {processor.py:157} INFO - Started process (PID=11871) to work on /home/airflow/.local/lib/python3.7/site-packages/airflow/example_dags/example_skip_dag.py
[2023-06-13T23:18:51.990+0000] {processor.py:826} INFO - Processing file /home/airflow/.local/lib/python3.7/site-packages/airflow/example_dags/example_skip_dag.py for tasks to queue
[2023-06-13T23:18:51.993+0000] {logging_mixin.py:149} INFO - [2023-06-13T23:18:51.992+0000] {dagbag.py:541} INFO - Filling up the DagBag from /home/airflow/.local/lib/python3.7/site-packages/airflow/example_dags/example_skip_dag.py
[2023-06-13T23:18:52.011+0000] {processor.py:836} INFO - DAG(s) dict_keys(['example_skip_dag']) retrieved from /home/airflow/.local/lib/python3.7/site-packages/airflow/example_dags/example_skip_dag.py
[2023-06-13T23:18:52.113+0000] {logging_mixin.py:149} INFO - [2023-06-13T23:18:52.113+0000] {dag.py:2726} INFO - Sync 1 DAGs
[2023-06-13T23:18:52.177+0000] {logging_mixin.py:149} INFO - [2023-06-13T23:18:52.176+0000] {dag.py:3490} INFO - Setting next_dagrun for example_skip_dag to 2023-06-12T23:18:52.175065+00:00, run_after=2023-06-13T23:18:52.175065+00:00
[2023-06-13T23:18:52.268+0000] {processor.py:179} INFO - Processing /home/airflow/.local/lib/python3.7/site-packages/airflow/example_dags/example_skip_dag.py took 0.294 seconds
[2023-06-13T23:19:23.005+0000] {processor.py:157} INFO - Started process (PID=12111) to work on /home/airflow/.local/lib/python3.7/site-packages/airflow/example_dags/example_skip_dag.py
[2023-06-13T23:19:23.006+0000] {processor.py:826} INFO - Processing file /home/airflow/.local/lib/python3.7/site-packages/airflow/example_dags/example_skip_dag.py for tasks to queue
[2023-06-13T23:19:23.008+0000] {logging_mixin.py:149} INFO - [2023-06-13T23:19:23.007+0000] {dagbag.py:541} INFO - Filling up the DagBag from /home/airflow/.local/lib/python3.7/site-packages/airflow/example_dags/example_skip_dag.py
[2023-06-13T23:19:23.023+0000] {processor.py:836} INFO - DAG(s) dict_keys(['example_skip_dag']) retrieved from /home/airflow/.local/lib/python3.7/site-packages/airflow/example_dags/example_skip_dag.py
[2023-06-13T23:19:23.094+0000] {logging_mixin.py:149} INFO - [2023-06-13T23:19:23.094+0000] {dag.py:2726} INFO - Sync 1 DAGs
[2023-06-13T23:19:23.154+0000] {logging_mixin.py:149} INFO - [2023-06-13T23:19:23.154+0000] {dag.py:3490} INFO - Setting next_dagrun for example_skip_dag to 2023-06-12T23:19:23.154171+00:00, run_after=2023-06-13T23:19:23.154171+00:00
[2023-06-13T23:19:23.250+0000] {processor.py:179} INFO - Processing /home/airflow/.local/lib/python3.7/site-packages/airflow/example_dags/example_skip_dag.py took 0.251 seconds
[2023-06-13T23:19:53.758+0000] {processor.py:157} INFO - Started process (PID=12351) to work on /home/airflow/.local/lib/python3.7/site-packages/airflow/example_dags/example_skip_dag.py
[2023-06-13T23:19:53.760+0000] {processor.py:826} INFO - Processing file /home/airflow/.local/lib/python3.7/site-packages/airflow/example_dags/example_skip_dag.py for tasks to queue
[2023-06-13T23:19:53.761+0000] {logging_mixin.py:149} INFO - [2023-06-13T23:19:53.761+0000] {dagbag.py:541} INFO - Filling up the DagBag from /home/airflow/.local/lib/python3.7/site-packages/airflow/example_dags/example_skip_dag.py
[2023-06-13T23:19:53.774+0000] {processor.py:836} INFO - DAG(s) dict_keys(['example_skip_dag']) retrieved from /home/airflow/.local/lib/python3.7/site-packages/airflow/example_dags/example_skip_dag.py
[2023-06-13T23:19:53.847+0000] {logging_mixin.py:149} INFO - [2023-06-13T23:19:53.846+0000] {dag.py:2726} INFO - Sync 1 DAGs
[2023-06-13T23:19:53.913+0000] {logging_mixin.py:149} INFO - [2023-06-13T23:19:53.912+0000] {dag.py:3490} INFO - Setting next_dagrun for example_skip_dag to 2023-06-12T23:19:53.911414+00:00, run_after=2023-06-13T23:19:53.911414+00:00
[2023-06-13T23:19:53.976+0000] {processor.py:179} INFO - Processing /home/airflow/.local/lib/python3.7/site-packages/airflow/example_dags/example_skip_dag.py took 0.226 seconds
[2023-06-13T23:20:25.085+0000] {processor.py:157} INFO - Started process (PID=12593) to work on /home/airflow/.local/lib/python3.7/site-packages/airflow/example_dags/example_skip_dag.py
[2023-06-13T23:20:25.087+0000] {processor.py:826} INFO - Processing file /home/airflow/.local/lib/python3.7/site-packages/airflow/example_dags/example_skip_dag.py for tasks to queue
[2023-06-13T23:20:25.089+0000] {logging_mixin.py:149} INFO - [2023-06-13T23:20:25.088+0000] {dagbag.py:541} INFO - Filling up the DagBag from /home/airflow/.local/lib/python3.7/site-packages/airflow/example_dags/example_skip_dag.py
[2023-06-13T23:20:25.107+0000] {processor.py:836} INFO - DAG(s) dict_keys(['example_skip_dag']) retrieved from /home/airflow/.local/lib/python3.7/site-packages/airflow/example_dags/example_skip_dag.py
[2023-06-13T23:20:25.166+0000] {logging_mixin.py:149} INFO - [2023-06-13T23:20:25.165+0000] {dag.py:2726} INFO - Sync 1 DAGs
[2023-06-13T23:20:25.226+0000] {logging_mixin.py:149} INFO - [2023-06-13T23:20:25.226+0000] {dag.py:3490} INFO - Setting next_dagrun for example_skip_dag to 2023-06-12T23:20:25.225810+00:00, run_after=2023-06-13T23:20:25.225810+00:00
[2023-06-13T23:20:25.292+0000] {processor.py:179} INFO - Processing /home/airflow/.local/lib/python3.7/site-packages/airflow/example_dags/example_skip_dag.py took 0.215 seconds
[2023-06-13T23:20:55.612+0000] {processor.py:157} INFO - Started process (PID=12831) to work on /home/airflow/.local/lib/python3.7/site-packages/airflow/example_dags/example_skip_dag.py
[2023-06-13T23:20:55.615+0000] {processor.py:826} INFO - Processing file /home/airflow/.local/lib/python3.7/site-packages/airflow/example_dags/example_skip_dag.py for tasks to queue
[2023-06-13T23:20:55.618+0000] {logging_mixin.py:149} INFO - [2023-06-13T23:20:55.617+0000] {dagbag.py:541} INFO - Filling up the DagBag from /home/airflow/.local/lib/python3.7/site-packages/airflow/example_dags/example_skip_dag.py
[2023-06-13T23:20:55.637+0000] {processor.py:836} INFO - DAG(s) dict_keys(['example_skip_dag']) retrieved from /home/airflow/.local/lib/python3.7/site-packages/airflow/example_dags/example_skip_dag.py
[2023-06-13T23:20:55.705+0000] {logging_mixin.py:149} INFO - [2023-06-13T23:20:55.704+0000] {dag.py:2726} INFO - Sync 1 DAGs
[2023-06-13T23:20:55.766+0000] {logging_mixin.py:149} INFO - [2023-06-13T23:20:55.766+0000] {dag.py:3490} INFO - Setting next_dagrun for example_skip_dag to 2023-06-12T23:20:55.765052+00:00, run_after=2023-06-13T23:20:55.765052+00:00
[2023-06-13T23:20:55.828+0000] {processor.py:179} INFO - Processing /home/airflow/.local/lib/python3.7/site-packages/airflow/example_dags/example_skip_dag.py took 0.224 seconds
[2023-06-13T23:21:26.258+0000] {processor.py:157} INFO - Started process (PID=13070) to work on /home/airflow/.local/lib/python3.7/site-packages/airflow/example_dags/example_skip_dag.py
[2023-06-13T23:21:26.261+0000] {processor.py:826} INFO - Processing file /home/airflow/.local/lib/python3.7/site-packages/airflow/example_dags/example_skip_dag.py for tasks to queue
[2023-06-13T23:21:26.263+0000] {logging_mixin.py:149} INFO - [2023-06-13T23:21:26.262+0000] {dagbag.py:541} INFO - Filling up the DagBag from /home/airflow/.local/lib/python3.7/site-packages/airflow/example_dags/example_skip_dag.py
[2023-06-13T23:21:26.278+0000] {processor.py:836} INFO - DAG(s) dict_keys(['example_skip_dag']) retrieved from /home/airflow/.local/lib/python3.7/site-packages/airflow/example_dags/example_skip_dag.py
[2023-06-13T23:21:26.361+0000] {logging_mixin.py:149} INFO - [2023-06-13T23:21:26.360+0000] {dag.py:2726} INFO - Sync 1 DAGs
[2023-06-13T23:21:26.437+0000] {logging_mixin.py:149} INFO - [2023-06-13T23:21:26.436+0000] {dag.py:3490} INFO - Setting next_dagrun for example_skip_dag to 2023-06-12T23:21:26.436110+00:00, run_after=2023-06-13T23:21:26.436110+00:00
[2023-06-13T23:21:26.507+0000] {processor.py:179} INFO - Processing /home/airflow/.local/lib/python3.7/site-packages/airflow/example_dags/example_skip_dag.py took 0.257 seconds
[2023-06-13T23:21:57.299+0000] {processor.py:157} INFO - Started process (PID=13291) to work on /home/airflow/.local/lib/python3.7/site-packages/airflow/example_dags/example_skip_dag.py
[2023-06-13T23:21:57.303+0000] {processor.py:826} INFO - Processing file /home/airflow/.local/lib/python3.7/site-packages/airflow/example_dags/example_skip_dag.py for tasks to queue
[2023-06-13T23:21:57.306+0000] {logging_mixin.py:149} INFO - [2023-06-13T23:21:57.305+0000] {dagbag.py:541} INFO - Filling up the DagBag from /home/airflow/.local/lib/python3.7/site-packages/airflow/example_dags/example_skip_dag.py
[2023-06-13T23:21:57.326+0000] {processor.py:836} INFO - DAG(s) dict_keys(['example_skip_dag']) retrieved from /home/airflow/.local/lib/python3.7/site-packages/airflow/example_dags/example_skip_dag.py
[2023-06-13T23:21:57.408+0000] {logging_mixin.py:149} INFO - [2023-06-13T23:21:57.408+0000] {dag.py:2726} INFO - Sync 1 DAGs
[2023-06-13T23:21:57.477+0000] {logging_mixin.py:149} INFO - [2023-06-13T23:21:57.476+0000] {dag.py:3490} INFO - Setting next_dagrun for example_skip_dag to 2023-06-12T23:21:57.475106+00:00, run_after=2023-06-13T23:21:57.475106+00:00
[2023-06-13T23:21:57.557+0000] {processor.py:179} INFO - Processing /home/airflow/.local/lib/python3.7/site-packages/airflow/example_dags/example_skip_dag.py took 0.267 seconds
[2023-06-13T23:22:27.722+0000] {processor.py:157} INFO - Started process (PID=13531) to work on /home/airflow/.local/lib/python3.7/site-packages/airflow/example_dags/example_skip_dag.py
[2023-06-13T23:22:27.724+0000] {processor.py:826} INFO - Processing file /home/airflow/.local/lib/python3.7/site-packages/airflow/example_dags/example_skip_dag.py for tasks to queue
[2023-06-13T23:22:27.725+0000] {logging_mixin.py:149} INFO - [2023-06-13T23:22:27.725+0000] {dagbag.py:541} INFO - Filling up the DagBag from /home/airflow/.local/lib/python3.7/site-packages/airflow/example_dags/example_skip_dag.py
[2023-06-13T23:22:27.737+0000] {processor.py:836} INFO - DAG(s) dict_keys(['example_skip_dag']) retrieved from /home/airflow/.local/lib/python3.7/site-packages/airflow/example_dags/example_skip_dag.py
[2023-06-13T23:22:27.785+0000] {logging_mixin.py:149} INFO - [2023-06-13T23:22:27.785+0000] {dag.py:2726} INFO - Sync 1 DAGs
[2023-06-13T23:22:27.833+0000] {logging_mixin.py:149} INFO - [2023-06-13T23:22:27.833+0000] {dag.py:3490} INFO - Setting next_dagrun for example_skip_dag to 2023-06-12T23:22:27.833131+00:00, run_after=2023-06-13T23:22:27.833131+00:00
[2023-06-13T23:22:27.880+0000] {processor.py:179} INFO - Processing /home/airflow/.local/lib/python3.7/site-packages/airflow/example_dags/example_skip_dag.py took 0.161 seconds
[2023-06-13T23:22:58.348+0000] {processor.py:157} INFO - Started process (PID=13771) to work on /home/airflow/.local/lib/python3.7/site-packages/airflow/example_dags/example_skip_dag.py
[2023-06-13T23:22:58.349+0000] {processor.py:826} INFO - Processing file /home/airflow/.local/lib/python3.7/site-packages/airflow/example_dags/example_skip_dag.py for tasks to queue
[2023-06-13T23:22:58.350+0000] {logging_mixin.py:149} INFO - [2023-06-13T23:22:58.350+0000] {dagbag.py:541} INFO - Filling up the DagBag from /home/airflow/.local/lib/python3.7/site-packages/airflow/example_dags/example_skip_dag.py
[2023-06-13T23:22:58.361+0000] {processor.py:836} INFO - DAG(s) dict_keys(['example_skip_dag']) retrieved from /home/airflow/.local/lib/python3.7/site-packages/airflow/example_dags/example_skip_dag.py
[2023-06-13T23:22:58.411+0000] {logging_mixin.py:149} INFO - [2023-06-13T23:22:58.411+0000] {dag.py:2726} INFO - Sync 1 DAGs
[2023-06-13T23:22:58.445+0000] {logging_mixin.py:149} INFO - [2023-06-13T23:22:58.445+0000] {dag.py:3490} INFO - Setting next_dagrun for example_skip_dag to 2023-06-12T23:22:58.445032+00:00, run_after=2023-06-13T23:22:58.445032+00:00
[2023-06-13T23:22:58.486+0000] {processor.py:179} INFO - Processing /home/airflow/.local/lib/python3.7/site-packages/airflow/example_dags/example_skip_dag.py took 0.143 seconds
[2023-06-13T23:23:28.909+0000] {processor.py:157} INFO - Started process (PID=14011) to work on /home/airflow/.local/lib/python3.7/site-packages/airflow/example_dags/example_skip_dag.py
[2023-06-13T23:23:28.911+0000] {processor.py:826} INFO - Processing file /home/airflow/.local/lib/python3.7/site-packages/airflow/example_dags/example_skip_dag.py for tasks to queue
[2023-06-13T23:23:28.913+0000] {logging_mixin.py:149} INFO - [2023-06-13T23:23:28.912+0000] {dagbag.py:541} INFO - Filling up the DagBag from /home/airflow/.local/lib/python3.7/site-packages/airflow/example_dags/example_skip_dag.py
[2023-06-13T23:23:28.926+0000] {processor.py:836} INFO - DAG(s) dict_keys(['example_skip_dag']) retrieved from /home/airflow/.local/lib/python3.7/site-packages/airflow/example_dags/example_skip_dag.py
[2023-06-13T23:23:28.976+0000] {logging_mixin.py:149} INFO - [2023-06-13T23:23:28.975+0000] {dag.py:2726} INFO - Sync 1 DAGs
[2023-06-13T23:23:29.030+0000] {logging_mixin.py:149} INFO - [2023-06-13T23:23:29.030+0000] {dag.py:3490} INFO - Setting next_dagrun for example_skip_dag to 2023-06-12T23:23:29.029921+00:00, run_after=2023-06-13T23:23:29.029921+00:00
[2023-06-13T23:23:29.090+0000] {processor.py:179} INFO - Processing /home/airflow/.local/lib/python3.7/site-packages/airflow/example_dags/example_skip_dag.py took 0.186 seconds
[2023-06-13T23:23:59.491+0000] {processor.py:157} INFO - Started process (PID=14253) to work on /home/airflow/.local/lib/python3.7/site-packages/airflow/example_dags/example_skip_dag.py
[2023-06-13T23:23:59.492+0000] {processor.py:826} INFO - Processing file /home/airflow/.local/lib/python3.7/site-packages/airflow/example_dags/example_skip_dag.py for tasks to queue
[2023-06-13T23:23:59.493+0000] {logging_mixin.py:149} INFO - [2023-06-13T23:23:59.493+0000] {dagbag.py:541} INFO - Filling up the DagBag from /home/airflow/.local/lib/python3.7/site-packages/airflow/example_dags/example_skip_dag.py
[2023-06-13T23:23:59.505+0000] {processor.py:836} INFO - DAG(s) dict_keys(['example_skip_dag']) retrieved from /home/airflow/.local/lib/python3.7/site-packages/airflow/example_dags/example_skip_dag.py
[2023-06-13T23:23:59.556+0000] {logging_mixin.py:149} INFO - [2023-06-13T23:23:59.555+0000] {dag.py:2726} INFO - Sync 1 DAGs
[2023-06-13T23:23:59.597+0000] {logging_mixin.py:149} INFO - [2023-06-13T23:23:59.597+0000] {dag.py:3490} INFO - Setting next_dagrun for example_skip_dag to 2023-06-12T23:23:59.596953+00:00, run_after=2023-06-13T23:23:59.596953+00:00
[2023-06-13T23:23:59.636+0000] {processor.py:179} INFO - Processing /home/airflow/.local/lib/python3.7/site-packages/airflow/example_dags/example_skip_dag.py took 0.149 seconds
[2023-06-13T23:24:29.771+0000] {processor.py:157} INFO - Started process (PID=14491) to work on /home/airflow/.local/lib/python3.7/site-packages/airflow/example_dags/example_skip_dag.py
[2023-06-13T23:24:29.774+0000] {processor.py:826} INFO - Processing file /home/airflow/.local/lib/python3.7/site-packages/airflow/example_dags/example_skip_dag.py for tasks to queue
[2023-06-13T23:24:29.775+0000] {logging_mixin.py:149} INFO - [2023-06-13T23:24:29.775+0000] {dagbag.py:541} INFO - Filling up the DagBag from /home/airflow/.local/lib/python3.7/site-packages/airflow/example_dags/example_skip_dag.py
[2023-06-13T23:24:29.784+0000] {processor.py:836} INFO - DAG(s) dict_keys(['example_skip_dag']) retrieved from /home/airflow/.local/lib/python3.7/site-packages/airflow/example_dags/example_skip_dag.py
[2023-06-13T23:24:29.861+0000] {logging_mixin.py:149} INFO - [2023-06-13T23:24:29.861+0000] {dag.py:2726} INFO - Sync 1 DAGs
[2023-06-13T23:24:29.921+0000] {logging_mixin.py:149} INFO - [2023-06-13T23:24:29.921+0000] {dag.py:3490} INFO - Setting next_dagrun for example_skip_dag to 2023-06-12T23:24:29.920524+00:00, run_after=2023-06-13T23:24:29.920524+00:00
[2023-06-13T23:24:29.980+0000] {processor.py:179} INFO - Processing /home/airflow/.local/lib/python3.7/site-packages/airflow/example_dags/example_skip_dag.py took 0.215 seconds
[2023-06-13T23:25:00.265+0000] {processor.py:157} INFO - Started process (PID=14731) to work on /home/airflow/.local/lib/python3.7/site-packages/airflow/example_dags/example_skip_dag.py
[2023-06-13T23:25:00.266+0000] {processor.py:826} INFO - Processing file /home/airflow/.local/lib/python3.7/site-packages/airflow/example_dags/example_skip_dag.py for tasks to queue
[2023-06-13T23:25:00.267+0000] {logging_mixin.py:149} INFO - [2023-06-13T23:25:00.266+0000] {dagbag.py:541} INFO - Filling up the DagBag from /home/airflow/.local/lib/python3.7/site-packages/airflow/example_dags/example_skip_dag.py
[2023-06-13T23:25:00.276+0000] {processor.py:836} INFO - DAG(s) dict_keys(['example_skip_dag']) retrieved from /home/airflow/.local/lib/python3.7/site-packages/airflow/example_dags/example_skip_dag.py
[2023-06-13T23:25:00.346+0000] {logging_mixin.py:149} INFO - [2023-06-13T23:25:00.346+0000] {dag.py:2726} INFO - Sync 1 DAGs
[2023-06-13T23:25:00.411+0000] {logging_mixin.py:149} INFO - [2023-06-13T23:25:00.411+0000] {dag.py:3490} INFO - Setting next_dagrun for example_skip_dag to 2023-06-12T23:25:00.410720+00:00, run_after=2023-06-13T23:25:00.410720+00:00
[2023-06-13T23:25:00.462+0000] {processor.py:179} INFO - Processing /home/airflow/.local/lib/python3.7/site-packages/airflow/example_dags/example_skip_dag.py took 0.201 seconds
[2023-06-13T23:25:30.754+0000] {processor.py:157} INFO - Started process (PID=14971) to work on /home/airflow/.local/lib/python3.7/site-packages/airflow/example_dags/example_skip_dag.py
[2023-06-13T23:25:30.757+0000] {processor.py:826} INFO - Processing file /home/airflow/.local/lib/python3.7/site-packages/airflow/example_dags/example_skip_dag.py for tasks to queue
[2023-06-13T23:25:30.758+0000] {logging_mixin.py:149} INFO - [2023-06-13T23:25:30.758+0000] {dagbag.py:541} INFO - Filling up the DagBag from /home/airflow/.local/lib/python3.7/site-packages/airflow/example_dags/example_skip_dag.py
[2023-06-13T23:25:30.774+0000] {processor.py:836} INFO - DAG(s) dict_keys(['example_skip_dag']) retrieved from /home/airflow/.local/lib/python3.7/site-packages/airflow/example_dags/example_skip_dag.py
[2023-06-13T23:25:30.843+0000] {logging_mixin.py:149} INFO - [2023-06-13T23:25:30.843+0000] {dag.py:2726} INFO - Sync 1 DAGs
[2023-06-13T23:25:30.905+0000] {logging_mixin.py:149} INFO - [2023-06-13T23:25:30.905+0000] {dag.py:3490} INFO - Setting next_dagrun for example_skip_dag to 2023-06-12T23:25:30.904638+00:00, run_after=2023-06-13T23:25:30.904638+00:00
[2023-06-13T23:25:30.957+0000] {processor.py:179} INFO - Processing /home/airflow/.local/lib/python3.7/site-packages/airflow/example_dags/example_skip_dag.py took 0.208 seconds
