[2023-06-13T22:54:11.301+0000] {processor.py:157} INFO - Started process (PID=278) to work on /home/airflow/.local/lib/python3.7/site-packages/airflow/example_dags/example_branch_labels.py
[2023-06-13T22:54:11.302+0000] {processor.py:826} INFO - Processing file /home/airflow/.local/lib/python3.7/site-packages/airflow/example_dags/example_branch_labels.py for tasks to queue
[2023-06-13T22:54:11.303+0000] {logging_mixin.py:149} INFO - [2023-06-13T22:54:11.302+0000] {dagbag.py:541} INFO - Filling up the DagBag from /home/airflow/.local/lib/python3.7/site-packages/airflow/example_dags/example_branch_labels.py
[2023-06-13T22:54:11.319+0000] {processor.py:836} INFO - DAG(s) dict_keys(['example_branch_labels']) retrieved from /home/airflow/.local/lib/python3.7/site-packages/airflow/example_dags/example_branch_labels.py
[2023-06-13T22:54:11.380+0000] {logging_mixin.py:149} INFO - [2023-06-13T22:54:11.380+0000] {dag.py:2726} INFO - Sync 1 DAGs
[2023-06-13T22:54:11.435+0000] {logging_mixin.py:149} INFO - [2023-06-13T22:54:11.435+0000] {dag.py:3490} INFO - Setting next_dagrun for example_branch_labels to 2023-06-12T00:00:00+00:00, run_after=2023-06-13T00:00:00+00:00
[2023-06-13T22:54:11.479+0000] {processor.py:179} INFO - Processing /home/airflow/.local/lib/python3.7/site-packages/airflow/example_dags/example_branch_labels.py took 0.185 seconds
[2023-06-13T22:54:43.397+0000] {processor.py:157} INFO - Started process (PID=518) to work on /home/airflow/.local/lib/python3.7/site-packages/airflow/example_dags/example_branch_labels.py
[2023-06-13T22:54:43.399+0000] {processor.py:826} INFO - Processing file /home/airflow/.local/lib/python3.7/site-packages/airflow/example_dags/example_branch_labels.py for tasks to queue
[2023-06-13T22:54:43.400+0000] {logging_mixin.py:149} INFO - [2023-06-13T22:54:43.400+0000] {dagbag.py:541} INFO - Filling up the DagBag from /home/airflow/.local/lib/python3.7/site-packages/airflow/example_dags/example_branch_labels.py
[2023-06-13T22:54:43.414+0000] {processor.py:836} INFO - DAG(s) dict_keys(['example_branch_labels']) retrieved from /home/airflow/.local/lib/python3.7/site-packages/airflow/example_dags/example_branch_labels.py
[2023-06-13T22:54:43.493+0000] {logging_mixin.py:149} INFO - [2023-06-13T22:54:43.492+0000] {dag.py:2726} INFO - Sync 1 DAGs
[2023-06-13T22:54:43.864+0000] {logging_mixin.py:149} INFO - [2023-06-13T22:54:43.864+0000] {dag.py:3490} INFO - Setting next_dagrun for example_branch_labels to 2023-06-12T00:00:00+00:00, run_after=2023-06-13T00:00:00+00:00
[2023-06-13T22:54:43.951+0000] {processor.py:179} INFO - Processing /home/airflow/.local/lib/python3.7/site-packages/airflow/example_dags/example_branch_labels.py took 0.561 seconds
[2023-06-13T22:55:14.949+0000] {processor.py:157} INFO - Started process (PID=758) to work on /home/airflow/.local/lib/python3.7/site-packages/airflow/example_dags/example_branch_labels.py
[2023-06-13T22:55:14.954+0000] {processor.py:826} INFO - Processing file /home/airflow/.local/lib/python3.7/site-packages/airflow/example_dags/example_branch_labels.py for tasks to queue
[2023-06-13T22:55:14.956+0000] {logging_mixin.py:149} INFO - [2023-06-13T22:55:14.955+0000] {dagbag.py:541} INFO - Filling up the DagBag from /home/airflow/.local/lib/python3.7/site-packages/airflow/example_dags/example_branch_labels.py
[2023-06-13T22:55:14.974+0000] {processor.py:836} INFO - DAG(s) dict_keys(['example_branch_labels']) retrieved from /home/airflow/.local/lib/python3.7/site-packages/airflow/example_dags/example_branch_labels.py
[2023-06-13T22:55:15.068+0000] {logging_mixin.py:149} INFO - [2023-06-13T22:55:15.068+0000] {dag.py:2726} INFO - Sync 1 DAGs
[2023-06-13T22:55:15.152+0000] {logging_mixin.py:149} INFO - [2023-06-13T22:55:15.150+0000] {dag.py:3490} INFO - Setting next_dagrun for example_branch_labels to 2023-06-12T00:00:00+00:00, run_after=2023-06-13T00:00:00+00:00
[2023-06-13T22:55:15.253+0000] {processor.py:179} INFO - Processing /home/airflow/.local/lib/python3.7/site-packages/airflow/example_dags/example_branch_labels.py took 0.309 seconds
[2023-06-13T22:55:46.066+0000] {processor.py:157} INFO - Started process (PID=1009) to work on /home/airflow/.local/lib/python3.7/site-packages/airflow/example_dags/example_branch_labels.py
[2023-06-13T22:55:46.070+0000] {processor.py:826} INFO - Processing file /home/airflow/.local/lib/python3.7/site-packages/airflow/example_dags/example_branch_labels.py for tasks to queue
[2023-06-13T22:55:46.073+0000] {logging_mixin.py:149} INFO - [2023-06-13T22:55:46.072+0000] {dagbag.py:541} INFO - Filling up the DagBag from /home/airflow/.local/lib/python3.7/site-packages/airflow/example_dags/example_branch_labels.py
[2023-06-13T22:55:46.095+0000] {processor.py:836} INFO - DAG(s) dict_keys(['example_branch_labels']) retrieved from /home/airflow/.local/lib/python3.7/site-packages/airflow/example_dags/example_branch_labels.py
[2023-06-13T22:55:46.167+0000] {logging_mixin.py:149} INFO - [2023-06-13T22:55:46.166+0000] {dag.py:2726} INFO - Sync 1 DAGs
[2023-06-13T22:55:46.237+0000] {logging_mixin.py:149} INFO - [2023-06-13T22:55:46.237+0000] {dag.py:3490} INFO - Setting next_dagrun for example_branch_labels to 2023-06-12T00:00:00+00:00, run_after=2023-06-13T00:00:00+00:00
[2023-06-13T22:55:46.287+0000] {processor.py:179} INFO - Processing /home/airflow/.local/lib/python3.7/site-packages/airflow/example_dags/example_branch_labels.py took 0.230 seconds
[2023-06-13T22:56:17.053+0000] {processor.py:157} INFO - Started process (PID=1251) to work on /home/airflow/.local/lib/python3.7/site-packages/airflow/example_dags/example_branch_labels.py
[2023-06-13T22:56:17.055+0000] {processor.py:826} INFO - Processing file /home/airflow/.local/lib/python3.7/site-packages/airflow/example_dags/example_branch_labels.py for tasks to queue
[2023-06-13T22:56:17.057+0000] {logging_mixin.py:149} INFO - [2023-06-13T22:56:17.056+0000] {dagbag.py:541} INFO - Filling up the DagBag from /home/airflow/.local/lib/python3.7/site-packages/airflow/example_dags/example_branch_labels.py
[2023-06-13T22:56:17.069+0000] {processor.py:836} INFO - DAG(s) dict_keys(['example_branch_labels']) retrieved from /home/airflow/.local/lib/python3.7/site-packages/airflow/example_dags/example_branch_labels.py
[2023-06-13T22:56:17.128+0000] {logging_mixin.py:149} INFO - [2023-06-13T22:56:17.128+0000] {dag.py:2726} INFO - Sync 1 DAGs
[2023-06-13T22:56:17.183+0000] {logging_mixin.py:149} INFO - [2023-06-13T22:56:17.183+0000] {dag.py:3490} INFO - Setting next_dagrun for example_branch_labels to 2023-06-12T00:00:00+00:00, run_after=2023-06-13T00:00:00+00:00
[2023-06-13T22:56:17.231+0000] {processor.py:179} INFO - Processing /home/airflow/.local/lib/python3.7/site-packages/airflow/example_dags/example_branch_labels.py took 0.183 seconds
[2023-06-13T22:56:47.412+0000] {processor.py:157} INFO - Started process (PID=1489) to work on /home/airflow/.local/lib/python3.7/site-packages/airflow/example_dags/example_branch_labels.py
[2023-06-13T22:56:47.414+0000] {processor.py:826} INFO - Processing file /home/airflow/.local/lib/python3.7/site-packages/airflow/example_dags/example_branch_labels.py for tasks to queue
[2023-06-13T22:56:47.415+0000] {logging_mixin.py:149} INFO - [2023-06-13T22:56:47.415+0000] {dagbag.py:541} INFO - Filling up the DagBag from /home/airflow/.local/lib/python3.7/site-packages/airflow/example_dags/example_branch_labels.py
[2023-06-13T22:56:47.429+0000] {processor.py:836} INFO - DAG(s) dict_keys(['example_branch_labels']) retrieved from /home/airflow/.local/lib/python3.7/site-packages/airflow/example_dags/example_branch_labels.py
[2023-06-13T22:56:47.477+0000] {logging_mixin.py:149} INFO - [2023-06-13T22:56:47.477+0000] {dag.py:2726} INFO - Sync 1 DAGs
[2023-06-13T22:56:47.527+0000] {logging_mixin.py:149} INFO - [2023-06-13T22:56:47.527+0000] {dag.py:3490} INFO - Setting next_dagrun for example_branch_labels to 2023-06-12T00:00:00+00:00, run_after=2023-06-13T00:00:00+00:00
[2023-06-13T22:56:47.581+0000] {processor.py:179} INFO - Processing /home/airflow/.local/lib/python3.7/site-packages/airflow/example_dags/example_branch_labels.py took 0.173 seconds
[2023-06-13T22:57:17.803+0000] {processor.py:157} INFO - Started process (PID=1725) to work on /home/airflow/.local/lib/python3.7/site-packages/airflow/example_dags/example_branch_labels.py
[2023-06-13T22:57:17.805+0000] {processor.py:826} INFO - Processing file /home/airflow/.local/lib/python3.7/site-packages/airflow/example_dags/example_branch_labels.py for tasks to queue
[2023-06-13T22:57:17.806+0000] {logging_mixin.py:149} INFO - [2023-06-13T22:57:17.806+0000] {dagbag.py:541} INFO - Filling up the DagBag from /home/airflow/.local/lib/python3.7/site-packages/airflow/example_dags/example_branch_labels.py
[2023-06-13T22:57:17.827+0000] {processor.py:836} INFO - DAG(s) dict_keys(['example_branch_labels']) retrieved from /home/airflow/.local/lib/python3.7/site-packages/airflow/example_dags/example_branch_labels.py
[2023-06-13T22:57:17.902+0000] {logging_mixin.py:149} INFO - [2023-06-13T22:57:17.901+0000] {dag.py:2726} INFO - Sync 1 DAGs
[2023-06-13T22:57:17.956+0000] {logging_mixin.py:149} INFO - [2023-06-13T22:57:17.956+0000] {dag.py:3490} INFO - Setting next_dagrun for example_branch_labels to 2023-06-12T00:00:00+00:00, run_after=2023-06-13T00:00:00+00:00
[2023-06-13T22:57:18.001+0000] {processor.py:179} INFO - Processing /home/airflow/.local/lib/python3.7/site-packages/airflow/example_dags/example_branch_labels.py took 0.203 seconds
[2023-06-13T22:57:48.085+0000] {processor.py:157} INFO - Started process (PID=1965) to work on /home/airflow/.local/lib/python3.7/site-packages/airflow/example_dags/example_branch_labels.py
[2023-06-13T22:57:48.087+0000] {processor.py:826} INFO - Processing file /home/airflow/.local/lib/python3.7/site-packages/airflow/example_dags/example_branch_labels.py for tasks to queue
[2023-06-13T22:57:48.090+0000] {logging_mixin.py:149} INFO - [2023-06-13T22:57:48.089+0000] {dagbag.py:541} INFO - Filling up the DagBag from /home/airflow/.local/lib/python3.7/site-packages/airflow/example_dags/example_branch_labels.py
[2023-06-13T22:57:48.107+0000] {processor.py:836} INFO - DAG(s) dict_keys(['example_branch_labels']) retrieved from /home/airflow/.local/lib/python3.7/site-packages/airflow/example_dags/example_branch_labels.py
[2023-06-13T22:57:48.174+0000] {logging_mixin.py:149} INFO - [2023-06-13T22:57:48.174+0000] {dag.py:2726} INFO - Sync 1 DAGs
[2023-06-13T22:57:48.242+0000] {logging_mixin.py:149} INFO - [2023-06-13T22:57:48.241+0000] {dag.py:3490} INFO - Setting next_dagrun for example_branch_labels to 2023-06-12T00:00:00+00:00, run_after=2023-06-13T00:00:00+00:00
[2023-06-13T22:57:48.299+0000] {processor.py:179} INFO - Processing /home/airflow/.local/lib/python3.7/site-packages/airflow/example_dags/example_branch_labels.py took 0.221 seconds
[2023-06-13T22:58:18.831+0000] {processor.py:157} INFO - Started process (PID=2205) to work on /home/airflow/.local/lib/python3.7/site-packages/airflow/example_dags/example_branch_labels.py
[2023-06-13T22:58:18.833+0000] {processor.py:826} INFO - Processing file /home/airflow/.local/lib/python3.7/site-packages/airflow/example_dags/example_branch_labels.py for tasks to queue
[2023-06-13T22:58:18.835+0000] {logging_mixin.py:149} INFO - [2023-06-13T22:58:18.834+0000] {dagbag.py:541} INFO - Filling up the DagBag from /home/airflow/.local/lib/python3.7/site-packages/airflow/example_dags/example_branch_labels.py
[2023-06-13T22:58:18.850+0000] {processor.py:836} INFO - DAG(s) dict_keys(['example_branch_labels']) retrieved from /home/airflow/.local/lib/python3.7/site-packages/airflow/example_dags/example_branch_labels.py
[2023-06-13T22:58:18.910+0000] {logging_mixin.py:149} INFO - [2023-06-13T22:58:18.910+0000] {dag.py:2726} INFO - Sync 1 DAGs
[2023-06-13T22:58:18.975+0000] {logging_mixin.py:149} INFO - [2023-06-13T22:58:18.975+0000] {dag.py:3490} INFO - Setting next_dagrun for example_branch_labels to 2023-06-12T00:00:00+00:00, run_after=2023-06-13T00:00:00+00:00
[2023-06-13T22:58:19.031+0000] {processor.py:179} INFO - Processing /home/airflow/.local/lib/python3.7/site-packages/airflow/example_dags/example_branch_labels.py took 0.207 seconds
[2023-06-13T22:58:49.734+0000] {processor.py:157} INFO - Started process (PID=2445) to work on /home/airflow/.local/lib/python3.7/site-packages/airflow/example_dags/example_branch_labels.py
[2023-06-13T22:58:49.737+0000] {processor.py:826} INFO - Processing file /home/airflow/.local/lib/python3.7/site-packages/airflow/example_dags/example_branch_labels.py for tasks to queue
[2023-06-13T22:58:49.738+0000] {logging_mixin.py:149} INFO - [2023-06-13T22:58:49.738+0000] {dagbag.py:541} INFO - Filling up the DagBag from /home/airflow/.local/lib/python3.7/site-packages/airflow/example_dags/example_branch_labels.py
[2023-06-13T22:58:49.754+0000] {processor.py:836} INFO - DAG(s) dict_keys(['example_branch_labels']) retrieved from /home/airflow/.local/lib/python3.7/site-packages/airflow/example_dags/example_branch_labels.py
[2023-06-13T22:58:49.845+0000] {logging_mixin.py:149} INFO - [2023-06-13T22:58:49.845+0000] {dag.py:2726} INFO - Sync 1 DAGs
[2023-06-13T22:58:49.918+0000] {logging_mixin.py:149} INFO - [2023-06-13T22:58:49.918+0000] {dag.py:3490} INFO - Setting next_dagrun for example_branch_labels to 2023-06-12T00:00:00+00:00, run_after=2023-06-13T00:00:00+00:00
[2023-06-13T22:58:49.977+0000] {processor.py:179} INFO - Processing /home/airflow/.local/lib/python3.7/site-packages/airflow/example_dags/example_branch_labels.py took 0.250 seconds
[2023-06-13T22:59:20.220+0000] {processor.py:157} INFO - Started process (PID=2685) to work on /home/airflow/.local/lib/python3.7/site-packages/airflow/example_dags/example_branch_labels.py
[2023-06-13T22:59:20.223+0000] {processor.py:826} INFO - Processing file /home/airflow/.local/lib/python3.7/site-packages/airflow/example_dags/example_branch_labels.py for tasks to queue
[2023-06-13T22:59:20.224+0000] {logging_mixin.py:149} INFO - [2023-06-13T22:59:20.224+0000] {dagbag.py:541} INFO - Filling up the DagBag from /home/airflow/.local/lib/python3.7/site-packages/airflow/example_dags/example_branch_labels.py
[2023-06-13T22:59:20.239+0000] {processor.py:836} INFO - DAG(s) dict_keys(['example_branch_labels']) retrieved from /home/airflow/.local/lib/python3.7/site-packages/airflow/example_dags/example_branch_labels.py
[2023-06-13T22:59:20.300+0000] {logging_mixin.py:149} INFO - [2023-06-13T22:59:20.299+0000] {dag.py:2726} INFO - Sync 1 DAGs
[2023-06-13T22:59:20.360+0000] {logging_mixin.py:149} INFO - [2023-06-13T22:59:20.360+0000] {dag.py:3490} INFO - Setting next_dagrun for example_branch_labels to 2023-06-12T00:00:00+00:00, run_after=2023-06-13T00:00:00+00:00
[2023-06-13T22:59:20.414+0000] {processor.py:179} INFO - Processing /home/airflow/.local/lib/python3.7/site-packages/airflow/example_dags/example_branch_labels.py took 0.200 seconds
[2023-06-13T22:59:51.027+0000] {processor.py:157} INFO - Started process (PID=2925) to work on /home/airflow/.local/lib/python3.7/site-packages/airflow/example_dags/example_branch_labels.py
[2023-06-13T22:59:51.030+0000] {processor.py:826} INFO - Processing file /home/airflow/.local/lib/python3.7/site-packages/airflow/example_dags/example_branch_labels.py for tasks to queue
[2023-06-13T22:59:51.031+0000] {logging_mixin.py:149} INFO - [2023-06-13T22:59:51.030+0000] {dagbag.py:541} INFO - Filling up the DagBag from /home/airflow/.local/lib/python3.7/site-packages/airflow/example_dags/example_branch_labels.py
[2023-06-13T22:59:51.046+0000] {processor.py:836} INFO - DAG(s) dict_keys(['example_branch_labels']) retrieved from /home/airflow/.local/lib/python3.7/site-packages/airflow/example_dags/example_branch_labels.py
[2023-06-13T22:59:51.104+0000] {logging_mixin.py:149} INFO - [2023-06-13T22:59:51.103+0000] {dag.py:2726} INFO - Sync 1 DAGs
[2023-06-13T22:59:51.178+0000] {logging_mixin.py:149} INFO - [2023-06-13T22:59:51.178+0000] {dag.py:3490} INFO - Setting next_dagrun for example_branch_labels to 2023-06-12T00:00:00+00:00, run_after=2023-06-13T00:00:00+00:00
[2023-06-13T22:59:51.227+0000] {processor.py:179} INFO - Processing /home/airflow/.local/lib/python3.7/site-packages/airflow/example_dags/example_branch_labels.py took 0.206 seconds
[2023-06-13T23:00:21.736+0000] {processor.py:157} INFO - Started process (PID=3165) to work on /home/airflow/.local/lib/python3.7/site-packages/airflow/example_dags/example_branch_labels.py
[2023-06-13T23:00:21.739+0000] {processor.py:826} INFO - Processing file /home/airflow/.local/lib/python3.7/site-packages/airflow/example_dags/example_branch_labels.py for tasks to queue
[2023-06-13T23:00:21.741+0000] {logging_mixin.py:149} INFO - [2023-06-13T23:00:21.741+0000] {dagbag.py:541} INFO - Filling up the DagBag from /home/airflow/.local/lib/python3.7/site-packages/airflow/example_dags/example_branch_labels.py
[2023-06-13T23:00:21.756+0000] {processor.py:836} INFO - DAG(s) dict_keys(['example_branch_labels']) retrieved from /home/airflow/.local/lib/python3.7/site-packages/airflow/example_dags/example_branch_labels.py
[2023-06-13T23:00:21.818+0000] {logging_mixin.py:149} INFO - [2023-06-13T23:00:21.818+0000] {dag.py:2726} INFO - Sync 1 DAGs
[2023-06-13T23:00:21.878+0000] {logging_mixin.py:149} INFO - [2023-06-13T23:00:21.878+0000] {dag.py:3490} INFO - Setting next_dagrun for example_branch_labels to 2023-06-12T00:00:00+00:00, run_after=2023-06-13T00:00:00+00:00
[2023-06-13T23:00:21.936+0000] {processor.py:179} INFO - Processing /home/airflow/.local/lib/python3.7/site-packages/airflow/example_dags/example_branch_labels.py took 0.206 seconds
[2023-06-13T23:00:52.510+0000] {processor.py:157} INFO - Started process (PID=3405) to work on /home/airflow/.local/lib/python3.7/site-packages/airflow/example_dags/example_branch_labels.py
[2023-06-13T23:00:52.513+0000] {processor.py:826} INFO - Processing file /home/airflow/.local/lib/python3.7/site-packages/airflow/example_dags/example_branch_labels.py for tasks to queue
[2023-06-13T23:00:52.514+0000] {logging_mixin.py:149} INFO - [2023-06-13T23:00:52.514+0000] {dagbag.py:541} INFO - Filling up the DagBag from /home/airflow/.local/lib/python3.7/site-packages/airflow/example_dags/example_branch_labels.py
[2023-06-13T23:00:52.528+0000] {processor.py:836} INFO - DAG(s) dict_keys(['example_branch_labels']) retrieved from /home/airflow/.local/lib/python3.7/site-packages/airflow/example_dags/example_branch_labels.py
[2023-06-13T23:00:52.588+0000] {logging_mixin.py:149} INFO - [2023-06-13T23:00:52.588+0000] {dag.py:2726} INFO - Sync 1 DAGs
[2023-06-13T23:00:52.647+0000] {logging_mixin.py:149} INFO - [2023-06-13T23:00:52.647+0000] {dag.py:3490} INFO - Setting next_dagrun for example_branch_labels to 2023-06-12T00:00:00+00:00, run_after=2023-06-13T00:00:00+00:00
[2023-06-13T23:00:52.723+0000] {processor.py:179} INFO - Processing /home/airflow/.local/lib/python3.7/site-packages/airflow/example_dags/example_branch_labels.py took 0.218 seconds
[2023-06-13T23:01:23.293+0000] {processor.py:157} INFO - Started process (PID=3645) to work on /home/airflow/.local/lib/python3.7/site-packages/airflow/example_dags/example_branch_labels.py
[2023-06-13T23:01:23.296+0000] {processor.py:826} INFO - Processing file /home/airflow/.local/lib/python3.7/site-packages/airflow/example_dags/example_branch_labels.py for tasks to queue
[2023-06-13T23:01:23.297+0000] {logging_mixin.py:149} INFO - [2023-06-13T23:01:23.297+0000] {dagbag.py:541} INFO - Filling up the DagBag from /home/airflow/.local/lib/python3.7/site-packages/airflow/example_dags/example_branch_labels.py
[2023-06-13T23:01:23.313+0000] {processor.py:836} INFO - DAG(s) dict_keys(['example_branch_labels']) retrieved from /home/airflow/.local/lib/python3.7/site-packages/airflow/example_dags/example_branch_labels.py
[2023-06-13T23:01:23.377+0000] {logging_mixin.py:149} INFO - [2023-06-13T23:01:23.376+0000] {dag.py:2726} INFO - Sync 1 DAGs
[2023-06-13T23:01:23.456+0000] {logging_mixin.py:149} INFO - [2023-06-13T23:01:23.455+0000] {dag.py:3490} INFO - Setting next_dagrun for example_branch_labels to 2023-06-12T00:00:00+00:00, run_after=2023-06-13T00:00:00+00:00
[2023-06-13T23:01:23.562+0000] {processor.py:179} INFO - Processing /home/airflow/.local/lib/python3.7/site-packages/airflow/example_dags/example_branch_labels.py took 0.275 seconds
[2023-06-13T23:01:54.307+0000] {processor.py:157} INFO - Started process (PID=3885) to work on /home/airflow/.local/lib/python3.7/site-packages/airflow/example_dags/example_branch_labels.py
[2023-06-13T23:01:54.311+0000] {processor.py:826} INFO - Processing file /home/airflow/.local/lib/python3.7/site-packages/airflow/example_dags/example_branch_labels.py for tasks to queue
[2023-06-13T23:01:54.313+0000] {logging_mixin.py:149} INFO - [2023-06-13T23:01:54.312+0000] {dagbag.py:541} INFO - Filling up the DagBag from /home/airflow/.local/lib/python3.7/site-packages/airflow/example_dags/example_branch_labels.py
[2023-06-13T23:01:54.331+0000] {processor.py:836} INFO - DAG(s) dict_keys(['example_branch_labels']) retrieved from /home/airflow/.local/lib/python3.7/site-packages/airflow/example_dags/example_branch_labels.py
[2023-06-13T23:01:54.395+0000] {logging_mixin.py:149} INFO - [2023-06-13T23:01:54.395+0000] {dag.py:2726} INFO - Sync 1 DAGs
[2023-06-13T23:01:54.458+0000] {logging_mixin.py:149} INFO - [2023-06-13T23:01:54.457+0000] {dag.py:3490} INFO - Setting next_dagrun for example_branch_labels to 2023-06-12T00:00:00+00:00, run_after=2023-06-13T00:00:00+00:00
[2023-06-13T23:01:54.538+0000] {processor.py:179} INFO - Processing /home/airflow/.local/lib/python3.7/site-packages/airflow/example_dags/example_branch_labels.py took 0.239 seconds
[2023-06-13T23:02:25.453+0000] {processor.py:157} INFO - Started process (PID=4126) to work on /home/airflow/.local/lib/python3.7/site-packages/airflow/example_dags/example_branch_labels.py
[2023-06-13T23:02:25.455+0000] {processor.py:826} INFO - Processing file /home/airflow/.local/lib/python3.7/site-packages/airflow/example_dags/example_branch_labels.py for tasks to queue
[2023-06-13T23:02:25.458+0000] {logging_mixin.py:149} INFO - [2023-06-13T23:02:25.456+0000] {dagbag.py:541} INFO - Filling up the DagBag from /home/airflow/.local/lib/python3.7/site-packages/airflow/example_dags/example_branch_labels.py
[2023-06-13T23:02:25.474+0000] {processor.py:836} INFO - DAG(s) dict_keys(['example_branch_labels']) retrieved from /home/airflow/.local/lib/python3.7/site-packages/airflow/example_dags/example_branch_labels.py
[2023-06-13T23:02:25.550+0000] {logging_mixin.py:149} INFO - [2023-06-13T23:02:25.550+0000] {dag.py:2726} INFO - Sync 1 DAGs
[2023-06-13T23:02:25.600+0000] {logging_mixin.py:149} INFO - [2023-06-13T23:02:25.599+0000] {dag.py:3490} INFO - Setting next_dagrun for example_branch_labels to 2023-06-12T00:00:00+00:00, run_after=2023-06-13T00:00:00+00:00
[2023-06-13T23:02:25.644+0000] {processor.py:179} INFO - Processing /home/airflow/.local/lib/python3.7/site-packages/airflow/example_dags/example_branch_labels.py took 0.199 seconds
[2023-06-13T23:02:56.405+0000] {processor.py:157} INFO - Started process (PID=4372) to work on /home/airflow/.local/lib/python3.7/site-packages/airflow/example_dags/example_branch_labels.py
[2023-06-13T23:02:56.407+0000] {processor.py:826} INFO - Processing file /home/airflow/.local/lib/python3.7/site-packages/airflow/example_dags/example_branch_labels.py for tasks to queue
[2023-06-13T23:02:56.409+0000] {logging_mixin.py:149} INFO - [2023-06-13T23:02:56.408+0000] {dagbag.py:541} INFO - Filling up the DagBag from /home/airflow/.local/lib/python3.7/site-packages/airflow/example_dags/example_branch_labels.py
[2023-06-13T23:02:56.419+0000] {processor.py:836} INFO - DAG(s) dict_keys(['example_branch_labels']) retrieved from /home/airflow/.local/lib/python3.7/site-packages/airflow/example_dags/example_branch_labels.py
[2023-06-13T23:02:56.464+0000] {logging_mixin.py:149} INFO - [2023-06-13T23:02:56.463+0000] {dag.py:2726} INFO - Sync 1 DAGs
[2023-06-13T23:02:56.515+0000] {logging_mixin.py:149} INFO - [2023-06-13T23:02:56.515+0000] {dag.py:3490} INFO - Setting next_dagrun for example_branch_labels to 2023-06-12T00:00:00+00:00, run_after=2023-06-13T00:00:00+00:00
[2023-06-13T23:02:56.558+0000] {processor.py:179} INFO - Processing /home/airflow/.local/lib/python3.7/site-packages/airflow/example_dags/example_branch_labels.py took 0.158 seconds
[2023-06-13T23:03:26.807+0000] {processor.py:157} INFO - Started process (PID=4612) to work on /home/airflow/.local/lib/python3.7/site-packages/airflow/example_dags/example_branch_labels.py
[2023-06-13T23:03:26.809+0000] {processor.py:826} INFO - Processing file /home/airflow/.local/lib/python3.7/site-packages/airflow/example_dags/example_branch_labels.py for tasks to queue
[2023-06-13T23:03:26.810+0000] {logging_mixin.py:149} INFO - [2023-06-13T23:03:26.810+0000] {dagbag.py:541} INFO - Filling up the DagBag from /home/airflow/.local/lib/python3.7/site-packages/airflow/example_dags/example_branch_labels.py
[2023-06-13T23:03:26.820+0000] {processor.py:836} INFO - DAG(s) dict_keys(['example_branch_labels']) retrieved from /home/airflow/.local/lib/python3.7/site-packages/airflow/example_dags/example_branch_labels.py
[2023-06-13T23:03:26.868+0000] {logging_mixin.py:149} INFO - [2023-06-13T23:03:26.867+0000] {dag.py:2726} INFO - Sync 1 DAGs
[2023-06-13T23:03:26.908+0000] {logging_mixin.py:149} INFO - [2023-06-13T23:03:26.908+0000] {dag.py:3490} INFO - Setting next_dagrun for example_branch_labels to 2023-06-12T00:00:00+00:00, run_after=2023-06-13T00:00:00+00:00
[2023-06-13T23:03:26.946+0000] {processor.py:179} INFO - Processing /home/airflow/.local/lib/python3.7/site-packages/airflow/example_dags/example_branch_labels.py took 0.144 seconds
[2023-06-13T23:03:57.407+0000] {processor.py:157} INFO - Started process (PID=4852) to work on /home/airflow/.local/lib/python3.7/site-packages/airflow/example_dags/example_branch_labels.py
[2023-06-13T23:03:57.409+0000] {processor.py:826} INFO - Processing file /home/airflow/.local/lib/python3.7/site-packages/airflow/example_dags/example_branch_labels.py for tasks to queue
[2023-06-13T23:03:57.410+0000] {logging_mixin.py:149} INFO - [2023-06-13T23:03:57.410+0000] {dagbag.py:541} INFO - Filling up the DagBag from /home/airflow/.local/lib/python3.7/site-packages/airflow/example_dags/example_branch_labels.py
[2023-06-13T23:03:57.420+0000] {processor.py:836} INFO - DAG(s) dict_keys(['example_branch_labels']) retrieved from /home/airflow/.local/lib/python3.7/site-packages/airflow/example_dags/example_branch_labels.py
[2023-06-13T23:03:57.470+0000] {logging_mixin.py:149} INFO - [2023-06-13T23:03:57.469+0000] {dag.py:2726} INFO - Sync 1 DAGs
[2023-06-13T23:03:57.514+0000] {logging_mixin.py:149} INFO - [2023-06-13T23:03:57.514+0000] {dag.py:3490} INFO - Setting next_dagrun for example_branch_labels to 2023-06-12T00:00:00+00:00, run_after=2023-06-13T00:00:00+00:00
[2023-06-13T23:03:57.556+0000] {processor.py:179} INFO - Processing /home/airflow/.local/lib/python3.7/site-packages/airflow/example_dags/example_branch_labels.py took 0.154 seconds
[2023-06-13T23:04:28.462+0000] {processor.py:157} INFO - Started process (PID=5092) to work on /home/airflow/.local/lib/python3.7/site-packages/airflow/example_dags/example_branch_labels.py
[2023-06-13T23:04:28.463+0000] {processor.py:826} INFO - Processing file /home/airflow/.local/lib/python3.7/site-packages/airflow/example_dags/example_branch_labels.py for tasks to queue
[2023-06-13T23:04:28.465+0000] {logging_mixin.py:149} INFO - [2023-06-13T23:04:28.464+0000] {dagbag.py:541} INFO - Filling up the DagBag from /home/airflow/.local/lib/python3.7/site-packages/airflow/example_dags/example_branch_labels.py
[2023-06-13T23:04:28.477+0000] {processor.py:836} INFO - DAG(s) dict_keys(['example_branch_labels']) retrieved from /home/airflow/.local/lib/python3.7/site-packages/airflow/example_dags/example_branch_labels.py
[2023-06-13T23:04:28.521+0000] {logging_mixin.py:149} INFO - [2023-06-13T23:04:28.520+0000] {dag.py:2726} INFO - Sync 1 DAGs
[2023-06-13T23:04:28.572+0000] {logging_mixin.py:149} INFO - [2023-06-13T23:04:28.572+0000] {dag.py:3490} INFO - Setting next_dagrun for example_branch_labels to 2023-06-12T00:00:00+00:00, run_after=2023-06-13T00:00:00+00:00
[2023-06-13T23:04:28.612+0000] {processor.py:179} INFO - Processing /home/airflow/.local/lib/python3.7/site-packages/airflow/example_dags/example_branch_labels.py took 0.155 seconds
[2023-06-13T23:04:59.320+0000] {processor.py:157} INFO - Started process (PID=5332) to work on /home/airflow/.local/lib/python3.7/site-packages/airflow/example_dags/example_branch_labels.py
[2023-06-13T23:04:59.322+0000] {processor.py:826} INFO - Processing file /home/airflow/.local/lib/python3.7/site-packages/airflow/example_dags/example_branch_labels.py for tasks to queue
[2023-06-13T23:04:59.323+0000] {logging_mixin.py:149} INFO - [2023-06-13T23:04:59.323+0000] {dagbag.py:541} INFO - Filling up the DagBag from /home/airflow/.local/lib/python3.7/site-packages/airflow/example_dags/example_branch_labels.py
[2023-06-13T23:04:59.335+0000] {processor.py:836} INFO - DAG(s) dict_keys(['example_branch_labels']) retrieved from /home/airflow/.local/lib/python3.7/site-packages/airflow/example_dags/example_branch_labels.py
[2023-06-13T23:04:59.389+0000] {logging_mixin.py:149} INFO - [2023-06-13T23:04:59.389+0000] {dag.py:2726} INFO - Sync 1 DAGs
[2023-06-13T23:04:59.444+0000] {logging_mixin.py:149} INFO - [2023-06-13T23:04:59.444+0000] {dag.py:3490} INFO - Setting next_dagrun for example_branch_labels to 2023-06-12T00:00:00+00:00, run_after=2023-06-13T00:00:00+00:00
[2023-06-13T23:04:59.492+0000] {processor.py:179} INFO - Processing /home/airflow/.local/lib/python3.7/site-packages/airflow/example_dags/example_branch_labels.py took 0.177 seconds
[2023-06-13T23:05:30.121+0000] {processor.py:157} INFO - Started process (PID=5572) to work on /home/airflow/.local/lib/python3.7/site-packages/airflow/example_dags/example_branch_labels.py
[2023-06-13T23:05:30.123+0000] {processor.py:826} INFO - Processing file /home/airflow/.local/lib/python3.7/site-packages/airflow/example_dags/example_branch_labels.py for tasks to queue
[2023-06-13T23:05:30.124+0000] {logging_mixin.py:149} INFO - [2023-06-13T23:05:30.124+0000] {dagbag.py:541} INFO - Filling up the DagBag from /home/airflow/.local/lib/python3.7/site-packages/airflow/example_dags/example_branch_labels.py
[2023-06-13T23:05:30.138+0000] {processor.py:836} INFO - DAG(s) dict_keys(['example_branch_labels']) retrieved from /home/airflow/.local/lib/python3.7/site-packages/airflow/example_dags/example_branch_labels.py
[2023-06-13T23:05:30.189+0000] {logging_mixin.py:149} INFO - [2023-06-13T23:05:30.189+0000] {dag.py:2726} INFO - Sync 1 DAGs
[2023-06-13T23:05:30.245+0000] {logging_mixin.py:149} INFO - [2023-06-13T23:05:30.245+0000] {dag.py:3490} INFO - Setting next_dagrun for example_branch_labels to 2023-06-12T00:00:00+00:00, run_after=2023-06-13T00:00:00+00:00
[2023-06-13T23:05:30.284+0000] {processor.py:179} INFO - Processing /home/airflow/.local/lib/python3.7/site-packages/airflow/example_dags/example_branch_labels.py took 0.167 seconds
[2023-06-13T23:06:00.887+0000] {processor.py:157} INFO - Started process (PID=5812) to work on /home/airflow/.local/lib/python3.7/site-packages/airflow/example_dags/example_branch_labels.py
[2023-06-13T23:06:00.890+0000] {processor.py:826} INFO - Processing file /home/airflow/.local/lib/python3.7/site-packages/airflow/example_dags/example_branch_labels.py for tasks to queue
[2023-06-13T23:06:00.891+0000] {logging_mixin.py:149} INFO - [2023-06-13T23:06:00.891+0000] {dagbag.py:541} INFO - Filling up the DagBag from /home/airflow/.local/lib/python3.7/site-packages/airflow/example_dags/example_branch_labels.py
[2023-06-13T23:06:00.904+0000] {processor.py:836} INFO - DAG(s) dict_keys(['example_branch_labels']) retrieved from /home/airflow/.local/lib/python3.7/site-packages/airflow/example_dags/example_branch_labels.py
[2023-06-13T23:06:00.968+0000] {logging_mixin.py:149} INFO - [2023-06-13T23:06:00.967+0000] {dag.py:2726} INFO - Sync 1 DAGs
[2023-06-13T23:06:01.013+0000] {logging_mixin.py:149} INFO - [2023-06-13T23:06:01.013+0000] {dag.py:3490} INFO - Setting next_dagrun for example_branch_labels to 2023-06-12T00:00:00+00:00, run_after=2023-06-13T00:00:00+00:00
[2023-06-13T23:06:01.049+0000] {processor.py:179} INFO - Processing /home/airflow/.local/lib/python3.7/site-packages/airflow/example_dags/example_branch_labels.py took 0.167 seconds
[2023-06-13T23:06:31.260+0000] {processor.py:157} INFO - Started process (PID=6052) to work on /home/airflow/.local/lib/python3.7/site-packages/airflow/example_dags/example_branch_labels.py
[2023-06-13T23:06:31.263+0000] {processor.py:826} INFO - Processing file /home/airflow/.local/lib/python3.7/site-packages/airflow/example_dags/example_branch_labels.py for tasks to queue
[2023-06-13T23:06:31.264+0000] {logging_mixin.py:149} INFO - [2023-06-13T23:06:31.264+0000] {dagbag.py:541} INFO - Filling up the DagBag from /home/airflow/.local/lib/python3.7/site-packages/airflow/example_dags/example_branch_labels.py
[2023-06-13T23:06:31.277+0000] {processor.py:836} INFO - DAG(s) dict_keys(['example_branch_labels']) retrieved from /home/airflow/.local/lib/python3.7/site-packages/airflow/example_dags/example_branch_labels.py
[2023-06-13T23:06:31.335+0000] {logging_mixin.py:149} INFO - [2023-06-13T23:06:31.335+0000] {dag.py:2726} INFO - Sync 1 DAGs
[2023-06-13T23:06:31.386+0000] {logging_mixin.py:149} INFO - [2023-06-13T23:06:31.385+0000] {dag.py:3490} INFO - Setting next_dagrun for example_branch_labels to 2023-06-12T00:00:00+00:00, run_after=2023-06-13T00:00:00+00:00
[2023-06-13T23:06:31.424+0000] {processor.py:179} INFO - Processing /home/airflow/.local/lib/python3.7/site-packages/airflow/example_dags/example_branch_labels.py took 0.168 seconds
[2023-06-13T23:07:01.866+0000] {processor.py:157} INFO - Started process (PID=6291) to work on /home/airflow/.local/lib/python3.7/site-packages/airflow/example_dags/example_branch_labels.py
[2023-06-13T23:07:01.869+0000] {processor.py:826} INFO - Processing file /home/airflow/.local/lib/python3.7/site-packages/airflow/example_dags/example_branch_labels.py for tasks to queue
[2023-06-13T23:07:01.871+0000] {logging_mixin.py:149} INFO - [2023-06-13T23:07:01.870+0000] {dagbag.py:541} INFO - Filling up the DagBag from /home/airflow/.local/lib/python3.7/site-packages/airflow/example_dags/example_branch_labels.py
[2023-06-13T23:07:01.887+0000] {processor.py:836} INFO - DAG(s) dict_keys(['example_branch_labels']) retrieved from /home/airflow/.local/lib/python3.7/site-packages/airflow/example_dags/example_branch_labels.py
[2023-06-13T23:07:01.954+0000] {logging_mixin.py:149} INFO - [2023-06-13T23:07:01.953+0000] {dag.py:2726} INFO - Sync 1 DAGs
[2023-06-13T23:07:02.006+0000] {logging_mixin.py:149} INFO - [2023-06-13T23:07:02.006+0000] {dag.py:3490} INFO - Setting next_dagrun for example_branch_labels to 2023-06-12T00:00:00+00:00, run_after=2023-06-13T00:00:00+00:00
[2023-06-13T23:07:02.049+0000] {processor.py:179} INFO - Processing /home/airflow/.local/lib/python3.7/site-packages/airflow/example_dags/example_branch_labels.py took 0.189 seconds
[2023-06-13T23:07:32.218+0000] {processor.py:157} INFO - Started process (PID=6530) to work on /home/airflow/.local/lib/python3.7/site-packages/airflow/example_dags/example_branch_labels.py
[2023-06-13T23:07:32.220+0000] {processor.py:826} INFO - Processing file /home/airflow/.local/lib/python3.7/site-packages/airflow/example_dags/example_branch_labels.py for tasks to queue
[2023-06-13T23:07:32.221+0000] {logging_mixin.py:149} INFO - [2023-06-13T23:07:32.221+0000] {dagbag.py:541} INFO - Filling up the DagBag from /home/airflow/.local/lib/python3.7/site-packages/airflow/example_dags/example_branch_labels.py
[2023-06-13T23:07:32.233+0000] {processor.py:836} INFO - DAG(s) dict_keys(['example_branch_labels']) retrieved from /home/airflow/.local/lib/python3.7/site-packages/airflow/example_dags/example_branch_labels.py
[2023-06-13T23:07:32.281+0000] {logging_mixin.py:149} INFO - [2023-06-13T23:07:32.280+0000] {dag.py:2726} INFO - Sync 1 DAGs
[2023-06-13T23:07:32.331+0000] {logging_mixin.py:149} INFO - [2023-06-13T23:07:32.330+0000] {dag.py:3490} INFO - Setting next_dagrun for example_branch_labels to 2023-06-12T00:00:00+00:00, run_after=2023-06-13T00:00:00+00:00
[2023-06-13T23:07:32.375+0000] {processor.py:179} INFO - Processing /home/airflow/.local/lib/python3.7/site-packages/airflow/example_dags/example_branch_labels.py took 0.160 seconds
[2023-06-13T23:08:02.486+0000] {processor.py:157} INFO - Started process (PID=6766) to work on /home/airflow/.local/lib/python3.7/site-packages/airflow/example_dags/example_branch_labels.py
[2023-06-13T23:08:02.488+0000] {processor.py:826} INFO - Processing file /home/airflow/.local/lib/python3.7/site-packages/airflow/example_dags/example_branch_labels.py for tasks to queue
[2023-06-13T23:08:02.489+0000] {logging_mixin.py:149} INFO - [2023-06-13T23:08:02.489+0000] {dagbag.py:541} INFO - Filling up the DagBag from /home/airflow/.local/lib/python3.7/site-packages/airflow/example_dags/example_branch_labels.py
[2023-06-13T23:08:02.500+0000] {processor.py:836} INFO - DAG(s) dict_keys(['example_branch_labels']) retrieved from /home/airflow/.local/lib/python3.7/site-packages/airflow/example_dags/example_branch_labels.py
[2023-06-13T23:08:02.558+0000] {logging_mixin.py:149} INFO - [2023-06-13T23:08:02.558+0000] {dag.py:2726} INFO - Sync 1 DAGs
[2023-06-13T23:08:02.611+0000] {logging_mixin.py:149} INFO - [2023-06-13T23:08:02.611+0000] {dag.py:3490} INFO - Setting next_dagrun for example_branch_labels to 2023-06-12T00:00:00+00:00, run_after=2023-06-13T00:00:00+00:00
[2023-06-13T23:08:02.654+0000] {processor.py:179} INFO - Processing /home/airflow/.local/lib/python3.7/site-packages/airflow/example_dags/example_branch_labels.py took 0.171 seconds
[2023-06-13T23:08:32.800+0000] {processor.py:157} INFO - Started process (PID=7005) to work on /home/airflow/.local/lib/python3.7/site-packages/airflow/example_dags/example_branch_labels.py
[2023-06-13T23:08:32.802+0000] {processor.py:826} INFO - Processing file /home/airflow/.local/lib/python3.7/site-packages/airflow/example_dags/example_branch_labels.py for tasks to queue
[2023-06-13T23:08:32.803+0000] {logging_mixin.py:149} INFO - [2023-06-13T23:08:32.803+0000] {dagbag.py:541} INFO - Filling up the DagBag from /home/airflow/.local/lib/python3.7/site-packages/airflow/example_dags/example_branch_labels.py
[2023-06-13T23:08:32.816+0000] {processor.py:836} INFO - DAG(s) dict_keys(['example_branch_labels']) retrieved from /home/airflow/.local/lib/python3.7/site-packages/airflow/example_dags/example_branch_labels.py
[2023-06-13T23:08:32.865+0000] {logging_mixin.py:149} INFO - [2023-06-13T23:08:32.865+0000] {dag.py:2726} INFO - Sync 1 DAGs
[2023-06-13T23:08:32.920+0000] {logging_mixin.py:149} INFO - [2023-06-13T23:08:32.920+0000] {dag.py:3490} INFO - Setting next_dagrun for example_branch_labels to 2023-06-12T00:00:00+00:00, run_after=2023-06-13T00:00:00+00:00
[2023-06-13T23:08:32.977+0000] {processor.py:179} INFO - Processing /home/airflow/.local/lib/python3.7/site-packages/airflow/example_dags/example_branch_labels.py took 0.181 seconds
[2023-06-13T23:09:03.271+0000] {processor.py:157} INFO - Started process (PID=7245) to work on /home/airflow/.local/lib/python3.7/site-packages/airflow/example_dags/example_branch_labels.py
[2023-06-13T23:09:03.273+0000] {processor.py:826} INFO - Processing file /home/airflow/.local/lib/python3.7/site-packages/airflow/example_dags/example_branch_labels.py for tasks to queue
[2023-06-13T23:09:03.275+0000] {logging_mixin.py:149} INFO - [2023-06-13T23:09:03.274+0000] {dagbag.py:541} INFO - Filling up the DagBag from /home/airflow/.local/lib/python3.7/site-packages/airflow/example_dags/example_branch_labels.py
[2023-06-13T23:09:03.289+0000] {processor.py:836} INFO - DAG(s) dict_keys(['example_branch_labels']) retrieved from /home/airflow/.local/lib/python3.7/site-packages/airflow/example_dags/example_branch_labels.py
[2023-06-13T23:09:03.338+0000] {logging_mixin.py:149} INFO - [2023-06-13T23:09:03.338+0000] {dag.py:2726} INFO - Sync 1 DAGs
[2023-06-13T23:09:03.387+0000] {logging_mixin.py:149} INFO - [2023-06-13T23:09:03.387+0000] {dag.py:3490} INFO - Setting next_dagrun for example_branch_labels to 2023-06-12T00:00:00+00:00, run_after=2023-06-13T00:00:00+00:00
[2023-06-13T23:09:03.428+0000] {processor.py:179} INFO - Processing /home/airflow/.local/lib/python3.7/site-packages/airflow/example_dags/example_branch_labels.py took 0.163 seconds
[2023-06-13T23:09:33.764+0000] {processor.py:157} INFO - Started process (PID=7485) to work on /home/airflow/.local/lib/python3.7/site-packages/airflow/example_dags/example_branch_labels.py
[2023-06-13T23:09:33.769+0000] {processor.py:826} INFO - Processing file /home/airflow/.local/lib/python3.7/site-packages/airflow/example_dags/example_branch_labels.py for tasks to queue
[2023-06-13T23:09:33.770+0000] {logging_mixin.py:149} INFO - [2023-06-13T23:09:33.769+0000] {dagbag.py:541} INFO - Filling up the DagBag from /home/airflow/.local/lib/python3.7/site-packages/airflow/example_dags/example_branch_labels.py
[2023-06-13T23:09:33.781+0000] {processor.py:836} INFO - DAG(s) dict_keys(['example_branch_labels']) retrieved from /home/airflow/.local/lib/python3.7/site-packages/airflow/example_dags/example_branch_labels.py
[2023-06-13T23:09:33.833+0000] {logging_mixin.py:149} INFO - [2023-06-13T23:09:33.833+0000] {dag.py:2726} INFO - Sync 1 DAGs
[2023-06-13T23:09:33.881+0000] {logging_mixin.py:149} INFO - [2023-06-13T23:09:33.881+0000] {dag.py:3490} INFO - Setting next_dagrun for example_branch_labels to 2023-06-12T00:00:00+00:00, run_after=2023-06-13T00:00:00+00:00
[2023-06-13T23:09:33.932+0000] {processor.py:179} INFO - Processing /home/airflow/.local/lib/python3.7/site-packages/airflow/example_dags/example_branch_labels.py took 0.174 seconds
[2023-06-13T23:10:04.184+0000] {processor.py:157} INFO - Started process (PID=7725) to work on /home/airflow/.local/lib/python3.7/site-packages/airflow/example_dags/example_branch_labels.py
[2023-06-13T23:10:04.186+0000] {processor.py:826} INFO - Processing file /home/airflow/.local/lib/python3.7/site-packages/airflow/example_dags/example_branch_labels.py for tasks to queue
[2023-06-13T23:10:04.188+0000] {logging_mixin.py:149} INFO - [2023-06-13T23:10:04.187+0000] {dagbag.py:541} INFO - Filling up the DagBag from /home/airflow/.local/lib/python3.7/site-packages/airflow/example_dags/example_branch_labels.py
[2023-06-13T23:10:04.203+0000] {processor.py:836} INFO - DAG(s) dict_keys(['example_branch_labels']) retrieved from /home/airflow/.local/lib/python3.7/site-packages/airflow/example_dags/example_branch_labels.py
[2023-06-13T23:10:04.250+0000] {logging_mixin.py:149} INFO - [2023-06-13T23:10:04.250+0000] {dag.py:2726} INFO - Sync 1 DAGs
[2023-06-13T23:10:04.300+0000] {logging_mixin.py:149} INFO - [2023-06-13T23:10:04.299+0000] {dag.py:3490} INFO - Setting next_dagrun for example_branch_labels to 2023-06-12T00:00:00+00:00, run_after=2023-06-13T00:00:00+00:00
[2023-06-13T23:10:04.335+0000] {processor.py:179} INFO - Processing /home/airflow/.local/lib/python3.7/site-packages/airflow/example_dags/example_branch_labels.py took 0.156 seconds
[2023-06-13T23:10:34.936+0000] {processor.py:157} INFO - Started process (PID=7965) to work on /home/airflow/.local/lib/python3.7/site-packages/airflow/example_dags/example_branch_labels.py
[2023-06-13T23:10:34.938+0000] {processor.py:826} INFO - Processing file /home/airflow/.local/lib/python3.7/site-packages/airflow/example_dags/example_branch_labels.py for tasks to queue
[2023-06-13T23:10:34.939+0000] {logging_mixin.py:149} INFO - [2023-06-13T23:10:34.938+0000] {dagbag.py:541} INFO - Filling up the DagBag from /home/airflow/.local/lib/python3.7/site-packages/airflow/example_dags/example_branch_labels.py
[2023-06-13T23:10:34.953+0000] {processor.py:836} INFO - DAG(s) dict_keys(['example_branch_labels']) retrieved from /home/airflow/.local/lib/python3.7/site-packages/airflow/example_dags/example_branch_labels.py
[2023-06-13T23:10:35.006+0000] {logging_mixin.py:149} INFO - [2023-06-13T23:10:35.005+0000] {dag.py:2726} INFO - Sync 1 DAGs
[2023-06-13T23:10:35.052+0000] {logging_mixin.py:149} INFO - [2023-06-13T23:10:35.051+0000] {dag.py:3490} INFO - Setting next_dagrun for example_branch_labels to 2023-06-12T00:00:00+00:00, run_after=2023-06-13T00:00:00+00:00
[2023-06-13T23:10:35.093+0000] {processor.py:179} INFO - Processing /home/airflow/.local/lib/python3.7/site-packages/airflow/example_dags/example_branch_labels.py took 0.162 seconds
[2023-06-13T23:11:05.608+0000] {processor.py:157} INFO - Started process (PID=8205) to work on /home/airflow/.local/lib/python3.7/site-packages/airflow/example_dags/example_branch_labels.py
[2023-06-13T23:11:05.610+0000] {processor.py:826} INFO - Processing file /home/airflow/.local/lib/python3.7/site-packages/airflow/example_dags/example_branch_labels.py for tasks to queue
[2023-06-13T23:11:05.612+0000] {logging_mixin.py:149} INFO - [2023-06-13T23:11:05.611+0000] {dagbag.py:541} INFO - Filling up the DagBag from /home/airflow/.local/lib/python3.7/site-packages/airflow/example_dags/example_branch_labels.py
[2023-06-13T23:11:05.628+0000] {processor.py:836} INFO - DAG(s) dict_keys(['example_branch_labels']) retrieved from /home/airflow/.local/lib/python3.7/site-packages/airflow/example_dags/example_branch_labels.py
[2023-06-13T23:11:05.680+0000] {logging_mixin.py:149} INFO - [2023-06-13T23:11:05.680+0000] {dag.py:2726} INFO - Sync 1 DAGs
[2023-06-13T23:11:05.736+0000] {logging_mixin.py:149} INFO - [2023-06-13T23:11:05.735+0000] {dag.py:3490} INFO - Setting next_dagrun for example_branch_labels to 2023-06-12T00:00:00+00:00, run_after=2023-06-13T00:00:00+00:00
[2023-06-13T23:11:05.783+0000] {processor.py:179} INFO - Processing /home/airflow/.local/lib/python3.7/site-packages/airflow/example_dags/example_branch_labels.py took 0.179 seconds
[2023-06-13T23:11:35.870+0000] {processor.py:157} INFO - Started process (PID=8445) to work on /home/airflow/.local/lib/python3.7/site-packages/airflow/example_dags/example_branch_labels.py
[2023-06-13T23:11:35.872+0000] {processor.py:826} INFO - Processing file /home/airflow/.local/lib/python3.7/site-packages/airflow/example_dags/example_branch_labels.py for tasks to queue
[2023-06-13T23:11:35.874+0000] {logging_mixin.py:149} INFO - [2023-06-13T23:11:35.874+0000] {dagbag.py:541} INFO - Filling up the DagBag from /home/airflow/.local/lib/python3.7/site-packages/airflow/example_dags/example_branch_labels.py
[2023-06-13T23:11:35.887+0000] {processor.py:836} INFO - DAG(s) dict_keys(['example_branch_labels']) retrieved from /home/airflow/.local/lib/python3.7/site-packages/airflow/example_dags/example_branch_labels.py
[2023-06-13T23:11:35.939+0000] {logging_mixin.py:149} INFO - [2023-06-13T23:11:35.939+0000] {dag.py:2726} INFO - Sync 1 DAGs
[2023-06-13T23:11:35.982+0000] {logging_mixin.py:149} INFO - [2023-06-13T23:11:35.982+0000] {dag.py:3490} INFO - Setting next_dagrun for example_branch_labels to 2023-06-12T00:00:00+00:00, run_after=2023-06-13T00:00:00+00:00
[2023-06-13T23:11:36.017+0000] {processor.py:179} INFO - Processing /home/airflow/.local/lib/python3.7/site-packages/airflow/example_dags/example_branch_labels.py took 0.150 seconds
[2023-06-13T23:12:06.415+0000] {processor.py:157} INFO - Started process (PID=8685) to work on /home/airflow/.local/lib/python3.7/site-packages/airflow/example_dags/example_branch_labels.py
[2023-06-13T23:12:06.417+0000] {processor.py:826} INFO - Processing file /home/airflow/.local/lib/python3.7/site-packages/airflow/example_dags/example_branch_labels.py for tasks to queue
[2023-06-13T23:12:06.418+0000] {logging_mixin.py:149} INFO - [2023-06-13T23:12:06.418+0000] {dagbag.py:541} INFO - Filling up the DagBag from /home/airflow/.local/lib/python3.7/site-packages/airflow/example_dags/example_branch_labels.py
[2023-06-13T23:12:06.434+0000] {processor.py:836} INFO - DAG(s) dict_keys(['example_branch_labels']) retrieved from /home/airflow/.local/lib/python3.7/site-packages/airflow/example_dags/example_branch_labels.py
[2023-06-13T23:12:06.487+0000] {logging_mixin.py:149} INFO - [2023-06-13T23:12:06.486+0000] {dag.py:2726} INFO - Sync 1 DAGs
[2023-06-13T23:12:06.537+0000] {logging_mixin.py:149} INFO - [2023-06-13T23:12:06.537+0000] {dag.py:3490} INFO - Setting next_dagrun for example_branch_labels to 2023-06-12T00:00:00+00:00, run_after=2023-06-13T00:00:00+00:00
[2023-06-13T23:12:06.593+0000] {processor.py:179} INFO - Processing /home/airflow/.local/lib/python3.7/site-packages/airflow/example_dags/example_branch_labels.py took 0.182 seconds
[2023-06-13T23:12:37.097+0000] {processor.py:157} INFO - Started process (PID=8925) to work on /home/airflow/.local/lib/python3.7/site-packages/airflow/example_dags/example_branch_labels.py
[2023-06-13T23:12:37.100+0000] {processor.py:826} INFO - Processing file /home/airflow/.local/lib/python3.7/site-packages/airflow/example_dags/example_branch_labels.py for tasks to queue
[2023-06-13T23:12:37.101+0000] {logging_mixin.py:149} INFO - [2023-06-13T23:12:37.101+0000] {dagbag.py:541} INFO - Filling up the DagBag from /home/airflow/.local/lib/python3.7/site-packages/airflow/example_dags/example_branch_labels.py
[2023-06-13T23:12:37.115+0000] {processor.py:836} INFO - DAG(s) dict_keys(['example_branch_labels']) retrieved from /home/airflow/.local/lib/python3.7/site-packages/airflow/example_dags/example_branch_labels.py
[2023-06-13T23:12:37.170+0000] {logging_mixin.py:149} INFO - [2023-06-13T23:12:37.170+0000] {dag.py:2726} INFO - Sync 1 DAGs
[2023-06-13T23:12:37.214+0000] {logging_mixin.py:149} INFO - [2023-06-13T23:12:37.214+0000] {dag.py:3490} INFO - Setting next_dagrun for example_branch_labels to 2023-06-12T00:00:00+00:00, run_after=2023-06-13T00:00:00+00:00
[2023-06-13T23:12:37.261+0000] {processor.py:179} INFO - Processing /home/airflow/.local/lib/python3.7/site-packages/airflow/example_dags/example_branch_labels.py took 0.170 seconds
[2023-06-13T23:13:07.509+0000] {processor.py:157} INFO - Started process (PID=9164) to work on /home/airflow/.local/lib/python3.7/site-packages/airflow/example_dags/example_branch_labels.py
[2023-06-13T23:13:07.511+0000] {processor.py:826} INFO - Processing file /home/airflow/.local/lib/python3.7/site-packages/airflow/example_dags/example_branch_labels.py for tasks to queue
[2023-06-13T23:13:07.513+0000] {logging_mixin.py:149} INFO - [2023-06-13T23:13:07.512+0000] {dagbag.py:541} INFO - Filling up the DagBag from /home/airflow/.local/lib/python3.7/site-packages/airflow/example_dags/example_branch_labels.py
[2023-06-13T23:13:07.524+0000] {processor.py:836} INFO - DAG(s) dict_keys(['example_branch_labels']) retrieved from /home/airflow/.local/lib/python3.7/site-packages/airflow/example_dags/example_branch_labels.py
[2023-06-13T23:13:07.575+0000] {logging_mixin.py:149} INFO - [2023-06-13T23:13:07.575+0000] {dag.py:2726} INFO - Sync 1 DAGs
[2023-06-13T23:13:07.634+0000] {logging_mixin.py:149} INFO - [2023-06-13T23:13:07.634+0000] {dag.py:3490} INFO - Setting next_dagrun for example_branch_labels to 2023-06-12T00:00:00+00:00, run_after=2023-06-13T00:00:00+00:00
[2023-06-13T23:13:07.692+0000] {processor.py:179} INFO - Processing /home/airflow/.local/lib/python3.7/site-packages/airflow/example_dags/example_branch_labels.py took 0.189 seconds
[2023-06-13T23:13:38.384+0000] {processor.py:157} INFO - Started process (PID=9404) to work on /home/airflow/.local/lib/python3.7/site-packages/airflow/example_dags/example_branch_labels.py
[2023-06-13T23:13:38.385+0000] {processor.py:826} INFO - Processing file /home/airflow/.local/lib/python3.7/site-packages/airflow/example_dags/example_branch_labels.py for tasks to queue
[2023-06-13T23:13:38.386+0000] {logging_mixin.py:149} INFO - [2023-06-13T23:13:38.386+0000] {dagbag.py:541} INFO - Filling up the DagBag from /home/airflow/.local/lib/python3.7/site-packages/airflow/example_dags/example_branch_labels.py
[2023-06-13T23:13:38.400+0000] {processor.py:836} INFO - DAG(s) dict_keys(['example_branch_labels']) retrieved from /home/airflow/.local/lib/python3.7/site-packages/airflow/example_dags/example_branch_labels.py
[2023-06-13T23:13:38.453+0000] {logging_mixin.py:149} INFO - [2023-06-13T23:13:38.453+0000] {dag.py:2726} INFO - Sync 1 DAGs
[2023-06-13T23:13:38.498+0000] {logging_mixin.py:149} INFO - [2023-06-13T23:13:38.498+0000] {dag.py:3490} INFO - Setting next_dagrun for example_branch_labels to 2023-06-12T00:00:00+00:00, run_after=2023-06-13T00:00:00+00:00
[2023-06-13T23:13:38.541+0000] {processor.py:179} INFO - Processing /home/airflow/.local/lib/python3.7/site-packages/airflow/example_dags/example_branch_labels.py took 0.161 seconds
[2023-06-13T23:14:09.009+0000] {processor.py:157} INFO - Started process (PID=9644) to work on /home/airflow/.local/lib/python3.7/site-packages/airflow/example_dags/example_branch_labels.py
[2023-06-13T23:14:09.010+0000] {processor.py:826} INFO - Processing file /home/airflow/.local/lib/python3.7/site-packages/airflow/example_dags/example_branch_labels.py for tasks to queue
[2023-06-13T23:14:09.012+0000] {logging_mixin.py:149} INFO - [2023-06-13T23:14:09.011+0000] {dagbag.py:541} INFO - Filling up the DagBag from /home/airflow/.local/lib/python3.7/site-packages/airflow/example_dags/example_branch_labels.py
[2023-06-13T23:14:09.027+0000] {processor.py:836} INFO - DAG(s) dict_keys(['example_branch_labels']) retrieved from /home/airflow/.local/lib/python3.7/site-packages/airflow/example_dags/example_branch_labels.py
[2023-06-13T23:14:09.076+0000] {logging_mixin.py:149} INFO - [2023-06-13T23:14:09.075+0000] {dag.py:2726} INFO - Sync 1 DAGs
[2023-06-13T23:14:09.121+0000] {logging_mixin.py:149} INFO - [2023-06-13T23:14:09.121+0000] {dag.py:3490} INFO - Setting next_dagrun for example_branch_labels to 2023-06-12T00:00:00+00:00, run_after=2023-06-13T00:00:00+00:00
[2023-06-13T23:14:09.168+0000] {processor.py:179} INFO - Processing /home/airflow/.local/lib/python3.7/site-packages/airflow/example_dags/example_branch_labels.py took 0.165 seconds
[2023-06-13T23:14:39.605+0000] {processor.py:157} INFO - Started process (PID=9883) to work on /home/airflow/.local/lib/python3.7/site-packages/airflow/example_dags/example_branch_labels.py
[2023-06-13T23:14:39.607+0000] {processor.py:826} INFO - Processing file /home/airflow/.local/lib/python3.7/site-packages/airflow/example_dags/example_branch_labels.py for tasks to queue
[2023-06-13T23:14:39.609+0000] {logging_mixin.py:149} INFO - [2023-06-13T23:14:39.608+0000] {dagbag.py:541} INFO - Filling up the DagBag from /home/airflow/.local/lib/python3.7/site-packages/airflow/example_dags/example_branch_labels.py
[2023-06-13T23:14:39.619+0000] {processor.py:836} INFO - DAG(s) dict_keys(['example_branch_labels']) retrieved from /home/airflow/.local/lib/python3.7/site-packages/airflow/example_dags/example_branch_labels.py
[2023-06-13T23:14:39.668+0000] {logging_mixin.py:149} INFO - [2023-06-13T23:14:39.668+0000] {dag.py:2726} INFO - Sync 1 DAGs
[2023-06-13T23:14:39.705+0000] {logging_mixin.py:149} INFO - [2023-06-13T23:14:39.705+0000] {dag.py:3490} INFO - Setting next_dagrun for example_branch_labels to 2023-06-12T00:00:00+00:00, run_after=2023-06-13T00:00:00+00:00
[2023-06-13T23:14:39.760+0000] {processor.py:179} INFO - Processing /home/airflow/.local/lib/python3.7/site-packages/airflow/example_dags/example_branch_labels.py took 0.159 seconds
[2023-06-13T23:15:10.409+0000] {processor.py:157} INFO - Started process (PID=10122) to work on /home/airflow/.local/lib/python3.7/site-packages/airflow/example_dags/example_branch_labels.py
[2023-06-13T23:15:10.413+0000] {processor.py:826} INFO - Processing file /home/airflow/.local/lib/python3.7/site-packages/airflow/example_dags/example_branch_labels.py for tasks to queue
[2023-06-13T23:15:10.415+0000] {logging_mixin.py:149} INFO - [2023-06-13T23:15:10.414+0000] {dagbag.py:541} INFO - Filling up the DagBag from /home/airflow/.local/lib/python3.7/site-packages/airflow/example_dags/example_branch_labels.py
[2023-06-13T23:15:10.424+0000] {processor.py:836} INFO - DAG(s) dict_keys(['example_branch_labels']) retrieved from /home/airflow/.local/lib/python3.7/site-packages/airflow/example_dags/example_branch_labels.py
[2023-06-13T23:15:10.476+0000] {logging_mixin.py:149} INFO - [2023-06-13T23:15:10.475+0000] {dag.py:2726} INFO - Sync 1 DAGs
[2023-06-13T23:15:10.525+0000] {logging_mixin.py:149} INFO - [2023-06-13T23:15:10.525+0000] {dag.py:3490} INFO - Setting next_dagrun for example_branch_labels to 2023-06-12T00:00:00+00:00, run_after=2023-06-13T00:00:00+00:00
[2023-06-13T23:15:10.584+0000] {processor.py:179} INFO - Processing /home/airflow/.local/lib/python3.7/site-packages/airflow/example_dags/example_branch_labels.py took 0.180 seconds
[2023-06-13T23:15:41.194+0000] {processor.py:157} INFO - Started process (PID=10362) to work on /home/airflow/.local/lib/python3.7/site-packages/airflow/example_dags/example_branch_labels.py
[2023-06-13T23:15:41.197+0000] {processor.py:826} INFO - Processing file /home/airflow/.local/lib/python3.7/site-packages/airflow/example_dags/example_branch_labels.py for tasks to queue
[2023-06-13T23:15:41.198+0000] {logging_mixin.py:149} INFO - [2023-06-13T23:15:41.198+0000] {dagbag.py:541} INFO - Filling up the DagBag from /home/airflow/.local/lib/python3.7/site-packages/airflow/example_dags/example_branch_labels.py
[2023-06-13T23:15:41.210+0000] {processor.py:836} INFO - DAG(s) dict_keys(['example_branch_labels']) retrieved from /home/airflow/.local/lib/python3.7/site-packages/airflow/example_dags/example_branch_labels.py
[2023-06-13T23:15:41.258+0000] {logging_mixin.py:149} INFO - [2023-06-13T23:15:41.258+0000] {dag.py:2726} INFO - Sync 1 DAGs
[2023-06-13T23:15:41.307+0000] {logging_mixin.py:149} INFO - [2023-06-13T23:15:41.306+0000] {dag.py:3490} INFO - Setting next_dagrun for example_branch_labels to 2023-06-12T00:00:00+00:00, run_after=2023-06-13T00:00:00+00:00
[2023-06-13T23:15:41.352+0000] {processor.py:179} INFO - Processing /home/airflow/.local/lib/python3.7/site-packages/airflow/example_dags/example_branch_labels.py took 0.162 seconds
[2023-06-13T23:16:11.647+0000] {processor.py:157} INFO - Started process (PID=10602) to work on /home/airflow/.local/lib/python3.7/site-packages/airflow/example_dags/example_branch_labels.py
[2023-06-13T23:16:11.650+0000] {processor.py:826} INFO - Processing file /home/airflow/.local/lib/python3.7/site-packages/airflow/example_dags/example_branch_labels.py for tasks to queue
[2023-06-13T23:16:11.651+0000] {logging_mixin.py:149} INFO - [2023-06-13T23:16:11.651+0000] {dagbag.py:541} INFO - Filling up the DagBag from /home/airflow/.local/lib/python3.7/site-packages/airflow/example_dags/example_branch_labels.py
[2023-06-13T23:16:11.665+0000] {processor.py:836} INFO - DAG(s) dict_keys(['example_branch_labels']) retrieved from /home/airflow/.local/lib/python3.7/site-packages/airflow/example_dags/example_branch_labels.py
[2023-06-13T23:16:11.715+0000] {logging_mixin.py:149} INFO - [2023-06-13T23:16:11.715+0000] {dag.py:2726} INFO - Sync 1 DAGs
[2023-06-13T23:16:11.768+0000] {logging_mixin.py:149} INFO - [2023-06-13T23:16:11.767+0000] {dag.py:3490} INFO - Setting next_dagrun for example_branch_labels to 2023-06-12T00:00:00+00:00, run_after=2023-06-13T00:00:00+00:00
[2023-06-13T23:16:11.817+0000] {processor.py:179} INFO - Processing /home/airflow/.local/lib/python3.7/site-packages/airflow/example_dags/example_branch_labels.py took 0.176 seconds
[2023-06-13T23:16:42.197+0000] {processor.py:157} INFO - Started process (PID=10842) to work on /home/airflow/.local/lib/python3.7/site-packages/airflow/example_dags/example_branch_labels.py
[2023-06-13T23:16:42.198+0000] {processor.py:826} INFO - Processing file /home/airflow/.local/lib/python3.7/site-packages/airflow/example_dags/example_branch_labels.py for tasks to queue
[2023-06-13T23:16:42.200+0000] {logging_mixin.py:149} INFO - [2023-06-13T23:16:42.199+0000] {dagbag.py:541} INFO - Filling up the DagBag from /home/airflow/.local/lib/python3.7/site-packages/airflow/example_dags/example_branch_labels.py
[2023-06-13T23:16:42.212+0000] {processor.py:836} INFO - DAG(s) dict_keys(['example_branch_labels']) retrieved from /home/airflow/.local/lib/python3.7/site-packages/airflow/example_dags/example_branch_labels.py
[2023-06-13T23:16:42.262+0000] {logging_mixin.py:149} INFO - [2023-06-13T23:16:42.262+0000] {dag.py:2726} INFO - Sync 1 DAGs
[2023-06-13T23:16:42.307+0000] {logging_mixin.py:149} INFO - [2023-06-13T23:16:42.307+0000] {dag.py:3490} INFO - Setting next_dagrun for example_branch_labels to 2023-06-12T00:00:00+00:00, run_after=2023-06-13T00:00:00+00:00
[2023-06-13T23:16:42.351+0000] {processor.py:179} INFO - Processing /home/airflow/.local/lib/python3.7/site-packages/airflow/example_dags/example_branch_labels.py took 0.158 seconds
[2023-06-13T23:17:12.718+0000] {processor.py:157} INFO - Started process (PID=11083) to work on /home/airflow/.local/lib/python3.7/site-packages/airflow/example_dags/example_branch_labels.py
[2023-06-13T23:17:12.720+0000] {processor.py:826} INFO - Processing file /home/airflow/.local/lib/python3.7/site-packages/airflow/example_dags/example_branch_labels.py for tasks to queue
[2023-06-13T23:17:12.722+0000] {logging_mixin.py:149} INFO - [2023-06-13T23:17:12.721+0000] {dagbag.py:541} INFO - Filling up the DagBag from /home/airflow/.local/lib/python3.7/site-packages/airflow/example_dags/example_branch_labels.py
[2023-06-13T23:17:12.734+0000] {processor.py:836} INFO - DAG(s) dict_keys(['example_branch_labels']) retrieved from /home/airflow/.local/lib/python3.7/site-packages/airflow/example_dags/example_branch_labels.py
[2023-06-13T23:17:12.798+0000] {logging_mixin.py:149} INFO - [2023-06-13T23:17:12.797+0000] {dag.py:2726} INFO - Sync 1 DAGs
[2023-06-13T23:17:12.862+0000] {logging_mixin.py:149} INFO - [2023-06-13T23:17:12.861+0000] {dag.py:3490} INFO - Setting next_dagrun for example_branch_labels to 2023-06-12T00:00:00+00:00, run_after=2023-06-13T00:00:00+00:00
[2023-06-13T23:17:12.909+0000] {processor.py:179} INFO - Processing /home/airflow/.local/lib/python3.7/site-packages/airflow/example_dags/example_branch_labels.py took 0.196 seconds
[2023-06-13T23:17:43.148+0000] {processor.py:157} INFO - Started process (PID=11321) to work on /home/airflow/.local/lib/python3.7/site-packages/airflow/example_dags/example_branch_labels.py
[2023-06-13T23:17:43.151+0000] {processor.py:826} INFO - Processing file /home/airflow/.local/lib/python3.7/site-packages/airflow/example_dags/example_branch_labels.py for tasks to queue
[2023-06-13T23:17:43.153+0000] {logging_mixin.py:149} INFO - [2023-06-13T23:17:43.152+0000] {dagbag.py:541} INFO - Filling up the DagBag from /home/airflow/.local/lib/python3.7/site-packages/airflow/example_dags/example_branch_labels.py
[2023-06-13T23:17:43.167+0000] {processor.py:836} INFO - DAG(s) dict_keys(['example_branch_labels']) retrieved from /home/airflow/.local/lib/python3.7/site-packages/airflow/example_dags/example_branch_labels.py
[2023-06-13T23:17:43.228+0000] {logging_mixin.py:149} INFO - [2023-06-13T23:17:43.227+0000] {dag.py:2726} INFO - Sync 1 DAGs
[2023-06-13T23:17:43.294+0000] {logging_mixin.py:149} INFO - [2023-06-13T23:17:43.293+0000] {dag.py:3490} INFO - Setting next_dagrun for example_branch_labels to 2023-06-12T00:00:00+00:00, run_after=2023-06-13T00:00:00+00:00
[2023-06-13T23:17:43.366+0000] {processor.py:179} INFO - Processing /home/airflow/.local/lib/python3.7/site-packages/airflow/example_dags/example_branch_labels.py took 0.227 seconds
[2023-06-13T23:18:13.641+0000] {processor.py:157} INFO - Started process (PID=11550) to work on /home/airflow/.local/lib/python3.7/site-packages/airflow/example_dags/example_branch_labels.py
[2023-06-13T23:18:13.644+0000] {processor.py:826} INFO - Processing file /home/airflow/.local/lib/python3.7/site-packages/airflow/example_dags/example_branch_labels.py for tasks to queue
[2023-06-13T23:18:13.646+0000] {logging_mixin.py:149} INFO - [2023-06-13T23:18:13.646+0000] {dagbag.py:541} INFO - Filling up the DagBag from /home/airflow/.local/lib/python3.7/site-packages/airflow/example_dags/example_branch_labels.py
[2023-06-13T23:18:13.664+0000] {processor.py:836} INFO - DAG(s) dict_keys(['example_branch_labels']) retrieved from /home/airflow/.local/lib/python3.7/site-packages/airflow/example_dags/example_branch_labels.py
[2023-06-13T23:18:13.741+0000] {logging_mixin.py:149} INFO - [2023-06-13T23:18:13.740+0000] {dag.py:2726} INFO - Sync 1 DAGs
[2023-06-13T23:18:13.819+0000] {logging_mixin.py:149} INFO - [2023-06-13T23:18:13.819+0000] {dag.py:3490} INFO - Setting next_dagrun for example_branch_labels to 2023-06-12T00:00:00+00:00, run_after=2023-06-13T00:00:00+00:00
[2023-06-13T23:18:13.909+0000] {processor.py:179} INFO - Processing /home/airflow/.local/lib/python3.7/site-packages/airflow/example_dags/example_branch_labels.py took 0.272 seconds
[2023-06-13T23:18:43.992+0000] {processor.py:157} INFO - Started process (PID=11790) to work on /home/airflow/.local/lib/python3.7/site-packages/airflow/example_dags/example_branch_labels.py
[2023-06-13T23:18:43.996+0000] {processor.py:826} INFO - Processing file /home/airflow/.local/lib/python3.7/site-packages/airflow/example_dags/example_branch_labels.py for tasks to queue
[2023-06-13T23:18:43.997+0000] {logging_mixin.py:149} INFO - [2023-06-13T23:18:43.997+0000] {dagbag.py:541} INFO - Filling up the DagBag from /home/airflow/.local/lib/python3.7/site-packages/airflow/example_dags/example_branch_labels.py
[2023-06-13T23:18:44.013+0000] {processor.py:836} INFO - DAG(s) dict_keys(['example_branch_labels']) retrieved from /home/airflow/.local/lib/python3.7/site-packages/airflow/example_dags/example_branch_labels.py
[2023-06-13T23:18:44.076+0000] {logging_mixin.py:149} INFO - [2023-06-13T23:18:44.075+0000] {dag.py:2726} INFO - Sync 1 DAGs
[2023-06-13T23:18:44.142+0000] {logging_mixin.py:149} INFO - [2023-06-13T23:18:44.141+0000] {dag.py:3490} INFO - Setting next_dagrun for example_branch_labels to 2023-06-12T00:00:00+00:00, run_after=2023-06-13T00:00:00+00:00
[2023-06-13T23:18:44.205+0000] {processor.py:179} INFO - Processing /home/airflow/.local/lib/python3.7/site-packages/airflow/example_dags/example_branch_labels.py took 0.219 seconds
[2023-06-13T23:19:14.583+0000] {processor.py:157} INFO - Started process (PID=12030) to work on /home/airflow/.local/lib/python3.7/site-packages/airflow/example_dags/example_branch_labels.py
[2023-06-13T23:19:14.585+0000] {processor.py:826} INFO - Processing file /home/airflow/.local/lib/python3.7/site-packages/airflow/example_dags/example_branch_labels.py for tasks to queue
[2023-06-13T23:19:14.587+0000] {logging_mixin.py:149} INFO - [2023-06-13T23:19:14.586+0000] {dagbag.py:541} INFO - Filling up the DagBag from /home/airflow/.local/lib/python3.7/site-packages/airflow/example_dags/example_branch_labels.py
[2023-06-13T23:19:14.607+0000] {processor.py:836} INFO - DAG(s) dict_keys(['example_branch_labels']) retrieved from /home/airflow/.local/lib/python3.7/site-packages/airflow/example_dags/example_branch_labels.py
[2023-06-13T23:19:14.691+0000] {logging_mixin.py:149} INFO - [2023-06-13T23:19:14.690+0000] {dag.py:2726} INFO - Sync 1 DAGs
[2023-06-13T23:19:14.758+0000] {logging_mixin.py:149} INFO - [2023-06-13T23:19:14.758+0000] {dag.py:3490} INFO - Setting next_dagrun for example_branch_labels to 2023-06-12T00:00:00+00:00, run_after=2023-06-13T00:00:00+00:00
[2023-06-13T23:19:14.857+0000] {processor.py:179} INFO - Processing /home/airflow/.local/lib/python3.7/site-packages/airflow/example_dags/example_branch_labels.py took 0.282 seconds
[2023-06-13T23:19:45.545+0000] {processor.py:157} INFO - Started process (PID=12270) to work on /home/airflow/.local/lib/python3.7/site-packages/airflow/example_dags/example_branch_labels.py
[2023-06-13T23:19:45.549+0000] {processor.py:826} INFO - Processing file /home/airflow/.local/lib/python3.7/site-packages/airflow/example_dags/example_branch_labels.py for tasks to queue
[2023-06-13T23:19:45.551+0000] {logging_mixin.py:149} INFO - [2023-06-13T23:19:45.550+0000] {dagbag.py:541} INFO - Filling up the DagBag from /home/airflow/.local/lib/python3.7/site-packages/airflow/example_dags/example_branch_labels.py
[2023-06-13T23:19:45.567+0000] {processor.py:836} INFO - DAG(s) dict_keys(['example_branch_labels']) retrieved from /home/airflow/.local/lib/python3.7/site-packages/airflow/example_dags/example_branch_labels.py
[2023-06-13T23:19:45.626+0000] {logging_mixin.py:149} INFO - [2023-06-13T23:19:45.625+0000] {dag.py:2726} INFO - Sync 1 DAGs
[2023-06-13T23:19:45.694+0000] {logging_mixin.py:149} INFO - [2023-06-13T23:19:45.694+0000] {dag.py:3490} INFO - Setting next_dagrun for example_branch_labels to 2023-06-12T00:00:00+00:00, run_after=2023-06-13T00:00:00+00:00
[2023-06-13T23:19:45.752+0000] {processor.py:179} INFO - Processing /home/airflow/.local/lib/python3.7/site-packages/airflow/example_dags/example_branch_labels.py took 0.213 seconds
[2023-06-13T23:20:16.576+0000] {processor.py:157} INFO - Started process (PID=12510) to work on /home/airflow/.local/lib/python3.7/site-packages/airflow/example_dags/example_branch_labels.py
[2023-06-13T23:20:16.579+0000] {processor.py:826} INFO - Processing file /home/airflow/.local/lib/python3.7/site-packages/airflow/example_dags/example_branch_labels.py for tasks to queue
[2023-06-13T23:20:16.580+0000] {logging_mixin.py:149} INFO - [2023-06-13T23:20:16.580+0000] {dagbag.py:541} INFO - Filling up the DagBag from /home/airflow/.local/lib/python3.7/site-packages/airflow/example_dags/example_branch_labels.py
[2023-06-13T23:20:16.594+0000] {processor.py:836} INFO - DAG(s) dict_keys(['example_branch_labels']) retrieved from /home/airflow/.local/lib/python3.7/site-packages/airflow/example_dags/example_branch_labels.py
[2023-06-13T23:20:16.671+0000] {logging_mixin.py:149} INFO - [2023-06-13T23:20:16.670+0000] {dag.py:2726} INFO - Sync 1 DAGs
[2023-06-13T23:20:16.731+0000] {logging_mixin.py:149} INFO - [2023-06-13T23:20:16.730+0000] {dag.py:3490} INFO - Setting next_dagrun for example_branch_labels to 2023-06-12T00:00:00+00:00, run_after=2023-06-13T00:00:00+00:00
[2023-06-13T23:20:16.785+0000] {processor.py:179} INFO - Processing /home/airflow/.local/lib/python3.7/site-packages/airflow/example_dags/example_branch_labels.py took 0.215 seconds
[2023-06-13T23:20:47.442+0000] {processor.py:157} INFO - Started process (PID=12750) to work on /home/airflow/.local/lib/python3.7/site-packages/airflow/example_dags/example_branch_labels.py
[2023-06-13T23:20:47.446+0000] {processor.py:826} INFO - Processing file /home/airflow/.local/lib/python3.7/site-packages/airflow/example_dags/example_branch_labels.py for tasks to queue
[2023-06-13T23:20:47.449+0000] {logging_mixin.py:149} INFO - [2023-06-13T23:20:47.447+0000] {dagbag.py:541} INFO - Filling up the DagBag from /home/airflow/.local/lib/python3.7/site-packages/airflow/example_dags/example_branch_labels.py
[2023-06-13T23:20:47.471+0000] {processor.py:836} INFO - DAG(s) dict_keys(['example_branch_labels']) retrieved from /home/airflow/.local/lib/python3.7/site-packages/airflow/example_dags/example_branch_labels.py
[2023-06-13T23:20:47.540+0000] {logging_mixin.py:149} INFO - [2023-06-13T23:20:47.539+0000] {dag.py:2726} INFO - Sync 1 DAGs
[2023-06-13T23:20:47.612+0000] {logging_mixin.py:149} INFO - [2023-06-13T23:20:47.612+0000] {dag.py:3490} INFO - Setting next_dagrun for example_branch_labels to 2023-06-12T00:00:00+00:00, run_after=2023-06-13T00:00:00+00:00
[2023-06-13T23:20:47.670+0000] {processor.py:179} INFO - Processing /home/airflow/.local/lib/python3.7/site-packages/airflow/example_dags/example_branch_labels.py took 0.234 seconds
[2023-06-13T23:21:18.012+0000] {processor.py:157} INFO - Started process (PID=12989) to work on /home/airflow/.local/lib/python3.7/site-packages/airflow/example_dags/example_branch_labels.py
[2023-06-13T23:21:18.019+0000] {processor.py:826} INFO - Processing file /home/airflow/.local/lib/python3.7/site-packages/airflow/example_dags/example_branch_labels.py for tasks to queue
[2023-06-13T23:21:18.020+0000] {logging_mixin.py:149} INFO - [2023-06-13T23:21:18.020+0000] {dagbag.py:541} INFO - Filling up the DagBag from /home/airflow/.local/lib/python3.7/site-packages/airflow/example_dags/example_branch_labels.py
[2023-06-13T23:21:18.043+0000] {processor.py:836} INFO - DAG(s) dict_keys(['example_branch_labels']) retrieved from /home/airflow/.local/lib/python3.7/site-packages/airflow/example_dags/example_branch_labels.py
[2023-06-13T23:21:18.124+0000] {logging_mixin.py:149} INFO - [2023-06-13T23:21:18.123+0000] {dag.py:2726} INFO - Sync 1 DAGs
[2023-06-13T23:21:18.180+0000] {logging_mixin.py:149} INFO - [2023-06-13T23:21:18.179+0000] {dag.py:3490} INFO - Setting next_dagrun for example_branch_labels to 2023-06-12T00:00:00+00:00, run_after=2023-06-13T00:00:00+00:00
[2023-06-13T23:21:18.237+0000] {processor.py:179} INFO - Processing /home/airflow/.local/lib/python3.7/site-packages/airflow/example_dags/example_branch_labels.py took 0.233 seconds
[2023-06-13T23:21:48.557+0000] {processor.py:157} INFO - Started process (PID=13226) to work on /home/airflow/.local/lib/python3.7/site-packages/airflow/example_dags/example_branch_labels.py
[2023-06-13T23:21:48.559+0000] {processor.py:826} INFO - Processing file /home/airflow/.local/lib/python3.7/site-packages/airflow/example_dags/example_branch_labels.py for tasks to queue
[2023-06-13T23:21:48.560+0000] {logging_mixin.py:149} INFO - [2023-06-13T23:21:48.560+0000] {dagbag.py:541} INFO - Filling up the DagBag from /home/airflow/.local/lib/python3.7/site-packages/airflow/example_dags/example_branch_labels.py
[2023-06-13T23:21:48.578+0000] {processor.py:836} INFO - DAG(s) dict_keys(['example_branch_labels']) retrieved from /home/airflow/.local/lib/python3.7/site-packages/airflow/example_dags/example_branch_labels.py
[2023-06-13T23:21:48.641+0000] {logging_mixin.py:149} INFO - [2023-06-13T23:21:48.640+0000] {dag.py:2726} INFO - Sync 1 DAGs
[2023-06-13T23:21:48.707+0000] {logging_mixin.py:149} INFO - [2023-06-13T23:21:48.706+0000] {dag.py:3490} INFO - Setting next_dagrun for example_branch_labels to 2023-06-12T00:00:00+00:00, run_after=2023-06-13T00:00:00+00:00
[2023-06-13T23:21:48.772+0000] {processor.py:179} INFO - Processing /home/airflow/.local/lib/python3.7/site-packages/airflow/example_dags/example_branch_labels.py took 0.223 seconds
[2023-06-13T23:22:19.591+0000] {processor.py:157} INFO - Started process (PID=13466) to work on /home/airflow/.local/lib/python3.7/site-packages/airflow/example_dags/example_branch_labels.py
[2023-06-13T23:22:19.592+0000] {processor.py:826} INFO - Processing file /home/airflow/.local/lib/python3.7/site-packages/airflow/example_dags/example_branch_labels.py for tasks to queue
[2023-06-13T23:22:19.593+0000] {logging_mixin.py:149} INFO - [2023-06-13T23:22:19.593+0000] {dagbag.py:541} INFO - Filling up the DagBag from /home/airflow/.local/lib/python3.7/site-packages/airflow/example_dags/example_branch_labels.py
[2023-06-13T23:22:19.605+0000] {processor.py:836} INFO - DAG(s) dict_keys(['example_branch_labels']) retrieved from /home/airflow/.local/lib/python3.7/site-packages/airflow/example_dags/example_branch_labels.py
[2023-06-13T23:22:19.651+0000] {logging_mixin.py:149} INFO - [2023-06-13T23:22:19.651+0000] {dag.py:2726} INFO - Sync 1 DAGs
[2023-06-13T23:22:19.706+0000] {logging_mixin.py:149} INFO - [2023-06-13T23:22:19.705+0000] {dag.py:3490} INFO - Setting next_dagrun for example_branch_labels to 2023-06-12T00:00:00+00:00, run_after=2023-06-13T00:00:00+00:00
[2023-06-13T23:22:19.747+0000] {processor.py:179} INFO - Processing /home/airflow/.local/lib/python3.7/site-packages/airflow/example_dags/example_branch_labels.py took 0.159 seconds
[2023-06-13T23:22:52.130+0000] {processor.py:157} INFO - Started process (PID=13706) to work on /home/airflow/.local/lib/python3.7/site-packages/airflow/example_dags/example_branch_labels.py
[2023-06-13T23:22:52.145+0000] {processor.py:826} INFO - Processing file /home/airflow/.local/lib/python3.7/site-packages/airflow/example_dags/example_branch_labels.py for tasks to queue
[2023-06-13T23:22:52.153+0000] {logging_mixin.py:149} INFO - [2023-06-13T23:22:52.153+0000] {dagbag.py:541} INFO - Filling up the DagBag from /home/airflow/.local/lib/python3.7/site-packages/airflow/example_dags/example_branch_labels.py
[2023-06-13T23:22:52.224+0000] {processor.py:836} INFO - DAG(s) dict_keys(['example_branch_labels']) retrieved from /home/airflow/.local/lib/python3.7/site-packages/airflow/example_dags/example_branch_labels.py
[2023-06-13T23:22:52.379+0000] {logging_mixin.py:149} INFO - [2023-06-13T23:22:52.378+0000] {dag.py:2726} INFO - Sync 1 DAGs
[2023-06-13T23:22:52.749+0000] {logging_mixin.py:149} INFO - [2023-06-13T23:22:52.749+0000] {dag.py:3490} INFO - Setting next_dagrun for example_branch_labels to 2023-06-12T00:00:00+00:00, run_after=2023-06-13T00:00:00+00:00
[2023-06-13T23:22:52.855+0000] {processor.py:179} INFO - Processing /home/airflow/.local/lib/python3.7/site-packages/airflow/example_dags/example_branch_labels.py took 0.729 seconds
[2023-06-13T23:23:23.414+0000] {processor.py:157} INFO - Started process (PID=13946) to work on /home/airflow/.local/lib/python3.7/site-packages/airflow/example_dags/example_branch_labels.py
[2023-06-13T23:23:23.415+0000] {processor.py:826} INFO - Processing file /home/airflow/.local/lib/python3.7/site-packages/airflow/example_dags/example_branch_labels.py for tasks to queue
[2023-06-13T23:23:23.417+0000] {logging_mixin.py:149} INFO - [2023-06-13T23:23:23.416+0000] {dagbag.py:541} INFO - Filling up the DagBag from /home/airflow/.local/lib/python3.7/site-packages/airflow/example_dags/example_branch_labels.py
[2023-06-13T23:23:23.430+0000] {processor.py:836} INFO - DAG(s) dict_keys(['example_branch_labels']) retrieved from /home/airflow/.local/lib/python3.7/site-packages/airflow/example_dags/example_branch_labels.py
[2023-06-13T23:23:23.481+0000] {logging_mixin.py:149} INFO - [2023-06-13T23:23:23.481+0000] {dag.py:2726} INFO - Sync 1 DAGs
[2023-06-13T23:23:23.529+0000] {logging_mixin.py:149} INFO - [2023-06-13T23:23:23.528+0000] {dag.py:3490} INFO - Setting next_dagrun for example_branch_labels to 2023-06-12T00:00:00+00:00, run_after=2023-06-13T00:00:00+00:00
[2023-06-13T23:23:23.570+0000] {processor.py:179} INFO - Processing /home/airflow/.local/lib/python3.7/site-packages/airflow/example_dags/example_branch_labels.py took 0.161 seconds
[2023-06-13T23:23:53.772+0000] {processor.py:157} INFO - Started process (PID=14186) to work on /home/airflow/.local/lib/python3.7/site-packages/airflow/example_dags/example_branch_labels.py
[2023-06-13T23:23:53.774+0000] {processor.py:826} INFO - Processing file /home/airflow/.local/lib/python3.7/site-packages/airflow/example_dags/example_branch_labels.py for tasks to queue
[2023-06-13T23:23:53.775+0000] {logging_mixin.py:149} INFO - [2023-06-13T23:23:53.775+0000] {dagbag.py:541} INFO - Filling up the DagBag from /home/airflow/.local/lib/python3.7/site-packages/airflow/example_dags/example_branch_labels.py
[2023-06-13T23:23:53.787+0000] {processor.py:836} INFO - DAG(s) dict_keys(['example_branch_labels']) retrieved from /home/airflow/.local/lib/python3.7/site-packages/airflow/example_dags/example_branch_labels.py
[2023-06-13T23:23:53.832+0000] {logging_mixin.py:149} INFO - [2023-06-13T23:23:53.832+0000] {dag.py:2726} INFO - Sync 1 DAGs
[2023-06-13T23:23:53.881+0000] {logging_mixin.py:149} INFO - [2023-06-13T23:23:53.881+0000] {dag.py:3490} INFO - Setting next_dagrun for example_branch_labels to 2023-06-12T00:00:00+00:00, run_after=2023-06-13T00:00:00+00:00
[2023-06-13T23:23:53.924+0000] {processor.py:179} INFO - Processing /home/airflow/.local/lib/python3.7/site-packages/airflow/example_dags/example_branch_labels.py took 0.157 seconds
[2023-06-13T23:24:24.102+0000] {processor.py:157} INFO - Started process (PID=14425) to work on /home/airflow/.local/lib/python3.7/site-packages/airflow/example_dags/example_branch_labels.py
[2023-06-13T23:24:24.104+0000] {processor.py:826} INFO - Processing file /home/airflow/.local/lib/python3.7/site-packages/airflow/example_dags/example_branch_labels.py for tasks to queue
[2023-06-13T23:24:24.105+0000] {logging_mixin.py:149} INFO - [2023-06-13T23:24:24.105+0000] {dagbag.py:541} INFO - Filling up the DagBag from /home/airflow/.local/lib/python3.7/site-packages/airflow/example_dags/example_branch_labels.py
[2023-06-13T23:24:24.121+0000] {processor.py:836} INFO - DAG(s) dict_keys(['example_branch_labels']) retrieved from /home/airflow/.local/lib/python3.7/site-packages/airflow/example_dags/example_branch_labels.py
[2023-06-13T23:24:24.167+0000] {logging_mixin.py:149} INFO - [2023-06-13T23:24:24.167+0000] {dag.py:2726} INFO - Sync 1 DAGs
[2023-06-13T23:24:24.215+0000] {logging_mixin.py:149} INFO - [2023-06-13T23:24:24.214+0000] {dag.py:3490} INFO - Setting next_dagrun for example_branch_labels to 2023-06-12T00:00:00+00:00, run_after=2023-06-13T00:00:00+00:00
[2023-06-13T23:24:24.256+0000] {processor.py:179} INFO - Processing /home/airflow/.local/lib/python3.7/site-packages/airflow/example_dags/example_branch_labels.py took 0.160 seconds
[2023-06-13T23:24:54.521+0000] {processor.py:157} INFO - Started process (PID=14666) to work on /home/airflow/.local/lib/python3.7/site-packages/airflow/example_dags/example_branch_labels.py
[2023-06-13T23:24:54.525+0000] {processor.py:826} INFO - Processing file /home/airflow/.local/lib/python3.7/site-packages/airflow/example_dags/example_branch_labels.py for tasks to queue
[2023-06-13T23:24:54.526+0000] {logging_mixin.py:149} INFO - [2023-06-13T23:24:54.526+0000] {dagbag.py:541} INFO - Filling up the DagBag from /home/airflow/.local/lib/python3.7/site-packages/airflow/example_dags/example_branch_labels.py
[2023-06-13T23:24:54.541+0000] {processor.py:836} INFO - DAG(s) dict_keys(['example_branch_labels']) retrieved from /home/airflow/.local/lib/python3.7/site-packages/airflow/example_dags/example_branch_labels.py
[2023-06-13T23:24:54.612+0000] {logging_mixin.py:149} INFO - [2023-06-13T23:24:54.612+0000] {dag.py:2726} INFO - Sync 1 DAGs
[2023-06-13T23:24:54.679+0000] {logging_mixin.py:149} INFO - [2023-06-13T23:24:54.679+0000] {dag.py:3490} INFO - Setting next_dagrun for example_branch_labels to 2023-06-12T00:00:00+00:00, run_after=2023-06-13T00:00:00+00:00
[2023-06-13T23:24:54.731+0000] {processor.py:179} INFO - Processing /home/airflow/.local/lib/python3.7/site-packages/airflow/example_dags/example_branch_labels.py took 0.215 seconds
[2023-06-13T23:25:24.963+0000] {processor.py:157} INFO - Started process (PID=14906) to work on /home/airflow/.local/lib/python3.7/site-packages/airflow/example_dags/example_branch_labels.py
[2023-06-13T23:25:24.964+0000] {processor.py:826} INFO - Processing file /home/airflow/.local/lib/python3.7/site-packages/airflow/example_dags/example_branch_labels.py for tasks to queue
[2023-06-13T23:25:24.965+0000] {logging_mixin.py:149} INFO - [2023-06-13T23:25:24.965+0000] {dagbag.py:541} INFO - Filling up the DagBag from /home/airflow/.local/lib/python3.7/site-packages/airflow/example_dags/example_branch_labels.py
[2023-06-13T23:25:24.985+0000] {processor.py:836} INFO - DAG(s) dict_keys(['example_branch_labels']) retrieved from /home/airflow/.local/lib/python3.7/site-packages/airflow/example_dags/example_branch_labels.py
[2023-06-13T23:25:25.053+0000] {logging_mixin.py:149} INFO - [2023-06-13T23:25:25.052+0000] {dag.py:2726} INFO - Sync 1 DAGs
[2023-06-13T23:25:25.104+0000] {logging_mixin.py:149} INFO - [2023-06-13T23:25:25.104+0000] {dag.py:3490} INFO - Setting next_dagrun for example_branch_labels to 2023-06-12T00:00:00+00:00, run_after=2023-06-13T00:00:00+00:00
[2023-06-13T23:25:25.154+0000] {processor.py:179} INFO - Processing /home/airflow/.local/lib/python3.7/site-packages/airflow/example_dags/example_branch_labels.py took 0.196 seconds
[2023-06-13T23:25:55.923+0000] {processor.py:157} INFO - Started process (PID=15143) to work on /home/airflow/.local/lib/python3.7/site-packages/airflow/example_dags/example_branch_labels.py
[2023-06-13T23:25:55.937+0000] {processor.py:826} INFO - Processing file /home/airflow/.local/lib/python3.7/site-packages/airflow/example_dags/example_branch_labels.py for tasks to queue
[2023-06-13T23:25:55.941+0000] {logging_mixin.py:149} INFO - [2023-06-13T23:25:55.940+0000] {dagbag.py:541} INFO - Filling up the DagBag from /home/airflow/.local/lib/python3.7/site-packages/airflow/example_dags/example_branch_labels.py
[2023-06-13T23:25:55.970+0000] {processor.py:836} INFO - DAG(s) dict_keys(['example_branch_labels']) retrieved from /home/airflow/.local/lib/python3.7/site-packages/airflow/example_dags/example_branch_labels.py
[2023-06-13T23:25:56.140+0000] {logging_mixin.py:149} INFO - [2023-06-13T23:25:56.133+0000] {dag.py:2726} INFO - Sync 1 DAGs
[2023-06-13T23:25:56.400+0000] {logging_mixin.py:149} INFO - [2023-06-13T23:25:56.400+0000] {dag.py:3490} INFO - Setting next_dagrun for example_branch_labels to 2023-06-12T00:00:00+00:00, run_after=2023-06-13T00:00:00+00:00
[2023-06-13T23:25:56.454+0000] {processor.py:179} INFO - Processing /home/airflow/.local/lib/python3.7/site-packages/airflow/example_dags/example_branch_labels.py took 0.550 seconds
