[2023-06-13T22:54:12.047+0000] {processor.py:157} INFO - Started process (PID=303) to work on /home/airflow/.local/lib/python3.7/site-packages/airflow/example_dags/example_xcomargs.py
[2023-06-13T22:54:12.048+0000] {processor.py:826} INFO - Processing file /home/airflow/.local/lib/python3.7/site-packages/airflow/example_dags/example_xcomargs.py for tasks to queue
[2023-06-13T22:54:12.049+0000] {logging_mixin.py:149} INFO - [2023-06-13T22:54:12.049+0000] {dagbag.py:541} INFO - Filling up the DagBag from /home/airflow/.local/lib/python3.7/site-packages/airflow/example_dags/example_xcomargs.py
[2023-06-13T22:54:12.073+0000] {processor.py:836} INFO - DAG(s) dict_keys(['example_xcom_args', 'example_xcom_args_with_operators']) retrieved from /home/airflow/.local/lib/python3.7/site-packages/airflow/example_dags/example_xcomargs.py
[2023-06-13T22:54:12.157+0000] {logging_mixin.py:149} INFO - [2023-06-13T22:54:12.156+0000] {dag.py:2726} INFO - Sync 2 DAGs
[2023-06-13T22:54:12.218+0000] {logging_mixin.py:149} INFO - [2023-06-13T22:54:12.217+0000] {dag.py:3490} INFO - Setting next_dagrun for example_xcom_args to None, run_after=None
[2023-06-13T22:54:12.232+0000] {logging_mixin.py:149} INFO - [2023-06-13T22:54:12.232+0000] {dag.py:3490} INFO - Setting next_dagrun for example_xcom_args_with_operators to None, run_after=None
[2023-06-13T22:54:12.312+0000] {processor.py:179} INFO - Processing /home/airflow/.local/lib/python3.7/site-packages/airflow/example_dags/example_xcomargs.py took 0.271 seconds
[2023-06-13T22:54:44.708+0000] {processor.py:157} INFO - Started process (PID=543) to work on /home/airflow/.local/lib/python3.7/site-packages/airflow/example_dags/example_xcomargs.py
[2023-06-13T22:54:44.710+0000] {processor.py:826} INFO - Processing file /home/airflow/.local/lib/python3.7/site-packages/airflow/example_dags/example_xcomargs.py for tasks to queue
[2023-06-13T22:54:44.712+0000] {logging_mixin.py:149} INFO - [2023-06-13T22:54:44.711+0000] {dagbag.py:541} INFO - Filling up the DagBag from /home/airflow/.local/lib/python3.7/site-packages/airflow/example_dags/example_xcomargs.py
[2023-06-13T22:54:44.730+0000] {processor.py:836} INFO - DAG(s) dict_keys(['example_xcom_args', 'example_xcom_args_with_operators']) retrieved from /home/airflow/.local/lib/python3.7/site-packages/airflow/example_dags/example_xcomargs.py
[2023-06-13T22:54:44.802+0000] {logging_mixin.py:149} INFO - [2023-06-13T22:54:44.802+0000] {dag.py:2726} INFO - Sync 2 DAGs
[2023-06-13T22:54:45.057+0000] {logging_mixin.py:149} INFO - [2023-06-13T22:54:45.057+0000] {dag.py:3490} INFO - Setting next_dagrun for example_xcom_args to None, run_after=None
[2023-06-13T22:54:45.066+0000] {logging_mixin.py:149} INFO - [2023-06-13T22:54:45.066+0000] {dag.py:3490} INFO - Setting next_dagrun for example_xcom_args_with_operators to None, run_after=None
[2023-06-13T22:54:45.125+0000] {processor.py:179} INFO - Processing /home/airflow/.local/lib/python3.7/site-packages/airflow/example_dags/example_xcomargs.py took 0.422 seconds
[2023-06-13T22:55:15.842+0000] {processor.py:157} INFO - Started process (PID=783) to work on /home/airflow/.local/lib/python3.7/site-packages/airflow/example_dags/example_xcomargs.py
[2023-06-13T22:55:15.850+0000] {processor.py:826} INFO - Processing file /home/airflow/.local/lib/python3.7/site-packages/airflow/example_dags/example_xcomargs.py for tasks to queue
[2023-06-13T22:55:15.852+0000] {logging_mixin.py:149} INFO - [2023-06-13T22:55:15.851+0000] {dagbag.py:541} INFO - Filling up the DagBag from /home/airflow/.local/lib/python3.7/site-packages/airflow/example_dags/example_xcomargs.py
[2023-06-13T22:55:15.874+0000] {processor.py:836} INFO - DAG(s) dict_keys(['example_xcom_args', 'example_xcom_args_with_operators']) retrieved from /home/airflow/.local/lib/python3.7/site-packages/airflow/example_dags/example_xcomargs.py
[2023-06-13T22:55:15.943+0000] {logging_mixin.py:149} INFO - [2023-06-13T22:55:15.943+0000] {dag.py:2726} INFO - Sync 2 DAGs
[2023-06-13T22:55:16.009+0000] {logging_mixin.py:149} INFO - [2023-06-13T22:55:16.008+0000] {dag.py:3490} INFO - Setting next_dagrun for example_xcom_args to None, run_after=None
[2023-06-13T22:55:16.019+0000] {logging_mixin.py:149} INFO - [2023-06-13T22:55:16.019+0000] {dag.py:3490} INFO - Setting next_dagrun for example_xcom_args_with_operators to None, run_after=None
[2023-06-13T22:55:16.092+0000] {processor.py:179} INFO - Processing /home/airflow/.local/lib/python3.7/site-packages/airflow/example_dags/example_xcomargs.py took 0.257 seconds
[2023-06-13T22:55:46.753+0000] {processor.py:157} INFO - Started process (PID=1034) to work on /home/airflow/.local/lib/python3.7/site-packages/airflow/example_dags/example_xcomargs.py
[2023-06-13T22:55:46.763+0000] {processor.py:826} INFO - Processing file /home/airflow/.local/lib/python3.7/site-packages/airflow/example_dags/example_xcomargs.py for tasks to queue
[2023-06-13T22:55:46.765+0000] {logging_mixin.py:149} INFO - [2023-06-13T22:55:46.764+0000] {dagbag.py:541} INFO - Filling up the DagBag from /home/airflow/.local/lib/python3.7/site-packages/airflow/example_dags/example_xcomargs.py
[2023-06-13T22:55:46.777+0000] {processor.py:836} INFO - DAG(s) dict_keys(['example_xcom_args', 'example_xcom_args_with_operators']) retrieved from /home/airflow/.local/lib/python3.7/site-packages/airflow/example_dags/example_xcomargs.py
[2023-06-13T22:55:46.862+0000] {logging_mixin.py:149} INFO - [2023-06-13T22:55:46.861+0000] {dag.py:2726} INFO - Sync 2 DAGs
[2023-06-13T22:55:46.923+0000] {logging_mixin.py:149} INFO - [2023-06-13T22:55:46.923+0000] {dag.py:3490} INFO - Setting next_dagrun for example_xcom_args to None, run_after=None
[2023-06-13T22:55:46.932+0000] {logging_mixin.py:149} INFO - [2023-06-13T22:55:46.931+0000] {dag.py:3490} INFO - Setting next_dagrun for example_xcom_args_with_operators to None, run_after=None
[2023-06-13T22:55:46.992+0000] {processor.py:179} INFO - Processing /home/airflow/.local/lib/python3.7/site-packages/airflow/example_dags/example_xcomargs.py took 0.246 seconds
[2023-06-13T22:56:17.743+0000] {processor.py:157} INFO - Started process (PID=1276) to work on /home/airflow/.local/lib/python3.7/site-packages/airflow/example_dags/example_xcomargs.py
[2023-06-13T22:56:17.745+0000] {processor.py:826} INFO - Processing file /home/airflow/.local/lib/python3.7/site-packages/airflow/example_dags/example_xcomargs.py for tasks to queue
[2023-06-13T22:56:17.747+0000] {logging_mixin.py:149} INFO - [2023-06-13T22:56:17.747+0000] {dagbag.py:541} INFO - Filling up the DagBag from /home/airflow/.local/lib/python3.7/site-packages/airflow/example_dags/example_xcomargs.py
[2023-06-13T22:56:17.762+0000] {processor.py:836} INFO - DAG(s) dict_keys(['example_xcom_args_with_operators', 'example_xcom_args']) retrieved from /home/airflow/.local/lib/python3.7/site-packages/airflow/example_dags/example_xcomargs.py
[2023-06-13T22:56:17.825+0000] {logging_mixin.py:149} INFO - [2023-06-13T22:56:17.825+0000] {dag.py:2726} INFO - Sync 2 DAGs
[2023-06-13T22:56:17.880+0000] {logging_mixin.py:149} INFO - [2023-06-13T22:56:17.880+0000] {dag.py:3490} INFO - Setting next_dagrun for example_xcom_args to None, run_after=None
[2023-06-13T22:56:17.888+0000] {logging_mixin.py:149} INFO - [2023-06-13T22:56:17.888+0000] {dag.py:3490} INFO - Setting next_dagrun for example_xcom_args_with_operators to None, run_after=None
[2023-06-13T22:56:17.933+0000] {processor.py:179} INFO - Processing /home/airflow/.local/lib/python3.7/site-packages/airflow/example_dags/example_xcomargs.py took 0.196 seconds
[2023-06-13T22:56:48.209+0000] {processor.py:157} INFO - Started process (PID=1514) to work on /home/airflow/.local/lib/python3.7/site-packages/airflow/example_dags/example_xcomargs.py
[2023-06-13T22:56:48.212+0000] {processor.py:826} INFO - Processing file /home/airflow/.local/lib/python3.7/site-packages/airflow/example_dags/example_xcomargs.py for tasks to queue
[2023-06-13T22:56:48.213+0000] {logging_mixin.py:149} INFO - [2023-06-13T22:56:48.213+0000] {dagbag.py:541} INFO - Filling up the DagBag from /home/airflow/.local/lib/python3.7/site-packages/airflow/example_dags/example_xcomargs.py
[2023-06-13T22:56:48.230+0000] {processor.py:836} INFO - DAG(s) dict_keys(['example_xcom_args', 'example_xcom_args_with_operators']) retrieved from /home/airflow/.local/lib/python3.7/site-packages/airflow/example_dags/example_xcomargs.py
[2023-06-13T22:56:48.282+0000] {logging_mixin.py:149} INFO - [2023-06-13T22:56:48.282+0000] {dag.py:2726} INFO - Sync 2 DAGs
[2023-06-13T22:56:48.325+0000] {logging_mixin.py:149} INFO - [2023-06-13T22:56:48.325+0000] {dag.py:3490} INFO - Setting next_dagrun for example_xcom_args to None, run_after=None
[2023-06-13T22:56:48.331+0000] {logging_mixin.py:149} INFO - [2023-06-13T22:56:48.330+0000] {dag.py:3490} INFO - Setting next_dagrun for example_xcom_args_with_operators to None, run_after=None
[2023-06-13T22:56:48.391+0000] {processor.py:179} INFO - Processing /home/airflow/.local/lib/python3.7/site-packages/airflow/example_dags/example_xcomargs.py took 0.188 seconds
[2023-06-13T22:57:18.969+0000] {processor.py:157} INFO - Started process (PID=1753) to work on /home/airflow/.local/lib/python3.7/site-packages/airflow/example_dags/example_xcomargs.py
[2023-06-13T22:57:18.971+0000] {processor.py:826} INFO - Processing file /home/airflow/.local/lib/python3.7/site-packages/airflow/example_dags/example_xcomargs.py for tasks to queue
[2023-06-13T22:57:18.973+0000] {logging_mixin.py:149} INFO - [2023-06-13T22:57:18.973+0000] {dagbag.py:541} INFO - Filling up the DagBag from /home/airflow/.local/lib/python3.7/site-packages/airflow/example_dags/example_xcomargs.py
[2023-06-13T22:57:19.001+0000] {processor.py:836} INFO - DAG(s) dict_keys(['example_xcom_args', 'example_xcom_args_with_operators']) retrieved from /home/airflow/.local/lib/python3.7/site-packages/airflow/example_dags/example_xcomargs.py
[2023-06-13T22:57:19.094+0000] {logging_mixin.py:149} INFO - [2023-06-13T22:57:19.094+0000] {dag.py:2726} INFO - Sync 2 DAGs
[2023-06-13T22:57:19.187+0000] {logging_mixin.py:149} INFO - [2023-06-13T22:57:19.186+0000] {dag.py:3490} INFO - Setting next_dagrun for example_xcom_args to None, run_after=None
[2023-06-13T22:57:19.206+0000] {logging_mixin.py:149} INFO - [2023-06-13T22:57:19.205+0000] {dag.py:3490} INFO - Setting next_dagrun for example_xcom_args_with_operators to None, run_after=None
[2023-06-13T22:57:19.288+0000] {processor.py:179} INFO - Processing /home/airflow/.local/lib/python3.7/site-packages/airflow/example_dags/example_xcomargs.py took 0.329 seconds
[2023-06-13T22:57:49.808+0000] {processor.py:157} INFO - Started process (PID=1995) to work on /home/airflow/.local/lib/python3.7/site-packages/airflow/example_dags/example_xcomargs.py
[2023-06-13T22:57:49.811+0000] {processor.py:826} INFO - Processing file /home/airflow/.local/lib/python3.7/site-packages/airflow/example_dags/example_xcomargs.py for tasks to queue
[2023-06-13T22:57:49.813+0000] {logging_mixin.py:149} INFO - [2023-06-13T22:57:49.812+0000] {dagbag.py:541} INFO - Filling up the DagBag from /home/airflow/.local/lib/python3.7/site-packages/airflow/example_dags/example_xcomargs.py
[2023-06-13T22:57:49.828+0000] {processor.py:836} INFO - DAG(s) dict_keys(['example_xcom_args', 'example_xcom_args_with_operators']) retrieved from /home/airflow/.local/lib/python3.7/site-packages/airflow/example_dags/example_xcomargs.py
[2023-06-13T22:57:49.895+0000] {logging_mixin.py:149} INFO - [2023-06-13T22:57:49.895+0000] {dag.py:2726} INFO - Sync 2 DAGs
[2023-06-13T22:57:49.956+0000] {logging_mixin.py:149} INFO - [2023-06-13T22:57:49.956+0000] {dag.py:3490} INFO - Setting next_dagrun for example_xcom_args to None, run_after=None
[2023-06-13T22:57:49.964+0000] {logging_mixin.py:149} INFO - [2023-06-13T22:57:49.964+0000] {dag.py:3490} INFO - Setting next_dagrun for example_xcom_args_with_operators to None, run_after=None
[2023-06-13T22:57:50.023+0000] {processor.py:179} INFO - Processing /home/airflow/.local/lib/python3.7/site-packages/airflow/example_dags/example_xcomargs.py took 0.220 seconds
[2023-06-13T22:58:20.601+0000] {processor.py:157} INFO - Started process (PID=2233) to work on /home/airflow/.local/lib/python3.7/site-packages/airflow/example_dags/example_xcomargs.py
[2023-06-13T22:58:20.603+0000] {processor.py:826} INFO - Processing file /home/airflow/.local/lib/python3.7/site-packages/airflow/example_dags/example_xcomargs.py for tasks to queue
[2023-06-13T22:58:20.604+0000] {logging_mixin.py:149} INFO - [2023-06-13T22:58:20.603+0000] {dagbag.py:541} INFO - Filling up the DagBag from /home/airflow/.local/lib/python3.7/site-packages/airflow/example_dags/example_xcomargs.py
[2023-06-13T22:58:20.615+0000] {processor.py:836} INFO - DAG(s) dict_keys(['example_xcom_args_with_operators', 'example_xcom_args']) retrieved from /home/airflow/.local/lib/python3.7/site-packages/airflow/example_dags/example_xcomargs.py
[2023-06-13T22:58:20.678+0000] {logging_mixin.py:149} INFO - [2023-06-13T22:58:20.678+0000] {dag.py:2726} INFO - Sync 2 DAGs
[2023-06-13T22:58:20.741+0000] {logging_mixin.py:149} INFO - [2023-06-13T22:58:20.740+0000] {dag.py:3490} INFO - Setting next_dagrun for example_xcom_args to None, run_after=None
[2023-06-13T22:58:20.749+0000] {logging_mixin.py:149} INFO - [2023-06-13T22:58:20.749+0000] {dag.py:3490} INFO - Setting next_dagrun for example_xcom_args_with_operators to None, run_after=None
[2023-06-13T22:58:20.814+0000] {processor.py:179} INFO - Processing /home/airflow/.local/lib/python3.7/site-packages/airflow/example_dags/example_xcomargs.py took 0.218 seconds
[2023-06-13T22:58:51.702+0000] {processor.py:157} INFO - Started process (PID=2473) to work on /home/airflow/.local/lib/python3.7/site-packages/airflow/example_dags/example_xcomargs.py
[2023-06-13T22:58:51.705+0000] {processor.py:826} INFO - Processing file /home/airflow/.local/lib/python3.7/site-packages/airflow/example_dags/example_xcomargs.py for tasks to queue
[2023-06-13T22:58:51.706+0000] {logging_mixin.py:149} INFO - [2023-06-13T22:58:51.706+0000] {dagbag.py:541} INFO - Filling up the DagBag from /home/airflow/.local/lib/python3.7/site-packages/airflow/example_dags/example_xcomargs.py
[2023-06-13T22:58:51.725+0000] {processor.py:836} INFO - DAG(s) dict_keys(['example_xcom_args', 'example_xcom_args_with_operators']) retrieved from /home/airflow/.local/lib/python3.7/site-packages/airflow/example_dags/example_xcomargs.py
[2023-06-13T22:58:51.796+0000] {logging_mixin.py:149} INFO - [2023-06-13T22:58:51.795+0000] {dag.py:2726} INFO - Sync 2 DAGs
[2023-06-13T22:58:51.854+0000] {logging_mixin.py:149} INFO - [2023-06-13T22:58:51.854+0000] {dag.py:3490} INFO - Setting next_dagrun for example_xcom_args to None, run_after=None
[2023-06-13T22:58:51.863+0000] {logging_mixin.py:149} INFO - [2023-06-13T22:58:51.862+0000] {dag.py:3490} INFO - Setting next_dagrun for example_xcom_args_with_operators to None, run_after=None
[2023-06-13T22:58:51.932+0000] {processor.py:179} INFO - Processing /home/airflow/.local/lib/python3.7/site-packages/airflow/example_dags/example_xcomargs.py took 0.238 seconds
[2023-06-13T22:59:22.009+0000] {processor.py:157} INFO - Started process (PID=2713) to work on /home/airflow/.local/lib/python3.7/site-packages/airflow/example_dags/example_xcomargs.py
[2023-06-13T22:59:22.011+0000] {processor.py:826} INFO - Processing file /home/airflow/.local/lib/python3.7/site-packages/airflow/example_dags/example_xcomargs.py for tasks to queue
[2023-06-13T22:59:22.013+0000] {logging_mixin.py:149} INFO - [2023-06-13T22:59:22.013+0000] {dagbag.py:541} INFO - Filling up the DagBag from /home/airflow/.local/lib/python3.7/site-packages/airflow/example_dags/example_xcomargs.py
[2023-06-13T22:59:22.028+0000] {processor.py:836} INFO - DAG(s) dict_keys(['example_xcom_args_with_operators', 'example_xcom_args']) retrieved from /home/airflow/.local/lib/python3.7/site-packages/airflow/example_dags/example_xcomargs.py
[2023-06-13T22:59:22.094+0000] {logging_mixin.py:149} INFO - [2023-06-13T22:59:22.093+0000] {dag.py:2726} INFO - Sync 2 DAGs
[2023-06-13T22:59:22.144+0000] {logging_mixin.py:149} INFO - [2023-06-13T22:59:22.144+0000] {dag.py:3490} INFO - Setting next_dagrun for example_xcom_args to None, run_after=None
[2023-06-13T22:59:22.152+0000] {logging_mixin.py:149} INFO - [2023-06-13T22:59:22.152+0000] {dag.py:3490} INFO - Setting next_dagrun for example_xcom_args_with_operators to None, run_after=None
[2023-06-13T22:59:22.202+0000] {processor.py:179} INFO - Processing /home/airflow/.local/lib/python3.7/site-packages/airflow/example_dags/example_xcomargs.py took 0.200 seconds
[2023-06-13T22:59:52.552+0000] {processor.py:157} INFO - Started process (PID=2950) to work on /home/airflow/.local/lib/python3.7/site-packages/airflow/example_dags/example_xcomargs.py
[2023-06-13T22:59:52.554+0000] {processor.py:826} INFO - Processing file /home/airflow/.local/lib/python3.7/site-packages/airflow/example_dags/example_xcomargs.py for tasks to queue
[2023-06-13T22:59:52.557+0000] {logging_mixin.py:149} INFO - [2023-06-13T22:59:52.556+0000] {dagbag.py:541} INFO - Filling up the DagBag from /home/airflow/.local/lib/python3.7/site-packages/airflow/example_dags/example_xcomargs.py
[2023-06-13T22:59:52.578+0000] {processor.py:836} INFO - DAG(s) dict_keys(['example_xcom_args', 'example_xcom_args_with_operators']) retrieved from /home/airflow/.local/lib/python3.7/site-packages/airflow/example_dags/example_xcomargs.py
[2023-06-13T22:59:52.645+0000] {logging_mixin.py:149} INFO - [2023-06-13T22:59:52.645+0000] {dag.py:2726} INFO - Sync 2 DAGs
[2023-06-13T22:59:52.699+0000] {logging_mixin.py:149} INFO - [2023-06-13T22:59:52.698+0000] {dag.py:3490} INFO - Setting next_dagrun for example_xcom_args to None, run_after=None
[2023-06-13T22:59:52.708+0000] {logging_mixin.py:149} INFO - [2023-06-13T22:59:52.707+0000] {dag.py:3490} INFO - Setting next_dagrun for example_xcom_args_with_operators to None, run_after=None
[2023-06-13T22:59:52.755+0000] {processor.py:179} INFO - Processing /home/airflow/.local/lib/python3.7/site-packages/airflow/example_dags/example_xcomargs.py took 0.208 seconds
[2023-06-13T23:00:23.378+0000] {processor.py:157} INFO - Started process (PID=3190) to work on /home/airflow/.local/lib/python3.7/site-packages/airflow/example_dags/example_xcomargs.py
[2023-06-13T23:00:23.382+0000] {processor.py:826} INFO - Processing file /home/airflow/.local/lib/python3.7/site-packages/airflow/example_dags/example_xcomargs.py for tasks to queue
[2023-06-13T23:00:23.384+0000] {logging_mixin.py:149} INFO - [2023-06-13T23:00:23.383+0000] {dagbag.py:541} INFO - Filling up the DagBag from /home/airflow/.local/lib/python3.7/site-packages/airflow/example_dags/example_xcomargs.py
[2023-06-13T23:00:23.401+0000] {processor.py:836} INFO - DAG(s) dict_keys(['example_xcom_args_with_operators', 'example_xcom_args']) retrieved from /home/airflow/.local/lib/python3.7/site-packages/airflow/example_dags/example_xcomargs.py
[2023-06-13T23:00:23.475+0000] {logging_mixin.py:149} INFO - [2023-06-13T23:00:23.474+0000] {dag.py:2726} INFO - Sync 2 DAGs
[2023-06-13T23:00:23.540+0000] {logging_mixin.py:149} INFO - [2023-06-13T23:00:23.539+0000] {dag.py:3490} INFO - Setting next_dagrun for example_xcom_args to None, run_after=None
[2023-06-13T23:00:23.550+0000] {logging_mixin.py:149} INFO - [2023-06-13T23:00:23.549+0000] {dag.py:3490} INFO - Setting next_dagrun for example_xcom_args_with_operators to None, run_after=None
[2023-06-13T23:00:23.606+0000] {processor.py:179} INFO - Processing /home/airflow/.local/lib/python3.7/site-packages/airflow/example_dags/example_xcomargs.py took 0.238 seconds
[2023-06-13T23:00:54.069+0000] {processor.py:157} INFO - Started process (PID=3430) to work on /home/airflow/.local/lib/python3.7/site-packages/airflow/example_dags/example_xcomargs.py
[2023-06-13T23:00:54.072+0000] {processor.py:826} INFO - Processing file /home/airflow/.local/lib/python3.7/site-packages/airflow/example_dags/example_xcomargs.py for tasks to queue
[2023-06-13T23:00:54.074+0000] {logging_mixin.py:149} INFO - [2023-06-13T23:00:54.073+0000] {dagbag.py:541} INFO - Filling up the DagBag from /home/airflow/.local/lib/python3.7/site-packages/airflow/example_dags/example_xcomargs.py
[2023-06-13T23:00:54.095+0000] {processor.py:836} INFO - DAG(s) dict_keys(['example_xcom_args', 'example_xcom_args_with_operators']) retrieved from /home/airflow/.local/lib/python3.7/site-packages/airflow/example_dags/example_xcomargs.py
[2023-06-13T23:00:54.184+0000] {logging_mixin.py:149} INFO - [2023-06-13T23:00:54.183+0000] {dag.py:2726} INFO - Sync 2 DAGs
[2023-06-13T23:00:54.240+0000] {logging_mixin.py:149} INFO - [2023-06-13T23:00:54.240+0000] {dag.py:3490} INFO - Setting next_dagrun for example_xcom_args to None, run_after=None
[2023-06-13T23:00:54.248+0000] {logging_mixin.py:149} INFO - [2023-06-13T23:00:54.247+0000] {dag.py:3490} INFO - Setting next_dagrun for example_xcom_args_with_operators to None, run_after=None
[2023-06-13T23:00:54.302+0000] {processor.py:179} INFO - Processing /home/airflow/.local/lib/python3.7/site-packages/airflow/example_dags/example_xcomargs.py took 0.243 seconds
[2023-06-13T23:01:25.021+0000] {processor.py:157} INFO - Started process (PID=3670) to work on /home/airflow/.local/lib/python3.7/site-packages/airflow/example_dags/example_xcomargs.py
[2023-06-13T23:01:25.023+0000] {processor.py:826} INFO - Processing file /home/airflow/.local/lib/python3.7/site-packages/airflow/example_dags/example_xcomargs.py for tasks to queue
[2023-06-13T23:01:25.024+0000] {logging_mixin.py:149} INFO - [2023-06-13T23:01:25.024+0000] {dagbag.py:541} INFO - Filling up the DagBag from /home/airflow/.local/lib/python3.7/site-packages/airflow/example_dags/example_xcomargs.py
[2023-06-13T23:01:25.038+0000] {processor.py:836} INFO - DAG(s) dict_keys(['example_xcom_args_with_operators', 'example_xcom_args']) retrieved from /home/airflow/.local/lib/python3.7/site-packages/airflow/example_dags/example_xcomargs.py
[2023-06-13T23:01:25.108+0000] {logging_mixin.py:149} INFO - [2023-06-13T23:01:25.108+0000] {dag.py:2726} INFO - Sync 2 DAGs
[2023-06-13T23:01:25.157+0000] {logging_mixin.py:149} INFO - [2023-06-13T23:01:25.156+0000] {dag.py:3490} INFO - Setting next_dagrun for example_xcom_args to None, run_after=None
[2023-06-13T23:01:25.165+0000] {logging_mixin.py:149} INFO - [2023-06-13T23:01:25.165+0000] {dag.py:3490} INFO - Setting next_dagrun for example_xcom_args_with_operators to None, run_after=None
[2023-06-13T23:01:25.211+0000] {processor.py:179} INFO - Processing /home/airflow/.local/lib/python3.7/site-packages/airflow/example_dags/example_xcomargs.py took 0.194 seconds
[2023-06-13T23:01:55.882+0000] {processor.py:157} INFO - Started process (PID=3918) to work on /home/airflow/.local/lib/python3.7/site-packages/airflow/example_dags/example_xcomargs.py
[2023-06-13T23:01:55.885+0000] {processor.py:826} INFO - Processing file /home/airflow/.local/lib/python3.7/site-packages/airflow/example_dags/example_xcomargs.py for tasks to queue
[2023-06-13T23:01:55.887+0000] {logging_mixin.py:149} INFO - [2023-06-13T23:01:55.887+0000] {dagbag.py:541} INFO - Filling up the DagBag from /home/airflow/.local/lib/python3.7/site-packages/airflow/example_dags/example_xcomargs.py
[2023-06-13T23:01:55.903+0000] {processor.py:836} INFO - DAG(s) dict_keys(['example_xcom_args_with_operators', 'example_xcom_args']) retrieved from /home/airflow/.local/lib/python3.7/site-packages/airflow/example_dags/example_xcomargs.py
[2023-06-13T23:01:55.985+0000] {logging_mixin.py:149} INFO - [2023-06-13T23:01:55.984+0000] {dag.py:2726} INFO - Sync 2 DAGs
[2023-06-13T23:01:56.037+0000] {logging_mixin.py:149} INFO - [2023-06-13T23:01:56.037+0000] {dag.py:3490} INFO - Setting next_dagrun for example_xcom_args to None, run_after=None
[2023-06-13T23:01:56.051+0000] {logging_mixin.py:149} INFO - [2023-06-13T23:01:56.050+0000] {dag.py:3490} INFO - Setting next_dagrun for example_xcom_args_with_operators to None, run_after=None
[2023-06-13T23:01:56.101+0000] {processor.py:179} INFO - Processing /home/airflow/.local/lib/python3.7/site-packages/airflow/example_dags/example_xcomargs.py took 0.226 seconds
[2023-06-13T23:02:26.264+0000] {processor.py:157} INFO - Started process (PID=4158) to work on /home/airflow/.local/lib/python3.7/site-packages/airflow/example_dags/example_xcomargs.py
[2023-06-13T23:02:26.266+0000] {processor.py:826} INFO - Processing file /home/airflow/.local/lib/python3.7/site-packages/airflow/example_dags/example_xcomargs.py for tasks to queue
[2023-06-13T23:02:26.269+0000] {logging_mixin.py:149} INFO - [2023-06-13T23:02:26.268+0000] {dagbag.py:541} INFO - Filling up the DagBag from /home/airflow/.local/lib/python3.7/site-packages/airflow/example_dags/example_xcomargs.py
[2023-06-13T23:02:26.283+0000] {processor.py:836} INFO - DAG(s) dict_keys(['example_xcom_args_with_operators', 'example_xcom_args']) retrieved from /home/airflow/.local/lib/python3.7/site-packages/airflow/example_dags/example_xcomargs.py
[2023-06-13T23:02:26.350+0000] {logging_mixin.py:149} INFO - [2023-06-13T23:02:26.350+0000] {dag.py:2726} INFO - Sync 2 DAGs
[2023-06-13T23:02:26.409+0000] {logging_mixin.py:149} INFO - [2023-06-13T23:02:26.408+0000] {dag.py:3490} INFO - Setting next_dagrun for example_xcom_args to None, run_after=None
[2023-06-13T23:02:26.420+0000] {logging_mixin.py:149} INFO - [2023-06-13T23:02:26.419+0000] {dag.py:3490} INFO - Setting next_dagrun for example_xcom_args_with_operators to None, run_after=None
[2023-06-13T23:02:26.534+0000] {processor.py:179} INFO - Processing /home/airflow/.local/lib/python3.7/site-packages/airflow/example_dags/example_xcomargs.py took 0.276 seconds
[2023-06-13T23:02:56.943+0000] {processor.py:157} INFO - Started process (PID=4397) to work on /home/airflow/.local/lib/python3.7/site-packages/airflow/example_dags/example_xcomargs.py
[2023-06-13T23:02:56.945+0000] {processor.py:826} INFO - Processing file /home/airflow/.local/lib/python3.7/site-packages/airflow/example_dags/example_xcomargs.py for tasks to queue
[2023-06-13T23:02:56.947+0000] {logging_mixin.py:149} INFO - [2023-06-13T23:02:56.946+0000] {dagbag.py:541} INFO - Filling up the DagBag from /home/airflow/.local/lib/python3.7/site-packages/airflow/example_dags/example_xcomargs.py
[2023-06-13T23:02:56.958+0000] {processor.py:836} INFO - DAG(s) dict_keys(['example_xcom_args', 'example_xcom_args_with_operators']) retrieved from /home/airflow/.local/lib/python3.7/site-packages/airflow/example_dags/example_xcomargs.py
[2023-06-13T23:02:57.034+0000] {logging_mixin.py:149} INFO - [2023-06-13T23:02:57.033+0000] {dag.py:2726} INFO - Sync 2 DAGs
[2023-06-13T23:02:57.080+0000] {logging_mixin.py:149} INFO - [2023-06-13T23:02:57.080+0000] {dag.py:3490} INFO - Setting next_dagrun for example_xcom_args to None, run_after=None
[2023-06-13T23:02:57.086+0000] {logging_mixin.py:149} INFO - [2023-06-13T23:02:57.086+0000] {dag.py:3490} INFO - Setting next_dagrun for example_xcom_args_with_operators to None, run_after=None
[2023-06-13T23:02:57.135+0000] {processor.py:179} INFO - Processing /home/airflow/.local/lib/python3.7/site-packages/airflow/example_dags/example_xcomargs.py took 0.199 seconds
[2023-06-13T23:03:27.349+0000] {processor.py:157} INFO - Started process (PID=4635) to work on /home/airflow/.local/lib/python3.7/site-packages/airflow/example_dags/example_xcomargs.py
[2023-06-13T23:03:27.350+0000] {processor.py:826} INFO - Processing file /home/airflow/.local/lib/python3.7/site-packages/airflow/example_dags/example_xcomargs.py for tasks to queue
[2023-06-13T23:03:27.352+0000] {logging_mixin.py:149} INFO - [2023-06-13T23:03:27.351+0000] {dagbag.py:541} INFO - Filling up the DagBag from /home/airflow/.local/lib/python3.7/site-packages/airflow/example_dags/example_xcomargs.py
[2023-06-13T23:03:27.365+0000] {processor.py:836} INFO - DAG(s) dict_keys(['example_xcom_args_with_operators', 'example_xcom_args']) retrieved from /home/airflow/.local/lib/python3.7/site-packages/airflow/example_dags/example_xcomargs.py
[2023-06-13T23:03:27.433+0000] {logging_mixin.py:149} INFO - [2023-06-13T23:03:27.433+0000] {dag.py:2726} INFO - Sync 2 DAGs
[2023-06-13T23:03:27.478+0000] {logging_mixin.py:149} INFO - [2023-06-13T23:03:27.478+0000] {dag.py:3490} INFO - Setting next_dagrun for example_xcom_args to None, run_after=None
[2023-06-13T23:03:27.485+0000] {logging_mixin.py:149} INFO - [2023-06-13T23:03:27.484+0000] {dag.py:3490} INFO - Setting next_dagrun for example_xcom_args_with_operators to None, run_after=None
[2023-06-13T23:03:27.528+0000] {processor.py:179} INFO - Processing /home/airflow/.local/lib/python3.7/site-packages/airflow/example_dags/example_xcomargs.py took 0.184 seconds
[2023-06-13T23:03:57.848+0000] {processor.py:157} INFO - Started process (PID=4875) to work on /home/airflow/.local/lib/python3.7/site-packages/airflow/example_dags/example_xcomargs.py
[2023-06-13T23:03:57.850+0000] {processor.py:826} INFO - Processing file /home/airflow/.local/lib/python3.7/site-packages/airflow/example_dags/example_xcomargs.py for tasks to queue
[2023-06-13T23:03:57.852+0000] {logging_mixin.py:149} INFO - [2023-06-13T23:03:57.851+0000] {dagbag.py:541} INFO - Filling up the DagBag from /home/airflow/.local/lib/python3.7/site-packages/airflow/example_dags/example_xcomargs.py
[2023-06-13T23:03:57.867+0000] {processor.py:836} INFO - DAG(s) dict_keys(['example_xcom_args_with_operators', 'example_xcom_args']) retrieved from /home/airflow/.local/lib/python3.7/site-packages/airflow/example_dags/example_xcomargs.py
[2023-06-13T23:03:57.928+0000] {logging_mixin.py:149} INFO - [2023-06-13T23:03:57.927+0000] {dag.py:2726} INFO - Sync 2 DAGs
[2023-06-13T23:03:57.974+0000] {logging_mixin.py:149} INFO - [2023-06-13T23:03:57.974+0000] {dag.py:3490} INFO - Setting next_dagrun for example_xcom_args to None, run_after=None
[2023-06-13T23:03:57.986+0000] {logging_mixin.py:149} INFO - [2023-06-13T23:03:57.985+0000] {dag.py:3490} INFO - Setting next_dagrun for example_xcom_args_with_operators to None, run_after=None
[2023-06-13T23:03:58.028+0000] {processor.py:179} INFO - Processing /home/airflow/.local/lib/python3.7/site-packages/airflow/example_dags/example_xcomargs.py took 0.186 seconds
[2023-06-13T23:04:29.085+0000] {processor.py:157} INFO - Started process (PID=5117) to work on /home/airflow/.local/lib/python3.7/site-packages/airflow/example_dags/example_xcomargs.py
[2023-06-13T23:04:29.087+0000] {processor.py:826} INFO - Processing file /home/airflow/.local/lib/python3.7/site-packages/airflow/example_dags/example_xcomargs.py for tasks to queue
[2023-06-13T23:04:29.088+0000] {logging_mixin.py:149} INFO - [2023-06-13T23:04:29.087+0000] {dagbag.py:541} INFO - Filling up the DagBag from /home/airflow/.local/lib/python3.7/site-packages/airflow/example_dags/example_xcomargs.py
[2023-06-13T23:04:29.102+0000] {processor.py:836} INFO - DAG(s) dict_keys(['example_xcom_args', 'example_xcom_args_with_operators']) retrieved from /home/airflow/.local/lib/python3.7/site-packages/airflow/example_dags/example_xcomargs.py
[2023-06-13T23:04:29.158+0000] {logging_mixin.py:149} INFO - [2023-06-13T23:04:29.157+0000] {dag.py:2726} INFO - Sync 2 DAGs
[2023-06-13T23:04:29.212+0000] {logging_mixin.py:149} INFO - [2023-06-13T23:04:29.212+0000] {dag.py:3490} INFO - Setting next_dagrun for example_xcom_args to None, run_after=None
[2023-06-13T23:04:29.219+0000] {logging_mixin.py:149} INFO - [2023-06-13T23:04:29.219+0000] {dag.py:3490} INFO - Setting next_dagrun for example_xcom_args_with_operators to None, run_after=None
[2023-06-13T23:04:29.263+0000] {processor.py:179} INFO - Processing /home/airflow/.local/lib/python3.7/site-packages/airflow/example_dags/example_xcomargs.py took 0.182 seconds
[2023-06-13T23:04:59.872+0000] {processor.py:157} INFO - Started process (PID=5355) to work on /home/airflow/.local/lib/python3.7/site-packages/airflow/example_dags/example_xcomargs.py
[2023-06-13T23:04:59.874+0000] {processor.py:826} INFO - Processing file /home/airflow/.local/lib/python3.7/site-packages/airflow/example_dags/example_xcomargs.py for tasks to queue
[2023-06-13T23:04:59.876+0000] {logging_mixin.py:149} INFO - [2023-06-13T23:04:59.876+0000] {dagbag.py:541} INFO - Filling up the DagBag from /home/airflow/.local/lib/python3.7/site-packages/airflow/example_dags/example_xcomargs.py
[2023-06-13T23:04:59.891+0000] {processor.py:836} INFO - DAG(s) dict_keys(['example_xcom_args_with_operators', 'example_xcom_args']) retrieved from /home/airflow/.local/lib/python3.7/site-packages/airflow/example_dags/example_xcomargs.py
[2023-06-13T23:04:59.966+0000] {logging_mixin.py:149} INFO - [2023-06-13T23:04:59.966+0000] {dag.py:2726} INFO - Sync 2 DAGs
[2023-06-13T23:05:00.016+0000] {logging_mixin.py:149} INFO - [2023-06-13T23:05:00.016+0000] {dag.py:3490} INFO - Setting next_dagrun for example_xcom_args to None, run_after=None
[2023-06-13T23:05:00.024+0000] {logging_mixin.py:149} INFO - [2023-06-13T23:05:00.024+0000] {dag.py:3490} INFO - Setting next_dagrun for example_xcom_args_with_operators to None, run_after=None
[2023-06-13T23:05:00.068+0000] {processor.py:179} INFO - Processing /home/airflow/.local/lib/python3.7/site-packages/airflow/example_dags/example_xcomargs.py took 0.207 seconds
[2023-06-13T23:05:30.660+0000] {processor.py:157} INFO - Started process (PID=5595) to work on /home/airflow/.local/lib/python3.7/site-packages/airflow/example_dags/example_xcomargs.py
[2023-06-13T23:05:30.661+0000] {processor.py:826} INFO - Processing file /home/airflow/.local/lib/python3.7/site-packages/airflow/example_dags/example_xcomargs.py for tasks to queue
[2023-06-13T23:05:30.662+0000] {logging_mixin.py:149} INFO - [2023-06-13T23:05:30.662+0000] {dagbag.py:541} INFO - Filling up the DagBag from /home/airflow/.local/lib/python3.7/site-packages/airflow/example_dags/example_xcomargs.py
[2023-06-13T23:05:30.679+0000] {processor.py:836} INFO - DAG(s) dict_keys(['example_xcom_args', 'example_xcom_args_with_operators']) retrieved from /home/airflow/.local/lib/python3.7/site-packages/airflow/example_dags/example_xcomargs.py
[2023-06-13T23:05:30.743+0000] {logging_mixin.py:149} INFO - [2023-06-13T23:05:30.743+0000] {dag.py:2726} INFO - Sync 2 DAGs
[2023-06-13T23:05:30.803+0000] {logging_mixin.py:149} INFO - [2023-06-13T23:05:30.802+0000] {dag.py:3490} INFO - Setting next_dagrun for example_xcom_args to None, run_after=None
[2023-06-13T23:05:30.814+0000] {logging_mixin.py:149} INFO - [2023-06-13T23:05:30.813+0000] {dag.py:3490} INFO - Setting next_dagrun for example_xcom_args_with_operators to None, run_after=None
[2023-06-13T23:05:30.880+0000] {processor.py:179} INFO - Processing /home/airflow/.local/lib/python3.7/site-packages/airflow/example_dags/example_xcomargs.py took 0.227 seconds
[2023-06-13T23:06:01.383+0000] {processor.py:157} INFO - Started process (PID=5835) to work on /home/airflow/.local/lib/python3.7/site-packages/airflow/example_dags/example_xcomargs.py
[2023-06-13T23:06:01.385+0000] {processor.py:826} INFO - Processing file /home/airflow/.local/lib/python3.7/site-packages/airflow/example_dags/example_xcomargs.py for tasks to queue
[2023-06-13T23:06:01.387+0000] {logging_mixin.py:149} INFO - [2023-06-13T23:06:01.386+0000] {dagbag.py:541} INFO - Filling up the DagBag from /home/airflow/.local/lib/python3.7/site-packages/airflow/example_dags/example_xcomargs.py
[2023-06-13T23:06:01.398+0000] {processor.py:836} INFO - DAG(s) dict_keys(['example_xcom_args', 'example_xcom_args_with_operators']) retrieved from /home/airflow/.local/lib/python3.7/site-packages/airflow/example_dags/example_xcomargs.py
[2023-06-13T23:06:01.457+0000] {logging_mixin.py:149} INFO - [2023-06-13T23:06:01.457+0000] {dag.py:2726} INFO - Sync 2 DAGs
[2023-06-13T23:06:01.505+0000] {logging_mixin.py:149} INFO - [2023-06-13T23:06:01.504+0000] {dag.py:3490} INFO - Setting next_dagrun for example_xcom_args to None, run_after=None
[2023-06-13T23:06:01.511+0000] {logging_mixin.py:149} INFO - [2023-06-13T23:06:01.511+0000] {dag.py:3490} INFO - Setting next_dagrun for example_xcom_args_with_operators to None, run_after=None
[2023-06-13T23:06:01.566+0000] {processor.py:179} INFO - Processing /home/airflow/.local/lib/python3.7/site-packages/airflow/example_dags/example_xcomargs.py took 0.188 seconds
[2023-06-13T23:06:31.815+0000] {processor.py:157} INFO - Started process (PID=6075) to work on /home/airflow/.local/lib/python3.7/site-packages/airflow/example_dags/example_xcomargs.py
[2023-06-13T23:06:31.819+0000] {processor.py:826} INFO - Processing file /home/airflow/.local/lib/python3.7/site-packages/airflow/example_dags/example_xcomargs.py for tasks to queue
[2023-06-13T23:06:31.820+0000] {logging_mixin.py:149} INFO - [2023-06-13T23:06:31.820+0000] {dagbag.py:541} INFO - Filling up the DagBag from /home/airflow/.local/lib/python3.7/site-packages/airflow/example_dags/example_xcomargs.py
[2023-06-13T23:06:31.837+0000] {processor.py:836} INFO - DAG(s) dict_keys(['example_xcom_args', 'example_xcom_args_with_operators']) retrieved from /home/airflow/.local/lib/python3.7/site-packages/airflow/example_dags/example_xcomargs.py
[2023-06-13T23:06:31.910+0000] {logging_mixin.py:149} INFO - [2023-06-13T23:06:31.910+0000] {dag.py:2726} INFO - Sync 2 DAGs
[2023-06-13T23:06:31.957+0000] {logging_mixin.py:149} INFO - [2023-06-13T23:06:31.957+0000] {dag.py:3490} INFO - Setting next_dagrun for example_xcom_args to None, run_after=None
[2023-06-13T23:06:31.964+0000] {logging_mixin.py:149} INFO - [2023-06-13T23:06:31.963+0000] {dag.py:3490} INFO - Setting next_dagrun for example_xcom_args_with_operators to None, run_after=None
[2023-06-13T23:06:32.030+0000] {processor.py:179} INFO - Processing /home/airflow/.local/lib/python3.7/site-packages/airflow/example_dags/example_xcomargs.py took 0.223 seconds
[2023-06-13T23:07:02.622+0000] {processor.py:157} INFO - Started process (PID=6314) to work on /home/airflow/.local/lib/python3.7/site-packages/airflow/example_dags/example_xcomargs.py
[2023-06-13T23:07:02.625+0000] {processor.py:826} INFO - Processing file /home/airflow/.local/lib/python3.7/site-packages/airflow/example_dags/example_xcomargs.py for tasks to queue
[2023-06-13T23:07:02.626+0000] {logging_mixin.py:149} INFO - [2023-06-13T23:07:02.626+0000] {dagbag.py:541} INFO - Filling up the DagBag from /home/airflow/.local/lib/python3.7/site-packages/airflow/example_dags/example_xcomargs.py
[2023-06-13T23:07:02.641+0000] {processor.py:836} INFO - DAG(s) dict_keys(['example_xcom_args', 'example_xcom_args_with_operators']) retrieved from /home/airflow/.local/lib/python3.7/site-packages/airflow/example_dags/example_xcomargs.py
[2023-06-13T23:07:02.699+0000] {logging_mixin.py:149} INFO - [2023-06-13T23:07:02.698+0000] {dag.py:2726} INFO - Sync 2 DAGs
[2023-06-13T23:07:02.746+0000] {logging_mixin.py:149} INFO - [2023-06-13T23:07:02.746+0000] {dag.py:3490} INFO - Setting next_dagrun for example_xcom_args to None, run_after=None
[2023-06-13T23:07:02.755+0000] {logging_mixin.py:149} INFO - [2023-06-13T23:07:02.754+0000] {dag.py:3490} INFO - Setting next_dagrun for example_xcom_args_with_operators to None, run_after=None
[2023-06-13T23:07:02.819+0000] {processor.py:179} INFO - Processing /home/airflow/.local/lib/python3.7/site-packages/airflow/example_dags/example_xcomargs.py took 0.202 seconds
[2023-06-13T23:07:32.915+0000] {processor.py:157} INFO - Started process (PID=6555) to work on /home/airflow/.local/lib/python3.7/site-packages/airflow/example_dags/example_xcomargs.py
[2023-06-13T23:07:32.917+0000] {processor.py:826} INFO - Processing file /home/airflow/.local/lib/python3.7/site-packages/airflow/example_dags/example_xcomargs.py for tasks to queue
[2023-06-13T23:07:32.918+0000] {logging_mixin.py:149} INFO - [2023-06-13T23:07:32.918+0000] {dagbag.py:541} INFO - Filling up the DagBag from /home/airflow/.local/lib/python3.7/site-packages/airflow/example_dags/example_xcomargs.py
[2023-06-13T23:07:32.934+0000] {processor.py:836} INFO - DAG(s) dict_keys(['example_xcom_args', 'example_xcom_args_with_operators']) retrieved from /home/airflow/.local/lib/python3.7/site-packages/airflow/example_dags/example_xcomargs.py
[2023-06-13T23:07:33.002+0000] {logging_mixin.py:149} INFO - [2023-06-13T23:07:33.002+0000] {dag.py:2726} INFO - Sync 2 DAGs
[2023-06-13T23:07:33.045+0000] {logging_mixin.py:149} INFO - [2023-06-13T23:07:33.045+0000] {dag.py:3490} INFO - Setting next_dagrun for example_xcom_args to None, run_after=None
[2023-06-13T23:07:33.052+0000] {logging_mixin.py:149} INFO - [2023-06-13T23:07:33.052+0000] {dag.py:3490} INFO - Setting next_dagrun for example_xcom_args_with_operators to None, run_after=None
[2023-06-13T23:07:33.101+0000] {processor.py:179} INFO - Processing /home/airflow/.local/lib/python3.7/site-packages/airflow/example_dags/example_xcomargs.py took 0.192 seconds
[2023-06-13T23:08:03.341+0000] {processor.py:157} INFO - Started process (PID=6794) to work on /home/airflow/.local/lib/python3.7/site-packages/airflow/example_dags/example_xcomargs.py
[2023-06-13T23:08:03.343+0000] {processor.py:826} INFO - Processing file /home/airflow/.local/lib/python3.7/site-packages/airflow/example_dags/example_xcomargs.py for tasks to queue
[2023-06-13T23:08:03.345+0000] {logging_mixin.py:149} INFO - [2023-06-13T23:08:03.344+0000] {dagbag.py:541} INFO - Filling up the DagBag from /home/airflow/.local/lib/python3.7/site-packages/airflow/example_dags/example_xcomargs.py
[2023-06-13T23:08:03.355+0000] {processor.py:836} INFO - DAG(s) dict_keys(['example_xcom_args', 'example_xcom_args_with_operators']) retrieved from /home/airflow/.local/lib/python3.7/site-packages/airflow/example_dags/example_xcomargs.py
[2023-06-13T23:08:03.411+0000] {logging_mixin.py:149} INFO - [2023-06-13T23:08:03.411+0000] {dag.py:2726} INFO - Sync 2 DAGs
[2023-06-13T23:08:03.461+0000] {logging_mixin.py:149} INFO - [2023-06-13T23:08:03.461+0000] {dag.py:3490} INFO - Setting next_dagrun for example_xcom_args to None, run_after=None
[2023-06-13T23:08:03.469+0000] {logging_mixin.py:149} INFO - [2023-06-13T23:08:03.469+0000] {dag.py:3490} INFO - Setting next_dagrun for example_xcom_args_with_operators to None, run_after=None
[2023-06-13T23:08:03.519+0000] {processor.py:179} INFO - Processing /home/airflow/.local/lib/python3.7/site-packages/airflow/example_dags/example_xcomargs.py took 0.183 seconds
[2023-06-13T23:08:33.852+0000] {processor.py:157} INFO - Started process (PID=7033) to work on /home/airflow/.local/lib/python3.7/site-packages/airflow/example_dags/example_xcomargs.py
[2023-06-13T23:08:33.854+0000] {processor.py:826} INFO - Processing file /home/airflow/.local/lib/python3.7/site-packages/airflow/example_dags/example_xcomargs.py for tasks to queue
[2023-06-13T23:08:33.855+0000] {logging_mixin.py:149} INFO - [2023-06-13T23:08:33.854+0000] {dagbag.py:541} INFO - Filling up the DagBag from /home/airflow/.local/lib/python3.7/site-packages/airflow/example_dags/example_xcomargs.py
[2023-06-13T23:08:33.868+0000] {processor.py:836} INFO - DAG(s) dict_keys(['example_xcom_args_with_operators', 'example_xcom_args']) retrieved from /home/airflow/.local/lib/python3.7/site-packages/airflow/example_dags/example_xcomargs.py
[2023-06-13T23:08:33.924+0000] {logging_mixin.py:149} INFO - [2023-06-13T23:08:33.924+0000] {dag.py:2726} INFO - Sync 2 DAGs
[2023-06-13T23:08:33.973+0000] {logging_mixin.py:149} INFO - [2023-06-13T23:08:33.973+0000] {dag.py:3490} INFO - Setting next_dagrun for example_xcom_args to None, run_after=None
[2023-06-13T23:08:33.984+0000] {logging_mixin.py:149} INFO - [2023-06-13T23:08:33.984+0000] {dag.py:3490} INFO - Setting next_dagrun for example_xcom_args_with_operators to None, run_after=None
[2023-06-13T23:08:34.025+0000] {processor.py:179} INFO - Processing /home/airflow/.local/lib/python3.7/site-packages/airflow/example_dags/example_xcomargs.py took 0.179 seconds
[2023-06-13T23:09:04.910+0000] {processor.py:157} INFO - Started process (PID=7273) to work on /home/airflow/.local/lib/python3.7/site-packages/airflow/example_dags/example_xcomargs.py
[2023-06-13T23:09:04.912+0000] {processor.py:826} INFO - Processing file /home/airflow/.local/lib/python3.7/site-packages/airflow/example_dags/example_xcomargs.py for tasks to queue
[2023-06-13T23:09:04.913+0000] {logging_mixin.py:149} INFO - [2023-06-13T23:09:04.913+0000] {dagbag.py:541} INFO - Filling up the DagBag from /home/airflow/.local/lib/python3.7/site-packages/airflow/example_dags/example_xcomargs.py
[2023-06-13T23:09:04.933+0000] {processor.py:836} INFO - DAG(s) dict_keys(['example_xcom_args', 'example_xcom_args_with_operators']) retrieved from /home/airflow/.local/lib/python3.7/site-packages/airflow/example_dags/example_xcomargs.py
[2023-06-13T23:09:04.990+0000] {logging_mixin.py:149} INFO - [2023-06-13T23:09:04.990+0000] {dag.py:2726} INFO - Sync 2 DAGs
[2023-06-13T23:09:05.038+0000] {logging_mixin.py:149} INFO - [2023-06-13T23:09:05.037+0000] {dag.py:3490} INFO - Setting next_dagrun for example_xcom_args to None, run_after=None
[2023-06-13T23:09:05.046+0000] {logging_mixin.py:149} INFO - [2023-06-13T23:09:05.046+0000] {dag.py:3490} INFO - Setting next_dagrun for example_xcom_args_with_operators to None, run_after=None
[2023-06-13T23:09:05.084+0000] {processor.py:179} INFO - Processing /home/airflow/.local/lib/python3.7/site-packages/airflow/example_dags/example_xcomargs.py took 0.177 seconds
[2023-06-13T23:09:35.606+0000] {processor.py:157} INFO - Started process (PID=7513) to work on /home/airflow/.local/lib/python3.7/site-packages/airflow/example_dags/example_xcomargs.py
[2023-06-13T23:09:35.608+0000] {processor.py:826} INFO - Processing file /home/airflow/.local/lib/python3.7/site-packages/airflow/example_dags/example_xcomargs.py for tasks to queue
[2023-06-13T23:09:35.609+0000] {logging_mixin.py:149} INFO - [2023-06-13T23:09:35.609+0000] {dagbag.py:541} INFO - Filling up the DagBag from /home/airflow/.local/lib/python3.7/site-packages/airflow/example_dags/example_xcomargs.py
[2023-06-13T23:09:35.624+0000] {processor.py:836} INFO - DAG(s) dict_keys(['example_xcom_args', 'example_xcom_args_with_operators']) retrieved from /home/airflow/.local/lib/python3.7/site-packages/airflow/example_dags/example_xcomargs.py
[2023-06-13T23:09:35.685+0000] {logging_mixin.py:149} INFO - [2023-06-13T23:09:35.685+0000] {dag.py:2726} INFO - Sync 2 DAGs
[2023-06-13T23:09:35.733+0000] {logging_mixin.py:149} INFO - [2023-06-13T23:09:35.733+0000] {dag.py:3490} INFO - Setting next_dagrun for example_xcom_args to None, run_after=None
[2023-06-13T23:09:35.743+0000] {logging_mixin.py:149} INFO - [2023-06-13T23:09:35.743+0000] {dag.py:3490} INFO - Setting next_dagrun for example_xcom_args_with_operators to None, run_after=None
[2023-06-13T23:09:35.806+0000] {processor.py:179} INFO - Processing /home/airflow/.local/lib/python3.7/site-packages/airflow/example_dags/example_xcomargs.py took 0.204 seconds
[2023-06-13T23:10:06.187+0000] {processor.py:157} INFO - Started process (PID=7753) to work on /home/airflow/.local/lib/python3.7/site-packages/airflow/example_dags/example_xcomargs.py
[2023-06-13T23:10:06.189+0000] {processor.py:826} INFO - Processing file /home/airflow/.local/lib/python3.7/site-packages/airflow/example_dags/example_xcomargs.py for tasks to queue
[2023-06-13T23:10:06.191+0000] {logging_mixin.py:149} INFO - [2023-06-13T23:10:06.190+0000] {dagbag.py:541} INFO - Filling up the DagBag from /home/airflow/.local/lib/python3.7/site-packages/airflow/example_dags/example_xcomargs.py
[2023-06-13T23:10:06.211+0000] {processor.py:836} INFO - DAG(s) dict_keys(['example_xcom_args_with_operators', 'example_xcom_args']) retrieved from /home/airflow/.local/lib/python3.7/site-packages/airflow/example_dags/example_xcomargs.py
[2023-06-13T23:10:06.271+0000] {logging_mixin.py:149} INFO - [2023-06-13T23:10:06.271+0000] {dag.py:2726} INFO - Sync 2 DAGs
[2023-06-13T23:10:06.314+0000] {logging_mixin.py:149} INFO - [2023-06-13T23:10:06.314+0000] {dag.py:3490} INFO - Setting next_dagrun for example_xcom_args to None, run_after=None
[2023-06-13T23:10:06.320+0000] {logging_mixin.py:149} INFO - [2023-06-13T23:10:06.320+0000] {dag.py:3490} INFO - Setting next_dagrun for example_xcom_args_with_operators to None, run_after=None
[2023-06-13T23:10:06.369+0000] {processor.py:179} INFO - Processing /home/airflow/.local/lib/python3.7/site-packages/airflow/example_dags/example_xcomargs.py took 0.188 seconds
[2023-06-13T23:10:36.654+0000] {processor.py:157} INFO - Started process (PID=7993) to work on /home/airflow/.local/lib/python3.7/site-packages/airflow/example_dags/example_xcomargs.py
[2023-06-13T23:10:36.656+0000] {processor.py:826} INFO - Processing file /home/airflow/.local/lib/python3.7/site-packages/airflow/example_dags/example_xcomargs.py for tasks to queue
[2023-06-13T23:10:36.657+0000] {logging_mixin.py:149} INFO - [2023-06-13T23:10:36.657+0000] {dagbag.py:541} INFO - Filling up the DagBag from /home/airflow/.local/lib/python3.7/site-packages/airflow/example_dags/example_xcomargs.py
[2023-06-13T23:10:36.672+0000] {processor.py:836} INFO - DAG(s) dict_keys(['example_xcom_args_with_operators', 'example_xcom_args']) retrieved from /home/airflow/.local/lib/python3.7/site-packages/airflow/example_dags/example_xcomargs.py
[2023-06-13T23:10:36.736+0000] {logging_mixin.py:149} INFO - [2023-06-13T23:10:36.736+0000] {dag.py:2726} INFO - Sync 2 DAGs
[2023-06-13T23:10:36.784+0000] {logging_mixin.py:149} INFO - [2023-06-13T23:10:36.784+0000] {dag.py:3490} INFO - Setting next_dagrun for example_xcom_args to None, run_after=None
[2023-06-13T23:10:36.792+0000] {logging_mixin.py:149} INFO - [2023-06-13T23:10:36.792+0000] {dag.py:3490} INFO - Setting next_dagrun for example_xcom_args_with_operators to None, run_after=None
[2023-06-13T23:10:36.831+0000] {processor.py:179} INFO - Processing /home/airflow/.local/lib/python3.7/site-packages/airflow/example_dags/example_xcomargs.py took 0.182 seconds
[2023-06-13T23:11:07.321+0000] {processor.py:157} INFO - Started process (PID=8233) to work on /home/airflow/.local/lib/python3.7/site-packages/airflow/example_dags/example_xcomargs.py
[2023-06-13T23:11:07.324+0000] {processor.py:826} INFO - Processing file /home/airflow/.local/lib/python3.7/site-packages/airflow/example_dags/example_xcomargs.py for tasks to queue
[2023-06-13T23:11:07.326+0000] {logging_mixin.py:149} INFO - [2023-06-13T23:11:07.325+0000] {dagbag.py:541} INFO - Filling up the DagBag from /home/airflow/.local/lib/python3.7/site-packages/airflow/example_dags/example_xcomargs.py
[2023-06-13T23:11:07.337+0000] {processor.py:836} INFO - DAG(s) dict_keys(['example_xcom_args', 'example_xcom_args_with_operators']) retrieved from /home/airflow/.local/lib/python3.7/site-packages/airflow/example_dags/example_xcomargs.py
[2023-06-13T23:11:07.403+0000] {logging_mixin.py:149} INFO - [2023-06-13T23:11:07.403+0000] {dag.py:2726} INFO - Sync 2 DAGs
[2023-06-13T23:11:07.454+0000] {logging_mixin.py:149} INFO - [2023-06-13T23:11:07.454+0000] {dag.py:3490} INFO - Setting next_dagrun for example_xcom_args to None, run_after=None
[2023-06-13T23:11:07.465+0000] {logging_mixin.py:149} INFO - [2023-06-13T23:11:07.464+0000] {dag.py:3490} INFO - Setting next_dagrun for example_xcom_args_with_operators to None, run_after=None
[2023-06-13T23:11:07.515+0000] {processor.py:179} INFO - Processing /home/airflow/.local/lib/python3.7/site-packages/airflow/example_dags/example_xcomargs.py took 0.200 seconds
[2023-06-13T23:11:38.357+0000] {processor.py:157} INFO - Started process (PID=8473) to work on /home/airflow/.local/lib/python3.7/site-packages/airflow/example_dags/example_xcomargs.py
[2023-06-13T23:11:38.359+0000] {processor.py:826} INFO - Processing file /home/airflow/.local/lib/python3.7/site-packages/airflow/example_dags/example_xcomargs.py for tasks to queue
[2023-06-13T23:11:38.360+0000] {logging_mixin.py:149} INFO - [2023-06-13T23:11:38.360+0000] {dagbag.py:541} INFO - Filling up the DagBag from /home/airflow/.local/lib/python3.7/site-packages/airflow/example_dags/example_xcomargs.py
[2023-06-13T23:11:38.374+0000] {processor.py:836} INFO - DAG(s) dict_keys(['example_xcom_args_with_operators', 'example_xcom_args']) retrieved from /home/airflow/.local/lib/python3.7/site-packages/airflow/example_dags/example_xcomargs.py
[2023-06-13T23:11:38.427+0000] {logging_mixin.py:149} INFO - [2023-06-13T23:11:38.427+0000] {dag.py:2726} INFO - Sync 2 DAGs
[2023-06-13T23:11:38.489+0000] {logging_mixin.py:149} INFO - [2023-06-13T23:11:38.488+0000] {dag.py:3490} INFO - Setting next_dagrun for example_xcom_args to None, run_after=None
[2023-06-13T23:11:38.498+0000] {logging_mixin.py:149} INFO - [2023-06-13T23:11:38.497+0000] {dag.py:3490} INFO - Setting next_dagrun for example_xcom_args_with_operators to None, run_after=None
[2023-06-13T23:11:38.544+0000] {processor.py:179} INFO - Processing /home/airflow/.local/lib/python3.7/site-packages/airflow/example_dags/example_xcomargs.py took 0.191 seconds
[2023-06-13T23:12:08.903+0000] {processor.py:157} INFO - Started process (PID=8710) to work on /home/airflow/.local/lib/python3.7/site-packages/airflow/example_dags/example_xcomargs.py
[2023-06-13T23:12:08.905+0000] {processor.py:826} INFO - Processing file /home/airflow/.local/lib/python3.7/site-packages/airflow/example_dags/example_xcomargs.py for tasks to queue
[2023-06-13T23:12:08.906+0000] {logging_mixin.py:149} INFO - [2023-06-13T23:12:08.905+0000] {dagbag.py:541} INFO - Filling up the DagBag from /home/airflow/.local/lib/python3.7/site-packages/airflow/example_dags/example_xcomargs.py
[2023-06-13T23:12:08.922+0000] {processor.py:836} INFO - DAG(s) dict_keys(['example_xcom_args', 'example_xcom_args_with_operators']) retrieved from /home/airflow/.local/lib/python3.7/site-packages/airflow/example_dags/example_xcomargs.py
[2023-06-13T23:12:08.976+0000] {logging_mixin.py:149} INFO - [2023-06-13T23:12:08.975+0000] {dag.py:2726} INFO - Sync 2 DAGs
[2023-06-13T23:12:09.021+0000] {logging_mixin.py:149} INFO - [2023-06-13T23:12:09.021+0000] {dag.py:3490} INFO - Setting next_dagrun for example_xcom_args to None, run_after=None
[2023-06-13T23:12:09.032+0000] {logging_mixin.py:149} INFO - [2023-06-13T23:12:09.031+0000] {dag.py:3490} INFO - Setting next_dagrun for example_xcom_args_with_operators to None, run_after=None
[2023-06-13T23:12:09.076+0000] {processor.py:179} INFO - Processing /home/airflow/.local/lib/python3.7/site-packages/airflow/example_dags/example_xcomargs.py took 0.178 seconds
[2023-06-13T23:12:39.558+0000] {processor.py:157} INFO - Started process (PID=8950) to work on /home/airflow/.local/lib/python3.7/site-packages/airflow/example_dags/example_xcomargs.py
[2023-06-13T23:12:39.560+0000] {processor.py:826} INFO - Processing file /home/airflow/.local/lib/python3.7/site-packages/airflow/example_dags/example_xcomargs.py for tasks to queue
[2023-06-13T23:12:39.562+0000] {logging_mixin.py:149} INFO - [2023-06-13T23:12:39.561+0000] {dagbag.py:541} INFO - Filling up the DagBag from /home/airflow/.local/lib/python3.7/site-packages/airflow/example_dags/example_xcomargs.py
[2023-06-13T23:12:39.574+0000] {processor.py:836} INFO - DAG(s) dict_keys(['example_xcom_args_with_operators', 'example_xcom_args']) retrieved from /home/airflow/.local/lib/python3.7/site-packages/airflow/example_dags/example_xcomargs.py
[2023-06-13T23:12:39.630+0000] {logging_mixin.py:149} INFO - [2023-06-13T23:12:39.630+0000] {dag.py:2726} INFO - Sync 2 DAGs
[2023-06-13T23:12:39.673+0000] {logging_mixin.py:149} INFO - [2023-06-13T23:12:39.673+0000] {dag.py:3490} INFO - Setting next_dagrun for example_xcom_args to None, run_after=None
[2023-06-13T23:12:39.682+0000] {logging_mixin.py:149} INFO - [2023-06-13T23:12:39.682+0000] {dag.py:3490} INFO - Setting next_dagrun for example_xcom_args_with_operators to None, run_after=None
[2023-06-13T23:12:39.733+0000] {processor.py:179} INFO - Processing /home/airflow/.local/lib/python3.7/site-packages/airflow/example_dags/example_xcomargs.py took 0.179 seconds
[2023-06-13T23:13:10.002+0000] {processor.py:157} INFO - Started process (PID=9189) to work on /home/airflow/.local/lib/python3.7/site-packages/airflow/example_dags/example_xcomargs.py
[2023-06-13T23:13:10.005+0000] {processor.py:826} INFO - Processing file /home/airflow/.local/lib/python3.7/site-packages/airflow/example_dags/example_xcomargs.py for tasks to queue
[2023-06-13T23:13:10.006+0000] {logging_mixin.py:149} INFO - [2023-06-13T23:13:10.006+0000] {dagbag.py:541} INFO - Filling up the DagBag from /home/airflow/.local/lib/python3.7/site-packages/airflow/example_dags/example_xcomargs.py
[2023-06-13T23:13:10.023+0000] {processor.py:836} INFO - DAG(s) dict_keys(['example_xcom_args', 'example_xcom_args_with_operators']) retrieved from /home/airflow/.local/lib/python3.7/site-packages/airflow/example_dags/example_xcomargs.py
[2023-06-13T23:13:10.086+0000] {logging_mixin.py:149} INFO - [2023-06-13T23:13:10.086+0000] {dag.py:2726} INFO - Sync 2 DAGs
[2023-06-13T23:13:10.152+0000] {logging_mixin.py:149} INFO - [2023-06-13T23:13:10.152+0000] {dag.py:3490} INFO - Setting next_dagrun for example_xcom_args to None, run_after=None
[2023-06-13T23:13:10.162+0000] {logging_mixin.py:149} INFO - [2023-06-13T23:13:10.162+0000] {dag.py:3490} INFO - Setting next_dagrun for example_xcom_args_with_operators to None, run_after=None
[2023-06-13T23:13:10.213+0000] {processor.py:179} INFO - Processing /home/airflow/.local/lib/python3.7/site-packages/airflow/example_dags/example_xcomargs.py took 0.216 seconds
[2023-06-13T23:13:40.856+0000] {processor.py:157} INFO - Started process (PID=9429) to work on /home/airflow/.local/lib/python3.7/site-packages/airflow/example_dags/example_xcomargs.py
[2023-06-13T23:13:40.857+0000] {processor.py:826} INFO - Processing file /home/airflow/.local/lib/python3.7/site-packages/airflow/example_dags/example_xcomargs.py for tasks to queue
[2023-06-13T23:13:40.858+0000] {logging_mixin.py:149} INFO - [2023-06-13T23:13:40.858+0000] {dagbag.py:541} INFO - Filling up the DagBag from /home/airflow/.local/lib/python3.7/site-packages/airflow/example_dags/example_xcomargs.py
[2023-06-13T23:13:40.872+0000] {processor.py:836} INFO - DAG(s) dict_keys(['example_xcom_args_with_operators', 'example_xcom_args']) retrieved from /home/airflow/.local/lib/python3.7/site-packages/airflow/example_dags/example_xcomargs.py
[2023-06-13T23:13:40.936+0000] {logging_mixin.py:149} INFO - [2023-06-13T23:13:40.935+0000] {dag.py:2726} INFO - Sync 2 DAGs
[2023-06-13T23:13:40.973+0000] {logging_mixin.py:149} INFO - [2023-06-13T23:13:40.973+0000] {dag.py:3490} INFO - Setting next_dagrun for example_xcom_args to None, run_after=None
[2023-06-13T23:13:40.983+0000] {logging_mixin.py:149} INFO - [2023-06-13T23:13:40.983+0000] {dag.py:3490} INFO - Setting next_dagrun for example_xcom_args_with_operators to None, run_after=None
[2023-06-13T23:13:41.031+0000] {processor.py:179} INFO - Processing /home/airflow/.local/lib/python3.7/site-packages/airflow/example_dags/example_xcomargs.py took 0.179 seconds
[2023-06-13T23:14:11.496+0000] {processor.py:157} INFO - Started process (PID=9669) to work on /home/airflow/.local/lib/python3.7/site-packages/airflow/example_dags/example_xcomargs.py
[2023-06-13T23:14:11.498+0000] {processor.py:826} INFO - Processing file /home/airflow/.local/lib/python3.7/site-packages/airflow/example_dags/example_xcomargs.py for tasks to queue
[2023-06-13T23:14:11.499+0000] {logging_mixin.py:149} INFO - [2023-06-13T23:14:11.499+0000] {dagbag.py:541} INFO - Filling up the DagBag from /home/airflow/.local/lib/python3.7/site-packages/airflow/example_dags/example_xcomargs.py
[2023-06-13T23:14:11.516+0000] {processor.py:836} INFO - DAG(s) dict_keys(['example_xcom_args', 'example_xcom_args_with_operators']) retrieved from /home/airflow/.local/lib/python3.7/site-packages/airflow/example_dags/example_xcomargs.py
[2023-06-13T23:14:11.579+0000] {logging_mixin.py:149} INFO - [2023-06-13T23:14:11.579+0000] {dag.py:2726} INFO - Sync 2 DAGs
[2023-06-13T23:14:11.619+0000] {logging_mixin.py:149} INFO - [2023-06-13T23:14:11.619+0000] {dag.py:3490} INFO - Setting next_dagrun for example_xcom_args to None, run_after=None
[2023-06-13T23:14:11.624+0000] {logging_mixin.py:149} INFO - [2023-06-13T23:14:11.624+0000] {dag.py:3490} INFO - Setting next_dagrun for example_xcom_args_with_operators to None, run_after=None
[2023-06-13T23:14:11.652+0000] {processor.py:179} INFO - Processing /home/airflow/.local/lib/python3.7/site-packages/airflow/example_dags/example_xcomargs.py took 0.162 seconds
[2023-06-13T23:14:42.072+0000] {processor.py:157} INFO - Started process (PID=9908) to work on /home/airflow/.local/lib/python3.7/site-packages/airflow/example_dags/example_xcomargs.py
[2023-06-13T23:14:42.074+0000] {processor.py:826} INFO - Processing file /home/airflow/.local/lib/python3.7/site-packages/airflow/example_dags/example_xcomargs.py for tasks to queue
[2023-06-13T23:14:42.075+0000] {logging_mixin.py:149} INFO - [2023-06-13T23:14:42.075+0000] {dagbag.py:541} INFO - Filling up the DagBag from /home/airflow/.local/lib/python3.7/site-packages/airflow/example_dags/example_xcomargs.py
[2023-06-13T23:14:42.089+0000] {processor.py:836} INFO - DAG(s) dict_keys(['example_xcom_args_with_operators', 'example_xcom_args']) retrieved from /home/airflow/.local/lib/python3.7/site-packages/airflow/example_dags/example_xcomargs.py
[2023-06-13T23:14:42.135+0000] {logging_mixin.py:149} INFO - [2023-06-13T23:14:42.134+0000] {dag.py:2726} INFO - Sync 2 DAGs
[2023-06-13T23:14:42.185+0000] {logging_mixin.py:149} INFO - [2023-06-13T23:14:42.184+0000] {dag.py:3490} INFO - Setting next_dagrun for example_xcom_args to None, run_after=None
[2023-06-13T23:14:42.193+0000] {logging_mixin.py:149} INFO - [2023-06-13T23:14:42.193+0000] {dag.py:3490} INFO - Setting next_dagrun for example_xcom_args_with_operators to None, run_after=None
[2023-06-13T23:14:42.235+0000] {processor.py:179} INFO - Processing /home/airflow/.local/lib/python3.7/site-packages/airflow/example_dags/example_xcomargs.py took 0.168 seconds
[2023-06-13T23:15:12.887+0000] {processor.py:157} INFO - Started process (PID=10147) to work on /home/airflow/.local/lib/python3.7/site-packages/airflow/example_dags/example_xcomargs.py
[2023-06-13T23:15:12.893+0000] {processor.py:826} INFO - Processing file /home/airflow/.local/lib/python3.7/site-packages/airflow/example_dags/example_xcomargs.py for tasks to queue
[2023-06-13T23:15:12.894+0000] {logging_mixin.py:149} INFO - [2023-06-13T23:15:12.894+0000] {dagbag.py:541} INFO - Filling up the DagBag from /home/airflow/.local/lib/python3.7/site-packages/airflow/example_dags/example_xcomargs.py
[2023-06-13T23:15:12.907+0000] {processor.py:836} INFO - DAG(s) dict_keys(['example_xcom_args_with_operators', 'example_xcom_args']) retrieved from /home/airflow/.local/lib/python3.7/site-packages/airflow/example_dags/example_xcomargs.py
[2023-06-13T23:15:12.956+0000] {logging_mixin.py:149} INFO - [2023-06-13T23:15:12.956+0000] {dag.py:2726} INFO - Sync 2 DAGs
[2023-06-13T23:15:13.004+0000] {logging_mixin.py:149} INFO - [2023-06-13T23:15:13.004+0000] {dag.py:3490} INFO - Setting next_dagrun for example_xcom_args to None, run_after=None
[2023-06-13T23:15:13.016+0000] {logging_mixin.py:149} INFO - [2023-06-13T23:15:13.016+0000] {dag.py:3490} INFO - Setting next_dagrun for example_xcom_args_with_operators to None, run_after=None
[2023-06-13T23:15:13.053+0000] {processor.py:179} INFO - Processing /home/airflow/.local/lib/python3.7/site-packages/airflow/example_dags/example_xcomargs.py took 0.173 seconds
[2023-06-13T23:15:43.666+0000] {processor.py:157} INFO - Started process (PID=10387) to work on /home/airflow/.local/lib/python3.7/site-packages/airflow/example_dags/example_xcomargs.py
[2023-06-13T23:15:43.670+0000] {processor.py:826} INFO - Processing file /home/airflow/.local/lib/python3.7/site-packages/airflow/example_dags/example_xcomargs.py for tasks to queue
[2023-06-13T23:15:43.671+0000] {logging_mixin.py:149} INFO - [2023-06-13T23:15:43.671+0000] {dagbag.py:541} INFO - Filling up the DagBag from /home/airflow/.local/lib/python3.7/site-packages/airflow/example_dags/example_xcomargs.py
[2023-06-13T23:15:43.683+0000] {processor.py:836} INFO - DAG(s) dict_keys(['example_xcom_args', 'example_xcom_args_with_operators']) retrieved from /home/airflow/.local/lib/python3.7/site-packages/airflow/example_dags/example_xcomargs.py
[2023-06-13T23:15:43.741+0000] {logging_mixin.py:149} INFO - [2023-06-13T23:15:43.741+0000] {dag.py:2726} INFO - Sync 2 DAGs
[2023-06-13T23:15:43.787+0000] {logging_mixin.py:149} INFO - [2023-06-13T23:15:43.786+0000] {dag.py:3490} INFO - Setting next_dagrun for example_xcom_args to None, run_after=None
[2023-06-13T23:15:43.798+0000] {logging_mixin.py:149} INFO - [2023-06-13T23:15:43.798+0000] {dag.py:3490} INFO - Setting next_dagrun for example_xcom_args_with_operators to None, run_after=None
[2023-06-13T23:15:43.847+0000] {processor.py:179} INFO - Processing /home/airflow/.local/lib/python3.7/site-packages/airflow/example_dags/example_xcomargs.py took 0.187 seconds
[2023-06-13T23:16:14.133+0000] {processor.py:157} INFO - Started process (PID=10627) to work on /home/airflow/.local/lib/python3.7/site-packages/airflow/example_dags/example_xcomargs.py
[2023-06-13T23:16:14.136+0000] {processor.py:826} INFO - Processing file /home/airflow/.local/lib/python3.7/site-packages/airflow/example_dags/example_xcomargs.py for tasks to queue
[2023-06-13T23:16:14.137+0000] {logging_mixin.py:149} INFO - [2023-06-13T23:16:14.137+0000] {dagbag.py:541} INFO - Filling up the DagBag from /home/airflow/.local/lib/python3.7/site-packages/airflow/example_dags/example_xcomargs.py
[2023-06-13T23:16:14.155+0000] {processor.py:836} INFO - DAG(s) dict_keys(['example_xcom_args_with_operators', 'example_xcom_args']) retrieved from /home/airflow/.local/lib/python3.7/site-packages/airflow/example_dags/example_xcomargs.py
[2023-06-13T23:16:14.241+0000] {logging_mixin.py:149} INFO - [2023-06-13T23:16:14.241+0000] {dag.py:2726} INFO - Sync 2 DAGs
[2023-06-13T23:16:14.293+0000] {logging_mixin.py:149} INFO - [2023-06-13T23:16:14.292+0000] {dag.py:3490} INFO - Setting next_dagrun for example_xcom_args to None, run_after=None
[2023-06-13T23:16:14.301+0000] {logging_mixin.py:149} INFO - [2023-06-13T23:16:14.300+0000] {dag.py:3490} INFO - Setting next_dagrun for example_xcom_args_with_operators to None, run_after=None
[2023-06-13T23:16:14.360+0000] {processor.py:179} INFO - Processing /home/airflow/.local/lib/python3.7/site-packages/airflow/example_dags/example_xcomargs.py took 0.233 seconds
[2023-06-13T23:16:44.486+0000] {processor.py:157} INFO - Started process (PID=10867) to work on /home/airflow/.local/lib/python3.7/site-packages/airflow/example_dags/example_xcomargs.py
[2023-06-13T23:16:44.488+0000] {processor.py:826} INFO - Processing file /home/airflow/.local/lib/python3.7/site-packages/airflow/example_dags/example_xcomargs.py for tasks to queue
[2023-06-13T23:16:44.489+0000] {logging_mixin.py:149} INFO - [2023-06-13T23:16:44.489+0000] {dagbag.py:541} INFO - Filling up the DagBag from /home/airflow/.local/lib/python3.7/site-packages/airflow/example_dags/example_xcomargs.py
[2023-06-13T23:16:44.506+0000] {processor.py:836} INFO - DAG(s) dict_keys(['example_xcom_args_with_operators', 'example_xcom_args']) retrieved from /home/airflow/.local/lib/python3.7/site-packages/airflow/example_dags/example_xcomargs.py
[2023-06-13T23:16:44.565+0000] {logging_mixin.py:149} INFO - [2023-06-13T23:16:44.564+0000] {dag.py:2726} INFO - Sync 2 DAGs
[2023-06-13T23:16:44.606+0000] {logging_mixin.py:149} INFO - [2023-06-13T23:16:44.606+0000] {dag.py:3490} INFO - Setting next_dagrun for example_xcom_args to None, run_after=None
[2023-06-13T23:16:44.614+0000] {logging_mixin.py:149} INFO - [2023-06-13T23:16:44.613+0000] {dag.py:3490} INFO - Setting next_dagrun for example_xcom_args_with_operators to None, run_after=None
[2023-06-13T23:16:44.657+0000] {processor.py:179} INFO - Processing /home/airflow/.local/lib/python3.7/site-packages/airflow/example_dags/example_xcomargs.py took 0.175 seconds
[2023-06-13T23:17:14.969+0000] {processor.py:157} INFO - Started process (PID=11108) to work on /home/airflow/.local/lib/python3.7/site-packages/airflow/example_dags/example_xcomargs.py
[2023-06-13T23:17:14.970+0000] {processor.py:826} INFO - Processing file /home/airflow/.local/lib/python3.7/site-packages/airflow/example_dags/example_xcomargs.py for tasks to queue
[2023-06-13T23:17:14.971+0000] {logging_mixin.py:149} INFO - [2023-06-13T23:17:14.971+0000] {dagbag.py:541} INFO - Filling up the DagBag from /home/airflow/.local/lib/python3.7/site-packages/airflow/example_dags/example_xcomargs.py
[2023-06-13T23:17:14.984+0000] {processor.py:836} INFO - DAG(s) dict_keys(['example_xcom_args', 'example_xcom_args_with_operators']) retrieved from /home/airflow/.local/lib/python3.7/site-packages/airflow/example_dags/example_xcomargs.py
[2023-06-13T23:17:15.032+0000] {logging_mixin.py:149} INFO - [2023-06-13T23:17:15.032+0000] {dag.py:2726} INFO - Sync 2 DAGs
[2023-06-13T23:17:15.075+0000] {logging_mixin.py:149} INFO - [2023-06-13T23:17:15.074+0000] {dag.py:3490} INFO - Setting next_dagrun for example_xcom_args to None, run_after=None
[2023-06-13T23:17:15.083+0000] {logging_mixin.py:149} INFO - [2023-06-13T23:17:15.083+0000] {dag.py:3490} INFO - Setting next_dagrun for example_xcom_args_with_operators to None, run_after=None
[2023-06-13T23:17:15.126+0000] {processor.py:179} INFO - Processing /home/airflow/.local/lib/python3.7/site-packages/airflow/example_dags/example_xcomargs.py took 0.162 seconds
[2023-06-13T23:17:45.733+0000] {processor.py:157} INFO - Started process (PID=11348) to work on /home/airflow/.local/lib/python3.7/site-packages/airflow/example_dags/example_xcomargs.py
[2023-06-13T23:17:45.735+0000] {processor.py:826} INFO - Processing file /home/airflow/.local/lib/python3.7/site-packages/airflow/example_dags/example_xcomargs.py for tasks to queue
[2023-06-13T23:17:45.737+0000] {logging_mixin.py:149} INFO - [2023-06-13T23:17:45.736+0000] {dagbag.py:541} INFO - Filling up the DagBag from /home/airflow/.local/lib/python3.7/site-packages/airflow/example_dags/example_xcomargs.py
[2023-06-13T23:17:45.750+0000] {processor.py:836} INFO - DAG(s) dict_keys(['example_xcom_args_with_operators', 'example_xcom_args']) retrieved from /home/airflow/.local/lib/python3.7/site-packages/airflow/example_dags/example_xcomargs.py
[2023-06-13T23:17:45.836+0000] {logging_mixin.py:149} INFO - [2023-06-13T23:17:45.835+0000] {dag.py:2726} INFO - Sync 2 DAGs
[2023-06-13T23:17:45.898+0000] {logging_mixin.py:149} INFO - [2023-06-13T23:17:45.897+0000] {dag.py:3490} INFO - Setting next_dagrun for example_xcom_args to None, run_after=None
[2023-06-13T23:17:45.907+0000] {logging_mixin.py:149} INFO - [2023-06-13T23:17:45.907+0000] {dag.py:3490} INFO - Setting next_dagrun for example_xcom_args_with_operators to None, run_after=None
[2023-06-13T23:17:45.973+0000] {processor.py:179} INFO - Processing /home/airflow/.local/lib/python3.7/site-packages/airflow/example_dags/example_xcomargs.py took 0.245 seconds
[2023-06-13T23:18:16.486+0000] {processor.py:157} INFO - Started process (PID=11588) to work on /home/airflow/.local/lib/python3.7/site-packages/airflow/example_dags/example_xcomargs.py
[2023-06-13T23:18:16.488+0000] {processor.py:826} INFO - Processing file /home/airflow/.local/lib/python3.7/site-packages/airflow/example_dags/example_xcomargs.py for tasks to queue
[2023-06-13T23:18:16.489+0000] {logging_mixin.py:149} INFO - [2023-06-13T23:18:16.489+0000] {dagbag.py:541} INFO - Filling up the DagBag from /home/airflow/.local/lib/python3.7/site-packages/airflow/example_dags/example_xcomargs.py
[2023-06-13T23:18:16.504+0000] {processor.py:836} INFO - DAG(s) dict_keys(['example_xcom_args_with_operators', 'example_xcom_args']) retrieved from /home/airflow/.local/lib/python3.7/site-packages/airflow/example_dags/example_xcomargs.py
[2023-06-13T23:18:16.571+0000] {logging_mixin.py:149} INFO - [2023-06-13T23:18:16.571+0000] {dag.py:2726} INFO - Sync 2 DAGs
[2023-06-13T23:18:16.627+0000] {logging_mixin.py:149} INFO - [2023-06-13T23:18:16.626+0000] {dag.py:3490} INFO - Setting next_dagrun for example_xcom_args to None, run_after=None
[2023-06-13T23:18:16.633+0000] {logging_mixin.py:149} INFO - [2023-06-13T23:18:16.632+0000] {dag.py:3490} INFO - Setting next_dagrun for example_xcom_args_with_operators to None, run_after=None
[2023-06-13T23:18:16.678+0000] {processor.py:179} INFO - Processing /home/airflow/.local/lib/python3.7/site-packages/airflow/example_dags/example_xcomargs.py took 0.199 seconds
[2023-06-13T23:18:47.313+0000] {processor.py:157} INFO - Started process (PID=11828) to work on /home/airflow/.local/lib/python3.7/site-packages/airflow/example_dags/example_xcomargs.py
[2023-06-13T23:18:47.318+0000] {processor.py:826} INFO - Processing file /home/airflow/.local/lib/python3.7/site-packages/airflow/example_dags/example_xcomargs.py for tasks to queue
[2023-06-13T23:18:47.319+0000] {logging_mixin.py:149} INFO - [2023-06-13T23:18:47.319+0000] {dagbag.py:541} INFO - Filling up the DagBag from /home/airflow/.local/lib/python3.7/site-packages/airflow/example_dags/example_xcomargs.py
[2023-06-13T23:18:47.338+0000] {processor.py:836} INFO - DAG(s) dict_keys(['example_xcom_args_with_operators', 'example_xcom_args']) retrieved from /home/airflow/.local/lib/python3.7/site-packages/airflow/example_dags/example_xcomargs.py
[2023-06-13T23:18:47.418+0000] {logging_mixin.py:149} INFO - [2023-06-13T23:18:47.418+0000] {dag.py:2726} INFO - Sync 2 DAGs
[2023-06-13T23:18:47.476+0000] {logging_mixin.py:149} INFO - [2023-06-13T23:18:47.475+0000] {dag.py:3490} INFO - Setting next_dagrun for example_xcom_args to None, run_after=None
[2023-06-13T23:18:47.488+0000] {logging_mixin.py:149} INFO - [2023-06-13T23:18:47.487+0000] {dag.py:3490} INFO - Setting next_dagrun for example_xcom_args_with_operators to None, run_after=None
[2023-06-13T23:18:47.541+0000] {processor.py:179} INFO - Processing /home/airflow/.local/lib/python3.7/site-packages/airflow/example_dags/example_xcomargs.py took 0.236 seconds
[2023-06-13T23:19:18.331+0000] {processor.py:157} INFO - Started process (PID=12066) to work on /home/airflow/.local/lib/python3.7/site-packages/airflow/example_dags/example_xcomargs.py
[2023-06-13T23:19:18.334+0000] {processor.py:826} INFO - Processing file /home/airflow/.local/lib/python3.7/site-packages/airflow/example_dags/example_xcomargs.py for tasks to queue
[2023-06-13T23:19:18.335+0000] {logging_mixin.py:149} INFO - [2023-06-13T23:19:18.335+0000] {dagbag.py:541} INFO - Filling up the DagBag from /home/airflow/.local/lib/python3.7/site-packages/airflow/example_dags/example_xcomargs.py
[2023-06-13T23:19:18.361+0000] {processor.py:836} INFO - DAG(s) dict_keys(['example_xcom_args', 'example_xcom_args_with_operators']) retrieved from /home/airflow/.local/lib/python3.7/site-packages/airflow/example_dags/example_xcomargs.py
[2023-06-13T23:19:18.477+0000] {logging_mixin.py:149} INFO - [2023-06-13T23:19:18.477+0000] {dag.py:2726} INFO - Sync 2 DAGs
[2023-06-13T23:19:18.562+0000] {logging_mixin.py:149} INFO - [2023-06-13T23:19:18.561+0000] {dag.py:3490} INFO - Setting next_dagrun for example_xcom_args to None, run_after=None
[2023-06-13T23:19:18.570+0000] {logging_mixin.py:149} INFO - [2023-06-13T23:19:18.570+0000] {dag.py:3490} INFO - Setting next_dagrun for example_xcom_args_with_operators to None, run_after=None
[2023-06-13T23:19:18.629+0000] {processor.py:179} INFO - Processing /home/airflow/.local/lib/python3.7/site-packages/airflow/example_dags/example_xcomargs.py took 0.307 seconds
[2023-06-13T23:19:49.045+0000] {processor.py:157} INFO - Started process (PID=12295) to work on /home/airflow/.local/lib/python3.7/site-packages/airflow/example_dags/example_xcomargs.py
[2023-06-13T23:19:49.051+0000] {processor.py:826} INFO - Processing file /home/airflow/.local/lib/python3.7/site-packages/airflow/example_dags/example_xcomargs.py for tasks to queue
[2023-06-13T23:19:49.053+0000] {logging_mixin.py:149} INFO - [2023-06-13T23:19:49.052+0000] {dagbag.py:541} INFO - Filling up the DagBag from /home/airflow/.local/lib/python3.7/site-packages/airflow/example_dags/example_xcomargs.py
[2023-06-13T23:19:49.074+0000] {processor.py:836} INFO - DAG(s) dict_keys(['example_xcom_args', 'example_xcom_args_with_operators']) retrieved from /home/airflow/.local/lib/python3.7/site-packages/airflow/example_dags/example_xcomargs.py
[2023-06-13T23:19:49.189+0000] {logging_mixin.py:149} INFO - [2023-06-13T23:19:49.188+0000] {dag.py:2726} INFO - Sync 2 DAGs
[2023-06-13T23:19:49.259+0000] {logging_mixin.py:149} INFO - [2023-06-13T23:19:49.259+0000] {dag.py:3490} INFO - Setting next_dagrun for example_xcom_args to None, run_after=None
[2023-06-13T23:19:49.270+0000] {logging_mixin.py:149} INFO - [2023-06-13T23:19:49.270+0000] {dag.py:3490} INFO - Setting next_dagrun for example_xcom_args_with_operators to None, run_after=None
[2023-06-13T23:19:49.328+0000] {processor.py:179} INFO - Processing /home/airflow/.local/lib/python3.7/site-packages/airflow/example_dags/example_xcomargs.py took 0.293 seconds
[2023-06-13T23:20:19.502+0000] {processor.py:157} INFO - Started process (PID=12535) to work on /home/airflow/.local/lib/python3.7/site-packages/airflow/example_dags/example_xcomargs.py
[2023-06-13T23:20:19.504+0000] {processor.py:826} INFO - Processing file /home/airflow/.local/lib/python3.7/site-packages/airflow/example_dags/example_xcomargs.py for tasks to queue
[2023-06-13T23:20:19.506+0000] {logging_mixin.py:149} INFO - [2023-06-13T23:20:19.505+0000] {dagbag.py:541} INFO - Filling up the DagBag from /home/airflow/.local/lib/python3.7/site-packages/airflow/example_dags/example_xcomargs.py
[2023-06-13T23:20:19.528+0000] {processor.py:836} INFO - DAG(s) dict_keys(['example_xcom_args_with_operators', 'example_xcom_args']) retrieved from /home/airflow/.local/lib/python3.7/site-packages/airflow/example_dags/example_xcomargs.py
[2023-06-13T23:20:19.590+0000] {logging_mixin.py:149} INFO - [2023-06-13T23:20:19.589+0000] {dag.py:2726} INFO - Sync 2 DAGs
[2023-06-13T23:20:19.636+0000] {logging_mixin.py:149} INFO - [2023-06-13T23:20:19.636+0000] {dag.py:3490} INFO - Setting next_dagrun for example_xcom_args to None, run_after=None
[2023-06-13T23:20:19.645+0000] {logging_mixin.py:149} INFO - [2023-06-13T23:20:19.644+0000] {dag.py:3490} INFO - Setting next_dagrun for example_xcom_args_with_operators to None, run_after=None
[2023-06-13T23:20:19.693+0000] {processor.py:179} INFO - Processing /home/airflow/.local/lib/python3.7/site-packages/airflow/example_dags/example_xcomargs.py took 0.195 seconds
[2023-06-13T23:20:50.108+0000] {processor.py:157} INFO - Started process (PID=12775) to work on /home/airflow/.local/lib/python3.7/site-packages/airflow/example_dags/example_xcomargs.py
[2023-06-13T23:20:50.111+0000] {processor.py:826} INFO - Processing file /home/airflow/.local/lib/python3.7/site-packages/airflow/example_dags/example_xcomargs.py for tasks to queue
[2023-06-13T23:20:50.114+0000] {logging_mixin.py:149} INFO - [2023-06-13T23:20:50.113+0000] {dagbag.py:541} INFO - Filling up the DagBag from /home/airflow/.local/lib/python3.7/site-packages/airflow/example_dags/example_xcomargs.py
[2023-06-13T23:20:50.132+0000] {processor.py:836} INFO - DAG(s) dict_keys(['example_xcom_args_with_operators', 'example_xcom_args']) retrieved from /home/airflow/.local/lib/python3.7/site-packages/airflow/example_dags/example_xcomargs.py
[2023-06-13T23:20:50.206+0000] {logging_mixin.py:149} INFO - [2023-06-13T23:20:50.206+0000] {dag.py:2726} INFO - Sync 2 DAGs
[2023-06-13T23:20:50.267+0000] {logging_mixin.py:149} INFO - [2023-06-13T23:20:50.266+0000] {dag.py:3490} INFO - Setting next_dagrun for example_xcom_args to None, run_after=None
[2023-06-13T23:20:50.276+0000] {logging_mixin.py:149} INFO - [2023-06-13T23:20:50.276+0000] {dag.py:3490} INFO - Setting next_dagrun for example_xcom_args_with_operators to None, run_after=None
[2023-06-13T23:20:50.331+0000] {processor.py:179} INFO - Processing /home/airflow/.local/lib/python3.7/site-packages/airflow/example_dags/example_xcomargs.py took 0.227 seconds
[2023-06-13T23:21:20.697+0000] {processor.py:157} INFO - Started process (PID=13014) to work on /home/airflow/.local/lib/python3.7/site-packages/airflow/example_dags/example_xcomargs.py
[2023-06-13T23:21:20.700+0000] {processor.py:826} INFO - Processing file /home/airflow/.local/lib/python3.7/site-packages/airflow/example_dags/example_xcomargs.py for tasks to queue
[2023-06-13T23:21:20.701+0000] {logging_mixin.py:149} INFO - [2023-06-13T23:21:20.701+0000] {dagbag.py:541} INFO - Filling up the DagBag from /home/airflow/.local/lib/python3.7/site-packages/airflow/example_dags/example_xcomargs.py
[2023-06-13T23:21:20.720+0000] {processor.py:836} INFO - DAG(s) dict_keys(['example_xcom_args', 'example_xcom_args_with_operators']) retrieved from /home/airflow/.local/lib/python3.7/site-packages/airflow/example_dags/example_xcomargs.py
[2023-06-13T23:21:20.786+0000] {logging_mixin.py:149} INFO - [2023-06-13T23:21:20.786+0000] {dag.py:2726} INFO - Sync 2 DAGs
[2023-06-13T23:21:20.842+0000] {logging_mixin.py:149} INFO - [2023-06-13T23:21:20.842+0000] {dag.py:3490} INFO - Setting next_dagrun for example_xcom_args to None, run_after=None
[2023-06-13T23:21:20.855+0000] {logging_mixin.py:149} INFO - [2023-06-13T23:21:20.855+0000] {dag.py:3490} INFO - Setting next_dagrun for example_xcom_args_with_operators to None, run_after=None
[2023-06-13T23:21:20.920+0000] {processor.py:179} INFO - Processing /home/airflow/.local/lib/python3.7/site-packages/airflow/example_dags/example_xcomargs.py took 0.232 seconds
[2023-06-13T23:21:51.236+0000] {processor.py:157} INFO - Started process (PID=13253) to work on /home/airflow/.local/lib/python3.7/site-packages/airflow/example_dags/example_xcomargs.py
[2023-06-13T23:21:51.239+0000] {processor.py:826} INFO - Processing file /home/airflow/.local/lib/python3.7/site-packages/airflow/example_dags/example_xcomargs.py for tasks to queue
[2023-06-13T23:21:51.242+0000] {logging_mixin.py:149} INFO - [2023-06-13T23:21:51.241+0000] {dagbag.py:541} INFO - Filling up the DagBag from /home/airflow/.local/lib/python3.7/site-packages/airflow/example_dags/example_xcomargs.py
[2023-06-13T23:21:51.270+0000] {processor.py:836} INFO - DAG(s) dict_keys(['example_xcom_args', 'example_xcom_args_with_operators']) retrieved from /home/airflow/.local/lib/python3.7/site-packages/airflow/example_dags/example_xcomargs.py
[2023-06-13T23:21:51.376+0000] {logging_mixin.py:149} INFO - [2023-06-13T23:21:51.376+0000] {dag.py:2726} INFO - Sync 2 DAGs
[2023-06-13T23:21:51.453+0000] {logging_mixin.py:149} INFO - [2023-06-13T23:21:51.453+0000] {dag.py:3490} INFO - Setting next_dagrun for example_xcom_args to None, run_after=None
[2023-06-13T23:21:51.466+0000] {logging_mixin.py:149} INFO - [2023-06-13T23:21:51.465+0000] {dag.py:3490} INFO - Setting next_dagrun for example_xcom_args_with_operators to None, run_after=None
[2023-06-13T23:21:51.523+0000] {processor.py:179} INFO - Processing /home/airflow/.local/lib/python3.7/site-packages/airflow/example_dags/example_xcomargs.py took 0.295 seconds
[2023-06-13T23:22:22.031+0000] {processor.py:157} INFO - Started process (PID=13493) to work on /home/airflow/.local/lib/python3.7/site-packages/airflow/example_dags/example_xcomargs.py
[2023-06-13T23:22:22.033+0000] {processor.py:826} INFO - Processing file /home/airflow/.local/lib/python3.7/site-packages/airflow/example_dags/example_xcomargs.py for tasks to queue
[2023-06-13T23:22:22.034+0000] {logging_mixin.py:149} INFO - [2023-06-13T23:22:22.034+0000] {dagbag.py:541} INFO - Filling up the DagBag from /home/airflow/.local/lib/python3.7/site-packages/airflow/example_dags/example_xcomargs.py
[2023-06-13T23:22:22.048+0000] {processor.py:836} INFO - DAG(s) dict_keys(['example_xcom_args_with_operators', 'example_xcom_args']) retrieved from /home/airflow/.local/lib/python3.7/site-packages/airflow/example_dags/example_xcomargs.py
[2023-06-13T23:22:22.097+0000] {logging_mixin.py:149} INFO - [2023-06-13T23:22:22.096+0000] {dag.py:2726} INFO - Sync 2 DAGs
[2023-06-13T23:22:22.141+0000] {logging_mixin.py:149} INFO - [2023-06-13T23:22:22.141+0000] {dag.py:3490} INFO - Setting next_dagrun for example_xcom_args to None, run_after=None
[2023-06-13T23:22:22.147+0000] {logging_mixin.py:149} INFO - [2023-06-13T23:22:22.146+0000] {dag.py:3490} INFO - Setting next_dagrun for example_xcom_args_with_operators to None, run_after=None
[2023-06-13T23:22:22.204+0000] {processor.py:179} INFO - Processing /home/airflow/.local/lib/python3.7/site-packages/airflow/example_dags/example_xcomargs.py took 0.178 seconds
[2023-06-13T23:22:53.579+0000] {processor.py:157} INFO - Started process (PID=13731) to work on /home/airflow/.local/lib/python3.7/site-packages/airflow/example_dags/example_xcomargs.py
[2023-06-13T23:22:53.581+0000] {processor.py:826} INFO - Processing file /home/airflow/.local/lib/python3.7/site-packages/airflow/example_dags/example_xcomargs.py for tasks to queue
[2023-06-13T23:22:53.582+0000] {logging_mixin.py:149} INFO - [2023-06-13T23:22:53.582+0000] {dagbag.py:541} INFO - Filling up the DagBag from /home/airflow/.local/lib/python3.7/site-packages/airflow/example_dags/example_xcomargs.py
[2023-06-13T23:22:53.596+0000] {processor.py:836} INFO - DAG(s) dict_keys(['example_xcom_args_with_operators', 'example_xcom_args']) retrieved from /home/airflow/.local/lib/python3.7/site-packages/airflow/example_dags/example_xcomargs.py
[2023-06-13T23:22:53.649+0000] {logging_mixin.py:149} INFO - [2023-06-13T23:22:53.648+0000] {dag.py:2726} INFO - Sync 2 DAGs
[2023-06-13T23:22:53.690+0000] {logging_mixin.py:149} INFO - [2023-06-13T23:22:53.689+0000] {dag.py:3490} INFO - Setting next_dagrun for example_xcom_args to None, run_after=None
[2023-06-13T23:22:53.699+0000] {logging_mixin.py:149} INFO - [2023-06-13T23:22:53.699+0000] {dag.py:3490} INFO - Setting next_dagrun for example_xcom_args_with_operators to None, run_after=None
[2023-06-13T23:22:53.743+0000] {processor.py:179} INFO - Processing /home/airflow/.local/lib/python3.7/site-packages/airflow/example_dags/example_xcomargs.py took 0.169 seconds
[2023-06-13T23:23:24.018+0000] {processor.py:157} INFO - Started process (PID=13973) to work on /home/airflow/.local/lib/python3.7/site-packages/airflow/example_dags/example_xcomargs.py
[2023-06-13T23:23:24.020+0000] {processor.py:826} INFO - Processing file /home/airflow/.local/lib/python3.7/site-packages/airflow/example_dags/example_xcomargs.py for tasks to queue
[2023-06-13T23:23:24.021+0000] {logging_mixin.py:149} INFO - [2023-06-13T23:23:24.021+0000] {dagbag.py:541} INFO - Filling up the DagBag from /home/airflow/.local/lib/python3.7/site-packages/airflow/example_dags/example_xcomargs.py
[2023-06-13T23:23:24.034+0000] {processor.py:836} INFO - DAG(s) dict_keys(['example_xcom_args_with_operators', 'example_xcom_args']) retrieved from /home/airflow/.local/lib/python3.7/site-packages/airflow/example_dags/example_xcomargs.py
[2023-06-13T23:23:24.097+0000] {logging_mixin.py:149} INFO - [2023-06-13T23:23:24.097+0000] {dag.py:2726} INFO - Sync 2 DAGs
[2023-06-13T23:23:24.142+0000] {logging_mixin.py:149} INFO - [2023-06-13T23:23:24.142+0000] {dag.py:3490} INFO - Setting next_dagrun for example_xcom_args to None, run_after=None
[2023-06-13T23:23:24.147+0000] {logging_mixin.py:149} INFO - [2023-06-13T23:23:24.147+0000] {dag.py:3490} INFO - Setting next_dagrun for example_xcom_args_with_operators to None, run_after=None
[2023-06-13T23:23:24.183+0000] {processor.py:179} INFO - Processing /home/airflow/.local/lib/python3.7/site-packages/airflow/example_dags/example_xcomargs.py took 0.170 seconds
[2023-06-13T23:23:54.546+0000] {processor.py:157} INFO - Started process (PID=14211) to work on /home/airflow/.local/lib/python3.7/site-packages/airflow/example_dags/example_xcomargs.py
[2023-06-13T23:23:54.547+0000] {processor.py:826} INFO - Processing file /home/airflow/.local/lib/python3.7/site-packages/airflow/example_dags/example_xcomargs.py for tasks to queue
[2023-06-13T23:23:54.549+0000] {logging_mixin.py:149} INFO - [2023-06-13T23:23:54.548+0000] {dagbag.py:541} INFO - Filling up the DagBag from /home/airflow/.local/lib/python3.7/site-packages/airflow/example_dags/example_xcomargs.py
[2023-06-13T23:23:54.566+0000] {processor.py:836} INFO - DAG(s) dict_keys(['example_xcom_args', 'example_xcom_args_with_operators']) retrieved from /home/airflow/.local/lib/python3.7/site-packages/airflow/example_dags/example_xcomargs.py
[2023-06-13T23:23:54.637+0000] {logging_mixin.py:149} INFO - [2023-06-13T23:23:54.636+0000] {dag.py:2726} INFO - Sync 2 DAGs
[2023-06-13T23:23:54.699+0000] {logging_mixin.py:149} INFO - [2023-06-13T23:23:54.699+0000] {dag.py:3490} INFO - Setting next_dagrun for example_xcom_args to None, run_after=None
[2023-06-13T23:23:54.707+0000] {logging_mixin.py:149} INFO - [2023-06-13T23:23:54.707+0000] {dag.py:3490} INFO - Setting next_dagrun for example_xcom_args_with_operators to None, run_after=None
[2023-06-13T23:23:54.755+0000] {processor.py:179} INFO - Processing /home/airflow/.local/lib/python3.7/site-packages/airflow/example_dags/example_xcomargs.py took 0.214 seconds
[2023-06-13T23:24:24.826+0000] {processor.py:157} INFO - Started process (PID=14451) to work on /home/airflow/.local/lib/python3.7/site-packages/airflow/example_dags/example_xcomargs.py
[2023-06-13T23:24:24.829+0000] {processor.py:826} INFO - Processing file /home/airflow/.local/lib/python3.7/site-packages/airflow/example_dags/example_xcomargs.py for tasks to queue
[2023-06-13T23:24:24.830+0000] {logging_mixin.py:149} INFO - [2023-06-13T23:24:24.830+0000] {dagbag.py:541} INFO - Filling up the DagBag from /home/airflow/.local/lib/python3.7/site-packages/airflow/example_dags/example_xcomargs.py
[2023-06-13T23:24:24.846+0000] {processor.py:836} INFO - DAG(s) dict_keys(['example_xcom_args', 'example_xcom_args_with_operators']) retrieved from /home/airflow/.local/lib/python3.7/site-packages/airflow/example_dags/example_xcomargs.py
[2023-06-13T23:24:24.901+0000] {logging_mixin.py:149} INFO - [2023-06-13T23:24:24.901+0000] {dag.py:2726} INFO - Sync 2 DAGs
[2023-06-13T23:24:24.949+0000] {logging_mixin.py:149} INFO - [2023-06-13T23:24:24.949+0000] {dag.py:3490} INFO - Setting next_dagrun for example_xcom_args to None, run_after=None
[2023-06-13T23:24:24.960+0000] {logging_mixin.py:149} INFO - [2023-06-13T23:24:24.959+0000] {dag.py:3490} INFO - Setting next_dagrun for example_xcom_args_with_operators to None, run_after=None
[2023-06-13T23:24:25.011+0000] {processor.py:179} INFO - Processing /home/airflow/.local/lib/python3.7/site-packages/airflow/example_dags/example_xcomargs.py took 0.195 seconds
[2023-06-13T23:24:55.269+0000] {processor.py:157} INFO - Started process (PID=14691) to work on /home/airflow/.local/lib/python3.7/site-packages/airflow/example_dags/example_xcomargs.py
[2023-06-13T23:24:55.272+0000] {processor.py:826} INFO - Processing file /home/airflow/.local/lib/python3.7/site-packages/airflow/example_dags/example_xcomargs.py for tasks to queue
[2023-06-13T23:24:55.273+0000] {logging_mixin.py:149} INFO - [2023-06-13T23:24:55.273+0000] {dagbag.py:541} INFO - Filling up the DagBag from /home/airflow/.local/lib/python3.7/site-packages/airflow/example_dags/example_xcomargs.py
[2023-06-13T23:24:55.293+0000] {processor.py:836} INFO - DAG(s) dict_keys(['example_xcom_args', 'example_xcom_args_with_operators']) retrieved from /home/airflow/.local/lib/python3.7/site-packages/airflow/example_dags/example_xcomargs.py
[2023-06-13T23:24:55.359+0000] {logging_mixin.py:149} INFO - [2023-06-13T23:24:55.358+0000] {dag.py:2726} INFO - Sync 2 DAGs
[2023-06-13T23:24:55.411+0000] {logging_mixin.py:149} INFO - [2023-06-13T23:24:55.411+0000] {dag.py:3490} INFO - Setting next_dagrun for example_xcom_args to None, run_after=None
[2023-06-13T23:24:55.419+0000] {logging_mixin.py:149} INFO - [2023-06-13T23:24:55.418+0000] {dag.py:3490} INFO - Setting next_dagrun for example_xcom_args_with_operators to None, run_after=None
[2023-06-13T23:24:55.465+0000] {processor.py:179} INFO - Processing /home/airflow/.local/lib/python3.7/site-packages/airflow/example_dags/example_xcomargs.py took 0.202 seconds
[2023-06-13T23:25:25.706+0000] {processor.py:157} INFO - Started process (PID=14933) to work on /home/airflow/.local/lib/python3.7/site-packages/airflow/example_dags/example_xcomargs.py
[2023-06-13T23:25:25.710+0000] {processor.py:826} INFO - Processing file /home/airflow/.local/lib/python3.7/site-packages/airflow/example_dags/example_xcomargs.py for tasks to queue
[2023-06-13T23:25:25.712+0000] {logging_mixin.py:149} INFO - [2023-06-13T23:25:25.711+0000] {dagbag.py:541} INFO - Filling up the DagBag from /home/airflow/.local/lib/python3.7/site-packages/airflow/example_dags/example_xcomargs.py
[2023-06-13T23:25:25.727+0000] {processor.py:836} INFO - DAG(s) dict_keys(['example_xcom_args', 'example_xcom_args_with_operators']) retrieved from /home/airflow/.local/lib/python3.7/site-packages/airflow/example_dags/example_xcomargs.py
[2023-06-13T23:25:25.792+0000] {logging_mixin.py:149} INFO - [2023-06-13T23:25:25.792+0000] {dag.py:2726} INFO - Sync 2 DAGs
[2023-06-13T23:25:25.833+0000] {logging_mixin.py:149} INFO - [2023-06-13T23:25:25.833+0000] {dag.py:3490} INFO - Setting next_dagrun for example_xcom_args to None, run_after=None
[2023-06-13T23:25:25.840+0000] {logging_mixin.py:149} INFO - [2023-06-13T23:25:25.840+0000] {dag.py:3490} INFO - Setting next_dagrun for example_xcom_args_with_operators to None, run_after=None
[2023-06-13T23:25:25.890+0000] {processor.py:179} INFO - Processing /home/airflow/.local/lib/python3.7/site-packages/airflow/example_dags/example_xcomargs.py took 0.189 seconds
