[2023-06-13T22:54:11.758+0000] {processor.py:157} INFO - Started process (PID=293) to work on /home/airflow/.local/lib/python3.7/site-packages/airflow/example_dags/example_nested_branch_dag.py
[2023-06-13T22:54:11.759+0000] {processor.py:826} INFO - Processing file /home/airflow/.local/lib/python3.7/site-packages/airflow/example_dags/example_nested_branch_dag.py for tasks to queue
[2023-06-13T22:54:11.762+0000] {logging_mixin.py:149} INFO - [2023-06-13T22:54:11.762+0000] {dagbag.py:541} INFO - Filling up the DagBag from /home/airflow/.local/lib/python3.7/site-packages/airflow/example_dags/example_nested_branch_dag.py
[2023-06-13T22:54:11.782+0000] {processor.py:836} INFO - DAG(s) dict_keys(['example_nested_branch_dag']) retrieved from /home/airflow/.local/lib/python3.7/site-packages/airflow/example_dags/example_nested_branch_dag.py
[2023-06-13T22:54:11.865+0000] {logging_mixin.py:149} INFO - [2023-06-13T22:54:11.864+0000] {dag.py:2726} INFO - Sync 1 DAGs
[2023-06-13T22:54:11.921+0000] {logging_mixin.py:149} INFO - [2023-06-13T22:54:11.921+0000] {dag.py:3490} INFO - Setting next_dagrun for example_nested_branch_dag to 2023-06-12T00:00:00+00:00, run_after=2023-06-13T00:00:00+00:00
[2023-06-13T22:54:11.983+0000] {processor.py:179} INFO - Processing /home/airflow/.local/lib/python3.7/site-packages/airflow/example_dags/example_nested_branch_dag.py took 0.237 seconds
[2023-06-13T22:54:44.173+0000] {processor.py:157} INFO - Started process (PID=533) to work on /home/airflow/.local/lib/python3.7/site-packages/airflow/example_dags/example_nested_branch_dag.py
[2023-06-13T22:54:44.179+0000] {processor.py:826} INFO - Processing file /home/airflow/.local/lib/python3.7/site-packages/airflow/example_dags/example_nested_branch_dag.py for tasks to queue
[2023-06-13T22:54:44.180+0000] {logging_mixin.py:149} INFO - [2023-06-13T22:54:44.180+0000] {dagbag.py:541} INFO - Filling up the DagBag from /home/airflow/.local/lib/python3.7/site-packages/airflow/example_dags/example_nested_branch_dag.py
[2023-06-13T22:54:44.201+0000] {processor.py:836} INFO - DAG(s) dict_keys(['example_nested_branch_dag']) retrieved from /home/airflow/.local/lib/python3.7/site-packages/airflow/example_dags/example_nested_branch_dag.py
[2023-06-13T22:54:44.295+0000] {logging_mixin.py:149} INFO - [2023-06-13T22:54:44.294+0000] {dag.py:2726} INFO - Sync 1 DAGs
[2023-06-13T22:54:44.561+0000] {logging_mixin.py:149} INFO - [2023-06-13T22:54:44.561+0000] {dag.py:3490} INFO - Setting next_dagrun for example_nested_branch_dag to 2023-06-12T00:00:00+00:00, run_after=2023-06-13T00:00:00+00:00
[2023-06-13T22:54:44.636+0000] {processor.py:179} INFO - Processing /home/airflow/.local/lib/python3.7/site-packages/airflow/example_dags/example_nested_branch_dag.py took 0.469 seconds
[2023-06-13T22:55:15.539+0000] {processor.py:157} INFO - Started process (PID=773) to work on /home/airflow/.local/lib/python3.7/site-packages/airflow/example_dags/example_nested_branch_dag.py
[2023-06-13T22:55:15.542+0000] {processor.py:826} INFO - Processing file /home/airflow/.local/lib/python3.7/site-packages/airflow/example_dags/example_nested_branch_dag.py for tasks to queue
[2023-06-13T22:55:15.544+0000] {logging_mixin.py:149} INFO - [2023-06-13T22:55:15.543+0000] {dagbag.py:541} INFO - Filling up the DagBag from /home/airflow/.local/lib/python3.7/site-packages/airflow/example_dags/example_nested_branch_dag.py
[2023-06-13T22:55:15.559+0000] {processor.py:836} INFO - DAG(s) dict_keys(['example_nested_branch_dag']) retrieved from /home/airflow/.local/lib/python3.7/site-packages/airflow/example_dags/example_nested_branch_dag.py
[2023-06-13T22:55:15.640+0000] {logging_mixin.py:149} INFO - [2023-06-13T22:55:15.639+0000] {dag.py:2726} INFO - Sync 1 DAGs
[2023-06-13T22:55:15.702+0000] {logging_mixin.py:149} INFO - [2023-06-13T22:55:15.702+0000] {dag.py:3490} INFO - Setting next_dagrun for example_nested_branch_dag to 2023-06-12T00:00:00+00:00, run_after=2023-06-13T00:00:00+00:00
[2023-06-13T22:55:15.758+0000] {processor.py:179} INFO - Processing /home/airflow/.local/lib/python3.7/site-packages/airflow/example_dags/example_nested_branch_dag.py took 0.224 seconds
[2023-06-13T22:55:46.482+0000] {processor.py:157} INFO - Started process (PID=1024) to work on /home/airflow/.local/lib/python3.7/site-packages/airflow/example_dags/example_nested_branch_dag.py
[2023-06-13T22:55:46.486+0000] {processor.py:826} INFO - Processing file /home/airflow/.local/lib/python3.7/site-packages/airflow/example_dags/example_nested_branch_dag.py for tasks to queue
[2023-06-13T22:55:46.488+0000] {logging_mixin.py:149} INFO - [2023-06-13T22:55:46.488+0000] {dagbag.py:541} INFO - Filling up the DagBag from /home/airflow/.local/lib/python3.7/site-packages/airflow/example_dags/example_nested_branch_dag.py
[2023-06-13T22:55:46.506+0000] {processor.py:836} INFO - DAG(s) dict_keys(['example_nested_branch_dag']) retrieved from /home/airflow/.local/lib/python3.7/site-packages/airflow/example_dags/example_nested_branch_dag.py
[2023-06-13T22:55:46.570+0000] {logging_mixin.py:149} INFO - [2023-06-13T22:55:46.569+0000] {dag.py:2726} INFO - Sync 1 DAGs
[2023-06-13T22:55:46.633+0000] {logging_mixin.py:149} INFO - [2023-06-13T22:55:46.633+0000] {dag.py:3490} INFO - Setting next_dagrun for example_nested_branch_dag to 2023-06-12T00:00:00+00:00, run_after=2023-06-13T00:00:00+00:00
[2023-06-13T22:55:46.689+0000] {processor.py:179} INFO - Processing /home/airflow/.local/lib/python3.7/site-packages/airflow/example_dags/example_nested_branch_dag.py took 0.214 seconds
[2023-06-13T22:56:17.492+0000] {processor.py:157} INFO - Started process (PID=1266) to work on /home/airflow/.local/lib/python3.7/site-packages/airflow/example_dags/example_nested_branch_dag.py
[2023-06-13T22:56:17.494+0000] {processor.py:826} INFO - Processing file /home/airflow/.local/lib/python3.7/site-packages/airflow/example_dags/example_nested_branch_dag.py for tasks to queue
[2023-06-13T22:56:17.495+0000] {logging_mixin.py:149} INFO - [2023-06-13T22:56:17.495+0000] {dagbag.py:541} INFO - Filling up the DagBag from /home/airflow/.local/lib/python3.7/site-packages/airflow/example_dags/example_nested_branch_dag.py
[2023-06-13T22:56:17.515+0000] {processor.py:836} INFO - DAG(s) dict_keys(['example_nested_branch_dag']) retrieved from /home/airflow/.local/lib/python3.7/site-packages/airflow/example_dags/example_nested_branch_dag.py
[2023-06-13T22:56:17.586+0000] {logging_mixin.py:149} INFO - [2023-06-13T22:56:17.586+0000] {dag.py:2726} INFO - Sync 1 DAGs
[2023-06-13T22:56:17.641+0000] {logging_mixin.py:149} INFO - [2023-06-13T22:56:17.641+0000] {dag.py:3490} INFO - Setting next_dagrun for example_nested_branch_dag to 2023-06-12T00:00:00+00:00, run_after=2023-06-13T00:00:00+00:00
[2023-06-13T22:56:17.686+0000] {processor.py:179} INFO - Processing /home/airflow/.local/lib/python3.7/site-packages/airflow/example_dags/example_nested_branch_dag.py took 0.200 seconds
[2023-06-13T22:56:47.992+0000] {processor.py:157} INFO - Started process (PID=1504) to work on /home/airflow/.local/lib/python3.7/site-packages/airflow/example_dags/example_nested_branch_dag.py
[2023-06-13T22:56:48.002+0000] {processor.py:826} INFO - Processing file /home/airflow/.local/lib/python3.7/site-packages/airflow/example_dags/example_nested_branch_dag.py for tasks to queue
[2023-06-13T22:56:48.004+0000] {logging_mixin.py:149} INFO - [2023-06-13T22:56:48.003+0000] {dagbag.py:541} INFO - Filling up the DagBag from /home/airflow/.local/lib/python3.7/site-packages/airflow/example_dags/example_nested_branch_dag.py
[2023-06-13T22:56:48.020+0000] {processor.py:836} INFO - DAG(s) dict_keys(['example_nested_branch_dag']) retrieved from /home/airflow/.local/lib/python3.7/site-packages/airflow/example_dags/example_nested_branch_dag.py
[2023-06-13T22:56:48.065+0000] {logging_mixin.py:149} INFO - [2023-06-13T22:56:48.064+0000] {dag.py:2726} INFO - Sync 1 DAGs
[2023-06-13T22:56:48.110+0000] {logging_mixin.py:149} INFO - [2023-06-13T22:56:48.110+0000] {dag.py:3490} INFO - Setting next_dagrun for example_nested_branch_dag to 2023-06-12T00:00:00+00:00, run_after=2023-06-13T00:00:00+00:00
[2023-06-13T22:56:48.151+0000] {processor.py:179} INFO - Processing /home/airflow/.local/lib/python3.7/site-packages/airflow/example_dags/example_nested_branch_dag.py took 0.166 seconds
[2023-06-13T22:57:18.630+0000] {processor.py:157} INFO - Started process (PID=1743) to work on /home/airflow/.local/lib/python3.7/site-packages/airflow/example_dags/example_nested_branch_dag.py
[2023-06-13T22:57:18.633+0000] {processor.py:826} INFO - Processing file /home/airflow/.local/lib/python3.7/site-packages/airflow/example_dags/example_nested_branch_dag.py for tasks to queue
[2023-06-13T22:57:18.634+0000] {logging_mixin.py:149} INFO - [2023-06-13T22:57:18.634+0000] {dagbag.py:541} INFO - Filling up the DagBag from /home/airflow/.local/lib/python3.7/site-packages/airflow/example_dags/example_nested_branch_dag.py
[2023-06-13T22:57:18.651+0000] {processor.py:836} INFO - DAG(s) dict_keys(['example_nested_branch_dag']) retrieved from /home/airflow/.local/lib/python3.7/site-packages/airflow/example_dags/example_nested_branch_dag.py
[2023-06-13T22:57:18.719+0000] {logging_mixin.py:149} INFO - [2023-06-13T22:57:18.719+0000] {dag.py:2726} INFO - Sync 1 DAGs
[2023-06-13T22:57:18.809+0000] {logging_mixin.py:149} INFO - [2023-06-13T22:57:18.809+0000] {dag.py:3490} INFO - Setting next_dagrun for example_nested_branch_dag to 2023-06-12T00:00:00+00:00, run_after=2023-06-13T00:00:00+00:00
[2023-06-13T22:57:18.890+0000] {processor.py:179} INFO - Processing /home/airflow/.local/lib/python3.7/site-packages/airflow/example_dags/example_nested_branch_dag.py took 0.265 seconds
[2023-06-13T22:57:49.541+0000] {processor.py:157} INFO - Started process (PID=1985) to work on /home/airflow/.local/lib/python3.7/site-packages/airflow/example_dags/example_nested_branch_dag.py
[2023-06-13T22:57:49.543+0000] {processor.py:826} INFO - Processing file /home/airflow/.local/lib/python3.7/site-packages/airflow/example_dags/example_nested_branch_dag.py for tasks to queue
[2023-06-13T22:57:49.545+0000] {logging_mixin.py:149} INFO - [2023-06-13T22:57:49.544+0000] {dagbag.py:541} INFO - Filling up the DagBag from /home/airflow/.local/lib/python3.7/site-packages/airflow/example_dags/example_nested_branch_dag.py
[2023-06-13T22:57:49.574+0000] {processor.py:836} INFO - DAG(s) dict_keys(['example_nested_branch_dag']) retrieved from /home/airflow/.local/lib/python3.7/site-packages/airflow/example_dags/example_nested_branch_dag.py
[2023-06-13T22:57:49.636+0000] {logging_mixin.py:149} INFO - [2023-06-13T22:57:49.636+0000] {dag.py:2726} INFO - Sync 1 DAGs
[2023-06-13T22:57:49.709+0000] {logging_mixin.py:149} INFO - [2023-06-13T22:57:49.709+0000] {dag.py:3490} INFO - Setting next_dagrun for example_nested_branch_dag to 2023-06-12T00:00:00+00:00, run_after=2023-06-13T00:00:00+00:00
[2023-06-13T22:57:49.752+0000] {processor.py:179} INFO - Processing /home/airflow/.local/lib/python3.7/site-packages/airflow/example_dags/example_nested_branch_dag.py took 0.219 seconds
[2023-06-13T22:58:20.121+0000] {processor.py:157} INFO - Started process (PID=2222) to work on /home/airflow/.local/lib/python3.7/site-packages/airflow/example_dags/example_nested_branch_dag.py
[2023-06-13T22:58:20.124+0000] {processor.py:826} INFO - Processing file /home/airflow/.local/lib/python3.7/site-packages/airflow/example_dags/example_nested_branch_dag.py for tasks to queue
[2023-06-13T22:58:20.125+0000] {logging_mixin.py:149} INFO - [2023-06-13T22:58:20.125+0000] {dagbag.py:541} INFO - Filling up the DagBag from /home/airflow/.local/lib/python3.7/site-packages/airflow/example_dags/example_nested_branch_dag.py
[2023-06-13T22:58:20.142+0000] {processor.py:836} INFO - DAG(s) dict_keys(['example_nested_branch_dag']) retrieved from /home/airflow/.local/lib/python3.7/site-packages/airflow/example_dags/example_nested_branch_dag.py
[2023-06-13T22:58:20.197+0000] {logging_mixin.py:149} INFO - [2023-06-13T22:58:20.196+0000] {dag.py:2726} INFO - Sync 1 DAGs
[2023-06-13T22:58:20.255+0000] {logging_mixin.py:149} INFO - [2023-06-13T22:58:20.254+0000] {dag.py:3490} INFO - Setting next_dagrun for example_nested_branch_dag to 2023-06-12T00:00:00+00:00, run_after=2023-06-13T00:00:00+00:00
[2023-06-13T22:58:20.327+0000] {processor.py:179} INFO - Processing /home/airflow/.local/lib/python3.7/site-packages/airflow/example_dags/example_nested_branch_dag.py took 0.210 seconds
[2023-06-13T22:58:51.127+0000] {processor.py:157} INFO - Started process (PID=2463) to work on /home/airflow/.local/lib/python3.7/site-packages/airflow/example_dags/example_nested_branch_dag.py
[2023-06-13T22:58:51.130+0000] {processor.py:826} INFO - Processing file /home/airflow/.local/lib/python3.7/site-packages/airflow/example_dags/example_nested_branch_dag.py for tasks to queue
[2023-06-13T22:58:51.132+0000] {logging_mixin.py:149} INFO - [2023-06-13T22:58:51.131+0000] {dagbag.py:541} INFO - Filling up the DagBag from /home/airflow/.local/lib/python3.7/site-packages/airflow/example_dags/example_nested_branch_dag.py
[2023-06-13T22:58:51.154+0000] {processor.py:836} INFO - DAG(s) dict_keys(['example_nested_branch_dag']) retrieved from /home/airflow/.local/lib/python3.7/site-packages/airflow/example_dags/example_nested_branch_dag.py
[2023-06-13T22:58:51.233+0000] {logging_mixin.py:149} INFO - [2023-06-13T22:58:51.233+0000] {dag.py:2726} INFO - Sync 1 DAGs
[2023-06-13T22:58:51.305+0000] {logging_mixin.py:149} INFO - [2023-06-13T22:58:51.304+0000] {dag.py:3490} INFO - Setting next_dagrun for example_nested_branch_dag to 2023-06-12T00:00:00+00:00, run_after=2023-06-13T00:00:00+00:00
[2023-06-13T22:58:51.369+0000] {processor.py:179} INFO - Processing /home/airflow/.local/lib/python3.7/site-packages/airflow/example_dags/example_nested_branch_dag.py took 0.249 seconds
[2023-06-13T22:59:21.492+0000] {processor.py:157} INFO - Started process (PID=2700) to work on /home/airflow/.local/lib/python3.7/site-packages/airflow/example_dags/example_nested_branch_dag.py
[2023-06-13T22:59:21.494+0000] {processor.py:826} INFO - Processing file /home/airflow/.local/lib/python3.7/site-packages/airflow/example_dags/example_nested_branch_dag.py for tasks to queue
[2023-06-13T22:59:21.495+0000] {logging_mixin.py:149} INFO - [2023-06-13T22:59:21.495+0000] {dagbag.py:541} INFO - Filling up the DagBag from /home/airflow/.local/lib/python3.7/site-packages/airflow/example_dags/example_nested_branch_dag.py
[2023-06-13T22:59:21.517+0000] {processor.py:836} INFO - DAG(s) dict_keys(['example_nested_branch_dag']) retrieved from /home/airflow/.local/lib/python3.7/site-packages/airflow/example_dags/example_nested_branch_dag.py
[2023-06-13T22:59:21.585+0000] {logging_mixin.py:149} INFO - [2023-06-13T22:59:21.585+0000] {dag.py:2726} INFO - Sync 1 DAGs
[2023-06-13T22:59:21.641+0000] {logging_mixin.py:149} INFO - [2023-06-13T22:59:21.641+0000] {dag.py:3490} INFO - Setting next_dagrun for example_nested_branch_dag to 2023-06-12T00:00:00+00:00, run_after=2023-06-13T00:00:00+00:00
[2023-06-13T22:59:21.704+0000] {processor.py:179} INFO - Processing /home/airflow/.local/lib/python3.7/site-packages/airflow/example_dags/example_nested_branch_dag.py took 0.220 seconds
[2023-06-13T22:59:52.307+0000] {processor.py:157} INFO - Started process (PID=2940) to work on /home/airflow/.local/lib/python3.7/site-packages/airflow/example_dags/example_nested_branch_dag.py
[2023-06-13T22:59:52.309+0000] {processor.py:826} INFO - Processing file /home/airflow/.local/lib/python3.7/site-packages/airflow/example_dags/example_nested_branch_dag.py for tasks to queue
[2023-06-13T22:59:52.310+0000] {logging_mixin.py:149} INFO - [2023-06-13T22:59:52.310+0000] {dagbag.py:541} INFO - Filling up the DagBag from /home/airflow/.local/lib/python3.7/site-packages/airflow/example_dags/example_nested_branch_dag.py
[2023-06-13T22:59:52.331+0000] {processor.py:836} INFO - DAG(s) dict_keys(['example_nested_branch_dag']) retrieved from /home/airflow/.local/lib/python3.7/site-packages/airflow/example_dags/example_nested_branch_dag.py
[2023-06-13T22:59:52.398+0000] {logging_mixin.py:149} INFO - [2023-06-13T22:59:52.398+0000] {dag.py:2726} INFO - Sync 1 DAGs
[2023-06-13T22:59:52.452+0000] {logging_mixin.py:149} INFO - [2023-06-13T22:59:52.452+0000] {dag.py:3490} INFO - Setting next_dagrun for example_nested_branch_dag to 2023-06-12T00:00:00+00:00, run_after=2023-06-13T00:00:00+00:00
[2023-06-13T22:59:52.501+0000] {processor.py:179} INFO - Processing /home/airflow/.local/lib/python3.7/site-packages/airflow/example_dags/example_nested_branch_dag.py took 0.201 seconds
[2023-06-13T23:00:23.039+0000] {processor.py:157} INFO - Started process (PID=3180) to work on /home/airflow/.local/lib/python3.7/site-packages/airflow/example_dags/example_nested_branch_dag.py
[2023-06-13T23:00:23.043+0000] {processor.py:826} INFO - Processing file /home/airflow/.local/lib/python3.7/site-packages/airflow/example_dags/example_nested_branch_dag.py for tasks to queue
[2023-06-13T23:00:23.045+0000] {logging_mixin.py:149} INFO - [2023-06-13T23:00:23.044+0000] {dagbag.py:541} INFO - Filling up the DagBag from /home/airflow/.local/lib/python3.7/site-packages/airflow/example_dags/example_nested_branch_dag.py
[2023-06-13T23:00:23.065+0000] {processor.py:836} INFO - DAG(s) dict_keys(['example_nested_branch_dag']) retrieved from /home/airflow/.local/lib/python3.7/site-packages/airflow/example_dags/example_nested_branch_dag.py
[2023-06-13T23:00:23.143+0000] {logging_mixin.py:149} INFO - [2023-06-13T23:00:23.143+0000] {dag.py:2726} INFO - Sync 1 DAGs
[2023-06-13T23:00:23.224+0000] {logging_mixin.py:149} INFO - [2023-06-13T23:00:23.224+0000] {dag.py:3490} INFO - Setting next_dagrun for example_nested_branch_dag to 2023-06-12T00:00:00+00:00, run_after=2023-06-13T00:00:00+00:00
[2023-06-13T23:00:23.289+0000] {processor.py:179} INFO - Processing /home/airflow/.local/lib/python3.7/site-packages/airflow/example_dags/example_nested_branch_dag.py took 0.257 seconds
[2023-06-13T23:00:53.807+0000] {processor.py:157} INFO - Started process (PID=3420) to work on /home/airflow/.local/lib/python3.7/site-packages/airflow/example_dags/example_nested_branch_dag.py
[2023-06-13T23:00:53.809+0000] {processor.py:826} INFO - Processing file /home/airflow/.local/lib/python3.7/site-packages/airflow/example_dags/example_nested_branch_dag.py for tasks to queue
[2023-06-13T23:00:53.811+0000] {logging_mixin.py:149} INFO - [2023-06-13T23:00:53.810+0000] {dagbag.py:541} INFO - Filling up the DagBag from /home/airflow/.local/lib/python3.7/site-packages/airflow/example_dags/example_nested_branch_dag.py
[2023-06-13T23:00:53.829+0000] {processor.py:836} INFO - DAG(s) dict_keys(['example_nested_branch_dag']) retrieved from /home/airflow/.local/lib/python3.7/site-packages/airflow/example_dags/example_nested_branch_dag.py
[2023-06-13T23:00:53.890+0000] {logging_mixin.py:149} INFO - [2023-06-13T23:00:53.889+0000] {dag.py:2726} INFO - Sync 1 DAGs
[2023-06-13T23:00:53.941+0000] {logging_mixin.py:149} INFO - [2023-06-13T23:00:53.940+0000] {dag.py:3490} INFO - Setting next_dagrun for example_nested_branch_dag to 2023-06-12T00:00:00+00:00, run_after=2023-06-13T00:00:00+00:00
[2023-06-13T23:00:53.996+0000] {processor.py:179} INFO - Processing /home/airflow/.local/lib/python3.7/site-packages/airflow/example_dags/example_nested_branch_dag.py took 0.193 seconds
[2023-06-13T23:01:24.678+0000] {processor.py:157} INFO - Started process (PID=3660) to work on /home/airflow/.local/lib/python3.7/site-packages/airflow/example_dags/example_nested_branch_dag.py
[2023-06-13T23:01:24.683+0000] {processor.py:826} INFO - Processing file /home/airflow/.local/lib/python3.7/site-packages/airflow/example_dags/example_nested_branch_dag.py for tasks to queue
[2023-06-13T23:01:24.686+0000] {logging_mixin.py:149} INFO - [2023-06-13T23:01:24.685+0000] {dagbag.py:541} INFO - Filling up the DagBag from /home/airflow/.local/lib/python3.7/site-packages/airflow/example_dags/example_nested_branch_dag.py
[2023-06-13T23:01:24.725+0000] {processor.py:836} INFO - DAG(s) dict_keys(['example_nested_branch_dag']) retrieved from /home/airflow/.local/lib/python3.7/site-packages/airflow/example_dags/example_nested_branch_dag.py
[2023-06-13T23:01:24.844+0000] {logging_mixin.py:149} INFO - [2023-06-13T23:01:24.843+0000] {dag.py:2726} INFO - Sync 1 DAGs
[2023-06-13T23:01:24.926+0000] {logging_mixin.py:149} INFO - [2023-06-13T23:01:24.925+0000] {dag.py:3490} INFO - Setting next_dagrun for example_nested_branch_dag to 2023-06-12T00:00:00+00:00, run_after=2023-06-13T00:00:00+00:00
[2023-06-13T23:01:24.973+0000] {processor.py:179} INFO - Processing /home/airflow/.local/lib/python3.7/site-packages/airflow/example_dags/example_nested_branch_dag.py took 0.306 seconds
[2023-06-13T23:01:55.627+0000] {processor.py:157} INFO - Started process (PID=3908) to work on /home/airflow/.local/lib/python3.7/site-packages/airflow/example_dags/example_nested_branch_dag.py
[2023-06-13T23:01:55.629+0000] {processor.py:826} INFO - Processing file /home/airflow/.local/lib/python3.7/site-packages/airflow/example_dags/example_nested_branch_dag.py for tasks to queue
[2023-06-13T23:01:55.630+0000] {logging_mixin.py:149} INFO - [2023-06-13T23:01:55.630+0000] {dagbag.py:541} INFO - Filling up the DagBag from /home/airflow/.local/lib/python3.7/site-packages/airflow/example_dags/example_nested_branch_dag.py
[2023-06-13T23:01:55.648+0000] {processor.py:836} INFO - DAG(s) dict_keys(['example_nested_branch_dag']) retrieved from /home/airflow/.local/lib/python3.7/site-packages/airflow/example_dags/example_nested_branch_dag.py
[2023-06-13T23:01:55.704+0000] {logging_mixin.py:149} INFO - [2023-06-13T23:01:55.703+0000] {dag.py:2726} INFO - Sync 1 DAGs
[2023-06-13T23:01:55.757+0000] {logging_mixin.py:149} INFO - [2023-06-13T23:01:55.756+0000] {dag.py:3490} INFO - Setting next_dagrun for example_nested_branch_dag to 2023-06-12T00:00:00+00:00, run_after=2023-06-13T00:00:00+00:00
[2023-06-13T23:01:55.802+0000] {processor.py:179} INFO - Processing /home/airflow/.local/lib/python3.7/site-packages/airflow/example_dags/example_nested_branch_dag.py took 0.181 seconds
[2023-06-13T23:02:25.954+0000] {processor.py:157} INFO - Started process (PID=4148) to work on /home/airflow/.local/lib/python3.7/site-packages/airflow/example_dags/example_nested_branch_dag.py
[2023-06-13T23:02:25.956+0000] {processor.py:826} INFO - Processing file /home/airflow/.local/lib/python3.7/site-packages/airflow/example_dags/example_nested_branch_dag.py for tasks to queue
[2023-06-13T23:02:25.958+0000] {logging_mixin.py:149} INFO - [2023-06-13T23:02:25.958+0000] {dagbag.py:541} INFO - Filling up the DagBag from /home/airflow/.local/lib/python3.7/site-packages/airflow/example_dags/example_nested_branch_dag.py
[2023-06-13T23:02:25.989+0000] {processor.py:836} INFO - DAG(s) dict_keys(['example_nested_branch_dag']) retrieved from /home/airflow/.local/lib/python3.7/site-packages/airflow/example_dags/example_nested_branch_dag.py
[2023-06-13T23:02:26.062+0000] {logging_mixin.py:149} INFO - [2023-06-13T23:02:26.061+0000] {dag.py:2726} INFO - Sync 1 DAGs
[2023-06-13T23:02:26.125+0000] {logging_mixin.py:149} INFO - [2023-06-13T23:02:26.124+0000] {dag.py:3490} INFO - Setting next_dagrun for example_nested_branch_dag to 2023-06-12T00:00:00+00:00, run_after=2023-06-13T00:00:00+00:00
[2023-06-13T23:02:26.199+0000] {processor.py:179} INFO - Processing /home/airflow/.local/lib/python3.7/site-packages/airflow/example_dags/example_nested_branch_dag.py took 0.252 seconds
[2023-06-13T23:02:56.605+0000] {processor.py:157} INFO - Started process (PID=4385) to work on /home/airflow/.local/lib/python3.7/site-packages/airflow/example_dags/example_nested_branch_dag.py
[2023-06-13T23:02:56.607+0000] {processor.py:826} INFO - Processing file /home/airflow/.local/lib/python3.7/site-packages/airflow/example_dags/example_nested_branch_dag.py for tasks to queue
[2023-06-13T23:02:56.608+0000] {logging_mixin.py:149} INFO - [2023-06-13T23:02:56.608+0000] {dagbag.py:541} INFO - Filling up the DagBag from /home/airflow/.local/lib/python3.7/site-packages/airflow/example_dags/example_nested_branch_dag.py
[2023-06-13T23:02:56.618+0000] {processor.py:836} INFO - DAG(s) dict_keys(['example_nested_branch_dag']) retrieved from /home/airflow/.local/lib/python3.7/site-packages/airflow/example_dags/example_nested_branch_dag.py
[2023-06-13T23:02:56.661+0000] {logging_mixin.py:149} INFO - [2023-06-13T23:02:56.660+0000] {dag.py:2726} INFO - Sync 1 DAGs
[2023-06-13T23:02:56.699+0000] {logging_mixin.py:149} INFO - [2023-06-13T23:02:56.699+0000] {dag.py:3490} INFO - Setting next_dagrun for example_nested_branch_dag to 2023-06-12T00:00:00+00:00, run_after=2023-06-13T00:00:00+00:00
[2023-06-13T23:02:56.739+0000] {processor.py:179} INFO - Processing /home/airflow/.local/lib/python3.7/site-packages/airflow/example_dags/example_nested_branch_dag.py took 0.137 seconds
[2023-06-13T23:03:27.163+0000] {processor.py:157} INFO - Started process (PID=4627) to work on /home/airflow/.local/lib/python3.7/site-packages/airflow/example_dags/example_nested_branch_dag.py
[2023-06-13T23:03:27.165+0000] {processor.py:826} INFO - Processing file /home/airflow/.local/lib/python3.7/site-packages/airflow/example_dags/example_nested_branch_dag.py for tasks to queue
[2023-06-13T23:03:27.165+0000] {logging_mixin.py:149} INFO - [2023-06-13T23:03:27.165+0000] {dagbag.py:541} INFO - Filling up the DagBag from /home/airflow/.local/lib/python3.7/site-packages/airflow/example_dags/example_nested_branch_dag.py
[2023-06-13T23:03:27.177+0000] {processor.py:836} INFO - DAG(s) dict_keys(['example_nested_branch_dag']) retrieved from /home/airflow/.local/lib/python3.7/site-packages/airflow/example_dags/example_nested_branch_dag.py
[2023-06-13T23:03:27.217+0000] {logging_mixin.py:149} INFO - [2023-06-13T23:03:27.217+0000] {dag.py:2726} INFO - Sync 1 DAGs
[2023-06-13T23:03:27.255+0000] {logging_mixin.py:149} INFO - [2023-06-13T23:03:27.254+0000] {dag.py:3490} INFO - Setting next_dagrun for example_nested_branch_dag to 2023-06-12T00:00:00+00:00, run_after=2023-06-13T00:00:00+00:00
[2023-06-13T23:03:27.289+0000] {processor.py:179} INFO - Processing /home/airflow/.local/lib/python3.7/site-packages/airflow/example_dags/example_nested_branch_dag.py took 0.131 seconds
[2023-06-13T23:03:57.619+0000] {processor.py:157} INFO - Started process (PID=4865) to work on /home/airflow/.local/lib/python3.7/site-packages/airflow/example_dags/example_nested_branch_dag.py
[2023-06-13T23:03:57.621+0000] {processor.py:826} INFO - Processing file /home/airflow/.local/lib/python3.7/site-packages/airflow/example_dags/example_nested_branch_dag.py for tasks to queue
[2023-06-13T23:03:57.622+0000] {logging_mixin.py:149} INFO - [2023-06-13T23:03:57.622+0000] {dagbag.py:541} INFO - Filling up the DagBag from /home/airflow/.local/lib/python3.7/site-packages/airflow/example_dags/example_nested_branch_dag.py
[2023-06-13T23:03:57.636+0000] {processor.py:836} INFO - DAG(s) dict_keys(['example_nested_branch_dag']) retrieved from /home/airflow/.local/lib/python3.7/site-packages/airflow/example_dags/example_nested_branch_dag.py
[2023-06-13T23:03:57.700+0000] {logging_mixin.py:149} INFO - [2023-06-13T23:03:57.700+0000] {dag.py:2726} INFO - Sync 1 DAGs
[2023-06-13T23:03:57.746+0000] {logging_mixin.py:149} INFO - [2023-06-13T23:03:57.745+0000] {dag.py:3490} INFO - Setting next_dagrun for example_nested_branch_dag to 2023-06-12T00:00:00+00:00, run_after=2023-06-13T00:00:00+00:00
[2023-06-13T23:03:57.794+0000] {processor.py:179} INFO - Processing /home/airflow/.local/lib/python3.7/site-packages/airflow/example_dags/example_nested_branch_dag.py took 0.178 seconds
[2023-06-13T23:04:28.883+0000] {processor.py:157} INFO - Started process (PID=5107) to work on /home/airflow/.local/lib/python3.7/site-packages/airflow/example_dags/example_nested_branch_dag.py
[2023-06-13T23:04:28.885+0000] {processor.py:826} INFO - Processing file /home/airflow/.local/lib/python3.7/site-packages/airflow/example_dags/example_nested_branch_dag.py for tasks to queue
[2023-06-13T23:04:28.887+0000] {logging_mixin.py:149} INFO - [2023-06-13T23:04:28.886+0000] {dagbag.py:541} INFO - Filling up the DagBag from /home/airflow/.local/lib/python3.7/site-packages/airflow/example_dags/example_nested_branch_dag.py
[2023-06-13T23:04:28.905+0000] {processor.py:836} INFO - DAG(s) dict_keys(['example_nested_branch_dag']) retrieved from /home/airflow/.local/lib/python3.7/site-packages/airflow/example_dags/example_nested_branch_dag.py
[2023-06-13T23:04:28.951+0000] {logging_mixin.py:149} INFO - [2023-06-13T23:04:28.950+0000] {dag.py:2726} INFO - Sync 1 DAGs
[2023-06-13T23:04:29.002+0000] {logging_mixin.py:149} INFO - [2023-06-13T23:04:29.001+0000] {dag.py:3490} INFO - Setting next_dagrun for example_nested_branch_dag to 2023-06-12T00:00:00+00:00, run_after=2023-06-13T00:00:00+00:00
[2023-06-13T23:04:29.037+0000] {processor.py:179} INFO - Processing /home/airflow/.local/lib/python3.7/site-packages/airflow/example_dags/example_nested_branch_dag.py took 0.159 seconds
[2023-06-13T23:04:59.588+0000] {processor.py:157} INFO - Started process (PID=5345) to work on /home/airflow/.local/lib/python3.7/site-packages/airflow/example_dags/example_nested_branch_dag.py
[2023-06-13T23:04:59.590+0000] {processor.py:826} INFO - Processing file /home/airflow/.local/lib/python3.7/site-packages/airflow/example_dags/example_nested_branch_dag.py for tasks to queue
[2023-06-13T23:04:59.591+0000] {logging_mixin.py:149} INFO - [2023-06-13T23:04:59.591+0000] {dagbag.py:541} INFO - Filling up the DagBag from /home/airflow/.local/lib/python3.7/site-packages/airflow/example_dags/example_nested_branch_dag.py
[2023-06-13T23:04:59.605+0000] {processor.py:836} INFO - DAG(s) dict_keys(['example_nested_branch_dag']) retrieved from /home/airflow/.local/lib/python3.7/site-packages/airflow/example_dags/example_nested_branch_dag.py
[2023-06-13T23:04:59.669+0000] {logging_mixin.py:149} INFO - [2023-06-13T23:04:59.669+0000] {dag.py:2726} INFO - Sync 1 DAGs
[2023-06-13T23:04:59.730+0000] {logging_mixin.py:149} INFO - [2023-06-13T23:04:59.730+0000] {dag.py:3490} INFO - Setting next_dagrun for example_nested_branch_dag to 2023-06-12T00:00:00+00:00, run_after=2023-06-13T00:00:00+00:00
[2023-06-13T23:04:59.808+0000] {processor.py:179} INFO - Processing /home/airflow/.local/lib/python3.7/site-packages/airflow/example_dags/example_nested_branch_dag.py took 0.226 seconds
[2023-06-13T23:05:30.375+0000] {processor.py:157} INFO - Started process (PID=5585) to work on /home/airflow/.local/lib/python3.7/site-packages/airflow/example_dags/example_nested_branch_dag.py
[2023-06-13T23:05:30.378+0000] {processor.py:826} INFO - Processing file /home/airflow/.local/lib/python3.7/site-packages/airflow/example_dags/example_nested_branch_dag.py for tasks to queue
[2023-06-13T23:05:30.380+0000] {logging_mixin.py:149} INFO - [2023-06-13T23:05:30.380+0000] {dagbag.py:541} INFO - Filling up the DagBag from /home/airflow/.local/lib/python3.7/site-packages/airflow/example_dags/example_nested_branch_dag.py
[2023-06-13T23:05:30.399+0000] {processor.py:836} INFO - DAG(s) dict_keys(['example_nested_branch_dag']) retrieved from /home/airflow/.local/lib/python3.7/site-packages/airflow/example_dags/example_nested_branch_dag.py
[2023-06-13T23:05:30.466+0000] {logging_mixin.py:149} INFO - [2023-06-13T23:05:30.466+0000] {dag.py:2726} INFO - Sync 1 DAGs
[2023-06-13T23:05:30.530+0000] {logging_mixin.py:149} INFO - [2023-06-13T23:05:30.530+0000] {dag.py:3490} INFO - Setting next_dagrun for example_nested_branch_dag to 2023-06-12T00:00:00+00:00, run_after=2023-06-13T00:00:00+00:00
[2023-06-13T23:05:30.593+0000] {processor.py:179} INFO - Processing /home/airflow/.local/lib/python3.7/site-packages/airflow/example_dags/example_nested_branch_dag.py took 0.223 seconds
[2023-06-13T23:06:01.129+0000] {processor.py:157} INFO - Started process (PID=5825) to work on /home/airflow/.local/lib/python3.7/site-packages/airflow/example_dags/example_nested_branch_dag.py
[2023-06-13T23:06:01.132+0000] {processor.py:826} INFO - Processing file /home/airflow/.local/lib/python3.7/site-packages/airflow/example_dags/example_nested_branch_dag.py for tasks to queue
[2023-06-13T23:06:01.134+0000] {logging_mixin.py:149} INFO - [2023-06-13T23:06:01.133+0000] {dagbag.py:541} INFO - Filling up the DagBag from /home/airflow/.local/lib/python3.7/site-packages/airflow/example_dags/example_nested_branch_dag.py
[2023-06-13T23:06:01.154+0000] {processor.py:836} INFO - DAG(s) dict_keys(['example_nested_branch_dag']) retrieved from /home/airflow/.local/lib/python3.7/site-packages/airflow/example_dags/example_nested_branch_dag.py
[2023-06-13T23:06:01.206+0000] {logging_mixin.py:149} INFO - [2023-06-13T23:06:01.205+0000] {dag.py:2726} INFO - Sync 1 DAGs
[2023-06-13T23:06:01.256+0000] {logging_mixin.py:149} INFO - [2023-06-13T23:06:01.255+0000] {dag.py:3490} INFO - Setting next_dagrun for example_nested_branch_dag to 2023-06-12T00:00:00+00:00, run_after=2023-06-13T00:00:00+00:00
[2023-06-13T23:06:01.319+0000] {processor.py:179} INFO - Processing /home/airflow/.local/lib/python3.7/site-packages/airflow/example_dags/example_nested_branch_dag.py took 0.194 seconds
[2023-06-13T23:06:31.521+0000] {processor.py:157} INFO - Started process (PID=6065) to work on /home/airflow/.local/lib/python3.7/site-packages/airflow/example_dags/example_nested_branch_dag.py
[2023-06-13T23:06:31.525+0000] {processor.py:826} INFO - Processing file /home/airflow/.local/lib/python3.7/site-packages/airflow/example_dags/example_nested_branch_dag.py for tasks to queue
[2023-06-13T23:06:31.526+0000] {logging_mixin.py:149} INFO - [2023-06-13T23:06:31.526+0000] {dagbag.py:541} INFO - Filling up the DagBag from /home/airflow/.local/lib/python3.7/site-packages/airflow/example_dags/example_nested_branch_dag.py
[2023-06-13T23:06:31.543+0000] {processor.py:836} INFO - DAG(s) dict_keys(['example_nested_branch_dag']) retrieved from /home/airflow/.local/lib/python3.7/site-packages/airflow/example_dags/example_nested_branch_dag.py
[2023-06-13T23:06:31.621+0000] {logging_mixin.py:149} INFO - [2023-06-13T23:06:31.620+0000] {dag.py:2726} INFO - Sync 1 DAGs
[2023-06-13T23:06:31.678+0000] {logging_mixin.py:149} INFO - [2023-06-13T23:06:31.678+0000] {dag.py:3490} INFO - Setting next_dagrun for example_nested_branch_dag to 2023-06-12T00:00:00+00:00, run_after=2023-06-13T00:00:00+00:00
[2023-06-13T23:06:31.743+0000] {processor.py:179} INFO - Processing /home/airflow/.local/lib/python3.7/site-packages/airflow/example_dags/example_nested_branch_dag.py took 0.229 seconds
[2023-06-13T23:07:02.310+0000] {processor.py:157} INFO - Started process (PID=6306) to work on /home/airflow/.local/lib/python3.7/site-packages/airflow/example_dags/example_nested_branch_dag.py
[2023-06-13T23:07:02.316+0000] {processor.py:826} INFO - Processing file /home/airflow/.local/lib/python3.7/site-packages/airflow/example_dags/example_nested_branch_dag.py for tasks to queue
[2023-06-13T23:07:02.317+0000] {logging_mixin.py:149} INFO - [2023-06-13T23:07:02.317+0000] {dagbag.py:541} INFO - Filling up the DagBag from /home/airflow/.local/lib/python3.7/site-packages/airflow/example_dags/example_nested_branch_dag.py
[2023-06-13T23:07:02.330+0000] {processor.py:836} INFO - DAG(s) dict_keys(['example_nested_branch_dag']) retrieved from /home/airflow/.local/lib/python3.7/site-packages/airflow/example_dags/example_nested_branch_dag.py
[2023-06-13T23:07:02.400+0000] {logging_mixin.py:149} INFO - [2023-06-13T23:07:02.400+0000] {dag.py:2726} INFO - Sync 1 DAGs
[2023-06-13T23:07:02.452+0000] {logging_mixin.py:149} INFO - [2023-06-13T23:07:02.451+0000] {dag.py:3490} INFO - Setting next_dagrun for example_nested_branch_dag to 2023-06-12T00:00:00+00:00, run_after=2023-06-13T00:00:00+00:00
[2023-06-13T23:07:02.531+0000] {processor.py:179} INFO - Processing /home/airflow/.local/lib/python3.7/site-packages/airflow/example_dags/example_nested_branch_dag.py took 0.226 seconds
[2023-06-13T23:07:32.658+0000] {processor.py:157} INFO - Started process (PID=6545) to work on /home/airflow/.local/lib/python3.7/site-packages/airflow/example_dags/example_nested_branch_dag.py
[2023-06-13T23:07:32.660+0000] {processor.py:826} INFO - Processing file /home/airflow/.local/lib/python3.7/site-packages/airflow/example_dags/example_nested_branch_dag.py for tasks to queue
[2023-06-13T23:07:32.661+0000] {logging_mixin.py:149} INFO - [2023-06-13T23:07:32.661+0000] {dagbag.py:541} INFO - Filling up the DagBag from /home/airflow/.local/lib/python3.7/site-packages/airflow/example_dags/example_nested_branch_dag.py
[2023-06-13T23:07:32.678+0000] {processor.py:836} INFO - DAG(s) dict_keys(['example_nested_branch_dag']) retrieved from /home/airflow/.local/lib/python3.7/site-packages/airflow/example_dags/example_nested_branch_dag.py
[2023-06-13T23:07:32.732+0000] {logging_mixin.py:149} INFO - [2023-06-13T23:07:32.732+0000] {dag.py:2726} INFO - Sync 1 DAGs
[2023-06-13T23:07:32.777+0000] {logging_mixin.py:149} INFO - [2023-06-13T23:07:32.776+0000] {dag.py:3490} INFO - Setting next_dagrun for example_nested_branch_dag to 2023-06-12T00:00:00+00:00, run_after=2023-06-13T00:00:00+00:00
[2023-06-13T23:07:32.834+0000] {processor.py:179} INFO - Processing /home/airflow/.local/lib/python3.7/site-packages/airflow/example_dags/example_nested_branch_dag.py took 0.180 seconds
[2023-06-13T23:08:03.130+0000] {processor.py:157} INFO - Started process (PID=6784) to work on /home/airflow/.local/lib/python3.7/site-packages/airflow/example_dags/example_nested_branch_dag.py
[2023-06-13T23:08:03.134+0000] {processor.py:826} INFO - Processing file /home/airflow/.local/lib/python3.7/site-packages/airflow/example_dags/example_nested_branch_dag.py for tasks to queue
[2023-06-13T23:08:03.135+0000] {logging_mixin.py:149} INFO - [2023-06-13T23:08:03.135+0000] {dagbag.py:541} INFO - Filling up the DagBag from /home/airflow/.local/lib/python3.7/site-packages/airflow/example_dags/example_nested_branch_dag.py
[2023-06-13T23:08:03.149+0000] {processor.py:836} INFO - DAG(s) dict_keys(['example_nested_branch_dag']) retrieved from /home/airflow/.local/lib/python3.7/site-packages/airflow/example_dags/example_nested_branch_dag.py
[2023-06-13T23:08:03.195+0000] {logging_mixin.py:149} INFO - [2023-06-13T23:08:03.195+0000] {dag.py:2726} INFO - Sync 1 DAGs
[2023-06-13T23:08:03.238+0000] {logging_mixin.py:149} INFO - [2023-06-13T23:08:03.238+0000] {dag.py:3490} INFO - Setting next_dagrun for example_nested_branch_dag to 2023-06-12T00:00:00+00:00, run_after=2023-06-13T00:00:00+00:00
[2023-06-13T23:08:03.289+0000] {processor.py:179} INFO - Processing /home/airflow/.local/lib/python3.7/site-packages/airflow/example_dags/example_nested_branch_dag.py took 0.163 seconds
[2023-06-13T23:08:33.496+0000] {processor.py:157} INFO - Started process (PID=7023) to work on /home/airflow/.local/lib/python3.7/site-packages/airflow/example_dags/example_nested_branch_dag.py
[2023-06-13T23:08:33.499+0000] {processor.py:826} INFO - Processing file /home/airflow/.local/lib/python3.7/site-packages/airflow/example_dags/example_nested_branch_dag.py for tasks to queue
[2023-06-13T23:08:33.500+0000] {logging_mixin.py:149} INFO - [2023-06-13T23:08:33.500+0000] {dagbag.py:541} INFO - Filling up the DagBag from /home/airflow/.local/lib/python3.7/site-packages/airflow/example_dags/example_nested_branch_dag.py
[2023-06-13T23:08:33.522+0000] {processor.py:836} INFO - DAG(s) dict_keys(['example_nested_branch_dag']) retrieved from /home/airflow/.local/lib/python3.7/site-packages/airflow/example_dags/example_nested_branch_dag.py
[2023-06-13T23:08:33.580+0000] {logging_mixin.py:149} INFO - [2023-06-13T23:08:33.579+0000] {dag.py:2726} INFO - Sync 1 DAGs
[2023-06-13T23:08:33.630+0000] {logging_mixin.py:149} INFO - [2023-06-13T23:08:33.630+0000] {dag.py:3490} INFO - Setting next_dagrun for example_nested_branch_dag to 2023-06-12T00:00:00+00:00, run_after=2023-06-13T00:00:00+00:00
[2023-06-13T23:08:33.674+0000] {processor.py:179} INFO - Processing /home/airflow/.local/lib/python3.7/site-packages/airflow/example_dags/example_nested_branch_dag.py took 0.182 seconds
[2023-06-13T23:09:04.542+0000] {processor.py:157} INFO - Started process (PID=7263) to work on /home/airflow/.local/lib/python3.7/site-packages/airflow/example_dags/example_nested_branch_dag.py
[2023-06-13T23:09:04.548+0000] {processor.py:826} INFO - Processing file /home/airflow/.local/lib/python3.7/site-packages/airflow/example_dags/example_nested_branch_dag.py for tasks to queue
[2023-06-13T23:09:04.549+0000] {logging_mixin.py:149} INFO - [2023-06-13T23:09:04.549+0000] {dagbag.py:541} INFO - Filling up the DagBag from /home/airflow/.local/lib/python3.7/site-packages/airflow/example_dags/example_nested_branch_dag.py
[2023-06-13T23:09:04.569+0000] {processor.py:836} INFO - DAG(s) dict_keys(['example_nested_branch_dag']) retrieved from /home/airflow/.local/lib/python3.7/site-packages/airflow/example_dags/example_nested_branch_dag.py
[2023-06-13T23:09:04.614+0000] {logging_mixin.py:149} INFO - [2023-06-13T23:09:04.613+0000] {dag.py:2726} INFO - Sync 1 DAGs
[2023-06-13T23:09:04.660+0000] {logging_mixin.py:149} INFO - [2023-06-13T23:09:04.660+0000] {dag.py:3490} INFO - Setting next_dagrun for example_nested_branch_dag to 2023-06-12T00:00:00+00:00, run_after=2023-06-13T00:00:00+00:00
[2023-06-13T23:09:04.716+0000] {processor.py:179} INFO - Processing /home/airflow/.local/lib/python3.7/site-packages/airflow/example_dags/example_nested_branch_dag.py took 0.179 seconds
[2023-06-13T23:09:35.222+0000] {processor.py:157} INFO - Started process (PID=7503) to work on /home/airflow/.local/lib/python3.7/site-packages/airflow/example_dags/example_nested_branch_dag.py
[2023-06-13T23:09:35.223+0000] {processor.py:826} INFO - Processing file /home/airflow/.local/lib/python3.7/site-packages/airflow/example_dags/example_nested_branch_dag.py for tasks to queue
[2023-06-13T23:09:35.225+0000] {logging_mixin.py:149} INFO - [2023-06-13T23:09:35.224+0000] {dagbag.py:541} INFO - Filling up the DagBag from /home/airflow/.local/lib/python3.7/site-packages/airflow/example_dags/example_nested_branch_dag.py
[2023-06-13T23:09:35.242+0000] {processor.py:836} INFO - DAG(s) dict_keys(['example_nested_branch_dag']) retrieved from /home/airflow/.local/lib/python3.7/site-packages/airflow/example_dags/example_nested_branch_dag.py
[2023-06-13T23:09:35.295+0000] {logging_mixin.py:149} INFO - [2023-06-13T23:09:35.294+0000] {dag.py:2726} INFO - Sync 1 DAGs
[2023-06-13T23:09:35.349+0000] {logging_mixin.py:149} INFO - [2023-06-13T23:09:35.349+0000] {dag.py:3490} INFO - Setting next_dagrun for example_nested_branch_dag to 2023-06-12T00:00:00+00:00, run_after=2023-06-13T00:00:00+00:00
[2023-06-13T23:09:35.409+0000] {processor.py:179} INFO - Processing /home/airflow/.local/lib/python3.7/site-packages/airflow/example_dags/example_nested_branch_dag.py took 0.194 seconds
[2023-06-13T23:10:05.647+0000] {processor.py:157} INFO - Started process (PID=7743) to work on /home/airflow/.local/lib/python3.7/site-packages/airflow/example_dags/example_nested_branch_dag.py
[2023-06-13T23:10:05.649+0000] {processor.py:826} INFO - Processing file /home/airflow/.local/lib/python3.7/site-packages/airflow/example_dags/example_nested_branch_dag.py for tasks to queue
[2023-06-13T23:10:05.651+0000] {logging_mixin.py:149} INFO - [2023-06-13T23:10:05.650+0000] {dagbag.py:541} INFO - Filling up the DagBag from /home/airflow/.local/lib/python3.7/site-packages/airflow/example_dags/example_nested_branch_dag.py
[2023-06-13T23:10:05.672+0000] {processor.py:836} INFO - DAG(s) dict_keys(['example_nested_branch_dag']) retrieved from /home/airflow/.local/lib/python3.7/site-packages/airflow/example_dags/example_nested_branch_dag.py
[2023-06-13T23:10:05.728+0000] {logging_mixin.py:149} INFO - [2023-06-13T23:10:05.728+0000] {dag.py:2726} INFO - Sync 1 DAGs
[2023-06-13T23:10:05.788+0000] {logging_mixin.py:149} INFO - [2023-06-13T23:10:05.788+0000] {dag.py:3490} INFO - Setting next_dagrun for example_nested_branch_dag to 2023-06-12T00:00:00+00:00, run_after=2023-06-13T00:00:00+00:00
[2023-06-13T23:10:05.841+0000] {processor.py:179} INFO - Processing /home/airflow/.local/lib/python3.7/site-packages/airflow/example_dags/example_nested_branch_dag.py took 0.201 seconds
[2023-06-13T23:10:36.169+0000] {processor.py:157} INFO - Started process (PID=7978) to work on /home/airflow/.local/lib/python3.7/site-packages/airflow/example_dags/example_nested_branch_dag.py
[2023-06-13T23:10:36.171+0000] {processor.py:826} INFO - Processing file /home/airflow/.local/lib/python3.7/site-packages/airflow/example_dags/example_nested_branch_dag.py for tasks to queue
[2023-06-13T23:10:36.172+0000] {logging_mixin.py:149} INFO - [2023-06-13T23:10:36.172+0000] {dagbag.py:541} INFO - Filling up the DagBag from /home/airflow/.local/lib/python3.7/site-packages/airflow/example_dags/example_nested_branch_dag.py
[2023-06-13T23:10:36.189+0000] {processor.py:836} INFO - DAG(s) dict_keys(['example_nested_branch_dag']) retrieved from /home/airflow/.local/lib/python3.7/site-packages/airflow/example_dags/example_nested_branch_dag.py
[2023-06-13T23:10:36.246+0000] {logging_mixin.py:149} INFO - [2023-06-13T23:10:36.246+0000] {dag.py:2726} INFO - Sync 1 DAGs
[2023-06-13T23:10:36.292+0000] {logging_mixin.py:149} INFO - [2023-06-13T23:10:36.291+0000] {dag.py:3490} INFO - Setting next_dagrun for example_nested_branch_dag to 2023-06-12T00:00:00+00:00, run_after=2023-06-13T00:00:00+00:00
[2023-06-13T23:10:36.350+0000] {processor.py:179} INFO - Processing /home/airflow/.local/lib/python3.7/site-packages/airflow/example_dags/example_nested_branch_dag.py took 0.186 seconds
[2023-06-13T23:11:06.855+0000] {processor.py:157} INFO - Started process (PID=8218) to work on /home/airflow/.local/lib/python3.7/site-packages/airflow/example_dags/example_nested_branch_dag.py
[2023-06-13T23:11:06.857+0000] {processor.py:826} INFO - Processing file /home/airflow/.local/lib/python3.7/site-packages/airflow/example_dags/example_nested_branch_dag.py for tasks to queue
[2023-06-13T23:11:06.858+0000] {logging_mixin.py:149} INFO - [2023-06-13T23:11:06.858+0000] {dagbag.py:541} INFO - Filling up the DagBag from /home/airflow/.local/lib/python3.7/site-packages/airflow/example_dags/example_nested_branch_dag.py
[2023-06-13T23:11:06.875+0000] {processor.py:836} INFO - DAG(s) dict_keys(['example_nested_branch_dag']) retrieved from /home/airflow/.local/lib/python3.7/site-packages/airflow/example_dags/example_nested_branch_dag.py
[2023-06-13T23:11:06.926+0000] {logging_mixin.py:149} INFO - [2023-06-13T23:11:06.925+0000] {dag.py:2726} INFO - Sync 1 DAGs
[2023-06-13T23:11:06.975+0000] {logging_mixin.py:149} INFO - [2023-06-13T23:11:06.975+0000] {dag.py:3490} INFO - Setting next_dagrun for example_nested_branch_dag to 2023-06-12T00:00:00+00:00, run_after=2023-06-13T00:00:00+00:00
[2023-06-13T23:11:07.033+0000] {processor.py:179} INFO - Processing /home/airflow/.local/lib/python3.7/site-packages/airflow/example_dags/example_nested_branch_dag.py took 0.183 seconds
[2023-06-13T23:11:37.112+0000] {processor.py:157} INFO - Started process (PID=8458) to work on /home/airflow/.local/lib/python3.7/site-packages/airflow/example_dags/example_nested_branch_dag.py
[2023-06-13T23:11:37.114+0000] {processor.py:826} INFO - Processing file /home/airflow/.local/lib/python3.7/site-packages/airflow/example_dags/example_nested_branch_dag.py for tasks to queue
[2023-06-13T23:11:37.115+0000] {logging_mixin.py:149} INFO - [2023-06-13T23:11:37.115+0000] {dagbag.py:541} INFO - Filling up the DagBag from /home/airflow/.local/lib/python3.7/site-packages/airflow/example_dags/example_nested_branch_dag.py
[2023-06-13T23:11:37.128+0000] {processor.py:836} INFO - DAG(s) dict_keys(['example_nested_branch_dag']) retrieved from /home/airflow/.local/lib/python3.7/site-packages/airflow/example_dags/example_nested_branch_dag.py
[2023-06-13T23:11:37.182+0000] {logging_mixin.py:149} INFO - [2023-06-13T23:11:37.181+0000] {dag.py:2726} INFO - Sync 1 DAGs
[2023-06-13T23:11:37.234+0000] {logging_mixin.py:149} INFO - [2023-06-13T23:11:37.234+0000] {dag.py:3490} INFO - Setting next_dagrun for example_nested_branch_dag to 2023-06-12T00:00:00+00:00, run_after=2023-06-13T00:00:00+00:00
[2023-06-13T23:11:37.287+0000] {processor.py:179} INFO - Processing /home/airflow/.local/lib/python3.7/site-packages/airflow/example_dags/example_nested_branch_dag.py took 0.179 seconds
[2023-06-13T23:12:07.661+0000] {processor.py:157} INFO - Started process (PID=8698) to work on /home/airflow/.local/lib/python3.7/site-packages/airflow/example_dags/example_nested_branch_dag.py
[2023-06-13T23:12:07.664+0000] {processor.py:826} INFO - Processing file /home/airflow/.local/lib/python3.7/site-packages/airflow/example_dags/example_nested_branch_dag.py for tasks to queue
[2023-06-13T23:12:07.666+0000] {logging_mixin.py:149} INFO - [2023-06-13T23:12:07.665+0000] {dagbag.py:541} INFO - Filling up the DagBag from /home/airflow/.local/lib/python3.7/site-packages/airflow/example_dags/example_nested_branch_dag.py
[2023-06-13T23:12:07.681+0000] {processor.py:836} INFO - DAG(s) dict_keys(['example_nested_branch_dag']) retrieved from /home/airflow/.local/lib/python3.7/site-packages/airflow/example_dags/example_nested_branch_dag.py
[2023-06-13T23:12:07.741+0000] {logging_mixin.py:149} INFO - [2023-06-13T23:12:07.740+0000] {dag.py:2726} INFO - Sync 1 DAGs
[2023-06-13T23:12:07.788+0000] {logging_mixin.py:149} INFO - [2023-06-13T23:12:07.787+0000] {dag.py:3490} INFO - Setting next_dagrun for example_nested_branch_dag to 2023-06-12T00:00:00+00:00, run_after=2023-06-13T00:00:00+00:00
[2023-06-13T23:12:07.842+0000] {processor.py:179} INFO - Processing /home/airflow/.local/lib/python3.7/site-packages/airflow/example_dags/example_nested_branch_dag.py took 0.187 seconds
[2023-06-13T23:12:38.325+0000] {processor.py:157} INFO - Started process (PID=8938) to work on /home/airflow/.local/lib/python3.7/site-packages/airflow/example_dags/example_nested_branch_dag.py
[2023-06-13T23:12:38.327+0000] {processor.py:826} INFO - Processing file /home/airflow/.local/lib/python3.7/site-packages/airflow/example_dags/example_nested_branch_dag.py for tasks to queue
[2023-06-13T23:12:38.329+0000] {logging_mixin.py:149} INFO - [2023-06-13T23:12:38.328+0000] {dagbag.py:541} INFO - Filling up the DagBag from /home/airflow/.local/lib/python3.7/site-packages/airflow/example_dags/example_nested_branch_dag.py
[2023-06-13T23:12:38.344+0000] {processor.py:836} INFO - DAG(s) dict_keys(['example_nested_branch_dag']) retrieved from /home/airflow/.local/lib/python3.7/site-packages/airflow/example_dags/example_nested_branch_dag.py
[2023-06-13T23:12:38.391+0000] {logging_mixin.py:149} INFO - [2023-06-13T23:12:38.391+0000] {dag.py:2726} INFO - Sync 1 DAGs
[2023-06-13T23:12:38.432+0000] {logging_mixin.py:149} INFO - [2023-06-13T23:12:38.432+0000] {dag.py:3490} INFO - Setting next_dagrun for example_nested_branch_dag to 2023-06-12T00:00:00+00:00, run_after=2023-06-13T00:00:00+00:00
[2023-06-13T23:12:38.487+0000] {processor.py:179} INFO - Processing /home/airflow/.local/lib/python3.7/site-packages/airflow/example_dags/example_nested_branch_dag.py took 0.165 seconds
[2023-06-13T23:13:08.757+0000] {processor.py:157} INFO - Started process (PID=9177) to work on /home/airflow/.local/lib/python3.7/site-packages/airflow/example_dags/example_nested_branch_dag.py
[2023-06-13T23:13:08.759+0000] {processor.py:826} INFO - Processing file /home/airflow/.local/lib/python3.7/site-packages/airflow/example_dags/example_nested_branch_dag.py for tasks to queue
[2023-06-13T23:13:08.760+0000] {logging_mixin.py:149} INFO - [2023-06-13T23:13:08.760+0000] {dagbag.py:541} INFO - Filling up the DagBag from /home/airflow/.local/lib/python3.7/site-packages/airflow/example_dags/example_nested_branch_dag.py
[2023-06-13T23:13:08.775+0000] {processor.py:836} INFO - DAG(s) dict_keys(['example_nested_branch_dag']) retrieved from /home/airflow/.local/lib/python3.7/site-packages/airflow/example_dags/example_nested_branch_dag.py
[2023-06-13T23:13:08.822+0000] {logging_mixin.py:149} INFO - [2023-06-13T23:13:08.821+0000] {dag.py:2726} INFO - Sync 1 DAGs
[2023-06-13T23:13:08.874+0000] {logging_mixin.py:149} INFO - [2023-06-13T23:13:08.874+0000] {dag.py:3490} INFO - Setting next_dagrun for example_nested_branch_dag to 2023-06-12T00:00:00+00:00, run_after=2023-06-13T00:00:00+00:00
[2023-06-13T23:13:08.929+0000] {processor.py:179} INFO - Processing /home/airflow/.local/lib/python3.7/site-packages/airflow/example_dags/example_nested_branch_dag.py took 0.176 seconds
[2023-06-13T23:13:39.610+0000] {processor.py:157} INFO - Started process (PID=9417) to work on /home/airflow/.local/lib/python3.7/site-packages/airflow/example_dags/example_nested_branch_dag.py
[2023-06-13T23:13:39.612+0000] {processor.py:826} INFO - Processing file /home/airflow/.local/lib/python3.7/site-packages/airflow/example_dags/example_nested_branch_dag.py for tasks to queue
[2023-06-13T23:13:39.613+0000] {logging_mixin.py:149} INFO - [2023-06-13T23:13:39.612+0000] {dagbag.py:541} INFO - Filling up the DagBag from /home/airflow/.local/lib/python3.7/site-packages/airflow/example_dags/example_nested_branch_dag.py
[2023-06-13T23:13:39.629+0000] {processor.py:836} INFO - DAG(s) dict_keys(['example_nested_branch_dag']) retrieved from /home/airflow/.local/lib/python3.7/site-packages/airflow/example_dags/example_nested_branch_dag.py
[2023-06-13T23:13:39.684+0000] {logging_mixin.py:149} INFO - [2023-06-13T23:13:39.683+0000] {dag.py:2726} INFO - Sync 1 DAGs
[2023-06-13T23:13:39.736+0000] {logging_mixin.py:149} INFO - [2023-06-13T23:13:39.736+0000] {dag.py:3490} INFO - Setting next_dagrun for example_nested_branch_dag to 2023-06-12T00:00:00+00:00, run_after=2023-06-13T00:00:00+00:00
[2023-06-13T23:13:39.788+0000] {processor.py:179} INFO - Processing /home/airflow/.local/lib/python3.7/site-packages/airflow/example_dags/example_nested_branch_dag.py took 0.182 seconds
[2023-06-13T23:14:10.236+0000] {processor.py:157} INFO - Started process (PID=9657) to work on /home/airflow/.local/lib/python3.7/site-packages/airflow/example_dags/example_nested_branch_dag.py
[2023-06-13T23:14:10.238+0000] {processor.py:826} INFO - Processing file /home/airflow/.local/lib/python3.7/site-packages/airflow/example_dags/example_nested_branch_dag.py for tasks to queue
[2023-06-13T23:14:10.239+0000] {logging_mixin.py:149} INFO - [2023-06-13T23:14:10.239+0000] {dagbag.py:541} INFO - Filling up the DagBag from /home/airflow/.local/lib/python3.7/site-packages/airflow/example_dags/example_nested_branch_dag.py
[2023-06-13T23:14:10.257+0000] {processor.py:836} INFO - DAG(s) dict_keys(['example_nested_branch_dag']) retrieved from /home/airflow/.local/lib/python3.7/site-packages/airflow/example_dags/example_nested_branch_dag.py
[2023-06-13T23:14:10.325+0000] {logging_mixin.py:149} INFO - [2023-06-13T23:14:10.324+0000] {dag.py:2726} INFO - Sync 1 DAGs
[2023-06-13T23:14:10.379+0000] {logging_mixin.py:149} INFO - [2023-06-13T23:14:10.378+0000] {dag.py:3490} INFO - Setting next_dagrun for example_nested_branch_dag to 2023-06-12T00:00:00+00:00, run_after=2023-06-13T00:00:00+00:00
[2023-06-13T23:14:10.441+0000] {processor.py:179} INFO - Processing /home/airflow/.local/lib/python3.7/site-packages/airflow/example_dags/example_nested_branch_dag.py took 0.212 seconds
[2023-06-13T23:14:40.833+0000] {processor.py:157} INFO - Started process (PID=9896) to work on /home/airflow/.local/lib/python3.7/site-packages/airflow/example_dags/example_nested_branch_dag.py
[2023-06-13T23:14:40.835+0000] {processor.py:826} INFO - Processing file /home/airflow/.local/lib/python3.7/site-packages/airflow/example_dags/example_nested_branch_dag.py for tasks to queue
[2023-06-13T23:14:40.836+0000] {logging_mixin.py:149} INFO - [2023-06-13T23:14:40.836+0000] {dagbag.py:541} INFO - Filling up the DagBag from /home/airflow/.local/lib/python3.7/site-packages/airflow/example_dags/example_nested_branch_dag.py
[2023-06-13T23:14:40.854+0000] {processor.py:836} INFO - DAG(s) dict_keys(['example_nested_branch_dag']) retrieved from /home/airflow/.local/lib/python3.7/site-packages/airflow/example_dags/example_nested_branch_dag.py
[2023-06-13T23:14:40.897+0000] {logging_mixin.py:149} INFO - [2023-06-13T23:14:40.896+0000] {dag.py:2726} INFO - Sync 1 DAGs
[2023-06-13T23:14:40.947+0000] {logging_mixin.py:149} INFO - [2023-06-13T23:14:40.946+0000] {dag.py:3490} INFO - Setting next_dagrun for example_nested_branch_dag to 2023-06-12T00:00:00+00:00, run_after=2023-06-13T00:00:00+00:00
[2023-06-13T23:14:40.998+0000] {processor.py:179} INFO - Processing /home/airflow/.local/lib/python3.7/site-packages/airflow/example_dags/example_nested_branch_dag.py took 0.171 seconds
[2023-06-13T23:15:11.653+0000] {processor.py:157} INFO - Started process (PID=10135) to work on /home/airflow/.local/lib/python3.7/site-packages/airflow/example_dags/example_nested_branch_dag.py
[2023-06-13T23:15:11.658+0000] {processor.py:826} INFO - Processing file /home/airflow/.local/lib/python3.7/site-packages/airflow/example_dags/example_nested_branch_dag.py for tasks to queue
[2023-06-13T23:15:11.660+0000] {logging_mixin.py:149} INFO - [2023-06-13T23:15:11.659+0000] {dagbag.py:541} INFO - Filling up the DagBag from /home/airflow/.local/lib/python3.7/site-packages/airflow/example_dags/example_nested_branch_dag.py
[2023-06-13T23:15:11.675+0000] {processor.py:836} INFO - DAG(s) dict_keys(['example_nested_branch_dag']) retrieved from /home/airflow/.local/lib/python3.7/site-packages/airflow/example_dags/example_nested_branch_dag.py
[2023-06-13T23:15:11.717+0000] {logging_mixin.py:149} INFO - [2023-06-13T23:15:11.717+0000] {dag.py:2726} INFO - Sync 1 DAGs
[2023-06-13T23:15:11.760+0000] {logging_mixin.py:149} INFO - [2023-06-13T23:15:11.759+0000] {dag.py:3490} INFO - Setting next_dagrun for example_nested_branch_dag to 2023-06-12T00:00:00+00:00, run_after=2023-06-13T00:00:00+00:00
[2023-06-13T23:15:11.808+0000] {processor.py:179} INFO - Processing /home/airflow/.local/lib/python3.7/site-packages/airflow/example_dags/example_nested_branch_dag.py took 0.159 seconds
[2023-06-13T23:15:42.427+0000] {processor.py:157} INFO - Started process (PID=10375) to work on /home/airflow/.local/lib/python3.7/site-packages/airflow/example_dags/example_nested_branch_dag.py
[2023-06-13T23:15:42.429+0000] {processor.py:826} INFO - Processing file /home/airflow/.local/lib/python3.7/site-packages/airflow/example_dags/example_nested_branch_dag.py for tasks to queue
[2023-06-13T23:15:42.430+0000] {logging_mixin.py:149} INFO - [2023-06-13T23:15:42.430+0000] {dagbag.py:541} INFO - Filling up the DagBag from /home/airflow/.local/lib/python3.7/site-packages/airflow/example_dags/example_nested_branch_dag.py
[2023-06-13T23:15:42.448+0000] {processor.py:836} INFO - DAG(s) dict_keys(['example_nested_branch_dag']) retrieved from /home/airflow/.local/lib/python3.7/site-packages/airflow/example_dags/example_nested_branch_dag.py
[2023-06-13T23:15:42.502+0000] {logging_mixin.py:149} INFO - [2023-06-13T23:15:42.501+0000] {dag.py:2726} INFO - Sync 1 DAGs
[2023-06-13T23:15:42.555+0000] {logging_mixin.py:149} INFO - [2023-06-13T23:15:42.555+0000] {dag.py:3490} INFO - Setting next_dagrun for example_nested_branch_dag to 2023-06-12T00:00:00+00:00, run_after=2023-06-13T00:00:00+00:00
[2023-06-13T23:15:42.605+0000] {processor.py:179} INFO - Processing /home/airflow/.local/lib/python3.7/site-packages/airflow/example_dags/example_nested_branch_dag.py took 0.181 seconds
[2023-06-13T23:16:12.888+0000] {processor.py:157} INFO - Started process (PID=10615) to work on /home/airflow/.local/lib/python3.7/site-packages/airflow/example_dags/example_nested_branch_dag.py
[2023-06-13T23:16:12.890+0000] {processor.py:826} INFO - Processing file /home/airflow/.local/lib/python3.7/site-packages/airflow/example_dags/example_nested_branch_dag.py for tasks to queue
[2023-06-13T23:16:12.891+0000] {logging_mixin.py:149} INFO - [2023-06-13T23:16:12.891+0000] {dagbag.py:541} INFO - Filling up the DagBag from /home/airflow/.local/lib/python3.7/site-packages/airflow/example_dags/example_nested_branch_dag.py
[2023-06-13T23:16:12.908+0000] {processor.py:836} INFO - DAG(s) dict_keys(['example_nested_branch_dag']) retrieved from /home/airflow/.local/lib/python3.7/site-packages/airflow/example_dags/example_nested_branch_dag.py
[2023-06-13T23:16:12.963+0000] {logging_mixin.py:149} INFO - [2023-06-13T23:16:12.962+0000] {dag.py:2726} INFO - Sync 1 DAGs
[2023-06-13T23:16:13.011+0000] {logging_mixin.py:149} INFO - [2023-06-13T23:16:13.010+0000] {dag.py:3490} INFO - Setting next_dagrun for example_nested_branch_dag to 2023-06-12T00:00:00+00:00, run_after=2023-06-13T00:00:00+00:00
[2023-06-13T23:16:13.061+0000] {processor.py:179} INFO - Processing /home/airflow/.local/lib/python3.7/site-packages/airflow/example_dags/example_nested_branch_dag.py took 0.176 seconds
[2023-06-13T23:16:43.242+0000] {processor.py:157} INFO - Started process (PID=10855) to work on /home/airflow/.local/lib/python3.7/site-packages/airflow/example_dags/example_nested_branch_dag.py
[2023-06-13T23:16:43.244+0000] {processor.py:826} INFO - Processing file /home/airflow/.local/lib/python3.7/site-packages/airflow/example_dags/example_nested_branch_dag.py for tasks to queue
[2023-06-13T23:16:43.245+0000] {logging_mixin.py:149} INFO - [2023-06-13T23:16:43.245+0000] {dagbag.py:541} INFO - Filling up the DagBag from /home/airflow/.local/lib/python3.7/site-packages/airflow/example_dags/example_nested_branch_dag.py
[2023-06-13T23:16:43.260+0000] {processor.py:836} INFO - DAG(s) dict_keys(['example_nested_branch_dag']) retrieved from /home/airflow/.local/lib/python3.7/site-packages/airflow/example_dags/example_nested_branch_dag.py
[2023-06-13T23:16:43.321+0000] {logging_mixin.py:149} INFO - [2023-06-13T23:16:43.321+0000] {dag.py:2726} INFO - Sync 1 DAGs
[2023-06-13T23:16:43.376+0000] {logging_mixin.py:149} INFO - [2023-06-13T23:16:43.376+0000] {dag.py:3490} INFO - Setting next_dagrun for example_nested_branch_dag to 2023-06-12T00:00:00+00:00, run_after=2023-06-13T00:00:00+00:00
[2023-06-13T23:16:43.434+0000] {processor.py:179} INFO - Processing /home/airflow/.local/lib/python3.7/site-packages/airflow/example_dags/example_nested_branch_dag.py took 0.197 seconds
[2023-06-13T23:17:13.752+0000] {processor.py:157} INFO - Started process (PID=11096) to work on /home/airflow/.local/lib/python3.7/site-packages/airflow/example_dags/example_nested_branch_dag.py
[2023-06-13T23:17:13.754+0000] {processor.py:826} INFO - Processing file /home/airflow/.local/lib/python3.7/site-packages/airflow/example_dags/example_nested_branch_dag.py for tasks to queue
[2023-06-13T23:17:13.755+0000] {logging_mixin.py:149} INFO - [2023-06-13T23:17:13.754+0000] {dagbag.py:541} INFO - Filling up the DagBag from /home/airflow/.local/lib/python3.7/site-packages/airflow/example_dags/example_nested_branch_dag.py
[2023-06-13T23:17:13.770+0000] {processor.py:836} INFO - DAG(s) dict_keys(['example_nested_branch_dag']) retrieved from /home/airflow/.local/lib/python3.7/site-packages/airflow/example_dags/example_nested_branch_dag.py
[2023-06-13T23:17:13.816+0000] {logging_mixin.py:149} INFO - [2023-06-13T23:17:13.815+0000] {dag.py:2726} INFO - Sync 1 DAGs
[2023-06-13T23:17:13.864+0000] {logging_mixin.py:149} INFO - [2023-06-13T23:17:13.864+0000] {dag.py:3490} INFO - Setting next_dagrun for example_nested_branch_dag to 2023-06-12T00:00:00+00:00, run_after=2023-06-13T00:00:00+00:00
[2023-06-13T23:17:13.915+0000] {processor.py:179} INFO - Processing /home/airflow/.local/lib/python3.7/site-packages/airflow/example_dags/example_nested_branch_dag.py took 0.167 seconds
[2023-06-13T23:17:44.451+0000] {processor.py:157} INFO - Started process (PID=11336) to work on /home/airflow/.local/lib/python3.7/site-packages/airflow/example_dags/example_nested_branch_dag.py
[2023-06-13T23:17:44.454+0000] {processor.py:826} INFO - Processing file /home/airflow/.local/lib/python3.7/site-packages/airflow/example_dags/example_nested_branch_dag.py for tasks to queue
[2023-06-13T23:17:44.456+0000] {logging_mixin.py:149} INFO - [2023-06-13T23:17:44.455+0000] {dagbag.py:541} INFO - Filling up the DagBag from /home/airflow/.local/lib/python3.7/site-packages/airflow/example_dags/example_nested_branch_dag.py
[2023-06-13T23:17:44.475+0000] {processor.py:836} INFO - DAG(s) dict_keys(['example_nested_branch_dag']) retrieved from /home/airflow/.local/lib/python3.7/site-packages/airflow/example_dags/example_nested_branch_dag.py
[2023-06-13T23:17:44.533+0000] {logging_mixin.py:149} INFO - [2023-06-13T23:17:44.533+0000] {dag.py:2726} INFO - Sync 1 DAGs
[2023-06-13T23:17:44.589+0000] {logging_mixin.py:149} INFO - [2023-06-13T23:17:44.588+0000] {dag.py:3490} INFO - Setting next_dagrun for example_nested_branch_dag to 2023-06-12T00:00:00+00:00, run_after=2023-06-13T00:00:00+00:00
[2023-06-13T23:17:44.652+0000] {processor.py:179} INFO - Processing /home/airflow/.local/lib/python3.7/site-packages/airflow/example_dags/example_nested_branch_dag.py took 0.206 seconds
[2023-06-13T23:18:15.115+0000] {processor.py:157} INFO - Started process (PID=11576) to work on /home/airflow/.local/lib/python3.7/site-packages/airflow/example_dags/example_nested_branch_dag.py
[2023-06-13T23:18:15.122+0000] {processor.py:826} INFO - Processing file /home/airflow/.local/lib/python3.7/site-packages/airflow/example_dags/example_nested_branch_dag.py for tasks to queue
[2023-06-13T23:18:15.124+0000] {logging_mixin.py:149} INFO - [2023-06-13T23:18:15.123+0000] {dagbag.py:541} INFO - Filling up the DagBag from /home/airflow/.local/lib/python3.7/site-packages/airflow/example_dags/example_nested_branch_dag.py
[2023-06-13T23:18:15.142+0000] {processor.py:836} INFO - DAG(s) dict_keys(['example_nested_branch_dag']) retrieved from /home/airflow/.local/lib/python3.7/site-packages/airflow/example_dags/example_nested_branch_dag.py
[2023-06-13T23:18:15.221+0000] {logging_mixin.py:149} INFO - [2023-06-13T23:18:15.220+0000] {dag.py:2726} INFO - Sync 1 DAGs
[2023-06-13T23:18:15.319+0000] {logging_mixin.py:149} INFO - [2023-06-13T23:18:15.318+0000] {dag.py:3490} INFO - Setting next_dagrun for example_nested_branch_dag to 2023-06-12T00:00:00+00:00, run_after=2023-06-13T00:00:00+00:00
[2023-06-13T23:18:15.409+0000] {processor.py:179} INFO - Processing /home/airflow/.local/lib/python3.7/site-packages/airflow/example_dags/example_nested_branch_dag.py took 0.304 seconds
[2023-06-13T23:18:45.589+0000] {processor.py:157} INFO - Started process (PID=11815) to work on /home/airflow/.local/lib/python3.7/site-packages/airflow/example_dags/example_nested_branch_dag.py
[2023-06-13T23:18:45.590+0000] {processor.py:826} INFO - Processing file /home/airflow/.local/lib/python3.7/site-packages/airflow/example_dags/example_nested_branch_dag.py for tasks to queue
[2023-06-13T23:18:45.592+0000] {logging_mixin.py:149} INFO - [2023-06-13T23:18:45.591+0000] {dagbag.py:541} INFO - Filling up the DagBag from /home/airflow/.local/lib/python3.7/site-packages/airflow/example_dags/example_nested_branch_dag.py
[2023-06-13T23:18:45.615+0000] {processor.py:836} INFO - DAG(s) dict_keys(['example_nested_branch_dag']) retrieved from /home/airflow/.local/lib/python3.7/site-packages/airflow/example_dags/example_nested_branch_dag.py
[2023-06-13T23:18:45.700+0000] {logging_mixin.py:149} INFO - [2023-06-13T23:18:45.699+0000] {dag.py:2726} INFO - Sync 1 DAGs
[2023-06-13T23:18:45.771+0000] {logging_mixin.py:149} INFO - [2023-06-13T23:18:45.770+0000] {dag.py:3490} INFO - Setting next_dagrun for example_nested_branch_dag to 2023-06-12T00:00:00+00:00, run_after=2023-06-13T00:00:00+00:00
[2023-06-13T23:18:45.858+0000] {processor.py:179} INFO - Processing /home/airflow/.local/lib/python3.7/site-packages/airflow/example_dags/example_nested_branch_dag.py took 0.279 seconds
[2023-06-13T23:19:15.977+0000] {processor.py:157} INFO - Started process (PID=12043) to work on /home/airflow/.local/lib/python3.7/site-packages/airflow/example_dags/example_nested_branch_dag.py
[2023-06-13T23:19:15.979+0000] {processor.py:826} INFO - Processing file /home/airflow/.local/lib/python3.7/site-packages/airflow/example_dags/example_nested_branch_dag.py for tasks to queue
[2023-06-13T23:19:15.979+0000] {logging_mixin.py:149} INFO - [2023-06-13T23:19:15.979+0000] {dagbag.py:541} INFO - Filling up the DagBag from /home/airflow/.local/lib/python3.7/site-packages/airflow/example_dags/example_nested_branch_dag.py
[2023-06-13T23:19:16.005+0000] {processor.py:836} INFO - DAG(s) dict_keys(['example_nested_branch_dag']) retrieved from /home/airflow/.local/lib/python3.7/site-packages/airflow/example_dags/example_nested_branch_dag.py
[2023-06-13T23:19:16.075+0000] {logging_mixin.py:149} INFO - [2023-06-13T23:19:16.075+0000] {dag.py:2726} INFO - Sync 1 DAGs
[2023-06-13T23:19:16.135+0000] {logging_mixin.py:149} INFO - [2023-06-13T23:19:16.135+0000] {dag.py:3490} INFO - Setting next_dagrun for example_nested_branch_dag to 2023-06-12T00:00:00+00:00, run_after=2023-06-13T00:00:00+00:00
[2023-06-13T23:19:16.216+0000] {processor.py:179} INFO - Processing /home/airflow/.local/lib/python3.7/site-packages/airflow/example_dags/example_nested_branch_dag.py took 0.244 seconds
[2023-06-13T23:19:46.708+0000] {processor.py:157} INFO - Started process (PID=12283) to work on /home/airflow/.local/lib/python3.7/site-packages/airflow/example_dags/example_nested_branch_dag.py
[2023-06-13T23:19:46.711+0000] {processor.py:826} INFO - Processing file /home/airflow/.local/lib/python3.7/site-packages/airflow/example_dags/example_nested_branch_dag.py for tasks to queue
[2023-06-13T23:19:46.712+0000] {logging_mixin.py:149} INFO - [2023-06-13T23:19:46.712+0000] {dagbag.py:541} INFO - Filling up the DagBag from /home/airflow/.local/lib/python3.7/site-packages/airflow/example_dags/example_nested_branch_dag.py
[2023-06-13T23:19:46.731+0000] {processor.py:836} INFO - DAG(s) dict_keys(['example_nested_branch_dag']) retrieved from /home/airflow/.local/lib/python3.7/site-packages/airflow/example_dags/example_nested_branch_dag.py
[2023-06-13T23:19:46.798+0000] {logging_mixin.py:149} INFO - [2023-06-13T23:19:46.798+0000] {dag.py:2726} INFO - Sync 1 DAGs
[2023-06-13T23:19:46.873+0000] {logging_mixin.py:149} INFO - [2023-06-13T23:19:46.873+0000] {dag.py:3490} INFO - Setting next_dagrun for example_nested_branch_dag to 2023-06-12T00:00:00+00:00, run_after=2023-06-13T00:00:00+00:00
[2023-06-13T23:19:46.952+0000] {processor.py:179} INFO - Processing /home/airflow/.local/lib/python3.7/site-packages/airflow/example_dags/example_nested_branch_dag.py took 0.251 seconds
[2023-06-13T23:20:17.874+0000] {processor.py:157} INFO - Started process (PID=12523) to work on /home/airflow/.local/lib/python3.7/site-packages/airflow/example_dags/example_nested_branch_dag.py
[2023-06-13T23:20:17.876+0000] {processor.py:826} INFO - Processing file /home/airflow/.local/lib/python3.7/site-packages/airflow/example_dags/example_nested_branch_dag.py for tasks to queue
[2023-06-13T23:20:17.878+0000] {logging_mixin.py:149} INFO - [2023-06-13T23:20:17.878+0000] {dagbag.py:541} INFO - Filling up the DagBag from /home/airflow/.local/lib/python3.7/site-packages/airflow/example_dags/example_nested_branch_dag.py
[2023-06-13T23:20:17.898+0000] {processor.py:836} INFO - DAG(s) dict_keys(['example_nested_branch_dag']) retrieved from /home/airflow/.local/lib/python3.7/site-packages/airflow/example_dags/example_nested_branch_dag.py
[2023-06-13T23:20:17.986+0000] {logging_mixin.py:149} INFO - [2023-06-13T23:20:17.985+0000] {dag.py:2726} INFO - Sync 1 DAGs
[2023-06-13T23:20:18.066+0000] {logging_mixin.py:149} INFO - [2023-06-13T23:20:18.065+0000] {dag.py:3490} INFO - Setting next_dagrun for example_nested_branch_dag to 2023-06-12T00:00:00+00:00, run_after=2023-06-13T00:00:00+00:00
[2023-06-13T23:20:18.127+0000] {processor.py:179} INFO - Processing /home/airflow/.local/lib/python3.7/site-packages/airflow/example_dags/example_nested_branch_dag.py took 0.258 seconds
[2023-06-13T23:20:48.758+0000] {processor.py:157} INFO - Started process (PID=12763) to work on /home/airflow/.local/lib/python3.7/site-packages/airflow/example_dags/example_nested_branch_dag.py
[2023-06-13T23:20:48.759+0000] {processor.py:826} INFO - Processing file /home/airflow/.local/lib/python3.7/site-packages/airflow/example_dags/example_nested_branch_dag.py for tasks to queue
[2023-06-13T23:20:48.761+0000] {logging_mixin.py:149} INFO - [2023-06-13T23:20:48.760+0000] {dagbag.py:541} INFO - Filling up the DagBag from /home/airflow/.local/lib/python3.7/site-packages/airflow/example_dags/example_nested_branch_dag.py
[2023-06-13T23:20:48.783+0000] {processor.py:836} INFO - DAG(s) dict_keys(['example_nested_branch_dag']) retrieved from /home/airflow/.local/lib/python3.7/site-packages/airflow/example_dags/example_nested_branch_dag.py
[2023-06-13T23:20:48.863+0000] {logging_mixin.py:149} INFO - [2023-06-13T23:20:48.862+0000] {dag.py:2726} INFO - Sync 1 DAGs
[2023-06-13T23:20:48.934+0000] {logging_mixin.py:149} INFO - [2023-06-13T23:20:48.934+0000] {dag.py:3490} INFO - Setting next_dagrun for example_nested_branch_dag to 2023-06-12T00:00:00+00:00, run_after=2023-06-13T00:00:00+00:00
[2023-06-13T23:20:49.010+0000] {processor.py:179} INFO - Processing /home/airflow/.local/lib/python3.7/site-packages/airflow/example_dags/example_nested_branch_dag.py took 0.255 seconds
[2023-06-13T23:21:19.327+0000] {processor.py:157} INFO - Started process (PID=13002) to work on /home/airflow/.local/lib/python3.7/site-packages/airflow/example_dags/example_nested_branch_dag.py
[2023-06-13T23:21:19.329+0000] {processor.py:826} INFO - Processing file /home/airflow/.local/lib/python3.7/site-packages/airflow/example_dags/example_nested_branch_dag.py for tasks to queue
[2023-06-13T23:21:19.332+0000] {logging_mixin.py:149} INFO - [2023-06-13T23:21:19.331+0000] {dagbag.py:541} INFO - Filling up the DagBag from /home/airflow/.local/lib/python3.7/site-packages/airflow/example_dags/example_nested_branch_dag.py
[2023-06-13T23:21:19.354+0000] {processor.py:836} INFO - DAG(s) dict_keys(['example_nested_branch_dag']) retrieved from /home/airflow/.local/lib/python3.7/site-packages/airflow/example_dags/example_nested_branch_dag.py
[2023-06-13T23:21:19.433+0000] {logging_mixin.py:149} INFO - [2023-06-13T23:21:19.433+0000] {dag.py:2726} INFO - Sync 1 DAGs
[2023-06-13T23:21:19.522+0000] {logging_mixin.py:149} INFO - [2023-06-13T23:21:19.522+0000] {dag.py:3490} INFO - Setting next_dagrun for example_nested_branch_dag to 2023-06-12T00:00:00+00:00, run_after=2023-06-13T00:00:00+00:00
[2023-06-13T23:21:19.604+0000] {processor.py:179} INFO - Processing /home/airflow/.local/lib/python3.7/site-packages/airflow/example_dags/example_nested_branch_dag.py took 0.282 seconds
[2023-06-13T23:21:49.851+0000] {processor.py:157} INFO - Started process (PID=13241) to work on /home/airflow/.local/lib/python3.7/site-packages/airflow/example_dags/example_nested_branch_dag.py
[2023-06-13T23:21:49.852+0000] {processor.py:826} INFO - Processing file /home/airflow/.local/lib/python3.7/site-packages/airflow/example_dags/example_nested_branch_dag.py for tasks to queue
[2023-06-13T23:21:49.853+0000] {logging_mixin.py:149} INFO - [2023-06-13T23:21:49.853+0000] {dagbag.py:541} INFO - Filling up the DagBag from /home/airflow/.local/lib/python3.7/site-packages/airflow/example_dags/example_nested_branch_dag.py
[2023-06-13T23:21:49.873+0000] {processor.py:836} INFO - DAG(s) dict_keys(['example_nested_branch_dag']) retrieved from /home/airflow/.local/lib/python3.7/site-packages/airflow/example_dags/example_nested_branch_dag.py
[2023-06-13T23:21:49.953+0000] {logging_mixin.py:149} INFO - [2023-06-13T23:21:49.952+0000] {dag.py:2726} INFO - Sync 1 DAGs
[2023-06-13T23:21:50.047+0000] {logging_mixin.py:149} INFO - [2023-06-13T23:21:50.046+0000] {dag.py:3490} INFO - Setting next_dagrun for example_nested_branch_dag to 2023-06-12T00:00:00+00:00, run_after=2023-06-13T00:00:00+00:00
[2023-06-13T23:21:50.118+0000] {processor.py:179} INFO - Processing /home/airflow/.local/lib/python3.7/site-packages/airflow/example_dags/example_nested_branch_dag.py took 0.273 seconds
[2023-06-13T23:22:20.815+0000] {processor.py:157} INFO - Started process (PID=13481) to work on /home/airflow/.local/lib/python3.7/site-packages/airflow/example_dags/example_nested_branch_dag.py
[2023-06-13T23:22:20.818+0000] {processor.py:826} INFO - Processing file /home/airflow/.local/lib/python3.7/site-packages/airflow/example_dags/example_nested_branch_dag.py for tasks to queue
[2023-06-13T23:22:20.819+0000] {logging_mixin.py:149} INFO - [2023-06-13T23:22:20.818+0000] {dagbag.py:541} INFO - Filling up the DagBag from /home/airflow/.local/lib/python3.7/site-packages/airflow/example_dags/example_nested_branch_dag.py
[2023-06-13T23:22:20.832+0000] {processor.py:836} INFO - DAG(s) dict_keys(['example_nested_branch_dag']) retrieved from /home/airflow/.local/lib/python3.7/site-packages/airflow/example_dags/example_nested_branch_dag.py
[2023-06-13T23:22:20.874+0000] {logging_mixin.py:149} INFO - [2023-06-13T23:22:20.874+0000] {dag.py:2726} INFO - Sync 1 DAGs
[2023-06-13T23:22:20.926+0000] {logging_mixin.py:149} INFO - [2023-06-13T23:22:20.925+0000] {dag.py:3490} INFO - Setting next_dagrun for example_nested_branch_dag to 2023-06-12T00:00:00+00:00, run_after=2023-06-13T00:00:00+00:00
[2023-06-13T23:22:20.975+0000] {processor.py:179} INFO - Processing /home/airflow/.local/lib/python3.7/site-packages/airflow/example_dags/example_nested_branch_dag.py took 0.165 seconds
[2023-06-13T23:22:53.319+0000] {processor.py:157} INFO - Started process (PID=13721) to work on /home/airflow/.local/lib/python3.7/site-packages/airflow/example_dags/example_nested_branch_dag.py
[2023-06-13T23:22:53.320+0000] {processor.py:826} INFO - Processing file /home/airflow/.local/lib/python3.7/site-packages/airflow/example_dags/example_nested_branch_dag.py for tasks to queue
[2023-06-13T23:22:53.322+0000] {logging_mixin.py:149} INFO - [2023-06-13T23:22:53.322+0000] {dagbag.py:541} INFO - Filling up the DagBag from /home/airflow/.local/lib/python3.7/site-packages/airflow/example_dags/example_nested_branch_dag.py
[2023-06-13T23:22:53.344+0000] {processor.py:836} INFO - DAG(s) dict_keys(['example_nested_branch_dag']) retrieved from /home/airflow/.local/lib/python3.7/site-packages/airflow/example_dags/example_nested_branch_dag.py
[2023-06-13T23:22:53.409+0000] {logging_mixin.py:149} INFO - [2023-06-13T23:22:53.409+0000] {dag.py:2726} INFO - Sync 1 DAGs
[2023-06-13T23:22:53.463+0000] {logging_mixin.py:149} INFO - [2023-06-13T23:22:53.462+0000] {dag.py:3490} INFO - Setting next_dagrun for example_nested_branch_dag to 2023-06-12T00:00:00+00:00, run_after=2023-06-13T00:00:00+00:00
[2023-06-13T23:22:53.517+0000] {processor.py:179} INFO - Processing /home/airflow/.local/lib/python3.7/site-packages/airflow/example_dags/example_nested_branch_dag.py took 0.205 seconds
[2023-06-13T23:23:23.817+0000] {processor.py:157} INFO - Started process (PID=13963) to work on /home/airflow/.local/lib/python3.7/site-packages/airflow/example_dags/example_nested_branch_dag.py
[2023-06-13T23:23:23.820+0000] {processor.py:826} INFO - Processing file /home/airflow/.local/lib/python3.7/site-packages/airflow/example_dags/example_nested_branch_dag.py for tasks to queue
[2023-06-13T23:23:23.821+0000] {logging_mixin.py:149} INFO - [2023-06-13T23:23:23.821+0000] {dagbag.py:541} INFO - Filling up the DagBag from /home/airflow/.local/lib/python3.7/site-packages/airflow/example_dags/example_nested_branch_dag.py
[2023-06-13T23:23:23.833+0000] {processor.py:836} INFO - DAG(s) dict_keys(['example_nested_branch_dag']) retrieved from /home/airflow/.local/lib/python3.7/site-packages/airflow/example_dags/example_nested_branch_dag.py
[2023-06-13T23:23:23.881+0000] {logging_mixin.py:149} INFO - [2023-06-13T23:23:23.881+0000] {dag.py:2726} INFO - Sync 1 DAGs
[2023-06-13T23:23:23.920+0000] {logging_mixin.py:149} INFO - [2023-06-13T23:23:23.919+0000] {dag.py:3490} INFO - Setting next_dagrun for example_nested_branch_dag to 2023-06-12T00:00:00+00:00, run_after=2023-06-13T00:00:00+00:00
[2023-06-13T23:23:23.967+0000] {processor.py:179} INFO - Processing /home/airflow/.local/lib/python3.7/site-packages/airflow/example_dags/example_nested_branch_dag.py took 0.157 seconds
[2023-06-13T23:23:54.239+0000] {processor.py:157} INFO - Started process (PID=14201) to work on /home/airflow/.local/lib/python3.7/site-packages/airflow/example_dags/example_nested_branch_dag.py
[2023-06-13T23:23:54.245+0000] {processor.py:826} INFO - Processing file /home/airflow/.local/lib/python3.7/site-packages/airflow/example_dags/example_nested_branch_dag.py for tasks to queue
[2023-06-13T23:23:54.247+0000] {logging_mixin.py:149} INFO - [2023-06-13T23:23:54.247+0000] {dagbag.py:541} INFO - Filling up the DagBag from /home/airflow/.local/lib/python3.7/site-packages/airflow/example_dags/example_nested_branch_dag.py
[2023-06-13T23:23:54.305+0000] {processor.py:836} INFO - DAG(s) dict_keys(['example_nested_branch_dag']) retrieved from /home/airflow/.local/lib/python3.7/site-packages/airflow/example_dags/example_nested_branch_dag.py
[2023-06-13T23:23:54.405+0000] {logging_mixin.py:149} INFO - [2023-06-13T23:23:54.405+0000] {dag.py:2726} INFO - Sync 1 DAGs
[2023-06-13T23:23:54.452+0000] {logging_mixin.py:149} INFO - [2023-06-13T23:23:54.451+0000] {dag.py:3490} INFO - Setting next_dagrun for example_nested_branch_dag to 2023-06-12T00:00:00+00:00, run_after=2023-06-13T00:00:00+00:00
[2023-06-13T23:23:54.496+0000] {processor.py:179} INFO - Processing /home/airflow/.local/lib/python3.7/site-packages/airflow/example_dags/example_nested_branch_dag.py took 0.282 seconds
[2023-06-13T23:24:24.559+0000] {processor.py:157} INFO - Started process (PID=14441) to work on /home/airflow/.local/lib/python3.7/site-packages/airflow/example_dags/example_nested_branch_dag.py
[2023-06-13T23:24:24.561+0000] {processor.py:826} INFO - Processing file /home/airflow/.local/lib/python3.7/site-packages/airflow/example_dags/example_nested_branch_dag.py for tasks to queue
[2023-06-13T23:24:24.562+0000] {logging_mixin.py:149} INFO - [2023-06-13T23:24:24.562+0000] {dagbag.py:541} INFO - Filling up the DagBag from /home/airflow/.local/lib/python3.7/site-packages/airflow/example_dags/example_nested_branch_dag.py
[2023-06-13T23:24:24.579+0000] {processor.py:836} INFO - DAG(s) dict_keys(['example_nested_branch_dag']) retrieved from /home/airflow/.local/lib/python3.7/site-packages/airflow/example_dags/example_nested_branch_dag.py
[2023-06-13T23:24:24.657+0000] {logging_mixin.py:149} INFO - [2023-06-13T23:24:24.656+0000] {dag.py:2726} INFO - Sync 1 DAGs
[2023-06-13T23:24:24.704+0000] {logging_mixin.py:149} INFO - [2023-06-13T23:24:24.703+0000] {dag.py:3490} INFO - Setting next_dagrun for example_nested_branch_dag to 2023-06-12T00:00:00+00:00, run_after=2023-06-13T00:00:00+00:00
[2023-06-13T23:24:24.767+0000] {processor.py:179} INFO - Processing /home/airflow/.local/lib/python3.7/site-packages/airflow/example_dags/example_nested_branch_dag.py took 0.213 seconds
[2023-06-13T23:24:55.009+0000] {processor.py:157} INFO - Started process (PID=14681) to work on /home/airflow/.local/lib/python3.7/site-packages/airflow/example_dags/example_nested_branch_dag.py
[2023-06-13T23:24:55.010+0000] {processor.py:826} INFO - Processing file /home/airflow/.local/lib/python3.7/site-packages/airflow/example_dags/example_nested_branch_dag.py for tasks to queue
[2023-06-13T23:24:55.012+0000] {logging_mixin.py:149} INFO - [2023-06-13T23:24:55.011+0000] {dagbag.py:541} INFO - Filling up the DagBag from /home/airflow/.local/lib/python3.7/site-packages/airflow/example_dags/example_nested_branch_dag.py
[2023-06-13T23:24:55.028+0000] {processor.py:836} INFO - DAG(s) dict_keys(['example_nested_branch_dag']) retrieved from /home/airflow/.local/lib/python3.7/site-packages/airflow/example_dags/example_nested_branch_dag.py
[2023-06-13T23:24:55.085+0000] {logging_mixin.py:149} INFO - [2023-06-13T23:24:55.084+0000] {dag.py:2726} INFO - Sync 1 DAGs
[2023-06-13T23:24:55.148+0000] {logging_mixin.py:149} INFO - [2023-06-13T23:24:55.147+0000] {dag.py:3490} INFO - Setting next_dagrun for example_nested_branch_dag to 2023-06-12T00:00:00+00:00, run_after=2023-06-13T00:00:00+00:00
[2023-06-13T23:24:55.197+0000] {processor.py:179} INFO - Processing /home/airflow/.local/lib/python3.7/site-packages/airflow/example_dags/example_nested_branch_dag.py took 0.196 seconds
[2023-06-13T23:25:25.459+0000] {processor.py:157} INFO - Started process (PID=14923) to work on /home/airflow/.local/lib/python3.7/site-packages/airflow/example_dags/example_nested_branch_dag.py
[2023-06-13T23:25:25.461+0000] {processor.py:826} INFO - Processing file /home/airflow/.local/lib/python3.7/site-packages/airflow/example_dags/example_nested_branch_dag.py for tasks to queue
[2023-06-13T23:25:25.462+0000] {logging_mixin.py:149} INFO - [2023-06-13T23:25:25.462+0000] {dagbag.py:541} INFO - Filling up the DagBag from /home/airflow/.local/lib/python3.7/site-packages/airflow/example_dags/example_nested_branch_dag.py
[2023-06-13T23:25:25.477+0000] {processor.py:836} INFO - DAG(s) dict_keys(['example_nested_branch_dag']) retrieved from /home/airflow/.local/lib/python3.7/site-packages/airflow/example_dags/example_nested_branch_dag.py
[2023-06-13T23:25:25.541+0000] {logging_mixin.py:149} INFO - [2023-06-13T23:25:25.541+0000] {dag.py:2726} INFO - Sync 1 DAGs
[2023-06-13T23:25:25.596+0000] {logging_mixin.py:149} INFO - [2023-06-13T23:25:25.596+0000] {dag.py:3490} INFO - Setting next_dagrun for example_nested_branch_dag to 2023-06-12T00:00:00+00:00, run_after=2023-06-13T00:00:00+00:00
[2023-06-13T23:25:25.647+0000] {processor.py:179} INFO - Processing /home/airflow/.local/lib/python3.7/site-packages/airflow/example_dags/example_nested_branch_dag.py took 0.191 seconds
[2023-06-13T23:25:56.783+0000] {processor.py:157} INFO - Started process (PID=15222) to work on /home/airflow/.local/lib/python3.7/site-packages/airflow/example_dags/example_nested_branch_dag.py
[2023-06-13T23:25:56.786+0000] {processor.py:826} INFO - Processing file /home/airflow/.local/lib/python3.7/site-packages/airflow/example_dags/example_nested_branch_dag.py for tasks to queue
[2023-06-13T23:25:56.788+0000] {logging_mixin.py:149} INFO - [2023-06-13T23:25:56.788+0000] {dagbag.py:541} INFO - Filling up the DagBag from /home/airflow/.local/lib/python3.7/site-packages/airflow/example_dags/example_nested_branch_dag.py
[2023-06-13T23:25:56.814+0000] {processor.py:836} INFO - DAG(s) dict_keys(['example_nested_branch_dag']) retrieved from /home/airflow/.local/lib/python3.7/site-packages/airflow/example_dags/example_nested_branch_dag.py
[2023-06-13T23:25:56.872+0000] {logging_mixin.py:149} INFO - [2023-06-13T23:25:56.872+0000] {dag.py:2726} INFO - Sync 1 DAGs
[2023-06-13T23:25:57.188+0000] {logging_mixin.py:149} INFO - [2023-06-13T23:25:57.187+0000] {process_utils.py:258} INFO - Waiting up to 5 seconds for processes to exit...
