[2023-06-13T22:54:12.459+0000] {processor.py:157} INFO - Started process (PID=318) to work on /home/airflow/.local/lib/python3.7/site-packages/airflow/example_dags/example_latest_only_with_trigger.py
[2023-06-13T22:54:12.461+0000] {processor.py:826} INFO - Processing file /home/airflow/.local/lib/python3.7/site-packages/airflow/example_dags/example_latest_only_with_trigger.py for tasks to queue
[2023-06-13T22:54:12.463+0000] {logging_mixin.py:149} INFO - [2023-06-13T22:54:12.462+0000] {dagbag.py:541} INFO - Filling up the DagBag from /home/airflow/.local/lib/python3.7/site-packages/airflow/example_dags/example_latest_only_with_trigger.py
[2023-06-13T22:54:12.482+0000] {processor.py:836} INFO - DAG(s) dict_keys(['latest_only_with_trigger']) retrieved from /home/airflow/.local/lib/python3.7/site-packages/airflow/example_dags/example_latest_only_with_trigger.py
[2023-06-13T22:54:12.574+0000] {logging_mixin.py:149} INFO - [2023-06-13T22:54:12.573+0000] {dag.py:2726} INFO - Sync 1 DAGs
[2023-06-13T22:54:12.649+0000] {logging_mixin.py:149} INFO - [2023-06-13T22:54:12.648+0000] {dag.py:3490} INFO - Setting next_dagrun for latest_only_with_trigger to 2023-06-13T18:54:12.647639+00:00, run_after=2023-06-13T22:54:12.647639+00:00
[2023-06-13T22:54:12.751+0000] {processor.py:179} INFO - Processing /home/airflow/.local/lib/python3.7/site-packages/airflow/example_dags/example_latest_only_with_trigger.py took 0.299 seconds
[2023-06-13T22:54:45.580+0000] {processor.py:157} INFO - Started process (PID=558) to work on /home/airflow/.local/lib/python3.7/site-packages/airflow/example_dags/example_latest_only_with_trigger.py
[2023-06-13T22:54:45.586+0000] {processor.py:826} INFO - Processing file /home/airflow/.local/lib/python3.7/site-packages/airflow/example_dags/example_latest_only_with_trigger.py for tasks to queue
[2023-06-13T22:54:45.588+0000] {logging_mixin.py:149} INFO - [2023-06-13T22:54:45.588+0000] {dagbag.py:541} INFO - Filling up the DagBag from /home/airflow/.local/lib/python3.7/site-packages/airflow/example_dags/example_latest_only_with_trigger.py
[2023-06-13T22:54:45.600+0000] {processor.py:836} INFO - DAG(s) dict_keys(['latest_only_with_trigger']) retrieved from /home/airflow/.local/lib/python3.7/site-packages/airflow/example_dags/example_latest_only_with_trigger.py
[2023-06-13T22:54:45.662+0000] {logging_mixin.py:149} INFO - [2023-06-13T22:54:45.661+0000] {dag.py:2726} INFO - Sync 1 DAGs
[2023-06-13T22:54:45.914+0000] {logging_mixin.py:149} INFO - [2023-06-13T22:54:45.914+0000] {dag.py:3490} INFO - Setting next_dagrun for latest_only_with_trigger to 2023-06-13T18:54:45.914175+00:00, run_after=2023-06-13T22:54:45.914175+00:00
[2023-06-13T22:54:45.970+0000] {processor.py:179} INFO - Processing /home/airflow/.local/lib/python3.7/site-packages/airflow/example_dags/example_latest_only_with_trigger.py took 0.397 seconds
[2023-06-13T22:55:16.442+0000] {processor.py:157} INFO - Started process (PID=798) to work on /home/airflow/.local/lib/python3.7/site-packages/airflow/example_dags/example_latest_only_with_trigger.py
[2023-06-13T22:55:16.444+0000] {processor.py:826} INFO - Processing file /home/airflow/.local/lib/python3.7/site-packages/airflow/example_dags/example_latest_only_with_trigger.py for tasks to queue
[2023-06-13T22:55:16.445+0000] {logging_mixin.py:149} INFO - [2023-06-13T22:55:16.445+0000] {dagbag.py:541} INFO - Filling up the DagBag from /home/airflow/.local/lib/python3.7/site-packages/airflow/example_dags/example_latest_only_with_trigger.py
[2023-06-13T22:55:16.455+0000] {processor.py:836} INFO - DAG(s) dict_keys(['latest_only_with_trigger']) retrieved from /home/airflow/.local/lib/python3.7/site-packages/airflow/example_dags/example_latest_only_with_trigger.py
[2023-06-13T22:55:16.513+0000] {logging_mixin.py:149} INFO - [2023-06-13T22:55:16.513+0000] {dag.py:2726} INFO - Sync 1 DAGs
[2023-06-13T22:55:16.573+0000] {logging_mixin.py:149} INFO - [2023-06-13T22:55:16.573+0000] {dag.py:3490} INFO - Setting next_dagrun for latest_only_with_trigger to 2023-06-13T18:55:16.572324+00:00, run_after=2023-06-13T22:55:16.572324+00:00
[2023-06-13T22:55:16.635+0000] {processor.py:179} INFO - Processing /home/airflow/.local/lib/python3.7/site-packages/airflow/example_dags/example_latest_only_with_trigger.py took 0.199 seconds
[2023-06-13T22:55:47.325+0000] {processor.py:157} INFO - Started process (PID=1049) to work on /home/airflow/.local/lib/python3.7/site-packages/airflow/example_dags/example_latest_only_with_trigger.py
[2023-06-13T22:55:47.328+0000] {processor.py:826} INFO - Processing file /home/airflow/.local/lib/python3.7/site-packages/airflow/example_dags/example_latest_only_with_trigger.py for tasks to queue
[2023-06-13T22:55:47.330+0000] {logging_mixin.py:149} INFO - [2023-06-13T22:55:47.329+0000] {dagbag.py:541} INFO - Filling up the DagBag from /home/airflow/.local/lib/python3.7/site-packages/airflow/example_dags/example_latest_only_with_trigger.py
[2023-06-13T22:55:47.342+0000] {processor.py:836} INFO - DAG(s) dict_keys(['latest_only_with_trigger']) retrieved from /home/airflow/.local/lib/python3.7/site-packages/airflow/example_dags/example_latest_only_with_trigger.py
[2023-06-13T22:55:47.421+0000] {logging_mixin.py:149} INFO - [2023-06-13T22:55:47.420+0000] {dag.py:2726} INFO - Sync 1 DAGs
[2023-06-13T22:55:47.482+0000] {logging_mixin.py:149} INFO - [2023-06-13T22:55:47.481+0000] {dag.py:3490} INFO - Setting next_dagrun for latest_only_with_trigger to 2023-06-13T18:55:47.481442+00:00, run_after=2023-06-13T22:55:47.481442+00:00
[2023-06-13T22:55:47.557+0000] {processor.py:179} INFO - Processing /home/airflow/.local/lib/python3.7/site-packages/airflow/example_dags/example_latest_only_with_trigger.py took 0.247 seconds
[2023-06-13T22:56:18.187+0000] {processor.py:157} INFO - Started process (PID=1289) to work on /home/airflow/.local/lib/python3.7/site-packages/airflow/example_dags/example_latest_only_with_trigger.py
[2023-06-13T22:56:18.189+0000] {processor.py:826} INFO - Processing file /home/airflow/.local/lib/python3.7/site-packages/airflow/example_dags/example_latest_only_with_trigger.py for tasks to queue
[2023-06-13T22:56:18.190+0000] {logging_mixin.py:149} INFO - [2023-06-13T22:56:18.189+0000] {dagbag.py:541} INFO - Filling up the DagBag from /home/airflow/.local/lib/python3.7/site-packages/airflow/example_dags/example_latest_only_with_trigger.py
[2023-06-13T22:56:18.198+0000] {processor.py:836} INFO - DAG(s) dict_keys(['latest_only_with_trigger']) retrieved from /home/airflow/.local/lib/python3.7/site-packages/airflow/example_dags/example_latest_only_with_trigger.py
[2023-06-13T22:56:18.241+0000] {logging_mixin.py:149} INFO - [2023-06-13T22:56:18.240+0000] {dag.py:2726} INFO - Sync 1 DAGs
[2023-06-13T22:56:18.285+0000] {logging_mixin.py:149} INFO - [2023-06-13T22:56:18.285+0000] {dag.py:3490} INFO - Setting next_dagrun for latest_only_with_trigger to 2023-06-13T18:56:18.284809+00:00, run_after=2023-06-13T22:56:18.284809+00:00
[2023-06-13T22:56:18.335+0000] {processor.py:179} INFO - Processing /home/airflow/.local/lib/python3.7/site-packages/airflow/example_dags/example_latest_only_with_trigger.py took 0.153 seconds
[2023-06-13T22:56:48.469+0000] {processor.py:157} INFO - Started process (PID=1529) to work on /home/airflow/.local/lib/python3.7/site-packages/airflow/example_dags/example_latest_only_with_trigger.py
[2023-06-13T22:56:48.472+0000] {processor.py:826} INFO - Processing file /home/airflow/.local/lib/python3.7/site-packages/airflow/example_dags/example_latest_only_with_trigger.py for tasks to queue
[2023-06-13T22:56:48.473+0000] {logging_mixin.py:149} INFO - [2023-06-13T22:56:48.473+0000] {dagbag.py:541} INFO - Filling up the DagBag from /home/airflow/.local/lib/python3.7/site-packages/airflow/example_dags/example_latest_only_with_trigger.py
[2023-06-13T22:56:48.482+0000] {processor.py:836} INFO - DAG(s) dict_keys(['latest_only_with_trigger']) retrieved from /home/airflow/.local/lib/python3.7/site-packages/airflow/example_dags/example_latest_only_with_trigger.py
[2023-06-13T22:56:48.528+0000] {logging_mixin.py:149} INFO - [2023-06-13T22:56:48.527+0000] {dag.py:2726} INFO - Sync 1 DAGs
[2023-06-13T22:56:48.570+0000] {logging_mixin.py:149} INFO - [2023-06-13T22:56:48.570+0000] {dag.py:3490} INFO - Setting next_dagrun for latest_only_with_trigger to 2023-06-13T18:56:48.570224+00:00, run_after=2023-06-13T22:56:48.570224+00:00
[2023-06-13T22:56:48.606+0000] {processor.py:179} INFO - Processing /home/airflow/.local/lib/python3.7/site-packages/airflow/example_dags/example_latest_only_with_trigger.py took 0.141 seconds
[2023-06-13T22:57:19.630+0000] {processor.py:157} INFO - Started process (PID=1768) to work on /home/airflow/.local/lib/python3.7/site-packages/airflow/example_dags/example_latest_only_with_trigger.py
[2023-06-13T22:57:19.633+0000] {processor.py:826} INFO - Processing file /home/airflow/.local/lib/python3.7/site-packages/airflow/example_dags/example_latest_only_with_trigger.py for tasks to queue
[2023-06-13T22:57:19.635+0000] {logging_mixin.py:149} INFO - [2023-06-13T22:57:19.635+0000] {dagbag.py:541} INFO - Filling up the DagBag from /home/airflow/.local/lib/python3.7/site-packages/airflow/example_dags/example_latest_only_with_trigger.py
[2023-06-13T22:57:19.649+0000] {processor.py:836} INFO - DAG(s) dict_keys(['latest_only_with_trigger']) retrieved from /home/airflow/.local/lib/python3.7/site-packages/airflow/example_dags/example_latest_only_with_trigger.py
[2023-06-13T22:57:19.710+0000] {logging_mixin.py:149} INFO - [2023-06-13T22:57:19.710+0000] {dag.py:2726} INFO - Sync 1 DAGs
[2023-06-13T22:57:19.757+0000] {logging_mixin.py:149} INFO - [2023-06-13T22:57:19.757+0000] {dag.py:3490} INFO - Setting next_dagrun for latest_only_with_trigger to 2023-06-13T18:57:19.756980+00:00, run_after=2023-06-13T22:57:19.756980+00:00
[2023-06-13T22:57:19.822+0000] {processor.py:179} INFO - Processing /home/airflow/.local/lib/python3.7/site-packages/airflow/example_dags/example_latest_only_with_trigger.py took 0.201 seconds
[2023-06-13T22:57:50.127+0000] {processor.py:157} INFO - Started process (PID=2008) to work on /home/airflow/.local/lib/python3.7/site-packages/airflow/example_dags/example_latest_only_with_trigger.py
[2023-06-13T22:57:50.130+0000] {processor.py:826} INFO - Processing file /home/airflow/.local/lib/python3.7/site-packages/airflow/example_dags/example_latest_only_with_trigger.py for tasks to queue
[2023-06-13T22:57:50.132+0000] {logging_mixin.py:149} INFO - [2023-06-13T22:57:50.132+0000] {dagbag.py:541} INFO - Filling up the DagBag from /home/airflow/.local/lib/python3.7/site-packages/airflow/example_dags/example_latest_only_with_trigger.py
[2023-06-13T22:57:50.147+0000] {processor.py:836} INFO - DAG(s) dict_keys(['latest_only_with_trigger']) retrieved from /home/airflow/.local/lib/python3.7/site-packages/airflow/example_dags/example_latest_only_with_trigger.py
[2023-06-13T22:57:50.200+0000] {logging_mixin.py:149} INFO - [2023-06-13T22:57:50.199+0000] {dag.py:2726} INFO - Sync 1 DAGs
[2023-06-13T22:57:50.257+0000] {logging_mixin.py:149} INFO - [2023-06-13T22:57:50.257+0000] {dag.py:3490} INFO - Setting next_dagrun for latest_only_with_trigger to 2023-06-13T18:57:50.256813+00:00, run_after=2023-06-13T22:57:50.256813+00:00
[2023-06-13T22:57:50.315+0000] {processor.py:179} INFO - Processing /home/airflow/.local/lib/python3.7/site-packages/airflow/example_dags/example_latest_only_with_trigger.py took 0.194 seconds
[2023-06-13T22:58:21.129+0000] {processor.py:157} INFO - Started process (PID=2248) to work on /home/airflow/.local/lib/python3.7/site-packages/airflow/example_dags/example_latest_only_with_trigger.py
[2023-06-13T22:58:21.132+0000] {processor.py:826} INFO - Processing file /home/airflow/.local/lib/python3.7/site-packages/airflow/example_dags/example_latest_only_with_trigger.py for tasks to queue
[2023-06-13T22:58:21.134+0000] {logging_mixin.py:149} INFO - [2023-06-13T22:58:21.133+0000] {dagbag.py:541} INFO - Filling up the DagBag from /home/airflow/.local/lib/python3.7/site-packages/airflow/example_dags/example_latest_only_with_trigger.py
[2023-06-13T22:58:21.151+0000] {processor.py:836} INFO - DAG(s) dict_keys(['latest_only_with_trigger']) retrieved from /home/airflow/.local/lib/python3.7/site-packages/airflow/example_dags/example_latest_only_with_trigger.py
[2023-06-13T22:58:21.217+0000] {logging_mixin.py:149} INFO - [2023-06-13T22:58:21.217+0000] {dag.py:2726} INFO - Sync 1 DAGs
[2023-06-13T22:58:21.265+0000] {logging_mixin.py:149} INFO - [2023-06-13T22:58:21.264+0000] {dag.py:3490} INFO - Setting next_dagrun for latest_only_with_trigger to 2023-06-13T18:58:21.264500+00:00, run_after=2023-06-13T22:58:21.264500+00:00
[2023-06-13T22:58:21.320+0000] {processor.py:179} INFO - Processing /home/airflow/.local/lib/python3.7/site-packages/airflow/example_dags/example_latest_only_with_trigger.py took 0.198 seconds
[2023-06-13T22:58:52.203+0000] {processor.py:157} INFO - Started process (PID=2488) to work on /home/airflow/.local/lib/python3.7/site-packages/airflow/example_dags/example_latest_only_with_trigger.py
[2023-06-13T22:58:52.205+0000] {processor.py:826} INFO - Processing file /home/airflow/.local/lib/python3.7/site-packages/airflow/example_dags/example_latest_only_with_trigger.py for tasks to queue
[2023-06-13T22:58:52.207+0000] {logging_mixin.py:149} INFO - [2023-06-13T22:58:52.207+0000] {dagbag.py:541} INFO - Filling up the DagBag from /home/airflow/.local/lib/python3.7/site-packages/airflow/example_dags/example_latest_only_with_trigger.py
[2023-06-13T22:58:52.218+0000] {processor.py:836} INFO - DAG(s) dict_keys(['latest_only_with_trigger']) retrieved from /home/airflow/.local/lib/python3.7/site-packages/airflow/example_dags/example_latest_only_with_trigger.py
[2023-06-13T22:58:52.288+0000] {logging_mixin.py:149} INFO - [2023-06-13T22:58:52.288+0000] {dag.py:2726} INFO - Sync 1 DAGs
[2023-06-13T22:58:52.346+0000] {logging_mixin.py:149} INFO - [2023-06-13T22:58:52.345+0000] {dag.py:3490} INFO - Setting next_dagrun for latest_only_with_trigger to 2023-06-13T18:58:52.345056+00:00, run_after=2023-06-13T22:58:52.345056+00:00
[2023-06-13T22:58:52.407+0000] {processor.py:179} INFO - Processing /home/airflow/.local/lib/python3.7/site-packages/airflow/example_dags/example_latest_only_with_trigger.py took 0.210 seconds
[2023-06-13T22:59:22.668+0000] {processor.py:157} INFO - Started process (PID=2728) to work on /home/airflow/.local/lib/python3.7/site-packages/airflow/example_dags/example_latest_only_with_trigger.py
[2023-06-13T22:59:22.670+0000] {processor.py:826} INFO - Processing file /home/airflow/.local/lib/python3.7/site-packages/airflow/example_dags/example_latest_only_with_trigger.py for tasks to queue
[2023-06-13T22:59:22.671+0000] {logging_mixin.py:149} INFO - [2023-06-13T22:59:22.671+0000] {dagbag.py:541} INFO - Filling up the DagBag from /home/airflow/.local/lib/python3.7/site-packages/airflow/example_dags/example_latest_only_with_trigger.py
[2023-06-13T22:59:22.685+0000] {processor.py:836} INFO - DAG(s) dict_keys(['latest_only_with_trigger']) retrieved from /home/airflow/.local/lib/python3.7/site-packages/airflow/example_dags/example_latest_only_with_trigger.py
[2023-06-13T22:59:22.741+0000] {logging_mixin.py:149} INFO - [2023-06-13T22:59:22.740+0000] {dag.py:2726} INFO - Sync 1 DAGs
[2023-06-13T22:59:22.810+0000] {logging_mixin.py:149} INFO - [2023-06-13T22:59:22.810+0000] {dag.py:3490} INFO - Setting next_dagrun for latest_only_with_trigger to 2023-06-13T18:59:22.809384+00:00, run_after=2023-06-13T22:59:22.809384+00:00
[2023-06-13T22:59:22.876+0000] {processor.py:179} INFO - Processing /home/airflow/.local/lib/python3.7/site-packages/airflow/example_dags/example_latest_only_with_trigger.py took 0.214 seconds
[2023-06-13T22:59:53.434+0000] {processor.py:157} INFO - Started process (PID=2970) to work on /home/airflow/.local/lib/python3.7/site-packages/airflow/example_dags/example_latest_only_with_trigger.py
[2023-06-13T22:59:53.436+0000] {processor.py:826} INFO - Processing file /home/airflow/.local/lib/python3.7/site-packages/airflow/example_dags/example_latest_only_with_trigger.py for tasks to queue
[2023-06-13T22:59:53.438+0000] {logging_mixin.py:149} INFO - [2023-06-13T22:59:53.438+0000] {dagbag.py:541} INFO - Filling up the DagBag from /home/airflow/.local/lib/python3.7/site-packages/airflow/example_dags/example_latest_only_with_trigger.py
[2023-06-13T22:59:53.450+0000] {processor.py:836} INFO - DAG(s) dict_keys(['latest_only_with_trigger']) retrieved from /home/airflow/.local/lib/python3.7/site-packages/airflow/example_dags/example_latest_only_with_trigger.py
[2023-06-13T22:59:53.503+0000] {logging_mixin.py:149} INFO - [2023-06-13T22:59:53.503+0000] {dag.py:2726} INFO - Sync 1 DAGs
[2023-06-13T22:59:53.551+0000] {logging_mixin.py:149} INFO - [2023-06-13T22:59:53.551+0000] {dag.py:3490} INFO - Setting next_dagrun for latest_only_with_trigger to 2023-06-13T18:59:53.550960+00:00, run_after=2023-06-13T22:59:53.550960+00:00
[2023-06-13T22:59:53.606+0000] {processor.py:179} INFO - Processing /home/airflow/.local/lib/python3.7/site-packages/airflow/example_dags/example_latest_only_with_trigger.py took 0.178 seconds
[2023-06-13T23:00:24.442+0000] {processor.py:157} INFO - Started process (PID=3208) to work on /home/airflow/.local/lib/python3.7/site-packages/airflow/example_dags/example_latest_only_with_trigger.py
[2023-06-13T23:00:24.444+0000] {processor.py:826} INFO - Processing file /home/airflow/.local/lib/python3.7/site-packages/airflow/example_dags/example_latest_only_with_trigger.py for tasks to queue
[2023-06-13T23:00:24.445+0000] {logging_mixin.py:149} INFO - [2023-06-13T23:00:24.444+0000] {dagbag.py:541} INFO - Filling up the DagBag from /home/airflow/.local/lib/python3.7/site-packages/airflow/example_dags/example_latest_only_with_trigger.py
[2023-06-13T23:00:24.457+0000] {processor.py:836} INFO - DAG(s) dict_keys(['latest_only_with_trigger']) retrieved from /home/airflow/.local/lib/python3.7/site-packages/airflow/example_dags/example_latest_only_with_trigger.py
[2023-06-13T23:00:24.511+0000] {logging_mixin.py:149} INFO - [2023-06-13T23:00:24.511+0000] {dag.py:2726} INFO - Sync 1 DAGs
[2023-06-13T23:00:24.568+0000] {logging_mixin.py:149} INFO - [2023-06-13T23:00:24.568+0000] {dag.py:3490} INFO - Setting next_dagrun for latest_only_with_trigger to 2023-06-13T19:00:24.567806+00:00, run_after=2023-06-13T23:00:24.567806+00:00
[2023-06-13T23:00:24.628+0000] {processor.py:179} INFO - Processing /home/airflow/.local/lib/python3.7/site-packages/airflow/example_dags/example_latest_only_with_trigger.py took 0.198 seconds
[2023-06-13T23:00:55.347+0000] {processor.py:157} INFO - Started process (PID=3460) to work on /home/airflow/.local/lib/python3.7/site-packages/airflow/example_dags/example_latest_only_with_trigger.py
[2023-06-13T23:00:55.350+0000] {processor.py:826} INFO - Processing file /home/airflow/.local/lib/python3.7/site-packages/airflow/example_dags/example_latest_only_with_trigger.py for tasks to queue
[2023-06-13T23:00:55.352+0000] {logging_mixin.py:149} INFO - [2023-06-13T23:00:55.352+0000] {dagbag.py:541} INFO - Filling up the DagBag from /home/airflow/.local/lib/python3.7/site-packages/airflow/example_dags/example_latest_only_with_trigger.py
[2023-06-13T23:00:55.364+0000] {processor.py:836} INFO - DAG(s) dict_keys(['latest_only_with_trigger']) retrieved from /home/airflow/.local/lib/python3.7/site-packages/airflow/example_dags/example_latest_only_with_trigger.py
[2023-06-13T23:00:55.454+0000] {logging_mixin.py:149} INFO - [2023-06-13T23:00:55.453+0000] {dag.py:2726} INFO - Sync 1 DAGs
[2023-06-13T23:00:55.510+0000] {logging_mixin.py:149} INFO - [2023-06-13T23:00:55.509+0000] {dag.py:3490} INFO - Setting next_dagrun for latest_only_with_trigger to 2023-06-13T19:00:55.509313+00:00, run_after=2023-06-13T23:00:55.509313+00:00
[2023-06-13T23:00:55.579+0000] {processor.py:179} INFO - Processing /home/airflow/.local/lib/python3.7/site-packages/airflow/example_dags/example_latest_only_with_trigger.py took 0.238 seconds
[2023-06-13T23:01:25.877+0000] {processor.py:157} INFO - Started process (PID=3700) to work on /home/airflow/.local/lib/python3.7/site-packages/airflow/example_dags/example_latest_only_with_trigger.py
[2023-06-13T23:01:25.878+0000] {processor.py:826} INFO - Processing file /home/airflow/.local/lib/python3.7/site-packages/airflow/example_dags/example_latest_only_with_trigger.py for tasks to queue
[2023-06-13T23:01:25.880+0000] {logging_mixin.py:149} INFO - [2023-06-13T23:01:25.880+0000] {dagbag.py:541} INFO - Filling up the DagBag from /home/airflow/.local/lib/python3.7/site-packages/airflow/example_dags/example_latest_only_with_trigger.py
[2023-06-13T23:01:25.892+0000] {processor.py:836} INFO - DAG(s) dict_keys(['latest_only_with_trigger']) retrieved from /home/airflow/.local/lib/python3.7/site-packages/airflow/example_dags/example_latest_only_with_trigger.py
[2023-06-13T23:01:25.979+0000] {logging_mixin.py:149} INFO - [2023-06-13T23:01:25.978+0000] {dag.py:2726} INFO - Sync 1 DAGs
[2023-06-13T23:01:26.040+0000] {logging_mixin.py:149} INFO - [2023-06-13T23:01:26.040+0000] {dag.py:3490} INFO - Setting next_dagrun for latest_only_with_trigger to 2023-06-13T19:01:26.039319+00:00, run_after=2023-06-13T23:01:26.039319+00:00
[2023-06-13T23:01:26.107+0000] {processor.py:179} INFO - Processing /home/airflow/.local/lib/python3.7/site-packages/airflow/example_dags/example_latest_only_with_trigger.py took 0.236 seconds
[2023-06-13T23:01:56.321+0000] {processor.py:157} INFO - Started process (PID=3936) to work on /home/airflow/.local/lib/python3.7/site-packages/airflow/example_dags/example_latest_only_with_trigger.py
[2023-06-13T23:01:56.327+0000] {processor.py:826} INFO - Processing file /home/airflow/.local/lib/python3.7/site-packages/airflow/example_dags/example_latest_only_with_trigger.py for tasks to queue
[2023-06-13T23:01:56.329+0000] {logging_mixin.py:149} INFO - [2023-06-13T23:01:56.328+0000] {dagbag.py:541} INFO - Filling up the DagBag from /home/airflow/.local/lib/python3.7/site-packages/airflow/example_dags/example_latest_only_with_trigger.py
[2023-06-13T23:01:56.344+0000] {processor.py:836} INFO - DAG(s) dict_keys(['latest_only_with_trigger']) retrieved from /home/airflow/.local/lib/python3.7/site-packages/airflow/example_dags/example_latest_only_with_trigger.py
[2023-06-13T23:01:56.454+0000] {logging_mixin.py:149} INFO - [2023-06-13T23:01:56.453+0000] {dag.py:2726} INFO - Sync 1 DAGs
[2023-06-13T23:01:56.526+0000] {logging_mixin.py:149} INFO - [2023-06-13T23:01:56.526+0000] {dag.py:3490} INFO - Setting next_dagrun for latest_only_with_trigger to 2023-06-13T19:01:56.525757+00:00, run_after=2023-06-13T23:01:56.525757+00:00
[2023-06-13T23:01:56.581+0000] {processor.py:179} INFO - Processing /home/airflow/.local/lib/python3.7/site-packages/airflow/example_dags/example_latest_only_with_trigger.py took 0.269 seconds
[2023-06-13T23:02:26.969+0000] {processor.py:157} INFO - Started process (PID=4171) to work on /home/airflow/.local/lib/python3.7/site-packages/airflow/example_dags/example_latest_only_with_trigger.py
[2023-06-13T23:02:26.972+0000] {processor.py:826} INFO - Processing file /home/airflow/.local/lib/python3.7/site-packages/airflow/example_dags/example_latest_only_with_trigger.py for tasks to queue
[2023-06-13T23:02:26.974+0000] {logging_mixin.py:149} INFO - [2023-06-13T23:02:26.974+0000] {dagbag.py:541} INFO - Filling up the DagBag from /home/airflow/.local/lib/python3.7/site-packages/airflow/example_dags/example_latest_only_with_trigger.py
[2023-06-13T23:02:26.985+0000] {processor.py:836} INFO - DAG(s) dict_keys(['latest_only_with_trigger']) retrieved from /home/airflow/.local/lib/python3.7/site-packages/airflow/example_dags/example_latest_only_with_trigger.py
[2023-06-13T23:02:27.062+0000] {logging_mixin.py:149} INFO - [2023-06-13T23:02:27.061+0000] {dag.py:2726} INFO - Sync 1 DAGs
[2023-06-13T23:02:27.127+0000] {logging_mixin.py:149} INFO - [2023-06-13T23:02:27.127+0000] {dag.py:3490} INFO - Setting next_dagrun for latest_only_with_trigger to 2023-06-13T19:02:27.126703+00:00, run_after=2023-06-13T23:02:27.126703+00:00
[2023-06-13T23:02:27.198+0000] {processor.py:179} INFO - Processing /home/airflow/.local/lib/python3.7/site-packages/airflow/example_dags/example_latest_only_with_trigger.py took 0.235 seconds
[2023-06-13T23:02:58.196+0000] {processor.py:157} INFO - Started process (PID=4410) to work on /home/airflow/.local/lib/python3.7/site-packages/airflow/example_dags/example_latest_only_with_trigger.py
[2023-06-13T23:02:58.197+0000] {processor.py:826} INFO - Processing file /home/airflow/.local/lib/python3.7/site-packages/airflow/example_dags/example_latest_only_with_trigger.py for tasks to queue
[2023-06-13T23:02:58.198+0000] {logging_mixin.py:149} INFO - [2023-06-13T23:02:58.198+0000] {dagbag.py:541} INFO - Filling up the DagBag from /home/airflow/.local/lib/python3.7/site-packages/airflow/example_dags/example_latest_only_with_trigger.py
[2023-06-13T23:02:58.206+0000] {processor.py:836} INFO - DAG(s) dict_keys(['latest_only_with_trigger']) retrieved from /home/airflow/.local/lib/python3.7/site-packages/airflow/example_dags/example_latest_only_with_trigger.py
[2023-06-13T23:02:58.251+0000] {logging_mixin.py:149} INFO - [2023-06-13T23:02:58.251+0000] {dag.py:2726} INFO - Sync 1 DAGs
[2023-06-13T23:02:58.291+0000] {logging_mixin.py:149} INFO - [2023-06-13T23:02:58.291+0000] {dag.py:3490} INFO - Setting next_dagrun for latest_only_with_trigger to 2023-06-13T19:02:58.291206+00:00, run_after=2023-06-13T23:02:58.291206+00:00
[2023-06-13T23:02:58.337+0000] {processor.py:179} INFO - Processing /home/airflow/.local/lib/python3.7/site-packages/airflow/example_dags/example_latest_only_with_trigger.py took 0.146 seconds
[2023-06-13T23:03:28.597+0000] {processor.py:157} INFO - Started process (PID=4650) to work on /home/airflow/.local/lib/python3.7/site-packages/airflow/example_dags/example_latest_only_with_trigger.py
[2023-06-13T23:03:28.599+0000] {processor.py:826} INFO - Processing file /home/airflow/.local/lib/python3.7/site-packages/airflow/example_dags/example_latest_only_with_trigger.py for tasks to queue
[2023-06-13T23:03:28.600+0000] {logging_mixin.py:149} INFO - [2023-06-13T23:03:28.600+0000] {dagbag.py:541} INFO - Filling up the DagBag from /home/airflow/.local/lib/python3.7/site-packages/airflow/example_dags/example_latest_only_with_trigger.py
[2023-06-13T23:03:28.608+0000] {processor.py:836} INFO - DAG(s) dict_keys(['latest_only_with_trigger']) retrieved from /home/airflow/.local/lib/python3.7/site-packages/airflow/example_dags/example_latest_only_with_trigger.py
[2023-06-13T23:03:28.652+0000] {logging_mixin.py:149} INFO - [2023-06-13T23:03:28.652+0000] {dag.py:2726} INFO - Sync 1 DAGs
[2023-06-13T23:03:28.692+0000] {logging_mixin.py:149} INFO - [2023-06-13T23:03:28.692+0000] {dag.py:3490} INFO - Setting next_dagrun for latest_only_with_trigger to 2023-06-13T19:03:28.692226+00:00, run_after=2023-06-13T23:03:28.692226+00:00
[2023-06-13T23:03:28.735+0000] {processor.py:179} INFO - Processing /home/airflow/.local/lib/python3.7/site-packages/airflow/example_dags/example_latest_only_with_trigger.py took 0.143 seconds
[2023-06-13T23:03:59.090+0000] {processor.py:157} INFO - Started process (PID=4890) to work on /home/airflow/.local/lib/python3.7/site-packages/airflow/example_dags/example_latest_only_with_trigger.py
[2023-06-13T23:03:59.092+0000] {processor.py:826} INFO - Processing file /home/airflow/.local/lib/python3.7/site-packages/airflow/example_dags/example_latest_only_with_trigger.py for tasks to queue
[2023-06-13T23:03:59.093+0000] {logging_mixin.py:149} INFO - [2023-06-13T23:03:59.093+0000] {dagbag.py:541} INFO - Filling up the DagBag from /home/airflow/.local/lib/python3.7/site-packages/airflow/example_dags/example_latest_only_with_trigger.py
[2023-06-13T23:03:59.101+0000] {processor.py:836} INFO - DAG(s) dict_keys(['latest_only_with_trigger']) retrieved from /home/airflow/.local/lib/python3.7/site-packages/airflow/example_dags/example_latest_only_with_trigger.py
[2023-06-13T23:03:59.152+0000] {logging_mixin.py:149} INFO - [2023-06-13T23:03:59.152+0000] {dag.py:2726} INFO - Sync 1 DAGs
[2023-06-13T23:03:59.198+0000] {logging_mixin.py:149} INFO - [2023-06-13T23:03:59.198+0000] {dag.py:3490} INFO - Setting next_dagrun for latest_only_with_trigger to 2023-06-13T19:03:59.197929+00:00, run_after=2023-06-13T23:03:59.197929+00:00
[2023-06-13T23:03:59.246+0000] {processor.py:179} INFO - Processing /home/airflow/.local/lib/python3.7/site-packages/airflow/example_dags/example_latest_only_with_trigger.py took 0.161 seconds
[2023-06-13T23:04:29.326+0000] {processor.py:157} INFO - Started process (PID=5127) to work on /home/airflow/.local/lib/python3.7/site-packages/airflow/example_dags/example_latest_only_with_trigger.py
[2023-06-13T23:04:29.328+0000] {processor.py:826} INFO - Processing file /home/airflow/.local/lib/python3.7/site-packages/airflow/example_dags/example_latest_only_with_trigger.py for tasks to queue
[2023-06-13T23:04:29.329+0000] {logging_mixin.py:149} INFO - [2023-06-13T23:04:29.329+0000] {dagbag.py:541} INFO - Filling up the DagBag from /home/airflow/.local/lib/python3.7/site-packages/airflow/example_dags/example_latest_only_with_trigger.py
[2023-06-13T23:04:29.340+0000] {processor.py:836} INFO - DAG(s) dict_keys(['latest_only_with_trigger']) retrieved from /home/airflow/.local/lib/python3.7/site-packages/airflow/example_dags/example_latest_only_with_trigger.py
[2023-06-13T23:04:29.385+0000] {logging_mixin.py:149} INFO - [2023-06-13T23:04:29.385+0000] {dag.py:2726} INFO - Sync 1 DAGs
[2023-06-13T23:04:29.450+0000] {logging_mixin.py:149} INFO - [2023-06-13T23:04:29.450+0000] {dag.py:3490} INFO - Setting next_dagrun for latest_only_with_trigger to 2023-06-13T19:04:29.449682+00:00, run_after=2023-06-13T23:04:29.449682+00:00
[2023-06-13T23:04:29.499+0000] {processor.py:179} INFO - Processing /home/airflow/.local/lib/python3.7/site-packages/airflow/example_dags/example_latest_only_with_trigger.py took 0.180 seconds
[2023-06-13T23:05:00.251+0000] {processor.py:157} INFO - Started process (PID=5370) to work on /home/airflow/.local/lib/python3.7/site-packages/airflow/example_dags/example_latest_only_with_trigger.py
[2023-06-13T23:05:00.253+0000] {processor.py:826} INFO - Processing file /home/airflow/.local/lib/python3.7/site-packages/airflow/example_dags/example_latest_only_with_trigger.py for tasks to queue
[2023-06-13T23:05:00.254+0000] {logging_mixin.py:149} INFO - [2023-06-13T23:05:00.253+0000] {dagbag.py:541} INFO - Filling up the DagBag from /home/airflow/.local/lib/python3.7/site-packages/airflow/example_dags/example_latest_only_with_trigger.py
[2023-06-13T23:05:00.265+0000] {processor.py:836} INFO - DAG(s) dict_keys(['latest_only_with_trigger']) retrieved from /home/airflow/.local/lib/python3.7/site-packages/airflow/example_dags/example_latest_only_with_trigger.py
[2023-06-13T23:05:00.319+0000] {logging_mixin.py:149} INFO - [2023-06-13T23:05:00.319+0000] {dag.py:2726} INFO - Sync 1 DAGs
[2023-06-13T23:05:00.365+0000] {logging_mixin.py:149} INFO - [2023-06-13T23:05:00.365+0000] {dag.py:3490} INFO - Setting next_dagrun for latest_only_with_trigger to 2023-06-13T19:05:00.365086+00:00, run_after=2023-06-13T23:05:00.365086+00:00
[2023-06-13T23:05:00.423+0000] {processor.py:179} INFO - Processing /home/airflow/.local/lib/python3.7/site-packages/airflow/example_dags/example_latest_only_with_trigger.py took 0.178 seconds
[2023-06-13T23:05:31.177+0000] {processor.py:157} INFO - Started process (PID=5610) to work on /home/airflow/.local/lib/python3.7/site-packages/airflow/example_dags/example_latest_only_with_trigger.py
[2023-06-13T23:05:31.181+0000] {processor.py:826} INFO - Processing file /home/airflow/.local/lib/python3.7/site-packages/airflow/example_dags/example_latest_only_with_trigger.py for tasks to queue
[2023-06-13T23:05:31.182+0000] {logging_mixin.py:149} INFO - [2023-06-13T23:05:31.182+0000] {dagbag.py:541} INFO - Filling up the DagBag from /home/airflow/.local/lib/python3.7/site-packages/airflow/example_dags/example_latest_only_with_trigger.py
[2023-06-13T23:05:31.194+0000] {processor.py:836} INFO - DAG(s) dict_keys(['latest_only_with_trigger']) retrieved from /home/airflow/.local/lib/python3.7/site-packages/airflow/example_dags/example_latest_only_with_trigger.py
[2023-06-13T23:05:31.250+0000] {logging_mixin.py:149} INFO - [2023-06-13T23:05:31.250+0000] {dag.py:2726} INFO - Sync 1 DAGs
[2023-06-13T23:05:31.322+0000] {logging_mixin.py:149} INFO - [2023-06-13T23:05:31.322+0000] {dag.py:3490} INFO - Setting next_dagrun for latest_only_with_trigger to 2023-06-13T19:05:31.321900+00:00, run_after=2023-06-13T23:05:31.321900+00:00
[2023-06-13T23:05:31.370+0000] {processor.py:179} INFO - Processing /home/airflow/.local/lib/python3.7/site-packages/airflow/example_dags/example_latest_only_with_trigger.py took 0.203 seconds
[2023-06-13T23:06:01.811+0000] {processor.py:157} INFO - Started process (PID=5850) to work on /home/airflow/.local/lib/python3.7/site-packages/airflow/example_dags/example_latest_only_with_trigger.py
[2023-06-13T23:06:01.813+0000] {processor.py:826} INFO - Processing file /home/airflow/.local/lib/python3.7/site-packages/airflow/example_dags/example_latest_only_with_trigger.py for tasks to queue
[2023-06-13T23:06:01.815+0000] {logging_mixin.py:149} INFO - [2023-06-13T23:06:01.815+0000] {dagbag.py:541} INFO - Filling up the DagBag from /home/airflow/.local/lib/python3.7/site-packages/airflow/example_dags/example_latest_only_with_trigger.py
[2023-06-13T23:06:01.825+0000] {processor.py:836} INFO - DAG(s) dict_keys(['latest_only_with_trigger']) retrieved from /home/airflow/.local/lib/python3.7/site-packages/airflow/example_dags/example_latest_only_with_trigger.py
[2023-06-13T23:06:01.880+0000] {logging_mixin.py:149} INFO - [2023-06-13T23:06:01.880+0000] {dag.py:2726} INFO - Sync 1 DAGs
[2023-06-13T23:06:01.927+0000] {logging_mixin.py:149} INFO - [2023-06-13T23:06:01.927+0000] {dag.py:3490} INFO - Setting next_dagrun for latest_only_with_trigger to 2023-06-13T19:06:01.926863+00:00, run_after=2023-06-13T23:06:01.926863+00:00
[2023-06-13T23:06:01.986+0000] {processor.py:179} INFO - Processing /home/airflow/.local/lib/python3.7/site-packages/airflow/example_dags/example_latest_only_with_trigger.py took 0.183 seconds
[2023-06-13T23:06:32.301+0000] {processor.py:157} INFO - Started process (PID=6090) to work on /home/airflow/.local/lib/python3.7/site-packages/airflow/example_dags/example_latest_only_with_trigger.py
[2023-06-13T23:06:32.304+0000] {processor.py:826} INFO - Processing file /home/airflow/.local/lib/python3.7/site-packages/airflow/example_dags/example_latest_only_with_trigger.py for tasks to queue
[2023-06-13T23:06:32.305+0000] {logging_mixin.py:149} INFO - [2023-06-13T23:06:32.305+0000] {dagbag.py:541} INFO - Filling up the DagBag from /home/airflow/.local/lib/python3.7/site-packages/airflow/example_dags/example_latest_only_with_trigger.py
[2023-06-13T23:06:32.317+0000] {processor.py:836} INFO - DAG(s) dict_keys(['latest_only_with_trigger']) retrieved from /home/airflow/.local/lib/python3.7/site-packages/airflow/example_dags/example_latest_only_with_trigger.py
[2023-06-13T23:06:32.397+0000] {logging_mixin.py:149} INFO - [2023-06-13T23:06:32.397+0000] {dag.py:2726} INFO - Sync 1 DAGs
[2023-06-13T23:06:32.446+0000] {logging_mixin.py:149} INFO - [2023-06-13T23:06:32.446+0000] {dag.py:3490} INFO - Setting next_dagrun for latest_only_with_trigger to 2023-06-13T19:06:32.445912+00:00, run_after=2023-06-13T23:06:32.445912+00:00
[2023-06-13T23:06:32.529+0000] {processor.py:179} INFO - Processing /home/airflow/.local/lib/python3.7/site-packages/airflow/example_dags/example_latest_only_with_trigger.py took 0.235 seconds
[2023-06-13T23:07:03.120+0000] {processor.py:157} INFO - Started process (PID=6329) to work on /home/airflow/.local/lib/python3.7/site-packages/airflow/example_dags/example_latest_only_with_trigger.py
[2023-06-13T23:07:03.123+0000] {processor.py:826} INFO - Processing file /home/airflow/.local/lib/python3.7/site-packages/airflow/example_dags/example_latest_only_with_trigger.py for tasks to queue
[2023-06-13T23:07:03.124+0000] {logging_mixin.py:149} INFO - [2023-06-13T23:07:03.124+0000] {dagbag.py:541} INFO - Filling up the DagBag from /home/airflow/.local/lib/python3.7/site-packages/airflow/example_dags/example_latest_only_with_trigger.py
[2023-06-13T23:07:03.133+0000] {processor.py:836} INFO - DAG(s) dict_keys(['latest_only_with_trigger']) retrieved from /home/airflow/.local/lib/python3.7/site-packages/airflow/example_dags/example_latest_only_with_trigger.py
[2023-06-13T23:07:03.186+0000] {logging_mixin.py:149} INFO - [2023-06-13T23:07:03.186+0000] {dag.py:2726} INFO - Sync 1 DAGs
[2023-06-13T23:07:03.229+0000] {logging_mixin.py:149} INFO - [2023-06-13T23:07:03.229+0000] {dag.py:3490} INFO - Setting next_dagrun for latest_only_with_trigger to 2023-06-13T19:07:03.228636+00:00, run_after=2023-06-13T23:07:03.228636+00:00
[2023-06-13T23:07:03.275+0000] {processor.py:179} INFO - Processing /home/airflow/.local/lib/python3.7/site-packages/airflow/example_dags/example_latest_only_with_trigger.py took 0.159 seconds
[2023-06-13T23:07:33.337+0000] {processor.py:157} INFO - Started process (PID=6567) to work on /home/airflow/.local/lib/python3.7/site-packages/airflow/example_dags/example_latest_only_with_trigger.py
[2023-06-13T23:07:33.339+0000] {processor.py:826} INFO - Processing file /home/airflow/.local/lib/python3.7/site-packages/airflow/example_dags/example_latest_only_with_trigger.py for tasks to queue
[2023-06-13T23:07:33.340+0000] {logging_mixin.py:149} INFO - [2023-06-13T23:07:33.340+0000] {dagbag.py:541} INFO - Filling up the DagBag from /home/airflow/.local/lib/python3.7/site-packages/airflow/example_dags/example_latest_only_with_trigger.py
[2023-06-13T23:07:33.350+0000] {processor.py:836} INFO - DAG(s) dict_keys(['latest_only_with_trigger']) retrieved from /home/airflow/.local/lib/python3.7/site-packages/airflow/example_dags/example_latest_only_with_trigger.py
[2023-06-13T23:07:33.407+0000] {logging_mixin.py:149} INFO - [2023-06-13T23:07:33.407+0000] {dag.py:2726} INFO - Sync 1 DAGs
[2023-06-13T23:07:33.451+0000] {logging_mixin.py:149} INFO - [2023-06-13T23:07:33.451+0000] {dag.py:3490} INFO - Setting next_dagrun for latest_only_with_trigger to 2023-06-13T19:07:33.451067+00:00, run_after=2023-06-13T23:07:33.451067+00:00
[2023-06-13T23:07:33.505+0000] {processor.py:179} INFO - Processing /home/airflow/.local/lib/python3.7/site-packages/airflow/example_dags/example_latest_only_with_trigger.py took 0.171 seconds
[2023-06-13T23:08:03.569+0000] {processor.py:157} INFO - Started process (PID=6804) to work on /home/airflow/.local/lib/python3.7/site-packages/airflow/example_dags/example_latest_only_with_trigger.py
[2023-06-13T23:08:03.571+0000] {processor.py:826} INFO - Processing file /home/airflow/.local/lib/python3.7/site-packages/airflow/example_dags/example_latest_only_with_trigger.py for tasks to queue
[2023-06-13T23:08:03.573+0000] {logging_mixin.py:149} INFO - [2023-06-13T23:08:03.572+0000] {dagbag.py:541} INFO - Filling up the DagBag from /home/airflow/.local/lib/python3.7/site-packages/airflow/example_dags/example_latest_only_with_trigger.py
[2023-06-13T23:08:03.586+0000] {processor.py:836} INFO - DAG(s) dict_keys(['latest_only_with_trigger']) retrieved from /home/airflow/.local/lib/python3.7/site-packages/airflow/example_dags/example_latest_only_with_trigger.py
[2023-06-13T23:08:03.654+0000] {logging_mixin.py:149} INFO - [2023-06-13T23:08:03.654+0000] {dag.py:2726} INFO - Sync 1 DAGs
[2023-06-13T23:08:03.700+0000] {logging_mixin.py:149} INFO - [2023-06-13T23:08:03.699+0000] {dag.py:3490} INFO - Setting next_dagrun for latest_only_with_trigger to 2023-06-13T19:08:03.699417+00:00, run_after=2023-06-13T23:08:03.699417+00:00
[2023-06-13T23:08:03.755+0000] {processor.py:179} INFO - Processing /home/airflow/.local/lib/python3.7/site-packages/airflow/example_dags/example_latest_only_with_trigger.py took 0.190 seconds
[2023-06-13T23:08:34.079+0000] {processor.py:157} INFO - Started process (PID=7043) to work on /home/airflow/.local/lib/python3.7/site-packages/airflow/example_dags/example_latest_only_with_trigger.py
[2023-06-13T23:08:34.082+0000] {processor.py:826} INFO - Processing file /home/airflow/.local/lib/python3.7/site-packages/airflow/example_dags/example_latest_only_with_trigger.py for tasks to queue
[2023-06-13T23:08:34.084+0000] {logging_mixin.py:149} INFO - [2023-06-13T23:08:34.083+0000] {dagbag.py:541} INFO - Filling up the DagBag from /home/airflow/.local/lib/python3.7/site-packages/airflow/example_dags/example_latest_only_with_trigger.py
[2023-06-13T23:08:34.094+0000] {processor.py:836} INFO - DAG(s) dict_keys(['latest_only_with_trigger']) retrieved from /home/airflow/.local/lib/python3.7/site-packages/airflow/example_dags/example_latest_only_with_trigger.py
[2023-06-13T23:08:34.153+0000] {logging_mixin.py:149} INFO - [2023-06-13T23:08:34.152+0000] {dag.py:2726} INFO - Sync 1 DAGs
[2023-06-13T23:08:34.208+0000] {logging_mixin.py:149} INFO - [2023-06-13T23:08:34.207+0000] {dag.py:3490} INFO - Setting next_dagrun for latest_only_with_trigger to 2023-06-13T19:08:34.207392+00:00, run_after=2023-06-13T23:08:34.207392+00:00
[2023-06-13T23:08:34.271+0000] {processor.py:179} INFO - Processing /home/airflow/.local/lib/python3.7/site-packages/airflow/example_dags/example_latest_only_with_trigger.py took 0.197 seconds
[2023-06-13T23:09:05.209+0000] {processor.py:157} INFO - Started process (PID=7289) to work on /home/airflow/.local/lib/python3.7/site-packages/airflow/example_dags/example_latest_only_with_trigger.py
[2023-06-13T23:09:05.211+0000] {processor.py:826} INFO - Processing file /home/airflow/.local/lib/python3.7/site-packages/airflow/example_dags/example_latest_only_with_trigger.py for tasks to queue
[2023-06-13T23:09:05.213+0000] {logging_mixin.py:149} INFO - [2023-06-13T23:09:05.212+0000] {dagbag.py:541} INFO - Filling up the DagBag from /home/airflow/.local/lib/python3.7/site-packages/airflow/example_dags/example_latest_only_with_trigger.py
[2023-06-13T23:09:05.224+0000] {processor.py:836} INFO - DAG(s) dict_keys(['latest_only_with_trigger']) retrieved from /home/airflow/.local/lib/python3.7/site-packages/airflow/example_dags/example_latest_only_with_trigger.py
[2023-06-13T23:09:05.271+0000] {logging_mixin.py:149} INFO - [2023-06-13T23:09:05.271+0000] {dag.py:2726} INFO - Sync 1 DAGs
[2023-06-13T23:09:05.314+0000] {logging_mixin.py:149} INFO - [2023-06-13T23:09:05.314+0000] {dag.py:3490} INFO - Setting next_dagrun for latest_only_with_trigger to 2023-06-13T19:09:05.314127+00:00, run_after=2023-06-13T23:09:05.314127+00:00
[2023-06-13T23:09:05.367+0000] {processor.py:179} INFO - Processing /home/airflow/.local/lib/python3.7/site-packages/airflow/example_dags/example_latest_only_with_trigger.py took 0.165 seconds
[2023-06-13T23:09:35.875+0000] {processor.py:157} INFO - Started process (PID=7523) to work on /home/airflow/.local/lib/python3.7/site-packages/airflow/example_dags/example_latest_only_with_trigger.py
[2023-06-13T23:09:35.878+0000] {processor.py:826} INFO - Processing file /home/airflow/.local/lib/python3.7/site-packages/airflow/example_dags/example_latest_only_with_trigger.py for tasks to queue
[2023-06-13T23:09:35.879+0000] {logging_mixin.py:149} INFO - [2023-06-13T23:09:35.879+0000] {dagbag.py:541} INFO - Filling up the DagBag from /home/airflow/.local/lib/python3.7/site-packages/airflow/example_dags/example_latest_only_with_trigger.py
[2023-06-13T23:09:35.892+0000] {processor.py:836} INFO - DAG(s) dict_keys(['latest_only_with_trigger']) retrieved from /home/airflow/.local/lib/python3.7/site-packages/airflow/example_dags/example_latest_only_with_trigger.py
[2023-06-13T23:09:35.953+0000] {logging_mixin.py:149} INFO - [2023-06-13T23:09:35.952+0000] {dag.py:2726} INFO - Sync 1 DAGs
[2023-06-13T23:09:35.997+0000] {logging_mixin.py:149} INFO - [2023-06-13T23:09:35.997+0000] {dag.py:3490} INFO - Setting next_dagrun for latest_only_with_trigger to 2023-06-13T19:09:35.997223+00:00, run_after=2023-06-13T23:09:35.997223+00:00
[2023-06-13T23:09:36.060+0000] {processor.py:179} INFO - Processing /home/airflow/.local/lib/python3.7/site-packages/airflow/example_dags/example_latest_only_with_trigger.py took 0.190 seconds
[2023-06-13T23:10:06.429+0000] {processor.py:157} INFO - Started process (PID=7763) to work on /home/airflow/.local/lib/python3.7/site-packages/airflow/example_dags/example_latest_only_with_trigger.py
[2023-06-13T23:10:06.433+0000] {processor.py:826} INFO - Processing file /home/airflow/.local/lib/python3.7/site-packages/airflow/example_dags/example_latest_only_with_trigger.py for tasks to queue
[2023-06-13T23:10:06.434+0000] {logging_mixin.py:149} INFO - [2023-06-13T23:10:06.434+0000] {dagbag.py:541} INFO - Filling up the DagBag from /home/airflow/.local/lib/python3.7/site-packages/airflow/example_dags/example_latest_only_with_trigger.py
[2023-06-13T23:10:06.445+0000] {processor.py:836} INFO - DAG(s) dict_keys(['latest_only_with_trigger']) retrieved from /home/airflow/.local/lib/python3.7/site-packages/airflow/example_dags/example_latest_only_with_trigger.py
[2023-06-13T23:10:06.505+0000] {logging_mixin.py:149} INFO - [2023-06-13T23:10:06.505+0000] {dag.py:2726} INFO - Sync 1 DAGs
[2023-06-13T23:10:06.562+0000] {logging_mixin.py:149} INFO - [2023-06-13T23:10:06.561+0000] {dag.py:3490} INFO - Setting next_dagrun for latest_only_with_trigger to 2023-06-13T19:10:06.561302+00:00, run_after=2023-06-13T23:10:06.561302+00:00
[2023-06-13T23:10:06.618+0000] {processor.py:179} INFO - Processing /home/airflow/.local/lib/python3.7/site-packages/airflow/example_dags/example_latest_only_with_trigger.py took 0.197 seconds
[2023-06-13T23:10:37.103+0000] {processor.py:157} INFO - Started process (PID=8003) to work on /home/airflow/.local/lib/python3.7/site-packages/airflow/example_dags/example_latest_only_with_trigger.py
[2023-06-13T23:10:37.105+0000] {processor.py:826} INFO - Processing file /home/airflow/.local/lib/python3.7/site-packages/airflow/example_dags/example_latest_only_with_trigger.py for tasks to queue
[2023-06-13T23:10:37.106+0000] {logging_mixin.py:149} INFO - [2023-06-13T23:10:37.105+0000] {dagbag.py:541} INFO - Filling up the DagBag from /home/airflow/.local/lib/python3.7/site-packages/airflow/example_dags/example_latest_only_with_trigger.py
[2023-06-13T23:10:37.118+0000] {processor.py:836} INFO - DAG(s) dict_keys(['latest_only_with_trigger']) retrieved from /home/airflow/.local/lib/python3.7/site-packages/airflow/example_dags/example_latest_only_with_trigger.py
[2023-06-13T23:10:37.180+0000] {logging_mixin.py:149} INFO - [2023-06-13T23:10:37.180+0000] {dag.py:2726} INFO - Sync 1 DAGs
[2023-06-13T23:10:37.227+0000] {logging_mixin.py:149} INFO - [2023-06-13T23:10:37.226+0000] {dag.py:3490} INFO - Setting next_dagrun for latest_only_with_trigger to 2023-06-13T19:10:37.226487+00:00, run_after=2023-06-13T23:10:37.226487+00:00
[2023-06-13T23:10:37.283+0000] {processor.py:179} INFO - Processing /home/airflow/.local/lib/python3.7/site-packages/airflow/example_dags/example_latest_only_with_trigger.py took 0.185 seconds
[2023-06-13T23:11:07.789+0000] {processor.py:157} INFO - Started process (PID=8243) to work on /home/airflow/.local/lib/python3.7/site-packages/airflow/example_dags/example_latest_only_with_trigger.py
[2023-06-13T23:11:07.791+0000] {processor.py:826} INFO - Processing file /home/airflow/.local/lib/python3.7/site-packages/airflow/example_dags/example_latest_only_with_trigger.py for tasks to queue
[2023-06-13T23:11:07.792+0000] {logging_mixin.py:149} INFO - [2023-06-13T23:11:07.792+0000] {dagbag.py:541} INFO - Filling up the DagBag from /home/airflow/.local/lib/python3.7/site-packages/airflow/example_dags/example_latest_only_with_trigger.py
[2023-06-13T23:11:07.803+0000] {processor.py:836} INFO - DAG(s) dict_keys(['latest_only_with_trigger']) retrieved from /home/airflow/.local/lib/python3.7/site-packages/airflow/example_dags/example_latest_only_with_trigger.py
[2023-06-13T23:11:07.846+0000] {logging_mixin.py:149} INFO - [2023-06-13T23:11:07.846+0000] {dag.py:2726} INFO - Sync 1 DAGs
[2023-06-13T23:11:07.897+0000] {logging_mixin.py:149} INFO - [2023-06-13T23:11:07.897+0000] {dag.py:3490} INFO - Setting next_dagrun for latest_only_with_trigger to 2023-06-13T19:11:07.896667+00:00, run_after=2023-06-13T23:11:07.896667+00:00
[2023-06-13T23:11:07.956+0000] {processor.py:179} INFO - Processing /home/airflow/.local/lib/python3.7/site-packages/airflow/example_dags/example_latest_only_with_trigger.py took 0.171 seconds
[2023-06-13T23:11:38.825+0000] {processor.py:157} INFO - Started process (PID=8483) to work on /home/airflow/.local/lib/python3.7/site-packages/airflow/example_dags/example_latest_only_with_trigger.py
[2023-06-13T23:11:38.828+0000] {processor.py:826} INFO - Processing file /home/airflow/.local/lib/python3.7/site-packages/airflow/example_dags/example_latest_only_with_trigger.py for tasks to queue
[2023-06-13T23:11:38.830+0000] {logging_mixin.py:149} INFO - [2023-06-13T23:11:38.829+0000] {dagbag.py:541} INFO - Filling up the DagBag from /home/airflow/.local/lib/python3.7/site-packages/airflow/example_dags/example_latest_only_with_trigger.py
[2023-06-13T23:11:38.848+0000] {processor.py:836} INFO - DAG(s) dict_keys(['latest_only_with_trigger']) retrieved from /home/airflow/.local/lib/python3.7/site-packages/airflow/example_dags/example_latest_only_with_trigger.py
[2023-06-13T23:11:38.901+0000] {logging_mixin.py:149} INFO - [2023-06-13T23:11:38.901+0000] {dag.py:2726} INFO - Sync 1 DAGs
[2023-06-13T23:11:38.948+0000] {logging_mixin.py:149} INFO - [2023-06-13T23:11:38.948+0000] {dag.py:3490} INFO - Setting next_dagrun for latest_only_with_trigger to 2023-06-13T19:11:38.947790+00:00, run_after=2023-06-13T23:11:38.947790+00:00
[2023-06-13T23:11:39.002+0000] {processor.py:179} INFO - Processing /home/airflow/.local/lib/python3.7/site-packages/airflow/example_dags/example_latest_only_with_trigger.py took 0.183 seconds
[2023-06-13T23:12:09.742+0000] {processor.py:157} INFO - Started process (PID=8725) to work on /home/airflow/.local/lib/python3.7/site-packages/airflow/example_dags/example_latest_only_with_trigger.py
[2023-06-13T23:12:09.746+0000] {processor.py:826} INFO - Processing file /home/airflow/.local/lib/python3.7/site-packages/airflow/example_dags/example_latest_only_with_trigger.py for tasks to queue
[2023-06-13T23:12:09.747+0000] {logging_mixin.py:149} INFO - [2023-06-13T23:12:09.747+0000] {dagbag.py:541} INFO - Filling up the DagBag from /home/airflow/.local/lib/python3.7/site-packages/airflow/example_dags/example_latest_only_with_trigger.py
[2023-06-13T23:12:09.757+0000] {processor.py:836} INFO - DAG(s) dict_keys(['latest_only_with_trigger']) retrieved from /home/airflow/.local/lib/python3.7/site-packages/airflow/example_dags/example_latest_only_with_trigger.py
[2023-06-13T23:12:09.819+0000] {logging_mixin.py:149} INFO - [2023-06-13T23:12:09.819+0000] {dag.py:2726} INFO - Sync 1 DAGs
[2023-06-13T23:12:09.864+0000] {logging_mixin.py:149} INFO - [2023-06-13T23:12:09.864+0000] {dag.py:3490} INFO - Setting next_dagrun for latest_only_with_trigger to 2023-06-13T19:12:09.863710+00:00, run_after=2023-06-13T23:12:09.863710+00:00
[2023-06-13T23:12:09.920+0000] {processor.py:179} INFO - Processing /home/airflow/.local/lib/python3.7/site-packages/airflow/example_dags/example_latest_only_with_trigger.py took 0.185 seconds
[2023-06-13T23:12:40.301+0000] {processor.py:157} INFO - Started process (PID=8965) to work on /home/airflow/.local/lib/python3.7/site-packages/airflow/example_dags/example_latest_only_with_trigger.py
[2023-06-13T23:12:40.304+0000] {processor.py:826} INFO - Processing file /home/airflow/.local/lib/python3.7/site-packages/airflow/example_dags/example_latest_only_with_trigger.py for tasks to queue
[2023-06-13T23:12:40.305+0000] {logging_mixin.py:149} INFO - [2023-06-13T23:12:40.305+0000] {dagbag.py:541} INFO - Filling up the DagBag from /home/airflow/.local/lib/python3.7/site-packages/airflow/example_dags/example_latest_only_with_trigger.py
[2023-06-13T23:12:40.316+0000] {processor.py:836} INFO - DAG(s) dict_keys(['latest_only_with_trigger']) retrieved from /home/airflow/.local/lib/python3.7/site-packages/airflow/example_dags/example_latest_only_with_trigger.py
[2023-06-13T23:12:40.379+0000] {logging_mixin.py:149} INFO - [2023-06-13T23:12:40.378+0000] {dag.py:2726} INFO - Sync 1 DAGs
[2023-06-13T23:12:40.425+0000] {logging_mixin.py:149} INFO - [2023-06-13T23:12:40.425+0000] {dag.py:3490} INFO - Setting next_dagrun for latest_only_with_trigger to 2023-06-13T19:12:40.424950+00:00, run_after=2023-06-13T23:12:40.424950+00:00
[2023-06-13T23:12:40.475+0000] {processor.py:179} INFO - Processing /home/airflow/.local/lib/python3.7/site-packages/airflow/example_dags/example_latest_only_with_trigger.py took 0.179 seconds
[2023-06-13T23:13:11.239+0000] {processor.py:157} INFO - Started process (PID=9202) to work on /home/airflow/.local/lib/python3.7/site-packages/airflow/example_dags/example_latest_only_with_trigger.py
[2023-06-13T23:13:11.240+0000] {processor.py:826} INFO - Processing file /home/airflow/.local/lib/python3.7/site-packages/airflow/example_dags/example_latest_only_with_trigger.py for tasks to queue
[2023-06-13T23:13:11.241+0000] {logging_mixin.py:149} INFO - [2023-06-13T23:13:11.241+0000] {dagbag.py:541} INFO - Filling up the DagBag from /home/airflow/.local/lib/python3.7/site-packages/airflow/example_dags/example_latest_only_with_trigger.py
[2023-06-13T23:13:11.247+0000] {processor.py:836} INFO - DAG(s) dict_keys(['latest_only_with_trigger']) retrieved from /home/airflow/.local/lib/python3.7/site-packages/airflow/example_dags/example_latest_only_with_trigger.py
[2023-06-13T23:13:11.297+0000] {logging_mixin.py:149} INFO - [2023-06-13T23:13:11.297+0000] {dag.py:2726} INFO - Sync 1 DAGs
[2023-06-13T23:13:11.338+0000] {logging_mixin.py:149} INFO - [2023-06-13T23:13:11.337+0000] {dag.py:3490} INFO - Setting next_dagrun for latest_only_with_trigger to 2023-06-13T19:13:11.337345+00:00, run_after=2023-06-13T23:13:11.337345+00:00
[2023-06-13T23:13:11.392+0000] {processor.py:179} INFO - Processing /home/airflow/.local/lib/python3.7/site-packages/airflow/example_dags/example_latest_only_with_trigger.py took 0.159 seconds
[2023-06-13T23:13:42.080+0000] {processor.py:157} INFO - Started process (PID=9442) to work on /home/airflow/.local/lib/python3.7/site-packages/airflow/example_dags/example_latest_only_with_trigger.py
[2023-06-13T23:13:42.081+0000] {processor.py:826} INFO - Processing file /home/airflow/.local/lib/python3.7/site-packages/airflow/example_dags/example_latest_only_with_trigger.py for tasks to queue
[2023-06-13T23:13:42.082+0000] {logging_mixin.py:149} INFO - [2023-06-13T23:13:42.082+0000] {dagbag.py:541} INFO - Filling up the DagBag from /home/airflow/.local/lib/python3.7/site-packages/airflow/example_dags/example_latest_only_with_trigger.py
[2023-06-13T23:13:42.092+0000] {processor.py:836} INFO - DAG(s) dict_keys(['latest_only_with_trigger']) retrieved from /home/airflow/.local/lib/python3.7/site-packages/airflow/example_dags/example_latest_only_with_trigger.py
[2023-06-13T23:13:42.155+0000] {logging_mixin.py:149} INFO - [2023-06-13T23:13:42.155+0000] {dag.py:2726} INFO - Sync 1 DAGs
[2023-06-13T23:13:42.209+0000] {logging_mixin.py:149} INFO - [2023-06-13T23:13:42.208+0000] {dag.py:3490} INFO - Setting next_dagrun for latest_only_with_trigger to 2023-06-13T19:13:42.208571+00:00, run_after=2023-06-13T23:13:42.208571+00:00
[2023-06-13T23:13:42.259+0000] {processor.py:179} INFO - Processing /home/airflow/.local/lib/python3.7/site-packages/airflow/example_dags/example_latest_only_with_trigger.py took 0.182 seconds
[2023-06-13T23:14:12.722+0000] {processor.py:157} INFO - Started process (PID=9682) to work on /home/airflow/.local/lib/python3.7/site-packages/airflow/example_dags/example_latest_only_with_trigger.py
[2023-06-13T23:14:12.725+0000] {processor.py:826} INFO - Processing file /home/airflow/.local/lib/python3.7/site-packages/airflow/example_dags/example_latest_only_with_trigger.py for tasks to queue
[2023-06-13T23:14:12.726+0000] {logging_mixin.py:149} INFO - [2023-06-13T23:14:12.726+0000] {dagbag.py:541} INFO - Filling up the DagBag from /home/airflow/.local/lib/python3.7/site-packages/airflow/example_dags/example_latest_only_with_trigger.py
[2023-06-13T23:14:12.737+0000] {processor.py:836} INFO - DAG(s) dict_keys(['latest_only_with_trigger']) retrieved from /home/airflow/.local/lib/python3.7/site-packages/airflow/example_dags/example_latest_only_with_trigger.py
[2023-06-13T23:14:12.796+0000] {logging_mixin.py:149} INFO - [2023-06-13T23:14:12.796+0000] {dag.py:2726} INFO - Sync 1 DAGs
[2023-06-13T23:14:12.845+0000] {logging_mixin.py:149} INFO - [2023-06-13T23:14:12.845+0000] {dag.py:3490} INFO - Setting next_dagrun for latest_only_with_trigger to 2023-06-13T19:14:12.845246+00:00, run_after=2023-06-13T23:14:12.845246+00:00
[2023-06-13T23:14:12.893+0000] {processor.py:179} INFO - Processing /home/airflow/.local/lib/python3.7/site-packages/airflow/example_dags/example_latest_only_with_trigger.py took 0.177 seconds
[2023-06-13T23:14:43.281+0000] {processor.py:157} INFO - Started process (PID=9918) to work on /home/airflow/.local/lib/python3.7/site-packages/airflow/example_dags/example_latest_only_with_trigger.py
[2023-06-13T23:14:43.283+0000] {processor.py:826} INFO - Processing file /home/airflow/.local/lib/python3.7/site-packages/airflow/example_dags/example_latest_only_with_trigger.py for tasks to queue
[2023-06-13T23:14:43.284+0000] {logging_mixin.py:149} INFO - [2023-06-13T23:14:43.284+0000] {dagbag.py:541} INFO - Filling up the DagBag from /home/airflow/.local/lib/python3.7/site-packages/airflow/example_dags/example_latest_only_with_trigger.py
[2023-06-13T23:14:43.292+0000] {processor.py:836} INFO - DAG(s) dict_keys(['latest_only_with_trigger']) retrieved from /home/airflow/.local/lib/python3.7/site-packages/airflow/example_dags/example_latest_only_with_trigger.py
[2023-06-13T23:14:43.356+0000] {logging_mixin.py:149} INFO - [2023-06-13T23:14:43.355+0000] {dag.py:2726} INFO - Sync 1 DAGs
[2023-06-13T23:14:43.404+0000] {logging_mixin.py:149} INFO - [2023-06-13T23:14:43.404+0000] {dag.py:3490} INFO - Setting next_dagrun for latest_only_with_trigger to 2023-06-13T19:14:43.403553+00:00, run_after=2023-06-13T23:14:43.403553+00:00
[2023-06-13T23:14:43.465+0000] {processor.py:179} INFO - Processing /home/airflow/.local/lib/python3.7/site-packages/airflow/example_dags/example_latest_only_with_trigger.py took 0.190 seconds
[2023-06-13T23:15:14.129+0000] {processor.py:157} INFO - Started process (PID=10160) to work on /home/airflow/.local/lib/python3.7/site-packages/airflow/example_dags/example_latest_only_with_trigger.py
[2023-06-13T23:15:14.130+0000] {processor.py:826} INFO - Processing file /home/airflow/.local/lib/python3.7/site-packages/airflow/example_dags/example_latest_only_with_trigger.py for tasks to queue
[2023-06-13T23:15:14.132+0000] {logging_mixin.py:149} INFO - [2023-06-13T23:15:14.131+0000] {dagbag.py:541} INFO - Filling up the DagBag from /home/airflow/.local/lib/python3.7/site-packages/airflow/example_dags/example_latest_only_with_trigger.py
[2023-06-13T23:15:14.141+0000] {processor.py:836} INFO - DAG(s) dict_keys(['latest_only_with_trigger']) retrieved from /home/airflow/.local/lib/python3.7/site-packages/airflow/example_dags/example_latest_only_with_trigger.py
[2023-06-13T23:15:14.184+0000] {logging_mixin.py:149} INFO - [2023-06-13T23:15:14.184+0000] {dag.py:2726} INFO - Sync 1 DAGs
[2023-06-13T23:15:14.233+0000] {logging_mixin.py:149} INFO - [2023-06-13T23:15:14.232+0000] {dag.py:3490} INFO - Setting next_dagrun for latest_only_with_trigger to 2023-06-13T19:15:14.232629+00:00, run_after=2023-06-13T23:15:14.232629+00:00
[2023-06-13T23:15:14.274+0000] {processor.py:179} INFO - Processing /home/airflow/.local/lib/python3.7/site-packages/airflow/example_dags/example_latest_only_with_trigger.py took 0.151 seconds
[2023-06-13T23:15:44.905+0000] {processor.py:157} INFO - Started process (PID=10400) to work on /home/airflow/.local/lib/python3.7/site-packages/airflow/example_dags/example_latest_only_with_trigger.py
[2023-06-13T23:15:44.907+0000] {processor.py:826} INFO - Processing file /home/airflow/.local/lib/python3.7/site-packages/airflow/example_dags/example_latest_only_with_trigger.py for tasks to queue
[2023-06-13T23:15:44.908+0000] {logging_mixin.py:149} INFO - [2023-06-13T23:15:44.907+0000] {dagbag.py:541} INFO - Filling up the DagBag from /home/airflow/.local/lib/python3.7/site-packages/airflow/example_dags/example_latest_only_with_trigger.py
[2023-06-13T23:15:44.920+0000] {processor.py:836} INFO - DAG(s) dict_keys(['latest_only_with_trigger']) retrieved from /home/airflow/.local/lib/python3.7/site-packages/airflow/example_dags/example_latest_only_with_trigger.py
[2023-06-13T23:15:44.969+0000] {logging_mixin.py:149} INFO - [2023-06-13T23:15:44.969+0000] {dag.py:2726} INFO - Sync 1 DAGs
[2023-06-13T23:15:45.007+0000] {logging_mixin.py:149} INFO - [2023-06-13T23:15:45.007+0000] {dag.py:3490} INFO - Setting next_dagrun for latest_only_with_trigger to 2023-06-13T19:15:45.007008+00:00, run_after=2023-06-13T23:15:45.007008+00:00
[2023-06-13T23:15:45.059+0000] {processor.py:179} INFO - Processing /home/airflow/.local/lib/python3.7/site-packages/airflow/example_dags/example_latest_only_with_trigger.py took 0.159 seconds
[2023-06-13T23:16:15.410+0000] {processor.py:157} INFO - Started process (PID=10637) to work on /home/airflow/.local/lib/python3.7/site-packages/airflow/example_dags/example_latest_only_with_trigger.py
[2023-06-13T23:16:15.413+0000] {processor.py:826} INFO - Processing file /home/airflow/.local/lib/python3.7/site-packages/airflow/example_dags/example_latest_only_with_trigger.py for tasks to queue
[2023-06-13T23:16:15.414+0000] {logging_mixin.py:149} INFO - [2023-06-13T23:16:15.414+0000] {dagbag.py:541} INFO - Filling up the DagBag from /home/airflow/.local/lib/python3.7/site-packages/airflow/example_dags/example_latest_only_with_trigger.py
[2023-06-13T23:16:15.423+0000] {processor.py:836} INFO - DAG(s) dict_keys(['latest_only_with_trigger']) retrieved from /home/airflow/.local/lib/python3.7/site-packages/airflow/example_dags/example_latest_only_with_trigger.py
[2023-06-13T23:16:15.479+0000] {logging_mixin.py:149} INFO - [2023-06-13T23:16:15.478+0000] {dag.py:2726} INFO - Sync 1 DAGs
[2023-06-13T23:16:15.539+0000] {logging_mixin.py:149} INFO - [2023-06-13T23:16:15.539+0000] {dag.py:3490} INFO - Setting next_dagrun for latest_only_with_trigger to 2023-06-13T19:16:15.538670+00:00, run_after=2023-06-13T23:16:15.538670+00:00
[2023-06-13T23:16:15.594+0000] {processor.py:179} INFO - Processing /home/airflow/.local/lib/python3.7/site-packages/airflow/example_dags/example_latest_only_with_trigger.py took 0.190 seconds
[2023-06-13T23:16:45.657+0000] {processor.py:157} INFO - Started process (PID=10877) to work on /home/airflow/.local/lib/python3.7/site-packages/airflow/example_dags/example_latest_only_with_trigger.py
[2023-06-13T23:16:45.660+0000] {processor.py:826} INFO - Processing file /home/airflow/.local/lib/python3.7/site-packages/airflow/example_dags/example_latest_only_with_trigger.py for tasks to queue
[2023-06-13T23:16:45.661+0000] {logging_mixin.py:149} INFO - [2023-06-13T23:16:45.660+0000] {dagbag.py:541} INFO - Filling up the DagBag from /home/airflow/.local/lib/python3.7/site-packages/airflow/example_dags/example_latest_only_with_trigger.py
[2023-06-13T23:16:45.668+0000] {processor.py:836} INFO - DAG(s) dict_keys(['latest_only_with_trigger']) retrieved from /home/airflow/.local/lib/python3.7/site-packages/airflow/example_dags/example_latest_only_with_trigger.py
[2023-06-13T23:16:45.716+0000] {logging_mixin.py:149} INFO - [2023-06-13T23:16:45.716+0000] {dag.py:2726} INFO - Sync 1 DAGs
[2023-06-13T23:16:45.775+0000] {logging_mixin.py:149} INFO - [2023-06-13T23:16:45.775+0000] {dag.py:3490} INFO - Setting next_dagrun for latest_only_with_trigger to 2023-06-13T19:16:45.774700+00:00, run_after=2023-06-13T23:16:45.774700+00:00
[2023-06-13T23:16:45.822+0000] {processor.py:179} INFO - Processing /home/airflow/.local/lib/python3.7/site-packages/airflow/example_dags/example_latest_only_with_trigger.py took 0.169 seconds
[2023-06-13T23:17:15.998+0000] {processor.py:157} INFO - Started process (PID=11118) to work on /home/airflow/.local/lib/python3.7/site-packages/airflow/example_dags/example_latest_only_with_trigger.py
[2023-06-13T23:17:16.000+0000] {processor.py:826} INFO - Processing file /home/airflow/.local/lib/python3.7/site-packages/airflow/example_dags/example_latest_only_with_trigger.py for tasks to queue
[2023-06-13T23:17:16.001+0000] {logging_mixin.py:149} INFO - [2023-06-13T23:17:16.001+0000] {dagbag.py:541} INFO - Filling up the DagBag from /home/airflow/.local/lib/python3.7/site-packages/airflow/example_dags/example_latest_only_with_trigger.py
[2023-06-13T23:17:16.011+0000] {processor.py:836} INFO - DAG(s) dict_keys(['latest_only_with_trigger']) retrieved from /home/airflow/.local/lib/python3.7/site-packages/airflow/example_dags/example_latest_only_with_trigger.py
[2023-06-13T23:17:16.059+0000] {logging_mixin.py:149} INFO - [2023-06-13T23:17:16.059+0000] {dag.py:2726} INFO - Sync 1 DAGs
[2023-06-13T23:17:16.101+0000] {logging_mixin.py:149} INFO - [2023-06-13T23:17:16.101+0000] {dag.py:3490} INFO - Setting next_dagrun for latest_only_with_trigger to 2023-06-13T19:17:16.101088+00:00, run_after=2023-06-13T23:17:16.101088+00:00
[2023-06-13T23:17:16.153+0000] {processor.py:179} INFO - Processing /home/airflow/.local/lib/python3.7/site-packages/airflow/example_dags/example_latest_only_with_trigger.py took 0.160 seconds
[2023-06-13T23:17:47.034+0000] {processor.py:157} INFO - Started process (PID=11358) to work on /home/airflow/.local/lib/python3.7/site-packages/airflow/example_dags/example_latest_only_with_trigger.py
[2023-06-13T23:17:47.039+0000] {processor.py:826} INFO - Processing file /home/airflow/.local/lib/python3.7/site-packages/airflow/example_dags/example_latest_only_with_trigger.py for tasks to queue
[2023-06-13T23:17:47.041+0000] {logging_mixin.py:149} INFO - [2023-06-13T23:17:47.040+0000] {dagbag.py:541} INFO - Filling up the DagBag from /home/airflow/.local/lib/python3.7/site-packages/airflow/example_dags/example_latest_only_with_trigger.py
[2023-06-13T23:17:47.055+0000] {processor.py:836} INFO - DAG(s) dict_keys(['latest_only_with_trigger']) retrieved from /home/airflow/.local/lib/python3.7/site-packages/airflow/example_dags/example_latest_only_with_trigger.py
[2023-06-13T23:17:47.113+0000] {logging_mixin.py:149} INFO - [2023-06-13T23:17:47.112+0000] {dag.py:2726} INFO - Sync 1 DAGs
[2023-06-13T23:17:47.174+0000] {logging_mixin.py:149} INFO - [2023-06-13T23:17:47.174+0000] {dag.py:3490} INFO - Setting next_dagrun for latest_only_with_trigger to 2023-06-13T19:17:47.173683+00:00, run_after=2023-06-13T23:17:47.173683+00:00
[2023-06-13T23:17:47.234+0000] {processor.py:179} INFO - Processing /home/airflow/.local/lib/python3.7/site-packages/airflow/example_dags/example_latest_only_with_trigger.py took 0.207 seconds
[2023-06-13T23:18:17.736+0000] {processor.py:157} INFO - Started process (PID=11598) to work on /home/airflow/.local/lib/python3.7/site-packages/airflow/example_dags/example_latest_only_with_trigger.py
[2023-06-13T23:18:17.740+0000] {processor.py:826} INFO - Processing file /home/airflow/.local/lib/python3.7/site-packages/airflow/example_dags/example_latest_only_with_trigger.py for tasks to queue
[2023-06-13T23:18:17.742+0000] {logging_mixin.py:149} INFO - [2023-06-13T23:18:17.741+0000] {dagbag.py:541} INFO - Filling up the DagBag from /home/airflow/.local/lib/python3.7/site-packages/airflow/example_dags/example_latest_only_with_trigger.py
[2023-06-13T23:18:17.755+0000] {processor.py:836} INFO - DAG(s) dict_keys(['latest_only_with_trigger']) retrieved from /home/airflow/.local/lib/python3.7/site-packages/airflow/example_dags/example_latest_only_with_trigger.py
[2023-06-13T23:18:17.831+0000] {logging_mixin.py:149} INFO - [2023-06-13T23:18:17.830+0000] {dag.py:2726} INFO - Sync 1 DAGs
[2023-06-13T23:18:17.904+0000] {logging_mixin.py:149} INFO - [2023-06-13T23:18:17.903+0000] {dag.py:3490} INFO - Setting next_dagrun for latest_only_with_trigger to 2023-06-13T19:18:17.903182+00:00, run_after=2023-06-13T23:18:17.903182+00:00
[2023-06-13T23:18:17.997+0000] {processor.py:179} INFO - Processing /home/airflow/.local/lib/python3.7/site-packages/airflow/example_dags/example_latest_only_with_trigger.py took 0.267 seconds
[2023-06-13T23:18:48.605+0000] {processor.py:157} INFO - Started process (PID=11838) to work on /home/airflow/.local/lib/python3.7/site-packages/airflow/example_dags/example_latest_only_with_trigger.py
[2023-06-13T23:18:48.608+0000] {processor.py:826} INFO - Processing file /home/airflow/.local/lib/python3.7/site-packages/airflow/example_dags/example_latest_only_with_trigger.py for tasks to queue
[2023-06-13T23:18:48.610+0000] {logging_mixin.py:149} INFO - [2023-06-13T23:18:48.610+0000] {dagbag.py:541} INFO - Filling up the DagBag from /home/airflow/.local/lib/python3.7/site-packages/airflow/example_dags/example_latest_only_with_trigger.py
[2023-06-13T23:18:48.626+0000] {processor.py:836} INFO - DAG(s) dict_keys(['latest_only_with_trigger']) retrieved from /home/airflow/.local/lib/python3.7/site-packages/airflow/example_dags/example_latest_only_with_trigger.py
[2023-06-13T23:18:48.708+0000] {logging_mixin.py:149} INFO - [2023-06-13T23:18:48.708+0000] {dag.py:2726} INFO - Sync 1 DAGs
[2023-06-13T23:18:48.783+0000] {logging_mixin.py:149} INFO - [2023-06-13T23:18:48.783+0000] {dag.py:3490} INFO - Setting next_dagrun for latest_only_with_trigger to 2023-06-13T19:18:48.782568+00:00, run_after=2023-06-13T23:18:48.782568+00:00
[2023-06-13T23:18:48.870+0000] {processor.py:179} INFO - Processing /home/airflow/.local/lib/python3.7/site-packages/airflow/example_dags/example_latest_only_with_trigger.py took 0.272 seconds
[2023-06-13T23:19:19.711+0000] {processor.py:157} INFO - Started process (PID=12078) to work on /home/airflow/.local/lib/python3.7/site-packages/airflow/example_dags/example_latest_only_with_trigger.py
[2023-06-13T23:19:19.713+0000] {processor.py:826} INFO - Processing file /home/airflow/.local/lib/python3.7/site-packages/airflow/example_dags/example_latest_only_with_trigger.py for tasks to queue
[2023-06-13T23:19:19.714+0000] {logging_mixin.py:149} INFO - [2023-06-13T23:19:19.714+0000] {dagbag.py:541} INFO - Filling up the DagBag from /home/airflow/.local/lib/python3.7/site-packages/airflow/example_dags/example_latest_only_with_trigger.py
[2023-06-13T23:19:19.737+0000] {processor.py:836} INFO - DAG(s) dict_keys(['latest_only_with_trigger']) retrieved from /home/airflow/.local/lib/python3.7/site-packages/airflow/example_dags/example_latest_only_with_trigger.py
[2023-06-13T23:19:19.811+0000] {logging_mixin.py:149} INFO - [2023-06-13T23:19:19.810+0000] {dag.py:2726} INFO - Sync 1 DAGs
[2023-06-13T23:19:19.878+0000] {logging_mixin.py:149} INFO - [2023-06-13T23:19:19.878+0000] {dag.py:3490} INFO - Setting next_dagrun for latest_only_with_trigger to 2023-06-13T19:19:19.877527+00:00, run_after=2023-06-13T23:19:19.877527+00:00
[2023-06-13T23:19:19.958+0000] {processor.py:179} INFO - Processing /home/airflow/.local/lib/python3.7/site-packages/airflow/example_dags/example_latest_only_with_trigger.py took 0.255 seconds
[2023-06-13T23:19:50.343+0000] {processor.py:157} INFO - Started process (PID=12318) to work on /home/airflow/.local/lib/python3.7/site-packages/airflow/example_dags/example_latest_only_with_trigger.py
[2023-06-13T23:19:50.349+0000] {processor.py:826} INFO - Processing file /home/airflow/.local/lib/python3.7/site-packages/airflow/example_dags/example_latest_only_with_trigger.py for tasks to queue
[2023-06-13T23:19:50.350+0000] {logging_mixin.py:149} INFO - [2023-06-13T23:19:50.350+0000] {dagbag.py:541} INFO - Filling up the DagBag from /home/airflow/.local/lib/python3.7/site-packages/airflow/example_dags/example_latest_only_with_trigger.py
[2023-06-13T23:19:50.367+0000] {processor.py:836} INFO - DAG(s) dict_keys(['latest_only_with_trigger']) retrieved from /home/airflow/.local/lib/python3.7/site-packages/airflow/example_dags/example_latest_only_with_trigger.py
[2023-06-13T23:19:50.503+0000] {logging_mixin.py:149} INFO - [2023-06-13T23:19:50.503+0000] {dag.py:2726} INFO - Sync 1 DAGs
[2023-06-13T23:19:50.596+0000] {logging_mixin.py:149} INFO - [2023-06-13T23:19:50.596+0000] {dag.py:3490} INFO - Setting next_dagrun for latest_only_with_trigger to 2023-06-13T19:19:50.595188+00:00, run_after=2023-06-13T23:19:50.595188+00:00
[2023-06-13T23:19:50.684+0000] {processor.py:179} INFO - Processing /home/airflow/.local/lib/python3.7/site-packages/airflow/example_dags/example_latest_only_with_trigger.py took 0.346 seconds
[2023-06-13T23:20:20.766+0000] {processor.py:157} INFO - Started process (PID=12545) to work on /home/airflow/.local/lib/python3.7/site-packages/airflow/example_dags/example_latest_only_with_trigger.py
[2023-06-13T23:20:20.770+0000] {processor.py:826} INFO - Processing file /home/airflow/.local/lib/python3.7/site-packages/airflow/example_dags/example_latest_only_with_trigger.py for tasks to queue
[2023-06-13T23:20:20.773+0000] {logging_mixin.py:149} INFO - [2023-06-13T23:20:20.773+0000] {dagbag.py:541} INFO - Filling up the DagBag from /home/airflow/.local/lib/python3.7/site-packages/airflow/example_dags/example_latest_only_with_trigger.py
[2023-06-13T23:20:20.785+0000] {processor.py:836} INFO - DAG(s) dict_keys(['latest_only_with_trigger']) retrieved from /home/airflow/.local/lib/python3.7/site-packages/airflow/example_dags/example_latest_only_with_trigger.py
[2023-06-13T23:20:20.849+0000] {logging_mixin.py:149} INFO - [2023-06-13T23:20:20.848+0000] {dag.py:2726} INFO - Sync 1 DAGs
[2023-06-13T23:20:20.916+0000] {logging_mixin.py:149} INFO - [2023-06-13T23:20:20.915+0000] {dag.py:3490} INFO - Setting next_dagrun for latest_only_with_trigger to 2023-06-13T19:20:20.915022+00:00, run_after=2023-06-13T23:20:20.915022+00:00
[2023-06-13T23:20:20.995+0000] {processor.py:179} INFO - Processing /home/airflow/.local/lib/python3.7/site-packages/airflow/example_dags/example_latest_only_with_trigger.py took 0.240 seconds
[2023-06-13T23:20:51.381+0000] {processor.py:157} INFO - Started process (PID=12785) to work on /home/airflow/.local/lib/python3.7/site-packages/airflow/example_dags/example_latest_only_with_trigger.py
[2023-06-13T23:20:51.384+0000] {processor.py:826} INFO - Processing file /home/airflow/.local/lib/python3.7/site-packages/airflow/example_dags/example_latest_only_with_trigger.py for tasks to queue
[2023-06-13T23:20:51.387+0000] {logging_mixin.py:149} INFO - [2023-06-13T23:20:51.386+0000] {dagbag.py:541} INFO - Filling up the DagBag from /home/airflow/.local/lib/python3.7/site-packages/airflow/example_dags/example_latest_only_with_trigger.py
[2023-06-13T23:20:51.402+0000] {processor.py:836} INFO - DAG(s) dict_keys(['latest_only_with_trigger']) retrieved from /home/airflow/.local/lib/python3.7/site-packages/airflow/example_dags/example_latest_only_with_trigger.py
[2023-06-13T23:20:51.471+0000] {logging_mixin.py:149} INFO - [2023-06-13T23:20:51.470+0000] {dag.py:2726} INFO - Sync 1 DAGs
[2023-06-13T23:20:51.536+0000] {logging_mixin.py:149} INFO - [2023-06-13T23:20:51.536+0000] {dag.py:3490} INFO - Setting next_dagrun for latest_only_with_trigger to 2023-06-13T19:20:51.535778+00:00, run_after=2023-06-13T23:20:51.535778+00:00
[2023-06-13T23:20:51.603+0000] {processor.py:179} INFO - Processing /home/airflow/.local/lib/python3.7/site-packages/airflow/example_dags/example_latest_only_with_trigger.py took 0.229 seconds
[2023-06-13T23:21:21.996+0000] {processor.py:157} INFO - Started process (PID=13024) to work on /home/airflow/.local/lib/python3.7/site-packages/airflow/example_dags/example_latest_only_with_trigger.py
[2023-06-13T23:21:22.000+0000] {processor.py:826} INFO - Processing file /home/airflow/.local/lib/python3.7/site-packages/airflow/example_dags/example_latest_only_with_trigger.py for tasks to queue
[2023-06-13T23:21:22.004+0000] {logging_mixin.py:149} INFO - [2023-06-13T23:21:22.003+0000] {dagbag.py:541} INFO - Filling up the DagBag from /home/airflow/.local/lib/python3.7/site-packages/airflow/example_dags/example_latest_only_with_trigger.py
[2023-06-13T23:21:22.025+0000] {processor.py:836} INFO - DAG(s) dict_keys(['latest_only_with_trigger']) retrieved from /home/airflow/.local/lib/python3.7/site-packages/airflow/example_dags/example_latest_only_with_trigger.py
[2023-06-13T23:21:22.131+0000] {logging_mixin.py:149} INFO - [2023-06-13T23:21:22.131+0000] {dag.py:2726} INFO - Sync 1 DAGs
[2023-06-13T23:21:22.227+0000] {logging_mixin.py:149} INFO - [2023-06-13T23:21:22.226+0000] {dag.py:3490} INFO - Setting next_dagrun for latest_only_with_trigger to 2023-06-13T19:21:22.225699+00:00, run_after=2023-06-13T23:21:22.225699+00:00
[2023-06-13T23:21:22.327+0000] {processor.py:179} INFO - Processing /home/airflow/.local/lib/python3.7/site-packages/airflow/example_dags/example_latest_only_with_trigger.py took 0.342 seconds
[2023-06-13T23:21:52.425+0000] {processor.py:157} INFO - Started process (PID=13268) to work on /home/airflow/.local/lib/python3.7/site-packages/airflow/example_dags/example_latest_only_with_trigger.py
[2023-06-13T23:21:52.426+0000] {processor.py:826} INFO - Processing file /home/airflow/.local/lib/python3.7/site-packages/airflow/example_dags/example_latest_only_with_trigger.py for tasks to queue
[2023-06-13T23:21:52.427+0000] {logging_mixin.py:149} INFO - [2023-06-13T23:21:52.427+0000] {dagbag.py:541} INFO - Filling up the DagBag from /home/airflow/.local/lib/python3.7/site-packages/airflow/example_dags/example_latest_only_with_trigger.py
[2023-06-13T23:21:52.441+0000] {processor.py:836} INFO - DAG(s) dict_keys(['latest_only_with_trigger']) retrieved from /home/airflow/.local/lib/python3.7/site-packages/airflow/example_dags/example_latest_only_with_trigger.py
[2023-06-13T23:21:52.503+0000] {logging_mixin.py:149} INFO - [2023-06-13T23:21:52.503+0000] {dag.py:2726} INFO - Sync 1 DAGs
[2023-06-13T23:21:52.563+0000] {logging_mixin.py:149} INFO - [2023-06-13T23:21:52.563+0000] {dag.py:3490} INFO - Setting next_dagrun for latest_only_with_trigger to 2023-06-13T19:21:52.562888+00:00, run_after=2023-06-13T23:21:52.562888+00:00
[2023-06-13T23:21:52.617+0000] {processor.py:179} INFO - Processing /home/airflow/.local/lib/python3.7/site-packages/airflow/example_dags/example_latest_only_with_trigger.py took 0.199 seconds
[2023-06-13T23:22:23.213+0000] {processor.py:157} INFO - Started process (PID=13503) to work on /home/airflow/.local/lib/python3.7/site-packages/airflow/example_dags/example_latest_only_with_trigger.py
[2023-06-13T23:22:23.215+0000] {processor.py:826} INFO - Processing file /home/airflow/.local/lib/python3.7/site-packages/airflow/example_dags/example_latest_only_with_trigger.py for tasks to queue
[2023-06-13T23:22:23.216+0000] {logging_mixin.py:149} INFO - [2023-06-13T23:22:23.216+0000] {dagbag.py:541} INFO - Filling up the DagBag from /home/airflow/.local/lib/python3.7/site-packages/airflow/example_dags/example_latest_only_with_trigger.py
[2023-06-13T23:22:23.224+0000] {processor.py:836} INFO - DAG(s) dict_keys(['latest_only_with_trigger']) retrieved from /home/airflow/.local/lib/python3.7/site-packages/airflow/example_dags/example_latest_only_with_trigger.py
[2023-06-13T23:22:23.272+0000] {logging_mixin.py:149} INFO - [2023-06-13T23:22:23.271+0000] {dag.py:2726} INFO - Sync 1 DAGs
[2023-06-13T23:22:23.314+0000] {logging_mixin.py:149} INFO - [2023-06-13T23:22:23.314+0000] {dag.py:3490} INFO - Setting next_dagrun for latest_only_with_trigger to 2023-06-13T19:22:23.313923+00:00, run_after=2023-06-13T23:22:23.313923+00:00
[2023-06-13T23:22:23.369+0000] {processor.py:179} INFO - Processing /home/airflow/.local/lib/python3.7/site-packages/airflow/example_dags/example_latest_only_with_trigger.py took 0.161 seconds
[2023-06-13T23:22:53.793+0000] {processor.py:157} INFO - Started process (PID=13741) to work on /home/airflow/.local/lib/python3.7/site-packages/airflow/example_dags/example_latest_only_with_trigger.py
[2023-06-13T23:22:53.794+0000] {processor.py:826} INFO - Processing file /home/airflow/.local/lib/python3.7/site-packages/airflow/example_dags/example_latest_only_with_trigger.py for tasks to queue
[2023-06-13T23:22:53.795+0000] {logging_mixin.py:149} INFO - [2023-06-13T23:22:53.795+0000] {dagbag.py:541} INFO - Filling up the DagBag from /home/airflow/.local/lib/python3.7/site-packages/airflow/example_dags/example_latest_only_with_trigger.py
[2023-06-13T23:22:53.804+0000] {processor.py:836} INFO - DAG(s) dict_keys(['latest_only_with_trigger']) retrieved from /home/airflow/.local/lib/python3.7/site-packages/airflow/example_dags/example_latest_only_with_trigger.py
[2023-06-13T23:22:53.852+0000] {logging_mixin.py:149} INFO - [2023-06-13T23:22:53.851+0000] {dag.py:2726} INFO - Sync 1 DAGs
[2023-06-13T23:22:53.903+0000] {logging_mixin.py:149} INFO - [2023-06-13T23:22:53.902+0000] {dag.py:3490} INFO - Setting next_dagrun for latest_only_with_trigger to 2023-06-13T19:22:53.902560+00:00, run_after=2023-06-13T23:22:53.902560+00:00
[2023-06-13T23:22:53.948+0000] {processor.py:179} INFO - Processing /home/airflow/.local/lib/python3.7/site-packages/airflow/example_dags/example_latest_only_with_trigger.py took 0.160 seconds
[2023-06-13T23:23:24.258+0000] {processor.py:157} INFO - Started process (PID=13981) to work on /home/airflow/.local/lib/python3.7/site-packages/airflow/example_dags/example_latest_only_with_trigger.py
[2023-06-13T23:23:24.260+0000] {processor.py:826} INFO - Processing file /home/airflow/.local/lib/python3.7/site-packages/airflow/example_dags/example_latest_only_with_trigger.py for tasks to queue
[2023-06-13T23:23:24.262+0000] {logging_mixin.py:149} INFO - [2023-06-13T23:23:24.262+0000] {dagbag.py:541} INFO - Filling up the DagBag from /home/airflow/.local/lib/python3.7/site-packages/airflow/example_dags/example_latest_only_with_trigger.py
[2023-06-13T23:23:24.272+0000] {processor.py:836} INFO - DAG(s) dict_keys(['latest_only_with_trigger']) retrieved from /home/airflow/.local/lib/python3.7/site-packages/airflow/example_dags/example_latest_only_with_trigger.py
[2023-06-13T23:23:24.321+0000] {logging_mixin.py:149} INFO - [2023-06-13T23:23:24.321+0000] {dag.py:2726} INFO - Sync 1 DAGs
[2023-06-13T23:23:24.376+0000] {logging_mixin.py:149} INFO - [2023-06-13T23:23:24.376+0000] {dag.py:3490} INFO - Setting next_dagrun for latest_only_with_trigger to 2023-06-13T19:23:24.375538+00:00, run_after=2023-06-13T23:23:24.375538+00:00
[2023-06-13T23:23:24.424+0000] {processor.py:179} INFO - Processing /home/airflow/.local/lib/python3.7/site-packages/airflow/example_dags/example_latest_only_with_trigger.py took 0.172 seconds
[2023-06-13T23:23:54.801+0000] {processor.py:157} INFO - Started process (PID=14223) to work on /home/airflow/.local/lib/python3.7/site-packages/airflow/example_dags/example_latest_only_with_trigger.py
[2023-06-13T23:23:54.803+0000] {processor.py:826} INFO - Processing file /home/airflow/.local/lib/python3.7/site-packages/airflow/example_dags/example_latest_only_with_trigger.py for tasks to queue
[2023-06-13T23:23:54.805+0000] {logging_mixin.py:149} INFO - [2023-06-13T23:23:54.804+0000] {dagbag.py:541} INFO - Filling up the DagBag from /home/airflow/.local/lib/python3.7/site-packages/airflow/example_dags/example_latest_only_with_trigger.py
[2023-06-13T23:23:54.814+0000] {processor.py:836} INFO - DAG(s) dict_keys(['latest_only_with_trigger']) retrieved from /home/airflow/.local/lib/python3.7/site-packages/airflow/example_dags/example_latest_only_with_trigger.py
[2023-06-13T23:23:54.861+0000] {logging_mixin.py:149} INFO - [2023-06-13T23:23:54.861+0000] {dag.py:2726} INFO - Sync 1 DAGs
[2023-06-13T23:23:54.900+0000] {logging_mixin.py:149} INFO - [2023-06-13T23:23:54.900+0000] {dag.py:3490} INFO - Setting next_dagrun for latest_only_with_trigger to 2023-06-13T19:23:54.900042+00:00, run_after=2023-06-13T23:23:54.900042+00:00
[2023-06-13T23:23:54.939+0000] {processor.py:179} INFO - Processing /home/airflow/.local/lib/python3.7/site-packages/airflow/example_dags/example_latest_only_with_trigger.py took 0.143 seconds
[2023-06-13T23:24:25.074+0000] {processor.py:157} INFO - Started process (PID=14461) to work on /home/airflow/.local/lib/python3.7/site-packages/airflow/example_dags/example_latest_only_with_trigger.py
[2023-06-13T23:24:25.076+0000] {processor.py:826} INFO - Processing file /home/airflow/.local/lib/python3.7/site-packages/airflow/example_dags/example_latest_only_with_trigger.py for tasks to queue
[2023-06-13T23:24:25.077+0000] {logging_mixin.py:149} INFO - [2023-06-13T23:24:25.077+0000] {dagbag.py:541} INFO - Filling up the DagBag from /home/airflow/.local/lib/python3.7/site-packages/airflow/example_dags/example_latest_only_with_trigger.py
[2023-06-13T23:24:25.092+0000] {processor.py:836} INFO - DAG(s) dict_keys(['latest_only_with_trigger']) retrieved from /home/airflow/.local/lib/python3.7/site-packages/airflow/example_dags/example_latest_only_with_trigger.py
[2023-06-13T23:24:25.161+0000] {logging_mixin.py:149} INFO - [2023-06-13T23:24:25.161+0000] {dag.py:2726} INFO - Sync 1 DAGs
[2023-06-13T23:24:25.210+0000] {logging_mixin.py:149} INFO - [2023-06-13T23:24:25.210+0000] {dag.py:3490} INFO - Setting next_dagrun for latest_only_with_trigger to 2023-06-13T19:24:25.210200+00:00, run_after=2023-06-13T23:24:25.210200+00:00
[2023-06-13T23:24:25.296+0000] {processor.py:179} INFO - Processing /home/airflow/.local/lib/python3.7/site-packages/airflow/example_dags/example_latest_only_with_trigger.py took 0.229 seconds
[2023-06-13T23:24:55.592+0000] {processor.py:157} INFO - Started process (PID=14706) to work on /home/airflow/.local/lib/python3.7/site-packages/airflow/example_dags/example_latest_only_with_trigger.py
[2023-06-13T23:24:55.593+0000] {processor.py:826} INFO - Processing file /home/airflow/.local/lib/python3.7/site-packages/airflow/example_dags/example_latest_only_with_trigger.py for tasks to queue
[2023-06-13T23:24:55.594+0000] {logging_mixin.py:149} INFO - [2023-06-13T23:24:55.594+0000] {dagbag.py:541} INFO - Filling up the DagBag from /home/airflow/.local/lib/python3.7/site-packages/airflow/example_dags/example_latest_only_with_trigger.py
[2023-06-13T23:24:55.607+0000] {processor.py:836} INFO - DAG(s) dict_keys(['latest_only_with_trigger']) retrieved from /home/airflow/.local/lib/python3.7/site-packages/airflow/example_dags/example_latest_only_with_trigger.py
[2023-06-13T23:24:55.674+0000] {logging_mixin.py:149} INFO - [2023-06-13T23:24:55.674+0000] {dag.py:2726} INFO - Sync 1 DAGs
[2023-06-13T23:24:55.746+0000] {logging_mixin.py:149} INFO - [2023-06-13T23:24:55.746+0000] {dag.py:3490} INFO - Setting next_dagrun for latest_only_with_trigger to 2023-06-13T19:24:55.745993+00:00, run_after=2023-06-13T23:24:55.745993+00:00
[2023-06-13T23:24:55.810+0000] {processor.py:179} INFO - Processing /home/airflow/.local/lib/python3.7/site-packages/airflow/example_dags/example_latest_only_with_trigger.py took 0.223 seconds
[2023-06-13T23:25:26.074+0000] {processor.py:157} INFO - Started process (PID=14946) to work on /home/airflow/.local/lib/python3.7/site-packages/airflow/example_dags/example_latest_only_with_trigger.py
[2023-06-13T23:25:26.078+0000] {processor.py:826} INFO - Processing file /home/airflow/.local/lib/python3.7/site-packages/airflow/example_dags/example_latest_only_with_trigger.py for tasks to queue
[2023-06-13T23:25:26.079+0000] {logging_mixin.py:149} INFO - [2023-06-13T23:25:26.079+0000] {dagbag.py:541} INFO - Filling up the DagBag from /home/airflow/.local/lib/python3.7/site-packages/airflow/example_dags/example_latest_only_with_trigger.py
[2023-06-13T23:25:26.091+0000] {processor.py:836} INFO - DAG(s) dict_keys(['latest_only_with_trigger']) retrieved from /home/airflow/.local/lib/python3.7/site-packages/airflow/example_dags/example_latest_only_with_trigger.py
[2023-06-13T23:25:26.150+0000] {logging_mixin.py:149} INFO - [2023-06-13T23:25:26.150+0000] {dag.py:2726} INFO - Sync 1 DAGs
[2023-06-13T23:25:26.214+0000] {logging_mixin.py:149} INFO - [2023-06-13T23:25:26.213+0000] {dag.py:3490} INFO - Setting next_dagrun for latest_only_with_trigger to 2023-06-13T19:25:26.213346+00:00, run_after=2023-06-13T23:25:26.213346+00:00
[2023-06-13T23:25:26.280+0000] {processor.py:179} INFO - Processing /home/airflow/.local/lib/python3.7/site-packages/airflow/example_dags/example_latest_only_with_trigger.py took 0.212 seconds
