[2023-06-13T22:54:08.713+0000] {processor.py:157} INFO - Started process (PID=213) to work on /home/airflow/.local/lib/python3.7/site-packages/airflow/example_dags/example_branch_operator_decorator.py
[2023-06-13T22:54:08.714+0000] {processor.py:826} INFO - Processing file /home/airflow/.local/lib/python3.7/site-packages/airflow/example_dags/example_branch_operator_decorator.py for tasks to queue
[2023-06-13T22:54:08.714+0000] {logging_mixin.py:149} INFO - [2023-06-13T22:54:08.714+0000] {dagbag.py:541} INFO - Filling up the DagBag from /home/airflow/.local/lib/python3.7/site-packages/airflow/example_dags/example_branch_operator_decorator.py
[2023-06-13T22:54:08.745+0000] {processor.py:836} INFO - DAG(s) dict_keys(['example_branch_python_operator_decorator']) retrieved from /home/airflow/.local/lib/python3.7/site-packages/airflow/example_dags/example_branch_operator_decorator.py
[2023-06-13T22:54:08.833+0000] {logging_mixin.py:149} INFO - [2023-06-13T22:54:08.833+0000] {dag.py:2726} INFO - Sync 1 DAGs
[2023-06-13T22:54:08.895+0000] {logging_mixin.py:149} INFO - [2023-06-13T22:54:08.894+0000] {dag.py:3490} INFO - Setting next_dagrun for example_branch_python_operator_decorator to 2023-06-12T00:00:00+00:00, run_after=2023-06-13T00:00:00+00:00
[2023-06-13T22:54:08.946+0000] {processor.py:179} INFO - Processing /home/airflow/.local/lib/python3.7/site-packages/airflow/example_dags/example_branch_operator_decorator.py took 0.239 seconds
[2023-06-13T22:54:39.657+0000] {processor.py:157} INFO - Started process (PID=453) to work on /home/airflow/.local/lib/python3.7/site-packages/airflow/example_dags/example_branch_operator_decorator.py
[2023-06-13T22:54:39.660+0000] {processor.py:826} INFO - Processing file /home/airflow/.local/lib/python3.7/site-packages/airflow/example_dags/example_branch_operator_decorator.py for tasks to queue
[2023-06-13T22:54:39.661+0000] {logging_mixin.py:149} INFO - [2023-06-13T22:54:39.661+0000] {dagbag.py:541} INFO - Filling up the DagBag from /home/airflow/.local/lib/python3.7/site-packages/airflow/example_dags/example_branch_operator_decorator.py
[2023-06-13T22:54:39.683+0000] {processor.py:836} INFO - DAG(s) dict_keys(['example_branch_python_operator_decorator']) retrieved from /home/airflow/.local/lib/python3.7/site-packages/airflow/example_dags/example_branch_operator_decorator.py
[2023-06-13T22:54:39.742+0000] {logging_mixin.py:149} INFO - [2023-06-13T22:54:39.742+0000] {dag.py:2726} INFO - Sync 1 DAGs
[2023-06-13T22:54:39.799+0000] {logging_mixin.py:149} INFO - [2023-06-13T22:54:39.799+0000] {dag.py:3490} INFO - Setting next_dagrun for example_branch_python_operator_decorator to 2023-06-12T00:00:00+00:00, run_after=2023-06-13T00:00:00+00:00
[2023-06-13T22:54:40.048+0000] {processor.py:179} INFO - Processing /home/airflow/.local/lib/python3.7/site-packages/airflow/example_dags/example_branch_operator_decorator.py took 0.399 seconds
[2023-06-13T22:55:11.094+0000] {processor.py:157} INFO - Started process (PID=693) to work on /home/airflow/.local/lib/python3.7/site-packages/airflow/example_dags/example_branch_operator_decorator.py
[2023-06-13T22:55:11.102+0000] {processor.py:826} INFO - Processing file /home/airflow/.local/lib/python3.7/site-packages/airflow/example_dags/example_branch_operator_decorator.py for tasks to queue
[2023-06-13T22:55:11.104+0000] {logging_mixin.py:149} INFO - [2023-06-13T22:55:11.103+0000] {dagbag.py:541} INFO - Filling up the DagBag from /home/airflow/.local/lib/python3.7/site-packages/airflow/example_dags/example_branch_operator_decorator.py
[2023-06-13T22:55:11.133+0000] {processor.py:836} INFO - DAG(s) dict_keys(['example_branch_python_operator_decorator']) retrieved from /home/airflow/.local/lib/python3.7/site-packages/airflow/example_dags/example_branch_operator_decorator.py
[2023-06-13T22:55:11.608+0000] {logging_mixin.py:149} INFO - [2023-06-13T22:55:11.608+0000] {dag.py:2726} INFO - Sync 1 DAGs
[2023-06-13T22:55:11.662+0000] {logging_mixin.py:149} INFO - [2023-06-13T22:55:11.662+0000] {dag.py:3490} INFO - Setting next_dagrun for example_branch_python_operator_decorator to 2023-06-12T00:00:00+00:00, run_after=2023-06-13T00:00:00+00:00
[2023-06-13T22:55:11.707+0000] {processor.py:179} INFO - Processing /home/airflow/.local/lib/python3.7/site-packages/airflow/example_dags/example_branch_operator_decorator.py took 0.621 seconds
[2023-06-13T22:55:42.060+0000] {processor.py:157} INFO - Started process (PID=946) to work on /home/airflow/.local/lib/python3.7/site-packages/airflow/example_dags/example_branch_operator_decorator.py
[2023-06-13T22:55:42.067+0000] {processor.py:826} INFO - Processing file /home/airflow/.local/lib/python3.7/site-packages/airflow/example_dags/example_branch_operator_decorator.py for tasks to queue
[2023-06-13T22:55:42.069+0000] {logging_mixin.py:149} INFO - [2023-06-13T22:55:42.068+0000] {dagbag.py:541} INFO - Filling up the DagBag from /home/airflow/.local/lib/python3.7/site-packages/airflow/example_dags/example_branch_operator_decorator.py
[2023-06-13T22:55:42.087+0000] {processor.py:836} INFO - DAG(s) dict_keys(['example_branch_python_operator_decorator']) retrieved from /home/airflow/.local/lib/python3.7/site-packages/airflow/example_dags/example_branch_operator_decorator.py
[2023-06-13T22:55:42.138+0000] {logging_mixin.py:149} INFO - [2023-06-13T22:55:42.138+0000] {dag.py:2726} INFO - Sync 1 DAGs
[2023-06-13T22:55:42.196+0000] {logging_mixin.py:149} INFO - [2023-06-13T22:55:42.195+0000] {dag.py:3490} INFO - Setting next_dagrun for example_branch_python_operator_decorator to 2023-06-12T00:00:00+00:00, run_after=2023-06-13T00:00:00+00:00
[2023-06-13T22:55:42.264+0000] {processor.py:179} INFO - Processing /home/airflow/.local/lib/python3.7/site-packages/airflow/example_dags/example_branch_operator_decorator.py took 0.208 seconds
[2023-06-13T22:56:12.914+0000] {processor.py:157} INFO - Started process (PID=1184) to work on /home/airflow/.local/lib/python3.7/site-packages/airflow/example_dags/example_branch_operator_decorator.py
[2023-06-13T22:56:12.917+0000] {processor.py:826} INFO - Processing file /home/airflow/.local/lib/python3.7/site-packages/airflow/example_dags/example_branch_operator_decorator.py for tasks to queue
[2023-06-13T22:56:12.918+0000] {logging_mixin.py:149} INFO - [2023-06-13T22:56:12.918+0000] {dagbag.py:541} INFO - Filling up the DagBag from /home/airflow/.local/lib/python3.7/site-packages/airflow/example_dags/example_branch_operator_decorator.py
[2023-06-13T22:56:12.949+0000] {processor.py:836} INFO - DAG(s) dict_keys(['example_branch_python_operator_decorator']) retrieved from /home/airflow/.local/lib/python3.7/site-packages/airflow/example_dags/example_branch_operator_decorator.py
[2023-06-13T22:56:13.038+0000] {logging_mixin.py:149} INFO - [2023-06-13T22:56:13.037+0000] {dag.py:2726} INFO - Sync 1 DAGs
[2023-06-13T22:56:13.109+0000] {logging_mixin.py:149} INFO - [2023-06-13T22:56:13.109+0000] {dag.py:3490} INFO - Setting next_dagrun for example_branch_python_operator_decorator to 2023-06-12T00:00:00+00:00, run_after=2023-06-13T00:00:00+00:00
[2023-06-13T22:56:13.178+0000] {processor.py:179} INFO - Processing /home/airflow/.local/lib/python3.7/site-packages/airflow/example_dags/example_branch_operator_decorator.py took 0.270 seconds
[2023-06-13T22:56:43.868+0000] {processor.py:157} INFO - Started process (PID=1424) to work on /home/airflow/.local/lib/python3.7/site-packages/airflow/example_dags/example_branch_operator_decorator.py
[2023-06-13T22:56:43.872+0000] {processor.py:826} INFO - Processing file /home/airflow/.local/lib/python3.7/site-packages/airflow/example_dags/example_branch_operator_decorator.py for tasks to queue
[2023-06-13T22:56:43.874+0000] {logging_mixin.py:149} INFO - [2023-06-13T22:56:43.873+0000] {dagbag.py:541} INFO - Filling up the DagBag from /home/airflow/.local/lib/python3.7/site-packages/airflow/example_dags/example_branch_operator_decorator.py
[2023-06-13T22:56:43.890+0000] {processor.py:836} INFO - DAG(s) dict_keys(['example_branch_python_operator_decorator']) retrieved from /home/airflow/.local/lib/python3.7/site-packages/airflow/example_dags/example_branch_operator_decorator.py
[2023-06-13T22:56:43.944+0000] {logging_mixin.py:149} INFO - [2023-06-13T22:56:43.944+0000] {dag.py:2726} INFO - Sync 1 DAGs
[2023-06-13T22:56:43.989+0000] {logging_mixin.py:149} INFO - [2023-06-13T22:56:43.988+0000] {dag.py:3490} INFO - Setting next_dagrun for example_branch_python_operator_decorator to 2023-06-12T00:00:00+00:00, run_after=2023-06-13T00:00:00+00:00
[2023-06-13T22:56:44.035+0000] {processor.py:179} INFO - Processing /home/airflow/.local/lib/python3.7/site-packages/airflow/example_dags/example_branch_operator_decorator.py took 0.171 seconds
[2023-06-13T22:57:14.490+0000] {processor.py:157} INFO - Started process (PID=1663) to work on /home/airflow/.local/lib/python3.7/site-packages/airflow/example_dags/example_branch_operator_decorator.py
[2023-06-13T22:57:14.492+0000] {processor.py:826} INFO - Processing file /home/airflow/.local/lib/python3.7/site-packages/airflow/example_dags/example_branch_operator_decorator.py for tasks to queue
[2023-06-13T22:57:14.493+0000] {logging_mixin.py:149} INFO - [2023-06-13T22:57:14.493+0000] {dagbag.py:541} INFO - Filling up the DagBag from /home/airflow/.local/lib/python3.7/site-packages/airflow/example_dags/example_branch_operator_decorator.py
[2023-06-13T22:57:14.505+0000] {processor.py:836} INFO - DAG(s) dict_keys(['example_branch_python_operator_decorator']) retrieved from /home/airflow/.local/lib/python3.7/site-packages/airflow/example_dags/example_branch_operator_decorator.py
[2023-06-13T22:57:14.553+0000] {logging_mixin.py:149} INFO - [2023-06-13T22:57:14.553+0000] {dag.py:2726} INFO - Sync 1 DAGs
[2023-06-13T22:57:14.606+0000] {logging_mixin.py:149} INFO - [2023-06-13T22:57:14.606+0000] {dag.py:3490} INFO - Setting next_dagrun for example_branch_python_operator_decorator to 2023-06-12T00:00:00+00:00, run_after=2023-06-13T00:00:00+00:00
[2023-06-13T22:57:14.641+0000] {processor.py:179} INFO - Processing /home/airflow/.local/lib/python3.7/site-packages/airflow/example_dags/example_branch_operator_decorator.py took 0.154 seconds
[2023-06-13T22:57:45.465+0000] {processor.py:157} INFO - Started process (PID=1903) to work on /home/airflow/.local/lib/python3.7/site-packages/airflow/example_dags/example_branch_operator_decorator.py
[2023-06-13T22:57:45.468+0000] {processor.py:826} INFO - Processing file /home/airflow/.local/lib/python3.7/site-packages/airflow/example_dags/example_branch_operator_decorator.py for tasks to queue
[2023-06-13T22:57:45.470+0000] {logging_mixin.py:149} INFO - [2023-06-13T22:57:45.469+0000] {dagbag.py:541} INFO - Filling up the DagBag from /home/airflow/.local/lib/python3.7/site-packages/airflow/example_dags/example_branch_operator_decorator.py
[2023-06-13T22:57:45.491+0000] {processor.py:836} INFO - DAG(s) dict_keys(['example_branch_python_operator_decorator']) retrieved from /home/airflow/.local/lib/python3.7/site-packages/airflow/example_dags/example_branch_operator_decorator.py
[2023-06-13T22:57:45.573+0000] {logging_mixin.py:149} INFO - [2023-06-13T22:57:45.573+0000] {dag.py:2726} INFO - Sync 1 DAGs
[2023-06-13T22:57:45.631+0000] {logging_mixin.py:149} INFO - [2023-06-13T22:57:45.631+0000] {dag.py:3490} INFO - Setting next_dagrun for example_branch_python_operator_decorator to 2023-06-12T00:00:00+00:00, run_after=2023-06-13T00:00:00+00:00
[2023-06-13T22:57:45.687+0000] {processor.py:179} INFO - Processing /home/airflow/.local/lib/python3.7/site-packages/airflow/example_dags/example_branch_operator_decorator.py took 0.228 seconds
[2023-06-13T22:58:16.334+0000] {processor.py:157} INFO - Started process (PID=2143) to work on /home/airflow/.local/lib/python3.7/site-packages/airflow/example_dags/example_branch_operator_decorator.py
[2023-06-13T22:58:16.338+0000] {processor.py:826} INFO - Processing file /home/airflow/.local/lib/python3.7/site-packages/airflow/example_dags/example_branch_operator_decorator.py for tasks to queue
[2023-06-13T22:58:16.340+0000] {logging_mixin.py:149} INFO - [2023-06-13T22:58:16.340+0000] {dagbag.py:541} INFO - Filling up the DagBag from /home/airflow/.local/lib/python3.7/site-packages/airflow/example_dags/example_branch_operator_decorator.py
[2023-06-13T22:58:16.360+0000] {processor.py:836} INFO - DAG(s) dict_keys(['example_branch_python_operator_decorator']) retrieved from /home/airflow/.local/lib/python3.7/site-packages/airflow/example_dags/example_branch_operator_decorator.py
[2023-06-13T22:58:16.429+0000] {logging_mixin.py:149} INFO - [2023-06-13T22:58:16.429+0000] {dag.py:2726} INFO - Sync 1 DAGs
[2023-06-13T22:58:16.482+0000] {logging_mixin.py:149} INFO - [2023-06-13T22:58:16.482+0000] {dag.py:3490} INFO - Setting next_dagrun for example_branch_python_operator_decorator to 2023-06-12T00:00:00+00:00, run_after=2023-06-13T00:00:00+00:00
[2023-06-13T22:58:16.534+0000] {processor.py:179} INFO - Processing /home/airflow/.local/lib/python3.7/site-packages/airflow/example_dags/example_branch_operator_decorator.py took 0.208 seconds
[2023-06-13T22:58:46.840+0000] {processor.py:157} INFO - Started process (PID=2383) to work on /home/airflow/.local/lib/python3.7/site-packages/airflow/example_dags/example_branch_operator_decorator.py
[2023-06-13T22:58:46.842+0000] {processor.py:826} INFO - Processing file /home/airflow/.local/lib/python3.7/site-packages/airflow/example_dags/example_branch_operator_decorator.py for tasks to queue
[2023-06-13T22:58:46.843+0000] {logging_mixin.py:149} INFO - [2023-06-13T22:58:46.843+0000] {dagbag.py:541} INFO - Filling up the DagBag from /home/airflow/.local/lib/python3.7/site-packages/airflow/example_dags/example_branch_operator_decorator.py
[2023-06-13T22:58:46.863+0000] {processor.py:836} INFO - DAG(s) dict_keys(['example_branch_python_operator_decorator']) retrieved from /home/airflow/.local/lib/python3.7/site-packages/airflow/example_dags/example_branch_operator_decorator.py
[2023-06-13T22:58:46.946+0000] {logging_mixin.py:149} INFO - [2023-06-13T22:58:46.945+0000] {dag.py:2726} INFO - Sync 1 DAGs
[2023-06-13T22:58:47.009+0000] {logging_mixin.py:149} INFO - [2023-06-13T22:58:47.009+0000] {dag.py:3490} INFO - Setting next_dagrun for example_branch_python_operator_decorator to 2023-06-12T00:00:00+00:00, run_after=2023-06-13T00:00:00+00:00
[2023-06-13T22:58:47.059+0000] {processor.py:179} INFO - Processing /home/airflow/.local/lib/python3.7/site-packages/airflow/example_dags/example_branch_operator_decorator.py took 0.225 seconds
[2023-06-13T22:59:17.335+0000] {processor.py:157} INFO - Started process (PID=2623) to work on /home/airflow/.local/lib/python3.7/site-packages/airflow/example_dags/example_branch_operator_decorator.py
[2023-06-13T22:59:17.338+0000] {processor.py:826} INFO - Processing file /home/airflow/.local/lib/python3.7/site-packages/airflow/example_dags/example_branch_operator_decorator.py for tasks to queue
[2023-06-13T22:59:17.339+0000] {logging_mixin.py:149} INFO - [2023-06-13T22:59:17.339+0000] {dagbag.py:541} INFO - Filling up the DagBag from /home/airflow/.local/lib/python3.7/site-packages/airflow/example_dags/example_branch_operator_decorator.py
[2023-06-13T22:59:17.362+0000] {processor.py:836} INFO - DAG(s) dict_keys(['example_branch_python_operator_decorator']) retrieved from /home/airflow/.local/lib/python3.7/site-packages/airflow/example_dags/example_branch_operator_decorator.py
[2023-06-13T22:59:17.425+0000] {logging_mixin.py:149} INFO - [2023-06-13T22:59:17.424+0000] {dag.py:2726} INFO - Sync 1 DAGs
[2023-06-13T22:59:17.495+0000] {logging_mixin.py:149} INFO - [2023-06-13T22:59:17.495+0000] {dag.py:3490} INFO - Setting next_dagrun for example_branch_python_operator_decorator to 2023-06-12T00:00:00+00:00, run_after=2023-06-13T00:00:00+00:00
[2023-06-13T22:59:17.554+0000] {processor.py:179} INFO - Processing /home/airflow/.local/lib/python3.7/site-packages/airflow/example_dags/example_branch_operator_decorator.py took 0.225 seconds
[2023-06-13T22:59:47.749+0000] {processor.py:157} INFO - Started process (PID=2858) to work on /home/airflow/.local/lib/python3.7/site-packages/airflow/example_dags/example_branch_operator_decorator.py
[2023-06-13T22:59:47.751+0000] {processor.py:826} INFO - Processing file /home/airflow/.local/lib/python3.7/site-packages/airflow/example_dags/example_branch_operator_decorator.py for tasks to queue
[2023-06-13T22:59:47.752+0000] {logging_mixin.py:149} INFO - [2023-06-13T22:59:47.752+0000] {dagbag.py:541} INFO - Filling up the DagBag from /home/airflow/.local/lib/python3.7/site-packages/airflow/example_dags/example_branch_operator_decorator.py
[2023-06-13T22:59:47.770+0000] {processor.py:836} INFO - DAG(s) dict_keys(['example_branch_python_operator_decorator']) retrieved from /home/airflow/.local/lib/python3.7/site-packages/airflow/example_dags/example_branch_operator_decorator.py
[2023-06-13T22:59:47.824+0000] {logging_mixin.py:149} INFO - [2023-06-13T22:59:47.823+0000] {dag.py:2726} INFO - Sync 1 DAGs
[2023-06-13T22:59:47.880+0000] {logging_mixin.py:149} INFO - [2023-06-13T22:59:47.879+0000] {dag.py:3490} INFO - Setting next_dagrun for example_branch_python_operator_decorator to 2023-06-12T00:00:00+00:00, run_after=2023-06-13T00:00:00+00:00
[2023-06-13T22:59:47.944+0000] {processor.py:179} INFO - Processing /home/airflow/.local/lib/python3.7/site-packages/airflow/example_dags/example_branch_operator_decorator.py took 0.200 seconds
[2023-06-13T23:00:18.332+0000] {processor.py:157} INFO - Started process (PID=3098) to work on /home/airflow/.local/lib/python3.7/site-packages/airflow/example_dags/example_branch_operator_decorator.py
[2023-06-13T23:00:18.336+0000] {processor.py:826} INFO - Processing file /home/airflow/.local/lib/python3.7/site-packages/airflow/example_dags/example_branch_operator_decorator.py for tasks to queue
[2023-06-13T23:00:18.338+0000] {logging_mixin.py:149} INFO - [2023-06-13T23:00:18.337+0000] {dagbag.py:541} INFO - Filling up the DagBag from /home/airflow/.local/lib/python3.7/site-packages/airflow/example_dags/example_branch_operator_decorator.py
[2023-06-13T23:00:18.373+0000] {processor.py:836} INFO - DAG(s) dict_keys(['example_branch_python_operator_decorator']) retrieved from /home/airflow/.local/lib/python3.7/site-packages/airflow/example_dags/example_branch_operator_decorator.py
[2023-06-13T23:00:18.461+0000] {logging_mixin.py:149} INFO - [2023-06-13T23:00:18.460+0000] {dag.py:2726} INFO - Sync 1 DAGs
[2023-06-13T23:00:18.538+0000] {logging_mixin.py:149} INFO - [2023-06-13T23:00:18.537+0000] {dag.py:3490} INFO - Setting next_dagrun for example_branch_python_operator_decorator to 2023-06-12T00:00:00+00:00, run_after=2023-06-13T00:00:00+00:00
[2023-06-13T23:00:18.593+0000] {processor.py:179} INFO - Processing /home/airflow/.local/lib/python3.7/site-packages/airflow/example_dags/example_branch_operator_decorator.py took 0.270 seconds
[2023-06-13T23:00:49.133+0000] {processor.py:157} INFO - Started process (PID=3338) to work on /home/airflow/.local/lib/python3.7/site-packages/airflow/example_dags/example_branch_operator_decorator.py
[2023-06-13T23:00:49.135+0000] {processor.py:826} INFO - Processing file /home/airflow/.local/lib/python3.7/site-packages/airflow/example_dags/example_branch_operator_decorator.py for tasks to queue
[2023-06-13T23:00:49.136+0000] {logging_mixin.py:149} INFO - [2023-06-13T23:00:49.136+0000] {dagbag.py:541} INFO - Filling up the DagBag from /home/airflow/.local/lib/python3.7/site-packages/airflow/example_dags/example_branch_operator_decorator.py
[2023-06-13T23:00:49.154+0000] {processor.py:836} INFO - DAG(s) dict_keys(['example_branch_python_operator_decorator']) retrieved from /home/airflow/.local/lib/python3.7/site-packages/airflow/example_dags/example_branch_operator_decorator.py
[2023-06-13T23:00:49.219+0000] {logging_mixin.py:149} INFO - [2023-06-13T23:00:49.219+0000] {dag.py:2726} INFO - Sync 1 DAGs
[2023-06-13T23:00:49.269+0000] {logging_mixin.py:149} INFO - [2023-06-13T23:00:49.268+0000] {dag.py:3490} INFO - Setting next_dagrun for example_branch_python_operator_decorator to 2023-06-12T00:00:00+00:00, run_after=2023-06-13T00:00:00+00:00
[2023-06-13T23:00:49.318+0000] {processor.py:179} INFO - Processing /home/airflow/.local/lib/python3.7/site-packages/airflow/example_dags/example_branch_operator_decorator.py took 0.191 seconds
[2023-06-13T23:01:19.704+0000] {processor.py:157} INFO - Started process (PID=3578) to work on /home/airflow/.local/lib/python3.7/site-packages/airflow/example_dags/example_branch_operator_decorator.py
[2023-06-13T23:01:19.706+0000] {processor.py:826} INFO - Processing file /home/airflow/.local/lib/python3.7/site-packages/airflow/example_dags/example_branch_operator_decorator.py for tasks to queue
[2023-06-13T23:01:19.707+0000] {logging_mixin.py:149} INFO - [2023-06-13T23:01:19.707+0000] {dagbag.py:541} INFO - Filling up the DagBag from /home/airflow/.local/lib/python3.7/site-packages/airflow/example_dags/example_branch_operator_decorator.py
[2023-06-13T23:01:19.726+0000] {processor.py:836} INFO - DAG(s) dict_keys(['example_branch_python_operator_decorator']) retrieved from /home/airflow/.local/lib/python3.7/site-packages/airflow/example_dags/example_branch_operator_decorator.py
[2023-06-13T23:01:19.792+0000] {logging_mixin.py:149} INFO - [2023-06-13T23:01:19.791+0000] {dag.py:2726} INFO - Sync 1 DAGs
[2023-06-13T23:01:19.862+0000] {logging_mixin.py:149} INFO - [2023-06-13T23:01:19.862+0000] {dag.py:3490} INFO - Setting next_dagrun for example_branch_python_operator_decorator to 2023-06-12T00:00:00+00:00, run_after=2023-06-13T00:00:00+00:00
[2023-06-13T23:01:19.930+0000] {processor.py:179} INFO - Processing /home/airflow/.local/lib/python3.7/site-packages/airflow/example_dags/example_branch_operator_decorator.py took 0.232 seconds
[2023-06-13T23:01:50.031+0000] {processor.py:157} INFO - Started process (PID=3818) to work on /home/airflow/.local/lib/python3.7/site-packages/airflow/example_dags/example_branch_operator_decorator.py
[2023-06-13T23:01:50.032+0000] {processor.py:826} INFO - Processing file /home/airflow/.local/lib/python3.7/site-packages/airflow/example_dags/example_branch_operator_decorator.py for tasks to queue
[2023-06-13T23:01:50.033+0000] {logging_mixin.py:149} INFO - [2023-06-13T23:01:50.033+0000] {dagbag.py:541} INFO - Filling up the DagBag from /home/airflow/.local/lib/python3.7/site-packages/airflow/example_dags/example_branch_operator_decorator.py
[2023-06-13T23:01:50.050+0000] {processor.py:836} INFO - DAG(s) dict_keys(['example_branch_python_operator_decorator']) retrieved from /home/airflow/.local/lib/python3.7/site-packages/airflow/example_dags/example_branch_operator_decorator.py
[2023-06-13T23:01:50.103+0000] {logging_mixin.py:149} INFO - [2023-06-13T23:01:50.103+0000] {dag.py:2726} INFO - Sync 1 DAGs
[2023-06-13T23:01:50.158+0000] {logging_mixin.py:149} INFO - [2023-06-13T23:01:50.158+0000] {dag.py:3490} INFO - Setting next_dagrun for example_branch_python_operator_decorator to 2023-06-12T00:00:00+00:00, run_after=2023-06-13T00:00:00+00:00
[2023-06-13T23:01:50.212+0000] {processor.py:179} INFO - Processing /home/airflow/.local/lib/python3.7/site-packages/airflow/example_dags/example_branch_operator_decorator.py took 0.186 seconds
[2023-06-13T23:02:21.194+0000] {processor.py:157} INFO - Started process (PID=4059) to work on /home/airflow/.local/lib/python3.7/site-packages/airflow/example_dags/example_branch_operator_decorator.py
[2023-06-13T23:02:21.196+0000] {processor.py:826} INFO - Processing file /home/airflow/.local/lib/python3.7/site-packages/airflow/example_dags/example_branch_operator_decorator.py for tasks to queue
[2023-06-13T23:02:21.197+0000] {logging_mixin.py:149} INFO - [2023-06-13T23:02:21.197+0000] {dagbag.py:541} INFO - Filling up the DagBag from /home/airflow/.local/lib/python3.7/site-packages/airflow/example_dags/example_branch_operator_decorator.py
[2023-06-13T23:02:21.216+0000] {processor.py:836} INFO - DAG(s) dict_keys(['example_branch_python_operator_decorator']) retrieved from /home/airflow/.local/lib/python3.7/site-packages/airflow/example_dags/example_branch_operator_decorator.py
[2023-06-13T23:02:21.262+0000] {logging_mixin.py:149} INFO - [2023-06-13T23:02:21.262+0000] {dag.py:2726} INFO - Sync 1 DAGs
[2023-06-13T23:02:21.313+0000] {logging_mixin.py:149} INFO - [2023-06-13T23:02:21.313+0000] {dag.py:3490} INFO - Setting next_dagrun for example_branch_python_operator_decorator to 2023-06-12T00:00:00+00:00, run_after=2023-06-13T00:00:00+00:00
[2023-06-13T23:02:21.362+0000] {processor.py:179} INFO - Processing /home/airflow/.local/lib/python3.7/site-packages/airflow/example_dags/example_branch_operator_decorator.py took 0.173 seconds
[2023-06-13T23:02:51.786+0000] {processor.py:157} INFO - Started process (PID=4299) to work on /home/airflow/.local/lib/python3.7/site-packages/airflow/example_dags/example_branch_operator_decorator.py
[2023-06-13T23:02:51.787+0000] {processor.py:826} INFO - Processing file /home/airflow/.local/lib/python3.7/site-packages/airflow/example_dags/example_branch_operator_decorator.py for tasks to queue
[2023-06-13T23:02:51.788+0000] {logging_mixin.py:149} INFO - [2023-06-13T23:02:51.788+0000] {dagbag.py:541} INFO - Filling up the DagBag from /home/airflow/.local/lib/python3.7/site-packages/airflow/example_dags/example_branch_operator_decorator.py
[2023-06-13T23:02:51.801+0000] {processor.py:836} INFO - DAG(s) dict_keys(['example_branch_python_operator_decorator']) retrieved from /home/airflow/.local/lib/python3.7/site-packages/airflow/example_dags/example_branch_operator_decorator.py
[2023-06-13T23:02:51.849+0000] {logging_mixin.py:149} INFO - [2023-06-13T23:02:51.849+0000] {dag.py:2726} INFO - Sync 1 DAGs
[2023-06-13T23:02:51.894+0000] {logging_mixin.py:149} INFO - [2023-06-13T23:02:51.894+0000] {dag.py:3490} INFO - Setting next_dagrun for example_branch_python_operator_decorator to 2023-06-12T00:00:00+00:00, run_after=2023-06-13T00:00:00+00:00
[2023-06-13T23:02:51.938+0000] {processor.py:179} INFO - Processing /home/airflow/.local/lib/python3.7/site-packages/airflow/example_dags/example_branch_operator_decorator.py took 0.156 seconds
[2023-06-13T23:03:22.321+0000] {processor.py:157} INFO - Started process (PID=4538) to work on /home/airflow/.local/lib/python3.7/site-packages/airflow/example_dags/example_branch_operator_decorator.py
[2023-06-13T23:03:22.323+0000] {processor.py:826} INFO - Processing file /home/airflow/.local/lib/python3.7/site-packages/airflow/example_dags/example_branch_operator_decorator.py for tasks to queue
[2023-06-13T23:03:22.324+0000] {logging_mixin.py:149} INFO - [2023-06-13T23:03:22.324+0000] {dagbag.py:541} INFO - Filling up the DagBag from /home/airflow/.local/lib/python3.7/site-packages/airflow/example_dags/example_branch_operator_decorator.py
[2023-06-13T23:03:22.340+0000] {processor.py:836} INFO - DAG(s) dict_keys(['example_branch_python_operator_decorator']) retrieved from /home/airflow/.local/lib/python3.7/site-packages/airflow/example_dags/example_branch_operator_decorator.py
[2023-06-13T23:03:22.391+0000] {logging_mixin.py:149} INFO - [2023-06-13T23:03:22.391+0000] {dag.py:2726} INFO - Sync 1 DAGs
[2023-06-13T23:03:22.436+0000] {logging_mixin.py:149} INFO - [2023-06-13T23:03:22.435+0000] {dag.py:3490} INFO - Setting next_dagrun for example_branch_python_operator_decorator to 2023-06-12T00:00:00+00:00, run_after=2023-06-13T00:00:00+00:00
[2023-06-13T23:03:22.474+0000] {processor.py:179} INFO - Processing /home/airflow/.local/lib/python3.7/site-packages/airflow/example_dags/example_branch_operator_decorator.py took 0.158 seconds
[2023-06-13T23:03:52.783+0000] {processor.py:157} INFO - Started process (PID=4778) to work on /home/airflow/.local/lib/python3.7/site-packages/airflow/example_dags/example_branch_operator_decorator.py
[2023-06-13T23:03:52.786+0000] {processor.py:826} INFO - Processing file /home/airflow/.local/lib/python3.7/site-packages/airflow/example_dags/example_branch_operator_decorator.py for tasks to queue
[2023-06-13T23:03:52.787+0000] {logging_mixin.py:149} INFO - [2023-06-13T23:03:52.787+0000] {dagbag.py:541} INFO - Filling up the DagBag from /home/airflow/.local/lib/python3.7/site-packages/airflow/example_dags/example_branch_operator_decorator.py
[2023-06-13T23:03:52.806+0000] {processor.py:836} INFO - DAG(s) dict_keys(['example_branch_python_operator_decorator']) retrieved from /home/airflow/.local/lib/python3.7/site-packages/airflow/example_dags/example_branch_operator_decorator.py
[2023-06-13T23:03:52.859+0000] {logging_mixin.py:149} INFO - [2023-06-13T23:03:52.859+0000] {dag.py:2726} INFO - Sync 1 DAGs
[2023-06-13T23:03:52.901+0000] {logging_mixin.py:149} INFO - [2023-06-13T23:03:52.901+0000] {dag.py:3490} INFO - Setting next_dagrun for example_branch_python_operator_decorator to 2023-06-12T00:00:00+00:00, run_after=2023-06-13T00:00:00+00:00
[2023-06-13T23:03:52.945+0000] {processor.py:179} INFO - Processing /home/airflow/.local/lib/python3.7/site-packages/airflow/example_dags/example_branch_operator_decorator.py took 0.166 seconds
[2023-06-13T23:04:23.805+0000] {processor.py:157} INFO - Started process (PID=5018) to work on /home/airflow/.local/lib/python3.7/site-packages/airflow/example_dags/example_branch_operator_decorator.py
[2023-06-13T23:04:23.807+0000] {processor.py:826} INFO - Processing file /home/airflow/.local/lib/python3.7/site-packages/airflow/example_dags/example_branch_operator_decorator.py for tasks to queue
[2023-06-13T23:04:23.808+0000] {logging_mixin.py:149} INFO - [2023-06-13T23:04:23.808+0000] {dagbag.py:541} INFO - Filling up the DagBag from /home/airflow/.local/lib/python3.7/site-packages/airflow/example_dags/example_branch_operator_decorator.py
[2023-06-13T23:04:23.833+0000] {processor.py:836} INFO - DAG(s) dict_keys(['example_branch_python_operator_decorator']) retrieved from /home/airflow/.local/lib/python3.7/site-packages/airflow/example_dags/example_branch_operator_decorator.py
[2023-06-13T23:04:23.893+0000] {logging_mixin.py:149} INFO - [2023-06-13T23:04:23.893+0000] {dag.py:2726} INFO - Sync 1 DAGs
[2023-06-13T23:04:23.949+0000] {logging_mixin.py:149} INFO - [2023-06-13T23:04:23.949+0000] {dag.py:3490} INFO - Setting next_dagrun for example_branch_python_operator_decorator to 2023-06-12T00:00:00+00:00, run_after=2023-06-13T00:00:00+00:00
[2023-06-13T23:04:24.000+0000] {processor.py:179} INFO - Processing /home/airflow/.local/lib/python3.7/site-packages/airflow/example_dags/example_branch_operator_decorator.py took 0.200 seconds
[2023-06-13T23:04:54.704+0000] {processor.py:157} INFO - Started process (PID=5258) to work on /home/airflow/.local/lib/python3.7/site-packages/airflow/example_dags/example_branch_operator_decorator.py
[2023-06-13T23:04:54.707+0000] {processor.py:826} INFO - Processing file /home/airflow/.local/lib/python3.7/site-packages/airflow/example_dags/example_branch_operator_decorator.py for tasks to queue
[2023-06-13T23:04:54.708+0000] {logging_mixin.py:149} INFO - [2023-06-13T23:04:54.708+0000] {dagbag.py:541} INFO - Filling up the DagBag from /home/airflow/.local/lib/python3.7/site-packages/airflow/example_dags/example_branch_operator_decorator.py
[2023-06-13T23:04:54.719+0000] {processor.py:836} INFO - DAG(s) dict_keys(['example_branch_python_operator_decorator']) retrieved from /home/airflow/.local/lib/python3.7/site-packages/airflow/example_dags/example_branch_operator_decorator.py
[2023-06-13T23:04:54.775+0000] {logging_mixin.py:149} INFO - [2023-06-13T23:04:54.775+0000] {dag.py:2726} INFO - Sync 1 DAGs
[2023-06-13T23:04:54.830+0000] {logging_mixin.py:149} INFO - [2023-06-13T23:04:54.829+0000] {dag.py:3490} INFO - Setting next_dagrun for example_branch_python_operator_decorator to 2023-06-12T00:00:00+00:00, run_after=2023-06-13T00:00:00+00:00
[2023-06-13T23:04:54.876+0000] {processor.py:179} INFO - Processing /home/airflow/.local/lib/python3.7/site-packages/airflow/example_dags/example_branch_operator_decorator.py took 0.177 seconds
[2023-06-13T23:05:25.317+0000] {processor.py:157} INFO - Started process (PID=5498) to work on /home/airflow/.local/lib/python3.7/site-packages/airflow/example_dags/example_branch_operator_decorator.py
[2023-06-13T23:05:25.320+0000] {processor.py:826} INFO - Processing file /home/airflow/.local/lib/python3.7/site-packages/airflow/example_dags/example_branch_operator_decorator.py for tasks to queue
[2023-06-13T23:05:25.322+0000] {logging_mixin.py:149} INFO - [2023-06-13T23:05:25.321+0000] {dagbag.py:541} INFO - Filling up the DagBag from /home/airflow/.local/lib/python3.7/site-packages/airflow/example_dags/example_branch_operator_decorator.py
[2023-06-13T23:05:25.342+0000] {processor.py:836} INFO - DAG(s) dict_keys(['example_branch_python_operator_decorator']) retrieved from /home/airflow/.local/lib/python3.7/site-packages/airflow/example_dags/example_branch_operator_decorator.py
[2023-06-13T23:05:25.406+0000] {logging_mixin.py:149} INFO - [2023-06-13T23:05:25.406+0000] {dag.py:2726} INFO - Sync 1 DAGs
[2023-06-13T23:05:25.467+0000] {logging_mixin.py:149} INFO - [2023-06-13T23:05:25.467+0000] {dag.py:3490} INFO - Setting next_dagrun for example_branch_python_operator_decorator to 2023-06-12T00:00:00+00:00, run_after=2023-06-13T00:00:00+00:00
[2023-06-13T23:05:25.534+0000] {processor.py:179} INFO - Processing /home/airflow/.local/lib/python3.7/site-packages/airflow/example_dags/example_branch_operator_decorator.py took 0.225 seconds
[2023-06-13T23:05:56.059+0000] {processor.py:157} INFO - Started process (PID=5738) to work on /home/airflow/.local/lib/python3.7/site-packages/airflow/example_dags/example_branch_operator_decorator.py
[2023-06-13T23:05:56.062+0000] {processor.py:826} INFO - Processing file /home/airflow/.local/lib/python3.7/site-packages/airflow/example_dags/example_branch_operator_decorator.py for tasks to queue
[2023-06-13T23:05:56.064+0000] {logging_mixin.py:149} INFO - [2023-06-13T23:05:56.064+0000] {dagbag.py:541} INFO - Filling up the DagBag from /home/airflow/.local/lib/python3.7/site-packages/airflow/example_dags/example_branch_operator_decorator.py
[2023-06-13T23:05:56.093+0000] {processor.py:836} INFO - DAG(s) dict_keys(['example_branch_python_operator_decorator']) retrieved from /home/airflow/.local/lib/python3.7/site-packages/airflow/example_dags/example_branch_operator_decorator.py
[2023-06-13T23:05:56.174+0000] {logging_mixin.py:149} INFO - [2023-06-13T23:05:56.174+0000] {dag.py:2726} INFO - Sync 1 DAGs
[2023-06-13T23:05:56.248+0000] {logging_mixin.py:149} INFO - [2023-06-13T23:05:56.247+0000] {dag.py:3490} INFO - Setting next_dagrun for example_branch_python_operator_decorator to 2023-06-12T00:00:00+00:00, run_after=2023-06-13T00:00:00+00:00
[2023-06-13T23:05:56.319+0000] {processor.py:179} INFO - Processing /home/airflow/.local/lib/python3.7/site-packages/airflow/example_dags/example_branch_operator_decorator.py took 0.265 seconds
[2023-06-13T23:06:26.574+0000] {processor.py:157} INFO - Started process (PID=5978) to work on /home/airflow/.local/lib/python3.7/site-packages/airflow/example_dags/example_branch_operator_decorator.py
[2023-06-13T23:06:26.578+0000] {processor.py:826} INFO - Processing file /home/airflow/.local/lib/python3.7/site-packages/airflow/example_dags/example_branch_operator_decorator.py for tasks to queue
[2023-06-13T23:06:26.579+0000] {logging_mixin.py:149} INFO - [2023-06-13T23:06:26.578+0000] {dagbag.py:541} INFO - Filling up the DagBag from /home/airflow/.local/lib/python3.7/site-packages/airflow/example_dags/example_branch_operator_decorator.py
[2023-06-13T23:06:26.597+0000] {processor.py:836} INFO - DAG(s) dict_keys(['example_branch_python_operator_decorator']) retrieved from /home/airflow/.local/lib/python3.7/site-packages/airflow/example_dags/example_branch_operator_decorator.py
[2023-06-13T23:06:26.654+0000] {logging_mixin.py:149} INFO - [2023-06-13T23:06:26.653+0000] {dag.py:2726} INFO - Sync 1 DAGs
[2023-06-13T23:06:26.711+0000] {logging_mixin.py:149} INFO - [2023-06-13T23:06:26.710+0000] {dag.py:3490} INFO - Setting next_dagrun for example_branch_python_operator_decorator to 2023-06-12T00:00:00+00:00, run_after=2023-06-13T00:00:00+00:00
[2023-06-13T23:06:26.775+0000] {processor.py:179} INFO - Processing /home/airflow/.local/lib/python3.7/site-packages/airflow/example_dags/example_branch_operator_decorator.py took 0.205 seconds
[2023-06-13T23:06:57.110+0000] {processor.py:157} INFO - Started process (PID=6224) to work on /home/airflow/.local/lib/python3.7/site-packages/airflow/example_dags/example_branch_operator_decorator.py
[2023-06-13T23:06:57.112+0000] {processor.py:826} INFO - Processing file /home/airflow/.local/lib/python3.7/site-packages/airflow/example_dags/example_branch_operator_decorator.py for tasks to queue
[2023-06-13T23:06:57.114+0000] {logging_mixin.py:149} INFO - [2023-06-13T23:06:57.113+0000] {dagbag.py:541} INFO - Filling up the DagBag from /home/airflow/.local/lib/python3.7/site-packages/airflow/example_dags/example_branch_operator_decorator.py
[2023-06-13T23:06:57.136+0000] {processor.py:836} INFO - DAG(s) dict_keys(['example_branch_python_operator_decorator']) retrieved from /home/airflow/.local/lib/python3.7/site-packages/airflow/example_dags/example_branch_operator_decorator.py
[2023-06-13T23:06:57.221+0000] {logging_mixin.py:149} INFO - [2023-06-13T23:06:57.220+0000] {dag.py:2726} INFO - Sync 1 DAGs
[2023-06-13T23:06:57.286+0000] {logging_mixin.py:149} INFO - [2023-06-13T23:06:57.286+0000] {dag.py:3490} INFO - Setting next_dagrun for example_branch_python_operator_decorator to 2023-06-12T00:00:00+00:00, run_after=2023-06-13T00:00:00+00:00
[2023-06-13T23:06:57.361+0000] {processor.py:179} INFO - Processing /home/airflow/.local/lib/python3.7/site-packages/airflow/example_dags/example_branch_operator_decorator.py took 0.256 seconds
[2023-06-13T23:07:27.517+0000] {processor.py:157} INFO - Started process (PID=6465) to work on /home/airflow/.local/lib/python3.7/site-packages/airflow/example_dags/example_branch_operator_decorator.py
[2023-06-13T23:07:27.519+0000] {processor.py:826} INFO - Processing file /home/airflow/.local/lib/python3.7/site-packages/airflow/example_dags/example_branch_operator_decorator.py for tasks to queue
[2023-06-13T23:07:27.521+0000] {logging_mixin.py:149} INFO - [2023-06-13T23:07:27.521+0000] {dagbag.py:541} INFO - Filling up the DagBag from /home/airflow/.local/lib/python3.7/site-packages/airflow/example_dags/example_branch_operator_decorator.py
[2023-06-13T23:07:27.543+0000] {processor.py:836} INFO - DAG(s) dict_keys(['example_branch_python_operator_decorator']) retrieved from /home/airflow/.local/lib/python3.7/site-packages/airflow/example_dags/example_branch_operator_decorator.py
[2023-06-13T23:07:27.606+0000] {logging_mixin.py:149} INFO - [2023-06-13T23:07:27.605+0000] {dag.py:2726} INFO - Sync 1 DAGs
[2023-06-13T23:07:27.657+0000] {logging_mixin.py:149} INFO - [2023-06-13T23:07:27.657+0000] {dag.py:3490} INFO - Setting next_dagrun for example_branch_python_operator_decorator to 2023-06-12T00:00:00+00:00, run_after=2023-06-13T00:00:00+00:00
[2023-06-13T23:07:27.704+0000] {processor.py:179} INFO - Processing /home/airflow/.local/lib/python3.7/site-packages/airflow/example_dags/example_branch_operator_decorator.py took 0.193 seconds
[2023-06-13T23:07:57.971+0000] {processor.py:157} INFO - Started process (PID=6704) to work on /home/airflow/.local/lib/python3.7/site-packages/airflow/example_dags/example_branch_operator_decorator.py
[2023-06-13T23:07:57.973+0000] {processor.py:826} INFO - Processing file /home/airflow/.local/lib/python3.7/site-packages/airflow/example_dags/example_branch_operator_decorator.py for tasks to queue
[2023-06-13T23:07:57.975+0000] {logging_mixin.py:149} INFO - [2023-06-13T23:07:57.974+0000] {dagbag.py:541} INFO - Filling up the DagBag from /home/airflow/.local/lib/python3.7/site-packages/airflow/example_dags/example_branch_operator_decorator.py
[2023-06-13T23:07:57.994+0000] {processor.py:836} INFO - DAG(s) dict_keys(['example_branch_python_operator_decorator']) retrieved from /home/airflow/.local/lib/python3.7/site-packages/airflow/example_dags/example_branch_operator_decorator.py
[2023-06-13T23:07:58.061+0000] {logging_mixin.py:149} INFO - [2023-06-13T23:07:58.061+0000] {dag.py:2726} INFO - Sync 1 DAGs
[2023-06-13T23:07:58.119+0000] {logging_mixin.py:149} INFO - [2023-06-13T23:07:58.119+0000] {dag.py:3490} INFO - Setting next_dagrun for example_branch_python_operator_decorator to 2023-06-12T00:00:00+00:00, run_after=2023-06-13T00:00:00+00:00
[2023-06-13T23:07:58.164+0000] {processor.py:179} INFO - Processing /home/airflow/.local/lib/python3.7/site-packages/airflow/example_dags/example_branch_operator_decorator.py took 0.199 seconds
[2023-06-13T23:08:28.500+0000] {processor.py:157} INFO - Started process (PID=6943) to work on /home/airflow/.local/lib/python3.7/site-packages/airflow/example_dags/example_branch_operator_decorator.py
[2023-06-13T23:08:28.502+0000] {processor.py:826} INFO - Processing file /home/airflow/.local/lib/python3.7/site-packages/airflow/example_dags/example_branch_operator_decorator.py for tasks to queue
[2023-06-13T23:08:28.503+0000] {logging_mixin.py:149} INFO - [2023-06-13T23:08:28.503+0000] {dagbag.py:541} INFO - Filling up the DagBag from /home/airflow/.local/lib/python3.7/site-packages/airflow/example_dags/example_branch_operator_decorator.py
[2023-06-13T23:08:28.525+0000] {processor.py:836} INFO - DAG(s) dict_keys(['example_branch_python_operator_decorator']) retrieved from /home/airflow/.local/lib/python3.7/site-packages/airflow/example_dags/example_branch_operator_decorator.py
[2023-06-13T23:08:28.584+0000] {logging_mixin.py:149} INFO - [2023-06-13T23:08:28.583+0000] {dag.py:2726} INFO - Sync 1 DAGs
[2023-06-13T23:08:28.640+0000] {logging_mixin.py:149} INFO - [2023-06-13T23:08:28.640+0000] {dag.py:3490} INFO - Setting next_dagrun for example_branch_python_operator_decorator to 2023-06-12T00:00:00+00:00, run_after=2023-06-13T00:00:00+00:00
[2023-06-13T23:08:28.697+0000] {processor.py:179} INFO - Processing /home/airflow/.local/lib/python3.7/site-packages/airflow/example_dags/example_branch_operator_decorator.py took 0.203 seconds
[2023-06-13T23:08:59.072+0000] {processor.py:157} INFO - Started process (PID=7183) to work on /home/airflow/.local/lib/python3.7/site-packages/airflow/example_dags/example_branch_operator_decorator.py
[2023-06-13T23:08:59.074+0000] {processor.py:826} INFO - Processing file /home/airflow/.local/lib/python3.7/site-packages/airflow/example_dags/example_branch_operator_decorator.py for tasks to queue
[2023-06-13T23:08:59.076+0000] {logging_mixin.py:149} INFO - [2023-06-13T23:08:59.075+0000] {dagbag.py:541} INFO - Filling up the DagBag from /home/airflow/.local/lib/python3.7/site-packages/airflow/example_dags/example_branch_operator_decorator.py
[2023-06-13T23:08:59.093+0000] {processor.py:836} INFO - DAG(s) dict_keys(['example_branch_python_operator_decorator']) retrieved from /home/airflow/.local/lib/python3.7/site-packages/airflow/example_dags/example_branch_operator_decorator.py
[2023-06-13T23:08:59.154+0000] {logging_mixin.py:149} INFO - [2023-06-13T23:08:59.153+0000] {dag.py:2726} INFO - Sync 1 DAGs
[2023-06-13T23:08:59.210+0000] {logging_mixin.py:149} INFO - [2023-06-13T23:08:59.210+0000] {dag.py:3490} INFO - Setting next_dagrun for example_branch_python_operator_decorator to 2023-06-12T00:00:00+00:00, run_after=2023-06-13T00:00:00+00:00
[2023-06-13T23:08:59.264+0000] {processor.py:179} INFO - Processing /home/airflow/.local/lib/python3.7/site-packages/airflow/example_dags/example_branch_operator_decorator.py took 0.201 seconds
[2023-06-13T23:09:29.540+0000] {processor.py:157} INFO - Started process (PID=7423) to work on /home/airflow/.local/lib/python3.7/site-packages/airflow/example_dags/example_branch_operator_decorator.py
[2023-06-13T23:09:29.542+0000] {processor.py:826} INFO - Processing file /home/airflow/.local/lib/python3.7/site-packages/airflow/example_dags/example_branch_operator_decorator.py for tasks to queue
[2023-06-13T23:09:29.544+0000] {logging_mixin.py:149} INFO - [2023-06-13T23:09:29.543+0000] {dagbag.py:541} INFO - Filling up the DagBag from /home/airflow/.local/lib/python3.7/site-packages/airflow/example_dags/example_branch_operator_decorator.py
[2023-06-13T23:09:29.564+0000] {processor.py:836} INFO - DAG(s) dict_keys(['example_branch_python_operator_decorator']) retrieved from /home/airflow/.local/lib/python3.7/site-packages/airflow/example_dags/example_branch_operator_decorator.py
[2023-06-13T23:09:29.616+0000] {logging_mixin.py:149} INFO - [2023-06-13T23:09:29.616+0000] {dag.py:2726} INFO - Sync 1 DAGs
[2023-06-13T23:09:29.672+0000] {logging_mixin.py:149} INFO - [2023-06-13T23:09:29.672+0000] {dag.py:3490} INFO - Setting next_dagrun for example_branch_python_operator_decorator to 2023-06-12T00:00:00+00:00, run_after=2023-06-13T00:00:00+00:00
[2023-06-13T23:09:29.729+0000] {processor.py:179} INFO - Processing /home/airflow/.local/lib/python3.7/site-packages/airflow/example_dags/example_branch_operator_decorator.py took 0.196 seconds
[2023-06-13T23:09:59.902+0000] {processor.py:157} INFO - Started process (PID=7663) to work on /home/airflow/.local/lib/python3.7/site-packages/airflow/example_dags/example_branch_operator_decorator.py
[2023-06-13T23:09:59.904+0000] {processor.py:826} INFO - Processing file /home/airflow/.local/lib/python3.7/site-packages/airflow/example_dags/example_branch_operator_decorator.py for tasks to queue
[2023-06-13T23:09:59.906+0000] {logging_mixin.py:149} INFO - [2023-06-13T23:09:59.906+0000] {dagbag.py:541} INFO - Filling up the DagBag from /home/airflow/.local/lib/python3.7/site-packages/airflow/example_dags/example_branch_operator_decorator.py
[2023-06-13T23:09:59.927+0000] {processor.py:836} INFO - DAG(s) dict_keys(['example_branch_python_operator_decorator']) retrieved from /home/airflow/.local/lib/python3.7/site-packages/airflow/example_dags/example_branch_operator_decorator.py
[2023-06-13T23:09:59.984+0000] {logging_mixin.py:149} INFO - [2023-06-13T23:09:59.984+0000] {dag.py:2726} INFO - Sync 1 DAGs
[2023-06-13T23:10:00.042+0000] {logging_mixin.py:149} INFO - [2023-06-13T23:10:00.042+0000] {dag.py:3490} INFO - Setting next_dagrun for example_branch_python_operator_decorator to 2023-06-12T00:00:00+00:00, run_after=2023-06-13T00:00:00+00:00
[2023-06-13T23:10:00.098+0000] {processor.py:179} INFO - Processing /home/airflow/.local/lib/python3.7/site-packages/airflow/example_dags/example_branch_operator_decorator.py took 0.201 seconds
[2023-06-13T23:10:30.492+0000] {processor.py:157} INFO - Started process (PID=7903) to work on /home/airflow/.local/lib/python3.7/site-packages/airflow/example_dags/example_branch_operator_decorator.py
[2023-06-13T23:10:30.496+0000] {processor.py:826} INFO - Processing file /home/airflow/.local/lib/python3.7/site-packages/airflow/example_dags/example_branch_operator_decorator.py for tasks to queue
[2023-06-13T23:10:30.497+0000] {logging_mixin.py:149} INFO - [2023-06-13T23:10:30.497+0000] {dagbag.py:541} INFO - Filling up the DagBag from /home/airflow/.local/lib/python3.7/site-packages/airflow/example_dags/example_branch_operator_decorator.py
[2023-06-13T23:10:30.518+0000] {processor.py:836} INFO - DAG(s) dict_keys(['example_branch_python_operator_decorator']) retrieved from /home/airflow/.local/lib/python3.7/site-packages/airflow/example_dags/example_branch_operator_decorator.py
[2023-06-13T23:10:30.578+0000] {logging_mixin.py:149} INFO - [2023-06-13T23:10:30.577+0000] {dag.py:2726} INFO - Sync 1 DAGs
[2023-06-13T23:10:30.643+0000] {logging_mixin.py:149} INFO - [2023-06-13T23:10:30.642+0000] {dag.py:3490} INFO - Setting next_dagrun for example_branch_python_operator_decorator to 2023-06-12T00:00:00+00:00, run_after=2023-06-13T00:00:00+00:00
[2023-06-13T23:10:30.713+0000] {processor.py:179} INFO - Processing /home/airflow/.local/lib/python3.7/site-packages/airflow/example_dags/example_branch_operator_decorator.py took 0.225 seconds
[2023-06-13T23:11:01.251+0000] {processor.py:157} INFO - Started process (PID=8143) to work on /home/airflow/.local/lib/python3.7/site-packages/airflow/example_dags/example_branch_operator_decorator.py
[2023-06-13T23:11:01.253+0000] {processor.py:826} INFO - Processing file /home/airflow/.local/lib/python3.7/site-packages/airflow/example_dags/example_branch_operator_decorator.py for tasks to queue
[2023-06-13T23:11:01.254+0000] {logging_mixin.py:149} INFO - [2023-06-13T23:11:01.254+0000] {dagbag.py:541} INFO - Filling up the DagBag from /home/airflow/.local/lib/python3.7/site-packages/airflow/example_dags/example_branch_operator_decorator.py
[2023-06-13T23:11:01.277+0000] {processor.py:836} INFO - DAG(s) dict_keys(['example_branch_python_operator_decorator']) retrieved from /home/airflow/.local/lib/python3.7/site-packages/airflow/example_dags/example_branch_operator_decorator.py
[2023-06-13T23:11:01.348+0000] {logging_mixin.py:149} INFO - [2023-06-13T23:11:01.348+0000] {dag.py:2726} INFO - Sync 1 DAGs
[2023-06-13T23:11:01.405+0000] {logging_mixin.py:149} INFO - [2023-06-13T23:11:01.405+0000] {dag.py:3490} INFO - Setting next_dagrun for example_branch_python_operator_decorator to 2023-06-12T00:00:00+00:00, run_after=2023-06-13T00:00:00+00:00
[2023-06-13T23:11:01.459+0000] {processor.py:179} INFO - Processing /home/airflow/.local/lib/python3.7/site-packages/airflow/example_dags/example_branch_operator_decorator.py took 0.216 seconds
[2023-06-13T23:11:31.618+0000] {processor.py:157} INFO - Started process (PID=8383) to work on /home/airflow/.local/lib/python3.7/site-packages/airflow/example_dags/example_branch_operator_decorator.py
[2023-06-13T23:11:31.621+0000] {processor.py:826} INFO - Processing file /home/airflow/.local/lib/python3.7/site-packages/airflow/example_dags/example_branch_operator_decorator.py for tasks to queue
[2023-06-13T23:11:31.622+0000] {logging_mixin.py:149} INFO - [2023-06-13T23:11:31.622+0000] {dagbag.py:541} INFO - Filling up the DagBag from /home/airflow/.local/lib/python3.7/site-packages/airflow/example_dags/example_branch_operator_decorator.py
[2023-06-13T23:11:31.638+0000] {processor.py:836} INFO - DAG(s) dict_keys(['example_branch_python_operator_decorator']) retrieved from /home/airflow/.local/lib/python3.7/site-packages/airflow/example_dags/example_branch_operator_decorator.py
[2023-06-13T23:11:31.695+0000] {logging_mixin.py:149} INFO - [2023-06-13T23:11:31.694+0000] {dag.py:2726} INFO - Sync 1 DAGs
[2023-06-13T23:11:31.748+0000] {logging_mixin.py:149} INFO - [2023-06-13T23:11:31.747+0000] {dag.py:3490} INFO - Setting next_dagrun for example_branch_python_operator_decorator to 2023-06-12T00:00:00+00:00, run_after=2023-06-13T00:00:00+00:00
[2023-06-13T23:11:31.792+0000] {processor.py:179} INFO - Processing /home/airflow/.local/lib/python3.7/site-packages/airflow/example_dags/example_branch_operator_decorator.py took 0.178 seconds
[2023-06-13T23:12:02.125+0000] {processor.py:157} INFO - Started process (PID=8623) to work on /home/airflow/.local/lib/python3.7/site-packages/airflow/example_dags/example_branch_operator_decorator.py
[2023-06-13T23:12:02.132+0000] {processor.py:826} INFO - Processing file /home/airflow/.local/lib/python3.7/site-packages/airflow/example_dags/example_branch_operator_decorator.py for tasks to queue
[2023-06-13T23:12:02.134+0000] {logging_mixin.py:149} INFO - [2023-06-13T23:12:02.133+0000] {dagbag.py:541} INFO - Filling up the DagBag from /home/airflow/.local/lib/python3.7/site-packages/airflow/example_dags/example_branch_operator_decorator.py
[2023-06-13T23:12:02.154+0000] {processor.py:836} INFO - DAG(s) dict_keys(['example_branch_python_operator_decorator']) retrieved from /home/airflow/.local/lib/python3.7/site-packages/airflow/example_dags/example_branch_operator_decorator.py
[2023-06-13T23:12:02.221+0000] {logging_mixin.py:149} INFO - [2023-06-13T23:12:02.221+0000] {dag.py:2726} INFO - Sync 1 DAGs
[2023-06-13T23:12:02.275+0000] {logging_mixin.py:149} INFO - [2023-06-13T23:12:02.274+0000] {dag.py:3490} INFO - Setting next_dagrun for example_branch_python_operator_decorator to 2023-06-12T00:00:00+00:00, run_after=2023-06-13T00:00:00+00:00
[2023-06-13T23:12:02.333+0000] {processor.py:179} INFO - Processing /home/airflow/.local/lib/python3.7/site-packages/airflow/example_dags/example_branch_operator_decorator.py took 0.217 seconds
[2023-06-13T23:12:32.663+0000] {processor.py:157} INFO - Started process (PID=8863) to work on /home/airflow/.local/lib/python3.7/site-packages/airflow/example_dags/example_branch_operator_decorator.py
[2023-06-13T23:12:32.665+0000] {processor.py:826} INFO - Processing file /home/airflow/.local/lib/python3.7/site-packages/airflow/example_dags/example_branch_operator_decorator.py for tasks to queue
[2023-06-13T23:12:32.666+0000] {logging_mixin.py:149} INFO - [2023-06-13T23:12:32.666+0000] {dagbag.py:541} INFO - Filling up the DagBag from /home/airflow/.local/lib/python3.7/site-packages/airflow/example_dags/example_branch_operator_decorator.py
[2023-06-13T23:12:32.686+0000] {processor.py:836} INFO - DAG(s) dict_keys(['example_branch_python_operator_decorator']) retrieved from /home/airflow/.local/lib/python3.7/site-packages/airflow/example_dags/example_branch_operator_decorator.py
[2023-06-13T23:12:32.743+0000] {logging_mixin.py:149} INFO - [2023-06-13T23:12:32.743+0000] {dag.py:2726} INFO - Sync 1 DAGs
[2023-06-13T23:12:32.788+0000] {logging_mixin.py:149} INFO - [2023-06-13T23:12:32.788+0000] {dag.py:3490} INFO - Setting next_dagrun for example_branch_python_operator_decorator to 2023-06-12T00:00:00+00:00, run_after=2023-06-13T00:00:00+00:00
[2023-06-13T23:12:32.844+0000] {processor.py:179} INFO - Processing /home/airflow/.local/lib/python3.7/site-packages/airflow/example_dags/example_branch_operator_decorator.py took 0.186 seconds
[2023-06-13T23:13:02.927+0000] {processor.py:157} INFO - Started process (PID=9089) to work on /home/airflow/.local/lib/python3.7/site-packages/airflow/example_dags/example_branch_operator_decorator.py
[2023-06-13T23:13:02.929+0000] {processor.py:826} INFO - Processing file /home/airflow/.local/lib/python3.7/site-packages/airflow/example_dags/example_branch_operator_decorator.py for tasks to queue
[2023-06-13T23:13:02.930+0000] {logging_mixin.py:149} INFO - [2023-06-13T23:13:02.930+0000] {dagbag.py:541} INFO - Filling up the DagBag from /home/airflow/.local/lib/python3.7/site-packages/airflow/example_dags/example_branch_operator_decorator.py
[2023-06-13T23:13:02.947+0000] {processor.py:836} INFO - DAG(s) dict_keys(['example_branch_python_operator_decorator']) retrieved from /home/airflow/.local/lib/python3.7/site-packages/airflow/example_dags/example_branch_operator_decorator.py
[2023-06-13T23:13:03.012+0000] {logging_mixin.py:149} INFO - [2023-06-13T23:13:03.012+0000] {dag.py:2726} INFO - Sync 1 DAGs
[2023-06-13T23:13:03.065+0000] {logging_mixin.py:149} INFO - [2023-06-13T23:13:03.065+0000] {dag.py:3490} INFO - Setting next_dagrun for example_branch_python_operator_decorator to 2023-06-12T00:00:00+00:00, run_after=2023-06-13T00:00:00+00:00
[2023-06-13T23:13:03.123+0000] {processor.py:179} INFO - Processing /home/airflow/.local/lib/python3.7/site-packages/airflow/example_dags/example_branch_operator_decorator.py took 0.201 seconds
[2023-06-13T23:13:33.245+0000] {processor.py:157} INFO - Started process (PID=9329) to work on /home/airflow/.local/lib/python3.7/site-packages/airflow/example_dags/example_branch_operator_decorator.py
[2023-06-13T23:13:33.247+0000] {processor.py:826} INFO - Processing file /home/airflow/.local/lib/python3.7/site-packages/airflow/example_dags/example_branch_operator_decorator.py for tasks to queue
[2023-06-13T23:13:33.249+0000] {logging_mixin.py:149} INFO - [2023-06-13T23:13:33.249+0000] {dagbag.py:541} INFO - Filling up the DagBag from /home/airflow/.local/lib/python3.7/site-packages/airflow/example_dags/example_branch_operator_decorator.py
[2023-06-13T23:13:33.269+0000] {processor.py:836} INFO - DAG(s) dict_keys(['example_branch_python_operator_decorator']) retrieved from /home/airflow/.local/lib/python3.7/site-packages/airflow/example_dags/example_branch_operator_decorator.py
[2023-06-13T23:13:33.314+0000] {logging_mixin.py:149} INFO - [2023-06-13T23:13:33.314+0000] {dag.py:2726} INFO - Sync 1 DAGs
[2023-06-13T23:13:33.359+0000] {logging_mixin.py:149} INFO - [2023-06-13T23:13:33.358+0000] {dag.py:3490} INFO - Setting next_dagrun for example_branch_python_operator_decorator to 2023-06-12T00:00:00+00:00, run_after=2023-06-13T00:00:00+00:00
[2023-06-13T23:13:33.406+0000] {processor.py:179} INFO - Processing /home/airflow/.local/lib/python3.7/site-packages/airflow/example_dags/example_branch_operator_decorator.py took 0.166 seconds
[2023-06-13T23:14:03.651+0000] {processor.py:157} INFO - Started process (PID=9569) to work on /home/airflow/.local/lib/python3.7/site-packages/airflow/example_dags/example_branch_operator_decorator.py
[2023-06-13T23:14:03.654+0000] {processor.py:826} INFO - Processing file /home/airflow/.local/lib/python3.7/site-packages/airflow/example_dags/example_branch_operator_decorator.py for tasks to queue
[2023-06-13T23:14:03.656+0000] {logging_mixin.py:149} INFO - [2023-06-13T23:14:03.655+0000] {dagbag.py:541} INFO - Filling up the DagBag from /home/airflow/.local/lib/python3.7/site-packages/airflow/example_dags/example_branch_operator_decorator.py
[2023-06-13T23:14:03.671+0000] {processor.py:836} INFO - DAG(s) dict_keys(['example_branch_python_operator_decorator']) retrieved from /home/airflow/.local/lib/python3.7/site-packages/airflow/example_dags/example_branch_operator_decorator.py
[2023-06-13T23:14:03.745+0000] {logging_mixin.py:149} INFO - [2023-06-13T23:14:03.745+0000] {dag.py:2726} INFO - Sync 1 DAGs
[2023-06-13T23:14:03.802+0000] {logging_mixin.py:149} INFO - [2023-06-13T23:14:03.802+0000] {dag.py:3490} INFO - Setting next_dagrun for example_branch_python_operator_decorator to 2023-06-12T00:00:00+00:00, run_after=2023-06-13T00:00:00+00:00
[2023-06-13T23:14:03.852+0000] {processor.py:179} INFO - Processing /home/airflow/.local/lib/python3.7/site-packages/airflow/example_dags/example_branch_operator_decorator.py took 0.207 seconds
[2023-06-13T23:14:34.027+0000] {processor.py:157} INFO - Started process (PID=9808) to work on /home/airflow/.local/lib/python3.7/site-packages/airflow/example_dags/example_branch_operator_decorator.py
[2023-06-13T23:14:34.029+0000] {processor.py:826} INFO - Processing file /home/airflow/.local/lib/python3.7/site-packages/airflow/example_dags/example_branch_operator_decorator.py for tasks to queue
[2023-06-13T23:14:34.030+0000] {logging_mixin.py:149} INFO - [2023-06-13T23:14:34.030+0000] {dagbag.py:541} INFO - Filling up the DagBag from /home/airflow/.local/lib/python3.7/site-packages/airflow/example_dags/example_branch_operator_decorator.py
[2023-06-13T23:14:34.045+0000] {processor.py:836} INFO - DAG(s) dict_keys(['example_branch_python_operator_decorator']) retrieved from /home/airflow/.local/lib/python3.7/site-packages/airflow/example_dags/example_branch_operator_decorator.py
[2023-06-13T23:14:34.096+0000] {logging_mixin.py:149} INFO - [2023-06-13T23:14:34.095+0000] {dag.py:2726} INFO - Sync 1 DAGs
[2023-06-13T23:14:34.144+0000] {logging_mixin.py:149} INFO - [2023-06-13T23:14:34.143+0000] {dag.py:3490} INFO - Setting next_dagrun for example_branch_python_operator_decorator to 2023-06-12T00:00:00+00:00, run_after=2023-06-13T00:00:00+00:00
[2023-06-13T23:14:34.197+0000] {processor.py:179} INFO - Processing /home/airflow/.local/lib/python3.7/site-packages/airflow/example_dags/example_branch_operator_decorator.py took 0.174 seconds
[2023-06-13T23:15:04.459+0000] {processor.py:157} INFO - Started process (PID=10047) to work on /home/airflow/.local/lib/python3.7/site-packages/airflow/example_dags/example_branch_operator_decorator.py
[2023-06-13T23:15:04.462+0000] {processor.py:826} INFO - Processing file /home/airflow/.local/lib/python3.7/site-packages/airflow/example_dags/example_branch_operator_decorator.py for tasks to queue
[2023-06-13T23:15:04.463+0000] {logging_mixin.py:149} INFO - [2023-06-13T23:15:04.463+0000] {dagbag.py:541} INFO - Filling up the DagBag from /home/airflow/.local/lib/python3.7/site-packages/airflow/example_dags/example_branch_operator_decorator.py
[2023-06-13T23:15:04.481+0000] {processor.py:836} INFO - DAG(s) dict_keys(['example_branch_python_operator_decorator']) retrieved from /home/airflow/.local/lib/python3.7/site-packages/airflow/example_dags/example_branch_operator_decorator.py
[2023-06-13T23:15:04.534+0000] {logging_mixin.py:149} INFO - [2023-06-13T23:15:04.534+0000] {dag.py:2726} INFO - Sync 1 DAGs
[2023-06-13T23:15:04.586+0000] {logging_mixin.py:149} INFO - [2023-06-13T23:15:04.586+0000] {dag.py:3490} INFO - Setting next_dagrun for example_branch_python_operator_decorator to 2023-06-12T00:00:00+00:00, run_after=2023-06-13T00:00:00+00:00
[2023-06-13T23:15:04.638+0000] {processor.py:179} INFO - Processing /home/airflow/.local/lib/python3.7/site-packages/airflow/example_dags/example_branch_operator_decorator.py took 0.184 seconds
[2023-06-13T23:15:34.824+0000] {processor.py:157} INFO - Started process (PID=10287) to work on /home/airflow/.local/lib/python3.7/site-packages/airflow/example_dags/example_branch_operator_decorator.py
[2023-06-13T23:15:34.826+0000] {processor.py:826} INFO - Processing file /home/airflow/.local/lib/python3.7/site-packages/airflow/example_dags/example_branch_operator_decorator.py for tasks to queue
[2023-06-13T23:15:34.828+0000] {logging_mixin.py:149} INFO - [2023-06-13T23:15:34.828+0000] {dagbag.py:541} INFO - Filling up the DagBag from /home/airflow/.local/lib/python3.7/site-packages/airflow/example_dags/example_branch_operator_decorator.py
[2023-06-13T23:15:34.851+0000] {processor.py:836} INFO - DAG(s) dict_keys(['example_branch_python_operator_decorator']) retrieved from /home/airflow/.local/lib/python3.7/site-packages/airflow/example_dags/example_branch_operator_decorator.py
[2023-06-13T23:15:34.903+0000] {logging_mixin.py:149} INFO - [2023-06-13T23:15:34.903+0000] {dag.py:2726} INFO - Sync 1 DAGs
[2023-06-13T23:15:34.956+0000] {logging_mixin.py:149} INFO - [2023-06-13T23:15:34.955+0000] {dag.py:3490} INFO - Setting next_dagrun for example_branch_python_operator_decorator to 2023-06-12T00:00:00+00:00, run_after=2023-06-13T00:00:00+00:00
[2023-06-13T23:15:35.014+0000] {processor.py:179} INFO - Processing /home/airflow/.local/lib/python3.7/site-packages/airflow/example_dags/example_branch_operator_decorator.py took 0.196 seconds
[2023-06-13T23:16:05.526+0000] {processor.py:157} INFO - Started process (PID=10529) to work on /home/airflow/.local/lib/python3.7/site-packages/airflow/example_dags/example_branch_operator_decorator.py
[2023-06-13T23:16:05.530+0000] {processor.py:826} INFO - Processing file /home/airflow/.local/lib/python3.7/site-packages/airflow/example_dags/example_branch_operator_decorator.py for tasks to queue
[2023-06-13T23:16:05.532+0000] {logging_mixin.py:149} INFO - [2023-06-13T23:16:05.531+0000] {dagbag.py:541} INFO - Filling up the DagBag from /home/airflow/.local/lib/python3.7/site-packages/airflow/example_dags/example_branch_operator_decorator.py
[2023-06-13T23:16:05.548+0000] {processor.py:836} INFO - DAG(s) dict_keys(['example_branch_python_operator_decorator']) retrieved from /home/airflow/.local/lib/python3.7/site-packages/airflow/example_dags/example_branch_operator_decorator.py
[2023-06-13T23:16:05.594+0000] {logging_mixin.py:149} INFO - [2023-06-13T23:16:05.594+0000] {dag.py:2726} INFO - Sync 1 DAGs
[2023-06-13T23:16:05.651+0000] {logging_mixin.py:149} INFO - [2023-06-13T23:16:05.650+0000] {dag.py:3490} INFO - Setting next_dagrun for example_branch_python_operator_decorator to 2023-06-12T00:00:00+00:00, run_after=2023-06-13T00:00:00+00:00
[2023-06-13T23:16:05.700+0000] {processor.py:179} INFO - Processing /home/airflow/.local/lib/python3.7/site-packages/airflow/example_dags/example_branch_operator_decorator.py took 0.179 seconds
[2023-06-13T23:16:36.110+0000] {processor.py:157} INFO - Started process (PID=10767) to work on /home/airflow/.local/lib/python3.7/site-packages/airflow/example_dags/example_branch_operator_decorator.py
[2023-06-13T23:16:36.113+0000] {processor.py:826} INFO - Processing file /home/airflow/.local/lib/python3.7/site-packages/airflow/example_dags/example_branch_operator_decorator.py for tasks to queue
[2023-06-13T23:16:36.115+0000] {logging_mixin.py:149} INFO - [2023-06-13T23:16:36.115+0000] {dagbag.py:541} INFO - Filling up the DagBag from /home/airflow/.local/lib/python3.7/site-packages/airflow/example_dags/example_branch_operator_decorator.py
[2023-06-13T23:16:36.139+0000] {processor.py:836} INFO - DAG(s) dict_keys(['example_branch_python_operator_decorator']) retrieved from /home/airflow/.local/lib/python3.7/site-packages/airflow/example_dags/example_branch_operator_decorator.py
[2023-06-13T23:16:36.224+0000] {logging_mixin.py:149} INFO - [2023-06-13T23:16:36.223+0000] {dag.py:2726} INFO - Sync 1 DAGs
[2023-06-13T23:16:36.308+0000] {logging_mixin.py:149} INFO - [2023-06-13T23:16:36.307+0000] {dag.py:3490} INFO - Setting next_dagrun for example_branch_python_operator_decorator to 2023-06-12T00:00:00+00:00, run_after=2023-06-13T00:00:00+00:00
[2023-06-13T23:16:36.362+0000] {processor.py:179} INFO - Processing /home/airflow/.local/lib/python3.7/site-packages/airflow/example_dags/example_branch_operator_decorator.py took 0.259 seconds
[2023-06-13T23:17:06.605+0000] {processor.py:157} INFO - Started process (PID=11008) to work on /home/airflow/.local/lib/python3.7/site-packages/airflow/example_dags/example_branch_operator_decorator.py
[2023-06-13T23:17:06.607+0000] {processor.py:826} INFO - Processing file /home/airflow/.local/lib/python3.7/site-packages/airflow/example_dags/example_branch_operator_decorator.py for tasks to queue
[2023-06-13T23:17:06.608+0000] {logging_mixin.py:149} INFO - [2023-06-13T23:17:06.608+0000] {dagbag.py:541} INFO - Filling up the DagBag from /home/airflow/.local/lib/python3.7/site-packages/airflow/example_dags/example_branch_operator_decorator.py
[2023-06-13T23:17:06.630+0000] {processor.py:836} INFO - DAG(s) dict_keys(['example_branch_python_operator_decorator']) retrieved from /home/airflow/.local/lib/python3.7/site-packages/airflow/example_dags/example_branch_operator_decorator.py
[2023-06-13T23:17:06.693+0000] {logging_mixin.py:149} INFO - [2023-06-13T23:17:06.692+0000] {dag.py:2726} INFO - Sync 1 DAGs
[2023-06-13T23:17:06.744+0000] {logging_mixin.py:149} INFO - [2023-06-13T23:17:06.744+0000] {dag.py:3490} INFO - Setting next_dagrun for example_branch_python_operator_decorator to 2023-06-12T00:00:00+00:00, run_after=2023-06-13T00:00:00+00:00
[2023-06-13T23:17:06.787+0000] {processor.py:179} INFO - Processing /home/airflow/.local/lib/python3.7/site-packages/airflow/example_dags/example_branch_operator_decorator.py took 0.188 seconds
[2023-06-13T23:17:37.229+0000] {processor.py:157} INFO - Started process (PID=11248) to work on /home/airflow/.local/lib/python3.7/site-packages/airflow/example_dags/example_branch_operator_decorator.py
[2023-06-13T23:17:37.231+0000] {processor.py:826} INFO - Processing file /home/airflow/.local/lib/python3.7/site-packages/airflow/example_dags/example_branch_operator_decorator.py for tasks to queue
[2023-06-13T23:17:37.233+0000] {logging_mixin.py:149} INFO - [2023-06-13T23:17:37.232+0000] {dagbag.py:541} INFO - Filling up the DagBag from /home/airflow/.local/lib/python3.7/site-packages/airflow/example_dags/example_branch_operator_decorator.py
[2023-06-13T23:17:37.254+0000] {processor.py:836} INFO - DAG(s) dict_keys(['example_branch_python_operator_decorator']) retrieved from /home/airflow/.local/lib/python3.7/site-packages/airflow/example_dags/example_branch_operator_decorator.py
[2023-06-13T23:17:37.322+0000] {logging_mixin.py:149} INFO - [2023-06-13T23:17:37.322+0000] {dag.py:2726} INFO - Sync 1 DAGs
[2023-06-13T23:17:37.382+0000] {logging_mixin.py:149} INFO - [2023-06-13T23:17:37.381+0000] {dag.py:3490} INFO - Setting next_dagrun for example_branch_python_operator_decorator to 2023-06-12T00:00:00+00:00, run_after=2023-06-13T00:00:00+00:00
[2023-06-13T23:17:37.435+0000] {processor.py:179} INFO - Processing /home/airflow/.local/lib/python3.7/site-packages/airflow/example_dags/example_branch_operator_decorator.py took 0.213 seconds
[2023-06-13T23:18:07.681+0000] {processor.py:157} INFO - Started process (PID=11488) to work on /home/airflow/.local/lib/python3.7/site-packages/airflow/example_dags/example_branch_operator_decorator.py
[2023-06-13T23:18:07.683+0000] {processor.py:826} INFO - Processing file /home/airflow/.local/lib/python3.7/site-packages/airflow/example_dags/example_branch_operator_decorator.py for tasks to queue
[2023-06-13T23:18:07.685+0000] {logging_mixin.py:149} INFO - [2023-06-13T23:18:07.685+0000] {dagbag.py:541} INFO - Filling up the DagBag from /home/airflow/.local/lib/python3.7/site-packages/airflow/example_dags/example_branch_operator_decorator.py
[2023-06-13T23:18:07.707+0000] {processor.py:836} INFO - DAG(s) dict_keys(['example_branch_python_operator_decorator']) retrieved from /home/airflow/.local/lib/python3.7/site-packages/airflow/example_dags/example_branch_operator_decorator.py
[2023-06-13T23:18:07.768+0000] {logging_mixin.py:149} INFO - [2023-06-13T23:18:07.768+0000] {dag.py:2726} INFO - Sync 1 DAGs
[2023-06-13T23:18:07.826+0000] {logging_mixin.py:149} INFO - [2023-06-13T23:18:07.826+0000] {dag.py:3490} INFO - Setting next_dagrun for example_branch_python_operator_decorator to 2023-06-12T00:00:00+00:00, run_after=2023-06-13T00:00:00+00:00
[2023-06-13T23:18:07.877+0000] {processor.py:179} INFO - Processing /home/airflow/.local/lib/python3.7/site-packages/airflow/example_dags/example_branch_operator_decorator.py took 0.205 seconds
[2023-06-13T23:18:38.236+0000] {processor.py:157} INFO - Started process (PID=11728) to work on /home/airflow/.local/lib/python3.7/site-packages/airflow/example_dags/example_branch_operator_decorator.py
[2023-06-13T23:18:38.241+0000] {processor.py:826} INFO - Processing file /home/airflow/.local/lib/python3.7/site-packages/airflow/example_dags/example_branch_operator_decorator.py for tasks to queue
[2023-06-13T23:18:38.244+0000] {logging_mixin.py:149} INFO - [2023-06-13T23:18:38.243+0000] {dagbag.py:541} INFO - Filling up the DagBag from /home/airflow/.local/lib/python3.7/site-packages/airflow/example_dags/example_branch_operator_decorator.py
[2023-06-13T23:18:38.272+0000] {processor.py:836} INFO - DAG(s) dict_keys(['example_branch_python_operator_decorator']) retrieved from /home/airflow/.local/lib/python3.7/site-packages/airflow/example_dags/example_branch_operator_decorator.py
[2023-06-13T23:18:38.357+0000] {logging_mixin.py:149} INFO - [2023-06-13T23:18:38.356+0000] {dag.py:2726} INFO - Sync 1 DAGs
[2023-06-13T23:18:38.427+0000] {logging_mixin.py:149} INFO - [2023-06-13T23:18:38.426+0000] {dag.py:3490} INFO - Setting next_dagrun for example_branch_python_operator_decorator to 2023-06-12T00:00:00+00:00, run_after=2023-06-13T00:00:00+00:00
[2023-06-13T23:18:38.490+0000] {processor.py:179} INFO - Processing /home/airflow/.local/lib/python3.7/site-packages/airflow/example_dags/example_branch_operator_decorator.py took 0.260 seconds
[2023-06-13T23:19:08.889+0000] {processor.py:157} INFO - Started process (PID=11970) to work on /home/airflow/.local/lib/python3.7/site-packages/airflow/example_dags/example_branch_operator_decorator.py
[2023-06-13T23:19:08.891+0000] {processor.py:826} INFO - Processing file /home/airflow/.local/lib/python3.7/site-packages/airflow/example_dags/example_branch_operator_decorator.py for tasks to queue
[2023-06-13T23:19:08.893+0000] {logging_mixin.py:149} INFO - [2023-06-13T23:19:08.893+0000] {dagbag.py:541} INFO - Filling up the DagBag from /home/airflow/.local/lib/python3.7/site-packages/airflow/example_dags/example_branch_operator_decorator.py
[2023-06-13T23:19:08.913+0000] {processor.py:836} INFO - DAG(s) dict_keys(['example_branch_python_operator_decorator']) retrieved from /home/airflow/.local/lib/python3.7/site-packages/airflow/example_dags/example_branch_operator_decorator.py
[2023-06-13T23:19:08.985+0000] {logging_mixin.py:149} INFO - [2023-06-13T23:19:08.984+0000] {dag.py:2726} INFO - Sync 1 DAGs
[2023-06-13T23:19:09.040+0000] {logging_mixin.py:149} INFO - [2023-06-13T23:19:09.039+0000] {dag.py:3490} INFO - Setting next_dagrun for example_branch_python_operator_decorator to 2023-06-12T00:00:00+00:00, run_after=2023-06-13T00:00:00+00:00
[2023-06-13T23:19:09.091+0000] {processor.py:179} INFO - Processing /home/airflow/.local/lib/python3.7/site-packages/airflow/example_dags/example_branch_operator_decorator.py took 0.208 seconds
[2023-06-13T23:19:39.251+0000] {processor.py:157} INFO - Started process (PID=12207) to work on /home/airflow/.local/lib/python3.7/site-packages/airflow/example_dags/example_branch_operator_decorator.py
[2023-06-13T23:19:39.254+0000] {processor.py:826} INFO - Processing file /home/airflow/.local/lib/python3.7/site-packages/airflow/example_dags/example_branch_operator_decorator.py for tasks to queue
[2023-06-13T23:19:39.256+0000] {logging_mixin.py:149} INFO - [2023-06-13T23:19:39.255+0000] {dagbag.py:541} INFO - Filling up the DagBag from /home/airflow/.local/lib/python3.7/site-packages/airflow/example_dags/example_branch_operator_decorator.py
[2023-06-13T23:19:39.281+0000] {processor.py:836} INFO - DAG(s) dict_keys(['example_branch_python_operator_decorator']) retrieved from /home/airflow/.local/lib/python3.7/site-packages/airflow/example_dags/example_branch_operator_decorator.py
[2023-06-13T23:19:39.439+0000] {logging_mixin.py:149} INFO - [2023-06-13T23:19:39.438+0000] {dag.py:2726} INFO - Sync 1 DAGs
[2023-06-13T23:19:39.519+0000] {logging_mixin.py:149} INFO - [2023-06-13T23:19:39.519+0000] {dag.py:3490} INFO - Setting next_dagrun for example_branch_python_operator_decorator to 2023-06-12T00:00:00+00:00, run_after=2023-06-13T00:00:00+00:00
[2023-06-13T23:19:39.574+0000] {processor.py:179} INFO - Processing /home/airflow/.local/lib/python3.7/site-packages/airflow/example_dags/example_branch_operator_decorator.py took 0.332 seconds
[2023-06-13T23:20:09.891+0000] {processor.py:157} INFO - Started process (PID=12448) to work on /home/airflow/.local/lib/python3.7/site-packages/airflow/example_dags/example_branch_operator_decorator.py
[2023-06-13T23:20:09.894+0000] {processor.py:826} INFO - Processing file /home/airflow/.local/lib/python3.7/site-packages/airflow/example_dags/example_branch_operator_decorator.py for tasks to queue
[2023-06-13T23:20:09.896+0000] {logging_mixin.py:149} INFO - [2023-06-13T23:20:09.896+0000] {dagbag.py:541} INFO - Filling up the DagBag from /home/airflow/.local/lib/python3.7/site-packages/airflow/example_dags/example_branch_operator_decorator.py
[2023-06-13T23:20:09.921+0000] {processor.py:836} INFO - DAG(s) dict_keys(['example_branch_python_operator_decorator']) retrieved from /home/airflow/.local/lib/python3.7/site-packages/airflow/example_dags/example_branch_operator_decorator.py
[2023-06-13T23:20:10.017+0000] {logging_mixin.py:149} INFO - [2023-06-13T23:20:10.016+0000] {dag.py:2726} INFO - Sync 1 DAGs
[2023-06-13T23:20:10.074+0000] {logging_mixin.py:149} INFO - [2023-06-13T23:20:10.074+0000] {dag.py:3490} INFO - Setting next_dagrun for example_branch_python_operator_decorator to 2023-06-12T00:00:00+00:00, run_after=2023-06-13T00:00:00+00:00
[2023-06-13T23:20:10.131+0000] {processor.py:179} INFO - Processing /home/airflow/.local/lib/python3.7/site-packages/airflow/example_dags/example_branch_operator_decorator.py took 0.247 seconds
[2023-06-13T23:20:40.945+0000] {processor.py:157} INFO - Started process (PID=12688) to work on /home/airflow/.local/lib/python3.7/site-packages/airflow/example_dags/example_branch_operator_decorator.py
[2023-06-13T23:20:40.948+0000] {processor.py:826} INFO - Processing file /home/airflow/.local/lib/python3.7/site-packages/airflow/example_dags/example_branch_operator_decorator.py for tasks to queue
[2023-06-13T23:20:40.950+0000] {logging_mixin.py:149} INFO - [2023-06-13T23:20:40.950+0000] {dagbag.py:541} INFO - Filling up the DagBag from /home/airflow/.local/lib/python3.7/site-packages/airflow/example_dags/example_branch_operator_decorator.py
[2023-06-13T23:20:40.972+0000] {processor.py:836} INFO - DAG(s) dict_keys(['example_branch_python_operator_decorator']) retrieved from /home/airflow/.local/lib/python3.7/site-packages/airflow/example_dags/example_branch_operator_decorator.py
[2023-06-13T23:20:41.044+0000] {logging_mixin.py:149} INFO - [2023-06-13T23:20:41.043+0000] {dag.py:2726} INFO - Sync 1 DAGs
[2023-06-13T23:20:41.095+0000] {logging_mixin.py:149} INFO - [2023-06-13T23:20:41.095+0000] {dag.py:3490} INFO - Setting next_dagrun for example_branch_python_operator_decorator to 2023-06-12T00:00:00+00:00, run_after=2023-06-13T00:00:00+00:00
[2023-06-13T23:20:41.141+0000] {processor.py:179} INFO - Processing /home/airflow/.local/lib/python3.7/site-packages/airflow/example_dags/example_branch_operator_decorator.py took 0.204 seconds
[2023-06-13T23:21:11.620+0000] {processor.py:157} INFO - Started process (PID=12927) to work on /home/airflow/.local/lib/python3.7/site-packages/airflow/example_dags/example_branch_operator_decorator.py
[2023-06-13T23:21:11.622+0000] {processor.py:826} INFO - Processing file /home/airflow/.local/lib/python3.7/site-packages/airflow/example_dags/example_branch_operator_decorator.py for tasks to queue
[2023-06-13T23:21:11.624+0000] {logging_mixin.py:149} INFO - [2023-06-13T23:21:11.623+0000] {dagbag.py:541} INFO - Filling up the DagBag from /home/airflow/.local/lib/python3.7/site-packages/airflow/example_dags/example_branch_operator_decorator.py
[2023-06-13T23:21:11.650+0000] {processor.py:836} INFO - DAG(s) dict_keys(['example_branch_python_operator_decorator']) retrieved from /home/airflow/.local/lib/python3.7/site-packages/airflow/example_dags/example_branch_operator_decorator.py
[2023-06-13T23:21:11.721+0000] {logging_mixin.py:149} INFO - [2023-06-13T23:21:11.720+0000] {dag.py:2726} INFO - Sync 1 DAGs
[2023-06-13T23:21:11.792+0000] {logging_mixin.py:149} INFO - [2023-06-13T23:21:11.791+0000] {dag.py:3490} INFO - Setting next_dagrun for example_branch_python_operator_decorator to 2023-06-12T00:00:00+00:00, run_after=2023-06-13T00:00:00+00:00
[2023-06-13T23:21:11.867+0000] {processor.py:179} INFO - Processing /home/airflow/.local/lib/python3.7/site-packages/airflow/example_dags/example_branch_operator_decorator.py took 0.255 seconds
[2023-06-13T23:21:42.113+0000] {processor.py:157} INFO - Started process (PID=13166) to work on /home/airflow/.local/lib/python3.7/site-packages/airflow/example_dags/example_branch_operator_decorator.py
[2023-06-13T23:21:42.115+0000] {processor.py:826} INFO - Processing file /home/airflow/.local/lib/python3.7/site-packages/airflow/example_dags/example_branch_operator_decorator.py for tasks to queue
[2023-06-13T23:21:42.117+0000] {logging_mixin.py:149} INFO - [2023-06-13T23:21:42.117+0000] {dagbag.py:541} INFO - Filling up the DagBag from /home/airflow/.local/lib/python3.7/site-packages/airflow/example_dags/example_branch_operator_decorator.py
[2023-06-13T23:21:42.143+0000] {processor.py:836} INFO - DAG(s) dict_keys(['example_branch_python_operator_decorator']) retrieved from /home/airflow/.local/lib/python3.7/site-packages/airflow/example_dags/example_branch_operator_decorator.py
[2023-06-13T23:21:42.206+0000] {logging_mixin.py:149} INFO - [2023-06-13T23:21:42.206+0000] {dag.py:2726} INFO - Sync 1 DAGs
[2023-06-13T23:21:42.259+0000] {logging_mixin.py:149} INFO - [2023-06-13T23:21:42.258+0000] {dag.py:3490} INFO - Setting next_dagrun for example_branch_python_operator_decorator to 2023-06-12T00:00:00+00:00, run_after=2023-06-13T00:00:00+00:00
[2023-06-13T23:21:42.305+0000] {processor.py:179} INFO - Processing /home/airflow/.local/lib/python3.7/site-packages/airflow/example_dags/example_branch_operator_decorator.py took 0.200 seconds
[2023-06-13T23:22:12.481+0000] {processor.py:157} INFO - Started process (PID=13406) to work on /home/airflow/.local/lib/python3.7/site-packages/airflow/example_dags/example_branch_operator_decorator.py
[2023-06-13T23:22:12.483+0000] {processor.py:826} INFO - Processing file /home/airflow/.local/lib/python3.7/site-packages/airflow/example_dags/example_branch_operator_decorator.py for tasks to queue
[2023-06-13T23:22:12.484+0000] {logging_mixin.py:149} INFO - [2023-06-13T23:22:12.484+0000] {dagbag.py:541} INFO - Filling up the DagBag from /home/airflow/.local/lib/python3.7/site-packages/airflow/example_dags/example_branch_operator_decorator.py
[2023-06-13T23:22:12.501+0000] {processor.py:836} INFO - DAG(s) dict_keys(['example_branch_python_operator_decorator']) retrieved from /home/airflow/.local/lib/python3.7/site-packages/airflow/example_dags/example_branch_operator_decorator.py
[2023-06-13T23:22:12.549+0000] {logging_mixin.py:149} INFO - [2023-06-13T23:22:12.549+0000] {dag.py:2726} INFO - Sync 1 DAGs
[2023-06-13T23:22:12.593+0000] {logging_mixin.py:149} INFO - [2023-06-13T23:22:12.593+0000] {dag.py:3490} INFO - Setting next_dagrun for example_branch_python_operator_decorator to 2023-06-12T00:00:00+00:00, run_after=2023-06-13T00:00:00+00:00
[2023-06-13T23:22:12.632+0000] {processor.py:179} INFO - Processing /home/airflow/.local/lib/python3.7/site-packages/airflow/example_dags/example_branch_operator_decorator.py took 0.155 seconds
[2023-06-13T23:22:42.744+0000] {processor.py:157} INFO - Started process (PID=13646) to work on /home/airflow/.local/lib/python3.7/site-packages/airflow/example_dags/example_branch_operator_decorator.py
[2023-06-13T23:22:42.746+0000] {processor.py:826} INFO - Processing file /home/airflow/.local/lib/python3.7/site-packages/airflow/example_dags/example_branch_operator_decorator.py for tasks to queue
[2023-06-13T23:22:42.748+0000] {logging_mixin.py:149} INFO - [2023-06-13T23:22:42.747+0000] {dagbag.py:541} INFO - Filling up the DagBag from /home/airflow/.local/lib/python3.7/site-packages/airflow/example_dags/example_branch_operator_decorator.py
[2023-06-13T23:22:42.775+0000] {processor.py:836} INFO - DAG(s) dict_keys(['example_branch_python_operator_decorator']) retrieved from /home/airflow/.local/lib/python3.7/site-packages/airflow/example_dags/example_branch_operator_decorator.py
[2023-06-13T23:22:42.824+0000] {logging_mixin.py:149} INFO - [2023-06-13T23:22:42.824+0000] {dag.py:2726} INFO - Sync 1 DAGs
[2023-06-13T23:22:42.870+0000] {logging_mixin.py:149} INFO - [2023-06-13T23:22:42.870+0000] {dag.py:3490} INFO - Setting next_dagrun for example_branch_python_operator_decorator to 2023-06-12T00:00:00+00:00, run_after=2023-06-13T00:00:00+00:00
[2023-06-13T23:22:42.918+0000] {processor.py:179} INFO - Processing /home/airflow/.local/lib/python3.7/site-packages/airflow/example_dags/example_branch_operator_decorator.py took 0.181 seconds
[2023-06-13T23:23:13.306+0000] {processor.py:157} INFO - Started process (PID=13886) to work on /home/airflow/.local/lib/python3.7/site-packages/airflow/example_dags/example_branch_operator_decorator.py
[2023-06-13T23:23:13.308+0000] {processor.py:826} INFO - Processing file /home/airflow/.local/lib/python3.7/site-packages/airflow/example_dags/example_branch_operator_decorator.py for tasks to queue
[2023-06-13T23:23:13.309+0000] {logging_mixin.py:149} INFO - [2023-06-13T23:23:13.309+0000] {dagbag.py:541} INFO - Filling up the DagBag from /home/airflow/.local/lib/python3.7/site-packages/airflow/example_dags/example_branch_operator_decorator.py
[2023-06-13T23:23:13.329+0000] {processor.py:836} INFO - DAG(s) dict_keys(['example_branch_python_operator_decorator']) retrieved from /home/airflow/.local/lib/python3.7/site-packages/airflow/example_dags/example_branch_operator_decorator.py
[2023-06-13T23:23:13.378+0000] {logging_mixin.py:149} INFO - [2023-06-13T23:23:13.377+0000] {dag.py:2726} INFO - Sync 1 DAGs
[2023-06-13T23:23:13.428+0000] {logging_mixin.py:149} INFO - [2023-06-13T23:23:13.428+0000] {dag.py:3490} INFO - Setting next_dagrun for example_branch_python_operator_decorator to 2023-06-12T00:00:00+00:00, run_after=2023-06-13T00:00:00+00:00
[2023-06-13T23:23:13.477+0000] {processor.py:179} INFO - Processing /home/airflow/.local/lib/python3.7/site-packages/airflow/example_dags/example_branch_operator_decorator.py took 0.178 seconds
[2023-06-13T23:23:43.622+0000] {processor.py:157} INFO - Started process (PID=14126) to work on /home/airflow/.local/lib/python3.7/site-packages/airflow/example_dags/example_branch_operator_decorator.py
[2023-06-13T23:23:43.624+0000] {processor.py:826} INFO - Processing file /home/airflow/.local/lib/python3.7/site-packages/airflow/example_dags/example_branch_operator_decorator.py for tasks to queue
[2023-06-13T23:23:43.627+0000] {logging_mixin.py:149} INFO - [2023-06-13T23:23:43.627+0000] {dagbag.py:541} INFO - Filling up the DagBag from /home/airflow/.local/lib/python3.7/site-packages/airflow/example_dags/example_branch_operator_decorator.py
[2023-06-13T23:23:43.643+0000] {processor.py:836} INFO - DAG(s) dict_keys(['example_branch_python_operator_decorator']) retrieved from /home/airflow/.local/lib/python3.7/site-packages/airflow/example_dags/example_branch_operator_decorator.py
[2023-06-13T23:23:43.696+0000] {logging_mixin.py:149} INFO - [2023-06-13T23:23:43.695+0000] {dag.py:2726} INFO - Sync 1 DAGs
[2023-06-13T23:23:43.745+0000] {logging_mixin.py:149} INFO - [2023-06-13T23:23:43.745+0000] {dag.py:3490} INFO - Setting next_dagrun for example_branch_python_operator_decorator to 2023-06-12T00:00:00+00:00, run_after=2023-06-13T00:00:00+00:00
[2023-06-13T23:23:43.794+0000] {processor.py:179} INFO - Processing /home/airflow/.local/lib/python3.7/site-packages/airflow/example_dags/example_branch_operator_decorator.py took 0.178 seconds
[2023-06-13T23:24:14.458+0000] {processor.py:157} INFO - Started process (PID=14366) to work on /home/airflow/.local/lib/python3.7/site-packages/airflow/example_dags/example_branch_operator_decorator.py
[2023-06-13T23:24:14.460+0000] {processor.py:826} INFO - Processing file /home/airflow/.local/lib/python3.7/site-packages/airflow/example_dags/example_branch_operator_decorator.py for tasks to queue
[2023-06-13T23:24:14.461+0000] {logging_mixin.py:149} INFO - [2023-06-13T23:24:14.461+0000] {dagbag.py:541} INFO - Filling up the DagBag from /home/airflow/.local/lib/python3.7/site-packages/airflow/example_dags/example_branch_operator_decorator.py
[2023-06-13T23:24:14.481+0000] {processor.py:836} INFO - DAG(s) dict_keys(['example_branch_python_operator_decorator']) retrieved from /home/airflow/.local/lib/python3.7/site-packages/airflow/example_dags/example_branch_operator_decorator.py
[2023-06-13T23:24:14.536+0000] {logging_mixin.py:149} INFO - [2023-06-13T23:24:14.536+0000] {dag.py:2726} INFO - Sync 1 DAGs
[2023-06-13T23:24:14.600+0000] {logging_mixin.py:149} INFO - [2023-06-13T23:24:14.600+0000] {dag.py:3490} INFO - Setting next_dagrun for example_branch_python_operator_decorator to 2023-06-12T00:00:00+00:00, run_after=2023-06-13T00:00:00+00:00
[2023-06-13T23:24:14.651+0000] {processor.py:179} INFO - Processing /home/airflow/.local/lib/python3.7/site-packages/airflow/example_dags/example_branch_operator_decorator.py took 0.199 seconds
[2023-06-13T23:24:45.020+0000] {processor.py:157} INFO - Started process (PID=14606) to work on /home/airflow/.local/lib/python3.7/site-packages/airflow/example_dags/example_branch_operator_decorator.py
[2023-06-13T23:24:45.022+0000] {processor.py:826} INFO - Processing file /home/airflow/.local/lib/python3.7/site-packages/airflow/example_dags/example_branch_operator_decorator.py for tasks to queue
[2023-06-13T23:24:45.024+0000] {logging_mixin.py:149} INFO - [2023-06-13T23:24:45.024+0000] {dagbag.py:541} INFO - Filling up the DagBag from /home/airflow/.local/lib/python3.7/site-packages/airflow/example_dags/example_branch_operator_decorator.py
[2023-06-13T23:24:45.057+0000] {processor.py:836} INFO - DAG(s) dict_keys(['example_branch_python_operator_decorator']) retrieved from /home/airflow/.local/lib/python3.7/site-packages/airflow/example_dags/example_branch_operator_decorator.py
[2023-06-13T23:24:45.146+0000] {logging_mixin.py:149} INFO - [2023-06-13T23:24:45.146+0000] {dag.py:2726} INFO - Sync 1 DAGs
[2023-06-13T23:24:45.201+0000] {logging_mixin.py:149} INFO - [2023-06-13T23:24:45.200+0000] {dag.py:3490} INFO - Setting next_dagrun for example_branch_python_operator_decorator to 2023-06-12T00:00:00+00:00, run_after=2023-06-13T00:00:00+00:00
[2023-06-13T23:24:45.258+0000] {processor.py:179} INFO - Processing /home/airflow/.local/lib/python3.7/site-packages/airflow/example_dags/example_branch_operator_decorator.py took 0.248 seconds
[2023-06-13T23:25:15.572+0000] {processor.py:157} INFO - Started process (PID=14846) to work on /home/airflow/.local/lib/python3.7/site-packages/airflow/example_dags/example_branch_operator_decorator.py
[2023-06-13T23:25:15.574+0000] {processor.py:826} INFO - Processing file /home/airflow/.local/lib/python3.7/site-packages/airflow/example_dags/example_branch_operator_decorator.py for tasks to queue
[2023-06-13T23:25:15.575+0000] {logging_mixin.py:149} INFO - [2023-06-13T23:25:15.575+0000] {dagbag.py:541} INFO - Filling up the DagBag from /home/airflow/.local/lib/python3.7/site-packages/airflow/example_dags/example_branch_operator_decorator.py
[2023-06-13T23:25:15.592+0000] {processor.py:836} INFO - DAG(s) dict_keys(['example_branch_python_operator_decorator']) retrieved from /home/airflow/.local/lib/python3.7/site-packages/airflow/example_dags/example_branch_operator_decorator.py
[2023-06-13T23:25:15.680+0000] {logging_mixin.py:149} INFO - [2023-06-13T23:25:15.680+0000] {dag.py:2726} INFO - Sync 1 DAGs
[2023-06-13T23:25:15.741+0000] {logging_mixin.py:149} INFO - [2023-06-13T23:25:15.741+0000] {dag.py:3490} INFO - Setting next_dagrun for example_branch_python_operator_decorator to 2023-06-12T00:00:00+00:00, run_after=2023-06-13T00:00:00+00:00
[2023-06-13T23:25:15.804+0000] {processor.py:179} INFO - Processing /home/airflow/.local/lib/python3.7/site-packages/airflow/example_dags/example_branch_operator_decorator.py took 0.239 seconds
[2023-06-13T23:25:46.406+0000] {processor.py:157} INFO - Started process (PID=15085) to work on /home/airflow/.local/lib/python3.7/site-packages/airflow/example_dags/example_branch_operator_decorator.py
[2023-06-13T23:25:46.408+0000] {processor.py:826} INFO - Processing file /home/airflow/.local/lib/python3.7/site-packages/airflow/example_dags/example_branch_operator_decorator.py for tasks to queue
[2023-06-13T23:25:46.409+0000] {logging_mixin.py:149} INFO - [2023-06-13T23:25:46.409+0000] {dagbag.py:541} INFO - Filling up the DagBag from /home/airflow/.local/lib/python3.7/site-packages/airflow/example_dags/example_branch_operator_decorator.py
[2023-06-13T23:25:46.434+0000] {processor.py:836} INFO - DAG(s) dict_keys(['example_branch_python_operator_decorator']) retrieved from /home/airflow/.local/lib/python3.7/site-packages/airflow/example_dags/example_branch_operator_decorator.py
[2023-06-13T23:25:46.490+0000] {logging_mixin.py:149} INFO - [2023-06-13T23:25:46.490+0000] {dag.py:2726} INFO - Sync 1 DAGs
[2023-06-13T23:25:46.561+0000] {logging_mixin.py:149} INFO - [2023-06-13T23:25:46.560+0000] {dag.py:3490} INFO - Setting next_dagrun for example_branch_python_operator_decorator to 2023-06-12T00:00:00+00:00, run_after=2023-06-13T00:00:00+00:00
[2023-06-13T23:25:46.632+0000] {processor.py:179} INFO - Processing /home/airflow/.local/lib/python3.7/site-packages/airflow/example_dags/example_branch_operator_decorator.py took 0.234 seconds
