[2023-06-13T22:54:05.998+0000] {processor.py:157} INFO - Started process (PID=173) to work on /home/airflow/.local/lib/python3.7/site-packages/airflow/example_dags/example_params_ui_tutorial.py
[2023-06-13T22:54:06.001+0000] {processor.py:826} INFO - Processing file /home/airflow/.local/lib/python3.7/site-packages/airflow/example_dags/example_params_ui_tutorial.py for tasks to queue
[2023-06-13T22:54:06.002+0000] {logging_mixin.py:149} INFO - [2023-06-13T22:54:06.002+0000] {dagbag.py:541} INFO - Filling up the DagBag from /home/airflow/.local/lib/python3.7/site-packages/airflow/example_dags/example_params_ui_tutorial.py
[2023-06-13T22:54:06.121+0000] {processor.py:836} INFO - DAG(s) dict_keys(['example_params_ui_tutorial']) retrieved from /home/airflow/.local/lib/python3.7/site-packages/airflow/example_dags/example_params_ui_tutorial.py
[2023-06-13T22:54:06.283+0000] {logging_mixin.py:149} INFO - [2023-06-13T22:54:06.283+0000] {dag.py:2726} INFO - Sync 1 DAGs
[2023-06-13T22:54:06.374+0000] {logging_mixin.py:149} INFO - [2023-06-13T22:54:06.374+0000] {dag.py:3490} INFO - Setting next_dagrun for example_params_ui_tutorial to None, run_after=None
[2023-06-13T22:54:06.433+0000] {processor.py:179} INFO - Processing /home/airflow/.local/lib/python3.7/site-packages/airflow/example_dags/example_params_ui_tutorial.py took 0.443 seconds
[2023-06-13T22:54:37.079+0000] {processor.py:157} INFO - Started process (PID=410) to work on /home/airflow/.local/lib/python3.7/site-packages/airflow/example_dags/example_params_ui_tutorial.py
[2023-06-13T22:54:37.082+0000] {processor.py:826} INFO - Processing file /home/airflow/.local/lib/python3.7/site-packages/airflow/example_dags/example_params_ui_tutorial.py for tasks to queue
[2023-06-13T22:54:37.084+0000] {logging_mixin.py:149} INFO - [2023-06-13T22:54:37.083+0000] {dagbag.py:541} INFO - Filling up the DagBag from /home/airflow/.local/lib/python3.7/site-packages/airflow/example_dags/example_params_ui_tutorial.py
[2023-06-13T22:54:37.148+0000] {processor.py:836} INFO - DAG(s) dict_keys(['example_params_ui_tutorial']) retrieved from /home/airflow/.local/lib/python3.7/site-packages/airflow/example_dags/example_params_ui_tutorial.py
[2023-06-13T22:54:37.262+0000] {logging_mixin.py:149} INFO - [2023-06-13T22:54:37.261+0000] {dag.py:2726} INFO - Sync 1 DAGs
[2023-06-13T22:54:37.644+0000] {logging_mixin.py:149} INFO - [2023-06-13T22:54:37.644+0000] {dag.py:3490} INFO - Setting next_dagrun for example_params_ui_tutorial to None, run_after=None
[2023-06-13T22:54:37.691+0000] {processor.py:179} INFO - Processing /home/airflow/.local/lib/python3.7/site-packages/airflow/example_dags/example_params_ui_tutorial.py took 0.618 seconds
[2023-06-13T22:55:07.913+0000] {processor.py:157} INFO - Started process (PID=655) to work on /home/airflow/.local/lib/python3.7/site-packages/airflow/example_dags/example_params_ui_tutorial.py
[2023-06-13T22:55:07.917+0000] {processor.py:826} INFO - Processing file /home/airflow/.local/lib/python3.7/site-packages/airflow/example_dags/example_params_ui_tutorial.py for tasks to queue
[2023-06-13T22:55:07.921+0000] {logging_mixin.py:149} INFO - [2023-06-13T22:55:07.919+0000] {dagbag.py:541} INFO - Filling up the DagBag from /home/airflow/.local/lib/python3.7/site-packages/airflow/example_dags/example_params_ui_tutorial.py
[2023-06-13T22:55:08.231+0000] {processor.py:836} INFO - DAG(s) dict_keys(['example_params_ui_tutorial']) retrieved from /home/airflow/.local/lib/python3.7/site-packages/airflow/example_dags/example_params_ui_tutorial.py
[2023-06-13T22:55:08.336+0000] {logging_mixin.py:149} INFO - [2023-06-13T22:55:08.336+0000] {dag.py:2726} INFO - Sync 1 DAGs
[2023-06-13T22:55:08.390+0000] {logging_mixin.py:149} INFO - [2023-06-13T22:55:08.390+0000] {dag.py:3490} INFO - Setting next_dagrun for example_params_ui_tutorial to None, run_after=None
[2023-06-13T22:55:08.446+0000] {processor.py:179} INFO - Processing /home/airflow/.local/lib/python3.7/site-packages/airflow/example_dags/example_params_ui_tutorial.py took 0.538 seconds
[2023-06-13T22:55:38.598+0000] {processor.py:157} INFO - Started process (PID=904) to work on /home/airflow/.local/lib/python3.7/site-packages/airflow/example_dags/example_params_ui_tutorial.py
[2023-06-13T22:55:38.600+0000] {processor.py:826} INFO - Processing file /home/airflow/.local/lib/python3.7/site-packages/airflow/example_dags/example_params_ui_tutorial.py for tasks to queue
[2023-06-13T22:55:38.602+0000] {logging_mixin.py:149} INFO - [2023-06-13T22:55:38.602+0000] {dagbag.py:541} INFO - Filling up the DagBag from /home/airflow/.local/lib/python3.7/site-packages/airflow/example_dags/example_params_ui_tutorial.py
[2023-06-13T22:55:38.701+0000] {processor.py:836} INFO - DAG(s) dict_keys(['example_params_ui_tutorial']) retrieved from /home/airflow/.local/lib/python3.7/site-packages/airflow/example_dags/example_params_ui_tutorial.py
[2023-06-13T22:55:38.839+0000] {logging_mixin.py:149} INFO - [2023-06-13T22:55:38.839+0000] {dag.py:2726} INFO - Sync 1 DAGs
[2023-06-13T22:55:38.903+0000] {logging_mixin.py:149} INFO - [2023-06-13T22:55:38.903+0000] {dag.py:3490} INFO - Setting next_dagrun for example_params_ui_tutorial to None, run_after=None
[2023-06-13T22:55:38.964+0000] {processor.py:179} INFO - Processing /home/airflow/.local/lib/python3.7/site-packages/airflow/example_dags/example_params_ui_tutorial.py took 0.372 seconds
[2023-06-13T22:56:09.231+0000] {processor.py:157} INFO - Started process (PID=1141) to work on /home/airflow/.local/lib/python3.7/site-packages/airflow/example_dags/example_params_ui_tutorial.py
[2023-06-13T22:56:09.233+0000] {processor.py:826} INFO - Processing file /home/airflow/.local/lib/python3.7/site-packages/airflow/example_dags/example_params_ui_tutorial.py for tasks to queue
[2023-06-13T22:56:09.235+0000] {logging_mixin.py:149} INFO - [2023-06-13T22:56:09.235+0000] {dagbag.py:541} INFO - Filling up the DagBag from /home/airflow/.local/lib/python3.7/site-packages/airflow/example_dags/example_params_ui_tutorial.py
[2023-06-13T22:56:09.315+0000] {processor.py:836} INFO - DAG(s) dict_keys(['example_params_ui_tutorial']) retrieved from /home/airflow/.local/lib/python3.7/site-packages/airflow/example_dags/example_params_ui_tutorial.py
[2023-06-13T22:56:09.476+0000] {logging_mixin.py:149} INFO - [2023-06-13T22:56:09.476+0000] {dag.py:2726} INFO - Sync 1 DAGs
[2023-06-13T22:56:09.560+0000] {logging_mixin.py:149} INFO - [2023-06-13T22:56:09.560+0000] {dag.py:3490} INFO - Setting next_dagrun for example_params_ui_tutorial to None, run_after=None
[2023-06-13T22:56:09.619+0000] {processor.py:179} INFO - Processing /home/airflow/.local/lib/python3.7/site-packages/airflow/example_dags/example_params_ui_tutorial.py took 0.393 seconds
[2023-06-13T22:56:39.720+0000] {processor.py:157} INFO - Started process (PID=1381) to work on /home/airflow/.local/lib/python3.7/site-packages/airflow/example_dags/example_params_ui_tutorial.py
[2023-06-13T22:56:39.722+0000] {processor.py:826} INFO - Processing file /home/airflow/.local/lib/python3.7/site-packages/airflow/example_dags/example_params_ui_tutorial.py for tasks to queue
[2023-06-13T22:56:39.724+0000] {logging_mixin.py:149} INFO - [2023-06-13T22:56:39.723+0000] {dagbag.py:541} INFO - Filling up the DagBag from /home/airflow/.local/lib/python3.7/site-packages/airflow/example_dags/example_params_ui_tutorial.py
[2023-06-13T22:56:39.795+0000] {processor.py:836} INFO - DAG(s) dict_keys(['example_params_ui_tutorial']) retrieved from /home/airflow/.local/lib/python3.7/site-packages/airflow/example_dags/example_params_ui_tutorial.py
[2023-06-13T22:56:39.920+0000] {logging_mixin.py:149} INFO - [2023-06-13T22:56:39.919+0000] {dag.py:2726} INFO - Sync 1 DAGs
[2023-06-13T22:56:39.970+0000] {logging_mixin.py:149} INFO - [2023-06-13T22:56:39.969+0000] {dag.py:3490} INFO - Setting next_dagrun for example_params_ui_tutorial to None, run_after=None
[2023-06-13T22:56:40.017+0000] {processor.py:179} INFO - Processing /home/airflow/.local/lib/python3.7/site-packages/airflow/example_dags/example_params_ui_tutorial.py took 0.302 seconds
[2023-06-13T22:57:10.224+0000] {processor.py:157} INFO - Started process (PID=1620) to work on /home/airflow/.local/lib/python3.7/site-packages/airflow/example_dags/example_params_ui_tutorial.py
[2023-06-13T22:57:10.226+0000] {processor.py:826} INFO - Processing file /home/airflow/.local/lib/python3.7/site-packages/airflow/example_dags/example_params_ui_tutorial.py for tasks to queue
[2023-06-13T22:57:10.227+0000] {logging_mixin.py:149} INFO - [2023-06-13T22:57:10.226+0000] {dagbag.py:541} INFO - Filling up the DagBag from /home/airflow/.local/lib/python3.7/site-packages/airflow/example_dags/example_params_ui_tutorial.py
[2023-06-13T22:57:10.309+0000] {processor.py:836} INFO - DAG(s) dict_keys(['example_params_ui_tutorial']) retrieved from /home/airflow/.local/lib/python3.7/site-packages/airflow/example_dags/example_params_ui_tutorial.py
[2023-06-13T22:57:10.470+0000] {logging_mixin.py:149} INFO - [2023-06-13T22:57:10.470+0000] {dag.py:2726} INFO - Sync 1 DAGs
[2023-06-13T22:57:10.521+0000] {logging_mixin.py:149} INFO - [2023-06-13T22:57:10.520+0000] {dag.py:3490} INFO - Setting next_dagrun for example_params_ui_tutorial to None, run_after=None
[2023-06-13T22:57:10.566+0000] {processor.py:179} INFO - Processing /home/airflow/.local/lib/python3.7/site-packages/airflow/example_dags/example_params_ui_tutorial.py took 0.346 seconds
[2023-06-13T22:57:41.110+0000] {processor.py:157} INFO - Started process (PID=1860) to work on /home/airflow/.local/lib/python3.7/site-packages/airflow/example_dags/example_params_ui_tutorial.py
[2023-06-13T22:57:41.112+0000] {processor.py:826} INFO - Processing file /home/airflow/.local/lib/python3.7/site-packages/airflow/example_dags/example_params_ui_tutorial.py for tasks to queue
[2023-06-13T22:57:41.115+0000] {logging_mixin.py:149} INFO - [2023-06-13T22:57:41.114+0000] {dagbag.py:541} INFO - Filling up the DagBag from /home/airflow/.local/lib/python3.7/site-packages/airflow/example_dags/example_params_ui_tutorial.py
[2023-06-13T22:57:41.189+0000] {processor.py:836} INFO - DAG(s) dict_keys(['example_params_ui_tutorial']) retrieved from /home/airflow/.local/lib/python3.7/site-packages/airflow/example_dags/example_params_ui_tutorial.py
[2023-06-13T22:57:41.274+0000] {logging_mixin.py:149} INFO - [2023-06-13T22:57:41.274+0000] {dag.py:2726} INFO - Sync 1 DAGs
[2023-06-13T22:57:41.332+0000] {logging_mixin.py:149} INFO - [2023-06-13T22:57:41.332+0000] {dag.py:3490} INFO - Setting next_dagrun for example_params_ui_tutorial to None, run_after=None
[2023-06-13T22:57:41.395+0000] {processor.py:179} INFO - Processing /home/airflow/.local/lib/python3.7/site-packages/airflow/example_dags/example_params_ui_tutorial.py took 0.292 seconds
[2023-06-13T22:58:11.992+0000] {processor.py:157} INFO - Started process (PID=2100) to work on /home/airflow/.local/lib/python3.7/site-packages/airflow/example_dags/example_params_ui_tutorial.py
[2023-06-13T22:58:11.994+0000] {processor.py:826} INFO - Processing file /home/airflow/.local/lib/python3.7/site-packages/airflow/example_dags/example_params_ui_tutorial.py for tasks to queue
[2023-06-13T22:58:11.996+0000] {logging_mixin.py:149} INFO - [2023-06-13T22:58:11.995+0000] {dagbag.py:541} INFO - Filling up the DagBag from /home/airflow/.local/lib/python3.7/site-packages/airflow/example_dags/example_params_ui_tutorial.py
[2023-06-13T22:58:12.066+0000] {processor.py:836} INFO - DAG(s) dict_keys(['example_params_ui_tutorial']) retrieved from /home/airflow/.local/lib/python3.7/site-packages/airflow/example_dags/example_params_ui_tutorial.py
[2023-06-13T22:58:12.193+0000] {logging_mixin.py:149} INFO - [2023-06-13T22:58:12.193+0000] {dag.py:2726} INFO - Sync 1 DAGs
[2023-06-13T22:58:12.254+0000] {logging_mixin.py:149} INFO - [2023-06-13T22:58:12.254+0000] {dag.py:3490} INFO - Setting next_dagrun for example_params_ui_tutorial to None, run_after=None
[2023-06-13T22:58:12.327+0000] {processor.py:179} INFO - Processing /home/airflow/.local/lib/python3.7/site-packages/airflow/example_dags/example_params_ui_tutorial.py took 0.341 seconds
[2023-06-13T22:58:42.502+0000] {processor.py:157} INFO - Started process (PID=2345) to work on /home/airflow/.local/lib/python3.7/site-packages/airflow/example_dags/example_params_ui_tutorial.py
[2023-06-13T22:58:42.507+0000] {processor.py:826} INFO - Processing file /home/airflow/.local/lib/python3.7/site-packages/airflow/example_dags/example_params_ui_tutorial.py for tasks to queue
[2023-06-13T22:58:42.509+0000] {logging_mixin.py:149} INFO - [2023-06-13T22:58:42.509+0000] {dagbag.py:541} INFO - Filling up the DagBag from /home/airflow/.local/lib/python3.7/site-packages/airflow/example_dags/example_params_ui_tutorial.py
[2023-06-13T22:58:42.591+0000] {processor.py:836} INFO - DAG(s) dict_keys(['example_params_ui_tutorial']) retrieved from /home/airflow/.local/lib/python3.7/site-packages/airflow/example_dags/example_params_ui_tutorial.py
[2023-06-13T22:58:42.733+0000] {logging_mixin.py:149} INFO - [2023-06-13T22:58:42.733+0000] {dag.py:2726} INFO - Sync 1 DAGs
[2023-06-13T22:58:42.792+0000] {logging_mixin.py:149} INFO - [2023-06-13T22:58:42.791+0000] {dag.py:3490} INFO - Setting next_dagrun for example_params_ui_tutorial to None, run_after=None
[2023-06-13T22:58:42.855+0000] {processor.py:179} INFO - Processing /home/airflow/.local/lib/python3.7/site-packages/airflow/example_dags/example_params_ui_tutorial.py took 0.359 seconds
[2023-06-13T22:59:13.201+0000] {processor.py:157} INFO - Started process (PID=2580) to work on /home/airflow/.local/lib/python3.7/site-packages/airflow/example_dags/example_params_ui_tutorial.py
[2023-06-13T22:59:13.204+0000] {processor.py:826} INFO - Processing file /home/airflow/.local/lib/python3.7/site-packages/airflow/example_dags/example_params_ui_tutorial.py for tasks to queue
[2023-06-13T22:59:13.206+0000] {logging_mixin.py:149} INFO - [2023-06-13T22:59:13.205+0000] {dagbag.py:541} INFO - Filling up the DagBag from /home/airflow/.local/lib/python3.7/site-packages/airflow/example_dags/example_params_ui_tutorial.py
[2023-06-13T22:59:13.290+0000] {processor.py:836} INFO - DAG(s) dict_keys(['example_params_ui_tutorial']) retrieved from /home/airflow/.local/lib/python3.7/site-packages/airflow/example_dags/example_params_ui_tutorial.py
[2023-06-13T22:59:13.445+0000] {logging_mixin.py:149} INFO - [2023-06-13T22:59:13.444+0000] {dag.py:2726} INFO - Sync 1 DAGs
[2023-06-13T22:59:13.504+0000] {logging_mixin.py:149} INFO - [2023-06-13T22:59:13.504+0000] {dag.py:3490} INFO - Setting next_dagrun for example_params_ui_tutorial to None, run_after=None
[2023-06-13T22:59:13.580+0000] {processor.py:179} INFO - Processing /home/airflow/.local/lib/python3.7/site-packages/airflow/example_dags/example_params_ui_tutorial.py took 0.387 seconds
[2023-06-13T22:59:43.712+0000] {processor.py:157} INFO - Started process (PID=2820) to work on /home/airflow/.local/lib/python3.7/site-packages/airflow/example_dags/example_params_ui_tutorial.py
[2023-06-13T22:59:43.714+0000] {processor.py:826} INFO - Processing file /home/airflow/.local/lib/python3.7/site-packages/airflow/example_dags/example_params_ui_tutorial.py for tasks to queue
[2023-06-13T22:59:43.716+0000] {logging_mixin.py:149} INFO - [2023-06-13T22:59:43.716+0000] {dagbag.py:541} INFO - Filling up the DagBag from /home/airflow/.local/lib/python3.7/site-packages/airflow/example_dags/example_params_ui_tutorial.py
[2023-06-13T22:59:43.796+0000] {processor.py:836} INFO - DAG(s) dict_keys(['example_params_ui_tutorial']) retrieved from /home/airflow/.local/lib/python3.7/site-packages/airflow/example_dags/example_params_ui_tutorial.py
[2023-06-13T22:59:43.933+0000] {logging_mixin.py:149} INFO - [2023-06-13T22:59:43.932+0000] {dag.py:2726} INFO - Sync 1 DAGs
[2023-06-13T22:59:43.995+0000] {logging_mixin.py:149} INFO - [2023-06-13T22:59:43.995+0000] {dag.py:3490} INFO - Setting next_dagrun for example_params_ui_tutorial to None, run_after=None
[2023-06-13T22:59:44.053+0000] {processor.py:179} INFO - Processing /home/airflow/.local/lib/python3.7/site-packages/airflow/example_dags/example_params_ui_tutorial.py took 0.347 seconds
[2023-06-13T23:00:14.159+0000] {processor.py:157} INFO - Started process (PID=3060) to work on /home/airflow/.local/lib/python3.7/site-packages/airflow/example_dags/example_params_ui_tutorial.py
[2023-06-13T23:00:14.161+0000] {processor.py:826} INFO - Processing file /home/airflow/.local/lib/python3.7/site-packages/airflow/example_dags/example_params_ui_tutorial.py for tasks to queue
[2023-06-13T23:00:14.163+0000] {logging_mixin.py:149} INFO - [2023-06-13T23:00:14.162+0000] {dagbag.py:541} INFO - Filling up the DagBag from /home/airflow/.local/lib/python3.7/site-packages/airflow/example_dags/example_params_ui_tutorial.py
[2023-06-13T23:00:14.239+0000] {processor.py:836} INFO - DAG(s) dict_keys(['example_params_ui_tutorial']) retrieved from /home/airflow/.local/lib/python3.7/site-packages/airflow/example_dags/example_params_ui_tutorial.py
[2023-06-13T23:00:14.364+0000] {logging_mixin.py:149} INFO - [2023-06-13T23:00:14.363+0000] {dag.py:2726} INFO - Sync 1 DAGs
[2023-06-13T23:00:14.417+0000] {logging_mixin.py:149} INFO - [2023-06-13T23:00:14.417+0000] {dag.py:3490} INFO - Setting next_dagrun for example_params_ui_tutorial to None, run_after=None
[2023-06-13T23:00:14.476+0000] {processor.py:179} INFO - Processing /home/airflow/.local/lib/python3.7/site-packages/airflow/example_dags/example_params_ui_tutorial.py took 0.326 seconds
[2023-06-13T23:00:45.170+0000] {processor.py:157} INFO - Started process (PID=3300) to work on /home/airflow/.local/lib/python3.7/site-packages/airflow/example_dags/example_params_ui_tutorial.py
[2023-06-13T23:00:45.173+0000] {processor.py:826} INFO - Processing file /home/airflow/.local/lib/python3.7/site-packages/airflow/example_dags/example_params_ui_tutorial.py for tasks to queue
[2023-06-13T23:00:45.175+0000] {logging_mixin.py:149} INFO - [2023-06-13T23:00:45.174+0000] {dagbag.py:541} INFO - Filling up the DagBag from /home/airflow/.local/lib/python3.7/site-packages/airflow/example_dags/example_params_ui_tutorial.py
[2023-06-13T23:00:45.251+0000] {processor.py:836} INFO - DAG(s) dict_keys(['example_params_ui_tutorial']) retrieved from /home/airflow/.local/lib/python3.7/site-packages/airflow/example_dags/example_params_ui_tutorial.py
[2023-06-13T23:00:45.377+0000] {logging_mixin.py:149} INFO - [2023-06-13T23:00:45.377+0000] {dag.py:2726} INFO - Sync 1 DAGs
[2023-06-13T23:00:45.443+0000] {logging_mixin.py:149} INFO - [2023-06-13T23:00:45.442+0000] {dag.py:3490} INFO - Setting next_dagrun for example_params_ui_tutorial to None, run_after=None
[2023-06-13T23:00:45.493+0000] {processor.py:179} INFO - Processing /home/airflow/.local/lib/python3.7/site-packages/airflow/example_dags/example_params_ui_tutorial.py took 0.329 seconds
[2023-06-13T23:01:16.203+0000] {processor.py:157} INFO - Started process (PID=3540) to work on /home/airflow/.local/lib/python3.7/site-packages/airflow/example_dags/example_params_ui_tutorial.py
[2023-06-13T23:01:16.205+0000] {processor.py:826} INFO - Processing file /home/airflow/.local/lib/python3.7/site-packages/airflow/example_dags/example_params_ui_tutorial.py for tasks to queue
[2023-06-13T23:01:16.206+0000] {logging_mixin.py:149} INFO - [2023-06-13T23:01:16.206+0000] {dagbag.py:541} INFO - Filling up the DagBag from /home/airflow/.local/lib/python3.7/site-packages/airflow/example_dags/example_params_ui_tutorial.py
[2023-06-13T23:01:16.281+0000] {processor.py:836} INFO - DAG(s) dict_keys(['example_params_ui_tutorial']) retrieved from /home/airflow/.local/lib/python3.7/site-packages/airflow/example_dags/example_params_ui_tutorial.py
[2023-06-13T23:01:16.432+0000] {logging_mixin.py:149} INFO - [2023-06-13T23:01:16.432+0000] {dag.py:2726} INFO - Sync 1 DAGs
[2023-06-13T23:01:16.491+0000] {logging_mixin.py:149} INFO - [2023-06-13T23:01:16.491+0000] {dag.py:3490} INFO - Setting next_dagrun for example_params_ui_tutorial to None, run_after=None
[2023-06-13T23:01:16.546+0000] {processor.py:179} INFO - Processing /home/airflow/.local/lib/python3.7/site-packages/airflow/example_dags/example_params_ui_tutorial.py took 0.348 seconds
[2023-06-13T23:01:46.626+0000] {processor.py:157} INFO - Started process (PID=3780) to work on /home/airflow/.local/lib/python3.7/site-packages/airflow/example_dags/example_params_ui_tutorial.py
[2023-06-13T23:01:46.629+0000] {processor.py:826} INFO - Processing file /home/airflow/.local/lib/python3.7/site-packages/airflow/example_dags/example_params_ui_tutorial.py for tasks to queue
[2023-06-13T23:01:46.631+0000] {logging_mixin.py:149} INFO - [2023-06-13T23:01:46.630+0000] {dagbag.py:541} INFO - Filling up the DagBag from /home/airflow/.local/lib/python3.7/site-packages/airflow/example_dags/example_params_ui_tutorial.py
[2023-06-13T23:01:46.709+0000] {processor.py:836} INFO - DAG(s) dict_keys(['example_params_ui_tutorial']) retrieved from /home/airflow/.local/lib/python3.7/site-packages/airflow/example_dags/example_params_ui_tutorial.py
[2023-06-13T23:01:46.822+0000] {logging_mixin.py:149} INFO - [2023-06-13T23:01:46.822+0000] {dag.py:2726} INFO - Sync 1 DAGs
[2023-06-13T23:01:46.885+0000] {logging_mixin.py:149} INFO - [2023-06-13T23:01:46.884+0000] {dag.py:3490} INFO - Setting next_dagrun for example_params_ui_tutorial to None, run_after=None
[2023-06-13T23:01:46.945+0000] {processor.py:179} INFO - Processing /home/airflow/.local/lib/python3.7/site-packages/airflow/example_dags/example_params_ui_tutorial.py took 0.326 seconds
[2023-06-13T23:02:17.053+0000] {processor.py:157} INFO - Started process (PID=4021) to work on /home/airflow/.local/lib/python3.7/site-packages/airflow/example_dags/example_params_ui_tutorial.py
[2023-06-13T23:02:17.055+0000] {processor.py:826} INFO - Processing file /home/airflow/.local/lib/python3.7/site-packages/airflow/example_dags/example_params_ui_tutorial.py for tasks to queue
[2023-06-13T23:02:17.056+0000] {logging_mixin.py:149} INFO - [2023-06-13T23:02:17.056+0000] {dagbag.py:541} INFO - Filling up the DagBag from /home/airflow/.local/lib/python3.7/site-packages/airflow/example_dags/example_params_ui_tutorial.py
[2023-06-13T23:02:17.142+0000] {processor.py:836} INFO - DAG(s) dict_keys(['example_params_ui_tutorial']) retrieved from /home/airflow/.local/lib/python3.7/site-packages/airflow/example_dags/example_params_ui_tutorial.py
[2023-06-13T23:02:17.258+0000] {logging_mixin.py:149} INFO - [2023-06-13T23:02:17.257+0000] {dag.py:2726} INFO - Sync 1 DAGs
[2023-06-13T23:02:17.320+0000] {logging_mixin.py:149} INFO - [2023-06-13T23:02:17.320+0000] {dag.py:3490} INFO - Setting next_dagrun for example_params_ui_tutorial to None, run_after=None
[2023-06-13T23:02:17.383+0000] {processor.py:179} INFO - Processing /home/airflow/.local/lib/python3.7/site-packages/airflow/example_dags/example_params_ui_tutorial.py took 0.336 seconds
[2023-06-13T23:02:47.884+0000] {processor.py:157} INFO - Started process (PID=4261) to work on /home/airflow/.local/lib/python3.7/site-packages/airflow/example_dags/example_params_ui_tutorial.py
[2023-06-13T23:02:47.887+0000] {processor.py:826} INFO - Processing file /home/airflow/.local/lib/python3.7/site-packages/airflow/example_dags/example_params_ui_tutorial.py for tasks to queue
[2023-06-13T23:02:47.888+0000] {logging_mixin.py:149} INFO - [2023-06-13T23:02:47.888+0000] {dagbag.py:541} INFO - Filling up the DagBag from /home/airflow/.local/lib/python3.7/site-packages/airflow/example_dags/example_params_ui_tutorial.py
[2023-06-13T23:02:47.962+0000] {processor.py:836} INFO - DAG(s) dict_keys(['example_params_ui_tutorial']) retrieved from /home/airflow/.local/lib/python3.7/site-packages/airflow/example_dags/example_params_ui_tutorial.py
[2023-06-13T23:02:48.088+0000] {logging_mixin.py:149} INFO - [2023-06-13T23:02:48.087+0000] {dag.py:2726} INFO - Sync 1 DAGs
[2023-06-13T23:02:48.142+0000] {logging_mixin.py:149} INFO - [2023-06-13T23:02:48.142+0000] {dag.py:3490} INFO - Setting next_dagrun for example_params_ui_tutorial to None, run_after=None
[2023-06-13T23:02:48.202+0000] {processor.py:179} INFO - Processing /home/airflow/.local/lib/python3.7/site-packages/airflow/example_dags/example_params_ui_tutorial.py took 0.323 seconds
[2023-06-13T23:03:18.534+0000] {processor.py:157} INFO - Started process (PID=4500) to work on /home/airflow/.local/lib/python3.7/site-packages/airflow/example_dags/example_params_ui_tutorial.py
[2023-06-13T23:03:18.536+0000] {processor.py:826} INFO - Processing file /home/airflow/.local/lib/python3.7/site-packages/airflow/example_dags/example_params_ui_tutorial.py for tasks to queue
[2023-06-13T23:03:18.537+0000] {logging_mixin.py:149} INFO - [2023-06-13T23:03:18.537+0000] {dagbag.py:541} INFO - Filling up the DagBag from /home/airflow/.local/lib/python3.7/site-packages/airflow/example_dags/example_params_ui_tutorial.py
[2023-06-13T23:03:18.604+0000] {processor.py:836} INFO - DAG(s) dict_keys(['example_params_ui_tutorial']) retrieved from /home/airflow/.local/lib/python3.7/site-packages/airflow/example_dags/example_params_ui_tutorial.py
[2023-06-13T23:03:18.714+0000] {logging_mixin.py:149} INFO - [2023-06-13T23:03:18.713+0000] {dag.py:2726} INFO - Sync 1 DAGs
[2023-06-13T23:03:18.763+0000] {logging_mixin.py:149} INFO - [2023-06-13T23:03:18.763+0000] {dag.py:3490} INFO - Setting next_dagrun for example_params_ui_tutorial to None, run_after=None
[2023-06-13T23:03:18.803+0000] {processor.py:179} INFO - Processing /home/airflow/.local/lib/python3.7/site-packages/airflow/example_dags/example_params_ui_tutorial.py took 0.277 seconds
[2023-06-13T23:03:49.002+0000] {processor.py:157} INFO - Started process (PID=4745) to work on /home/airflow/.local/lib/python3.7/site-packages/airflow/example_dags/example_params_ui_tutorial.py
[2023-06-13T23:03:49.004+0000] {processor.py:826} INFO - Processing file /home/airflow/.local/lib/python3.7/site-packages/airflow/example_dags/example_params_ui_tutorial.py for tasks to queue
[2023-06-13T23:03:49.005+0000] {logging_mixin.py:149} INFO - [2023-06-13T23:03:49.005+0000] {dagbag.py:541} INFO - Filling up the DagBag from /home/airflow/.local/lib/python3.7/site-packages/airflow/example_dags/example_params_ui_tutorial.py
[2023-06-13T23:03:49.064+0000] {processor.py:836} INFO - DAG(s) dict_keys(['example_params_ui_tutorial']) retrieved from /home/airflow/.local/lib/python3.7/site-packages/airflow/example_dags/example_params_ui_tutorial.py
[2023-06-13T23:03:49.171+0000] {logging_mixin.py:149} INFO - [2023-06-13T23:03:49.171+0000] {dag.py:2726} INFO - Sync 1 DAGs
[2023-06-13T23:03:49.230+0000] {logging_mixin.py:149} INFO - [2023-06-13T23:03:49.230+0000] {dag.py:3490} INFO - Setting next_dagrun for example_params_ui_tutorial to None, run_after=None
[2023-06-13T23:03:49.273+0000] {processor.py:179} INFO - Processing /home/airflow/.local/lib/python3.7/site-packages/airflow/example_dags/example_params_ui_tutorial.py took 0.277 seconds
[2023-06-13T23:04:20.067+0000] {processor.py:157} INFO - Started process (PID=4985) to work on /home/airflow/.local/lib/python3.7/site-packages/airflow/example_dags/example_params_ui_tutorial.py
[2023-06-13T23:04:20.069+0000] {processor.py:826} INFO - Processing file /home/airflow/.local/lib/python3.7/site-packages/airflow/example_dags/example_params_ui_tutorial.py for tasks to queue
[2023-06-13T23:04:20.070+0000] {logging_mixin.py:149} INFO - [2023-06-13T23:04:20.070+0000] {dagbag.py:541} INFO - Filling up the DagBag from /home/airflow/.local/lib/python3.7/site-packages/airflow/example_dags/example_params_ui_tutorial.py
[2023-06-13T23:04:20.143+0000] {processor.py:836} INFO - DAG(s) dict_keys(['example_params_ui_tutorial']) retrieved from /home/airflow/.local/lib/python3.7/site-packages/airflow/example_dags/example_params_ui_tutorial.py
[2023-06-13T23:04:20.256+0000] {logging_mixin.py:149} INFO - [2023-06-13T23:04:20.256+0000] {dag.py:2726} INFO - Sync 1 DAGs
[2023-06-13T23:04:20.300+0000] {logging_mixin.py:149} INFO - [2023-06-13T23:04:20.299+0000] {dag.py:3490} INFO - Setting next_dagrun for example_params_ui_tutorial to None, run_after=None
[2023-06-13T23:04:20.346+0000] {processor.py:179} INFO - Processing /home/airflow/.local/lib/python3.7/site-packages/airflow/example_dags/example_params_ui_tutorial.py took 0.286 seconds
[2023-06-13T23:04:50.865+0000] {processor.py:157} INFO - Started process (PID=5225) to work on /home/airflow/.local/lib/python3.7/site-packages/airflow/example_dags/example_params_ui_tutorial.py
[2023-06-13T23:04:50.868+0000] {processor.py:826} INFO - Processing file /home/airflow/.local/lib/python3.7/site-packages/airflow/example_dags/example_params_ui_tutorial.py for tasks to queue
[2023-06-13T23:04:50.869+0000] {logging_mixin.py:149} INFO - [2023-06-13T23:04:50.869+0000] {dagbag.py:541} INFO - Filling up the DagBag from /home/airflow/.local/lib/python3.7/site-packages/airflow/example_dags/example_params_ui_tutorial.py
[2023-06-13T23:04:50.926+0000] {processor.py:836} INFO - DAG(s) dict_keys(['example_params_ui_tutorial']) retrieved from /home/airflow/.local/lib/python3.7/site-packages/airflow/example_dags/example_params_ui_tutorial.py
[2023-06-13T23:04:51.048+0000] {logging_mixin.py:149} INFO - [2023-06-13T23:04:51.047+0000] {dag.py:2726} INFO - Sync 1 DAGs
[2023-06-13T23:04:51.097+0000] {logging_mixin.py:149} INFO - [2023-06-13T23:04:51.097+0000] {dag.py:3490} INFO - Setting next_dagrun for example_params_ui_tutorial to None, run_after=None
[2023-06-13T23:04:51.138+0000] {processor.py:179} INFO - Processing /home/airflow/.local/lib/python3.7/site-packages/airflow/example_dags/example_params_ui_tutorial.py took 0.279 seconds
[2023-06-13T23:05:21.396+0000] {processor.py:157} INFO - Started process (PID=5465) to work on /home/airflow/.local/lib/python3.7/site-packages/airflow/example_dags/example_params_ui_tutorial.py
[2023-06-13T23:05:21.400+0000] {processor.py:826} INFO - Processing file /home/airflow/.local/lib/python3.7/site-packages/airflow/example_dags/example_params_ui_tutorial.py for tasks to queue
[2023-06-13T23:05:21.401+0000] {logging_mixin.py:149} INFO - [2023-06-13T23:05:21.401+0000] {dagbag.py:541} INFO - Filling up the DagBag from /home/airflow/.local/lib/python3.7/site-packages/airflow/example_dags/example_params_ui_tutorial.py
[2023-06-13T23:05:21.472+0000] {processor.py:836} INFO - DAG(s) dict_keys(['example_params_ui_tutorial']) retrieved from /home/airflow/.local/lib/python3.7/site-packages/airflow/example_dags/example_params_ui_tutorial.py
[2023-06-13T23:05:21.589+0000] {logging_mixin.py:149} INFO - [2023-06-13T23:05:21.589+0000] {dag.py:2726} INFO - Sync 1 DAGs
[2023-06-13T23:05:21.654+0000] {logging_mixin.py:149} INFO - [2023-06-13T23:05:21.654+0000] {dag.py:3490} INFO - Setting next_dagrun for example_params_ui_tutorial to None, run_after=None
[2023-06-13T23:05:21.712+0000] {processor.py:179} INFO - Processing /home/airflow/.local/lib/python3.7/site-packages/airflow/example_dags/example_params_ui_tutorial.py took 0.322 seconds
[2023-06-13T23:05:52.185+0000] {processor.py:157} INFO - Started process (PID=5705) to work on /home/airflow/.local/lib/python3.7/site-packages/airflow/example_dags/example_params_ui_tutorial.py
[2023-06-13T23:05:52.187+0000] {processor.py:826} INFO - Processing file /home/airflow/.local/lib/python3.7/site-packages/airflow/example_dags/example_params_ui_tutorial.py for tasks to queue
[2023-06-13T23:05:52.188+0000] {logging_mixin.py:149} INFO - [2023-06-13T23:05:52.188+0000] {dagbag.py:541} INFO - Filling up the DagBag from /home/airflow/.local/lib/python3.7/site-packages/airflow/example_dags/example_params_ui_tutorial.py
[2023-06-13T23:05:52.258+0000] {processor.py:836} INFO - DAG(s) dict_keys(['example_params_ui_tutorial']) retrieved from /home/airflow/.local/lib/python3.7/site-packages/airflow/example_dags/example_params_ui_tutorial.py
[2023-06-13T23:05:52.364+0000] {logging_mixin.py:149} INFO - [2023-06-13T23:05:52.364+0000] {dag.py:2726} INFO - Sync 1 DAGs
[2023-06-13T23:05:52.413+0000] {logging_mixin.py:149} INFO - [2023-06-13T23:05:52.412+0000] {dag.py:3490} INFO - Setting next_dagrun for example_params_ui_tutorial to None, run_after=None
[2023-06-13T23:05:52.481+0000] {processor.py:179} INFO - Processing /home/airflow/.local/lib/python3.7/site-packages/airflow/example_dags/example_params_ui_tutorial.py took 0.301 seconds
[2023-06-13T23:06:22.744+0000] {processor.py:157} INFO - Started process (PID=5945) to work on /home/airflow/.local/lib/python3.7/site-packages/airflow/example_dags/example_params_ui_tutorial.py
[2023-06-13T23:06:22.746+0000] {processor.py:826} INFO - Processing file /home/airflow/.local/lib/python3.7/site-packages/airflow/example_dags/example_params_ui_tutorial.py for tasks to queue
[2023-06-13T23:06:22.747+0000] {logging_mixin.py:149} INFO - [2023-06-13T23:06:22.747+0000] {dagbag.py:541} INFO - Filling up the DagBag from /home/airflow/.local/lib/python3.7/site-packages/airflow/example_dags/example_params_ui_tutorial.py
[2023-06-13T23:06:22.801+0000] {processor.py:836} INFO - DAG(s) dict_keys(['example_params_ui_tutorial']) retrieved from /home/airflow/.local/lib/python3.7/site-packages/airflow/example_dags/example_params_ui_tutorial.py
[2023-06-13T23:06:22.908+0000] {logging_mixin.py:149} INFO - [2023-06-13T23:06:22.908+0000] {dag.py:2726} INFO - Sync 1 DAGs
[2023-06-13T23:06:22.953+0000] {logging_mixin.py:149} INFO - [2023-06-13T23:06:22.953+0000] {dag.py:3490} INFO - Setting next_dagrun for example_params_ui_tutorial to None, run_after=None
[2023-06-13T23:06:23.008+0000] {processor.py:179} INFO - Processing /home/airflow/.local/lib/python3.7/site-packages/airflow/example_dags/example_params_ui_tutorial.py took 0.268 seconds
[2023-06-13T23:06:53.240+0000] {processor.py:157} INFO - Started process (PID=6190) to work on /home/airflow/.local/lib/python3.7/site-packages/airflow/example_dags/example_params_ui_tutorial.py
[2023-06-13T23:06:53.242+0000] {processor.py:826} INFO - Processing file /home/airflow/.local/lib/python3.7/site-packages/airflow/example_dags/example_params_ui_tutorial.py for tasks to queue
[2023-06-13T23:06:53.244+0000] {logging_mixin.py:149} INFO - [2023-06-13T23:06:53.243+0000] {dagbag.py:541} INFO - Filling up the DagBag from /home/airflow/.local/lib/python3.7/site-packages/airflow/example_dags/example_params_ui_tutorial.py
[2023-06-13T23:06:53.307+0000] {processor.py:836} INFO - DAG(s) dict_keys(['example_params_ui_tutorial']) retrieved from /home/airflow/.local/lib/python3.7/site-packages/airflow/example_dags/example_params_ui_tutorial.py
[2023-06-13T23:06:53.432+0000] {logging_mixin.py:149} INFO - [2023-06-13T23:06:53.431+0000] {dag.py:2726} INFO - Sync 1 DAGs
[2023-06-13T23:06:53.478+0000] {logging_mixin.py:149} INFO - [2023-06-13T23:06:53.478+0000] {dag.py:3490} INFO - Setting next_dagrun for example_params_ui_tutorial to None, run_after=None
[2023-06-13T23:06:53.542+0000] {processor.py:179} INFO - Processing /home/airflow/.local/lib/python3.7/site-packages/airflow/example_dags/example_params_ui_tutorial.py took 0.309 seconds
[2023-06-13T23:07:23.757+0000] {processor.py:157} INFO - Started process (PID=6434) to work on /home/airflow/.local/lib/python3.7/site-packages/airflow/example_dags/example_params_ui_tutorial.py
[2023-06-13T23:07:23.759+0000] {processor.py:826} INFO - Processing file /home/airflow/.local/lib/python3.7/site-packages/airflow/example_dags/example_params_ui_tutorial.py for tasks to queue
[2023-06-13T23:07:23.760+0000] {logging_mixin.py:149} INFO - [2023-06-13T23:07:23.759+0000] {dagbag.py:541} INFO - Filling up the DagBag from /home/airflow/.local/lib/python3.7/site-packages/airflow/example_dags/example_params_ui_tutorial.py
[2023-06-13T23:07:23.814+0000] {processor.py:836} INFO - DAG(s) dict_keys(['example_params_ui_tutorial']) retrieved from /home/airflow/.local/lib/python3.7/site-packages/airflow/example_dags/example_params_ui_tutorial.py
[2023-06-13T23:07:23.928+0000] {logging_mixin.py:149} INFO - [2023-06-13T23:07:23.928+0000] {dag.py:2726} INFO - Sync 1 DAGs
[2023-06-13T23:07:23.978+0000] {logging_mixin.py:149} INFO - [2023-06-13T23:07:23.977+0000] {dag.py:3490} INFO - Setting next_dagrun for example_params_ui_tutorial to None, run_after=None
[2023-06-13T23:07:24.029+0000] {processor.py:179} INFO - Processing /home/airflow/.local/lib/python3.7/site-packages/airflow/example_dags/example_params_ui_tutorial.py took 0.277 seconds
[2023-06-13T23:07:54.426+0000] {processor.py:157} INFO - Started process (PID=6675) to work on /home/airflow/.local/lib/python3.7/site-packages/airflow/example_dags/example_params_ui_tutorial.py
[2023-06-13T23:07:54.428+0000] {processor.py:826} INFO - Processing file /home/airflow/.local/lib/python3.7/site-packages/airflow/example_dags/example_params_ui_tutorial.py for tasks to queue
[2023-06-13T23:07:54.429+0000] {logging_mixin.py:149} INFO - [2023-06-13T23:07:54.428+0000] {dagbag.py:541} INFO - Filling up the DagBag from /home/airflow/.local/lib/python3.7/site-packages/airflow/example_dags/example_params_ui_tutorial.py
[2023-06-13T23:07:54.502+0000] {processor.py:836} INFO - DAG(s) dict_keys(['example_params_ui_tutorial']) retrieved from /home/airflow/.local/lib/python3.7/site-packages/airflow/example_dags/example_params_ui_tutorial.py
[2023-06-13T23:07:54.600+0000] {logging_mixin.py:149} INFO - [2023-06-13T23:07:54.599+0000] {dag.py:2726} INFO - Sync 1 DAGs
[2023-06-13T23:07:54.645+0000] {logging_mixin.py:149} INFO - [2023-06-13T23:07:54.644+0000] {dag.py:3490} INFO - Setting next_dagrun for example_params_ui_tutorial to None, run_after=None
[2023-06-13T23:07:54.690+0000] {processor.py:179} INFO - Processing /home/airflow/.local/lib/python3.7/site-packages/airflow/example_dags/example_params_ui_tutorial.py took 0.270 seconds
[2023-06-13T23:08:25.185+0000] {processor.py:157} INFO - Started process (PID=6914) to work on /home/airflow/.local/lib/python3.7/site-packages/airflow/example_dags/example_params_ui_tutorial.py
[2023-06-13T23:08:25.187+0000] {processor.py:826} INFO - Processing file /home/airflow/.local/lib/python3.7/site-packages/airflow/example_dags/example_params_ui_tutorial.py for tasks to queue
[2023-06-13T23:08:25.187+0000] {logging_mixin.py:149} INFO - [2023-06-13T23:08:25.187+0000] {dagbag.py:541} INFO - Filling up the DagBag from /home/airflow/.local/lib/python3.7/site-packages/airflow/example_dags/example_params_ui_tutorial.py
[2023-06-13T23:08:25.239+0000] {processor.py:836} INFO - DAG(s) dict_keys(['example_params_ui_tutorial']) retrieved from /home/airflow/.local/lib/python3.7/site-packages/airflow/example_dags/example_params_ui_tutorial.py
[2023-06-13T23:08:25.355+0000] {logging_mixin.py:149} INFO - [2023-06-13T23:08:25.355+0000] {dag.py:2726} INFO - Sync 1 DAGs
[2023-06-13T23:08:25.401+0000] {logging_mixin.py:149} INFO - [2023-06-13T23:08:25.401+0000] {dag.py:3490} INFO - Setting next_dagrun for example_params_ui_tutorial to None, run_after=None
[2023-06-13T23:08:25.463+0000] {processor.py:179} INFO - Processing /home/airflow/.local/lib/python3.7/site-packages/airflow/example_dags/example_params_ui_tutorial.py took 0.283 seconds
[2023-06-13T23:08:56.319+0000] {processor.py:157} INFO - Started process (PID=7153) to work on /home/airflow/.local/lib/python3.7/site-packages/airflow/example_dags/example_params_ui_tutorial.py
[2023-06-13T23:08:56.320+0000] {processor.py:826} INFO - Processing file /home/airflow/.local/lib/python3.7/site-packages/airflow/example_dags/example_params_ui_tutorial.py for tasks to queue
[2023-06-13T23:08:56.322+0000] {logging_mixin.py:149} INFO - [2023-06-13T23:08:56.321+0000] {dagbag.py:541} INFO - Filling up the DagBag from /home/airflow/.local/lib/python3.7/site-packages/airflow/example_dags/example_params_ui_tutorial.py
[2023-06-13T23:08:56.399+0000] {processor.py:836} INFO - DAG(s) dict_keys(['example_params_ui_tutorial']) retrieved from /home/airflow/.local/lib/python3.7/site-packages/airflow/example_dags/example_params_ui_tutorial.py
[2023-06-13T23:08:56.506+0000] {logging_mixin.py:149} INFO - [2023-06-13T23:08:56.506+0000] {dag.py:2726} INFO - Sync 1 DAGs
[2023-06-13T23:08:56.564+0000] {logging_mixin.py:149} INFO - [2023-06-13T23:08:56.563+0000] {dag.py:3490} INFO - Setting next_dagrun for example_params_ui_tutorial to None, run_after=None
[2023-06-13T23:08:56.607+0000] {processor.py:179} INFO - Processing /home/airflow/.local/lib/python3.7/site-packages/airflow/example_dags/example_params_ui_tutorial.py took 0.292 seconds
[2023-06-13T23:09:26.897+0000] {processor.py:157} INFO - Started process (PID=7393) to work on /home/airflow/.local/lib/python3.7/site-packages/airflow/example_dags/example_params_ui_tutorial.py
[2023-06-13T23:09:26.899+0000] {processor.py:826} INFO - Processing file /home/airflow/.local/lib/python3.7/site-packages/airflow/example_dags/example_params_ui_tutorial.py for tasks to queue
[2023-06-13T23:09:26.901+0000] {logging_mixin.py:149} INFO - [2023-06-13T23:09:26.900+0000] {dagbag.py:541} INFO - Filling up the DagBag from /home/airflow/.local/lib/python3.7/site-packages/airflow/example_dags/example_params_ui_tutorial.py
[2023-06-13T23:09:26.976+0000] {processor.py:836} INFO - DAG(s) dict_keys(['example_params_ui_tutorial']) retrieved from /home/airflow/.local/lib/python3.7/site-packages/airflow/example_dags/example_params_ui_tutorial.py
[2023-06-13T23:09:27.102+0000] {logging_mixin.py:149} INFO - [2023-06-13T23:09:27.102+0000] {dag.py:2726} INFO - Sync 1 DAGs
[2023-06-13T23:09:27.157+0000] {logging_mixin.py:149} INFO - [2023-06-13T23:09:27.157+0000] {dag.py:3490} INFO - Setting next_dagrun for example_params_ui_tutorial to None, run_after=None
[2023-06-13T23:09:27.208+0000] {processor.py:179} INFO - Processing /home/airflow/.local/lib/python3.7/site-packages/airflow/example_dags/example_params_ui_tutorial.py took 0.317 seconds
[2023-06-13T23:09:57.300+0000] {processor.py:157} INFO - Started process (PID=7633) to work on /home/airflow/.local/lib/python3.7/site-packages/airflow/example_dags/example_params_ui_tutorial.py
[2023-06-13T23:09:57.302+0000] {processor.py:826} INFO - Processing file /home/airflow/.local/lib/python3.7/site-packages/airflow/example_dags/example_params_ui_tutorial.py for tasks to queue
[2023-06-13T23:09:57.303+0000] {logging_mixin.py:149} INFO - [2023-06-13T23:09:57.303+0000] {dagbag.py:541} INFO - Filling up the DagBag from /home/airflow/.local/lib/python3.7/site-packages/airflow/example_dags/example_params_ui_tutorial.py
[2023-06-13T23:09:57.366+0000] {processor.py:836} INFO - DAG(s) dict_keys(['example_params_ui_tutorial']) retrieved from /home/airflow/.local/lib/python3.7/site-packages/airflow/example_dags/example_params_ui_tutorial.py
[2023-06-13T23:09:57.472+0000] {logging_mixin.py:149} INFO - [2023-06-13T23:09:57.471+0000] {dag.py:2726} INFO - Sync 1 DAGs
[2023-06-13T23:09:57.516+0000] {logging_mixin.py:149} INFO - [2023-06-13T23:09:57.515+0000] {dag.py:3490} INFO - Setting next_dagrun for example_params_ui_tutorial to None, run_after=None
[2023-06-13T23:09:57.562+0000] {processor.py:179} INFO - Processing /home/airflow/.local/lib/python3.7/site-packages/airflow/example_dags/example_params_ui_tutorial.py took 0.268 seconds
[2023-06-13T23:10:27.844+0000] {processor.py:157} INFO - Started process (PID=7873) to work on /home/airflow/.local/lib/python3.7/site-packages/airflow/example_dags/example_params_ui_tutorial.py
[2023-06-13T23:10:27.847+0000] {processor.py:826} INFO - Processing file /home/airflow/.local/lib/python3.7/site-packages/airflow/example_dags/example_params_ui_tutorial.py for tasks to queue
[2023-06-13T23:10:27.850+0000] {logging_mixin.py:149} INFO - [2023-06-13T23:10:27.849+0000] {dagbag.py:541} INFO - Filling up the DagBag from /home/airflow/.local/lib/python3.7/site-packages/airflow/example_dags/example_params_ui_tutorial.py
[2023-06-13T23:10:27.927+0000] {processor.py:836} INFO - DAG(s) dict_keys(['example_params_ui_tutorial']) retrieved from /home/airflow/.local/lib/python3.7/site-packages/airflow/example_dags/example_params_ui_tutorial.py
[2023-06-13T23:10:28.065+0000] {logging_mixin.py:149} INFO - [2023-06-13T23:10:28.065+0000] {dag.py:2726} INFO - Sync 1 DAGs
[2023-06-13T23:10:28.122+0000] {logging_mixin.py:149} INFO - [2023-06-13T23:10:28.122+0000] {dag.py:3490} INFO - Setting next_dagrun for example_params_ui_tutorial to None, run_after=None
[2023-06-13T23:10:28.173+0000] {processor.py:179} INFO - Processing /home/airflow/.local/lib/python3.7/site-packages/airflow/example_dags/example_params_ui_tutorial.py took 0.335 seconds
[2023-06-13T23:10:58.428+0000] {processor.py:157} INFO - Started process (PID=8122) to work on /home/airflow/.local/lib/python3.7/site-packages/airflow/example_dags/example_params_ui_tutorial.py
[2023-06-13T23:10:58.431+0000] {processor.py:826} INFO - Processing file /home/airflow/.local/lib/python3.7/site-packages/airflow/example_dags/example_params_ui_tutorial.py for tasks to queue
[2023-06-13T23:10:58.433+0000] {logging_mixin.py:149} INFO - [2023-06-13T23:10:58.433+0000] {dagbag.py:541} INFO - Filling up the DagBag from /home/airflow/.local/lib/python3.7/site-packages/airflow/example_dags/example_params_ui_tutorial.py
[2023-06-13T23:10:58.499+0000] {processor.py:836} INFO - DAG(s) dict_keys(['example_params_ui_tutorial']) retrieved from /home/airflow/.local/lib/python3.7/site-packages/airflow/example_dags/example_params_ui_tutorial.py
[2023-06-13T23:10:58.606+0000] {logging_mixin.py:149} INFO - [2023-06-13T23:10:58.606+0000] {dag.py:2726} INFO - Sync 1 DAGs
[2023-06-13T23:10:58.653+0000] {logging_mixin.py:149} INFO - [2023-06-13T23:10:58.653+0000] {dag.py:3490} INFO - Setting next_dagrun for example_params_ui_tutorial to None, run_after=None
[2023-06-13T23:10:58.714+0000] {processor.py:179} INFO - Processing /home/airflow/.local/lib/python3.7/site-packages/airflow/example_dags/example_params_ui_tutorial.py took 0.292 seconds
[2023-06-13T23:11:28.816+0000] {processor.py:157} INFO - Started process (PID=8352) to work on /home/airflow/.local/lib/python3.7/site-packages/airflow/example_dags/example_params_ui_tutorial.py
[2023-06-13T23:11:28.818+0000] {processor.py:826} INFO - Processing file /home/airflow/.local/lib/python3.7/site-packages/airflow/example_dags/example_params_ui_tutorial.py for tasks to queue
[2023-06-13T23:11:28.819+0000] {logging_mixin.py:149} INFO - [2023-06-13T23:11:28.819+0000] {dagbag.py:541} INFO - Filling up the DagBag from /home/airflow/.local/lib/python3.7/site-packages/airflow/example_dags/example_params_ui_tutorial.py
[2023-06-13T23:11:28.886+0000] {processor.py:836} INFO - DAG(s) dict_keys(['example_params_ui_tutorial']) retrieved from /home/airflow/.local/lib/python3.7/site-packages/airflow/example_dags/example_params_ui_tutorial.py
[2023-06-13T23:11:28.986+0000] {logging_mixin.py:149} INFO - [2023-06-13T23:11:28.985+0000] {dag.py:2726} INFO - Sync 1 DAGs
[2023-06-13T23:11:29.025+0000] {logging_mixin.py:149} INFO - [2023-06-13T23:11:29.025+0000] {dag.py:3490} INFO - Setting next_dagrun for example_params_ui_tutorial to None, run_after=None
[2023-06-13T23:11:29.073+0000] {processor.py:179} INFO - Processing /home/airflow/.local/lib/python3.7/site-packages/airflow/example_dags/example_params_ui_tutorial.py took 0.262 seconds
[2023-06-13T23:11:59.380+0000] {processor.py:157} INFO - Started process (PID=8587) to work on /home/airflow/.local/lib/python3.7/site-packages/airflow/example_dags/example_params_ui_tutorial.py
[2023-06-13T23:11:59.382+0000] {processor.py:826} INFO - Processing file /home/airflow/.local/lib/python3.7/site-packages/airflow/example_dags/example_params_ui_tutorial.py for tasks to queue
[2023-06-13T23:11:59.383+0000] {logging_mixin.py:149} INFO - [2023-06-13T23:11:59.383+0000] {dagbag.py:541} INFO - Filling up the DagBag from /home/airflow/.local/lib/python3.7/site-packages/airflow/example_dags/example_params_ui_tutorial.py
[2023-06-13T23:11:59.448+0000] {processor.py:836} INFO - DAG(s) dict_keys(['example_params_ui_tutorial']) retrieved from /home/airflow/.local/lib/python3.7/site-packages/airflow/example_dags/example_params_ui_tutorial.py
[2023-06-13T23:11:59.555+0000] {logging_mixin.py:149} INFO - [2023-06-13T23:11:59.554+0000] {dag.py:2726} INFO - Sync 1 DAGs
[2023-06-13T23:11:59.610+0000] {logging_mixin.py:149} INFO - [2023-06-13T23:11:59.610+0000] {dag.py:3490} INFO - Setting next_dagrun for example_params_ui_tutorial to None, run_after=None
[2023-06-13T23:11:59.656+0000] {processor.py:179} INFO - Processing /home/airflow/.local/lib/python3.7/site-packages/airflow/example_dags/example_params_ui_tutorial.py took 0.281 seconds
[2023-06-13T23:12:29.789+0000] {processor.py:157} INFO - Started process (PID=8827) to work on /home/airflow/.local/lib/python3.7/site-packages/airflow/example_dags/example_params_ui_tutorial.py
[2023-06-13T23:12:29.792+0000] {processor.py:826} INFO - Processing file /home/airflow/.local/lib/python3.7/site-packages/airflow/example_dags/example_params_ui_tutorial.py for tasks to queue
[2023-06-13T23:12:29.794+0000] {logging_mixin.py:149} INFO - [2023-06-13T23:12:29.794+0000] {dagbag.py:541} INFO - Filling up the DagBag from /home/airflow/.local/lib/python3.7/site-packages/airflow/example_dags/example_params_ui_tutorial.py
[2023-06-13T23:12:29.858+0000] {processor.py:836} INFO - DAG(s) dict_keys(['example_params_ui_tutorial']) retrieved from /home/airflow/.local/lib/python3.7/site-packages/airflow/example_dags/example_params_ui_tutorial.py
[2023-06-13T23:12:29.960+0000] {logging_mixin.py:149} INFO - [2023-06-13T23:12:29.960+0000] {dag.py:2726} INFO - Sync 1 DAGs
[2023-06-13T23:12:30.009+0000] {logging_mixin.py:149} INFO - [2023-06-13T23:12:30.008+0000] {dag.py:3490} INFO - Setting next_dagrun for example_params_ui_tutorial to None, run_after=None
[2023-06-13T23:12:30.065+0000] {processor.py:179} INFO - Processing /home/airflow/.local/lib/python3.7/site-packages/airflow/example_dags/example_params_ui_tutorial.py took 0.286 seconds
[2023-06-13T23:13:00.355+0000] {processor.py:157} INFO - Started process (PID=9066) to work on /home/airflow/.local/lib/python3.7/site-packages/airflow/example_dags/example_params_ui_tutorial.py
[2023-06-13T23:13:00.358+0000] {processor.py:826} INFO - Processing file /home/airflow/.local/lib/python3.7/site-packages/airflow/example_dags/example_params_ui_tutorial.py for tasks to queue
[2023-06-13T23:13:00.360+0000] {logging_mixin.py:149} INFO - [2023-06-13T23:13:00.359+0000] {dagbag.py:541} INFO - Filling up the DagBag from /home/airflow/.local/lib/python3.7/site-packages/airflow/example_dags/example_params_ui_tutorial.py
[2023-06-13T23:13:00.422+0000] {processor.py:836} INFO - DAG(s) dict_keys(['example_params_ui_tutorial']) retrieved from /home/airflow/.local/lib/python3.7/site-packages/airflow/example_dags/example_params_ui_tutorial.py
[2023-06-13T23:13:00.533+0000] {logging_mixin.py:149} INFO - [2023-06-13T23:13:00.533+0000] {dag.py:2726} INFO - Sync 1 DAGs
[2023-06-13T23:13:00.597+0000] {logging_mixin.py:149} INFO - [2023-06-13T23:13:00.596+0000] {dag.py:3490} INFO - Setting next_dagrun for example_params_ui_tutorial to None, run_after=None
[2023-06-13T23:13:00.651+0000] {processor.py:179} INFO - Processing /home/airflow/.local/lib/python3.7/site-packages/airflow/example_dags/example_params_ui_tutorial.py took 0.301 seconds
[2023-06-13T23:13:30.728+0000] {processor.py:157} INFO - Started process (PID=9306) to work on /home/airflow/.local/lib/python3.7/site-packages/airflow/example_dags/example_params_ui_tutorial.py
[2023-06-13T23:13:30.730+0000] {processor.py:826} INFO - Processing file /home/airflow/.local/lib/python3.7/site-packages/airflow/example_dags/example_params_ui_tutorial.py for tasks to queue
[2023-06-13T23:13:30.731+0000] {logging_mixin.py:149} INFO - [2023-06-13T23:13:30.731+0000] {dagbag.py:541} INFO - Filling up the DagBag from /home/airflow/.local/lib/python3.7/site-packages/airflow/example_dags/example_params_ui_tutorial.py
[2023-06-13T23:13:30.777+0000] {processor.py:836} INFO - DAG(s) dict_keys(['example_params_ui_tutorial']) retrieved from /home/airflow/.local/lib/python3.7/site-packages/airflow/example_dags/example_params_ui_tutorial.py
[2023-06-13T23:13:30.864+0000] {logging_mixin.py:149} INFO - [2023-06-13T23:13:30.864+0000] {dag.py:2726} INFO - Sync 1 DAGs
[2023-06-13T23:13:30.907+0000] {logging_mixin.py:149} INFO - [2023-06-13T23:13:30.907+0000] {dag.py:3490} INFO - Setting next_dagrun for example_params_ui_tutorial to None, run_after=None
[2023-06-13T23:13:30.952+0000] {processor.py:179} INFO - Processing /home/airflow/.local/lib/python3.7/site-packages/airflow/example_dags/example_params_ui_tutorial.py took 0.229 seconds
[2023-06-13T23:14:01.169+0000] {processor.py:157} INFO - Started process (PID=9551) to work on /home/airflow/.local/lib/python3.7/site-packages/airflow/example_dags/example_params_ui_tutorial.py
[2023-06-13T23:14:01.172+0000] {processor.py:826} INFO - Processing file /home/airflow/.local/lib/python3.7/site-packages/airflow/example_dags/example_params_ui_tutorial.py for tasks to queue
[2023-06-13T23:14:01.173+0000] {logging_mixin.py:149} INFO - [2023-06-13T23:14:01.173+0000] {dagbag.py:541} INFO - Filling up the DagBag from /home/airflow/.local/lib/python3.7/site-packages/airflow/example_dags/example_params_ui_tutorial.py
[2023-06-13T23:14:01.232+0000] {processor.py:836} INFO - DAG(s) dict_keys(['example_params_ui_tutorial']) retrieved from /home/airflow/.local/lib/python3.7/site-packages/airflow/example_dags/example_params_ui_tutorial.py
[2023-06-13T23:14:01.336+0000] {logging_mixin.py:149} INFO - [2023-06-13T23:14:01.336+0000] {dag.py:2726} INFO - Sync 1 DAGs
[2023-06-13T23:14:01.382+0000] {logging_mixin.py:149} INFO - [2023-06-13T23:14:01.382+0000] {dag.py:3490} INFO - Setting next_dagrun for example_params_ui_tutorial to None, run_after=None
[2023-06-13T23:14:01.429+0000] {processor.py:179} INFO - Processing /home/airflow/.local/lib/python3.7/site-packages/airflow/example_dags/example_params_ui_tutorial.py took 0.264 seconds
[2023-06-13T23:14:31.504+0000] {processor.py:157} INFO - Started process (PID=9785) to work on /home/airflow/.local/lib/python3.7/site-packages/airflow/example_dags/example_params_ui_tutorial.py
[2023-06-13T23:14:31.506+0000] {processor.py:826} INFO - Processing file /home/airflow/.local/lib/python3.7/site-packages/airflow/example_dags/example_params_ui_tutorial.py for tasks to queue
[2023-06-13T23:14:31.508+0000] {logging_mixin.py:149} INFO - [2023-06-13T23:14:31.507+0000] {dagbag.py:541} INFO - Filling up the DagBag from /home/airflow/.local/lib/python3.7/site-packages/airflow/example_dags/example_params_ui_tutorial.py
[2023-06-13T23:14:31.561+0000] {processor.py:836} INFO - DAG(s) dict_keys(['example_params_ui_tutorial']) retrieved from /home/airflow/.local/lib/python3.7/site-packages/airflow/example_dags/example_params_ui_tutorial.py
[2023-06-13T23:14:31.666+0000] {logging_mixin.py:149} INFO - [2023-06-13T23:14:31.666+0000] {dag.py:2726} INFO - Sync 1 DAGs
[2023-06-13T23:14:31.714+0000] {logging_mixin.py:149} INFO - [2023-06-13T23:14:31.714+0000] {dag.py:3490} INFO - Setting next_dagrun for example_params_ui_tutorial to None, run_after=None
[2023-06-13T23:14:31.765+0000] {processor.py:179} INFO - Processing /home/airflow/.local/lib/python3.7/site-packages/airflow/example_dags/example_params_ui_tutorial.py took 0.267 seconds
[2023-06-13T23:15:01.854+0000] {processor.py:157} INFO - Started process (PID=10024) to work on /home/airflow/.local/lib/python3.7/site-packages/airflow/example_dags/example_params_ui_tutorial.py
[2023-06-13T23:15:01.857+0000] {processor.py:826} INFO - Processing file /home/airflow/.local/lib/python3.7/site-packages/airflow/example_dags/example_params_ui_tutorial.py for tasks to queue
[2023-06-13T23:15:01.858+0000] {logging_mixin.py:149} INFO - [2023-06-13T23:15:01.858+0000] {dagbag.py:541} INFO - Filling up the DagBag from /home/airflow/.local/lib/python3.7/site-packages/airflow/example_dags/example_params_ui_tutorial.py
[2023-06-13T23:15:01.928+0000] {processor.py:836} INFO - DAG(s) dict_keys(['example_params_ui_tutorial']) retrieved from /home/airflow/.local/lib/python3.7/site-packages/airflow/example_dags/example_params_ui_tutorial.py
[2023-06-13T23:15:02.047+0000] {logging_mixin.py:149} INFO - [2023-06-13T23:15:02.046+0000] {dag.py:2726} INFO - Sync 1 DAGs
[2023-06-13T23:15:02.103+0000] {logging_mixin.py:149} INFO - [2023-06-13T23:15:02.103+0000] {dag.py:3490} INFO - Setting next_dagrun for example_params_ui_tutorial to None, run_after=None
[2023-06-13T23:15:02.162+0000] {processor.py:179} INFO - Processing /home/airflow/.local/lib/python3.7/site-packages/airflow/example_dags/example_params_ui_tutorial.py took 0.312 seconds
[2023-06-13T23:15:32.248+0000] {processor.py:157} INFO - Started process (PID=10264) to work on /home/airflow/.local/lib/python3.7/site-packages/airflow/example_dags/example_params_ui_tutorial.py
[2023-06-13T23:15:32.251+0000] {processor.py:826} INFO - Processing file /home/airflow/.local/lib/python3.7/site-packages/airflow/example_dags/example_params_ui_tutorial.py for tasks to queue
[2023-06-13T23:15:32.252+0000] {logging_mixin.py:149} INFO - [2023-06-13T23:15:32.252+0000] {dagbag.py:541} INFO - Filling up the DagBag from /home/airflow/.local/lib/python3.7/site-packages/airflow/example_dags/example_params_ui_tutorial.py
[2023-06-13T23:15:32.318+0000] {processor.py:836} INFO - DAG(s) dict_keys(['example_params_ui_tutorial']) retrieved from /home/airflow/.local/lib/python3.7/site-packages/airflow/example_dags/example_params_ui_tutorial.py
[2023-06-13T23:15:32.425+0000] {logging_mixin.py:149} INFO - [2023-06-13T23:15:32.425+0000] {dag.py:2726} INFO - Sync 1 DAGs
[2023-06-13T23:15:32.473+0000] {logging_mixin.py:149} INFO - [2023-06-13T23:15:32.472+0000] {dag.py:3490} INFO - Setting next_dagrun for example_params_ui_tutorial to None, run_after=None
[2023-06-13T23:15:32.530+0000] {processor.py:179} INFO - Processing /home/airflow/.local/lib/python3.7/site-packages/airflow/example_dags/example_params_ui_tutorial.py took 0.288 seconds
[2023-06-13T23:16:02.945+0000] {processor.py:157} INFO - Started process (PID=10504) to work on /home/airflow/.local/lib/python3.7/site-packages/airflow/example_dags/example_params_ui_tutorial.py
[2023-06-13T23:16:02.947+0000] {processor.py:826} INFO - Processing file /home/airflow/.local/lib/python3.7/site-packages/airflow/example_dags/example_params_ui_tutorial.py for tasks to queue
[2023-06-13T23:16:02.948+0000] {logging_mixin.py:149} INFO - [2023-06-13T23:16:02.948+0000] {dagbag.py:541} INFO - Filling up the DagBag from /home/airflow/.local/lib/python3.7/site-packages/airflow/example_dags/example_params_ui_tutorial.py
[2023-06-13T23:16:03.028+0000] {processor.py:836} INFO - DAG(s) dict_keys(['example_params_ui_tutorial']) retrieved from /home/airflow/.local/lib/python3.7/site-packages/airflow/example_dags/example_params_ui_tutorial.py
[2023-06-13T23:16:03.124+0000] {logging_mixin.py:149} INFO - [2023-06-13T23:16:03.124+0000] {dag.py:2726} INFO - Sync 1 DAGs
[2023-06-13T23:16:03.169+0000] {logging_mixin.py:149} INFO - [2023-06-13T23:16:03.168+0000] {dag.py:3490} INFO - Setting next_dagrun for example_params_ui_tutorial to None, run_after=None
[2023-06-13T23:16:03.216+0000] {processor.py:179} INFO - Processing /home/airflow/.local/lib/python3.7/site-packages/airflow/example_dags/example_params_ui_tutorial.py took 0.275 seconds
[2023-06-13T23:16:33.527+0000] {processor.py:157} INFO - Started process (PID=10744) to work on /home/airflow/.local/lib/python3.7/site-packages/airflow/example_dags/example_params_ui_tutorial.py
[2023-06-13T23:16:33.529+0000] {processor.py:826} INFO - Processing file /home/airflow/.local/lib/python3.7/site-packages/airflow/example_dags/example_params_ui_tutorial.py for tasks to queue
[2023-06-13T23:16:33.529+0000] {logging_mixin.py:149} INFO - [2023-06-13T23:16:33.529+0000] {dagbag.py:541} INFO - Filling up the DagBag from /home/airflow/.local/lib/python3.7/site-packages/airflow/example_dags/example_params_ui_tutorial.py
[2023-06-13T23:16:33.588+0000] {processor.py:836} INFO - DAG(s) dict_keys(['example_params_ui_tutorial']) retrieved from /home/airflow/.local/lib/python3.7/site-packages/airflow/example_dags/example_params_ui_tutorial.py
[2023-06-13T23:16:33.684+0000] {logging_mixin.py:149} INFO - [2023-06-13T23:16:33.684+0000] {dag.py:2726} INFO - Sync 1 DAGs
[2023-06-13T23:16:33.748+0000] {logging_mixin.py:149} INFO - [2023-06-13T23:16:33.747+0000] {dag.py:3490} INFO - Setting next_dagrun for example_params_ui_tutorial to None, run_after=None
[2023-06-13T23:16:33.807+0000] {processor.py:179} INFO - Processing /home/airflow/.local/lib/python3.7/site-packages/airflow/example_dags/example_params_ui_tutorial.py took 0.283 seconds
[2023-06-13T23:17:04.072+0000] {processor.py:157} INFO - Started process (PID=10985) to work on /home/airflow/.local/lib/python3.7/site-packages/airflow/example_dags/example_params_ui_tutorial.py
[2023-06-13T23:17:04.074+0000] {processor.py:826} INFO - Processing file /home/airflow/.local/lib/python3.7/site-packages/airflow/example_dags/example_params_ui_tutorial.py for tasks to queue
[2023-06-13T23:17:04.075+0000] {logging_mixin.py:149} INFO - [2023-06-13T23:17:04.074+0000] {dagbag.py:541} INFO - Filling up the DagBag from /home/airflow/.local/lib/python3.7/site-packages/airflow/example_dags/example_params_ui_tutorial.py
[2023-06-13T23:17:04.139+0000] {processor.py:836} INFO - DAG(s) dict_keys(['example_params_ui_tutorial']) retrieved from /home/airflow/.local/lib/python3.7/site-packages/airflow/example_dags/example_params_ui_tutorial.py
[2023-06-13T23:17:04.234+0000] {logging_mixin.py:149} INFO - [2023-06-13T23:17:04.234+0000] {dag.py:2726} INFO - Sync 1 DAGs
[2023-06-13T23:17:04.279+0000] {logging_mixin.py:149} INFO - [2023-06-13T23:17:04.279+0000] {dag.py:3490} INFO - Setting next_dagrun for example_params_ui_tutorial to None, run_after=None
[2023-06-13T23:17:04.332+0000] {processor.py:179} INFO - Processing /home/airflow/.local/lib/python3.7/site-packages/airflow/example_dags/example_params_ui_tutorial.py took 0.265 seconds
[2023-06-13T23:17:34.525+0000] {processor.py:157} INFO - Started process (PID=11225) to work on /home/airflow/.local/lib/python3.7/site-packages/airflow/example_dags/example_params_ui_tutorial.py
[2023-06-13T23:17:34.526+0000] {processor.py:826} INFO - Processing file /home/airflow/.local/lib/python3.7/site-packages/airflow/example_dags/example_params_ui_tutorial.py for tasks to queue
[2023-06-13T23:17:34.528+0000] {logging_mixin.py:149} INFO - [2023-06-13T23:17:34.527+0000] {dagbag.py:541} INFO - Filling up the DagBag from /home/airflow/.local/lib/python3.7/site-packages/airflow/example_dags/example_params_ui_tutorial.py
[2023-06-13T23:17:34.596+0000] {processor.py:836} INFO - DAG(s) dict_keys(['example_params_ui_tutorial']) retrieved from /home/airflow/.local/lib/python3.7/site-packages/airflow/example_dags/example_params_ui_tutorial.py
[2023-06-13T23:17:34.729+0000] {logging_mixin.py:149} INFO - [2023-06-13T23:17:34.728+0000] {dag.py:2726} INFO - Sync 1 DAGs
[2023-06-13T23:17:34.783+0000] {logging_mixin.py:149} INFO - [2023-06-13T23:17:34.782+0000] {dag.py:3490} INFO - Setting next_dagrun for example_params_ui_tutorial to None, run_after=None
[2023-06-13T23:17:34.856+0000] {processor.py:179} INFO - Processing /home/airflow/.local/lib/python3.7/site-packages/airflow/example_dags/example_params_ui_tutorial.py took 0.337 seconds
[2023-06-13T23:18:05.014+0000] {processor.py:157} INFO - Started process (PID=11465) to work on /home/airflow/.local/lib/python3.7/site-packages/airflow/example_dags/example_params_ui_tutorial.py
[2023-06-13T23:18:05.016+0000] {processor.py:826} INFO - Processing file /home/airflow/.local/lib/python3.7/site-packages/airflow/example_dags/example_params_ui_tutorial.py for tasks to queue
[2023-06-13T23:18:05.018+0000] {logging_mixin.py:149} INFO - [2023-06-13T23:18:05.017+0000] {dagbag.py:541} INFO - Filling up the DagBag from /home/airflow/.local/lib/python3.7/site-packages/airflow/example_dags/example_params_ui_tutorial.py
[2023-06-13T23:18:05.086+0000] {processor.py:836} INFO - DAG(s) dict_keys(['example_params_ui_tutorial']) retrieved from /home/airflow/.local/lib/python3.7/site-packages/airflow/example_dags/example_params_ui_tutorial.py
[2023-06-13T23:18:05.209+0000] {logging_mixin.py:149} INFO - [2023-06-13T23:18:05.209+0000] {dag.py:2726} INFO - Sync 1 DAGs
[2023-06-13T23:18:05.265+0000] {logging_mixin.py:149} INFO - [2023-06-13T23:18:05.265+0000] {dag.py:3490} INFO - Setting next_dagrun for example_params_ui_tutorial to None, run_after=None
[2023-06-13T23:18:05.347+0000] {processor.py:179} INFO - Processing /home/airflow/.local/lib/python3.7/site-packages/airflow/example_dags/example_params_ui_tutorial.py took 0.338 seconds
[2023-06-13T23:18:35.579+0000] {processor.py:157} INFO - Started process (PID=11710) to work on /home/airflow/.local/lib/python3.7/site-packages/airflow/example_dags/example_params_ui_tutorial.py
[2023-06-13T23:18:35.582+0000] {processor.py:826} INFO - Processing file /home/airflow/.local/lib/python3.7/site-packages/airflow/example_dags/example_params_ui_tutorial.py for tasks to queue
[2023-06-13T23:18:35.583+0000] {logging_mixin.py:149} INFO - [2023-06-13T23:18:35.583+0000] {dagbag.py:541} INFO - Filling up the DagBag from /home/airflow/.local/lib/python3.7/site-packages/airflow/example_dags/example_params_ui_tutorial.py
[2023-06-13T23:18:35.660+0000] {processor.py:836} INFO - DAG(s) dict_keys(['example_params_ui_tutorial']) retrieved from /home/airflow/.local/lib/python3.7/site-packages/airflow/example_dags/example_params_ui_tutorial.py
[2023-06-13T23:18:35.800+0000] {logging_mixin.py:149} INFO - [2023-06-13T23:18:35.799+0000] {dag.py:2726} INFO - Sync 1 DAGs
[2023-06-13T23:18:35.851+0000] {logging_mixin.py:149} INFO - [2023-06-13T23:18:35.851+0000] {dag.py:3490} INFO - Setting next_dagrun for example_params_ui_tutorial to None, run_after=None
[2023-06-13T23:18:35.917+0000] {processor.py:179} INFO - Processing /home/airflow/.local/lib/python3.7/site-packages/airflow/example_dags/example_params_ui_tutorial.py took 0.344 seconds
[2023-06-13T23:19:06.155+0000] {processor.py:157} INFO - Started process (PID=11955) to work on /home/airflow/.local/lib/python3.7/site-packages/airflow/example_dags/example_params_ui_tutorial.py
[2023-06-13T23:19:06.159+0000] {processor.py:826} INFO - Processing file /home/airflow/.local/lib/python3.7/site-packages/airflow/example_dags/example_params_ui_tutorial.py for tasks to queue
[2023-06-13T23:19:06.161+0000] {logging_mixin.py:149} INFO - [2023-06-13T23:19:06.161+0000] {dagbag.py:541} INFO - Filling up the DagBag from /home/airflow/.local/lib/python3.7/site-packages/airflow/example_dags/example_params_ui_tutorial.py
[2023-06-13T23:19:06.230+0000] {processor.py:836} INFO - DAG(s) dict_keys(['example_params_ui_tutorial']) retrieved from /home/airflow/.local/lib/python3.7/site-packages/airflow/example_dags/example_params_ui_tutorial.py
[2023-06-13T23:19:06.343+0000] {logging_mixin.py:149} INFO - [2023-06-13T23:19:06.342+0000] {dag.py:2726} INFO - Sync 1 DAGs
[2023-06-13T23:19:06.396+0000] {logging_mixin.py:149} INFO - [2023-06-13T23:19:06.396+0000] {dag.py:3490} INFO - Setting next_dagrun for example_params_ui_tutorial to None, run_after=None
[2023-06-13T23:19:06.459+0000] {processor.py:179} INFO - Processing /home/airflow/.local/lib/python3.7/site-packages/airflow/example_dags/example_params_ui_tutorial.py took 0.311 seconds
[2023-06-13T23:19:36.785+0000] {processor.py:157} INFO - Started process (PID=12195) to work on /home/airflow/.local/lib/python3.7/site-packages/airflow/example_dags/example_params_ui_tutorial.py
[2023-06-13T23:19:36.788+0000] {processor.py:826} INFO - Processing file /home/airflow/.local/lib/python3.7/site-packages/airflow/example_dags/example_params_ui_tutorial.py for tasks to queue
[2023-06-13T23:19:36.789+0000] {logging_mixin.py:149} INFO - [2023-06-13T23:19:36.789+0000] {dagbag.py:541} INFO - Filling up the DagBag from /home/airflow/.local/lib/python3.7/site-packages/airflow/example_dags/example_params_ui_tutorial.py
[2023-06-13T23:19:36.865+0000] {processor.py:836} INFO - DAG(s) dict_keys(['example_params_ui_tutorial']) retrieved from /home/airflow/.local/lib/python3.7/site-packages/airflow/example_dags/example_params_ui_tutorial.py
[2023-06-13T23:19:36.995+0000] {logging_mixin.py:149} INFO - [2023-06-13T23:19:36.994+0000] {dag.py:2726} INFO - Sync 1 DAGs
[2023-06-13T23:19:37.069+0000] {logging_mixin.py:149} INFO - [2023-06-13T23:19:37.069+0000] {dag.py:3490} INFO - Setting next_dagrun for example_params_ui_tutorial to None, run_after=None
[2023-06-13T23:19:37.146+0000] {processor.py:179} INFO - Processing /home/airflow/.local/lib/python3.7/site-packages/airflow/example_dags/example_params_ui_tutorial.py took 0.368 seconds
[2023-06-13T23:20:07.486+0000] {processor.py:157} INFO - Started process (PID=12435) to work on /home/airflow/.local/lib/python3.7/site-packages/airflow/example_dags/example_params_ui_tutorial.py
[2023-06-13T23:20:07.489+0000] {processor.py:826} INFO - Processing file /home/airflow/.local/lib/python3.7/site-packages/airflow/example_dags/example_params_ui_tutorial.py for tasks to queue
[2023-06-13T23:20:07.492+0000] {logging_mixin.py:149} INFO - [2023-06-13T23:20:07.491+0000] {dagbag.py:541} INFO - Filling up the DagBag from /home/airflow/.local/lib/python3.7/site-packages/airflow/example_dags/example_params_ui_tutorial.py
[2023-06-13T23:20:07.610+0000] {processor.py:836} INFO - DAG(s) dict_keys(['example_params_ui_tutorial']) retrieved from /home/airflow/.local/lib/python3.7/site-packages/airflow/example_dags/example_params_ui_tutorial.py
[2023-06-13T23:20:07.761+0000] {logging_mixin.py:149} INFO - [2023-06-13T23:20:07.760+0000] {dag.py:2726} INFO - Sync 1 DAGs
[2023-06-13T23:20:07.828+0000] {logging_mixin.py:149} INFO - [2023-06-13T23:20:07.828+0000] {dag.py:3490} INFO - Setting next_dagrun for example_params_ui_tutorial to None, run_after=None
[2023-06-13T23:20:07.892+0000] {processor.py:179} INFO - Processing /home/airflow/.local/lib/python3.7/site-packages/airflow/example_dags/example_params_ui_tutorial.py took 0.419 seconds
[2023-06-13T23:20:37.977+0000] {processor.py:157} INFO - Started process (PID=12660) to work on /home/airflow/.local/lib/python3.7/site-packages/airflow/example_dags/example_params_ui_tutorial.py
[2023-06-13T23:20:37.981+0000] {processor.py:826} INFO - Processing file /home/airflow/.local/lib/python3.7/site-packages/airflow/example_dags/example_params_ui_tutorial.py for tasks to queue
[2023-06-13T23:20:37.983+0000] {logging_mixin.py:149} INFO - [2023-06-13T23:20:37.982+0000] {dagbag.py:541} INFO - Filling up the DagBag from /home/airflow/.local/lib/python3.7/site-packages/airflow/example_dags/example_params_ui_tutorial.py
[2023-06-13T23:20:38.073+0000] {processor.py:836} INFO - DAG(s) dict_keys(['example_params_ui_tutorial']) retrieved from /home/airflow/.local/lib/python3.7/site-packages/airflow/example_dags/example_params_ui_tutorial.py
[2023-06-13T23:20:38.240+0000] {logging_mixin.py:149} INFO - [2023-06-13T23:20:38.239+0000] {dag.py:2726} INFO - Sync 1 DAGs
[2023-06-13T23:20:38.312+0000] {logging_mixin.py:149} INFO - [2023-06-13T23:20:38.311+0000] {dag.py:3490} INFO - Setting next_dagrun for example_params_ui_tutorial to None, run_after=None
[2023-06-13T23:20:38.374+0000] {processor.py:179} INFO - Processing /home/airflow/.local/lib/python3.7/site-packages/airflow/example_dags/example_params_ui_tutorial.py took 0.406 seconds
[2023-06-13T23:21:08.490+0000] {processor.py:157} INFO - Started process (PID=12902) to work on /home/airflow/.local/lib/python3.7/site-packages/airflow/example_dags/example_params_ui_tutorial.py
[2023-06-13T23:21:08.492+0000] {processor.py:826} INFO - Processing file /home/airflow/.local/lib/python3.7/site-packages/airflow/example_dags/example_params_ui_tutorial.py for tasks to queue
[2023-06-13T23:21:08.495+0000] {logging_mixin.py:149} INFO - [2023-06-13T23:21:08.494+0000] {dagbag.py:541} INFO - Filling up the DagBag from /home/airflow/.local/lib/python3.7/site-packages/airflow/example_dags/example_params_ui_tutorial.py
[2023-06-13T23:21:08.610+0000] {processor.py:836} INFO - DAG(s) dict_keys(['example_params_ui_tutorial']) retrieved from /home/airflow/.local/lib/python3.7/site-packages/airflow/example_dags/example_params_ui_tutorial.py
[2023-06-13T23:21:08.821+0000] {logging_mixin.py:149} INFO - [2023-06-13T23:21:08.820+0000] {dag.py:2726} INFO - Sync 1 DAGs
[2023-06-13T23:21:08.906+0000] {logging_mixin.py:149} INFO - [2023-06-13T23:21:08.905+0000] {dag.py:3490} INFO - Setting next_dagrun for example_params_ui_tutorial to None, run_after=None
[2023-06-13T23:21:08.995+0000] {processor.py:179} INFO - Processing /home/airflow/.local/lib/python3.7/site-packages/airflow/example_dags/example_params_ui_tutorial.py took 0.516 seconds
[2023-06-13T23:21:39.115+0000] {processor.py:157} INFO - Started process (PID=13138) to work on /home/airflow/.local/lib/python3.7/site-packages/airflow/example_dags/example_params_ui_tutorial.py
[2023-06-13T23:21:39.119+0000] {processor.py:826} INFO - Processing file /home/airflow/.local/lib/python3.7/site-packages/airflow/example_dags/example_params_ui_tutorial.py for tasks to queue
[2023-06-13T23:21:39.121+0000] {logging_mixin.py:149} INFO - [2023-06-13T23:21:39.121+0000] {dagbag.py:541} INFO - Filling up the DagBag from /home/airflow/.local/lib/python3.7/site-packages/airflow/example_dags/example_params_ui_tutorial.py
[2023-06-13T23:21:39.204+0000] {processor.py:836} INFO - DAG(s) dict_keys(['example_params_ui_tutorial']) retrieved from /home/airflow/.local/lib/python3.7/site-packages/airflow/example_dags/example_params_ui_tutorial.py
[2023-06-13T23:21:39.342+0000] {logging_mixin.py:149} INFO - [2023-06-13T23:21:39.342+0000] {dag.py:2726} INFO - Sync 1 DAGs
[2023-06-13T23:21:39.401+0000] {logging_mixin.py:149} INFO - [2023-06-13T23:21:39.401+0000] {dag.py:3490} INFO - Setting next_dagrun for example_params_ui_tutorial to None, run_after=None
[2023-06-13T23:21:39.473+0000] {processor.py:179} INFO - Processing /home/airflow/.local/lib/python3.7/site-packages/airflow/example_dags/example_params_ui_tutorial.py took 0.365 seconds
[2023-06-13T23:22:09.684+0000] {processor.py:157} INFO - Started process (PID=13381) to work on /home/airflow/.local/lib/python3.7/site-packages/airflow/example_dags/example_params_ui_tutorial.py
[2023-06-13T23:22:09.686+0000] {processor.py:826} INFO - Processing file /home/airflow/.local/lib/python3.7/site-packages/airflow/example_dags/example_params_ui_tutorial.py for tasks to queue
[2023-06-13T23:22:09.688+0000] {logging_mixin.py:149} INFO - [2023-06-13T23:22:09.688+0000] {dagbag.py:541} INFO - Filling up the DagBag from /home/airflow/.local/lib/python3.7/site-packages/airflow/example_dags/example_params_ui_tutorial.py
[2023-06-13T23:22:09.761+0000] {processor.py:836} INFO - DAG(s) dict_keys(['example_params_ui_tutorial']) retrieved from /home/airflow/.local/lib/python3.7/site-packages/airflow/example_dags/example_params_ui_tutorial.py
[2023-06-13T23:22:09.898+0000] {logging_mixin.py:149} INFO - [2023-06-13T23:22:09.897+0000] {dag.py:2726} INFO - Sync 1 DAGs
[2023-06-13T23:22:09.953+0000] {logging_mixin.py:149} INFO - [2023-06-13T23:22:09.953+0000] {dag.py:3490} INFO - Setting next_dagrun for example_params_ui_tutorial to None, run_after=None
[2023-06-13T23:22:09.999+0000] {processor.py:179} INFO - Processing /home/airflow/.local/lib/python3.7/site-packages/airflow/example_dags/example_params_ui_tutorial.py took 0.321 seconds
[2023-06-13T23:22:40.209+0000] {processor.py:157} INFO - Started process (PID=13623) to work on /home/airflow/.local/lib/python3.7/site-packages/airflow/example_dags/example_params_ui_tutorial.py
[2023-06-13T23:22:40.210+0000] {processor.py:826} INFO - Processing file /home/airflow/.local/lib/python3.7/site-packages/airflow/example_dags/example_params_ui_tutorial.py for tasks to queue
[2023-06-13T23:22:40.212+0000] {logging_mixin.py:149} INFO - [2023-06-13T23:22:40.211+0000] {dagbag.py:541} INFO - Filling up the DagBag from /home/airflow/.local/lib/python3.7/site-packages/airflow/example_dags/example_params_ui_tutorial.py
[2023-06-13T23:22:40.275+0000] {processor.py:836} INFO - DAG(s) dict_keys(['example_params_ui_tutorial']) retrieved from /home/airflow/.local/lib/python3.7/site-packages/airflow/example_dags/example_params_ui_tutorial.py
[2023-06-13T23:22:40.371+0000] {logging_mixin.py:149} INFO - [2023-06-13T23:22:40.371+0000] {dag.py:2726} INFO - Sync 1 DAGs
[2023-06-13T23:22:40.418+0000] {logging_mixin.py:149} INFO - [2023-06-13T23:22:40.417+0000] {dag.py:3490} INFO - Setting next_dagrun for example_params_ui_tutorial to None, run_after=None
[2023-06-13T23:22:40.465+0000] {processor.py:179} INFO - Processing /home/airflow/.local/lib/python3.7/site-packages/airflow/example_dags/example_params_ui_tutorial.py took 0.260 seconds
[2023-06-13T23:23:10.579+0000] {processor.py:157} INFO - Started process (PID=13858) to work on /home/airflow/.local/lib/python3.7/site-packages/airflow/example_dags/example_params_ui_tutorial.py
[2023-06-13T23:23:10.581+0000] {processor.py:826} INFO - Processing file /home/airflow/.local/lib/python3.7/site-packages/airflow/example_dags/example_params_ui_tutorial.py for tasks to queue
[2023-06-13T23:23:10.582+0000] {logging_mixin.py:149} INFO - [2023-06-13T23:23:10.582+0000] {dagbag.py:541} INFO - Filling up the DagBag from /home/airflow/.local/lib/python3.7/site-packages/airflow/example_dags/example_params_ui_tutorial.py
[2023-06-13T23:23:10.641+0000] {processor.py:836} INFO - DAG(s) dict_keys(['example_params_ui_tutorial']) retrieved from /home/airflow/.local/lib/python3.7/site-packages/airflow/example_dags/example_params_ui_tutorial.py
[2023-06-13T23:23:10.754+0000] {logging_mixin.py:149} INFO - [2023-06-13T23:23:10.753+0000] {dag.py:2726} INFO - Sync 1 DAGs
[2023-06-13T23:23:10.806+0000] {logging_mixin.py:149} INFO - [2023-06-13T23:23:10.806+0000] {dag.py:3490} INFO - Setting next_dagrun for example_params_ui_tutorial to None, run_after=None
[2023-06-13T23:23:10.850+0000] {processor.py:179} INFO - Processing /home/airflow/.local/lib/python3.7/site-packages/airflow/example_dags/example_params_ui_tutorial.py took 0.277 seconds
[2023-06-13T23:23:41.054+0000] {processor.py:157} INFO - Started process (PID=14103) to work on /home/airflow/.local/lib/python3.7/site-packages/airflow/example_dags/example_params_ui_tutorial.py
[2023-06-13T23:23:41.056+0000] {processor.py:826} INFO - Processing file /home/airflow/.local/lib/python3.7/site-packages/airflow/example_dags/example_params_ui_tutorial.py for tasks to queue
[2023-06-13T23:23:41.058+0000] {logging_mixin.py:149} INFO - [2023-06-13T23:23:41.057+0000] {dagbag.py:541} INFO - Filling up the DagBag from /home/airflow/.local/lib/python3.7/site-packages/airflow/example_dags/example_params_ui_tutorial.py
[2023-06-13T23:23:41.126+0000] {processor.py:836} INFO - DAG(s) dict_keys(['example_params_ui_tutorial']) retrieved from /home/airflow/.local/lib/python3.7/site-packages/airflow/example_dags/example_params_ui_tutorial.py
[2023-06-13T23:23:41.218+0000] {logging_mixin.py:149} INFO - [2023-06-13T23:23:41.218+0000] {dag.py:2726} INFO - Sync 1 DAGs
[2023-06-13T23:23:41.262+0000] {logging_mixin.py:149} INFO - [2023-06-13T23:23:41.262+0000] {dag.py:3490} INFO - Setting next_dagrun for example_params_ui_tutorial to None, run_after=None
[2023-06-13T23:23:41.313+0000] {processor.py:179} INFO - Processing /home/airflow/.local/lib/python3.7/site-packages/airflow/example_dags/example_params_ui_tutorial.py took 0.265 seconds
[2023-06-13T23:24:11.663+0000] {processor.py:157} INFO - Started process (PID=14338) to work on /home/airflow/.local/lib/python3.7/site-packages/airflow/example_dags/example_params_ui_tutorial.py
[2023-06-13T23:24:11.666+0000] {processor.py:826} INFO - Processing file /home/airflow/.local/lib/python3.7/site-packages/airflow/example_dags/example_params_ui_tutorial.py for tasks to queue
[2023-06-13T23:24:11.668+0000] {logging_mixin.py:149} INFO - [2023-06-13T23:24:11.667+0000] {dagbag.py:541} INFO - Filling up the DagBag from /home/airflow/.local/lib/python3.7/site-packages/airflow/example_dags/example_params_ui_tutorial.py
[2023-06-13T23:24:11.731+0000] {processor.py:836} INFO - DAG(s) dict_keys(['example_params_ui_tutorial']) retrieved from /home/airflow/.local/lib/python3.7/site-packages/airflow/example_dags/example_params_ui_tutorial.py
[2023-06-13T23:24:11.852+0000] {logging_mixin.py:149} INFO - [2023-06-13T23:24:11.852+0000] {dag.py:2726} INFO - Sync 1 DAGs
[2023-06-13T23:24:11.902+0000] {logging_mixin.py:149} INFO - [2023-06-13T23:24:11.902+0000] {dag.py:3490} INFO - Setting next_dagrun for example_params_ui_tutorial to None, run_after=None
[2023-06-13T23:24:11.950+0000] {processor.py:179} INFO - Processing /home/airflow/.local/lib/python3.7/site-packages/airflow/example_dags/example_params_ui_tutorial.py took 0.291 seconds
[2023-06-13T23:24:42.206+0000] {processor.py:157} INFO - Started process (PID=14578) to work on /home/airflow/.local/lib/python3.7/site-packages/airflow/example_dags/example_params_ui_tutorial.py
[2023-06-13T23:24:42.208+0000] {processor.py:826} INFO - Processing file /home/airflow/.local/lib/python3.7/site-packages/airflow/example_dags/example_params_ui_tutorial.py for tasks to queue
[2023-06-13T23:24:42.210+0000] {logging_mixin.py:149} INFO - [2023-06-13T23:24:42.209+0000] {dagbag.py:541} INFO - Filling up the DagBag from /home/airflow/.local/lib/python3.7/site-packages/airflow/example_dags/example_params_ui_tutorial.py
[2023-06-13T23:24:42.271+0000] {processor.py:836} INFO - DAG(s) dict_keys(['example_params_ui_tutorial']) retrieved from /home/airflow/.local/lib/python3.7/site-packages/airflow/example_dags/example_params_ui_tutorial.py
[2023-06-13T23:24:42.393+0000] {logging_mixin.py:149} INFO - [2023-06-13T23:24:42.393+0000] {dag.py:2726} INFO - Sync 1 DAGs
[2023-06-13T23:24:42.447+0000] {logging_mixin.py:149} INFO - [2023-06-13T23:24:42.447+0000] {dag.py:3490} INFO - Setting next_dagrun for example_params_ui_tutorial to None, run_after=None
[2023-06-13T23:24:42.498+0000] {processor.py:179} INFO - Processing /home/airflow/.local/lib/python3.7/site-packages/airflow/example_dags/example_params_ui_tutorial.py took 0.298 seconds
[2023-06-13T23:25:12.721+0000] {processor.py:157} INFO - Started process (PID=14818) to work on /home/airflow/.local/lib/python3.7/site-packages/airflow/example_dags/example_params_ui_tutorial.py
[2023-06-13T23:25:12.724+0000] {processor.py:826} INFO - Processing file /home/airflow/.local/lib/python3.7/site-packages/airflow/example_dags/example_params_ui_tutorial.py for tasks to queue
[2023-06-13T23:25:12.726+0000] {logging_mixin.py:149} INFO - [2023-06-13T23:25:12.725+0000] {dagbag.py:541} INFO - Filling up the DagBag from /home/airflow/.local/lib/python3.7/site-packages/airflow/example_dags/example_params_ui_tutorial.py
[2023-06-13T23:25:12.786+0000] {processor.py:836} INFO - DAG(s) dict_keys(['example_params_ui_tutorial']) retrieved from /home/airflow/.local/lib/python3.7/site-packages/airflow/example_dags/example_params_ui_tutorial.py
[2023-06-13T23:25:12.925+0000] {logging_mixin.py:149} INFO - [2023-06-13T23:25:12.925+0000] {dag.py:2726} INFO - Sync 1 DAGs
[2023-06-13T23:25:12.987+0000] {logging_mixin.py:149} INFO - [2023-06-13T23:25:12.987+0000] {dag.py:3490} INFO - Setting next_dagrun for example_params_ui_tutorial to None, run_after=None
[2023-06-13T23:25:13.048+0000] {processor.py:179} INFO - Processing /home/airflow/.local/lib/python3.7/site-packages/airflow/example_dags/example_params_ui_tutorial.py took 0.334 seconds
[2023-06-13T23:25:43.602+0000] {processor.py:157} INFO - Started process (PID=15057) to work on /home/airflow/.local/lib/python3.7/site-packages/airflow/example_dags/example_params_ui_tutorial.py
[2023-06-13T23:25:43.604+0000] {processor.py:826} INFO - Processing file /home/airflow/.local/lib/python3.7/site-packages/airflow/example_dags/example_params_ui_tutorial.py for tasks to queue
[2023-06-13T23:25:43.605+0000] {logging_mixin.py:149} INFO - [2023-06-13T23:25:43.604+0000] {dagbag.py:541} INFO - Filling up the DagBag from /home/airflow/.local/lib/python3.7/site-packages/airflow/example_dags/example_params_ui_tutorial.py
[2023-06-13T23:25:43.674+0000] {processor.py:836} INFO - DAG(s) dict_keys(['example_params_ui_tutorial']) retrieved from /home/airflow/.local/lib/python3.7/site-packages/airflow/example_dags/example_params_ui_tutorial.py
[2023-06-13T23:25:43.784+0000] {logging_mixin.py:149} INFO - [2023-06-13T23:25:43.784+0000] {dag.py:2726} INFO - Sync 1 DAGs
[2023-06-13T23:25:43.838+0000] {logging_mixin.py:149} INFO - [2023-06-13T23:25:43.838+0000] {dag.py:3490} INFO - Setting next_dagrun for example_params_ui_tutorial to None, run_after=None
[2023-06-13T23:25:43.908+0000] {processor.py:179} INFO - Processing /home/airflow/.local/lib/python3.7/site-packages/airflow/example_dags/example_params_ui_tutorial.py took 0.312 seconds
