[2023-06-13T22:54:05.475+0000] {processor.py:157} INFO - Started process (PID=165) to work on /home/airflow/.local/lib/python3.7/site-packages/airflow/example_dags/example_local_kubernetes_executor.py
[2023-06-13T22:54:05.476+0000] {processor.py:826} INFO - Processing file /home/airflow/.local/lib/python3.7/site-packages/airflow/example_dags/example_local_kubernetes_executor.py for tasks to queue
[2023-06-13T22:54:05.477+0000] {logging_mixin.py:149} INFO - [2023-06-13T22:54:05.477+0000] {dagbag.py:541} INFO - Filling up the DagBag from /home/airflow/.local/lib/python3.7/site-packages/airflow/example_dags/example_local_kubernetes_executor.py
[2023-06-13T22:54:08.382+0000] {processor.py:836} INFO - DAG(s) dict_keys(['example_local_kubernetes_executor']) retrieved from /home/airflow/.local/lib/python3.7/site-packages/airflow/example_dags/example_local_kubernetes_executor.py
[2023-06-13T22:54:08.510+0000] {logging_mixin.py:149} INFO - [2023-06-13T22:54:08.510+0000] {dag.py:2726} INFO - Sync 1 DAGs
[2023-06-13T22:54:08.571+0000] {logging_mixin.py:149} INFO - [2023-06-13T22:54:08.571+0000] {dag.py:3490} INFO - Setting next_dagrun for example_local_kubernetes_executor to None, run_after=None
[2023-06-13T22:54:08.643+0000] {processor.py:179} INFO - Processing /home/airflow/.local/lib/python3.7/site-packages/airflow/example_dags/example_local_kubernetes_executor.py took 3.175 seconds
[2023-06-13T22:54:38.720+0000] {processor.py:157} INFO - Started process (PID=440) to work on /home/airflow/.local/lib/python3.7/site-packages/airflow/example_dags/example_local_kubernetes_executor.py
[2023-06-13T22:54:38.724+0000] {processor.py:826} INFO - Processing file /home/airflow/.local/lib/python3.7/site-packages/airflow/example_dags/example_local_kubernetes_executor.py for tasks to queue
[2023-06-13T22:54:38.729+0000] {logging_mixin.py:149} INFO - [2023-06-13T22:54:38.729+0000] {dagbag.py:541} INFO - Filling up the DagBag from /home/airflow/.local/lib/python3.7/site-packages/airflow/example_dags/example_local_kubernetes_executor.py
[2023-06-13T22:54:39.393+0000] {processor.py:836} INFO - DAG(s) dict_keys(['example_local_kubernetes_executor']) retrieved from /home/airflow/.local/lib/python3.7/site-packages/airflow/example_dags/example_local_kubernetes_executor.py
[2023-06-13T22:54:39.464+0000] {logging_mixin.py:149} INFO - [2023-06-13T22:54:39.463+0000] {dag.py:2726} INFO - Sync 1 DAGs
[2023-06-13T22:54:39.514+0000] {logging_mixin.py:149} INFO - [2023-06-13T22:54:39.513+0000] {dag.py:3490} INFO - Setting next_dagrun for example_local_kubernetes_executor to None, run_after=None
[2023-06-13T22:54:39.580+0000] {processor.py:179} INFO - Processing /home/airflow/.local/lib/python3.7/site-packages/airflow/example_dags/example_local_kubernetes_executor.py took 0.867 seconds
[2023-06-13T22:55:09.814+0000] {processor.py:157} INFO - Started process (PID=683) to work on /home/airflow/.local/lib/python3.7/site-packages/airflow/example_dags/example_local_kubernetes_executor.py
[2023-06-13T22:55:09.820+0000] {processor.py:826} INFO - Processing file /home/airflow/.local/lib/python3.7/site-packages/airflow/example_dags/example_local_kubernetes_executor.py for tasks to queue
[2023-06-13T22:55:09.822+0000] {logging_mixin.py:149} INFO - [2023-06-13T22:55:09.821+0000] {dagbag.py:541} INFO - Filling up the DagBag from /home/airflow/.local/lib/python3.7/site-packages/airflow/example_dags/example_local_kubernetes_executor.py
[2023-06-13T22:55:10.734+0000] {processor.py:836} INFO - DAG(s) dict_keys(['example_local_kubernetes_executor']) retrieved from /home/airflow/.local/lib/python3.7/site-packages/airflow/example_dags/example_local_kubernetes_executor.py
[2023-06-13T22:55:10.844+0000] {logging_mixin.py:149} INFO - [2023-06-13T22:55:10.843+0000] {dag.py:2726} INFO - Sync 1 DAGs
[2023-06-13T22:55:10.903+0000] {logging_mixin.py:149} INFO - [2023-06-13T22:55:10.902+0000] {dag.py:3490} INFO - Setting next_dagrun for example_local_kubernetes_executor to None, run_after=None
[2023-06-13T22:55:10.971+0000] {processor.py:179} INFO - Processing /home/airflow/.local/lib/python3.7/site-packages/airflow/example_dags/example_local_kubernetes_executor.py took 1.165 seconds
[2023-06-13T22:55:41.300+0000] {processor.py:157} INFO - Started process (PID=931) to work on /home/airflow/.local/lib/python3.7/site-packages/airflow/example_dags/example_local_kubernetes_executor.py
[2023-06-13T22:55:41.304+0000] {processor.py:826} INFO - Processing file /home/airflow/.local/lib/python3.7/site-packages/airflow/example_dags/example_local_kubernetes_executor.py for tasks to queue
[2023-06-13T22:55:41.306+0000] {logging_mixin.py:149} INFO - [2023-06-13T22:55:41.306+0000] {dagbag.py:541} INFO - Filling up the DagBag from /home/airflow/.local/lib/python3.7/site-packages/airflow/example_dags/example_local_kubernetes_executor.py
[2023-06-13T22:55:41.744+0000] {processor.py:836} INFO - DAG(s) dict_keys(['example_local_kubernetes_executor']) retrieved from /home/airflow/.local/lib/python3.7/site-packages/airflow/example_dags/example_local_kubernetes_executor.py
[2023-06-13T22:55:41.833+0000] {logging_mixin.py:149} INFO - [2023-06-13T22:55:41.832+0000] {dag.py:2726} INFO - Sync 1 DAGs
[2023-06-13T22:55:41.902+0000] {logging_mixin.py:149} INFO - [2023-06-13T22:55:41.901+0000] {dag.py:3490} INFO - Setting next_dagrun for example_local_kubernetes_executor to None, run_after=None
[2023-06-13T22:55:41.974+0000] {processor.py:179} INFO - Processing /home/airflow/.local/lib/python3.7/site-packages/airflow/example_dags/example_local_kubernetes_executor.py took 0.681 seconds
[2023-06-13T22:56:12.051+0000] {processor.py:157} INFO - Started process (PID=1171) to work on /home/airflow/.local/lib/python3.7/site-packages/airflow/example_dags/example_local_kubernetes_executor.py
[2023-06-13T22:56:12.055+0000] {processor.py:826} INFO - Processing file /home/airflow/.local/lib/python3.7/site-packages/airflow/example_dags/example_local_kubernetes_executor.py for tasks to queue
[2023-06-13T22:56:12.058+0000] {logging_mixin.py:149} INFO - [2023-06-13T22:56:12.057+0000] {dagbag.py:541} INFO - Filling up the DagBag from /home/airflow/.local/lib/python3.7/site-packages/airflow/example_dags/example_local_kubernetes_executor.py
[2023-06-13T22:56:12.760+0000] {processor.py:836} INFO - DAG(s) dict_keys(['example_local_kubernetes_executor']) retrieved from /home/airflow/.local/lib/python3.7/site-packages/airflow/example_dags/example_local_kubernetes_executor.py
[2023-06-13T22:56:12.857+0000] {logging_mixin.py:149} INFO - [2023-06-13T22:56:12.856+0000] {dag.py:2726} INFO - Sync 1 DAGs
[2023-06-13T22:56:12.929+0000] {logging_mixin.py:149} INFO - [2023-06-13T22:56:12.928+0000] {dag.py:3490} INFO - Setting next_dagrun for example_local_kubernetes_executor to None, run_after=None
[2023-06-13T22:56:12.998+0000] {processor.py:179} INFO - Processing /home/airflow/.local/lib/python3.7/site-packages/airflow/example_dags/example_local_kubernetes_executor.py took 0.954 seconds
[2023-06-13T22:56:43.308+0000] {processor.py:157} INFO - Started process (PID=1411) to work on /home/airflow/.local/lib/python3.7/site-packages/airflow/example_dags/example_local_kubernetes_executor.py
[2023-06-13T22:56:43.310+0000] {processor.py:826} INFO - Processing file /home/airflow/.local/lib/python3.7/site-packages/airflow/example_dags/example_local_kubernetes_executor.py for tasks to queue
[2023-06-13T22:56:43.311+0000] {logging_mixin.py:149} INFO - [2023-06-13T22:56:43.310+0000] {dagbag.py:541} INFO - Filling up the DagBag from /home/airflow/.local/lib/python3.7/site-packages/airflow/example_dags/example_local_kubernetes_executor.py
[2023-06-13T22:56:43.654+0000] {processor.py:836} INFO - DAG(s) dict_keys(['example_local_kubernetes_executor']) retrieved from /home/airflow/.local/lib/python3.7/site-packages/airflow/example_dags/example_local_kubernetes_executor.py
[2023-06-13T22:56:43.761+0000] {logging_mixin.py:149} INFO - [2023-06-13T22:56:43.761+0000] {dag.py:2726} INFO - Sync 1 DAGs
[2023-06-13T22:56:43.819+0000] {logging_mixin.py:149} INFO - [2023-06-13T22:56:43.819+0000] {dag.py:3490} INFO - Setting next_dagrun for example_local_kubernetes_executor to None, run_after=None
[2023-06-13T22:56:43.874+0000] {processor.py:179} INFO - Processing /home/airflow/.local/lib/python3.7/site-packages/airflow/example_dags/example_local_kubernetes_executor.py took 0.569 seconds
[2023-06-13T22:57:13.942+0000] {processor.py:157} INFO - Started process (PID=1650) to work on /home/airflow/.local/lib/python3.7/site-packages/airflow/example_dags/example_local_kubernetes_executor.py
[2023-06-13T22:57:13.944+0000] {processor.py:826} INFO - Processing file /home/airflow/.local/lib/python3.7/site-packages/airflow/example_dags/example_local_kubernetes_executor.py for tasks to queue
[2023-06-13T22:57:13.945+0000] {logging_mixin.py:149} INFO - [2023-06-13T22:57:13.945+0000] {dagbag.py:541} INFO - Filling up the DagBag from /home/airflow/.local/lib/python3.7/site-packages/airflow/example_dags/example_local_kubernetes_executor.py
[2023-06-13T22:57:14.385+0000] {processor.py:836} INFO - DAG(s) dict_keys(['example_local_kubernetes_executor']) retrieved from /home/airflow/.local/lib/python3.7/site-packages/airflow/example_dags/example_local_kubernetes_executor.py
[2023-06-13T22:57:14.433+0000] {logging_mixin.py:149} INFO - [2023-06-13T22:57:14.433+0000] {dag.py:2726} INFO - Sync 1 DAGs
[2023-06-13T22:57:14.468+0000] {logging_mixin.py:149} INFO - [2023-06-13T22:57:14.468+0000] {dag.py:3490} INFO - Setting next_dagrun for example_local_kubernetes_executor to None, run_after=None
[2023-06-13T22:57:14.500+0000] {processor.py:179} INFO - Processing /home/airflow/.local/lib/python3.7/site-packages/airflow/example_dags/example_local_kubernetes_executor.py took 0.563 seconds
[2023-06-13T22:57:44.781+0000] {processor.py:157} INFO - Started process (PID=1890) to work on /home/airflow/.local/lib/python3.7/site-packages/airflow/example_dags/example_local_kubernetes_executor.py
[2023-06-13T22:57:44.784+0000] {processor.py:826} INFO - Processing file /home/airflow/.local/lib/python3.7/site-packages/airflow/example_dags/example_local_kubernetes_executor.py for tasks to queue
[2023-06-13T22:57:44.786+0000] {logging_mixin.py:149} INFO - [2023-06-13T22:57:44.785+0000] {dagbag.py:541} INFO - Filling up the DagBag from /home/airflow/.local/lib/python3.7/site-packages/airflow/example_dags/example_local_kubernetes_executor.py
[2023-06-13T22:57:45.279+0000] {processor.py:836} INFO - DAG(s) dict_keys(['example_local_kubernetes_executor']) retrieved from /home/airflow/.local/lib/python3.7/site-packages/airflow/example_dags/example_local_kubernetes_executor.py
[2023-06-13T22:57:45.366+0000] {logging_mixin.py:149} INFO - [2023-06-13T22:57:45.365+0000] {dag.py:2726} INFO - Sync 1 DAGs
[2023-06-13T22:57:45.428+0000] {logging_mixin.py:149} INFO - [2023-06-13T22:57:45.428+0000] {dag.py:3490} INFO - Setting next_dagrun for example_local_kubernetes_executor to None, run_after=None
[2023-06-13T22:57:45.495+0000] {processor.py:179} INFO - Processing /home/airflow/.local/lib/python3.7/site-packages/airflow/example_dags/example_local_kubernetes_executor.py took 0.721 seconds
[2023-06-13T22:58:15.693+0000] {processor.py:157} INFO - Started process (PID=2130) to work on /home/airflow/.local/lib/python3.7/site-packages/airflow/example_dags/example_local_kubernetes_executor.py
[2023-06-13T22:58:15.696+0000] {processor.py:826} INFO - Processing file /home/airflow/.local/lib/python3.7/site-packages/airflow/example_dags/example_local_kubernetes_executor.py for tasks to queue
[2023-06-13T22:58:15.698+0000] {logging_mixin.py:149} INFO - [2023-06-13T22:58:15.697+0000] {dagbag.py:541} INFO - Filling up the DagBag from /home/airflow/.local/lib/python3.7/site-packages/airflow/example_dags/example_local_kubernetes_executor.py
[2023-06-13T22:58:16.145+0000] {processor.py:836} INFO - DAG(s) dict_keys(['example_local_kubernetes_executor']) retrieved from /home/airflow/.local/lib/python3.7/site-packages/airflow/example_dags/example_local_kubernetes_executor.py
[2023-06-13T22:58:16.217+0000] {logging_mixin.py:149} INFO - [2023-06-13T22:58:16.217+0000] {dag.py:2726} INFO - Sync 1 DAGs
[2023-06-13T22:58:16.268+0000] {logging_mixin.py:149} INFO - [2023-06-13T22:58:16.267+0000] {dag.py:3490} INFO - Setting next_dagrun for example_local_kubernetes_executor to None, run_after=None
[2023-06-13T22:58:16.337+0000] {processor.py:179} INFO - Processing /home/airflow/.local/lib/python3.7/site-packages/airflow/example_dags/example_local_kubernetes_executor.py took 0.648 seconds
[2023-06-13T22:58:46.426+0000] {processor.py:157} INFO - Started process (PID=2373) to work on /home/airflow/.local/lib/python3.7/site-packages/airflow/example_dags/example_local_kubernetes_executor.py
[2023-06-13T22:58:46.429+0000] {processor.py:826} INFO - Processing file /home/airflow/.local/lib/python3.7/site-packages/airflow/example_dags/example_local_kubernetes_executor.py for tasks to queue
[2023-06-13T22:58:46.431+0000] {logging_mixin.py:149} INFO - [2023-06-13T22:58:46.431+0000] {dagbag.py:541} INFO - Filling up the DagBag from /home/airflow/.local/lib/python3.7/site-packages/airflow/example_dags/example_local_kubernetes_executor.py
[2023-06-13T22:58:46.926+0000] {processor.py:836} INFO - DAG(s) dict_keys(['example_local_kubernetes_executor']) retrieved from /home/airflow/.local/lib/python3.7/site-packages/airflow/example_dags/example_local_kubernetes_executor.py
[2023-06-13T22:58:47.016+0000] {logging_mixin.py:149} INFO - [2023-06-13T22:58:47.016+0000] {dag.py:2726} INFO - Sync 1 DAGs
[2023-06-13T22:58:47.063+0000] {logging_mixin.py:149} INFO - [2023-06-13T22:58:47.063+0000] {dag.py:3490} INFO - Setting next_dagrun for example_local_kubernetes_executor to None, run_after=None
[2023-06-13T22:58:47.113+0000] {processor.py:179} INFO - Processing /home/airflow/.local/lib/python3.7/site-packages/airflow/example_dags/example_local_kubernetes_executor.py took 0.694 seconds
[2023-06-13T22:59:17.235+0000] {processor.py:157} INFO - Started process (PID=2618) to work on /home/airflow/.local/lib/python3.7/site-packages/airflow/example_dags/example_local_kubernetes_executor.py
[2023-06-13T22:59:17.240+0000] {processor.py:826} INFO - Processing file /home/airflow/.local/lib/python3.7/site-packages/airflow/example_dags/example_local_kubernetes_executor.py for tasks to queue
[2023-06-13T22:59:17.242+0000] {logging_mixin.py:149} INFO - [2023-06-13T22:59:17.241+0000] {dagbag.py:541} INFO - Filling up the DagBag from /home/airflow/.local/lib/python3.7/site-packages/airflow/example_dags/example_local_kubernetes_executor.py
[2023-06-13T22:59:17.777+0000] {processor.py:836} INFO - DAG(s) dict_keys(['example_local_kubernetes_executor']) retrieved from /home/airflow/.local/lib/python3.7/site-packages/airflow/example_dags/example_local_kubernetes_executor.py
[2023-06-13T22:59:17.853+0000] {logging_mixin.py:149} INFO - [2023-06-13T22:59:17.852+0000] {dag.py:2726} INFO - Sync 1 DAGs
[2023-06-13T22:59:17.912+0000] {logging_mixin.py:149} INFO - [2023-06-13T22:59:17.911+0000] {dag.py:3490} INFO - Setting next_dagrun for example_local_kubernetes_executor to None, run_after=None
[2023-06-13T22:59:17.967+0000] {processor.py:179} INFO - Processing /home/airflow/.local/lib/python3.7/site-packages/airflow/example_dags/example_local_kubernetes_executor.py took 0.739 seconds
[2023-06-13T22:59:48.327+0000] {processor.py:157} INFO - Started process (PID=2870) to work on /home/airflow/.local/lib/python3.7/site-packages/airflow/example_dags/example_local_kubernetes_executor.py
[2023-06-13T22:59:48.330+0000] {processor.py:826} INFO - Processing file /home/airflow/.local/lib/python3.7/site-packages/airflow/example_dags/example_local_kubernetes_executor.py for tasks to queue
[2023-06-13T22:59:48.331+0000] {logging_mixin.py:149} INFO - [2023-06-13T22:59:48.331+0000] {dagbag.py:541} INFO - Filling up the DagBag from /home/airflow/.local/lib/python3.7/site-packages/airflow/example_dags/example_local_kubernetes_executor.py
[2023-06-13T22:59:48.837+0000] {processor.py:836} INFO - DAG(s) dict_keys(['example_local_kubernetes_executor']) retrieved from /home/airflow/.local/lib/python3.7/site-packages/airflow/example_dags/example_local_kubernetes_executor.py
[2023-06-13T22:59:48.913+0000] {logging_mixin.py:149} INFO - [2023-06-13T22:59:48.912+0000] {dag.py:2726} INFO - Sync 1 DAGs
[2023-06-13T22:59:48.969+0000] {logging_mixin.py:149} INFO - [2023-06-13T22:59:48.969+0000] {dag.py:3490} INFO - Setting next_dagrun for example_local_kubernetes_executor to None, run_after=None
[2023-06-13T22:59:49.023+0000] {processor.py:179} INFO - Processing /home/airflow/.local/lib/python3.7/site-packages/airflow/example_dags/example_local_kubernetes_executor.py took 0.703 seconds
[2023-06-13T23:00:19.205+0000] {processor.py:157} INFO - Started process (PID=3120) to work on /home/airflow/.local/lib/python3.7/site-packages/airflow/example_dags/example_local_kubernetes_executor.py
[2023-06-13T23:00:19.207+0000] {processor.py:826} INFO - Processing file /home/airflow/.local/lib/python3.7/site-packages/airflow/example_dags/example_local_kubernetes_executor.py for tasks to queue
[2023-06-13T23:00:19.209+0000] {logging_mixin.py:149} INFO - [2023-06-13T23:00:19.208+0000] {dagbag.py:541} INFO - Filling up the DagBag from /home/airflow/.local/lib/python3.7/site-packages/airflow/example_dags/example_local_kubernetes_executor.py
[2023-06-13T23:00:19.667+0000] {processor.py:836} INFO - DAG(s) dict_keys(['example_local_kubernetes_executor']) retrieved from /home/airflow/.local/lib/python3.7/site-packages/airflow/example_dags/example_local_kubernetes_executor.py
[2023-06-13T23:00:19.741+0000] {logging_mixin.py:149} INFO - [2023-06-13T23:00:19.741+0000] {dag.py:2726} INFO - Sync 1 DAGs
[2023-06-13T23:00:19.797+0000] {logging_mixin.py:149} INFO - [2023-06-13T23:00:19.797+0000] {dag.py:3490} INFO - Setting next_dagrun for example_local_kubernetes_executor to None, run_after=None
[2023-06-13T23:00:19.853+0000] {processor.py:179} INFO - Processing /home/airflow/.local/lib/python3.7/site-packages/airflow/example_dags/example_local_kubernetes_executor.py took 0.655 seconds
[2023-06-13T23:00:49.936+0000] {processor.py:157} INFO - Started process (PID=3368) to work on /home/airflow/.local/lib/python3.7/site-packages/airflow/example_dags/example_local_kubernetes_executor.py
[2023-06-13T23:00:49.938+0000] {processor.py:826} INFO - Processing file /home/airflow/.local/lib/python3.7/site-packages/airflow/example_dags/example_local_kubernetes_executor.py for tasks to queue
[2023-06-13T23:00:49.939+0000] {logging_mixin.py:149} INFO - [2023-06-13T23:00:49.939+0000] {dagbag.py:541} INFO - Filling up the DagBag from /home/airflow/.local/lib/python3.7/site-packages/airflow/example_dags/example_local_kubernetes_executor.py
[2023-06-13T23:00:50.287+0000] {processor.py:836} INFO - DAG(s) dict_keys(['example_local_kubernetes_executor']) retrieved from /home/airflow/.local/lib/python3.7/site-packages/airflow/example_dags/example_local_kubernetes_executor.py
[2023-06-13T23:00:50.394+0000] {logging_mixin.py:149} INFO - [2023-06-13T23:00:50.394+0000] {dag.py:2726} INFO - Sync 1 DAGs
[2023-06-13T23:00:50.460+0000] {logging_mixin.py:149} INFO - [2023-06-13T23:00:50.460+0000] {dag.py:3490} INFO - Setting next_dagrun for example_local_kubernetes_executor to None, run_after=None
[2023-06-13T23:00:50.528+0000] {processor.py:179} INFO - Processing /home/airflow/.local/lib/python3.7/site-packages/airflow/example_dags/example_local_kubernetes_executor.py took 0.597 seconds
[2023-06-13T23:01:20.709+0000] {processor.py:157} INFO - Started process (PID=3610) to work on /home/airflow/.local/lib/python3.7/site-packages/airflow/example_dags/example_local_kubernetes_executor.py
[2023-06-13T23:01:20.712+0000] {processor.py:826} INFO - Processing file /home/airflow/.local/lib/python3.7/site-packages/airflow/example_dags/example_local_kubernetes_executor.py for tasks to queue
[2023-06-13T23:01:20.714+0000] {logging_mixin.py:149} INFO - [2023-06-13T23:01:20.713+0000] {dagbag.py:541} INFO - Filling up the DagBag from /home/airflow/.local/lib/python3.7/site-packages/airflow/example_dags/example_local_kubernetes_executor.py
[2023-06-13T23:01:21.130+0000] {processor.py:836} INFO - DAG(s) dict_keys(['example_local_kubernetes_executor']) retrieved from /home/airflow/.local/lib/python3.7/site-packages/airflow/example_dags/example_local_kubernetes_executor.py
[2023-06-13T23:01:21.209+0000] {logging_mixin.py:149} INFO - [2023-06-13T23:01:21.208+0000] {dag.py:2726} INFO - Sync 1 DAGs
[2023-06-13T23:01:21.271+0000] {logging_mixin.py:149} INFO - [2023-06-13T23:01:21.270+0000] {dag.py:3490} INFO - Setting next_dagrun for example_local_kubernetes_executor to None, run_after=None
[2023-06-13T23:01:21.327+0000] {processor.py:179} INFO - Processing /home/airflow/.local/lib/python3.7/site-packages/airflow/example_dags/example_local_kubernetes_executor.py took 0.625 seconds
[2023-06-13T23:01:52.131+0000] {processor.py:157} INFO - Started process (PID=3850) to work on /home/airflow/.local/lib/python3.7/site-packages/airflow/example_dags/example_local_kubernetes_executor.py
[2023-06-13T23:01:52.134+0000] {processor.py:826} INFO - Processing file /home/airflow/.local/lib/python3.7/site-packages/airflow/example_dags/example_local_kubernetes_executor.py for tasks to queue
[2023-06-13T23:01:52.135+0000] {logging_mixin.py:149} INFO - [2023-06-13T23:01:52.135+0000] {dagbag.py:541} INFO - Filling up the DagBag from /home/airflow/.local/lib/python3.7/site-packages/airflow/example_dags/example_local_kubernetes_executor.py
[2023-06-13T23:01:52.586+0000] {processor.py:836} INFO - DAG(s) dict_keys(['example_local_kubernetes_executor']) retrieved from /home/airflow/.local/lib/python3.7/site-packages/airflow/example_dags/example_local_kubernetes_executor.py
[2023-06-13T23:01:52.675+0000] {logging_mixin.py:149} INFO - [2023-06-13T23:01:52.675+0000] {dag.py:2726} INFO - Sync 1 DAGs
[2023-06-13T23:01:52.746+0000] {logging_mixin.py:149} INFO - [2023-06-13T23:01:52.746+0000] {dag.py:3490} INFO - Setting next_dagrun for example_local_kubernetes_executor to None, run_after=None
[2023-06-13T23:01:52.819+0000] {processor.py:179} INFO - Processing /home/airflow/.local/lib/python3.7/site-packages/airflow/example_dags/example_local_kubernetes_executor.py took 0.695 seconds
[2023-06-13T23:02:23.278+0000] {processor.py:157} INFO - Started process (PID=4091) to work on /home/airflow/.local/lib/python3.7/site-packages/airflow/example_dags/example_local_kubernetes_executor.py
[2023-06-13T23:02:23.282+0000] {processor.py:826} INFO - Processing file /home/airflow/.local/lib/python3.7/site-packages/airflow/example_dags/example_local_kubernetes_executor.py for tasks to queue
[2023-06-13T23:02:23.284+0000] {logging_mixin.py:149} INFO - [2023-06-13T23:02:23.284+0000] {dagbag.py:541} INFO - Filling up the DagBag from /home/airflow/.local/lib/python3.7/site-packages/airflow/example_dags/example_local_kubernetes_executor.py
[2023-06-13T23:02:23.669+0000] {processor.py:836} INFO - DAG(s) dict_keys(['example_local_kubernetes_executor']) retrieved from /home/airflow/.local/lib/python3.7/site-packages/airflow/example_dags/example_local_kubernetes_executor.py
[2023-06-13T23:02:23.763+0000] {logging_mixin.py:149} INFO - [2023-06-13T23:02:23.762+0000] {dag.py:2726} INFO - Sync 1 DAGs
[2023-06-13T23:02:23.825+0000] {logging_mixin.py:149} INFO - [2023-06-13T23:02:23.825+0000] {dag.py:3490} INFO - Setting next_dagrun for example_local_kubernetes_executor to None, run_after=None
[2023-06-13T23:02:23.877+0000] {processor.py:179} INFO - Processing /home/airflow/.local/lib/python3.7/site-packages/airflow/example_dags/example_local_kubernetes_executor.py took 0.604 seconds
[2023-06-13T23:02:54.493+0000] {processor.py:157} INFO - Started process (PID=4331) to work on /home/airflow/.local/lib/python3.7/site-packages/airflow/example_dags/example_local_kubernetes_executor.py
[2023-06-13T23:02:54.494+0000] {processor.py:826} INFO - Processing file /home/airflow/.local/lib/python3.7/site-packages/airflow/example_dags/example_local_kubernetes_executor.py for tasks to queue
[2023-06-13T23:02:54.496+0000] {logging_mixin.py:149} INFO - [2023-06-13T23:02:54.495+0000] {dagbag.py:541} INFO - Filling up the DagBag from /home/airflow/.local/lib/python3.7/site-packages/airflow/example_dags/example_local_kubernetes_executor.py
[2023-06-13T23:02:54.845+0000] {processor.py:836} INFO - DAG(s) dict_keys(['example_local_kubernetes_executor']) retrieved from /home/airflow/.local/lib/python3.7/site-packages/airflow/example_dags/example_local_kubernetes_executor.py
[2023-06-13T23:02:54.906+0000] {logging_mixin.py:149} INFO - [2023-06-13T23:02:54.906+0000] {dag.py:2726} INFO - Sync 1 DAGs
[2023-06-13T23:02:54.959+0000] {logging_mixin.py:149} INFO - [2023-06-13T23:02:54.959+0000] {dag.py:3490} INFO - Setting next_dagrun for example_local_kubernetes_executor to None, run_after=None
[2023-06-13T23:02:55.001+0000] {processor.py:179} INFO - Processing /home/airflow/.local/lib/python3.7/site-packages/airflow/example_dags/example_local_kubernetes_executor.py took 0.512 seconds
[2023-06-13T23:03:25.053+0000] {processor.py:157} INFO - Started process (PID=4573) to work on /home/airflow/.local/lib/python3.7/site-packages/airflow/example_dags/example_local_kubernetes_executor.py
[2023-06-13T23:03:25.054+0000] {processor.py:826} INFO - Processing file /home/airflow/.local/lib/python3.7/site-packages/airflow/example_dags/example_local_kubernetes_executor.py for tasks to queue
[2023-06-13T23:03:25.056+0000] {logging_mixin.py:149} INFO - [2023-06-13T23:03:25.055+0000] {dagbag.py:541} INFO - Filling up the DagBag from /home/airflow/.local/lib/python3.7/site-packages/airflow/example_dags/example_local_kubernetes_executor.py
[2023-06-13T23:03:25.379+0000] {processor.py:836} INFO - DAG(s) dict_keys(['example_local_kubernetes_executor']) retrieved from /home/airflow/.local/lib/python3.7/site-packages/airflow/example_dags/example_local_kubernetes_executor.py
[2023-06-13T23:03:25.434+0000] {logging_mixin.py:149} INFO - [2023-06-13T23:03:25.434+0000] {dag.py:2726} INFO - Sync 1 DAGs
[2023-06-13T23:03:25.478+0000] {logging_mixin.py:149} INFO - [2023-06-13T23:03:25.478+0000] {dag.py:3490} INFO - Setting next_dagrun for example_local_kubernetes_executor to None, run_after=None
[2023-06-13T23:03:25.521+0000] {processor.py:179} INFO - Processing /home/airflow/.local/lib/python3.7/site-packages/airflow/example_dags/example_local_kubernetes_executor.py took 0.474 seconds
[2023-06-13T23:03:55.837+0000] {processor.py:157} INFO - Started process (PID=4825) to work on /home/airflow/.local/lib/python3.7/site-packages/airflow/example_dags/example_local_kubernetes_executor.py
[2023-06-13T23:03:55.839+0000] {processor.py:826} INFO - Processing file /home/airflow/.local/lib/python3.7/site-packages/airflow/example_dags/example_local_kubernetes_executor.py for tasks to queue
[2023-06-13T23:03:55.840+0000] {logging_mixin.py:149} INFO - [2023-06-13T23:03:55.840+0000] {dagbag.py:541} INFO - Filling up the DagBag from /home/airflow/.local/lib/python3.7/site-packages/airflow/example_dags/example_local_kubernetes_executor.py
[2023-06-13T23:03:56.197+0000] {processor.py:836} INFO - DAG(s) dict_keys(['example_local_kubernetes_executor']) retrieved from /home/airflow/.local/lib/python3.7/site-packages/airflow/example_dags/example_local_kubernetes_executor.py
[2023-06-13T23:03:56.262+0000] {logging_mixin.py:149} INFO - [2023-06-13T23:03:56.262+0000] {dag.py:2726} INFO - Sync 1 DAGs
[2023-06-13T23:03:56.306+0000] {logging_mixin.py:149} INFO - [2023-06-13T23:03:56.306+0000] {dag.py:3490} INFO - Setting next_dagrun for example_local_kubernetes_executor to None, run_after=None
[2023-06-13T23:03:56.350+0000] {processor.py:179} INFO - Processing /home/airflow/.local/lib/python3.7/site-packages/airflow/example_dags/example_local_kubernetes_executor.py took 0.517 seconds
[2023-06-13T23:04:26.854+0000] {processor.py:157} INFO - Started process (PID=5072) to work on /home/airflow/.local/lib/python3.7/site-packages/airflow/example_dags/example_local_kubernetes_executor.py
[2023-06-13T23:04:26.856+0000] {processor.py:826} INFO - Processing file /home/airflow/.local/lib/python3.7/site-packages/airflow/example_dags/example_local_kubernetes_executor.py for tasks to queue
[2023-06-13T23:04:26.857+0000] {logging_mixin.py:149} INFO - [2023-06-13T23:04:26.857+0000] {dagbag.py:541} INFO - Filling up the DagBag from /home/airflow/.local/lib/python3.7/site-packages/airflow/example_dags/example_local_kubernetes_executor.py
[2023-06-13T23:04:27.240+0000] {processor.py:836} INFO - DAG(s) dict_keys(['example_local_kubernetes_executor']) retrieved from /home/airflow/.local/lib/python3.7/site-packages/airflow/example_dags/example_local_kubernetes_executor.py
[2023-06-13T23:04:27.304+0000] {logging_mixin.py:149} INFO - [2023-06-13T23:04:27.304+0000] {dag.py:2726} INFO - Sync 1 DAGs
[2023-06-13T23:04:27.352+0000] {logging_mixin.py:149} INFO - [2023-06-13T23:04:27.351+0000] {dag.py:3490} INFO - Setting next_dagrun for example_local_kubernetes_executor to None, run_after=None
[2023-06-13T23:04:27.399+0000] {processor.py:179} INFO - Processing /home/airflow/.local/lib/python3.7/site-packages/airflow/example_dags/example_local_kubernetes_executor.py took 0.551 seconds
[2023-06-13T23:04:57.611+0000] {processor.py:157} INFO - Started process (PID=5312) to work on /home/airflow/.local/lib/python3.7/site-packages/airflow/example_dags/example_local_kubernetes_executor.py
[2023-06-13T23:04:57.613+0000] {processor.py:826} INFO - Processing file /home/airflow/.local/lib/python3.7/site-packages/airflow/example_dags/example_local_kubernetes_executor.py for tasks to queue
[2023-06-13T23:04:57.614+0000] {logging_mixin.py:149} INFO - [2023-06-13T23:04:57.614+0000] {dagbag.py:541} INFO - Filling up the DagBag from /home/airflow/.local/lib/python3.7/site-packages/airflow/example_dags/example_local_kubernetes_executor.py
[2023-06-13T23:04:58.064+0000] {processor.py:836} INFO - DAG(s) dict_keys(['example_local_kubernetes_executor']) retrieved from /home/airflow/.local/lib/python3.7/site-packages/airflow/example_dags/example_local_kubernetes_executor.py
[2023-06-13T23:04:58.130+0000] {logging_mixin.py:149} INFO - [2023-06-13T23:04:58.130+0000] {dag.py:2726} INFO - Sync 1 DAGs
[2023-06-13T23:04:58.184+0000] {logging_mixin.py:149} INFO - [2023-06-13T23:04:58.184+0000] {dag.py:3490} INFO - Setting next_dagrun for example_local_kubernetes_executor to None, run_after=None
[2023-06-13T23:04:58.236+0000] {processor.py:179} INFO - Processing /home/airflow/.local/lib/python3.7/site-packages/airflow/example_dags/example_local_kubernetes_executor.py took 0.629 seconds
[2023-06-13T23:05:28.429+0000] {processor.py:157} INFO - Started process (PID=5552) to work on /home/airflow/.local/lib/python3.7/site-packages/airflow/example_dags/example_local_kubernetes_executor.py
[2023-06-13T23:05:28.431+0000] {processor.py:826} INFO - Processing file /home/airflow/.local/lib/python3.7/site-packages/airflow/example_dags/example_local_kubernetes_executor.py for tasks to queue
[2023-06-13T23:05:28.433+0000] {logging_mixin.py:149} INFO - [2023-06-13T23:05:28.432+0000] {dagbag.py:541} INFO - Filling up the DagBag from /home/airflow/.local/lib/python3.7/site-packages/airflow/example_dags/example_local_kubernetes_executor.py
[2023-06-13T23:05:28.865+0000] {processor.py:836} INFO - DAG(s) dict_keys(['example_local_kubernetes_executor']) retrieved from /home/airflow/.local/lib/python3.7/site-packages/airflow/example_dags/example_local_kubernetes_executor.py
[2023-06-13T23:05:28.942+0000] {logging_mixin.py:149} INFO - [2023-06-13T23:05:28.942+0000] {dag.py:2726} INFO - Sync 1 DAGs
[2023-06-13T23:05:28.996+0000] {logging_mixin.py:149} INFO - [2023-06-13T23:05:28.995+0000] {dag.py:3490} INFO - Setting next_dagrun for example_local_kubernetes_executor to None, run_after=None
[2023-06-13T23:05:29.052+0000] {processor.py:179} INFO - Processing /home/airflow/.local/lib/python3.7/site-packages/airflow/example_dags/example_local_kubernetes_executor.py took 0.628 seconds
[2023-06-13T23:05:59.274+0000] {processor.py:157} INFO - Started process (PID=5792) to work on /home/airflow/.local/lib/python3.7/site-packages/airflow/example_dags/example_local_kubernetes_executor.py
[2023-06-13T23:05:59.277+0000] {processor.py:826} INFO - Processing file /home/airflow/.local/lib/python3.7/site-packages/airflow/example_dags/example_local_kubernetes_executor.py for tasks to queue
[2023-06-13T23:05:59.279+0000] {logging_mixin.py:149} INFO - [2023-06-13T23:05:59.278+0000] {dagbag.py:541} INFO - Filling up the DagBag from /home/airflow/.local/lib/python3.7/site-packages/airflow/example_dags/example_local_kubernetes_executor.py
[2023-06-13T23:05:59.642+0000] {processor.py:836} INFO - DAG(s) dict_keys(['example_local_kubernetes_executor']) retrieved from /home/airflow/.local/lib/python3.7/site-packages/airflow/example_dags/example_local_kubernetes_executor.py
[2023-06-13T23:05:59.716+0000] {logging_mixin.py:149} INFO - [2023-06-13T23:05:59.716+0000] {dag.py:2726} INFO - Sync 1 DAGs
[2023-06-13T23:05:59.768+0000] {logging_mixin.py:149} INFO - [2023-06-13T23:05:59.768+0000] {dag.py:3490} INFO - Setting next_dagrun for example_local_kubernetes_executor to None, run_after=None
[2023-06-13T23:05:59.827+0000] {processor.py:179} INFO - Processing /home/airflow/.local/lib/python3.7/site-packages/airflow/example_dags/example_local_kubernetes_executor.py took 0.559 seconds
[2023-06-13T23:06:29.998+0000] {processor.py:157} INFO - Started process (PID=6042) to work on /home/airflow/.local/lib/python3.7/site-packages/airflow/example_dags/example_local_kubernetes_executor.py
[2023-06-13T23:06:30.000+0000] {processor.py:826} INFO - Processing file /home/airflow/.local/lib/python3.7/site-packages/airflow/example_dags/example_local_kubernetes_executor.py for tasks to queue
[2023-06-13T23:06:30.001+0000] {logging_mixin.py:149} INFO - [2023-06-13T23:06:30.000+0000] {dagbag.py:541} INFO - Filling up the DagBag from /home/airflow/.local/lib/python3.7/site-packages/airflow/example_dags/example_local_kubernetes_executor.py
[2023-06-13T23:06:30.336+0000] {processor.py:836} INFO - DAG(s) dict_keys(['example_local_kubernetes_executor']) retrieved from /home/airflow/.local/lib/python3.7/site-packages/airflow/example_dags/example_local_kubernetes_executor.py
[2023-06-13T23:06:30.417+0000] {logging_mixin.py:149} INFO - [2023-06-13T23:06:30.417+0000] {dag.py:2726} INFO - Sync 1 DAGs
[2023-06-13T23:06:30.467+0000] {logging_mixin.py:149} INFO - [2023-06-13T23:06:30.466+0000] {dag.py:3490} INFO - Setting next_dagrun for example_local_kubernetes_executor to None, run_after=None
[2023-06-13T23:06:30.540+0000] {processor.py:179} INFO - Processing /home/airflow/.local/lib/python3.7/site-packages/airflow/example_dags/example_local_kubernetes_executor.py took 0.546 seconds
[2023-06-13T23:07:00.853+0000] {processor.py:157} INFO - Started process (PID=6286) to work on /home/airflow/.local/lib/python3.7/site-packages/airflow/example_dags/example_local_kubernetes_executor.py
[2023-06-13T23:07:00.856+0000] {processor.py:826} INFO - Processing file /home/airflow/.local/lib/python3.7/site-packages/airflow/example_dags/example_local_kubernetes_executor.py for tasks to queue
[2023-06-13T23:07:00.857+0000] {logging_mixin.py:149} INFO - [2023-06-13T23:07:00.857+0000] {dagbag.py:541} INFO - Filling up the DagBag from /home/airflow/.local/lib/python3.7/site-packages/airflow/example_dags/example_local_kubernetes_executor.py
[2023-06-13T23:07:01.208+0000] {processor.py:836} INFO - DAG(s) dict_keys(['example_local_kubernetes_executor']) retrieved from /home/airflow/.local/lib/python3.7/site-packages/airflow/example_dags/example_local_kubernetes_executor.py
[2023-06-13T23:07:01.282+0000] {logging_mixin.py:149} INFO - [2023-06-13T23:07:01.281+0000] {dag.py:2726} INFO - Sync 1 DAGs
[2023-06-13T23:07:01.332+0000] {logging_mixin.py:149} INFO - [2023-06-13T23:07:01.332+0000] {dag.py:3490} INFO - Setting next_dagrun for example_local_kubernetes_executor to None, run_after=None
[2023-06-13T23:07:01.395+0000] {processor.py:179} INFO - Processing /home/airflow/.local/lib/python3.7/site-packages/airflow/example_dags/example_local_kubernetes_executor.py took 0.547 seconds
[2023-06-13T23:07:32.014+0000] {processor.py:157} INFO - Started process (PID=6527) to work on /home/airflow/.local/lib/python3.7/site-packages/airflow/example_dags/example_local_kubernetes_executor.py
[2023-06-13T23:07:32.017+0000] {processor.py:826} INFO - Processing file /home/airflow/.local/lib/python3.7/site-packages/airflow/example_dags/example_local_kubernetes_executor.py for tasks to queue
[2023-06-13T23:07:32.018+0000] {logging_mixin.py:149} INFO - [2023-06-13T23:07:32.018+0000] {dagbag.py:541} INFO - Filling up the DagBag from /home/airflow/.local/lib/python3.7/site-packages/airflow/example_dags/example_local_kubernetes_executor.py
[2023-06-13T23:07:32.337+0000] {processor.py:836} INFO - DAG(s) dict_keys(['example_local_kubernetes_executor']) retrieved from /home/airflow/.local/lib/python3.7/site-packages/airflow/example_dags/example_local_kubernetes_executor.py
[2023-06-13T23:07:32.407+0000] {logging_mixin.py:149} INFO - [2023-06-13T23:07:32.407+0000] {dag.py:2726} INFO - Sync 1 DAGs
[2023-06-13T23:07:32.456+0000] {logging_mixin.py:149} INFO - [2023-06-13T23:07:32.456+0000] {dag.py:3490} INFO - Setting next_dagrun for example_local_kubernetes_executor to None, run_after=None
[2023-06-13T23:07:32.504+0000] {processor.py:179} INFO - Processing /home/airflow/.local/lib/python3.7/site-packages/airflow/example_dags/example_local_kubernetes_executor.py took 0.496 seconds
[2023-06-13T23:08:02.705+0000] {processor.py:157} INFO - Started process (PID=6771) to work on /home/airflow/.local/lib/python3.7/site-packages/airflow/example_dags/example_local_kubernetes_executor.py
[2023-06-13T23:08:02.708+0000] {processor.py:826} INFO - Processing file /home/airflow/.local/lib/python3.7/site-packages/airflow/example_dags/example_local_kubernetes_executor.py for tasks to queue
[2023-06-13T23:08:02.710+0000] {logging_mixin.py:149} INFO - [2023-06-13T23:08:02.710+0000] {dagbag.py:541} INFO - Filling up the DagBag from /home/airflow/.local/lib/python3.7/site-packages/airflow/example_dags/example_local_kubernetes_executor.py
[2023-06-13T23:08:03.053+0000] {processor.py:836} INFO - DAG(s) dict_keys(['example_local_kubernetes_executor']) retrieved from /home/airflow/.local/lib/python3.7/site-packages/airflow/example_dags/example_local_kubernetes_executor.py
[2023-06-13T23:08:03.105+0000] {logging_mixin.py:149} INFO - [2023-06-13T23:08:03.104+0000] {dag.py:2726} INFO - Sync 1 DAGs
[2023-06-13T23:08:03.150+0000] {logging_mixin.py:149} INFO - [2023-06-13T23:08:03.149+0000] {dag.py:3490} INFO - Setting next_dagrun for example_local_kubernetes_executor to None, run_after=None
[2023-06-13T23:08:03.200+0000] {processor.py:179} INFO - Processing /home/airflow/.local/lib/python3.7/site-packages/airflow/example_dags/example_local_kubernetes_executor.py took 0.500 seconds
[2023-06-13T23:08:33.250+0000] {processor.py:157} INFO - Started process (PID=7015) to work on /home/airflow/.local/lib/python3.7/site-packages/airflow/example_dags/example_local_kubernetes_executor.py
[2023-06-13T23:08:33.252+0000] {processor.py:826} INFO - Processing file /home/airflow/.local/lib/python3.7/site-packages/airflow/example_dags/example_local_kubernetes_executor.py for tasks to queue
[2023-06-13T23:08:33.253+0000] {logging_mixin.py:149} INFO - [2023-06-13T23:08:33.253+0000] {dagbag.py:541} INFO - Filling up the DagBag from /home/airflow/.local/lib/python3.7/site-packages/airflow/example_dags/example_local_kubernetes_executor.py
[2023-06-13T23:08:33.613+0000] {processor.py:836} INFO - DAG(s) dict_keys(['example_local_kubernetes_executor']) retrieved from /home/airflow/.local/lib/python3.7/site-packages/airflow/example_dags/example_local_kubernetes_executor.py
[2023-06-13T23:08:33.692+0000] {logging_mixin.py:149} INFO - [2023-06-13T23:08:33.692+0000] {dag.py:2726} INFO - Sync 1 DAGs
[2023-06-13T23:08:33.742+0000] {logging_mixin.py:149} INFO - [2023-06-13T23:08:33.741+0000] {dag.py:3490} INFO - Setting next_dagrun for example_local_kubernetes_executor to None, run_after=None
[2023-06-13T23:08:33.801+0000] {processor.py:179} INFO - Processing /home/airflow/.local/lib/python3.7/site-packages/airflow/example_dags/example_local_kubernetes_executor.py took 0.557 seconds
[2023-06-13T23:09:04.305+0000] {processor.py:157} INFO - Started process (PID=7255) to work on /home/airflow/.local/lib/python3.7/site-packages/airflow/example_dags/example_local_kubernetes_executor.py
[2023-06-13T23:09:04.308+0000] {processor.py:826} INFO - Processing file /home/airflow/.local/lib/python3.7/site-packages/airflow/example_dags/example_local_kubernetes_executor.py for tasks to queue
[2023-06-13T23:09:04.310+0000] {logging_mixin.py:149} INFO - [2023-06-13T23:09:04.309+0000] {dagbag.py:541} INFO - Filling up the DagBag from /home/airflow/.local/lib/python3.7/site-packages/airflow/example_dags/example_local_kubernetes_executor.py
[2023-06-13T23:09:04.692+0000] {processor.py:836} INFO - DAG(s) dict_keys(['example_local_kubernetes_executor']) retrieved from /home/airflow/.local/lib/python3.7/site-packages/airflow/example_dags/example_local_kubernetes_executor.py
[2023-06-13T23:09:04.756+0000] {logging_mixin.py:149} INFO - [2023-06-13T23:09:04.755+0000] {dag.py:2726} INFO - Sync 1 DAGs
[2023-06-13T23:09:04.811+0000] {logging_mixin.py:149} INFO - [2023-06-13T23:09:04.811+0000] {dag.py:3490} INFO - Setting next_dagrun for example_local_kubernetes_executor to None, run_after=None
[2023-06-13T23:09:04.858+0000] {processor.py:179} INFO - Processing /home/airflow/.local/lib/python3.7/site-packages/airflow/example_dags/example_local_kubernetes_executor.py took 0.559 seconds
[2023-06-13T23:09:34.993+0000] {processor.py:157} INFO - Started process (PID=7495) to work on /home/airflow/.local/lib/python3.7/site-packages/airflow/example_dags/example_local_kubernetes_executor.py
[2023-06-13T23:09:34.995+0000] {processor.py:826} INFO - Processing file /home/airflow/.local/lib/python3.7/site-packages/airflow/example_dags/example_local_kubernetes_executor.py for tasks to queue
[2023-06-13T23:09:34.996+0000] {logging_mixin.py:149} INFO - [2023-06-13T23:09:34.996+0000] {dagbag.py:541} INFO - Filling up the DagBag from /home/airflow/.local/lib/python3.7/site-packages/airflow/example_dags/example_local_kubernetes_executor.py
[2023-06-13T23:09:35.372+0000] {processor.py:836} INFO - DAG(s) dict_keys(['example_local_kubernetes_executor']) retrieved from /home/airflow/.local/lib/python3.7/site-packages/airflow/example_dags/example_local_kubernetes_executor.py
[2023-06-13T23:09:35.438+0000] {logging_mixin.py:149} INFO - [2023-06-13T23:09:35.438+0000] {dag.py:2726} INFO - Sync 1 DAGs
[2023-06-13T23:09:35.485+0000] {logging_mixin.py:149} INFO - [2023-06-13T23:09:35.485+0000] {dag.py:3490} INFO - Setting next_dagrun for example_local_kubernetes_executor to None, run_after=None
[2023-06-13T23:09:35.545+0000] {processor.py:179} INFO - Processing /home/airflow/.local/lib/python3.7/site-packages/airflow/example_dags/example_local_kubernetes_executor.py took 0.560 seconds
[2023-06-13T23:10:05.620+0000] {processor.py:157} INFO - Started process (PID=7740) to work on /home/airflow/.local/lib/python3.7/site-packages/airflow/example_dags/example_local_kubernetes_executor.py
[2023-06-13T23:10:05.625+0000] {processor.py:826} INFO - Processing file /home/airflow/.local/lib/python3.7/site-packages/airflow/example_dags/example_local_kubernetes_executor.py for tasks to queue
[2023-06-13T23:10:05.627+0000] {logging_mixin.py:149} INFO - [2023-06-13T23:10:05.627+0000] {dagbag.py:541} INFO - Filling up the DagBag from /home/airflow/.local/lib/python3.7/site-packages/airflow/example_dags/example_local_kubernetes_executor.py
[2023-06-13T23:10:06.097+0000] {processor.py:836} INFO - DAG(s) dict_keys(['example_local_kubernetes_executor']) retrieved from /home/airflow/.local/lib/python3.7/site-packages/airflow/example_dags/example_local_kubernetes_executor.py
[2023-06-13T23:10:06.175+0000] {logging_mixin.py:149} INFO - [2023-06-13T23:10:06.174+0000] {dag.py:2726} INFO - Sync 1 DAGs
[2023-06-13T23:10:06.239+0000] {logging_mixin.py:149} INFO - [2023-06-13T23:10:06.239+0000] {dag.py:3490} INFO - Setting next_dagrun for example_local_kubernetes_executor to None, run_after=None
[2023-06-13T23:10:06.294+0000] {processor.py:179} INFO - Processing /home/airflow/.local/lib/python3.7/site-packages/airflow/example_dags/example_local_kubernetes_executor.py took 0.681 seconds
[2023-06-13T23:10:36.647+0000] {processor.py:157} INFO - Started process (PID=7990) to work on /home/airflow/.local/lib/python3.7/site-packages/airflow/example_dags/example_local_kubernetes_executor.py
[2023-06-13T23:10:36.649+0000] {processor.py:826} INFO - Processing file /home/airflow/.local/lib/python3.7/site-packages/airflow/example_dags/example_local_kubernetes_executor.py for tasks to queue
[2023-06-13T23:10:36.650+0000] {logging_mixin.py:149} INFO - [2023-06-13T23:10:36.650+0000] {dagbag.py:541} INFO - Filling up the DagBag from /home/airflow/.local/lib/python3.7/site-packages/airflow/example_dags/example_local_kubernetes_executor.py
[2023-06-13T23:10:37.037+0000] {processor.py:836} INFO - DAG(s) dict_keys(['example_local_kubernetes_executor']) retrieved from /home/airflow/.local/lib/python3.7/site-packages/airflow/example_dags/example_local_kubernetes_executor.py
[2023-06-13T23:10:37.105+0000] {logging_mixin.py:149} INFO - [2023-06-13T23:10:37.105+0000] {dag.py:2726} INFO - Sync 1 DAGs
[2023-06-13T23:10:37.150+0000] {logging_mixin.py:149} INFO - [2023-06-13T23:10:37.150+0000] {dag.py:3490} INFO - Setting next_dagrun for example_local_kubernetes_executor to None, run_after=None
[2023-06-13T23:10:37.200+0000] {processor.py:179} INFO - Processing /home/airflow/.local/lib/python3.7/site-packages/airflow/example_dags/example_local_kubernetes_executor.py took 0.561 seconds
[2023-06-13T23:11:07.313+0000] {processor.py:157} INFO - Started process (PID=8230) to work on /home/airflow/.local/lib/python3.7/site-packages/airflow/example_dags/example_local_kubernetes_executor.py
[2023-06-13T23:11:07.315+0000] {processor.py:826} INFO - Processing file /home/airflow/.local/lib/python3.7/site-packages/airflow/example_dags/example_local_kubernetes_executor.py for tasks to queue
[2023-06-13T23:11:07.316+0000] {logging_mixin.py:149} INFO - [2023-06-13T23:11:07.316+0000] {dagbag.py:541} INFO - Filling up the DagBag from /home/airflow/.local/lib/python3.7/site-packages/airflow/example_dags/example_local_kubernetes_executor.py
[2023-06-13T23:11:07.697+0000] {processor.py:836} INFO - DAG(s) dict_keys(['example_local_kubernetes_executor']) retrieved from /home/airflow/.local/lib/python3.7/site-packages/airflow/example_dags/example_local_kubernetes_executor.py
[2023-06-13T23:11:07.782+0000] {logging_mixin.py:149} INFO - [2023-06-13T23:11:07.782+0000] {dag.py:2726} INFO - Sync 1 DAGs
[2023-06-13T23:11:07.833+0000] {logging_mixin.py:149} INFO - [2023-06-13T23:11:07.832+0000] {dag.py:3490} INFO - Setting next_dagrun for example_local_kubernetes_executor to None, run_after=None
[2023-06-13T23:11:07.882+0000] {processor.py:179} INFO - Processing /home/airflow/.local/lib/python3.7/site-packages/airflow/example_dags/example_local_kubernetes_executor.py took 0.575 seconds
[2023-06-13T23:11:38.352+0000] {processor.py:157} INFO - Started process (PID=8470) to work on /home/airflow/.local/lib/python3.7/site-packages/airflow/example_dags/example_local_kubernetes_executor.py
[2023-06-13T23:11:38.353+0000] {processor.py:826} INFO - Processing file /home/airflow/.local/lib/python3.7/site-packages/airflow/example_dags/example_local_kubernetes_executor.py for tasks to queue
[2023-06-13T23:11:38.354+0000] {logging_mixin.py:149} INFO - [2023-06-13T23:11:38.354+0000] {dagbag.py:541} INFO - Filling up the DagBag from /home/airflow/.local/lib/python3.7/site-packages/airflow/example_dags/example_local_kubernetes_executor.py
[2023-06-13T23:11:38.718+0000] {processor.py:836} INFO - DAG(s) dict_keys(['example_local_kubernetes_executor']) retrieved from /home/airflow/.local/lib/python3.7/site-packages/airflow/example_dags/example_local_kubernetes_executor.py
[2023-06-13T23:11:38.814+0000] {logging_mixin.py:149} INFO - [2023-06-13T23:11:38.813+0000] {dag.py:2726} INFO - Sync 1 DAGs
[2023-06-13T23:11:38.875+0000] {logging_mixin.py:149} INFO - [2023-06-13T23:11:38.874+0000] {dag.py:3490} INFO - Setting next_dagrun for example_local_kubernetes_executor to None, run_after=None
[2023-06-13T23:11:38.927+0000] {processor.py:179} INFO - Processing /home/airflow/.local/lib/python3.7/site-packages/airflow/example_dags/example_local_kubernetes_executor.py took 0.580 seconds
[2023-06-13T23:12:09.125+0000] {processor.py:157} INFO - Started process (PID=8720) to work on /home/airflow/.local/lib/python3.7/site-packages/airflow/example_dags/example_local_kubernetes_executor.py
[2023-06-13T23:12:09.128+0000] {processor.py:826} INFO - Processing file /home/airflow/.local/lib/python3.7/site-packages/airflow/example_dags/example_local_kubernetes_executor.py for tasks to queue
[2023-06-13T23:12:09.130+0000] {logging_mixin.py:149} INFO - [2023-06-13T23:12:09.129+0000] {dagbag.py:541} INFO - Filling up the DagBag from /home/airflow/.local/lib/python3.7/site-packages/airflow/example_dags/example_local_kubernetes_executor.py
[2023-06-13T23:12:09.481+0000] {processor.py:836} INFO - DAG(s) dict_keys(['example_local_kubernetes_executor']) retrieved from /home/airflow/.local/lib/python3.7/site-packages/airflow/example_dags/example_local_kubernetes_executor.py
[2023-06-13T23:12:09.553+0000] {logging_mixin.py:149} INFO - [2023-06-13T23:12:09.552+0000] {dag.py:2726} INFO - Sync 1 DAGs
[2023-06-13T23:12:09.620+0000] {logging_mixin.py:149} INFO - [2023-06-13T23:12:09.620+0000] {dag.py:3490} INFO - Setting next_dagrun for example_local_kubernetes_executor to None, run_after=None
[2023-06-13T23:12:09.685+0000] {processor.py:179} INFO - Processing /home/airflow/.local/lib/python3.7/site-packages/airflow/example_dags/example_local_kubernetes_executor.py took 0.566 seconds
[2023-06-13T23:12:39.774+0000] {processor.py:157} INFO - Started process (PID=8960) to work on /home/airflow/.local/lib/python3.7/site-packages/airflow/example_dags/example_local_kubernetes_executor.py
[2023-06-13T23:12:39.777+0000] {processor.py:826} INFO - Processing file /home/airflow/.local/lib/python3.7/site-packages/airflow/example_dags/example_local_kubernetes_executor.py for tasks to queue
[2023-06-13T23:12:39.779+0000] {logging_mixin.py:149} INFO - [2023-06-13T23:12:39.778+0000] {dagbag.py:541} INFO - Filling up the DagBag from /home/airflow/.local/lib/python3.7/site-packages/airflow/example_dags/example_local_kubernetes_executor.py
[2023-06-13T23:12:40.086+0000] {processor.py:836} INFO - DAG(s) dict_keys(['example_local_kubernetes_executor']) retrieved from /home/airflow/.local/lib/python3.7/site-packages/airflow/example_dags/example_local_kubernetes_executor.py
[2023-06-13T23:12:40.148+0000] {logging_mixin.py:149} INFO - [2023-06-13T23:12:40.148+0000] {dag.py:2726} INFO - Sync 1 DAGs
[2023-06-13T23:12:40.200+0000] {logging_mixin.py:149} INFO - [2023-06-13T23:12:40.199+0000] {dag.py:3490} INFO - Setting next_dagrun for example_local_kubernetes_executor to None, run_after=None
[2023-06-13T23:12:40.252+0000] {processor.py:179} INFO - Processing /home/airflow/.local/lib/python3.7/site-packages/airflow/example_dags/example_local_kubernetes_executor.py took 0.484 seconds
[2023-06-13T23:13:11.225+0000] {processor.py:157} INFO - Started process (PID=9199) to work on /home/airflow/.local/lib/python3.7/site-packages/airflow/example_dags/example_local_kubernetes_executor.py
[2023-06-13T23:13:11.227+0000] {processor.py:826} INFO - Processing file /home/airflow/.local/lib/python3.7/site-packages/airflow/example_dags/example_local_kubernetes_executor.py for tasks to queue
[2023-06-13T23:13:11.228+0000] {logging_mixin.py:149} INFO - [2023-06-13T23:13:11.227+0000] {dagbag.py:541} INFO - Filling up the DagBag from /home/airflow/.local/lib/python3.7/site-packages/airflow/example_dags/example_local_kubernetes_executor.py
[2023-06-13T23:13:11.591+0000] {processor.py:836} INFO - DAG(s) dict_keys(['example_local_kubernetes_executor']) retrieved from /home/airflow/.local/lib/python3.7/site-packages/airflow/example_dags/example_local_kubernetes_executor.py
[2023-06-13T23:13:11.663+0000] {logging_mixin.py:149} INFO - [2023-06-13T23:13:11.663+0000] {dag.py:2726} INFO - Sync 1 DAGs
[2023-06-13T23:13:11.721+0000] {logging_mixin.py:149} INFO - [2023-06-13T23:13:11.721+0000] {dag.py:3490} INFO - Setting next_dagrun for example_local_kubernetes_executor to None, run_after=None
[2023-06-13T23:13:11.777+0000] {processor.py:179} INFO - Processing /home/airflow/.local/lib/python3.7/site-packages/airflow/example_dags/example_local_kubernetes_executor.py took 0.558 seconds
[2023-06-13T23:13:42.070+0000] {processor.py:157} INFO - Started process (PID=9439) to work on /home/airflow/.local/lib/python3.7/site-packages/airflow/example_dags/example_local_kubernetes_executor.py
[2023-06-13T23:13:42.072+0000] {processor.py:826} INFO - Processing file /home/airflow/.local/lib/python3.7/site-packages/airflow/example_dags/example_local_kubernetes_executor.py for tasks to queue
[2023-06-13T23:13:42.073+0000] {logging_mixin.py:149} INFO - [2023-06-13T23:13:42.073+0000] {dagbag.py:541} INFO - Filling up the DagBag from /home/airflow/.local/lib/python3.7/site-packages/airflow/example_dags/example_local_kubernetes_executor.py
[2023-06-13T23:13:42.415+0000] {processor.py:836} INFO - DAG(s) dict_keys(['example_local_kubernetes_executor']) retrieved from /home/airflow/.local/lib/python3.7/site-packages/airflow/example_dags/example_local_kubernetes_executor.py
[2023-06-13T23:13:42.486+0000] {logging_mixin.py:149} INFO - [2023-06-13T23:13:42.486+0000] {dag.py:2726} INFO - Sync 1 DAGs
[2023-06-13T23:13:42.542+0000] {logging_mixin.py:149} INFO - [2023-06-13T23:13:42.541+0000] {dag.py:3490} INFO - Setting next_dagrun for example_local_kubernetes_executor to None, run_after=None
[2023-06-13T23:13:42.592+0000] {processor.py:179} INFO - Processing /home/airflow/.local/lib/python3.7/site-packages/airflow/example_dags/example_local_kubernetes_executor.py took 0.527 seconds
[2023-06-13T23:14:12.719+0000] {processor.py:157} INFO - Started process (PID=9679) to work on /home/airflow/.local/lib/python3.7/site-packages/airflow/example_dags/example_local_kubernetes_executor.py
[2023-06-13T23:14:12.725+0000] {processor.py:826} INFO - Processing file /home/airflow/.local/lib/python3.7/site-packages/airflow/example_dags/example_local_kubernetes_executor.py for tasks to queue
[2023-06-13T23:14:12.726+0000] {logging_mixin.py:149} INFO - [2023-06-13T23:14:12.726+0000] {dagbag.py:541} INFO - Filling up the DagBag from /home/airflow/.local/lib/python3.7/site-packages/airflow/example_dags/example_local_kubernetes_executor.py
[2023-06-13T23:14:13.091+0000] {processor.py:836} INFO - DAG(s) dict_keys(['example_local_kubernetes_executor']) retrieved from /home/airflow/.local/lib/python3.7/site-packages/airflow/example_dags/example_local_kubernetes_executor.py
[2023-06-13T23:14:13.169+0000] {logging_mixin.py:149} INFO - [2023-06-13T23:14:13.168+0000] {dag.py:2726} INFO - Sync 1 DAGs
[2023-06-13T23:14:13.223+0000] {logging_mixin.py:149} INFO - [2023-06-13T23:14:13.223+0000] {dag.py:3490} INFO - Setting next_dagrun for example_local_kubernetes_executor to None, run_after=None
[2023-06-13T23:14:13.277+0000] {processor.py:179} INFO - Processing /home/airflow/.local/lib/python3.7/site-packages/airflow/example_dags/example_local_kubernetes_executor.py took 0.567 seconds
[2023-06-13T23:14:43.493+0000] {processor.py:157} INFO - Started process (PID=9933) to work on /home/airflow/.local/lib/python3.7/site-packages/airflow/example_dags/example_local_kubernetes_executor.py
[2023-06-13T23:14:43.494+0000] {processor.py:826} INFO - Processing file /home/airflow/.local/lib/python3.7/site-packages/airflow/example_dags/example_local_kubernetes_executor.py for tasks to queue
[2023-06-13T23:14:43.495+0000] {logging_mixin.py:149} INFO - [2023-06-13T23:14:43.495+0000] {dagbag.py:541} INFO - Filling up the DagBag from /home/airflow/.local/lib/python3.7/site-packages/airflow/example_dags/example_local_kubernetes_executor.py
[2023-06-13T23:14:43.808+0000] {processor.py:836} INFO - DAG(s) dict_keys(['example_local_kubernetes_executor']) retrieved from /home/airflow/.local/lib/python3.7/site-packages/airflow/example_dags/example_local_kubernetes_executor.py
[2023-06-13T23:14:43.883+0000] {logging_mixin.py:149} INFO - [2023-06-13T23:14:43.882+0000] {dag.py:2726} INFO - Sync 1 DAGs
[2023-06-13T23:14:43.942+0000] {logging_mixin.py:149} INFO - [2023-06-13T23:14:43.941+0000] {dag.py:3490} INFO - Setting next_dagrun for example_local_kubernetes_executor to None, run_after=None
[2023-06-13T23:14:43.990+0000] {processor.py:179} INFO - Processing /home/airflow/.local/lib/python3.7/site-packages/airflow/example_dags/example_local_kubernetes_executor.py took 0.501 seconds
[2023-06-13T23:15:14.120+0000] {processor.py:157} INFO - Started process (PID=10157) to work on /home/airflow/.local/lib/python3.7/site-packages/airflow/example_dags/example_local_kubernetes_executor.py
[2023-06-13T23:15:14.122+0000] {processor.py:826} INFO - Processing file /home/airflow/.local/lib/python3.7/site-packages/airflow/example_dags/example_local_kubernetes_executor.py for tasks to queue
[2023-06-13T23:15:14.123+0000] {logging_mixin.py:149} INFO - [2023-06-13T23:15:14.123+0000] {dagbag.py:541} INFO - Filling up the DagBag from /home/airflow/.local/lib/python3.7/site-packages/airflow/example_dags/example_local_kubernetes_executor.py
[2023-06-13T23:15:14.434+0000] {processor.py:836} INFO - DAG(s) dict_keys(['example_local_kubernetes_executor']) retrieved from /home/airflow/.local/lib/python3.7/site-packages/airflow/example_dags/example_local_kubernetes_executor.py
[2023-06-13T23:15:14.485+0000] {logging_mixin.py:149} INFO - [2023-06-13T23:15:14.484+0000] {dag.py:2726} INFO - Sync 1 DAGs
[2023-06-13T23:15:14.525+0000] {logging_mixin.py:149} INFO - [2023-06-13T23:15:14.525+0000] {dag.py:3490} INFO - Setting next_dagrun for example_local_kubernetes_executor to None, run_after=None
[2023-06-13T23:15:14.574+0000] {processor.py:179} INFO - Processing /home/airflow/.local/lib/python3.7/site-packages/airflow/example_dags/example_local_kubernetes_executor.py took 0.457 seconds
[2023-06-13T23:15:44.900+0000] {processor.py:157} INFO - Started process (PID=10397) to work on /home/airflow/.local/lib/python3.7/site-packages/airflow/example_dags/example_local_kubernetes_executor.py
[2023-06-13T23:15:44.901+0000] {processor.py:826} INFO - Processing file /home/airflow/.local/lib/python3.7/site-packages/airflow/example_dags/example_local_kubernetes_executor.py for tasks to queue
[2023-06-13T23:15:44.902+0000] {logging_mixin.py:149} INFO - [2023-06-13T23:15:44.902+0000] {dagbag.py:541} INFO - Filling up the DagBag from /home/airflow/.local/lib/python3.7/site-packages/airflow/example_dags/example_local_kubernetes_executor.py
[2023-06-13T23:15:45.205+0000] {processor.py:836} INFO - DAG(s) dict_keys(['example_local_kubernetes_executor']) retrieved from /home/airflow/.local/lib/python3.7/site-packages/airflow/example_dags/example_local_kubernetes_executor.py
[2023-06-13T23:15:45.275+0000] {logging_mixin.py:149} INFO - [2023-06-13T23:15:45.275+0000] {dag.py:2726} INFO - Sync 1 DAGs
[2023-06-13T23:15:45.322+0000] {logging_mixin.py:149} INFO - [2023-06-13T23:15:45.322+0000] {dag.py:3490} INFO - Setting next_dagrun for example_local_kubernetes_executor to None, run_after=None
[2023-06-13T23:15:45.378+0000] {processor.py:179} INFO - Processing /home/airflow/.local/lib/python3.7/site-packages/airflow/example_dags/example_local_kubernetes_executor.py took 0.485 seconds
[2023-06-13T23:16:15.615+0000] {processor.py:157} INFO - Started process (PID=10650) to work on /home/airflow/.local/lib/python3.7/site-packages/airflow/example_dags/example_local_kubernetes_executor.py
[2023-06-13T23:16:15.619+0000] {processor.py:826} INFO - Processing file /home/airflow/.local/lib/python3.7/site-packages/airflow/example_dags/example_local_kubernetes_executor.py for tasks to queue
[2023-06-13T23:16:15.620+0000] {logging_mixin.py:149} INFO - [2023-06-13T23:16:15.619+0000] {dagbag.py:541} INFO - Filling up the DagBag from /home/airflow/.local/lib/python3.7/site-packages/airflow/example_dags/example_local_kubernetes_executor.py
[2023-06-13T23:16:15.973+0000] {processor.py:836} INFO - DAG(s) dict_keys(['example_local_kubernetes_executor']) retrieved from /home/airflow/.local/lib/python3.7/site-packages/airflow/example_dags/example_local_kubernetes_executor.py
[2023-06-13T23:16:16.015+0000] {logging_mixin.py:149} INFO - [2023-06-13T23:16:16.014+0000] {dag.py:2726} INFO - Sync 1 DAGs
[2023-06-13T23:16:16.060+0000] {logging_mixin.py:149} INFO - [2023-06-13T23:16:16.059+0000] {dag.py:3490} INFO - Setting next_dagrun for example_local_kubernetes_executor to None, run_after=None
[2023-06-13T23:16:16.102+0000] {processor.py:179} INFO - Processing /home/airflow/.local/lib/python3.7/site-packages/airflow/example_dags/example_local_kubernetes_executor.py took 0.491 seconds
[2023-06-13T23:16:46.860+0000] {processor.py:157} INFO - Started process (PID=10892) to work on /home/airflow/.local/lib/python3.7/site-packages/airflow/example_dags/example_local_kubernetes_executor.py
[2023-06-13T23:16:46.862+0000] {processor.py:826} INFO - Processing file /home/airflow/.local/lib/python3.7/site-packages/airflow/example_dags/example_local_kubernetes_executor.py for tasks to queue
[2023-06-13T23:16:46.863+0000] {logging_mixin.py:149} INFO - [2023-06-13T23:16:46.862+0000] {dagbag.py:541} INFO - Filling up the DagBag from /home/airflow/.local/lib/python3.7/site-packages/airflow/example_dags/example_local_kubernetes_executor.py
[2023-06-13T23:16:47.098+0000] {processor.py:836} INFO - DAG(s) dict_keys(['example_local_kubernetes_executor']) retrieved from /home/airflow/.local/lib/python3.7/site-packages/airflow/example_dags/example_local_kubernetes_executor.py
[2023-06-13T23:16:47.152+0000] {logging_mixin.py:149} INFO - [2023-06-13T23:16:47.152+0000] {dag.py:2726} INFO - Sync 1 DAGs
[2023-06-13T23:16:47.196+0000] {logging_mixin.py:149} INFO - [2023-06-13T23:16:47.196+0000] {dag.py:3490} INFO - Setting next_dagrun for example_local_kubernetes_executor to None, run_after=None
[2023-06-13T23:16:47.246+0000] {processor.py:179} INFO - Processing /home/airflow/.local/lib/python3.7/site-packages/airflow/example_dags/example_local_kubernetes_executor.py took 0.389 seconds
[2023-06-13T23:17:18.190+0000] {processor.py:157} INFO - Started process (PID=11133) to work on /home/airflow/.local/lib/python3.7/site-packages/airflow/example_dags/example_local_kubernetes_executor.py
[2023-06-13T23:17:18.192+0000] {processor.py:826} INFO - Processing file /home/airflow/.local/lib/python3.7/site-packages/airflow/example_dags/example_local_kubernetes_executor.py for tasks to queue
[2023-06-13T23:17:18.193+0000] {logging_mixin.py:149} INFO - [2023-06-13T23:17:18.193+0000] {dagbag.py:541} INFO - Filling up the DagBag from /home/airflow/.local/lib/python3.7/site-packages/airflow/example_dags/example_local_kubernetes_executor.py
[2023-06-13T23:17:18.596+0000] {processor.py:836} INFO - DAG(s) dict_keys(['example_local_kubernetes_executor']) retrieved from /home/airflow/.local/lib/python3.7/site-packages/airflow/example_dags/example_local_kubernetes_executor.py
[2023-06-13T23:17:18.665+0000] {logging_mixin.py:149} INFO - [2023-06-13T23:17:18.664+0000] {dag.py:2726} INFO - Sync 1 DAGs
[2023-06-13T23:17:18.721+0000] {logging_mixin.py:149} INFO - [2023-06-13T23:17:18.720+0000] {dag.py:3490} INFO - Setting next_dagrun for example_local_kubernetes_executor to None, run_after=None
[2023-06-13T23:17:18.796+0000] {processor.py:179} INFO - Processing /home/airflow/.local/lib/python3.7/site-packages/airflow/example_dags/example_local_kubernetes_executor.py took 0.612 seconds
[2023-06-13T23:17:49.279+0000] {processor.py:157} INFO - Started process (PID=11373) to work on /home/airflow/.local/lib/python3.7/site-packages/airflow/example_dags/example_local_kubernetes_executor.py
[2023-06-13T23:17:49.283+0000] {processor.py:826} INFO - Processing file /home/airflow/.local/lib/python3.7/site-packages/airflow/example_dags/example_local_kubernetes_executor.py for tasks to queue
[2023-06-13T23:17:49.284+0000] {logging_mixin.py:149} INFO - [2023-06-13T23:17:49.284+0000] {dagbag.py:541} INFO - Filling up the DagBag from /home/airflow/.local/lib/python3.7/site-packages/airflow/example_dags/example_local_kubernetes_executor.py
[2023-06-13T23:17:49.741+0000] {processor.py:836} INFO - DAG(s) dict_keys(['example_local_kubernetes_executor']) retrieved from /home/airflow/.local/lib/python3.7/site-packages/airflow/example_dags/example_local_kubernetes_executor.py
[2023-06-13T23:17:49.829+0000] {logging_mixin.py:149} INFO - [2023-06-13T23:17:49.829+0000] {dag.py:2726} INFO - Sync 1 DAGs
[2023-06-13T23:17:49.884+0000] {logging_mixin.py:149} INFO - [2023-06-13T23:17:49.884+0000] {dag.py:3490} INFO - Setting next_dagrun for example_local_kubernetes_executor to None, run_after=None
[2023-06-13T23:17:49.953+0000] {processor.py:179} INFO - Processing /home/airflow/.local/lib/python3.7/site-packages/airflow/example_dags/example_local_kubernetes_executor.py took 0.680 seconds
[2023-06-13T23:18:20.089+0000] {processor.py:157} INFO - Started process (PID=11613) to work on /home/airflow/.local/lib/python3.7/site-packages/airflow/example_dags/example_local_kubernetes_executor.py
[2023-06-13T23:18:20.092+0000] {processor.py:826} INFO - Processing file /home/airflow/.local/lib/python3.7/site-packages/airflow/example_dags/example_local_kubernetes_executor.py for tasks to queue
[2023-06-13T23:18:20.093+0000] {logging_mixin.py:149} INFO - [2023-06-13T23:18:20.093+0000] {dagbag.py:541} INFO - Filling up the DagBag from /home/airflow/.local/lib/python3.7/site-packages/airflow/example_dags/example_local_kubernetes_executor.py
[2023-06-13T23:18:20.481+0000] {processor.py:836} INFO - DAG(s) dict_keys(['example_local_kubernetes_executor']) retrieved from /home/airflow/.local/lib/python3.7/site-packages/airflow/example_dags/example_local_kubernetes_executor.py
[2023-06-13T23:18:20.568+0000] {logging_mixin.py:149} INFO - [2023-06-13T23:18:20.568+0000] {dag.py:2726} INFO - Sync 1 DAGs
[2023-06-13T23:18:20.634+0000] {logging_mixin.py:149} INFO - [2023-06-13T23:18:20.634+0000] {dag.py:3490} INFO - Setting next_dagrun for example_local_kubernetes_executor to None, run_after=None
[2023-06-13T23:18:20.688+0000] {processor.py:179} INFO - Processing /home/airflow/.local/lib/python3.7/site-packages/airflow/example_dags/example_local_kubernetes_executor.py took 0.606 seconds
[2023-06-13T23:18:50.968+0000] {processor.py:157} INFO - Started process (PID=11853) to work on /home/airflow/.local/lib/python3.7/site-packages/airflow/example_dags/example_local_kubernetes_executor.py
[2023-06-13T23:18:50.972+0000] {processor.py:826} INFO - Processing file /home/airflow/.local/lib/python3.7/site-packages/airflow/example_dags/example_local_kubernetes_executor.py for tasks to queue
[2023-06-13T23:18:50.975+0000] {logging_mixin.py:149} INFO - [2023-06-13T23:18:50.974+0000] {dagbag.py:541} INFO - Filling up the DagBag from /home/airflow/.local/lib/python3.7/site-packages/airflow/example_dags/example_local_kubernetes_executor.py
[2023-06-13T23:18:51.526+0000] {processor.py:836} INFO - DAG(s) dict_keys(['example_local_kubernetes_executor']) retrieved from /home/airflow/.local/lib/python3.7/site-packages/airflow/example_dags/example_local_kubernetes_executor.py
[2023-06-13T23:18:51.629+0000] {logging_mixin.py:149} INFO - [2023-06-13T23:18:51.629+0000] {dag.py:2726} INFO - Sync 1 DAGs
[2023-06-13T23:18:51.710+0000] {logging_mixin.py:149} INFO - [2023-06-13T23:18:51.709+0000] {dag.py:3490} INFO - Setting next_dagrun for example_local_kubernetes_executor to None, run_after=None
[2023-06-13T23:18:51.801+0000] {processor.py:179} INFO - Processing /home/airflow/.local/lib/python3.7/site-packages/airflow/example_dags/example_local_kubernetes_executor.py took 0.839 seconds
[2023-06-13T23:19:22.024+0000] {processor.py:157} INFO - Started process (PID=12093) to work on /home/airflow/.local/lib/python3.7/site-packages/airflow/example_dags/example_local_kubernetes_executor.py
[2023-06-13T23:19:22.025+0000] {processor.py:826} INFO - Processing file /home/airflow/.local/lib/python3.7/site-packages/airflow/example_dags/example_local_kubernetes_executor.py for tasks to queue
[2023-06-13T23:19:22.026+0000] {logging_mixin.py:149} INFO - [2023-06-13T23:19:22.026+0000] {dagbag.py:541} INFO - Filling up the DagBag from /home/airflow/.local/lib/python3.7/site-packages/airflow/example_dags/example_local_kubernetes_executor.py
[2023-06-13T23:19:22.420+0000] {processor.py:836} INFO - DAG(s) dict_keys(['example_local_kubernetes_executor']) retrieved from /home/airflow/.local/lib/python3.7/site-packages/airflow/example_dags/example_local_kubernetes_executor.py
[2023-06-13T23:19:22.491+0000] {logging_mixin.py:149} INFO - [2023-06-13T23:19:22.490+0000] {dag.py:2726} INFO - Sync 1 DAGs
[2023-06-13T23:19:22.561+0000] {logging_mixin.py:149} INFO - [2023-06-13T23:19:22.561+0000] {dag.py:3490} INFO - Setting next_dagrun for example_local_kubernetes_executor to None, run_after=None
[2023-06-13T23:19:22.625+0000] {processor.py:179} INFO - Processing /home/airflow/.local/lib/python3.7/site-packages/airflow/example_dags/example_local_kubernetes_executor.py took 0.608 seconds
[2023-06-13T23:19:52.735+0000] {processor.py:157} INFO - Started process (PID=12333) to work on /home/airflow/.local/lib/python3.7/site-packages/airflow/example_dags/example_local_kubernetes_executor.py
[2023-06-13T23:19:52.742+0000] {processor.py:826} INFO - Processing file /home/airflow/.local/lib/python3.7/site-packages/airflow/example_dags/example_local_kubernetes_executor.py for tasks to queue
[2023-06-13T23:19:52.744+0000] {logging_mixin.py:149} INFO - [2023-06-13T23:19:52.744+0000] {dagbag.py:541} INFO - Filling up the DagBag from /home/airflow/.local/lib/python3.7/site-packages/airflow/example_dags/example_local_kubernetes_executor.py
[2023-06-13T23:19:53.260+0000] {processor.py:836} INFO - DAG(s) dict_keys(['example_local_kubernetes_executor']) retrieved from /home/airflow/.local/lib/python3.7/site-packages/airflow/example_dags/example_local_kubernetes_executor.py
[2023-06-13T23:19:53.364+0000] {logging_mixin.py:149} INFO - [2023-06-13T23:19:53.363+0000] {dag.py:2726} INFO - Sync 1 DAGs
[2023-06-13T23:19:53.444+0000] {logging_mixin.py:149} INFO - [2023-06-13T23:19:53.444+0000] {dag.py:3490} INFO - Setting next_dagrun for example_local_kubernetes_executor to None, run_after=None
[2023-06-13T23:19:53.517+0000] {processor.py:179} INFO - Processing /home/airflow/.local/lib/python3.7/site-packages/airflow/example_dags/example_local_kubernetes_executor.py took 0.791 seconds
[2023-06-13T23:20:23.993+0000] {processor.py:157} INFO - Started process (PID=12578) to work on /home/airflow/.local/lib/python3.7/site-packages/airflow/example_dags/example_local_kubernetes_executor.py
[2023-06-13T23:20:23.996+0000] {processor.py:826} INFO - Processing file /home/airflow/.local/lib/python3.7/site-packages/airflow/example_dags/example_local_kubernetes_executor.py for tasks to queue
[2023-06-13T23:20:23.998+0000] {logging_mixin.py:149} INFO - [2023-06-13T23:20:23.998+0000] {dagbag.py:541} INFO - Filling up the DagBag from /home/airflow/.local/lib/python3.7/site-packages/airflow/example_dags/example_local_kubernetes_executor.py
[2023-06-13T23:20:24.700+0000] {processor.py:836} INFO - DAG(s) dict_keys(['example_local_kubernetes_executor']) retrieved from /home/airflow/.local/lib/python3.7/site-packages/airflow/example_dags/example_local_kubernetes_executor.py
[2023-06-13T23:20:24.790+0000] {logging_mixin.py:149} INFO - [2023-06-13T23:20:24.789+0000] {dag.py:2726} INFO - Sync 1 DAGs
[2023-06-13T23:20:24.874+0000] {logging_mixin.py:149} INFO - [2023-06-13T23:20:24.874+0000] {dag.py:3490} INFO - Setting next_dagrun for example_local_kubernetes_executor to None, run_after=None
[2023-06-13T23:20:24.963+0000] {processor.py:179} INFO - Processing /home/airflow/.local/lib/python3.7/site-packages/airflow/example_dags/example_local_kubernetes_executor.py took 0.978 seconds
[2023-06-13T23:20:55.237+0000] {processor.py:157} INFO - Started process (PID=12822) to work on /home/airflow/.local/lib/python3.7/site-packages/airflow/example_dags/example_local_kubernetes_executor.py
[2023-06-13T23:20:55.238+0000] {processor.py:826} INFO - Processing file /home/airflow/.local/lib/python3.7/site-packages/airflow/example_dags/example_local_kubernetes_executor.py for tasks to queue
[2023-06-13T23:20:55.239+0000] {logging_mixin.py:149} INFO - [2023-06-13T23:20:55.239+0000] {dagbag.py:541} INFO - Filling up the DagBag from /home/airflow/.local/lib/python3.7/site-packages/airflow/example_dags/example_local_kubernetes_executor.py
[2023-06-13T23:20:55.797+0000] {processor.py:836} INFO - DAG(s) dict_keys(['example_local_kubernetes_executor']) retrieved from /home/airflow/.local/lib/python3.7/site-packages/airflow/example_dags/example_local_kubernetes_executor.py
[2023-06-13T23:20:55.870+0000] {logging_mixin.py:149} INFO - [2023-06-13T23:20:55.869+0000] {dag.py:2726} INFO - Sync 1 DAGs
[2023-06-13T23:20:55.941+0000] {logging_mixin.py:149} INFO - [2023-06-13T23:20:55.941+0000] {dag.py:3490} INFO - Setting next_dagrun for example_local_kubernetes_executor to None, run_after=None
[2023-06-13T23:20:56.006+0000] {processor.py:179} INFO - Processing /home/airflow/.local/lib/python3.7/site-packages/airflow/example_dags/example_local_kubernetes_executor.py took 0.779 seconds
[2023-06-13T23:21:26.209+0000] {processor.py:157} INFO - Started process (PID=13066) to work on /home/airflow/.local/lib/python3.7/site-packages/airflow/example_dags/example_local_kubernetes_executor.py
[2023-06-13T23:21:26.212+0000] {processor.py:826} INFO - Processing file /home/airflow/.local/lib/python3.7/site-packages/airflow/example_dags/example_local_kubernetes_executor.py for tasks to queue
[2023-06-13T23:21:26.213+0000] {logging_mixin.py:149} INFO - [2023-06-13T23:21:26.212+0000] {dagbag.py:541} INFO - Filling up the DagBag from /home/airflow/.local/lib/python3.7/site-packages/airflow/example_dags/example_local_kubernetes_executor.py
[2023-06-13T23:21:26.756+0000] {processor.py:836} INFO - DAG(s) dict_keys(['example_local_kubernetes_executor']) retrieved from /home/airflow/.local/lib/python3.7/site-packages/airflow/example_dags/example_local_kubernetes_executor.py
[2023-06-13T23:21:26.840+0000] {logging_mixin.py:149} INFO - [2023-06-13T23:21:26.839+0000] {dag.py:2726} INFO - Sync 1 DAGs
[2023-06-13T23:21:26.896+0000] {logging_mixin.py:149} INFO - [2023-06-13T23:21:26.895+0000] {dag.py:3490} INFO - Setting next_dagrun for example_local_kubernetes_executor to None, run_after=None
[2023-06-13T23:21:26.955+0000] {processor.py:179} INFO - Processing /home/airflow/.local/lib/python3.7/site-packages/airflow/example_dags/example_local_kubernetes_executor.py took 0.754 seconds
[2023-06-13T23:21:58.330+0000] {processor.py:157} INFO - Started process (PID=13309) to work on /home/airflow/.local/lib/python3.7/site-packages/airflow/example_dags/example_local_kubernetes_executor.py
[2023-06-13T23:21:58.333+0000] {processor.py:826} INFO - Processing file /home/airflow/.local/lib/python3.7/site-packages/airflow/example_dags/example_local_kubernetes_executor.py for tasks to queue
[2023-06-13T23:21:58.336+0000] {logging_mixin.py:149} INFO - [2023-06-13T23:21:58.335+0000] {dagbag.py:541} INFO - Filling up the DagBag from /home/airflow/.local/lib/python3.7/site-packages/airflow/example_dags/example_local_kubernetes_executor.py
[2023-06-13T23:21:59.047+0000] {processor.py:836} INFO - DAG(s) dict_keys(['example_local_kubernetes_executor']) retrieved from /home/airflow/.local/lib/python3.7/site-packages/airflow/example_dags/example_local_kubernetes_executor.py
[2023-06-13T23:21:59.135+0000] {logging_mixin.py:149} INFO - [2023-06-13T23:21:59.134+0000] {dag.py:2726} INFO - Sync 1 DAGs
[2023-06-13T23:21:59.197+0000] {logging_mixin.py:149} INFO - [2023-06-13T23:21:59.197+0000] {dag.py:3490} INFO - Setting next_dagrun for example_local_kubernetes_executor to None, run_after=None
[2023-06-13T23:21:59.277+0000] {processor.py:179} INFO - Processing /home/airflow/.local/lib/python3.7/site-packages/airflow/example_dags/example_local_kubernetes_executor.py took 0.954 seconds
[2023-06-13T23:22:29.938+0000] {processor.py:157} INFO - Started process (PID=13538) to work on /home/airflow/.local/lib/python3.7/site-packages/airflow/example_dags/example_local_kubernetes_executor.py
[2023-06-13T23:22:29.941+0000] {processor.py:826} INFO - Processing file /home/airflow/.local/lib/python3.7/site-packages/airflow/example_dags/example_local_kubernetes_executor.py for tasks to queue
[2023-06-13T23:22:29.942+0000] {logging_mixin.py:149} INFO - [2023-06-13T23:22:29.942+0000] {dagbag.py:541} INFO - Filling up the DagBag from /home/airflow/.local/lib/python3.7/site-packages/airflow/example_dags/example_local_kubernetes_executor.py
[2023-06-13T23:22:30.334+0000] {processor.py:836} INFO - DAG(s) dict_keys(['example_local_kubernetes_executor']) retrieved from /home/airflow/.local/lib/python3.7/site-packages/airflow/example_dags/example_local_kubernetes_executor.py
[2023-06-13T23:22:30.391+0000] {logging_mixin.py:149} INFO - [2023-06-13T23:22:30.391+0000] {dag.py:2726} INFO - Sync 1 DAGs
[2023-06-13T23:22:30.432+0000] {logging_mixin.py:149} INFO - [2023-06-13T23:22:30.432+0000] {dag.py:3490} INFO - Setting next_dagrun for example_local_kubernetes_executor to None, run_after=None
[2023-06-13T23:22:30.460+0000] {processor.py:179} INFO - Processing /home/airflow/.local/lib/python3.7/site-packages/airflow/example_dags/example_local_kubernetes_executor.py took 0.527 seconds
[2023-06-13T23:23:00.507+0000] {processor.py:157} INFO - Started process (PID=13778) to work on /home/airflow/.local/lib/python3.7/site-packages/airflow/example_dags/example_local_kubernetes_executor.py
[2023-06-13T23:23:00.508+0000] {processor.py:826} INFO - Processing file /home/airflow/.local/lib/python3.7/site-packages/airflow/example_dags/example_local_kubernetes_executor.py for tasks to queue
[2023-06-13T23:23:00.509+0000] {logging_mixin.py:149} INFO - [2023-06-13T23:23:00.509+0000] {dagbag.py:541} INFO - Filling up the DagBag from /home/airflow/.local/lib/python3.7/site-packages/airflow/example_dags/example_local_kubernetes_executor.py
[2023-06-13T23:23:00.773+0000] {processor.py:836} INFO - DAG(s) dict_keys(['example_local_kubernetes_executor']) retrieved from /home/airflow/.local/lib/python3.7/site-packages/airflow/example_dags/example_local_kubernetes_executor.py
[2023-06-13T23:23:00.821+0000] {logging_mixin.py:149} INFO - [2023-06-13T23:23:00.821+0000] {dag.py:2726} INFO - Sync 1 DAGs
[2023-06-13T23:23:00.859+0000] {logging_mixin.py:149} INFO - [2023-06-13T23:23:00.858+0000] {dag.py:3490} INFO - Setting next_dagrun for example_local_kubernetes_executor to None, run_after=None
[2023-06-13T23:23:00.897+0000] {processor.py:179} INFO - Processing /home/airflow/.local/lib/python3.7/site-packages/airflow/example_dags/example_local_kubernetes_executor.py took 0.395 seconds
[2023-06-13T23:23:31.116+0000] {processor.py:157} INFO - Started process (PID=14018) to work on /home/airflow/.local/lib/python3.7/site-packages/airflow/example_dags/example_local_kubernetes_executor.py
[2023-06-13T23:23:31.119+0000] {processor.py:826} INFO - Processing file /home/airflow/.local/lib/python3.7/site-packages/airflow/example_dags/example_local_kubernetes_executor.py for tasks to queue
[2023-06-13T23:23:31.120+0000] {logging_mixin.py:149} INFO - [2023-06-13T23:23:31.120+0000] {dagbag.py:541} INFO - Filling up the DagBag from /home/airflow/.local/lib/python3.7/site-packages/airflow/example_dags/example_local_kubernetes_executor.py
[2023-06-13T23:23:31.450+0000] {processor.py:836} INFO - DAG(s) dict_keys(['example_local_kubernetes_executor']) retrieved from /home/airflow/.local/lib/python3.7/site-packages/airflow/example_dags/example_local_kubernetes_executor.py
[2023-06-13T23:23:31.520+0000] {logging_mixin.py:149} INFO - [2023-06-13T23:23:31.520+0000] {dag.py:2726} INFO - Sync 1 DAGs
[2023-06-13T23:23:31.567+0000] {logging_mixin.py:149} INFO - [2023-06-13T23:23:31.566+0000] {dag.py:3490} INFO - Setting next_dagrun for example_local_kubernetes_executor to None, run_after=None
[2023-06-13T23:23:31.623+0000] {processor.py:179} INFO - Processing /home/airflow/.local/lib/python3.7/site-packages/airflow/example_dags/example_local_kubernetes_executor.py took 0.511 seconds
[2023-06-13T23:24:01.701+0000] {processor.py:157} INFO - Started process (PID=14263) to work on /home/airflow/.local/lib/python3.7/site-packages/airflow/example_dags/example_local_kubernetes_executor.py
[2023-06-13T23:24:01.702+0000] {processor.py:826} INFO - Processing file /home/airflow/.local/lib/python3.7/site-packages/airflow/example_dags/example_local_kubernetes_executor.py for tasks to queue
[2023-06-13T23:24:01.703+0000] {logging_mixin.py:149} INFO - [2023-06-13T23:24:01.703+0000] {dagbag.py:541} INFO - Filling up the DagBag from /home/airflow/.local/lib/python3.7/site-packages/airflow/example_dags/example_local_kubernetes_executor.py
[2023-06-13T23:24:02.133+0000] {processor.py:836} INFO - DAG(s) dict_keys(['example_local_kubernetes_executor']) retrieved from /home/airflow/.local/lib/python3.7/site-packages/airflow/example_dags/example_local_kubernetes_executor.py
[2023-06-13T23:24:02.209+0000] {logging_mixin.py:149} INFO - [2023-06-13T23:24:02.208+0000] {dag.py:2726} INFO - Sync 1 DAGs
[2023-06-13T23:24:02.268+0000] {logging_mixin.py:149} INFO - [2023-06-13T23:24:02.268+0000] {dag.py:3490} INFO - Setting next_dagrun for example_local_kubernetes_executor to None, run_after=None
[2023-06-13T23:24:02.310+0000] {processor.py:179} INFO - Processing /home/airflow/.local/lib/python3.7/site-packages/airflow/example_dags/example_local_kubernetes_executor.py took 0.614 seconds
[2023-06-13T23:24:32.564+0000] {processor.py:157} INFO - Started process (PID=14520) to work on /home/airflow/.local/lib/python3.7/site-packages/airflow/example_dags/example_local_kubernetes_executor.py
[2023-06-13T23:24:32.570+0000] {processor.py:826} INFO - Processing file /home/airflow/.local/lib/python3.7/site-packages/airflow/example_dags/example_local_kubernetes_executor.py for tasks to queue
[2023-06-13T23:24:32.572+0000] {logging_mixin.py:149} INFO - [2023-06-13T23:24:32.571+0000] {dagbag.py:541} INFO - Filling up the DagBag from /home/airflow/.local/lib/python3.7/site-packages/airflow/example_dags/example_local_kubernetes_executor.py
[2023-06-13T23:24:32.991+0000] {processor.py:836} INFO - DAG(s) dict_keys(['example_local_kubernetes_executor']) retrieved from /home/airflow/.local/lib/python3.7/site-packages/airflow/example_dags/example_local_kubernetes_executor.py
[2023-06-13T23:24:33.078+0000] {logging_mixin.py:149} INFO - [2023-06-13T23:24:33.078+0000] {dag.py:2726} INFO - Sync 1 DAGs
[2023-06-13T23:24:33.137+0000] {logging_mixin.py:149} INFO - [2023-06-13T23:24:33.137+0000] {dag.py:3490} INFO - Setting next_dagrun for example_local_kubernetes_executor to None, run_after=None
[2023-06-13T23:24:33.201+0000] {processor.py:179} INFO - Processing /home/airflow/.local/lib/python3.7/site-packages/airflow/example_dags/example_local_kubernetes_executor.py took 0.645 seconds
[2023-06-13T23:25:03.325+0000] {processor.py:157} INFO - Started process (PID=14780) to work on /home/airflow/.local/lib/python3.7/site-packages/airflow/example_dags/example_local_kubernetes_executor.py
[2023-06-13T23:25:03.328+0000] {processor.py:826} INFO - Processing file /home/airflow/.local/lib/python3.7/site-packages/airflow/example_dags/example_local_kubernetes_executor.py for tasks to queue
[2023-06-13T23:25:03.330+0000] {logging_mixin.py:149} INFO - [2023-06-13T23:25:03.329+0000] {dagbag.py:541} INFO - Filling up the DagBag from /home/airflow/.local/lib/python3.7/site-packages/airflow/example_dags/example_local_kubernetes_executor.py
[2023-06-13T23:25:03.711+0000] {processor.py:836} INFO - DAG(s) dict_keys(['example_local_kubernetes_executor']) retrieved from /home/airflow/.local/lib/python3.7/site-packages/airflow/example_dags/example_local_kubernetes_executor.py
[2023-06-13T23:25:03.781+0000] {logging_mixin.py:149} INFO - [2023-06-13T23:25:03.781+0000] {dag.py:2726} INFO - Sync 1 DAGs
[2023-06-13T23:25:03.829+0000] {logging_mixin.py:149} INFO - [2023-06-13T23:25:03.829+0000] {dag.py:3490} INFO - Setting next_dagrun for example_local_kubernetes_executor to None, run_after=None
[2023-06-13T23:25:03.877+0000] {processor.py:179} INFO - Processing /home/airflow/.local/lib/python3.7/site-packages/airflow/example_dags/example_local_kubernetes_executor.py took 0.558 seconds
[2023-06-13T23:25:34.818+0000] {processor.py:157} INFO - Started process (PID=15019) to work on /home/airflow/.local/lib/python3.7/site-packages/airflow/example_dags/example_local_kubernetes_executor.py
[2023-06-13T23:25:34.822+0000] {processor.py:826} INFO - Processing file /home/airflow/.local/lib/python3.7/site-packages/airflow/example_dags/example_local_kubernetes_executor.py for tasks to queue
[2023-06-13T23:25:34.824+0000] {logging_mixin.py:149} INFO - [2023-06-13T23:25:34.823+0000] {dagbag.py:541} INFO - Filling up the DagBag from /home/airflow/.local/lib/python3.7/site-packages/airflow/example_dags/example_local_kubernetes_executor.py
[2023-06-13T23:25:35.169+0000] {processor.py:836} INFO - DAG(s) dict_keys(['example_local_kubernetes_executor']) retrieved from /home/airflow/.local/lib/python3.7/site-packages/airflow/example_dags/example_local_kubernetes_executor.py
[2023-06-13T23:25:35.241+0000] {logging_mixin.py:149} INFO - [2023-06-13T23:25:35.240+0000] {dag.py:2726} INFO - Sync 1 DAGs
[2023-06-13T23:25:35.299+0000] {logging_mixin.py:149} INFO - [2023-06-13T23:25:35.299+0000] {dag.py:3490} INFO - Setting next_dagrun for example_local_kubernetes_executor to None, run_after=None
[2023-06-13T23:25:35.344+0000] {processor.py:179} INFO - Processing /home/airflow/.local/lib/python3.7/site-packages/airflow/example_dags/example_local_kubernetes_executor.py took 0.531 seconds
