[2023-06-13T22:54:11.835+0000] {processor.py:157} INFO - Started process (PID=298) to work on /home/airflow/.local/lib/python3.7/site-packages/airflow/example_dags/tutorial.py
[2023-06-13T22:54:11.837+0000] {processor.py:826} INFO - Processing file /home/airflow/.local/lib/python3.7/site-packages/airflow/example_dags/tutorial.py for tasks to queue
[2023-06-13T22:54:11.840+0000] {logging_mixin.py:149} INFO - [2023-06-13T22:54:11.839+0000] {dagbag.py:541} INFO - Filling up the DagBag from /home/airflow/.local/lib/python3.7/site-packages/airflow/example_dags/tutorial.py
[2023-06-13T22:54:11.854+0000] {processor.py:836} INFO - DAG(s) dict_keys(['tutorial']) retrieved from /home/airflow/.local/lib/python3.7/site-packages/airflow/example_dags/tutorial.py
[2023-06-13T22:54:11.926+0000] {logging_mixin.py:149} INFO - [2023-06-13T22:54:11.925+0000] {dag.py:2726} INFO - Sync 1 DAGs
[2023-06-13T22:54:11.978+0000] {logging_mixin.py:149} INFO - [2023-06-13T22:54:11.978+0000] {dag.py:3490} INFO - Setting next_dagrun for tutorial to 2023-06-12T22:54:11.978186+00:00, run_after=2023-06-13T22:54:11.978186+00:00
[2023-06-13T22:54:12.046+0000] {processor.py:179} INFO - Processing /home/airflow/.local/lib/python3.7/site-packages/airflow/example_dags/tutorial.py took 0.217 seconds
[2023-06-13T22:54:44.634+0000] {processor.py:157} INFO - Started process (PID=538) to work on /home/airflow/.local/lib/python3.7/site-packages/airflow/example_dags/tutorial.py
[2023-06-13T22:54:44.639+0000] {processor.py:826} INFO - Processing file /home/airflow/.local/lib/python3.7/site-packages/airflow/example_dags/tutorial.py for tasks to queue
[2023-06-13T22:54:44.641+0000] {logging_mixin.py:149} INFO - [2023-06-13T22:54:44.640+0000] {dagbag.py:541} INFO - Filling up the DagBag from /home/airflow/.local/lib/python3.7/site-packages/airflow/example_dags/tutorial.py
[2023-06-13T22:54:44.655+0000] {processor.py:836} INFO - DAG(s) dict_keys(['tutorial']) retrieved from /home/airflow/.local/lib/python3.7/site-packages/airflow/example_dags/tutorial.py
[2023-06-13T22:54:44.724+0000] {logging_mixin.py:149} INFO - [2023-06-13T22:54:44.724+0000] {dag.py:2726} INFO - Sync 1 DAGs
[2023-06-13T22:54:44.997+0000] {logging_mixin.py:149} INFO - [2023-06-13T22:54:44.996+0000] {dag.py:3490} INFO - Setting next_dagrun for tutorial to 2023-06-12T22:54:44.996519+00:00, run_after=2023-06-13T22:54:44.996519+00:00
[2023-06-13T22:54:45.057+0000] {processor.py:179} INFO - Processing /home/airflow/.local/lib/python3.7/site-packages/airflow/example_dags/tutorial.py took 0.428 seconds
[2023-06-13T22:55:15.706+0000] {processor.py:157} INFO - Started process (PID=778) to work on /home/airflow/.local/lib/python3.7/site-packages/airflow/example_dags/tutorial.py
[2023-06-13T22:55:15.711+0000] {processor.py:826} INFO - Processing file /home/airflow/.local/lib/python3.7/site-packages/airflow/example_dags/tutorial.py for tasks to queue
[2023-06-13T22:55:15.718+0000] {logging_mixin.py:149} INFO - [2023-06-13T22:55:15.717+0000] {dagbag.py:541} INFO - Filling up the DagBag from /home/airflow/.local/lib/python3.7/site-packages/airflow/example_dags/tutorial.py
[2023-06-13T22:55:15.734+0000] {processor.py:836} INFO - DAG(s) dict_keys(['tutorial']) retrieved from /home/airflow/.local/lib/python3.7/site-packages/airflow/example_dags/tutorial.py
[2023-06-13T22:55:15.811+0000] {logging_mixin.py:149} INFO - [2023-06-13T22:55:15.811+0000] {dag.py:2726} INFO - Sync 1 DAGs
[2023-06-13T22:55:15.887+0000] {logging_mixin.py:149} INFO - [2023-06-13T22:55:15.886+0000] {dag.py:3490} INFO - Setting next_dagrun for tutorial to 2023-06-12T22:55:15.885873+00:00, run_after=2023-06-13T22:55:15.885873+00:00
[2023-06-13T22:55:15.969+0000] {processor.py:179} INFO - Processing /home/airflow/.local/lib/python3.7/site-packages/airflow/example_dags/tutorial.py took 0.268 seconds
[2023-06-13T22:55:46.682+0000] {processor.py:157} INFO - Started process (PID=1029) to work on /home/airflow/.local/lib/python3.7/site-packages/airflow/example_dags/tutorial.py
[2023-06-13T22:55:46.686+0000] {processor.py:826} INFO - Processing file /home/airflow/.local/lib/python3.7/site-packages/airflow/example_dags/tutorial.py for tasks to queue
[2023-06-13T22:55:46.687+0000] {logging_mixin.py:149} INFO - [2023-06-13T22:55:46.687+0000] {dagbag.py:541} INFO - Filling up the DagBag from /home/airflow/.local/lib/python3.7/site-packages/airflow/example_dags/tutorial.py
[2023-06-13T22:55:46.698+0000] {processor.py:836} INFO - DAG(s) dict_keys(['tutorial']) retrieved from /home/airflow/.local/lib/python3.7/site-packages/airflow/example_dags/tutorial.py
[2023-06-13T22:55:46.779+0000] {logging_mixin.py:149} INFO - [2023-06-13T22:55:46.778+0000] {dag.py:2726} INFO - Sync 1 DAGs
[2023-06-13T22:55:46.840+0000] {logging_mixin.py:149} INFO - [2023-06-13T22:55:46.839+0000] {dag.py:3490} INFO - Setting next_dagrun for tutorial to 2023-06-12T22:55:46.839362+00:00, run_after=2023-06-13T22:55:46.839362+00:00
[2023-06-13T22:55:46.903+0000] {processor.py:179} INFO - Processing /home/airflow/.local/lib/python3.7/site-packages/airflow/example_dags/tutorial.py took 0.227 seconds
[2023-06-13T22:56:17.507+0000] {processor.py:157} INFO - Started process (PID=1269) to work on /home/airflow/.local/lib/python3.7/site-packages/airflow/example_dags/tutorial.py
[2023-06-13T22:56:17.509+0000] {processor.py:826} INFO - Processing file /home/airflow/.local/lib/python3.7/site-packages/airflow/example_dags/tutorial.py for tasks to queue
[2023-06-13T22:56:17.511+0000] {logging_mixin.py:149} INFO - [2023-06-13T22:56:17.511+0000] {dagbag.py:541} INFO - Filling up the DagBag from /home/airflow/.local/lib/python3.7/site-packages/airflow/example_dags/tutorial.py
[2023-06-13T22:56:17.526+0000] {processor.py:836} INFO - DAG(s) dict_keys(['tutorial']) retrieved from /home/airflow/.local/lib/python3.7/site-packages/airflow/example_dags/tutorial.py
[2023-06-13T22:56:17.589+0000] {logging_mixin.py:149} INFO - [2023-06-13T22:56:17.588+0000] {dag.py:2726} INFO - Sync 1 DAGs
[2023-06-13T22:56:17.641+0000] {logging_mixin.py:149} INFO - [2023-06-13T22:56:17.641+0000] {dag.py:3490} INFO - Setting next_dagrun for tutorial to 2023-06-12T22:56:17.641082+00:00, run_after=2023-06-13T22:56:17.641082+00:00
[2023-06-13T22:56:17.701+0000] {processor.py:179} INFO - Processing /home/airflow/.local/lib/python3.7/site-packages/airflow/example_dags/tutorial.py took 0.201 seconds
[2023-06-13T22:56:48.048+0000] {processor.py:157} INFO - Started process (PID=1509) to work on /home/airflow/.local/lib/python3.7/site-packages/airflow/example_dags/tutorial.py
[2023-06-13T22:56:48.050+0000] {processor.py:826} INFO - Processing file /home/airflow/.local/lib/python3.7/site-packages/airflow/example_dags/tutorial.py for tasks to queue
[2023-06-13T22:56:48.051+0000] {logging_mixin.py:149} INFO - [2023-06-13T22:56:48.051+0000] {dagbag.py:541} INFO - Filling up the DagBag from /home/airflow/.local/lib/python3.7/site-packages/airflow/example_dags/tutorial.py
[2023-06-13T22:56:48.063+0000] {processor.py:836} INFO - DAG(s) dict_keys(['tutorial']) retrieved from /home/airflow/.local/lib/python3.7/site-packages/airflow/example_dags/tutorial.py
[2023-06-13T22:56:48.112+0000] {logging_mixin.py:149} INFO - [2023-06-13T22:56:48.111+0000] {dag.py:2726} INFO - Sync 1 DAGs
[2023-06-13T22:56:48.152+0000] {logging_mixin.py:149} INFO - [2023-06-13T22:56:48.152+0000] {dag.py:3490} INFO - Setting next_dagrun for tutorial to 2023-06-12T22:56:48.151646+00:00, run_after=2023-06-13T22:56:48.151646+00:00
[2023-06-13T22:56:48.202+0000] {processor.py:179} INFO - Processing /home/airflow/.local/lib/python3.7/site-packages/airflow/example_dags/tutorial.py took 0.159 seconds
[2023-06-13T22:57:18.875+0000] {processor.py:157} INFO - Started process (PID=1748) to work on /home/airflow/.local/lib/python3.7/site-packages/airflow/example_dags/tutorial.py
[2023-06-13T22:57:18.880+0000] {processor.py:826} INFO - Processing file /home/airflow/.local/lib/python3.7/site-packages/airflow/example_dags/tutorial.py for tasks to queue
[2023-06-13T22:57:18.884+0000] {logging_mixin.py:149} INFO - [2023-06-13T22:57:18.883+0000] {dagbag.py:541} INFO - Filling up the DagBag from /home/airflow/.local/lib/python3.7/site-packages/airflow/example_dags/tutorial.py
[2023-06-13T22:57:18.901+0000] {processor.py:836} INFO - DAG(s) dict_keys(['tutorial']) retrieved from /home/airflow/.local/lib/python3.7/site-packages/airflow/example_dags/tutorial.py
[2023-06-13T22:57:18.979+0000] {logging_mixin.py:149} INFO - [2023-06-13T22:57:18.977+0000] {dag.py:2726} INFO - Sync 1 DAGs
[2023-06-13T22:57:19.065+0000] {logging_mixin.py:149} INFO - [2023-06-13T22:57:19.064+0000] {dag.py:3490} INFO - Setting next_dagrun for tutorial to 2023-06-12T22:57:19.063357+00:00, run_after=2023-06-13T22:57:19.063357+00:00
[2023-06-13T22:57:19.130+0000] {processor.py:179} INFO - Processing /home/airflow/.local/lib/python3.7/site-packages/airflow/example_dags/tutorial.py took 0.266 seconds
[2023-06-13T22:57:49.549+0000] {processor.py:157} INFO - Started process (PID=1988) to work on /home/airflow/.local/lib/python3.7/site-packages/airflow/example_dags/tutorial.py
[2023-06-13T22:57:49.552+0000] {processor.py:826} INFO - Processing file /home/airflow/.local/lib/python3.7/site-packages/airflow/example_dags/tutorial.py for tasks to queue
[2023-06-13T22:57:49.555+0000] {logging_mixin.py:149} INFO - [2023-06-13T22:57:49.554+0000] {dagbag.py:541} INFO - Filling up the DagBag from /home/airflow/.local/lib/python3.7/site-packages/airflow/example_dags/tutorial.py
[2023-06-13T22:57:49.586+0000] {processor.py:836} INFO - DAG(s) dict_keys(['tutorial']) retrieved from /home/airflow/.local/lib/python3.7/site-packages/airflow/example_dags/tutorial.py
[2023-06-13T22:57:49.637+0000] {logging_mixin.py:149} INFO - [2023-06-13T22:57:49.637+0000] {dag.py:2726} INFO - Sync 1 DAGs
[2023-06-13T22:57:49.714+0000] {logging_mixin.py:149} INFO - [2023-06-13T22:57:49.713+0000] {dag.py:3490} INFO - Setting next_dagrun for tutorial to 2023-06-12T22:57:49.713297+00:00, run_after=2023-06-13T22:57:49.713297+00:00
[2023-06-13T22:57:49.772+0000] {processor.py:179} INFO - Processing /home/airflow/.local/lib/python3.7/site-packages/airflow/example_dags/tutorial.py took 0.230 seconds
[2023-06-13T22:58:20.390+0000] {processor.py:157} INFO - Started process (PID=2228) to work on /home/airflow/.local/lib/python3.7/site-packages/airflow/example_dags/tutorial.py
[2023-06-13T22:58:20.393+0000] {processor.py:826} INFO - Processing file /home/airflow/.local/lib/python3.7/site-packages/airflow/example_dags/tutorial.py for tasks to queue
[2023-06-13T22:58:20.394+0000] {logging_mixin.py:149} INFO - [2023-06-13T22:58:20.394+0000] {dagbag.py:541} INFO - Filling up the DagBag from /home/airflow/.local/lib/python3.7/site-packages/airflow/example_dags/tutorial.py
[2023-06-13T22:58:20.406+0000] {processor.py:836} INFO - DAG(s) dict_keys(['tutorial']) retrieved from /home/airflow/.local/lib/python3.7/site-packages/airflow/example_dags/tutorial.py
[2023-06-13T22:58:20.464+0000] {logging_mixin.py:149} INFO - [2023-06-13T22:58:20.464+0000] {dag.py:2726} INFO - Sync 1 DAGs
[2023-06-13T22:58:20.513+0000] {logging_mixin.py:149} INFO - [2023-06-13T22:58:20.513+0000] {dag.py:3490} INFO - Setting next_dagrun for tutorial to 2023-06-12T22:58:20.513267+00:00, run_after=2023-06-13T22:58:20.513267+00:00
[2023-06-13T22:58:20.557+0000] {processor.py:179} INFO - Processing /home/airflow/.local/lib/python3.7/site-packages/airflow/example_dags/tutorial.py took 0.171 seconds
[2023-06-13T22:58:51.429+0000] {processor.py:157} INFO - Started process (PID=2468) to work on /home/airflow/.local/lib/python3.7/site-packages/airflow/example_dags/tutorial.py
[2023-06-13T22:58:51.431+0000] {processor.py:826} INFO - Processing file /home/airflow/.local/lib/python3.7/site-packages/airflow/example_dags/tutorial.py for tasks to queue
[2023-06-13T22:58:51.433+0000] {logging_mixin.py:149} INFO - [2023-06-13T22:58:51.432+0000] {dagbag.py:541} INFO - Filling up the DagBag from /home/airflow/.local/lib/python3.7/site-packages/airflow/example_dags/tutorial.py
[2023-06-13T22:58:51.446+0000] {processor.py:836} INFO - DAG(s) dict_keys(['tutorial']) retrieved from /home/airflow/.local/lib/python3.7/site-packages/airflow/example_dags/tutorial.py
[2023-06-13T22:58:51.501+0000] {logging_mixin.py:149} INFO - [2023-06-13T22:58:51.501+0000] {dag.py:2726} INFO - Sync 1 DAGs
[2023-06-13T22:58:51.557+0000] {logging_mixin.py:149} INFO - [2023-06-13T22:58:51.557+0000] {dag.py:3490} INFO - Setting next_dagrun for tutorial to 2023-06-12T22:58:51.557143+00:00, run_after=2023-06-13T22:58:51.557143+00:00
[2023-06-13T22:58:51.628+0000] {processor.py:179} INFO - Processing /home/airflow/.local/lib/python3.7/site-packages/airflow/example_dags/tutorial.py took 0.207 seconds
[2023-06-13T22:59:21.727+0000] {processor.py:157} INFO - Started process (PID=2703) to work on /home/airflow/.local/lib/python3.7/site-packages/airflow/example_dags/tutorial.py
[2023-06-13T22:59:21.732+0000] {processor.py:826} INFO - Processing file /home/airflow/.local/lib/python3.7/site-packages/airflow/example_dags/tutorial.py for tasks to queue
[2023-06-13T22:59:21.734+0000] {logging_mixin.py:149} INFO - [2023-06-13T22:59:21.733+0000] {dagbag.py:541} INFO - Filling up the DagBag from /home/airflow/.local/lib/python3.7/site-packages/airflow/example_dags/tutorial.py
[2023-06-13T22:59:21.749+0000] {processor.py:836} INFO - DAG(s) dict_keys(['tutorial']) retrieved from /home/airflow/.local/lib/python3.7/site-packages/airflow/example_dags/tutorial.py
[2023-06-13T22:59:21.812+0000] {logging_mixin.py:149} INFO - [2023-06-13T22:59:21.812+0000] {dag.py:2726} INFO - Sync 1 DAGs
[2023-06-13T22:59:21.870+0000] {logging_mixin.py:149} INFO - [2023-06-13T22:59:21.870+0000] {dag.py:3490} INFO - Setting next_dagrun for tutorial to 2023-06-12T22:59:21.869507+00:00, run_after=2023-06-13T22:59:21.869507+00:00
[2023-06-13T22:59:21.931+0000] {processor.py:179} INFO - Processing /home/airflow/.local/lib/python3.7/site-packages/airflow/example_dags/tutorial.py took 0.212 seconds
[2023-06-13T22:59:52.322+0000] {processor.py:157} INFO - Started process (PID=2943) to work on /home/airflow/.local/lib/python3.7/site-packages/airflow/example_dags/tutorial.py
[2023-06-13T22:59:52.325+0000] {processor.py:826} INFO - Processing file /home/airflow/.local/lib/python3.7/site-packages/airflow/example_dags/tutorial.py for tasks to queue
[2023-06-13T22:59:52.326+0000] {logging_mixin.py:149} INFO - [2023-06-13T22:59:52.326+0000] {dagbag.py:541} INFO - Filling up the DagBag from /home/airflow/.local/lib/python3.7/site-packages/airflow/example_dags/tutorial.py
[2023-06-13T22:59:52.338+0000] {processor.py:836} INFO - DAG(s) dict_keys(['tutorial']) retrieved from /home/airflow/.local/lib/python3.7/site-packages/airflow/example_dags/tutorial.py
[2023-06-13T22:59:52.396+0000] {logging_mixin.py:149} INFO - [2023-06-13T22:59:52.395+0000] {dag.py:2726} INFO - Sync 1 DAGs
[2023-06-13T22:59:52.455+0000] {logging_mixin.py:149} INFO - [2023-06-13T22:59:52.455+0000] {dag.py:3490} INFO - Setting next_dagrun for tutorial to 2023-06-12T22:59:52.454893+00:00, run_after=2023-06-13T22:59:52.454893+00:00
[2023-06-13T22:59:52.502+0000] {processor.py:179} INFO - Processing /home/airflow/.local/lib/python3.7/site-packages/airflow/example_dags/tutorial.py took 0.186 seconds
[2023-06-13T23:00:23.049+0000] {processor.py:157} INFO - Started process (PID=3183) to work on /home/airflow/.local/lib/python3.7/site-packages/airflow/example_dags/tutorial.py
[2023-06-13T23:00:23.053+0000] {processor.py:826} INFO - Processing file /home/airflow/.local/lib/python3.7/site-packages/airflow/example_dags/tutorial.py for tasks to queue
[2023-06-13T23:00:23.055+0000] {logging_mixin.py:149} INFO - [2023-06-13T23:00:23.054+0000] {dagbag.py:541} INFO - Filling up the DagBag from /home/airflow/.local/lib/python3.7/site-packages/airflow/example_dags/tutorial.py
[2023-06-13T23:00:23.070+0000] {processor.py:836} INFO - DAG(s) dict_keys(['tutorial']) retrieved from /home/airflow/.local/lib/python3.7/site-packages/airflow/example_dags/tutorial.py
[2023-06-13T23:00:23.158+0000] {logging_mixin.py:149} INFO - [2023-06-13T23:00:23.158+0000] {dag.py:2726} INFO - Sync 1 DAGs
[2023-06-13T23:00:23.237+0000] {logging_mixin.py:149} INFO - [2023-06-13T23:00:23.237+0000] {dag.py:3490} INFO - Setting next_dagrun for tutorial to 2023-06-12T23:00:23.236785+00:00, run_after=2023-06-13T23:00:23.236785+00:00
[2023-06-13T23:00:23.308+0000] {processor.py:179} INFO - Processing /home/airflow/.local/lib/python3.7/site-packages/airflow/example_dags/tutorial.py took 0.266 seconds
[2023-06-13T23:00:53.820+0000] {processor.py:157} INFO - Started process (PID=3423) to work on /home/airflow/.local/lib/python3.7/site-packages/airflow/example_dags/tutorial.py
[2023-06-13T23:00:53.823+0000] {processor.py:826} INFO - Processing file /home/airflow/.local/lib/python3.7/site-packages/airflow/example_dags/tutorial.py for tasks to queue
[2023-06-13T23:00:53.825+0000] {logging_mixin.py:149} INFO - [2023-06-13T23:00:53.825+0000] {dagbag.py:541} INFO - Filling up the DagBag from /home/airflow/.local/lib/python3.7/site-packages/airflow/example_dags/tutorial.py
[2023-06-13T23:00:53.840+0000] {processor.py:836} INFO - DAG(s) dict_keys(['tutorial']) retrieved from /home/airflow/.local/lib/python3.7/site-packages/airflow/example_dags/tutorial.py
[2023-06-13T23:00:53.893+0000] {logging_mixin.py:149} INFO - [2023-06-13T23:00:53.892+0000] {dag.py:2726} INFO - Sync 1 DAGs
[2023-06-13T23:00:53.953+0000] {logging_mixin.py:149} INFO - [2023-06-13T23:00:53.952+0000] {dag.py:3490} INFO - Setting next_dagrun for tutorial to 2023-06-12T23:00:53.952544+00:00, run_after=2023-06-13T23:00:53.952544+00:00
[2023-06-13T23:00:54.016+0000] {processor.py:179} INFO - Processing /home/airflow/.local/lib/python3.7/site-packages/airflow/example_dags/tutorial.py took 0.203 seconds
[2023-06-13T23:01:24.699+0000] {processor.py:157} INFO - Started process (PID=3663) to work on /home/airflow/.local/lib/python3.7/site-packages/airflow/example_dags/tutorial.py
[2023-06-13T23:01:24.703+0000] {processor.py:826} INFO - Processing file /home/airflow/.local/lib/python3.7/site-packages/airflow/example_dags/tutorial.py for tasks to queue
[2023-06-13T23:01:24.706+0000] {logging_mixin.py:149} INFO - [2023-06-13T23:01:24.705+0000] {dagbag.py:541} INFO - Filling up the DagBag from /home/airflow/.local/lib/python3.7/site-packages/airflow/example_dags/tutorial.py
[2023-06-13T23:01:24.729+0000] {processor.py:836} INFO - DAG(s) dict_keys(['tutorial']) retrieved from /home/airflow/.local/lib/python3.7/site-packages/airflow/example_dags/tutorial.py
[2023-06-13T23:01:24.846+0000] {logging_mixin.py:149} INFO - [2023-06-13T23:01:24.845+0000] {dag.py:2726} INFO - Sync 1 DAGs
[2023-06-13T23:01:24.932+0000] {logging_mixin.py:149} INFO - [2023-06-13T23:01:24.932+0000] {dag.py:3490} INFO - Setting next_dagrun for tutorial to 2023-06-12T23:01:24.931544+00:00, run_after=2023-06-13T23:01:24.931544+00:00
[2023-06-13T23:01:24.979+0000] {processor.py:179} INFO - Processing /home/airflow/.local/lib/python3.7/site-packages/airflow/example_dags/tutorial.py took 0.290 seconds
[2023-06-13T23:01:55.638+0000] {processor.py:157} INFO - Started process (PID=3911) to work on /home/airflow/.local/lib/python3.7/site-packages/airflow/example_dags/tutorial.py
[2023-06-13T23:01:55.641+0000] {processor.py:826} INFO - Processing file /home/airflow/.local/lib/python3.7/site-packages/airflow/example_dags/tutorial.py for tasks to queue
[2023-06-13T23:01:55.642+0000] {logging_mixin.py:149} INFO - [2023-06-13T23:01:55.641+0000] {dagbag.py:541} INFO - Filling up the DagBag from /home/airflow/.local/lib/python3.7/site-packages/airflow/example_dags/tutorial.py
[2023-06-13T23:01:55.653+0000] {processor.py:836} INFO - DAG(s) dict_keys(['tutorial']) retrieved from /home/airflow/.local/lib/python3.7/site-packages/airflow/example_dags/tutorial.py
[2023-06-13T23:01:55.706+0000] {logging_mixin.py:149} INFO - [2023-06-13T23:01:55.706+0000] {dag.py:2726} INFO - Sync 1 DAGs
[2023-06-13T23:01:55.757+0000] {logging_mixin.py:149} INFO - [2023-06-13T23:01:55.757+0000] {dag.py:3490} INFO - Setting next_dagrun for tutorial to 2023-06-12T23:01:55.756698+00:00, run_after=2023-06-13T23:01:55.756698+00:00
[2023-06-13T23:01:55.809+0000] {processor.py:179} INFO - Processing /home/airflow/.local/lib/python3.7/site-packages/airflow/example_dags/tutorial.py took 0.178 seconds
[2023-06-13T23:02:25.976+0000] {processor.py:157} INFO - Started process (PID=4151) to work on /home/airflow/.local/lib/python3.7/site-packages/airflow/example_dags/tutorial.py
[2023-06-13T23:02:25.979+0000] {processor.py:826} INFO - Processing file /home/airflow/.local/lib/python3.7/site-packages/airflow/example_dags/tutorial.py for tasks to queue
[2023-06-13T23:02:25.982+0000] {logging_mixin.py:149} INFO - [2023-06-13T23:02:25.981+0000] {dagbag.py:541} INFO - Filling up the DagBag from /home/airflow/.local/lib/python3.7/site-packages/airflow/example_dags/tutorial.py
[2023-06-13T23:02:25.999+0000] {processor.py:836} INFO - DAG(s) dict_keys(['tutorial']) retrieved from /home/airflow/.local/lib/python3.7/site-packages/airflow/example_dags/tutorial.py
[2023-06-13T23:02:26.067+0000] {logging_mixin.py:149} INFO - [2023-06-13T23:02:26.067+0000] {dag.py:2726} INFO - Sync 1 DAGs
[2023-06-13T23:02:26.129+0000] {logging_mixin.py:149} INFO - [2023-06-13T23:02:26.129+0000] {dag.py:3490} INFO - Setting next_dagrun for tutorial to 2023-06-12T23:02:26.128625+00:00, run_after=2023-06-13T23:02:26.128625+00:00
[2023-06-13T23:02:26.181+0000] {processor.py:179} INFO - Processing /home/airflow/.local/lib/python3.7/site-packages/airflow/example_dags/tutorial.py took 0.215 seconds
[2023-06-13T23:02:56.778+0000] {processor.py:157} INFO - Started process (PID=4392) to work on /home/airflow/.local/lib/python3.7/site-packages/airflow/example_dags/tutorial.py
[2023-06-13T23:02:56.780+0000] {processor.py:826} INFO - Processing file /home/airflow/.local/lib/python3.7/site-packages/airflow/example_dags/tutorial.py for tasks to queue
[2023-06-13T23:02:56.781+0000] {logging_mixin.py:149} INFO - [2023-06-13T23:02:56.781+0000] {dagbag.py:541} INFO - Filling up the DagBag from /home/airflow/.local/lib/python3.7/site-packages/airflow/example_dags/tutorial.py
[2023-06-13T23:02:56.790+0000] {processor.py:836} INFO - DAG(s) dict_keys(['tutorial']) retrieved from /home/airflow/.local/lib/python3.7/site-packages/airflow/example_dags/tutorial.py
[2023-06-13T23:02:56.831+0000] {logging_mixin.py:149} INFO - [2023-06-13T23:02:56.830+0000] {dag.py:2726} INFO - Sync 1 DAGs
[2023-06-13T23:02:56.868+0000] {logging_mixin.py:149} INFO - [2023-06-13T23:02:56.868+0000] {dag.py:3490} INFO - Setting next_dagrun for tutorial to 2023-06-12T23:02:56.867537+00:00, run_after=2023-06-13T23:02:56.867537+00:00
[2023-06-13T23:02:56.900+0000] {processor.py:179} INFO - Processing /home/airflow/.local/lib/python3.7/site-packages/airflow/example_dags/tutorial.py took 0.127 seconds
[2023-06-13T23:03:27.334+0000] {processor.py:157} INFO - Started process (PID=4632) to work on /home/airflow/.local/lib/python3.7/site-packages/airflow/example_dags/tutorial.py
[2023-06-13T23:03:27.335+0000] {processor.py:826} INFO - Processing file /home/airflow/.local/lib/python3.7/site-packages/airflow/example_dags/tutorial.py for tasks to queue
[2023-06-13T23:03:27.336+0000] {logging_mixin.py:149} INFO - [2023-06-13T23:03:27.336+0000] {dagbag.py:541} INFO - Filling up the DagBag from /home/airflow/.local/lib/python3.7/site-packages/airflow/example_dags/tutorial.py
[2023-06-13T23:03:27.348+0000] {processor.py:836} INFO - DAG(s) dict_keys(['tutorial']) retrieved from /home/airflow/.local/lib/python3.7/site-packages/airflow/example_dags/tutorial.py
[2023-06-13T23:03:27.405+0000] {logging_mixin.py:149} INFO - [2023-06-13T23:03:27.404+0000] {dag.py:2726} INFO - Sync 1 DAGs
[2023-06-13T23:03:27.454+0000] {logging_mixin.py:149} INFO - [2023-06-13T23:03:27.454+0000] {dag.py:3490} INFO - Setting next_dagrun for tutorial to 2023-06-12T23:03:27.453684+00:00, run_after=2023-06-13T23:03:27.453684+00:00
[2023-06-13T23:03:27.494+0000] {processor.py:179} INFO - Processing /home/airflow/.local/lib/python3.7/site-packages/airflow/example_dags/tutorial.py took 0.165 seconds
[2023-06-13T23:03:57.810+0000] {processor.py:157} INFO - Started process (PID=4870) to work on /home/airflow/.local/lib/python3.7/site-packages/airflow/example_dags/tutorial.py
[2023-06-13T23:03:57.813+0000] {processor.py:826} INFO - Processing file /home/airflow/.local/lib/python3.7/site-packages/airflow/example_dags/tutorial.py for tasks to queue
[2023-06-13T23:03:57.815+0000] {logging_mixin.py:149} INFO - [2023-06-13T23:03:57.814+0000] {dagbag.py:541} INFO - Filling up the DagBag from /home/airflow/.local/lib/python3.7/site-packages/airflow/example_dags/tutorial.py
[2023-06-13T23:03:57.823+0000] {processor.py:836} INFO - DAG(s) dict_keys(['tutorial']) retrieved from /home/airflow/.local/lib/python3.7/site-packages/airflow/example_dags/tutorial.py
[2023-06-13T23:03:57.875+0000] {logging_mixin.py:149} INFO - [2023-06-13T23:03:57.875+0000] {dag.py:2726} INFO - Sync 1 DAGs
[2023-06-13T23:03:57.921+0000] {logging_mixin.py:149} INFO - [2023-06-13T23:03:57.921+0000] {dag.py:3490} INFO - Setting next_dagrun for tutorial to 2023-06-12T23:03:57.920875+00:00, run_after=2023-06-13T23:03:57.920875+00:00
[2023-06-13T23:03:57.968+0000] {processor.py:179} INFO - Processing /home/airflow/.local/lib/python3.7/site-packages/airflow/example_dags/tutorial.py took 0.163 seconds
[2023-06-13T23:04:28.896+0000] {processor.py:157} INFO - Started process (PID=5110) to work on /home/airflow/.local/lib/python3.7/site-packages/airflow/example_dags/tutorial.py
[2023-06-13T23:04:28.898+0000] {processor.py:826} INFO - Processing file /home/airflow/.local/lib/python3.7/site-packages/airflow/example_dags/tutorial.py for tasks to queue
[2023-06-13T23:04:28.900+0000] {logging_mixin.py:149} INFO - [2023-06-13T23:04:28.899+0000] {dagbag.py:541} INFO - Filling up the DagBag from /home/airflow/.local/lib/python3.7/site-packages/airflow/example_dags/tutorial.py
[2023-06-13T23:04:28.910+0000] {processor.py:836} INFO - DAG(s) dict_keys(['tutorial']) retrieved from /home/airflow/.local/lib/python3.7/site-packages/airflow/example_dags/tutorial.py
[2023-06-13T23:04:28.971+0000] {logging_mixin.py:149} INFO - [2023-06-13T23:04:28.971+0000] {dag.py:2726} INFO - Sync 1 DAGs
[2023-06-13T23:04:29.009+0000] {logging_mixin.py:149} INFO - [2023-06-13T23:04:29.009+0000] {dag.py:3490} INFO - Setting next_dagrun for tutorial to 2023-06-12T23:04:29.008868+00:00, run_after=2023-06-13T23:04:29.008868+00:00
[2023-06-13T23:04:29.053+0000] {processor.py:179} INFO - Processing /home/airflow/.local/lib/python3.7/site-packages/airflow/example_dags/tutorial.py took 0.162 seconds
[2023-06-13T23:04:59.801+0000] {processor.py:157} INFO - Started process (PID=5350) to work on /home/airflow/.local/lib/python3.7/site-packages/airflow/example_dags/tutorial.py
[2023-06-13T23:04:59.804+0000] {processor.py:826} INFO - Processing file /home/airflow/.local/lib/python3.7/site-packages/airflow/example_dags/tutorial.py for tasks to queue
[2023-06-13T23:04:59.805+0000] {logging_mixin.py:149} INFO - [2023-06-13T23:04:59.805+0000] {dagbag.py:541} INFO - Filling up the DagBag from /home/airflow/.local/lib/python3.7/site-packages/airflow/example_dags/tutorial.py
[2023-06-13T23:04:59.818+0000] {processor.py:836} INFO - DAG(s) dict_keys(['tutorial']) retrieved from /home/airflow/.local/lib/python3.7/site-packages/airflow/example_dags/tutorial.py
[2023-06-13T23:04:59.879+0000] {logging_mixin.py:149} INFO - [2023-06-13T23:04:59.879+0000] {dag.py:2726} INFO - Sync 1 DAGs
[2023-06-13T23:04:59.936+0000] {logging_mixin.py:149} INFO - [2023-06-13T23:04:59.936+0000] {dag.py:3490} INFO - Setting next_dagrun for tutorial to 2023-06-12T23:04:59.936271+00:00, run_after=2023-06-13T23:04:59.936271+00:00
[2023-06-13T23:04:59.983+0000] {processor.py:179} INFO - Processing /home/airflow/.local/lib/python3.7/site-packages/airflow/example_dags/tutorial.py took 0.193 seconds
[2023-06-13T23:05:30.624+0000] {processor.py:157} INFO - Started process (PID=5590) to work on /home/airflow/.local/lib/python3.7/site-packages/airflow/example_dags/tutorial.py
[2023-06-13T23:05:30.625+0000] {processor.py:826} INFO - Processing file /home/airflow/.local/lib/python3.7/site-packages/airflow/example_dags/tutorial.py for tasks to queue
[2023-06-13T23:05:30.626+0000] {logging_mixin.py:149} INFO - [2023-06-13T23:05:30.626+0000] {dagbag.py:541} INFO - Filling up the DagBag from /home/airflow/.local/lib/python3.7/site-packages/airflow/example_dags/tutorial.py
[2023-06-13T23:05:30.639+0000] {processor.py:836} INFO - DAG(s) dict_keys(['tutorial']) retrieved from /home/airflow/.local/lib/python3.7/site-packages/airflow/example_dags/tutorial.py
[2023-06-13T23:05:30.703+0000] {logging_mixin.py:149} INFO - [2023-06-13T23:05:30.702+0000] {dag.py:2726} INFO - Sync 1 DAGs
[2023-06-13T23:05:30.762+0000] {logging_mixin.py:149} INFO - [2023-06-13T23:05:30.761+0000] {dag.py:3490} INFO - Setting next_dagrun for tutorial to 2023-06-12T23:05:30.761528+00:00, run_after=2023-06-13T23:05:30.761528+00:00
[2023-06-13T23:05:30.819+0000] {processor.py:179} INFO - Processing /home/airflow/.local/lib/python3.7/site-packages/airflow/example_dags/tutorial.py took 0.208 seconds
[2023-06-13T23:06:01.332+0000] {processor.py:157} INFO - Started process (PID=5830) to work on /home/airflow/.local/lib/python3.7/site-packages/airflow/example_dags/tutorial.py
[2023-06-13T23:06:01.336+0000] {processor.py:826} INFO - Processing file /home/airflow/.local/lib/python3.7/site-packages/airflow/example_dags/tutorial.py for tasks to queue
[2023-06-13T23:06:01.337+0000] {logging_mixin.py:149} INFO - [2023-06-13T23:06:01.337+0000] {dagbag.py:541} INFO - Filling up the DagBag from /home/airflow/.local/lib/python3.7/site-packages/airflow/example_dags/tutorial.py
[2023-06-13T23:06:01.349+0000] {processor.py:836} INFO - DAG(s) dict_keys(['tutorial']) retrieved from /home/airflow/.local/lib/python3.7/site-packages/airflow/example_dags/tutorial.py
[2023-06-13T23:06:01.396+0000] {logging_mixin.py:149} INFO - [2023-06-13T23:06:01.396+0000] {dag.py:2726} INFO - Sync 1 DAGs
[2023-06-13T23:06:01.445+0000] {logging_mixin.py:149} INFO - [2023-06-13T23:06:01.445+0000] {dag.py:3490} INFO - Setting next_dagrun for tutorial to 2023-06-12T23:06:01.444610+00:00, run_after=2023-06-13T23:06:01.444610+00:00
[2023-06-13T23:06:01.496+0000] {processor.py:179} INFO - Processing /home/airflow/.local/lib/python3.7/site-packages/airflow/example_dags/tutorial.py took 0.171 seconds
[2023-06-13T23:06:31.761+0000] {processor.py:157} INFO - Started process (PID=6070) to work on /home/airflow/.local/lib/python3.7/site-packages/airflow/example_dags/tutorial.py
[2023-06-13T23:06:31.769+0000] {processor.py:826} INFO - Processing file /home/airflow/.local/lib/python3.7/site-packages/airflow/example_dags/tutorial.py for tasks to queue
[2023-06-13T23:06:31.770+0000] {logging_mixin.py:149} INFO - [2023-06-13T23:06:31.770+0000] {dagbag.py:541} INFO - Filling up the DagBag from /home/airflow/.local/lib/python3.7/site-packages/airflow/example_dags/tutorial.py
[2023-06-13T23:06:31.781+0000] {processor.py:836} INFO - DAG(s) dict_keys(['tutorial']) retrieved from /home/airflow/.local/lib/python3.7/site-packages/airflow/example_dags/tutorial.py
[2023-06-13T23:06:31.846+0000] {logging_mixin.py:149} INFO - [2023-06-13T23:06:31.845+0000] {dag.py:2726} INFO - Sync 1 DAGs
[2023-06-13T23:06:31.900+0000] {logging_mixin.py:149} INFO - [2023-06-13T23:06:31.899+0000] {dag.py:3490} INFO - Setting next_dagrun for tutorial to 2023-06-12T23:06:31.899256+00:00, run_after=2023-06-13T23:06:31.899256+00:00
[2023-06-13T23:06:31.969+0000] {processor.py:179} INFO - Processing /home/airflow/.local/lib/python3.7/site-packages/airflow/example_dags/tutorial.py took 0.214 seconds
[2023-06-13T23:07:02.608+0000] {processor.py:157} INFO - Started process (PID=6311) to work on /home/airflow/.local/lib/python3.7/site-packages/airflow/example_dags/tutorial.py
[2023-06-13T23:07:02.610+0000] {processor.py:826} INFO - Processing file /home/airflow/.local/lib/python3.7/site-packages/airflow/example_dags/tutorial.py for tasks to queue
[2023-06-13T23:07:02.611+0000] {logging_mixin.py:149} INFO - [2023-06-13T23:07:02.611+0000] {dagbag.py:541} INFO - Filling up the DagBag from /home/airflow/.local/lib/python3.7/site-packages/airflow/example_dags/tutorial.py
[2023-06-13T23:07:02.624+0000] {processor.py:836} INFO - DAG(s) dict_keys(['tutorial']) retrieved from /home/airflow/.local/lib/python3.7/site-packages/airflow/example_dags/tutorial.py
[2023-06-13T23:07:02.690+0000] {logging_mixin.py:149} INFO - [2023-06-13T23:07:02.690+0000] {dag.py:2726} INFO - Sync 1 DAGs
[2023-06-13T23:07:02.740+0000] {logging_mixin.py:149} INFO - [2023-06-13T23:07:02.740+0000] {dag.py:3490} INFO - Setting next_dagrun for tutorial to 2023-06-12T23:07:02.739968+00:00, run_after=2023-06-13T23:07:02.739968+00:00
[2023-06-13T23:07:02.815+0000] {processor.py:179} INFO - Processing /home/airflow/.local/lib/python3.7/site-packages/airflow/example_dags/tutorial.py took 0.214 seconds
[2023-06-13T23:07:32.897+0000] {processor.py:157} INFO - Started process (PID=6552) to work on /home/airflow/.local/lib/python3.7/site-packages/airflow/example_dags/tutorial.py
[2023-06-13T23:07:32.901+0000] {processor.py:826} INFO - Processing file /home/airflow/.local/lib/python3.7/site-packages/airflow/example_dags/tutorial.py for tasks to queue
[2023-06-13T23:07:32.902+0000] {logging_mixin.py:149} INFO - [2023-06-13T23:07:32.902+0000] {dagbag.py:541} INFO - Filling up the DagBag from /home/airflow/.local/lib/python3.7/site-packages/airflow/example_dags/tutorial.py
[2023-06-13T23:07:32.915+0000] {processor.py:836} INFO - DAG(s) dict_keys(['tutorial']) retrieved from /home/airflow/.local/lib/python3.7/site-packages/airflow/example_dags/tutorial.py
[2023-06-13T23:07:32.965+0000] {logging_mixin.py:149} INFO - [2023-06-13T23:07:32.964+0000] {dag.py:2726} INFO - Sync 1 DAGs
[2023-06-13T23:07:33.006+0000] {logging_mixin.py:149} INFO - [2023-06-13T23:07:33.006+0000] {dag.py:3490} INFO - Setting next_dagrun for tutorial to 2023-06-12T23:07:33.005767+00:00, run_after=2023-06-13T23:07:33.005767+00:00
[2023-06-13T23:07:33.053+0000] {processor.py:179} INFO - Processing /home/airflow/.local/lib/python3.7/site-packages/airflow/example_dags/tutorial.py took 0.161 seconds
[2023-06-13T23:08:03.246+0000] {processor.py:157} INFO - Started process (PID=6789) to work on /home/airflow/.local/lib/python3.7/site-packages/airflow/example_dags/tutorial.py
[2023-06-13T23:08:03.249+0000] {processor.py:826} INFO - Processing file /home/airflow/.local/lib/python3.7/site-packages/airflow/example_dags/tutorial.py for tasks to queue
[2023-06-13T23:08:03.251+0000] {logging_mixin.py:149} INFO - [2023-06-13T23:08:03.250+0000] {dagbag.py:541} INFO - Filling up the DagBag from /home/airflow/.local/lib/python3.7/site-packages/airflow/example_dags/tutorial.py
[2023-06-13T23:08:03.261+0000] {processor.py:836} INFO - DAG(s) dict_keys(['tutorial']) retrieved from /home/airflow/.local/lib/python3.7/site-packages/airflow/example_dags/tutorial.py
[2023-06-13T23:08:03.304+0000] {logging_mixin.py:149} INFO - [2023-06-13T23:08:03.304+0000] {dag.py:2726} INFO - Sync 1 DAGs
[2023-06-13T23:08:03.351+0000] {logging_mixin.py:149} INFO - [2023-06-13T23:08:03.351+0000] {dag.py:3490} INFO - Setting next_dagrun for tutorial to 2023-06-12T23:08:03.350715+00:00, run_after=2023-06-13T23:08:03.350715+00:00
[2023-06-13T23:08:03.394+0000] {processor.py:179} INFO - Processing /home/airflow/.local/lib/python3.7/site-packages/airflow/example_dags/tutorial.py took 0.152 seconds
[2023-06-13T23:08:33.729+0000] {processor.py:157} INFO - Started process (PID=7028) to work on /home/airflow/.local/lib/python3.7/site-packages/airflow/example_dags/tutorial.py
[2023-06-13T23:08:33.731+0000] {processor.py:826} INFO - Processing file /home/airflow/.local/lib/python3.7/site-packages/airflow/example_dags/tutorial.py for tasks to queue
[2023-06-13T23:08:33.732+0000] {logging_mixin.py:149} INFO - [2023-06-13T23:08:33.732+0000] {dagbag.py:541} INFO - Filling up the DagBag from /home/airflow/.local/lib/python3.7/site-packages/airflow/example_dags/tutorial.py
[2023-06-13T23:08:33.741+0000] {processor.py:836} INFO - DAG(s) dict_keys(['tutorial']) retrieved from /home/airflow/.local/lib/python3.7/site-packages/airflow/example_dags/tutorial.py
[2023-06-13T23:08:33.792+0000] {logging_mixin.py:149} INFO - [2023-06-13T23:08:33.792+0000] {dag.py:2726} INFO - Sync 1 DAGs
[2023-06-13T23:08:33.840+0000] {logging_mixin.py:149} INFO - [2023-06-13T23:08:33.839+0000] {dag.py:3490} INFO - Setting next_dagrun for tutorial to 2023-06-12T23:08:33.836073+00:00, run_after=2023-06-13T23:08:33.836073+00:00
[2023-06-13T23:08:33.895+0000] {processor.py:179} INFO - Processing /home/airflow/.local/lib/python3.7/site-packages/airflow/example_dags/tutorial.py took 0.169 seconds
[2023-06-13T23:09:04.755+0000] {processor.py:157} INFO - Started process (PID=7268) to work on /home/airflow/.local/lib/python3.7/site-packages/airflow/example_dags/tutorial.py
[2023-06-13T23:09:04.757+0000] {processor.py:826} INFO - Processing file /home/airflow/.local/lib/python3.7/site-packages/airflow/example_dags/tutorial.py for tasks to queue
[2023-06-13T23:09:04.758+0000] {logging_mixin.py:149} INFO - [2023-06-13T23:09:04.758+0000] {dagbag.py:541} INFO - Filling up the DagBag from /home/airflow/.local/lib/python3.7/site-packages/airflow/example_dags/tutorial.py
[2023-06-13T23:09:04.769+0000] {processor.py:836} INFO - DAG(s) dict_keys(['tutorial']) retrieved from /home/airflow/.local/lib/python3.7/site-packages/airflow/example_dags/tutorial.py
[2023-06-13T23:09:04.825+0000] {logging_mixin.py:149} INFO - [2023-06-13T23:09:04.825+0000] {dag.py:2726} INFO - Sync 1 DAGs
[2023-06-13T23:09:04.871+0000] {logging_mixin.py:149} INFO - [2023-06-13T23:09:04.871+0000] {dag.py:3490} INFO - Setting next_dagrun for tutorial to 2023-06-12T23:09:04.870710+00:00, run_after=2023-06-13T23:09:04.870710+00:00
[2023-06-13T23:09:04.915+0000] {processor.py:179} INFO - Processing /home/airflow/.local/lib/python3.7/site-packages/airflow/example_dags/tutorial.py took 0.164 seconds
[2023-06-13T23:09:35.472+0000] {processor.py:157} INFO - Started process (PID=7508) to work on /home/airflow/.local/lib/python3.7/site-packages/airflow/example_dags/tutorial.py
[2023-06-13T23:09:35.476+0000] {processor.py:826} INFO - Processing file /home/airflow/.local/lib/python3.7/site-packages/airflow/example_dags/tutorial.py for tasks to queue
[2023-06-13T23:09:35.477+0000] {logging_mixin.py:149} INFO - [2023-06-13T23:09:35.477+0000] {dagbag.py:541} INFO - Filling up the DagBag from /home/airflow/.local/lib/python3.7/site-packages/airflow/example_dags/tutorial.py
[2023-06-13T23:09:35.486+0000] {processor.py:836} INFO - DAG(s) dict_keys(['tutorial']) retrieved from /home/airflow/.local/lib/python3.7/site-packages/airflow/example_dags/tutorial.py
[2023-06-13T23:09:35.541+0000] {logging_mixin.py:149} INFO - [2023-06-13T23:09:35.541+0000] {dag.py:2726} INFO - Sync 1 DAGs
[2023-06-13T23:09:35.597+0000] {logging_mixin.py:149} INFO - [2023-06-13T23:09:35.597+0000] {dag.py:3490} INFO - Setting next_dagrun for tutorial to 2023-06-12T23:09:35.596505+00:00, run_after=2023-06-13T23:09:35.596505+00:00
[2023-06-13T23:09:35.640+0000] {processor.py:179} INFO - Processing /home/airflow/.local/lib/python3.7/site-packages/airflow/example_dags/tutorial.py took 0.175 seconds
[2023-06-13T23:10:05.927+0000] {processor.py:157} INFO - Started process (PID=7748) to work on /home/airflow/.local/lib/python3.7/site-packages/airflow/example_dags/tutorial.py
[2023-06-13T23:10:05.930+0000] {processor.py:826} INFO - Processing file /home/airflow/.local/lib/python3.7/site-packages/airflow/example_dags/tutorial.py for tasks to queue
[2023-06-13T23:10:05.932+0000] {logging_mixin.py:149} INFO - [2023-06-13T23:10:05.931+0000] {dagbag.py:541} INFO - Filling up the DagBag from /home/airflow/.local/lib/python3.7/site-packages/airflow/example_dags/tutorial.py
[2023-06-13T23:10:05.945+0000] {processor.py:836} INFO - DAG(s) dict_keys(['tutorial']) retrieved from /home/airflow/.local/lib/python3.7/site-packages/airflow/example_dags/tutorial.py
[2023-06-13T23:10:05.994+0000] {logging_mixin.py:149} INFO - [2023-06-13T23:10:05.994+0000] {dag.py:2726} INFO - Sync 1 DAGs
[2023-06-13T23:10:06.048+0000] {logging_mixin.py:149} INFO - [2023-06-13T23:10:06.048+0000] {dag.py:3490} INFO - Setting next_dagrun for tutorial to 2023-06-12T23:10:06.048009+00:00, run_after=2023-06-13T23:10:06.048009+00:00
[2023-06-13T23:10:06.121+0000] {processor.py:179} INFO - Processing /home/airflow/.local/lib/python3.7/site-packages/airflow/example_dags/tutorial.py took 0.201 seconds
[2023-06-13T23:10:36.397+0000] {processor.py:157} INFO - Started process (PID=7985) to work on /home/airflow/.local/lib/python3.7/site-packages/airflow/example_dags/tutorial.py
[2023-06-13T23:10:36.400+0000] {processor.py:826} INFO - Processing file /home/airflow/.local/lib/python3.7/site-packages/airflow/example_dags/tutorial.py for tasks to queue
[2023-06-13T23:10:36.402+0000] {logging_mixin.py:149} INFO - [2023-06-13T23:10:36.402+0000] {dagbag.py:541} INFO - Filling up the DagBag from /home/airflow/.local/lib/python3.7/site-packages/airflow/example_dags/tutorial.py
[2023-06-13T23:10:36.416+0000] {processor.py:836} INFO - DAG(s) dict_keys(['tutorial']) retrieved from /home/airflow/.local/lib/python3.7/site-packages/airflow/example_dags/tutorial.py
[2023-06-13T23:10:36.477+0000] {logging_mixin.py:149} INFO - [2023-06-13T23:10:36.476+0000] {dag.py:2726} INFO - Sync 1 DAGs
[2023-06-13T23:10:36.535+0000] {logging_mixin.py:149} INFO - [2023-06-13T23:10:36.534+0000] {dag.py:3490} INFO - Setting next_dagrun for tutorial to 2023-06-12T23:10:36.533027+00:00, run_after=2023-06-13T23:10:36.533027+00:00
[2023-06-13T23:10:36.592+0000] {processor.py:179} INFO - Processing /home/airflow/.local/lib/python3.7/site-packages/airflow/example_dags/tutorial.py took 0.201 seconds
[2023-06-13T23:11:07.093+0000] {processor.py:157} INFO - Started process (PID=8225) to work on /home/airflow/.local/lib/python3.7/site-packages/airflow/example_dags/tutorial.py
[2023-06-13T23:11:07.096+0000] {processor.py:826} INFO - Processing file /home/airflow/.local/lib/python3.7/site-packages/airflow/example_dags/tutorial.py for tasks to queue
[2023-06-13T23:11:07.098+0000] {logging_mixin.py:149} INFO - [2023-06-13T23:11:07.098+0000] {dagbag.py:541} INFO - Filling up the DagBag from /home/airflow/.local/lib/python3.7/site-packages/airflow/example_dags/tutorial.py
[2023-06-13T23:11:07.108+0000] {processor.py:836} INFO - DAG(s) dict_keys(['tutorial']) retrieved from /home/airflow/.local/lib/python3.7/site-packages/airflow/example_dags/tutorial.py
[2023-06-13T23:11:07.162+0000] {logging_mixin.py:149} INFO - [2023-06-13T23:11:07.162+0000] {dag.py:2726} INFO - Sync 1 DAGs
[2023-06-13T23:11:07.212+0000] {logging_mixin.py:149} INFO - [2023-06-13T23:11:07.212+0000] {dag.py:3490} INFO - Setting next_dagrun for tutorial to 2023-06-12T23:11:07.211646+00:00, run_after=2023-06-13T23:11:07.211646+00:00
[2023-06-13T23:11:07.264+0000] {processor.py:179} INFO - Processing /home/airflow/.local/lib/python3.7/site-packages/airflow/example_dags/tutorial.py took 0.176 seconds
[2023-06-13T23:11:37.316+0000] {processor.py:157} INFO - Started process (PID=8465) to work on /home/airflow/.local/lib/python3.7/site-packages/airflow/example_dags/tutorial.py
[2023-06-13T23:11:37.319+0000] {processor.py:826} INFO - Processing file /home/airflow/.local/lib/python3.7/site-packages/airflow/example_dags/tutorial.py for tasks to queue
[2023-06-13T23:11:37.321+0000] {logging_mixin.py:149} INFO - [2023-06-13T23:11:37.321+0000] {dagbag.py:541} INFO - Filling up the DagBag from /home/airflow/.local/lib/python3.7/site-packages/airflow/example_dags/tutorial.py
[2023-06-13T23:11:37.330+0000] {processor.py:836} INFO - DAG(s) dict_keys(['tutorial']) retrieved from /home/airflow/.local/lib/python3.7/site-packages/airflow/example_dags/tutorial.py
[2023-06-13T23:11:37.380+0000] {logging_mixin.py:149} INFO - [2023-06-13T23:11:37.380+0000] {dag.py:2726} INFO - Sync 1 DAGs
[2023-06-13T23:11:37.434+0000] {logging_mixin.py:149} INFO - [2023-06-13T23:11:37.434+0000] {dag.py:3490} INFO - Setting next_dagrun for tutorial to 2023-06-12T23:11:37.434290+00:00, run_after=2023-06-13T23:11:37.434290+00:00
[2023-06-13T23:11:37.486+0000] {processor.py:179} INFO - Processing /home/airflow/.local/lib/python3.7/site-packages/airflow/example_dags/tutorial.py took 0.177 seconds
[2023-06-13T23:12:07.869+0000] {processor.py:157} INFO - Started process (PID=8705) to work on /home/airflow/.local/lib/python3.7/site-packages/airflow/example_dags/tutorial.py
[2023-06-13T23:12:07.872+0000] {processor.py:826} INFO - Processing file /home/airflow/.local/lib/python3.7/site-packages/airflow/example_dags/tutorial.py for tasks to queue
[2023-06-13T23:12:07.874+0000] {logging_mixin.py:149} INFO - [2023-06-13T23:12:07.874+0000] {dagbag.py:541} INFO - Filling up the DagBag from /home/airflow/.local/lib/python3.7/site-packages/airflow/example_dags/tutorial.py
[2023-06-13T23:12:07.887+0000] {processor.py:836} INFO - DAG(s) dict_keys(['tutorial']) retrieved from /home/airflow/.local/lib/python3.7/site-packages/airflow/example_dags/tutorial.py
[2023-06-13T23:12:07.934+0000] {logging_mixin.py:149} INFO - [2023-06-13T23:12:07.934+0000] {dag.py:2726} INFO - Sync 1 DAGs
[2023-06-13T23:12:07.979+0000] {logging_mixin.py:149} INFO - [2023-06-13T23:12:07.978+0000] {dag.py:3490} INFO - Setting next_dagrun for tutorial to 2023-06-12T23:12:07.978599+00:00, run_after=2023-06-13T23:12:07.978599+00:00
[2023-06-13T23:12:08.020+0000] {processor.py:179} INFO - Processing /home/airflow/.local/lib/python3.7/site-packages/airflow/example_dags/tutorial.py took 0.156 seconds
[2023-06-13T23:12:38.538+0000] {processor.py:157} INFO - Started process (PID=8945) to work on /home/airflow/.local/lib/python3.7/site-packages/airflow/example_dags/tutorial.py
[2023-06-13T23:12:38.540+0000] {processor.py:826} INFO - Processing file /home/airflow/.local/lib/python3.7/site-packages/airflow/example_dags/tutorial.py for tasks to queue
[2023-06-13T23:12:38.542+0000] {logging_mixin.py:149} INFO - [2023-06-13T23:12:38.541+0000] {dagbag.py:541} INFO - Filling up the DagBag from /home/airflow/.local/lib/python3.7/site-packages/airflow/example_dags/tutorial.py
[2023-06-13T23:12:38.554+0000] {processor.py:836} INFO - DAG(s) dict_keys(['tutorial']) retrieved from /home/airflow/.local/lib/python3.7/site-packages/airflow/example_dags/tutorial.py
[2023-06-13T23:12:38.606+0000] {logging_mixin.py:149} INFO - [2023-06-13T23:12:38.605+0000] {dag.py:2726} INFO - Sync 1 DAGs
[2023-06-13T23:12:38.654+0000] {logging_mixin.py:149} INFO - [2023-06-13T23:12:38.653+0000] {dag.py:3490} INFO - Setting next_dagrun for tutorial to 2023-06-12T23:12:38.653299+00:00, run_after=2023-06-13T23:12:38.653299+00:00
[2023-06-13T23:12:38.701+0000] {processor.py:179} INFO - Processing /home/airflow/.local/lib/python3.7/site-packages/airflow/example_dags/tutorial.py took 0.170 seconds
[2023-06-13T23:13:08.985+0000] {processor.py:157} INFO - Started process (PID=9184) to work on /home/airflow/.local/lib/python3.7/site-packages/airflow/example_dags/tutorial.py
[2023-06-13T23:13:08.986+0000] {processor.py:826} INFO - Processing file /home/airflow/.local/lib/python3.7/site-packages/airflow/example_dags/tutorial.py for tasks to queue
[2023-06-13T23:13:08.988+0000] {logging_mixin.py:149} INFO - [2023-06-13T23:13:08.988+0000] {dagbag.py:541} INFO - Filling up the DagBag from /home/airflow/.local/lib/python3.7/site-packages/airflow/example_dags/tutorial.py
[2023-06-13T23:13:08.998+0000] {processor.py:836} INFO - DAG(s) dict_keys(['tutorial']) retrieved from /home/airflow/.local/lib/python3.7/site-packages/airflow/example_dags/tutorial.py
[2023-06-13T23:13:09.049+0000] {logging_mixin.py:149} INFO - [2023-06-13T23:13:09.049+0000] {dag.py:2726} INFO - Sync 1 DAGs
[2023-06-13T23:13:09.104+0000] {logging_mixin.py:149} INFO - [2023-06-13T23:13:09.104+0000] {dag.py:3490} INFO - Setting next_dagrun for tutorial to 2023-06-12T23:13:09.104159+00:00, run_after=2023-06-13T23:13:09.104159+00:00
[2023-06-13T23:13:09.162+0000] {processor.py:179} INFO - Processing /home/airflow/.local/lib/python3.7/site-packages/airflow/example_dags/tutorial.py took 0.181 seconds
[2023-06-13T23:13:39.813+0000] {processor.py:157} INFO - Started process (PID=9423) to work on /home/airflow/.local/lib/python3.7/site-packages/airflow/example_dags/tutorial.py
[2023-06-13T23:13:39.815+0000] {processor.py:826} INFO - Processing file /home/airflow/.local/lib/python3.7/site-packages/airflow/example_dags/tutorial.py for tasks to queue
[2023-06-13T23:13:39.816+0000] {logging_mixin.py:149} INFO - [2023-06-13T23:13:39.815+0000] {dagbag.py:541} INFO - Filling up the DagBag from /home/airflow/.local/lib/python3.7/site-packages/airflow/example_dags/tutorial.py
[2023-06-13T23:13:39.829+0000] {processor.py:836} INFO - DAG(s) dict_keys(['tutorial']) retrieved from /home/airflow/.local/lib/python3.7/site-packages/airflow/example_dags/tutorial.py
[2023-06-13T23:13:39.876+0000] {logging_mixin.py:149} INFO - [2023-06-13T23:13:39.875+0000] {dag.py:2726} INFO - Sync 1 DAGs
[2023-06-13T23:13:39.910+0000] {logging_mixin.py:149} INFO - [2023-06-13T23:13:39.910+0000] {dag.py:3490} INFO - Setting next_dagrun for tutorial to 2023-06-12T23:13:39.909675+00:00, run_after=2023-06-13T23:13:39.909675+00:00
[2023-06-13T23:13:39.958+0000] {processor.py:179} INFO - Processing /home/airflow/.local/lib/python3.7/site-packages/airflow/example_dags/tutorial.py took 0.151 seconds
[2023-06-13T23:14:10.484+0000] {processor.py:157} INFO - Started process (PID=9664) to work on /home/airflow/.local/lib/python3.7/site-packages/airflow/example_dags/tutorial.py
[2023-06-13T23:14:10.486+0000] {processor.py:826} INFO - Processing file /home/airflow/.local/lib/python3.7/site-packages/airflow/example_dags/tutorial.py for tasks to queue
[2023-06-13T23:14:10.488+0000] {logging_mixin.py:149} INFO - [2023-06-13T23:14:10.488+0000] {dagbag.py:541} INFO - Filling up the DagBag from /home/airflow/.local/lib/python3.7/site-packages/airflow/example_dags/tutorial.py
[2023-06-13T23:14:10.500+0000] {processor.py:836} INFO - DAG(s) dict_keys(['tutorial']) retrieved from /home/airflow/.local/lib/python3.7/site-packages/airflow/example_dags/tutorial.py
[2023-06-13T23:14:10.564+0000] {logging_mixin.py:149} INFO - [2023-06-13T23:14:10.563+0000] {dag.py:2726} INFO - Sync 1 DAGs
[2023-06-13T23:14:10.616+0000] {logging_mixin.py:149} INFO - [2023-06-13T23:14:10.615+0000] {dag.py:3490} INFO - Setting next_dagrun for tutorial to 2023-06-12T23:14:10.615444+00:00, run_after=2023-06-13T23:14:10.615444+00:00
[2023-06-13T23:14:10.675+0000] {processor.py:179} INFO - Processing /home/airflow/.local/lib/python3.7/site-packages/airflow/example_dags/tutorial.py took 0.197 seconds
[2023-06-13T23:14:41.056+0000] {processor.py:157} INFO - Started process (PID=9903) to work on /home/airflow/.local/lib/python3.7/site-packages/airflow/example_dags/tutorial.py
[2023-06-13T23:14:41.058+0000] {processor.py:826} INFO - Processing file /home/airflow/.local/lib/python3.7/site-packages/airflow/example_dags/tutorial.py for tasks to queue
[2023-06-13T23:14:41.059+0000] {logging_mixin.py:149} INFO - [2023-06-13T23:14:41.058+0000] {dagbag.py:541} INFO - Filling up the DagBag from /home/airflow/.local/lib/python3.7/site-packages/airflow/example_dags/tutorial.py
[2023-06-13T23:14:41.072+0000] {processor.py:836} INFO - DAG(s) dict_keys(['tutorial']) retrieved from /home/airflow/.local/lib/python3.7/site-packages/airflow/example_dags/tutorial.py
[2023-06-13T23:14:41.124+0000] {logging_mixin.py:149} INFO - [2023-06-13T23:14:41.124+0000] {dag.py:2726} INFO - Sync 1 DAGs
[2023-06-13T23:14:41.180+0000] {logging_mixin.py:149} INFO - [2023-06-13T23:14:41.180+0000] {dag.py:3490} INFO - Setting next_dagrun for tutorial to 2023-06-12T23:14:41.179496+00:00, run_after=2023-06-13T23:14:41.179496+00:00
[2023-06-13T23:14:41.225+0000] {processor.py:179} INFO - Processing /home/airflow/.local/lib/python3.7/site-packages/airflow/example_dags/tutorial.py took 0.177 seconds
[2023-06-13T23:15:11.865+0000] {processor.py:157} INFO - Started process (PID=10142) to work on /home/airflow/.local/lib/python3.7/site-packages/airflow/example_dags/tutorial.py
[2023-06-13T23:15:11.867+0000] {processor.py:826} INFO - Processing file /home/airflow/.local/lib/python3.7/site-packages/airflow/example_dags/tutorial.py for tasks to queue
[2023-06-13T23:15:11.868+0000] {logging_mixin.py:149} INFO - [2023-06-13T23:15:11.868+0000] {dagbag.py:541} INFO - Filling up the DagBag from /home/airflow/.local/lib/python3.7/site-packages/airflow/example_dags/tutorial.py
[2023-06-13T23:15:11.878+0000] {processor.py:836} INFO - DAG(s) dict_keys(['tutorial']) retrieved from /home/airflow/.local/lib/python3.7/site-packages/airflow/example_dags/tutorial.py
[2023-06-13T23:15:11.942+0000] {logging_mixin.py:149} INFO - [2023-06-13T23:15:11.941+0000] {dag.py:2726} INFO - Sync 1 DAGs
[2023-06-13T23:15:11.993+0000] {logging_mixin.py:149} INFO - [2023-06-13T23:15:11.993+0000] {dag.py:3490} INFO - Setting next_dagrun for tutorial to 2023-06-12T23:15:11.992667+00:00, run_after=2023-06-13T23:15:11.992667+00:00
[2023-06-13T23:15:12.042+0000] {processor.py:179} INFO - Processing /home/airflow/.local/lib/python3.7/site-packages/airflow/example_dags/tutorial.py took 0.183 seconds
[2023-06-13T23:15:42.651+0000] {processor.py:157} INFO - Started process (PID=10382) to work on /home/airflow/.local/lib/python3.7/site-packages/airflow/example_dags/tutorial.py
[2023-06-13T23:15:42.653+0000] {processor.py:826} INFO - Processing file /home/airflow/.local/lib/python3.7/site-packages/airflow/example_dags/tutorial.py for tasks to queue
[2023-06-13T23:15:42.654+0000] {logging_mixin.py:149} INFO - [2023-06-13T23:15:42.654+0000] {dagbag.py:541} INFO - Filling up the DagBag from /home/airflow/.local/lib/python3.7/site-packages/airflow/example_dags/tutorial.py
[2023-06-13T23:15:42.668+0000] {processor.py:836} INFO - DAG(s) dict_keys(['tutorial']) retrieved from /home/airflow/.local/lib/python3.7/site-packages/airflow/example_dags/tutorial.py
[2023-06-13T23:15:42.714+0000] {logging_mixin.py:149} INFO - [2023-06-13T23:15:42.714+0000] {dag.py:2726} INFO - Sync 1 DAGs
[2023-06-13T23:15:42.765+0000] {logging_mixin.py:149} INFO - [2023-06-13T23:15:42.765+0000] {dag.py:3490} INFO - Setting next_dagrun for tutorial to 2023-06-12T23:15:42.765434+00:00, run_after=2023-06-13T23:15:42.765434+00:00
[2023-06-13T23:15:42.814+0000] {processor.py:179} INFO - Processing /home/airflow/.local/lib/python3.7/site-packages/airflow/example_dags/tutorial.py took 0.168 seconds
[2023-06-13T23:16:13.104+0000] {processor.py:157} INFO - Started process (PID=10622) to work on /home/airflow/.local/lib/python3.7/site-packages/airflow/example_dags/tutorial.py
[2023-06-13T23:16:13.106+0000] {processor.py:826} INFO - Processing file /home/airflow/.local/lib/python3.7/site-packages/airflow/example_dags/tutorial.py for tasks to queue
[2023-06-13T23:16:13.107+0000] {logging_mixin.py:149} INFO - [2023-06-13T23:16:13.107+0000] {dagbag.py:541} INFO - Filling up the DagBag from /home/airflow/.local/lib/python3.7/site-packages/airflow/example_dags/tutorial.py
[2023-06-13T23:16:13.115+0000] {processor.py:836} INFO - DAG(s) dict_keys(['tutorial']) retrieved from /home/airflow/.local/lib/python3.7/site-packages/airflow/example_dags/tutorial.py
[2023-06-13T23:16:13.173+0000] {logging_mixin.py:149} INFO - [2023-06-13T23:16:13.173+0000] {dag.py:2726} INFO - Sync 1 DAGs
[2023-06-13T23:16:13.221+0000] {logging_mixin.py:149} INFO - [2023-06-13T23:16:13.221+0000] {dag.py:3490} INFO - Setting next_dagrun for tutorial to 2023-06-12T23:16:13.221056+00:00, run_after=2023-06-13T23:16:13.221056+00:00
[2023-06-13T23:16:13.285+0000] {processor.py:179} INFO - Processing /home/airflow/.local/lib/python3.7/site-packages/airflow/example_dags/tutorial.py took 0.184 seconds
[2023-06-13T23:16:43.456+0000] {processor.py:157} INFO - Started process (PID=10862) to work on /home/airflow/.local/lib/python3.7/site-packages/airflow/example_dags/tutorial.py
[2023-06-13T23:16:43.458+0000] {processor.py:826} INFO - Processing file /home/airflow/.local/lib/python3.7/site-packages/airflow/example_dags/tutorial.py for tasks to queue
[2023-06-13T23:16:43.460+0000] {logging_mixin.py:149} INFO - [2023-06-13T23:16:43.459+0000] {dagbag.py:541} INFO - Filling up the DagBag from /home/airflow/.local/lib/python3.7/site-packages/airflow/example_dags/tutorial.py
[2023-06-13T23:16:43.473+0000] {processor.py:836} INFO - DAG(s) dict_keys(['tutorial']) retrieved from /home/airflow/.local/lib/python3.7/site-packages/airflow/example_dags/tutorial.py
[2023-06-13T23:16:43.518+0000] {logging_mixin.py:149} INFO - [2023-06-13T23:16:43.517+0000] {dag.py:2726} INFO - Sync 1 DAGs
[2023-06-13T23:16:43.555+0000] {logging_mixin.py:149} INFO - [2023-06-13T23:16:43.555+0000] {dag.py:3490} INFO - Setting next_dagrun for tutorial to 2023-06-12T23:16:43.555162+00:00, run_after=2023-06-13T23:16:43.555162+00:00
[2023-06-13T23:16:43.599+0000] {processor.py:179} INFO - Processing /home/airflow/.local/lib/python3.7/site-packages/airflow/example_dags/tutorial.py took 0.148 seconds
[2023-06-13T23:17:13.957+0000] {processor.py:157} INFO - Started process (PID=11103) to work on /home/airflow/.local/lib/python3.7/site-packages/airflow/example_dags/tutorial.py
[2023-06-13T23:17:13.960+0000] {processor.py:826} INFO - Processing file /home/airflow/.local/lib/python3.7/site-packages/airflow/example_dags/tutorial.py for tasks to queue
[2023-06-13T23:17:13.961+0000] {logging_mixin.py:149} INFO - [2023-06-13T23:17:13.961+0000] {dagbag.py:541} INFO - Filling up the DagBag from /home/airflow/.local/lib/python3.7/site-packages/airflow/example_dags/tutorial.py
[2023-06-13T23:17:13.971+0000] {processor.py:836} INFO - DAG(s) dict_keys(['tutorial']) retrieved from /home/airflow/.local/lib/python3.7/site-packages/airflow/example_dags/tutorial.py
[2023-06-13T23:17:14.032+0000] {logging_mixin.py:149} INFO - [2023-06-13T23:17:14.031+0000] {dag.py:2726} INFO - Sync 1 DAGs
[2023-06-13T23:17:14.087+0000] {logging_mixin.py:149} INFO - [2023-06-13T23:17:14.087+0000] {dag.py:3490} INFO - Setting next_dagrun for tutorial to 2023-06-12T23:17:14.086794+00:00, run_after=2023-06-13T23:17:14.086794+00:00
[2023-06-13T23:17:14.142+0000] {processor.py:179} INFO - Processing /home/airflow/.local/lib/python3.7/site-packages/airflow/example_dags/tutorial.py took 0.190 seconds
[2023-06-13T23:17:44.713+0000] {processor.py:157} INFO - Started process (PID=11343) to work on /home/airflow/.local/lib/python3.7/site-packages/airflow/example_dags/tutorial.py
[2023-06-13T23:17:44.716+0000] {processor.py:826} INFO - Processing file /home/airflow/.local/lib/python3.7/site-packages/airflow/example_dags/tutorial.py for tasks to queue
[2023-06-13T23:17:44.718+0000] {logging_mixin.py:149} INFO - [2023-06-13T23:17:44.718+0000] {dagbag.py:541} INFO - Filling up the DagBag from /home/airflow/.local/lib/python3.7/site-packages/airflow/example_dags/tutorial.py
[2023-06-13T23:17:44.732+0000] {processor.py:836} INFO - DAG(s) dict_keys(['tutorial']) retrieved from /home/airflow/.local/lib/python3.7/site-packages/airflow/example_dags/tutorial.py
[2023-06-13T23:17:44.803+0000] {logging_mixin.py:149} INFO - [2023-06-13T23:17:44.802+0000] {dag.py:2726} INFO - Sync 1 DAGs
[2023-06-13T23:17:44.864+0000] {logging_mixin.py:149} INFO - [2023-06-13T23:17:44.864+0000] {dag.py:3490} INFO - Setting next_dagrun for tutorial to 2023-06-12T23:17:44.863659+00:00, run_after=2023-06-13T23:17:44.863659+00:00
[2023-06-13T23:17:44.930+0000] {processor.py:179} INFO - Processing /home/airflow/.local/lib/python3.7/site-packages/airflow/example_dags/tutorial.py took 0.224 seconds
[2023-06-13T23:18:15.179+0000] {processor.py:157} INFO - Started process (PID=11581) to work on /home/airflow/.local/lib/python3.7/site-packages/airflow/example_dags/tutorial.py
[2023-06-13T23:18:15.182+0000] {processor.py:826} INFO - Processing file /home/airflow/.local/lib/python3.7/site-packages/airflow/example_dags/tutorial.py for tasks to queue
[2023-06-13T23:18:15.186+0000] {logging_mixin.py:149} INFO - [2023-06-13T23:18:15.183+0000] {dagbag.py:541} INFO - Filling up the DagBag from /home/airflow/.local/lib/python3.7/site-packages/airflow/example_dags/tutorial.py
[2023-06-13T23:18:15.198+0000] {processor.py:836} INFO - DAG(s) dict_keys(['tutorial']) retrieved from /home/airflow/.local/lib/python3.7/site-packages/airflow/example_dags/tutorial.py
[2023-06-13T23:18:15.284+0000] {logging_mixin.py:149} INFO - [2023-06-13T23:18:15.283+0000] {dag.py:2726} INFO - Sync 1 DAGs
[2023-06-13T23:18:15.404+0000] {logging_mixin.py:149} INFO - [2023-06-13T23:18:15.403+0000] {dag.py:3490} INFO - Setting next_dagrun for tutorial to 2023-06-12T23:18:15.402730+00:00, run_after=2023-06-13T23:18:15.402730+00:00
[2023-06-13T23:18:15.484+0000] {processor.py:179} INFO - Processing /home/airflow/.local/lib/python3.7/site-packages/airflow/example_dags/tutorial.py took 0.311 seconds
[2023-06-13T23:18:45.949+0000] {processor.py:157} INFO - Started process (PID=11821) to work on /home/airflow/.local/lib/python3.7/site-packages/airflow/example_dags/tutorial.py
[2023-06-13T23:18:45.953+0000] {processor.py:826} INFO - Processing file /home/airflow/.local/lib/python3.7/site-packages/airflow/example_dags/tutorial.py for tasks to queue
[2023-06-13T23:18:45.955+0000] {logging_mixin.py:149} INFO - [2023-06-13T23:18:45.954+0000] {dagbag.py:541} INFO - Filling up the DagBag from /home/airflow/.local/lib/python3.7/site-packages/airflow/example_dags/tutorial.py
[2023-06-13T23:18:45.969+0000] {processor.py:836} INFO - DAG(s) dict_keys(['tutorial']) retrieved from /home/airflow/.local/lib/python3.7/site-packages/airflow/example_dags/tutorial.py
[2023-06-13T23:18:46.042+0000] {logging_mixin.py:149} INFO - [2023-06-13T23:18:46.041+0000] {dag.py:2726} INFO - Sync 1 DAGs
[2023-06-13T23:18:46.119+0000] {logging_mixin.py:149} INFO - [2023-06-13T23:18:46.119+0000] {dag.py:3490} INFO - Setting next_dagrun for tutorial to 2023-06-12T23:18:46.118897+00:00, run_after=2023-06-13T23:18:46.118897+00:00
[2023-06-13T23:18:46.213+0000] {processor.py:179} INFO - Processing /home/airflow/.local/lib/python3.7/site-packages/airflow/example_dags/tutorial.py took 0.271 seconds
[2023-06-13T23:19:17.044+0000] {processor.py:157} INFO - Started process (PID=12050) to work on /home/airflow/.local/lib/python3.7/site-packages/airflow/example_dags/tutorial.py
[2023-06-13T23:19:17.046+0000] {processor.py:826} INFO - Processing file /home/airflow/.local/lib/python3.7/site-packages/airflow/example_dags/tutorial.py for tasks to queue
[2023-06-13T23:19:17.048+0000] {logging_mixin.py:149} INFO - [2023-06-13T23:19:17.047+0000] {dagbag.py:541} INFO - Filling up the DagBag from /home/airflow/.local/lib/python3.7/site-packages/airflow/example_dags/tutorial.py
[2023-06-13T23:19:17.066+0000] {processor.py:836} INFO - DAG(s) dict_keys(['tutorial']) retrieved from /home/airflow/.local/lib/python3.7/site-packages/airflow/example_dags/tutorial.py
[2023-06-13T23:19:17.174+0000] {logging_mixin.py:149} INFO - [2023-06-13T23:19:17.174+0000] {dag.py:2726} INFO - Sync 1 DAGs
[2023-06-13T23:19:17.250+0000] {logging_mixin.py:149} INFO - [2023-06-13T23:19:17.249+0000] {dag.py:3490} INFO - Setting next_dagrun for tutorial to 2023-06-12T23:19:17.249078+00:00, run_after=2023-06-13T23:19:17.249078+00:00
[2023-06-13T23:19:17.326+0000] {processor.py:179} INFO - Processing /home/airflow/.local/lib/python3.7/site-packages/airflow/example_dags/tutorial.py took 0.289 seconds
[2023-06-13T23:19:47.843+0000] {processor.py:157} INFO - Started process (PID=12290) to work on /home/airflow/.local/lib/python3.7/site-packages/airflow/example_dags/tutorial.py
[2023-06-13T23:19:47.846+0000] {processor.py:826} INFO - Processing file /home/airflow/.local/lib/python3.7/site-packages/airflow/example_dags/tutorial.py for tasks to queue
[2023-06-13T23:19:47.849+0000] {logging_mixin.py:149} INFO - [2023-06-13T23:19:47.848+0000] {dagbag.py:541} INFO - Filling up the DagBag from /home/airflow/.local/lib/python3.7/site-packages/airflow/example_dags/tutorial.py
[2023-06-13T23:19:47.862+0000] {processor.py:836} INFO - DAG(s) dict_keys(['tutorial']) retrieved from /home/airflow/.local/lib/python3.7/site-packages/airflow/example_dags/tutorial.py
[2023-06-13T23:19:47.940+0000] {logging_mixin.py:149} INFO - [2023-06-13T23:19:47.940+0000] {dag.py:2726} INFO - Sync 1 DAGs
[2023-06-13T23:19:48.013+0000] {logging_mixin.py:149} INFO - [2023-06-13T23:19:48.011+0000] {dag.py:3490} INFO - Setting next_dagrun for tutorial to 2023-06-12T23:19:48.011172+00:00, run_after=2023-06-13T23:19:48.011172+00:00
[2023-06-13T23:19:48.081+0000] {processor.py:179} INFO - Processing /home/airflow/.local/lib/python3.7/site-packages/airflow/example_dags/tutorial.py took 0.245 seconds
[2023-06-13T23:20:18.189+0000] {processor.py:157} INFO - Started process (PID=12530) to work on /home/airflow/.local/lib/python3.7/site-packages/airflow/example_dags/tutorial.py
[2023-06-13T23:20:18.192+0000] {processor.py:826} INFO - Processing file /home/airflow/.local/lib/python3.7/site-packages/airflow/example_dags/tutorial.py for tasks to queue
[2023-06-13T23:20:18.194+0000] {logging_mixin.py:149} INFO - [2023-06-13T23:20:18.194+0000] {dagbag.py:541} INFO - Filling up the DagBag from /home/airflow/.local/lib/python3.7/site-packages/airflow/example_dags/tutorial.py
[2023-06-13T23:20:18.214+0000] {processor.py:836} INFO - DAG(s) dict_keys(['tutorial']) retrieved from /home/airflow/.local/lib/python3.7/site-packages/airflow/example_dags/tutorial.py
[2023-06-13T23:20:18.288+0000] {logging_mixin.py:149} INFO - [2023-06-13T23:20:18.287+0000] {dag.py:2726} INFO - Sync 1 DAGs
[2023-06-13T23:20:18.362+0000] {logging_mixin.py:149} INFO - [2023-06-13T23:20:18.361+0000] {dag.py:3490} INFO - Setting next_dagrun for tutorial to 2023-06-12T23:20:18.361339+00:00, run_after=2023-06-13T23:20:18.361339+00:00
[2023-06-13T23:20:18.433+0000] {processor.py:179} INFO - Processing /home/airflow/.local/lib/python3.7/site-packages/airflow/example_dags/tutorial.py took 0.252 seconds
[2023-06-13T23:20:49.085+0000] {processor.py:157} INFO - Started process (PID=12770) to work on /home/airflow/.local/lib/python3.7/site-packages/airflow/example_dags/tutorial.py
[2023-06-13T23:20:49.088+0000] {processor.py:826} INFO - Processing file /home/airflow/.local/lib/python3.7/site-packages/airflow/example_dags/tutorial.py for tasks to queue
[2023-06-13T23:20:49.090+0000] {logging_mixin.py:149} INFO - [2023-06-13T23:20:49.089+0000] {dagbag.py:541} INFO - Filling up the DagBag from /home/airflow/.local/lib/python3.7/site-packages/airflow/example_dags/tutorial.py
[2023-06-13T23:20:49.106+0000] {processor.py:836} INFO - DAG(s) dict_keys(['tutorial']) retrieved from /home/airflow/.local/lib/python3.7/site-packages/airflow/example_dags/tutorial.py
[2023-06-13T23:20:49.185+0000] {logging_mixin.py:149} INFO - [2023-06-13T23:20:49.184+0000] {dag.py:2726} INFO - Sync 1 DAGs
[2023-06-13T23:20:49.272+0000] {logging_mixin.py:149} INFO - [2023-06-13T23:20:49.272+0000] {dag.py:3490} INFO - Setting next_dagrun for tutorial to 2023-06-12T23:20:49.272205+00:00, run_after=2023-06-13T23:20:49.272205+00:00
[2023-06-13T23:20:49.351+0000] {processor.py:179} INFO - Processing /home/airflow/.local/lib/python3.7/site-packages/airflow/example_dags/tutorial.py took 0.274 seconds
[2023-06-13T23:21:19.638+0000] {processor.py:157} INFO - Started process (PID=13009) to work on /home/airflow/.local/lib/python3.7/site-packages/airflow/example_dags/tutorial.py
[2023-06-13T23:21:19.640+0000] {processor.py:826} INFO - Processing file /home/airflow/.local/lib/python3.7/site-packages/airflow/example_dags/tutorial.py for tasks to queue
[2023-06-13T23:21:19.645+0000] {logging_mixin.py:149} INFO - [2023-06-13T23:21:19.644+0000] {dagbag.py:541} INFO - Filling up the DagBag from /home/airflow/.local/lib/python3.7/site-packages/airflow/example_dags/tutorial.py
[2023-06-13T23:21:19.666+0000] {processor.py:836} INFO - DAG(s) dict_keys(['tutorial']) retrieved from /home/airflow/.local/lib/python3.7/site-packages/airflow/example_dags/tutorial.py
[2023-06-13T23:21:19.733+0000] {logging_mixin.py:149} INFO - [2023-06-13T23:21:19.732+0000] {dag.py:2726} INFO - Sync 1 DAGs
[2023-06-13T23:21:19.801+0000] {logging_mixin.py:149} INFO - [2023-06-13T23:21:19.800+0000] {dag.py:3490} INFO - Setting next_dagrun for tutorial to 2023-06-12T23:21:19.798997+00:00, run_after=2023-06-13T23:21:19.798997+00:00
[2023-06-13T23:21:19.876+0000] {processor.py:179} INFO - Processing /home/airflow/.local/lib/python3.7/site-packages/airflow/example_dags/tutorial.py took 0.243 seconds
[2023-06-13T23:21:50.215+0000] {processor.py:157} INFO - Started process (PID=13248) to work on /home/airflow/.local/lib/python3.7/site-packages/airflow/example_dags/tutorial.py
[2023-06-13T23:21:50.218+0000] {processor.py:826} INFO - Processing file /home/airflow/.local/lib/python3.7/site-packages/airflow/example_dags/tutorial.py for tasks to queue
[2023-06-13T23:21:50.225+0000] {logging_mixin.py:149} INFO - [2023-06-13T23:21:50.222+0000] {dagbag.py:541} INFO - Filling up the DagBag from /home/airflow/.local/lib/python3.7/site-packages/airflow/example_dags/tutorial.py
[2023-06-13T23:21:50.248+0000] {processor.py:836} INFO - DAG(s) dict_keys(['tutorial']) retrieved from /home/airflow/.local/lib/python3.7/site-packages/airflow/example_dags/tutorial.py
[2023-06-13T23:21:50.342+0000] {logging_mixin.py:149} INFO - [2023-06-13T23:21:50.342+0000] {dag.py:2726} INFO - Sync 1 DAGs
[2023-06-13T23:21:50.428+0000] {logging_mixin.py:149} INFO - [2023-06-13T23:21:50.427+0000] {dag.py:3490} INFO - Setting next_dagrun for tutorial to 2023-06-12T23:21:50.426697+00:00, run_after=2023-06-13T23:21:50.426697+00:00
[2023-06-13T23:21:50.507+0000] {processor.py:179} INFO - Processing /home/airflow/.local/lib/python3.7/site-packages/airflow/example_dags/tutorial.py took 0.301 seconds
[2023-06-13T23:22:21.020+0000] {processor.py:157} INFO - Started process (PID=13488) to work on /home/airflow/.local/lib/python3.7/site-packages/airflow/example_dags/tutorial.py
[2023-06-13T23:22:21.022+0000] {processor.py:826} INFO - Processing file /home/airflow/.local/lib/python3.7/site-packages/airflow/example_dags/tutorial.py for tasks to queue
[2023-06-13T23:22:21.023+0000] {logging_mixin.py:149} INFO - [2023-06-13T23:22:21.023+0000] {dagbag.py:541} INFO - Filling up the DagBag from /home/airflow/.local/lib/python3.7/site-packages/airflow/example_dags/tutorial.py
[2023-06-13T23:22:21.031+0000] {processor.py:836} INFO - DAG(s) dict_keys(['tutorial']) retrieved from /home/airflow/.local/lib/python3.7/site-packages/airflow/example_dags/tutorial.py
[2023-06-13T23:22:21.070+0000] {logging_mixin.py:149} INFO - [2023-06-13T23:22:21.070+0000] {dag.py:2726} INFO - Sync 1 DAGs
[2023-06-13T23:22:21.108+0000] {logging_mixin.py:149} INFO - [2023-06-13T23:22:21.107+0000] {dag.py:3490} INFO - Setting next_dagrun for tutorial to 2023-06-12T23:22:21.107374+00:00, run_after=2023-06-13T23:22:21.107374+00:00
[2023-06-13T23:22:21.148+0000] {processor.py:179} INFO - Processing /home/airflow/.local/lib/python3.7/site-packages/airflow/example_dags/tutorial.py took 0.133 seconds
[2023-06-13T23:22:53.451+0000] {processor.py:157} INFO - Started process (PID=13726) to work on /home/airflow/.local/lib/python3.7/site-packages/airflow/example_dags/tutorial.py
[2023-06-13T23:22:53.453+0000] {processor.py:826} INFO - Processing file /home/airflow/.local/lib/python3.7/site-packages/airflow/example_dags/tutorial.py for tasks to queue
[2023-06-13T23:22:53.454+0000] {logging_mixin.py:149} INFO - [2023-06-13T23:22:53.453+0000] {dagbag.py:541} INFO - Filling up the DagBag from /home/airflow/.local/lib/python3.7/site-packages/airflow/example_dags/tutorial.py
[2023-06-13T23:22:53.466+0000] {processor.py:836} INFO - DAG(s) dict_keys(['tutorial']) retrieved from /home/airflow/.local/lib/python3.7/site-packages/airflow/example_dags/tutorial.py
[2023-06-13T23:22:53.524+0000] {logging_mixin.py:149} INFO - [2023-06-13T23:22:53.524+0000] {dag.py:2726} INFO - Sync 1 DAGs
[2023-06-13T23:22:53.583+0000] {logging_mixin.py:149} INFO - [2023-06-13T23:22:53.583+0000] {dag.py:3490} INFO - Setting next_dagrun for tutorial to 2023-06-12T23:22:53.582990+00:00, run_after=2023-06-13T23:22:53.582990+00:00
[2023-06-13T23:22:53.633+0000] {processor.py:179} INFO - Processing /home/airflow/.local/lib/python3.7/site-packages/airflow/example_dags/tutorial.py took 0.186 seconds
[2023-06-13T23:23:23.838+0000] {processor.py:157} INFO - Started process (PID=13966) to work on /home/airflow/.local/lib/python3.7/site-packages/airflow/example_dags/tutorial.py
[2023-06-13T23:23:23.840+0000] {processor.py:826} INFO - Processing file /home/airflow/.local/lib/python3.7/site-packages/airflow/example_dags/tutorial.py for tasks to queue
[2023-06-13T23:23:23.841+0000] {logging_mixin.py:149} INFO - [2023-06-13T23:23:23.841+0000] {dagbag.py:541} INFO - Filling up the DagBag from /home/airflow/.local/lib/python3.7/site-packages/airflow/example_dags/tutorial.py
[2023-06-13T23:23:23.850+0000] {processor.py:836} INFO - DAG(s) dict_keys(['tutorial']) retrieved from /home/airflow/.local/lib/python3.7/site-packages/airflow/example_dags/tutorial.py
[2023-06-13T23:23:23.888+0000] {logging_mixin.py:149} INFO - [2023-06-13T23:23:23.888+0000] {dag.py:2726} INFO - Sync 1 DAGs
[2023-06-13T23:23:23.928+0000] {logging_mixin.py:149} INFO - [2023-06-13T23:23:23.928+0000] {dag.py:3490} INFO - Setting next_dagrun for tutorial to 2023-06-12T23:23:23.928014+00:00, run_after=2023-06-13T23:23:23.928014+00:00
[2023-06-13T23:23:23.975+0000] {processor.py:179} INFO - Processing /home/airflow/.local/lib/python3.7/site-packages/airflow/example_dags/tutorial.py took 0.144 seconds
[2023-06-13T23:23:54.391+0000] {processor.py:157} INFO - Started process (PID=14206) to work on /home/airflow/.local/lib/python3.7/site-packages/airflow/example_dags/tutorial.py
[2023-06-13T23:23:54.392+0000] {processor.py:826} INFO - Processing file /home/airflow/.local/lib/python3.7/site-packages/airflow/example_dags/tutorial.py for tasks to queue
[2023-06-13T23:23:54.393+0000] {logging_mixin.py:149} INFO - [2023-06-13T23:23:54.393+0000] {dagbag.py:541} INFO - Filling up the DagBag from /home/airflow/.local/lib/python3.7/site-packages/airflow/example_dags/tutorial.py
[2023-06-13T23:23:54.403+0000] {processor.py:836} INFO - DAG(s) dict_keys(['tutorial']) retrieved from /home/airflow/.local/lib/python3.7/site-packages/airflow/example_dags/tutorial.py
[2023-06-13T23:23:54.447+0000] {logging_mixin.py:149} INFO - [2023-06-13T23:23:54.446+0000] {dag.py:2726} INFO - Sync 1 DAGs
[2023-06-13T23:23:54.490+0000] {logging_mixin.py:149} INFO - [2023-06-13T23:23:54.490+0000] {dag.py:3490} INFO - Setting next_dagrun for tutorial to 2023-06-12T23:23:54.490467+00:00, run_after=2023-06-13T23:23:54.490467+00:00
[2023-06-13T23:23:54.534+0000] {processor.py:179} INFO - Processing /home/airflow/.local/lib/python3.7/site-packages/airflow/example_dags/tutorial.py took 0.150 seconds
[2023-06-13T23:24:24.623+0000] {processor.py:157} INFO - Started process (PID=14446) to work on /home/airflow/.local/lib/python3.7/site-packages/airflow/example_dags/tutorial.py
[2023-06-13T23:24:24.626+0000] {processor.py:826} INFO - Processing file /home/airflow/.local/lib/python3.7/site-packages/airflow/example_dags/tutorial.py for tasks to queue
[2023-06-13T23:24:24.628+0000] {logging_mixin.py:149} INFO - [2023-06-13T23:24:24.627+0000] {dagbag.py:541} INFO - Filling up the DagBag from /home/airflow/.local/lib/python3.7/site-packages/airflow/example_dags/tutorial.py
[2023-06-13T23:24:24.641+0000] {processor.py:836} INFO - DAG(s) dict_keys(['tutorial']) retrieved from /home/airflow/.local/lib/python3.7/site-packages/airflow/example_dags/tutorial.py
[2023-06-13T23:24:24.707+0000] {logging_mixin.py:149} INFO - [2023-06-13T23:24:24.706+0000] {dag.py:2726} INFO - Sync 1 DAGs
[2023-06-13T23:24:24.770+0000] {logging_mixin.py:149} INFO - [2023-06-13T23:24:24.770+0000] {dag.py:3490} INFO - Setting next_dagrun for tutorial to 2023-06-12T23:24:24.769572+00:00, run_after=2023-06-13T23:24:24.769572+00:00
[2023-06-13T23:24:24.821+0000] {processor.py:179} INFO - Processing /home/airflow/.local/lib/python3.7/site-packages/airflow/example_dags/tutorial.py took 0.205 seconds
[2023-06-13T23:24:55.082+0000] {processor.py:157} INFO - Started process (PID=14686) to work on /home/airflow/.local/lib/python3.7/site-packages/airflow/example_dags/tutorial.py
[2023-06-13T23:24:55.083+0000] {processor.py:826} INFO - Processing file /home/airflow/.local/lib/python3.7/site-packages/airflow/example_dags/tutorial.py for tasks to queue
[2023-06-13T23:24:55.084+0000] {logging_mixin.py:149} INFO - [2023-06-13T23:24:55.084+0000] {dagbag.py:541} INFO - Filling up the DagBag from /home/airflow/.local/lib/python3.7/site-packages/airflow/example_dags/tutorial.py
[2023-06-13T23:24:55.095+0000] {processor.py:836} INFO - DAG(s) dict_keys(['tutorial']) retrieved from /home/airflow/.local/lib/python3.7/site-packages/airflow/example_dags/tutorial.py
[2023-06-13T23:24:55.154+0000] {logging_mixin.py:149} INFO - [2023-06-13T23:24:55.154+0000] {dag.py:2726} INFO - Sync 1 DAGs
[2023-06-13T23:24:55.209+0000] {logging_mixin.py:149} INFO - [2023-06-13T23:24:55.208+0000] {dag.py:3490} INFO - Setting next_dagrun for tutorial to 2023-06-12T23:24:55.208491+00:00, run_after=2023-06-13T23:24:55.208491+00:00
[2023-06-13T23:24:55.265+0000] {processor.py:179} INFO - Processing /home/airflow/.local/lib/python3.7/site-packages/airflow/example_dags/tutorial.py took 0.188 seconds
[2023-06-13T23:25:25.488+0000] {processor.py:157} INFO - Started process (PID=14926) to work on /home/airflow/.local/lib/python3.7/site-packages/airflow/example_dags/tutorial.py
[2023-06-13T23:25:25.491+0000] {processor.py:826} INFO - Processing file /home/airflow/.local/lib/python3.7/site-packages/airflow/example_dags/tutorial.py for tasks to queue
[2023-06-13T23:25:25.493+0000] {logging_mixin.py:149} INFO - [2023-06-13T23:25:25.492+0000] {dagbag.py:541} INFO - Filling up the DagBag from /home/airflow/.local/lib/python3.7/site-packages/airflow/example_dags/tutorial.py
[2023-06-13T23:25:25.503+0000] {processor.py:836} INFO - DAG(s) dict_keys(['tutorial']) retrieved from /home/airflow/.local/lib/python3.7/site-packages/airflow/example_dags/tutorial.py
[2023-06-13T23:25:25.562+0000] {logging_mixin.py:149} INFO - [2023-06-13T23:25:25.562+0000] {dag.py:2726} INFO - Sync 1 DAGs
[2023-06-13T23:25:25.613+0000] {logging_mixin.py:149} INFO - [2023-06-13T23:25:25.612+0000] {dag.py:3490} INFO - Setting next_dagrun for tutorial to 2023-06-12T23:25:25.612453+00:00, run_after=2023-06-13T23:25:25.612453+00:00
[2023-06-13T23:25:25.667+0000] {processor.py:179} INFO - Processing /home/airflow/.local/lib/python3.7/site-packages/airflow/example_dags/tutorial.py took 0.185 seconds
